GO:0044403	0.00041
GO:0071705	0.00046
GO:0045184	0.00051
GO:0015833	0.00056
GO:0072657	0.00059
GO:0045840	0.00063
GO:0042886	0.00071
GO:0072594	0.00105
GO:0015031	0.00107
GO:0006612	0.00110
GO:0000291	0.00112
GO:0061077	0.00112
GO:0006402	0.00114
GO:0006605	0.00121
GO:0045842	0.00133
GO:1901970	0.00133
GO:0006352	0.00134
GO:0006401	0.00140
GO:0016071	0.00143
GO:0002833	0.00144
GO:0006620	0.00145
GO:0062033	0.00149
GO:0051785	0.00165
GO:0051084	0.00169
GO:0071702	0.00179
GO:0072599	0.00182
GO:0016246	0.00183
GO:0043433	0.00183
GO:0034427	0.00194
GO:0034661	0.00194
GO:0044419	0.00198
GO:0000041	0.00201
GO:0051817	0.00201
GO:1902101	0.00229
GO:1905820	0.00229
GO:0090150	0.00231
GO:0032720	0.00241
GO:0035268	0.00241
GO:0035269	0.00241
GO:0071577	0.00241
GO:0071816	0.00241
GO:1901562	0.00241
GO:1903556	0.00241
GO:0006810	0.00299
GO:0051234	0.00307
GO:0007568	0.00308
GO:0035821	0.00312
GO:0045047	0.00319
GO:0043488	0.00319
GO:1901992	0.00337
GO:0001112	0.00339
GO:0001120	0.00339
GO:0000956	0.00341
GO:0006839	0.00351
GO:0016032	0.00352
GO:0006367	0.00386
GO:0070201	0.00393
GO:0090087	0.00393
GO:0050896	0.00394
GO:0070972	0.00409
GO:0042026	0.00424
GO:0052167	0.00424
GO:0052306	0.00424
GO:0052552	0.00424
GO:0052553	0.00424
GO:0071028	0.00424
GO:0016075	0.00435
GO:0031647	0.00499
GO:0051223	0.00508
GO:0000184	0.00513
GO:0044772	0.00533
GO:0032101	0.00536
GO:0045931	0.00536
GO:0015931	0.00553
GO:0044770	0.00562
GO:0090503	0.00568
GO:0061013	0.00580
GO:0034367	0.00604
GO:0006886	0.00641
GO:1901989	0.00642
GO:0052564	0.00658
GO:0052572	0.00658
GO:0071025	0.00658
GO:0071027	0.00658
GO:0008340	0.00690
GO:0043487	0.00706
GO:0051090	0.00706
GO:0098662	0.00741
GO:0043624	0.00783
GO:0001113	0.00805
GO:0051085	0.00805
GO:0055085	0.00812
GO:0016073	0.00855
GO:0051984	0.00864
GO:0043902	0.00865
GO:0006449	0.00868
GO:0006829	0.00868
GO:0010216	0.00868
GO:0015985	0.00868
GO:0015986	0.00868
GO:0031086	0.00868
GO:0031087	0.00868
GO:0044396	0.00868
GO:0071031	0.00868
GO:0071034	0.00868
GO:0071043	0.00868
GO:1990641	0.00868
GO:0010259	0.00913
GO:0050776	0.00938
GO:0065007	0.00961
GO:0032640	0.00986
GO:0032680	0.00986
GO:0045835	0.00986
GO:0052166	0.00986
GO:0052305	0.00986
GO:0052555	0.00986
GO:0052556	0.00986
GO:0071706	0.00986
GO:1903555	0.00986
GO:0070646	0.01045
GO:0051783	0.01067
GO:0033044	0.01080
GO:0031032	0.01096
GO:0044003	0.01120
GO:0051179	0.01168
GO:0006458	0.01209
GO:0009648	0.01209
GO:0009751	0.01209
GO:0050777	0.01209
GO:0032984	0.01301
GO:0032103	0.01335
GO:0007346	0.01362
GO:0034655	0.01381
GO:0006109	0.01385
GO:0060260	0.01387
GO:0070651	0.01387
GO:0009057	0.01394
GO:0098655	0.01433
GO:0009408	0.01440
GO:0000290	0.01441
GO:0016109	0.01441
GO:0016117	0.01441
GO:0031204	0.01441
GO:0031347	0.01459
GO:0051781	0.01460
GO:0009756	0.01507
GO:0010182	0.01507
GO:0042098	0.01507
GO:0044271	0.01541
GO:0006812	0.01550
GO:0035194	0.01552
GO:0016579	0.01562
GO:0062012	0.01593
GO:0052031	0.01609
GO:0052255	0.01609
GO:0007051	0.01690
GO:0051704	0.01692
GO:0017148	0.01696
GO:0043928	0.01708
GO:0031329	0.01715
GO:0010229	0.01802
GO:0031919	0.01802
GO:0031921	0.01802
GO:0032769	0.01802
GO:0036246	0.01802
GO:0036249	0.01802
GO:0042776	0.01802
GO:0051001	0.01802
GO:0070231	0.01802
GO:0071049	0.01802
GO:0071493	0.01802
GO:0071993	0.01802
GO:0071994	0.01802
GO:0071995	0.01802
GO:0071996	0.01802
GO:0072658	0.01802
GO:0072660	0.01802
GO:0090200	0.01802
GO:0090233	0.01802
GO:0097050	0.01802
GO:1900490	0.01802
GO:1901535	0.01802
GO:1901537	0.01802
GO:1902426	0.01802
GO:1903066	0.01802
GO:1990540	0.01802
GO:2000674	0.01802
GO:2000676	0.01802
GO:2001215	0.01802
GO:0000288	0.01839
GO:0045088	0.01860
GO:0070478	0.01906
GO:2000142	0.01906
GO:1901576	0.01916
GO:0050708	0.01954
GO:0032088	0.01954
GO:0032239	0.01954
GO:0046831	0.01954
GO:0070306	0.01954
GO:1902626	0.01954
GO:0006368	0.01960
GO:1903311	0.01960
GO:0002376	0.01971
GO:0046907	0.02053
GO:0052173	0.02095
GO:0052200	0.02095
GO:0075136	0.02095
GO:0044270	0.02095
GO:0006289	0.02109
GO:0050727	0.02151
GO:0002791	0.02164
GO:0051225	0.02164
GO:0044265	0.02167
GO:0043933	0.02177
GO:0042304	0.02185
GO:0044107	0.02185
GO:0060261	0.02185
GO:2000144	0.02185
GO:0065008	0.02254
GO:0098660	0.02304
GO:0050821	0.02320
GO:1990542	0.02320
GO:0009863	0.02323
GO:0009867	0.02323
GO:0009988	0.02323
GO:0035036	0.02323
GO:0071051	0.02323
GO:0097501	0.02323
GO:0016441	0.02331
GO:0017038	0.02422
GO:0044843	0.02458
GO:0034249	0.02465
GO:0009892	0.02543
GO:1902850	0.02560
GO:0006415	0.02669
GO:0046822	0.02669
GO:0051726	0.02693
GO:0031047	0.02693
GO:1901990	0.02708
GO:0050657	0.02729
GO:0050658	0.02729
GO:0065002	0.02732
GO:1902600	0.02732
GO:0022411	0.02743
GO:0010605	0.02836
GO:0051649	0.02897
GO:0051306	0.02907
GO:0006366	0.02915
GO:0019827	0.02932
GO:0007088	0.02977
GO:0006457	0.03030
GO:0046825	0.03033
GO:0060236	0.03033
GO:0090224	0.03033
GO:0090605	0.03033
GO:0090609	0.03033
GO:2000027	0.03033
GO:0000082	0.03035
GO:0051236	0.03035
GO:0008104	0.03044
GO:0042255	0.03095
GO:0007283	0.03112
GO:0009894	0.03129
GO:0009416	0.03160
GO:0010629	0.03183
GO:0006283	0.03196
GO:0071806	0.03196
GO:1904951	0.03209
GO:0034220	0.03247
GO:0031348	0.03269
GO:0043604	0.03279
GO:0006370	0.03309
GO:0009452	0.03309
GO:0052509	0.03309
GO:0052510	0.03309
GO:0007029	0.03352
GO:0043628	0.03352
GO:0009059	0.03358
GO:2000058	0.03366
GO:0007052	0.03394
GO:0051222	0.03394
GO:0009058	0.03407
GO:0030866	0.03459
GO:0044182	0.03459
GO:0098727	0.03459
GO:0006403	0.03462
GO:0006696	0.03469
GO:0008204	0.03469
GO:0009240	0.03469
GO:0010466	0.03469
GO:0010951	0.03469
GO:0016108	0.03469
GO:0016116	0.03469
GO:0030437	0.03469
GO:0036523	0.03469
GO:0044033	0.03469
GO:0044035	0.03469
GO:0044108	0.03469
GO:0046490	0.03469
GO:0046834	0.03469
GO:0052002	0.03469
GO:0052006	0.03469
GO:0052013	0.03469
GO:0052014	0.03469
GO:0052032	0.03469
GO:0052174	0.03469
GO:0052214	0.03469
GO:0052227	0.03469
GO:0052228	0.03469
GO:0052229	0.03469
GO:0052256	0.03469
GO:0052361	0.03469
GO:0052363	0.03469
GO:0052418	0.03469
GO:0071395	0.03469
GO:0000022	0.03523
GO:0002088	0.03523
GO:0002709	0.03523
GO:0006828	0.03523
GO:0016119	0.03523
GO:0016120	0.03523
GO:0031291	0.03523
GO:0033077	0.03523
GO:0033539	0.03523
GO:0036099	0.03523
GO:0043708	0.03523
GO:0043709	0.03523
GO:0045048	0.03523
GO:0046246	0.03523
GO:0046329	0.03523
GO:0050690	0.03523
GO:0061014	0.03523
GO:0071044	0.03523
GO:0071421	0.03523
GO:1900187	0.03523
GO:1900189	0.03523
GO:0052548	0.03538
GO:1901987	0.03558
GO:0006955	0.03576
GO:0019439	0.03576
GO:0046700	0.03576
GO:0043043	0.03612
GO:0002684	0.03688
GO:0002252	0.03691
GO:0031349	0.03704
GO:0090307	0.03717
GO:0033047	0.03740
GO:0032880	0.03779
GO:0006631	0.03928
GO:0019882	0.03953
GO:1903050	0.03996
GO:1903362	0.03996
GO:0010558	0.04019
GO:0031334	0.04025
GO:0051701	0.04025
GO:0042710	0.04062
GO:0044010	0.04062
GO:0045824	0.04062
GO:0050707	0.04062
GO:0002699	0.04137
GO:0051983	0.04147
GO:0000028	0.04209
GO:0007159	0.04209
GO:0036260	0.04209
GO:0006412	0.04277
GO:0006986	0.04285
GO:0000278	0.04349
GO:0010565	0.04391
GO:2001252	0.04521
GO:0001817	0.04558
GO:0032434	0.04620
GO:0033045	0.04620
GO:0006405	0.04647
GO:0043281	0.04702
GO:0034613	0.04726
GO:0008299	0.04728
GO:0042110	0.04728
GO:0051130	0.04764
GO:0009056	0.04863
GO:0030162	0.04867
GO:0000060	0.04887
GO:0001909	0.04887
GO:0006407	0.04887
GO:0019673	0.04887
GO:0046631	0.04887
GO:0051029	0.04887
GO:0051205	0.04887
GO:0070125	0.04887
GO:0000147	0.04923
GO:0002188	0.04923
GO:0002710	0.04923
GO:0002725	0.04923
GO:0002820	0.04923
GO:0002823	0.04923
GO:0006882	0.04923
GO:0010045	0.04923
GO:0010793	0.04923
GO:0019626	0.04923
GO:0031536	0.04923
GO:0032612	0.04923
GO:0032652	0.04923
GO:0034428	0.04923
GO:0034775	0.04923
GO:0035443	0.04923
GO:0035616	0.04923
GO:0035767	0.04923
GO:0036353	0.04923
GO:0036499	0.04923
GO:0042780	0.04923
GO:0043029	0.04923
GO:0046636	0.04923
GO:0046666	0.04923
GO:0046667	0.04923
GO:0050779	0.04923
GO:0051127	0.04923
GO:0051598	0.04923
GO:0055069	0.04923
GO:0061157	0.04923
GO:0070227	0.04923
GO:0070791	0.04923
GO:0071033	0.04923
GO:0071786	0.04923
GO:1901888	0.04923
GO:1901889	0.04923
GO:1903077	0.04923
GO:1903335	0.04923
GO:1904376	0.04923
GO:1905476	0.04923
GO:1990151	0.04923
GO:2000197	0.04923
GO:2000601	0.04923
