GO:0000350	0.00034
GO:0000393	0.00053
GO:0006047	0.00120
GO:0007179	0.00142
GO:0018108	0.00145
GO:0018212	0.00145
GO:0090287	0.00195
GO:0002283	0.00246
GO:0002446	0.00246
GO:0036230	0.00246
GO:0042119	0.00246
GO:0043312	0.00246
GO:0042221	0.00255
GO:0043299	0.00308
GO:0070534	0.00315
GO:0019538	0.00343
GO:1901264	0.00366
GO:0035329	0.00366
GO:0035330	0.00366
GO:0035331	0.00366
GO:0046037	0.00366
GO:0046710	0.00366
GO:0006887	0.00369
GO:0021953	0.00386
GO:0010033	0.00403
GO:0002275	0.00412
GO:0002444	0.00412
GO:0006914	0.00459
GO:0044257	0.00493
GO:0051603	0.00519
GO:0002274	0.00525
GO:0061097	0.00684
GO:0043038	0.00704
GO:0043039	0.00704
GO:0043405	0.00704
GO:0009266	0.00810
GO:0050730	0.00867
GO:0061919	0.00886
GO:0043161	0.00901
GO:0043171	0.00917
GO:0050732	0.00917
GO:0017015	0.00925
GO:1903844	0.00925
GO:0006418	0.00977
GO:0044267	0.00989
GO:0040013	0.01102
GO:0019941	0.01149
GO:0043632	0.01161
GO:0007176	0.01197
GO:1902041	0.01197
GO:1902042	0.01197
GO:0030163	0.01283
GO:0006508	0.01283
GO:0006040	0.01296
GO:0090092	0.01299
GO:1902969	0.01333
GO:0006511	0.01375
GO:0044265	0.01419
GO:0002443	0.01419
GO:0033674	0.01427
GO:0007175	0.01471
GO:0031150	0.01471
GO:0044058	0.01471
GO:0044381	0.01471
GO:0061099	0.01471
GO:0000389	0.01491
GO:0006058	0.01491
GO:0006438	0.01491
GO:0010826	0.01491
GO:0015677	0.01491
GO:0016048	0.01491
GO:0016080	0.01491
GO:0021517	0.01491
GO:0021522	0.01491
GO:0031001	0.01491
GO:0033158	0.01491
GO:0046606	0.01491
GO:1901261	0.01491
GO:1903463	0.01491
GO:1904289	0.01491
GO:1904290	0.01491
GO:2000002	0.01491
GO:2001238	0.01491
GO:0008104	0.01523
GO:0010498	0.01606
GO:0032869	0.01610
GO:0043408	0.01610
GO:0009817	0.01731
GO:0051347	0.01776
GO:0007588	0.01818
GO:0008625	0.01818
GO:0031062	0.01818
GO:0051055	0.01818
GO:0031060	0.01830
GO:0071559	0.01830
GO:0071560	0.01830
GO:0045860	0.01866
GO:0009814	0.01868
GO:0051788	0.01868
GO:0045055	0.01870
GO:0006303	0.01886
GO:0007062	0.01910
GO:0006399	0.02065
GO:0071310	0.02188
GO:0008637	0.02220
GO:0030104	0.02220
GO:0030336	0.02220
GO:0051271	0.02220
GO:2000146	0.02220
GO:0009908	0.02227
GO:0098662	0.02416
GO:0006515	0.02426
GO:0000187	0.02460
GO:0040024	0.02460
GO:0048438	0.02460
GO:0050770	0.02460
GO:0031401	0.02469
GO:0046903	0.02485
GO:0006265	0.02549
GO:0030516	0.02549
GO:0044671	0.02549
GO:0048443	0.02549
GO:0048466	0.02549
GO:0048837	0.02549
GO:0044248	0.02555
GO:1903900	0.02581
GO:0043406	0.02632
GO:0051179	0.02661
GO:0033260	0.02689
GO:0009057	0.02710
GO:0002366	0.02733
GO:0090567	0.02843
GO:0009894	0.02927
GO:0032940	0.02945
GO:0000478	0.03000
GO:0032147	0.03000
GO:0032868	0.03075
GO:0007124	0.03180
GO:0009926	0.03180
GO:0042059	0.03180
GO:0043392	0.03180
GO:1901185	0.03180
GO:1901564	0.03207
GO:0002263	0.03210
GO:0033036	0.03268
GO:0048522	0.03320
GO:0006283	0.03362
GO:0071902	0.03362
GO:1901565	0.03409
GO:0070887	0.03418
GO:0006638	0.03445
GO:0006639	0.03445
GO:0071218	0.03445
GO:0006479	0.03453
GO:0008213	0.03453
GO:0048532	0.03516
GO:0006048	0.03556
GO:0006825	0.03556
GO:0007603	0.03556
GO:0010208	0.03556
GO:0010584	0.03556
GO:0016056	0.03556
GO:0031938	0.03556
GO:0045445	0.03556
GO:0046349	0.03556
GO:0050891	0.03556
GO:1901070	0.03556
GO:0031154	0.03567
GO:0017157	0.03658
GO:0043248	0.03658
GO:0010016	0.03667
GO:0031329	0.03689
GO:0043903	0.03801
GO:0009628	0.03940
GO:0019058	0.04089
GO:0031399	0.04270
GO:0043170	0.04303
GO:0000165	0.04307
GO:0071375	0.04307
GO:0071900	0.04345
GO:1901653	0.04345
GO:0048367	0.04348
GO:0009056	0.04506
GO:0070838	0.04548
GO:0072511	0.04548
GO:0032873	0.04590
GO:0070303	0.04590
GO:0097734	0.04590
GO:0140112	0.04590
GO:1990182	0.04590
GO:0048580	0.04639
GO:0051046	0.04658
GO:0035966	0.04681
GO:0009651	0.04698
GO:1902410	0.04722
GO:0071417	0.04799
GO:0001881	0.04864
GO:0006108	0.04864
GO:0009847	0.04864
GO:0009902	0.04864
GO:0009903	0.04864
GO:0015940	0.04864
GO:0019750	0.04864
GO:0021515	0.04864
GO:0031149	0.04864
GO:0045466	0.04864
GO:0046621	0.04864
GO:0048653	0.04864
GO:0051176	0.04864
GO:0051644	0.04864
GO:0051667	0.04864
GO:0071494	0.04864
GO:1902298	0.04864
GO:1990426	0.04864
GO:1990505	0.04864
GO:2000070	0.04864
GO:0051606	0.04895
