GO:0001196	8.4e-05
GO:0001198	8.4e-05
GO:0007532	8.4e-05
GO:0045894	8.4e-05
GO:0072364	8.4e-05
GO:0100070	8.4e-05
GO:2000531	8.4e-05
GO:2000217	0.00015
GO:0070784	0.00033
GO:0001403	0.00042
GO:0000430	0.00045
GO:0000433	0.00045
GO:0035950	0.00045
GO:0035952	0.00045
GO:0035953	0.00045
GO:0035955	0.00045
GO:0042938	0.00045
GO:0045013	0.00045
GO:0045014	0.00045
GO:0061984	0.00045
GO:0061985	0.00045
GO:0061986	0.00045
GO:0061987	0.00045
GO:0090088	0.00045
GO:0090089	0.00045
GO:2000877	0.00045
GO:2000879	0.00045
GO:0045944	0.00049
GO:0000429	0.00066
GO:0045990	0.00066
GO:0036267	0.00079
GO:0046015	0.00094
GO:0045893	0.00098
GO:0030447	0.00103
GO:0043486	0.00113
GO:1903508	0.00132
GO:0070783	0.00134
GO:1900428	0.00134
GO:1902680	0.00137
GO:0010570	0.00157
GO:0016584	0.00166
GO:0042304	0.00213
GO:0000282	0.00250
GO:0002949	0.00250
GO:0010557	0.00260
GO:0051254	0.00263
GO:0043044	0.00314
GO:0006857	0.00329
GO:0035065	0.00329
GO:0031328	0.00429
GO:1901983	0.00477
GO:2000756	0.00477
GO:0009891	0.00533
GO:0010628	0.00562
GO:0006357	0.00572
GO:0010269	0.00608
GO:0055093	0.00608
GO:0034728	0.00613
GO:0042554	0.00660
GO:0018996	0.00765
GO:0007595	0.00840
GO:0035066	0.00840
GO:0035722	0.00840
GO:0070671	0.00840
GO:0071349	0.00840
GO:0042743	0.00896
GO:0044182	0.00896
GO:0045935	0.00910
GO:0006355	0.00978
GO:0007584	0.00997
GO:0007021	0.01105
GO:0007289	0.01105
GO:1901985	0.01105
GO:2000758	0.01105
GO:1903506	0.01118
GO:0007531	0.01137
GO:2001141	0.01142
GO:0006325	0.01189
GO:0031058	0.01281
GO:0045892	0.01294
GO:0000305	0.01402
GO:1902679	0.01429
GO:1903507	0.01429
GO:0031670	0.01434
GO:2000113	0.01448
GO:0019217	0.01597
GO:0007286	0.01685
GO:0031056	0.01685
GO:0007589	0.01729
GO:0036296	0.01729
GO:0010558	0.01748
GO:0006801	0.01770
GO:0022404	0.01770
GO:1901796	0.01770
GO:0048515	0.01806
GO:0006366	0.02012
GO:0051252	0.02040
GO:0002052	0.02084
GO:0003032	0.02084
GO:0003068	0.02084
GO:0003069	0.02084
GO:0003070	0.02084
GO:0003085	0.02084
GO:0003299	0.02084
GO:0006925	0.02084
GO:0007439	0.02084
GO:0009660	0.02084
GO:0010227	0.02084
GO:0014010	0.02084
GO:0014834	0.02084
GO:0014887	0.02084
GO:0014898	0.02084
GO:0030857	0.02084
GO:0034021	0.02084
GO:0035523	0.02084
GO:0036333	0.02084
GO:0038001	0.02084
GO:0039536	0.02084
GO:0042000	0.02084
GO:0042395	0.02084
GO:0044053	0.02084
GO:0044154	0.02084
GO:0044417	0.02084
GO:0044656	0.02084
GO:0045605	0.02084
GO:0045683	0.02084
GO:0048611	0.02084
GO:0048773	0.02084
GO:0051808	0.02084
GO:0051836	0.02084
GO:0060215	0.02084
GO:0070276	0.02084
GO:0070314	0.02084
GO:0071440	0.02084
GO:0071442	0.02084
GO:0071888	0.02084
GO:0072670	0.02084
GO:0090677	0.02084
GO:0090679	0.02084
GO:1900241	0.02084
GO:1900756	0.02084
GO:1902616	0.02084
GO:1904772	0.02084
GO:1905420	0.02084
GO:1905915	0.02084
GO:1905917	0.02084
GO:1905930	0.02084
GO:1905932	0.02084
GO:1990167	0.02084
GO:1990168	0.02084
GO:1990575	0.02084
GO:2000109	0.02084
GO:0021549	0.02084
GO:0022037	0.02084
GO:0034243	0.02147
GO:0050665	0.02147
GO:2000134	0.02147
GO:0016482	0.02210
GO:1902807	0.02351
GO:0006338	0.02437
GO:0000266	0.02468
GO:0070525	0.02468
GO:1902692	0.02468
GO:2000112	0.02490
GO:0098869	0.02496
GO:0031327	0.02548
GO:1905269	0.02565
GO:0042147	0.02650
GO:0051253	0.02683
GO:0009890	0.02736
GO:0007530	0.02789
GO:0032784	0.02789
GO:0019221	0.02810
GO:0031497	0.02810
GO:0048678	0.02878
GO:0051147	0.02878
GO:0019219	0.02933
GO:0071840	0.03133
GO:0030587	0.03210
GO:0090702	0.03210
GO:0099120	0.03210
GO:0010556	0.03226
GO:0016043	0.03232
GO:0030010	0.03267
GO:0030902	0.03313
GO:0032456	0.03313
GO:2000177	0.03313
GO:1902806	0.03325
GO:0006351	0.03340
GO:0006323	0.03353
GO:0097659	0.03638
GO:0030448	0.03772
GO:0030879	0.03772
GO:0043433	0.03772
GO:0010565	0.03786
GO:0018958	0.03786
GO:0042335	0.03786
GO:0051173	0.03936
GO:0000082	0.03961
GO:0031325	0.04012
GO:0017000	0.04060
GO:0040007	0.04082
GO:0032774	0.04089
GO:0001315	0.04125
GO:0003373	0.04125
GO:0003374	0.04125
GO:0006550	0.04125
GO:0006844	0.04125
GO:0009099	0.04125
GO:0009590	0.04125
GO:0009959	0.04125
GO:0010376	0.04125
GO:0010668	0.04125
GO:0010718	0.04125
GO:0033028	0.04125
GO:0033032	0.04125
GO:0035092	0.04125
GO:0035871	0.04125
GO:0035983	0.04125
GO:0035984	0.04125
GO:0039532	0.04125
GO:0039535	0.04125
GO:0042873	0.04125
GO:0043157	0.04125
GO:0043403	0.04125
GO:0045599	0.04125
GO:0048387	0.04125
GO:0051152	0.04125
GO:0051684	0.04125
GO:0070995	0.04125
GO:0071280	0.04125
GO:0071455	0.04125
GO:0090148	0.04125
GO:0090383	0.04125
GO:0097339	0.04125
GO:0098532	0.04125
GO:0101030	0.04125
GO:1900866	0.04125
GO:1901975	0.04125
GO:1901999	0.04125
GO:1902000	0.04125
GO:1902022	0.04125
GO:1902176	0.04125
GO:1903401	0.04125
GO:1903650	0.04125
GO:1904810	0.04125
GO:1905065	0.04125
GO:2000037	0.04125
GO:2000179	0.04125
GO:2000617	0.04125
GO:0045934	0.04158
GO:0061647	0.04254
GO:0072091	0.04254
GO:0008283	0.04541
GO:0044843	0.04633
GO:0042303	0.04637
GO:0006590	0.04758
GO:0008365	0.04758
GO:0018149	0.04758
GO:0042403	0.04758
GO:0048066	0.04941
GO:0000122	0.04993
