GO.ID	Term	Annotated	Significant	Expected	classic
GO:0000350	generation of catalytic spliceosome for ...	8	7	1.97	0.00034
GO:0000393	spliceosomal conformational changes to g...	17	11	4.19	0.00053
GO:0006047	UDP-N-acetylglucosamine metabolic proces...	9	7	2.22	0.00120
GO:0007179	transforming growth factor beta receptor...	16	10	3.94	0.00142
GO:0018108	peptidyl-tyrosine phosphorylation	29	15	7.14	0.00145
GO:0018212	peptidyl-tyrosine modification	29	15	7.14	0.00145
GO:0090287	regulation of cellular response to growt...	19	11	4.68	0.00195
GO:0002283	neutrophil activation involved in immune...	63	26	15.52	0.00246
GO:0002446	neutrophil mediated immunity	63	26	15.52	0.00246
GO:0036230	granulocyte activation	63	26	15.52	0.00246
GO:0042119	neutrophil activation	63	26	15.52	0.00246
GO:0043312	neutrophil degranulation	63	26	15.52	0.00246
GO:0042221	response to chemical	1068	296	263.1	0.00255
GO:0043299	leukocyte degranulation	67	27	16.51	0.00308
GO:0070534	protein K63-linked ubiquitination	10	7	2.46	0.00315
GO:0019538	protein metabolic process	1299	353	320	0.00343
GO:1901264	carbohydrate derivative transport	37	17	9.11	0.00366
GO:0035329	hippo signaling	4	4	0.99	0.00366
GO:0035330	regulation of hippo signaling	4	4	0.99	0.00366
GO:0035331	negative regulation of hippo signaling	4	4	0.99	0.00366
GO:0046037	GMP metabolic process	4	4	0.99	0.00366
GO:0046710	GDP metabolic process	4	4	0.99	0.00366
GO:0006887	exocytosis	117	42	28.82	0.00369
GO:0021953	central nervous system neuron differenti...	8	6	1.97	0.00386
GO:0010033	response to organic substance	708	202	174.41	0.00403
GO:0002275	myeloid cell activation involved in immu...	65	26	16.01	0.00412
GO:0002444	myeloid leukocyte mediated immunity	65	26	16.01	0.00412
GO:0006914	autophagy	184	61	45.33	0.00459
GO:0044257	cellular protein catabolic process	256	81	63.06	0.00493
GO:0051603	proteolysis involved in cellular protein...	242	77	59.62	0.00519
GO:0002274	myeloid leukocyte activation	66	26	16.26	0.00525
GO:0061097	regulation of protein tyrosine kinase ac...	11	7	2.71	0.00684
GO:0043038	amino acid activation	33	15	8.13	0.00704
GO:0043039	tRNA aminoacylation	33	15	8.13	0.00704
GO:0043405	regulation of MAP kinase activity	33	15	8.13	0.00704
GO:0009266	response to temperature stimulus	167	55	41.14	0.00810
GO:0050730	regulation of peptidyl-tyrosine phosphor...	22	11	5.42	0.00867
GO:0061919	process utilizing autophagic mechanism	189	61	46.56	0.00886
GO:0043161	proteasome-mediated ubiquitin-dependent ...	182	59	44.83	0.00901
GO:0043171	peptide catabolic process	9	6	2.22	0.00917
GO:0050732	negative regulation of peptidyl-tyrosine...	9	6	2.22	0.00917
GO:0017015	regulation of transforming growth factor...	14	8	3.45	0.00925
GO:1903844	regulation of cellular response to trans...	14	8	3.45	0.00925
GO:0006418	tRNA aminoacylation for protein translat...	31	14	7.64	0.00977
GO:0044267	cellular protein metabolic process	1217	328	299.8	0.00989
GO:0040013	negative regulation of locomotion	17	9	4.19	0.01102
GO:0019941	modification-dependent protein catabolic...	220	69	54.2	0.01149
GO:0043632	modification-dependent macromolecule cat...	231	72	56.91	0.01161
GO:0007176	regulation of epidermal growth factor-ac...	7	5	1.72	0.01197
GO:1902041	regulation of extrinsic apoptotic signal...	7	5	1.72	0.01197
GO:1902042	negative regulation of extrinsic apoptot...	7	5	1.72	0.01197
GO:0030163	protein catabolic process	287	87	70.7	0.01283
GO:0006508	proteolysis	399	117	98.29	0.01283
GO:0006040	amino sugar metabolic process	12	7	2.96	0.01296
GO:0090092	regulation of transmembrane receptor pro...	23	11	5.67	0.01299
GO:1902969	mitotic DNA replication	35	15	8.62	0.01333
GO:0006511	ubiquitin-dependent protein catabolic pr...	218	68	53.7	0.01375
GO:0044265	cellular macromolecule catabolic process	404	118	99.52	0.01419
GO:0002443	leukocyte mediated immunity	84	30	20.69	0.01419
GO:0033674	positive regulation of kinase activity	64	24	15.77	0.01427
GO:0007175	negative regulation of epidermal growth ...	5	4	1.23	0.01471
GO:0031150	sorocarp stalk development	5	4	1.23	0.01471
GO:0044058	regulation of digestive system process	5	4	1.23	0.01471
GO:0044381	glucose import in response to insulin st...	5	4	1.23	0.01471
GO:0061099	negative regulation of protein tyrosine ...	5	4	1.23	0.01471
GO:0000389	mRNA 3'-splice site recognition	3	3	0.74	0.01491
GO:0006058	mannoprotein catabolic process	3	3	0.74	0.01491
GO:0006438	valyl-tRNA aminoacylation	3	3	0.74	0.01491
GO:0010826	negative regulation of centrosome duplic...	3	3	0.74	0.01491
GO:0015677	copper ion import	3	3	0.74	0.01491
GO:0016048	detection of temperature stimulus	3	3	0.74	0.01491
GO:0016080	synaptic vesicle targeting	3	3	0.74	0.01491
GO:0021517	ventral spinal cord development	3	3	0.74	0.01491
GO:0021522	spinal cord motor neuron differentiation	3	3	0.74	0.01491
GO:0031001	response to brefeldin A	3	3	0.74	0.01491
GO:0033158	regulation of protein import into nucleu...	3	3	0.74	0.01491
GO:0046606	negative regulation of centrosome cycle	3	3	0.74	0.01491
GO:1901261	regulation of sorocarp spore cell differ...	3	3	0.74	0.01491
GO:1903463	regulation of mitotic cell cycle DNA rep...	3	3	0.74	0.01491
GO:1904289	regulation of mitotic DNA damage checkpo...	3	3	0.74	0.01491
GO:1904290	negative regulation of mitotic DNA damag...	3	3	0.74	0.01491
GO:2000002	negative regulation of DNA damage checkp...	3	3	0.74	0.01491
GO:2001238	positive regulation of extrinsic apoptot...	3	3	0.74	0.01491
GO:0008104	protein localization	646	181	159.14	0.01523
GO:0010498	proteasomal protein catabolic process	194	61	47.79	0.01606
GO:0032869	cellular response to insulin stimulus	58	22	14.29	0.01610
GO:0043408	regulation of MAPK cascade	58	22	14.29	0.01610
GO:0009817	defense response to fungus, incompatible...	18	9	4.43	0.01731
GO:0051347	positive regulation of transferase activ...	99	34	24.39	0.01776
GO:0007588	excretion	10	6	2.46	0.01818
GO:0008625	extrinsic apoptotic signaling pathway vi...	10	6	2.46	0.01818
GO:0031062	positive regulation of histone methylati...	10	6	2.46	0.01818
GO:0051055	negative regulation of lipid biosyntheti...	10	6	2.46	0.01818
GO:0031060	regulation of histone methylation	21	10	5.17	0.01830
GO:0071559	response to transforming growth factor b...	21	10	5.17	0.01830
GO:0071560	cellular response to transforming growth...	21	10	5.17	0.01830
GO:0045860	positive regulation of protein kinase ac...	62	23	15.27	0.01866
GO:0009814	defense response, incompatible interacti...	30	13	7.39	0.01868
GO:0051788	response to misfolded protein	30	13	7.39	0.01868
GO:0045055	regulated exocytosis	89	31	21.92	0.01870
GO:0006303	double-strand break repair via nonhomolo...	27	12	6.65	0.01886
GO:0007062	sister chromatid cohesion	49	19	12.07	0.01910
GO:0006399	tRNA metabolic process	128	42	31.53	0.02065
GO:0071310	cellular response to organic substance	440	126	108.39	0.02188
GO:0008637	apoptotic mitochondrial changes	13	7	3.2	0.02220
GO:0030104	water homeostasis	13	7	3.2	0.02220
GO:0030336	negative regulation of cell migration	13	7	3.2	0.02220
GO:0051271	negative regulation of cellular componen...	13	7	3.2	0.02220
GO:2000146	negative regulation of cell motility	13	7	3.2	0.02220
GO:0009908	flower development	40	16	9.85	0.02227
GO:0098662	inorganic cation transmembrane transport	108	36	26.61	0.02416
GO:0006515	protein quality control for misfolded or...	34	14	8.38	0.02426
GO:0000187	activation of MAPK activity	16	8	3.94	0.02460
GO:0040024	dauer larval development	16	8	3.94	0.02460
GO:0048438	floral whorl development	16	8	3.94	0.02460
GO:0050770	regulation of axonogenesis	16	8	3.94	0.02460
GO:0031401	positive regulation of protein modificat...	158	50	38.92	0.02469
GO:0046903	secretion	209	64	51.49	0.02485
GO:0006265	DNA topological change	8	5	1.97	0.02549
GO:0030516	regulation of axon extension	8	5	1.97	0.02549
GO:0044671	sorocarp spore cell differentiation	8	5	1.97	0.02549
GO:0048443	stamen development	8	5	1.97	0.02549
GO:0048466	androecium development	8	5	1.97	0.02549
GO:0048837	sorocarp sorus development	8	5	1.97	0.02549
GO:0044248	cellular catabolic process	744	204	183.28	0.02555
GO:1903900	regulation of viral life cycle	28	12	6.9	0.02581
GO:0043406	positive regulation of MAP kinase activi...	22	10	5.42	0.02632
GO:0051179	localization	1156	308	284.78	0.02661
GO:0033260	nuclear DNA replication	44	17	10.84	0.02689
GO:0009057	macromolecule catabolic process	443	126	109.13	0.02710
GO:0002366	leukocyte activation involved in immune ...	81	28	19.95	0.02733
GO:0090567	reproductive shoot system development	41	16	10.1	0.02843
GO:0009894	regulation of catabolic process	270	80	66.51	0.02927
GO:0032940	secretion by cell	196	60	48.28	0.02945
GO:0000478	endonucleolytic cleavage involved in rRN...	38	15	9.36	0.03000
GO:0032147	activation of protein kinase activity	38	15	9.36	0.03000
GO:0032868	response to insulin	68	24	16.75	0.03075
GO:0007124	pseudohyphal growth	11	6	2.71	0.03180
GO:0009926	auxin polar transport	11	6	2.71	0.03180
GO:0042059	negative regulation of epidermal growth ...	11	6	2.71	0.03180
GO:0043392	negative regulation of DNA binding	11	6	2.71	0.03180
GO:1901185	negative regulation of ERBB signaling pa...	11	6	2.71	0.03180
GO:1901564	organonitrogen compound metabolic proces...	1721	447	423.96	0.03207
GO:0002263	cell activation involved in immune respo...	82	28	20.2	0.03210
GO:0033036	macromolecule localization	721	197	177.61	0.03268
GO:0048522	positive regulation of cellular process	847	229	208.65	0.03320
GO:0006283	transcription-coupled nucleotide-excisio...	45	17	11.09	0.03362
GO:0071902	positive regulation of protein serine/th...	45	17	11.09	0.03362
GO:1901565	organonitrogen compound catabolic proces...	389	111	95.83	0.03409
GO:0070887	cellular response to chemical stimulus	632	174	155.69	0.03418
GO:0006638	neutral lipid metabolic process	29	12	7.14	0.03445
GO:0006639	acylglycerol metabolic process	29	12	7.14	0.03445
GO:0071218	cellular response to misfolded protein	29	12	7.14	0.03445
GO:0006479	protein methylation	79	27	19.46	0.03453
GO:0008213	protein alkylation	79	27	19.46	0.03453
GO:0048532	anatomical structure arrangement	14	7	3.45	0.03516
GO:0006048	UDP-N-acetylglucosamine biosynthetic pro...	6	4	1.48	0.03556
GO:0006825	copper ion transport	6	4	1.48	0.03556
GO:0007603	phototransduction, visible light	6	4	1.48	0.03556
GO:0010208	pollen wall assembly	6	4	1.48	0.03556
GO:0010584	pollen exine formation	6	4	1.48	0.03556
GO:0016056	rhodopsin mediated signaling pathway	6	4	1.48	0.03556
GO:0031938	regulation of chromatin silencing at tel...	6	4	1.48	0.03556
GO:0045445	myoblast differentiation	6	4	1.48	0.03556
GO:0046349	amino sugar biosynthetic process	6	4	1.48	0.03556
GO:0050891	multicellular organismal water homeostas...	6	4	1.48	0.03556
GO:1901070	guanosine-containing compound biosynthet...	6	4	1.48	0.03556
GO:0031154	culmination involved in sorocarp develop...	26	11	6.4	0.03567
GO:0017157	regulation of exocytosis	23	10	5.67	0.03658
GO:0043248	proteasome assembly	23	10	5.67	0.03658
GO:0010016	shoot system morphogenesis	17	8	4.19	0.03667
GO:0031329	regulation of cellular catabolic process	254	75	62.57	0.03689
GO:0043903	regulation of symbiosis, encompassing mu...	39	15	9.61	0.03801
GO:0009628	response to abiotic stimulus	580	160	142.88	0.03940
GO:0019058	viral life cycle	56	20	13.8	0.04089
GO:0031399	regulation of protein modification proce...	267	78	65.77	0.04270
GO:0043170	macromolecule metabolic process	1961	504	483.08	0.04303
GO:0000165	MAPK cascade	70	24	17.24	0.04307
GO:0071375	cellular response to peptide hormone sti...	70	24	17.24	0.04307
GO:0071900	regulation of protein serine/threonine k...	77	26	18.97	0.04345
GO:1901653	cellular response to peptide	77	26	18.97	0.04345
GO:0048367	shoot system development	84	28	20.69	0.04348
GO:0009056	catabolic process	786	212	193.63	0.04506
GO:0070838	divalent metal ion transport	60	21	14.78	0.04548
GO:0072511	divalent inorganic cation transport	60	21	14.78	0.04548
GO:0032873	negative regulation of stress-activated ...	9	5	2.22	0.04590
GO:0070303	negative regulation of stress-activated ...	9	5	2.22	0.04590
GO:0097734	extracellular exosome biogenesis	9	5	2.22	0.04590
GO:0140112	extracellular vesicle biogenesis	9	5	2.22	0.04590
GO:1990182	exosomal secretion	9	5	2.22	0.04590
GO:0048580	regulation of post-embryonic development	67	23	16.51	0.04639
GO:0051046	regulation of secretion	88	29	21.68	0.04658
GO:0035966	response to topologically incorrect prot...	74	25	18.23	0.04681
GO:0009651	response to salt stress	113	36	27.84	0.04698
GO:1902410	mitotic cytokinetic process	27	11	6.65	0.04722
GO:0071417	cellular response to organonitrogen comp...	106	34	26.11	0.04799
GO:0001881	receptor recycling	4	3	0.99	0.04864
GO:0006108	malate metabolic process	4	3	0.99	0.04864
GO:0009847	spore germination	4	3	0.99	0.04864
GO:0009902	chloroplast relocation	4	3	0.99	0.04864
GO:0009903	chloroplast avoidance movement	4	3	0.99	0.04864
GO:0015940	pantothenate biosynthetic process	4	3	0.99	0.04864
GO:0019750	chloroplast localization	4	3	0.99	0.04864
GO:0021515	cell differentiation in spinal cord	4	3	0.99	0.04864
GO:0031149	sorocarp stalk cell differentiation	4	3	0.99	0.04864
GO:0045466	R7 cell differentiation	4	3	0.99	0.04864
GO:0046621	negative regulation of organ growth	4	3	0.99	0.04864
GO:0048653	anther development	4	3	0.99	0.04864
GO:0051176	positive regulation of sulfur metabolic ...	4	3	0.99	0.04864
GO:0051644	plastid localization	4	3	0.99	0.04864
GO:0051667	establishment of plastid localization	4	3	0.99	0.04864
GO:0071494	cellular response to UV-C	4	3	0.99	0.04864
GO:1902298	cell cycle DNA replication maintenance o...	4	3	0.99	0.04864
GO:1990426	mitotic recombination-dependent replicat...	4	3	0.99	0.04864
GO:1990505	mitotic DNA replication maintenance of f...	4	3	0.99	0.04864
GO:2000070	regulation of response to water deprivat...	4	3	0.99	0.04864
GO:0051606	detection of stimulus	57	20	14.04	0.04895
GO:0032922	circadian regulation of gene expression	12	6	2.96	0.05063
GO:0060918	auxin transport	12	6	2.96	0.05063
GO:0070588	calcium ion transmembrane transport	37	14	9.11	0.05065
GO:0006641	triglyceride metabolic process	21	9	5.17	0.05103
GO:0015868	purine ribonucleotide transport	18	8	4.43	0.05217
GO:0051503	adenine nucleotide transport	18	8	4.43	0.05217
GO:1901068	guanosine-containing compound metabolic ...	18	8	4.43	0.05217
GO:0006672	ceramide metabolic process	15	7	3.7	0.05228
GO:2001236	regulation of extrinsic apoptotic signal...	15	7	3.7	0.05228
GO:0065003	protein-containing complex assembly	550	151	135.49	0.05239
GO:0071826	ribonucleoprotein complex subunit organi...	165	50	40.65	0.05248
GO:0009100	glycoprotein metabolic process	96	31	23.65	0.05263
GO:0016571	histone methylation	54	19	13.3	0.05270
GO:0090502	RNA phosphodiester bond hydrolysis, endo...	54	19	13.3	0.05270
GO:0009895	negative regulation of catabolic process	61	21	15.03	0.05387
GO:0007623	circadian rhythm	44	16	10.84	0.05440
GO:1901800	positive regulation of proteasomal prote...	75	25	18.48	0.05442
GO:1903052	positive regulation of proteolysis invol...	75	25	18.48	0.05442
GO:1903364	positive regulation of cellular protein ...	75	25	18.48	0.05442
GO:0010506	regulation of autophagy	100	32	24.63	0.05557
GO:0000469	cleavage involved in rRNA processing	51	18	12.56	0.05675
GO:0006903	vesicle targeting	31	12	7.64	0.05750
GO:0045732	positive regulation of protein catabolic...	86	28	21.19	0.05761
GO:0023014	signal transduction by protein phosphory...	72	24	17.74	0.05869
GO:0000378	RNA exon ligation	2	2	0.49	0.06063
GO:0001569	branching involved in blood vessel morph...	2	2	0.49	0.06063
GO:0001773	myeloid dendritic cell activation	2	2	0.49	0.06063
GO:0001921	positive regulation of receptor recyclin...	2	2	0.49	0.06063
GO:0001927	exocyst assembly	2	2	0.49	0.06063
GO:0001945	lymph vessel development	2	2	0.49	0.06063
GO:0001946	lymphangiogenesis	2	2	0.49	0.06063
GO:0002038	positive regulation of L-glutamate impor...	2	2	0.49	0.06063
GO:0002265	astrocyte activation involved in immune ...	2	2	0.49	0.06063
GO:0003010	voluntary skeletal muscle contraction	2	2	0.49	0.06063
GO:0006116	NADH oxidation	2	2	0.49	0.06063
GO:0006185	dGDP biosynthetic process	2	2	0.49	0.06063
GO:0006593	ornithine catabolic process	2	2	0.49	0.06063
GO:0006597	spermine biosynthetic process	2	2	0.49	0.06063
GO:0006808	regulation of nitrogen utilization	2	2	0.49	0.06063
GO:0007212	dopamine receptor signaling pathway	2	2	0.49	0.06063
GO:0008215	spermine metabolic process	2	2	0.49	0.06063
GO:0008295	spermidine biosynthetic process	2	2	0.49	0.06063
GO:0009170	purine deoxyribonucleoside monophosphate...	2	2	0.49	0.06063
GO:0009182	purine deoxyribonucleoside diphosphate m...	2	2	0.49	0.06063
GO:0009183	purine deoxyribonucleoside diphosphate b...	2	2	0.49	0.06063
GO:0009685	gibberellin metabolic process	2	2	0.49	0.06063
GO:0009686	gibberellin biosynthetic process	2	2	0.49	0.06063
GO:0009789	positive regulation of abscisic acid-act...	2	2	0.49	0.06063
GO:0009900	dehiscence	2	2	0.49	0.06063
GO:0009901	anther dehiscence	2	2	0.49	0.06063
GO:0010037	response to carbon dioxide	2	2	0.49	0.06063
GO:0010050	vegetative phase change	2	2	0.49	0.06063
GO:0010358	leaf shaping	2	2	0.49	0.06063
GO:0010719	negative regulation of epithelial to mes...	2	2	0.49	0.06063
GO:0010815	bradykinin catabolic process	2	2	0.49	0.06063
GO:0014721	twitch skeletal muscle contraction	2	2	0.49	0.06063
GO:0014724	regulation of twitch skeletal muscle con...	2	2	0.49	0.06063
GO:0015871	choline transport	2	2	0.49	0.06063
GO:0016102	diterpenoid biosynthetic process	2	2	0.49	0.06063
GO:0019343	cysteine biosynthetic process via cystat...	2	2	0.49	0.06063
GO:0019346	transsulfuration	2	2	0.49	0.06063
GO:0021795	cerebral cortex cell migration	2	2	0.49	0.06063
GO:0021870	Cajal-Retzius cell differentiation	2	2	0.49	0.06063
GO:0021885	forebrain cell migration	2	2	0.49	0.06063
GO:0021895	cerebral cortex neuron differentiation	2	2	0.49	0.06063
GO:0022029	telencephalon cell migration	2	2	0.49	0.06063
GO:0023058	adaptation of signaling pathway	2	2	0.49	0.06063
GO:0030719	P granule organization	2	2	0.49	0.06063
GO:0030812	negative regulation of nucleotide catabo...	2	2	0.49	0.06063
GO:0031070	intronic snoRNA processing	2	2	0.49	0.06063
GO:0031443	fast-twitch skeletal muscle fiber contra...	2	2	0.49	0.06063
GO:0031446	regulation of fast-twitch skeletal muscl...	2	2	0.49	0.06063
GO:0031448	positive regulation of fast-twitch skele...	2	2	0.49	0.06063
GO:0032461	positive regulation of protein oligomeri...	2	2	0.49	0.06063
GO:0032897	negative regulation of viral transcripti...	2	2	0.49	0.06063
GO:0033160	positive regulation of protein import in...	2	2	0.49	0.06063
GO:0033240	positive regulation of cellular amine me...	2	2	0.49	0.06063
GO:0033967	box C/D snoRNA metabolic process	2	2	0.49	0.06063
GO:0034436	glycoprotein transport	2	2	0.49	0.06063
GO:0034963	box C/D snoRNA processing	2	2	0.49	0.06063
GO:0035024	negative regulation of Rho protein signa...	2	2	0.49	0.06063
GO:0035621	ER to Golgi ceramide transport	2	2	0.49	0.06063
GO:0035627	ceramide transport	2	2	0.49	0.06063
GO:0035970	peptidyl-threonine dephosphorylation	2	2	0.49	0.06063
GO:0036098	male germ-line stem cell population main...	2	2	0.49	0.06063
GO:0036269	swimming behavior	2	2	0.49	0.06063
GO:0036303	lymph vessel morphogenesis	2	2	0.49	0.06063
GO:0043011	myeloid dendritic cell differentiation	2	2	0.49	0.06063
GO:0043418	homocysteine catabolic process	2	2	0.49	0.06063
GO:0043589	skin morphogenesis	2	2	0.49	0.06063
GO:0044030	regulation of DNA methylation	2	2	0.49	0.06063
GO:0045669	positive regulation of osteoblast differ...	2	2	0.49	0.06063
GO:0045717	negative regulation of fatty acid biosyn...	2	2	0.49	0.06063
GO:0045778	positive regulation of ossification	2	2	0.49	0.06063
GO:0045820	negative regulation of glycolytic proces...	2	2	0.49	0.06063
GO:0046054	dGMP metabolic process	2	2	0.49	0.06063
GO:0046066	dGDP metabolic process	2	2	0.49	0.06063
GO:0046135	pyrimidine nucleoside catabolic process	2	2	0.49	0.06063
GO:0046600	negative regulation of centriole replica...	2	2	0.49	0.06063
GO:0046711	GDP biosynthetic process	2	2	0.49	0.06063
GO:0048143	astrocyte activation	2	2	0.49	0.06063
GO:0048265	response to pain	2	2	0.49	0.06063
GO:0048521	negative regulation of behavior	2	2	0.49	0.06063
GO:0048627	myoblast development	2	2	0.49	0.06063
GO:0050872	white fat cell differentiation	2	2	0.49	0.06063
GO:0051198	negative regulation of coenzyme metaboli...	2	2	0.49	0.06063
GO:0051563	smooth endoplasmic reticulum calcium ion...	2	2	0.49	0.06063
GO:0051582	positive regulation of neurotransmitter ...	2	2	0.49	0.06063
GO:0060101	negative regulation of phagocytosis, eng...	2	2	0.49	0.06063
GO:0060143	positive regulation of syncytium formati...	2	2	0.49	0.06063
GO:0060688	regulation of morphogenesis of a branchi...	2	2	0.49	0.06063
GO:0061087	positive regulation of histone H3-K27 me...	2	2	0.49	0.06063
GO:0070278	extracellular matrix constituent secreti...	2	2	0.49	0.06063
GO:0071244	cellular response to carbon dioxide	2	2	0.49	0.06063
GO:0071619	phosphorylation of RNA polymerase II C-t...	2	2	0.49	0.06063
GO:0072676	lymphocyte migration	2	2	0.49	0.06063
GO:0072678	T cell migration	2	2	0.49	0.06063
GO:0085020	protein K6-linked ubiquitination	2	2	0.49	0.06063
GO:0090155	negative regulation of sphingolipid bios...	2	2	0.49	0.06063
GO:0090436	leaf pavement cell development	2	2	0.49	0.06063
GO:0090647	modulation of age-related behavioral dec...	2	2	0.49	0.06063
GO:0097028	dendritic cell differentiation	2	2	0.49	0.06063
GO:0097242	amyloid-beta clearance	2	2	0.49	0.06063
GO:0099022	vesicle tethering	2	2	0.49	0.06063
GO:0099134	chimeric sorocarp development	2	2	0.49	0.06063
GO:0099135	chimeric colonial development	2	2	0.49	0.06063
GO:0099136	chimeric non-reproductive fruiting body ...	2	2	0.49	0.06063
GO:0099139	cheating during chimeric sorocarp develo...	2	2	0.49	0.06063
GO:0099515	actin filament-based transport	2	2	0.49	0.06063
GO:0110025	DNA strand resection involved in replica...	2	2	0.49	0.06063
GO:1900060	negative regulation of ceramide biosynth...	2	2	0.49	0.06063
GO:1901000	regulation of response to salt stress	2	2	0.49	0.06063
GO:1901002	positive regulation of response to salt ...	2	2	0.49	0.06063
GO:1901143	insulin catabolic process	2	2	0.49	0.06063
GO:1901409	positive regulation of phosphorylation o...	2	2	0.49	0.06063
GO:1901421	positive regulation of response to alcoh...	2	2	0.49	0.06063
GO:1901739	regulation of myoblast fusion	2	2	0.49	0.06063
GO:1901741	positive regulation of myoblast fusion	2	2	0.49	0.06063
GO:1902043	positive regulation of extrinsic apoptot...	2	2	0.49	0.06063
GO:1902408	mitotic cytokinesis, site selection	2	2	0.49	0.06063
GO:1902413	negative regulation of mitotic cytokines...	2	2	0.49	0.06063
GO:1902584	positive regulation of response to water...	2	2	0.49	0.06063
GO:1903437	negative regulation of mitotic cytokinet...	2	2	0.49	0.06063
GO:1903608	protein localization to cytoplasmic stre...	2	2	0.49	0.06063
GO:1903745	negative regulation of pharyngeal pumpin...	2	2	0.49	0.06063
GO:1903999	negative regulation of eating behavior	2	2	0.49	0.06063
GO:1904796	regulation of core promoter binding	2	2	0.49	0.06063
GO:1904797	negative regulation of core promoter bin...	2	2	0.49	0.06063
GO:1905154	negative regulation of membrane invagina...	2	2	0.49	0.06063
GO:1905906	regulation of amyloid fibril formation	2	2	0.49	0.06063
GO:1905908	positive regulation of amyloid fibril fo...	2	2	0.49	0.06063
GO:1905959	positive regulation of cellular response...	2	2	0.49	0.06063
GO:1990918	double-strand break repair involved in m...	2	2	0.49	0.06063
GO:2000069	regulation of post-embryonic root develo...	2	2	0.49	0.06063
GO:2000252	negative regulation of feeding behavior	2	2	0.49	0.06063
GO:1904062	regulation of cation transmembrane trans...	28	11	6.9	0.06107
GO:0034613	cellular protein localization	545	149	134.26	0.06110
GO:0051984	positive regulation of chromosome segreg...	48	17	11.82	0.06113
GO:0009896	positive regulation of catabolic process	130	40	32.02	0.06257
GO:2001233	regulation of apoptotic signaling pathwa...	55	19	13.55	0.06265
GO:0009555	pollen development	38	14	9.36	0.06271
GO:0006970	response to osmotic stress	178	53	43.85	0.06281
GO:1904951	positive regulation of establishment of ...	62	21	15.27	0.06330
GO:0016074	snoRNA metabolic process	25	10	6.16	0.06466
GO:0045184	establishment of protein localization	484	133	119.23	0.06546
GO:0043412	macromolecule modification	929	246	228.85	0.06691
GO:0006839	mitochondrial transport	80	26	19.71	0.06695
GO:0009584	detection of visible light	7	4	1.72	0.06702
GO:0010051	xylem and phloem pattern formation	7	4	1.72	0.06702
GO:0010677	negative regulation of cellular carbohyd...	7	4	1.72	0.06702
GO:0015693	magnesium ion transport	7	4	1.72	0.06702
GO:0032106	positive regulation of response to extra...	7	4	1.72	0.06702
GO:0032109	positive regulation of response to nutri...	7	4	1.72	0.06702
GO:0043123	positive regulation of I-kappaB kinase/N...	7	4	1.72	0.06702
GO:0043545	molybdopterin cofactor metabolic process	7	4	1.72	0.06702
GO:0046580	negative regulation of Ras protein signa...	7	4	1.72	0.06702
GO:0050435	amyloid-beta metabolic process	7	4	1.72	0.06702
GO:0050667	homocysteine metabolic process	7	4	1.72	0.06702
GO:0051189	prosthetic group metabolic process	7	4	1.72	0.06702
GO:0055059	asymmetric neuroblast division	7	4	1.72	0.06702
GO:0061085	regulation of histone H3-K27 methylation	7	4	1.72	0.06702
GO:0090101	negative regulation of transmembrane rec...	7	4	1.72	0.06702
GO:0090288	negative regulation of cellular response...	7	4	1.72	0.06702
GO:1903749	positive regulation of establishment of ...	7	4	1.72	0.06702
GO:2000736	regulation of stem cell differentiation	7	4	1.72	0.06702
GO:0098655	cation transmembrane transport	138	42	34	0.06709
GO:0050792	regulation of viral process	35	13	8.62	0.06729
GO:1901701	cellular response to oxygen-containing c...	254	73	62.57	0.06757
GO:0071482	cellular response to light stimulus	52	18	12.81	0.06760
GO:0043524	negative regulation of neuron apoptotic ...	22	9	5.42	0.06814
GO:0048638	regulation of developmental growth	66	22	16.26	0.06835
GO:1901575	organic substance catabolic process	653	176	160.86	0.06900
GO:0031331	positive regulation of cellular cataboli...	120	37	29.56	0.06942
GO:1901699	cellular response to nitrogen compound	131	40	32.27	0.06953
GO:0006464	cellular protein modification process	831	221	204.71	0.07055
GO:0036211	protein modification process	831	221	204.71	0.07055
GO:0009408	response to heat	102	32	25.13	0.07090
GO:0051259	protein complex oligomerization	102	32	25.13	0.07090
GO:1903322	positive regulation of protein modificat...	42	15	10.35	0.07099
GO:0015865	purine nucleotide transport	19	8	4.68	0.07131
GO:0019935	cyclic-nucleotide-mediated signaling	19	8	4.68	0.07131
GO:0031033	myosin filament organization	19	8	4.68	0.07131
GO:2001235	positive regulation of apoptotic signali...	19	8	4.68	0.07131
GO:0042327	positive regulation of phosphorylation	113	35	27.84	0.07173
GO:0071704	organic substance metabolic process	2537	640	624.98	0.07174
GO:0046128	purine ribonucleoside metabolic process	32	12	7.88	0.07217
GO:0051402	neuron apoptotic process	32	12	7.88	0.07217
GO:0001934	positive regulation of protein phosphory...	95	30	23.4	0.07288
GO:0051047	positive regulation of secretion	49	17	12.07	0.07299
GO:0007586	digestion	10	5	2.46	0.07362
GO:0007601	visual perception	10	5	2.46	0.07362
GO:0010992	ubiquitin recycling	10	5	2.46	0.07362
GO:0022600	digestive system process	10	5	2.46	0.07362
GO:0042149	cellular response to glucose starvation	10	5	2.46	0.07362
GO:0045912	negative regulation of carbohydrate meta...	10	5	2.46	0.07362
GO:0046460	neutral lipid biosynthetic process	10	5	2.46	0.07362
GO:0046463	acylglycerol biosynthetic process	10	5	2.46	0.07362
GO:0070734	histone H3-K27 methylation	10	5	2.46	0.07362
GO:0007272	ensheathment of neurons	16	7	3.94	0.07381
GO:0008366	axon ensheathment	16	7	3.94	0.07381
GO:0019933	cAMP-mediated signaling	16	7	3.94	0.07381
GO:0046058	cAMP metabolic process	16	7	3.94	0.07381
GO:0031330	negative regulation of cellular cataboli...	56	19	13.8	0.07382
GO:0048827	phyllome development	56	19	13.8	0.07382
GO:0009719	response to endogenous stimulus	432	119	106.42	0.07464
GO:0006517	protein deglycosylation	13	6	3.2	0.07499
GO:0006971	hypotonic response	13	6	3.2	0.07499
GO:0032988	ribonucleoprotein complex disassembly	13	6	3.2	0.07499
GO:0042276	error-prone translesion synthesis	13	6	3.2	0.07499
GO:0045921	positive regulation of exocytosis	13	6	3.2	0.07499
GO:2001237	negative regulation of extrinsic apoptot...	13	6	3.2	0.07499
GO:0061136	regulation of proteasomal protein catabo...	99	31	24.39	0.07628
GO:0034968	histone lysine methylation	39	14	9.61	0.07654
GO:0043901	negative regulation of multi-organism pr...	39	14	9.61	0.07654
GO:0051100	negative regulation of binding	29	11	7.14	0.07734
GO:0071478	cellular response to radiation	74	24	18.23	0.07794
GO:0007167	enzyme linked receptor protein signaling...	147	44	36.21	0.07864
GO:0018022	peptidyl-lysine methylation	46	16	11.33	0.07885
GO:0051338	regulation of transferase activity	162	48	39.91	0.07959
GO:0048511	rhythmic process	60	20	14.78	0.07977
GO:0043900	regulation of multi-organism process	125	38	30.79	0.07993
GO:0034976	response to endoplasmic reticulum stress	140	42	34.49	0.08180
GO:1903320	regulation of protein modification by sm...	78	25	19.21	0.08248
GO:0000479	endonucleolytic cleavage of tricistronic...	36	13	8.87	0.08254
GO:0031398	positive regulation of protein ubiquitin...	26	10	6.4	0.08278
GO:0072524	pyridine-containing compound metabolic p...	71	23	17.49	0.08415
GO:0010562	positive regulation of phosphorus metabo...	133	40	32.76	0.08506
GO:0045937	positive regulation of phosphate metabol...	133	40	32.76	0.08506
GO:0009414	response to water deprivation	43	15	10.59	0.08524
GO:0072655	establishment of protein localization to...	43	15	10.59	0.08524
GO:0006807	nitrogen compound metabolic process	2316	586	570.54	0.08569
GO:0009409	response to cold	50	17	12.32	0.08629
GO:0016567	protein ubiquitination	163	48	40.15	0.08699
GO:0009725	response to hormone	365	101	89.92	0.08710
GO:0098660	inorganic ion transmembrane transport	137	41	33.75	0.08753
GO:0044238	primary metabolic process	2408	608	593.2	0.08796
GO:1901700	response to oxygen-containing compound	470	128	115.78	0.08817
GO:0006862	nucleotide transport	23	9	5.67	0.08843
GO:0043549	regulation of kinase activity	115	35	28.33	0.08894
GO:0070727	cellular macromolecule localization	564	152	138.94	0.08895
GO:0009968	negative regulation of signal transducti...	167	49	41.14	0.08896
GO:0009135	purine nucleoside diphosphate metabolic ...	33	12	8.13	0.08905
GO:0009179	purine ribonucleoside diphosphate metabo...	33	12	8.13	0.08905
GO:0009581	detection of external stimulus	33	12	8.13	0.08905
GO:0009723	response to ethylene	33	12	8.13	0.08905
GO:0048518	positive regulation of biological proces...	956	251	235.51	0.09007
GO:0022618	ribonucleoprotein complex assembly	156	46	38.43	0.09070
GO:0001775	cell activation	119	36	29.32	0.09188
GO:0099402	plant organ development	119	36	29.32	0.09188
GO:0006909	phagocytosis	40	14	9.85	0.09220
GO:0008361	regulation of cell size	40	14	9.85	0.09220
GO:0048507	meristem development	40	14	9.85	0.09220
GO:0045321	leukocyte activation	108	33	26.61	0.09226
GO:1903532	positive regulation of secretion by cell	47	16	11.58	0.09340
GO:0043933	protein-containing complex subunit organ...	624	167	153.72	0.09360
GO:0051050	positive regulation of transport	134	40	33.01	0.09366
GO:0019752	carboxylic acid metabolic process	405	111	99.77	0.09372
GO:0051234	establishment of localization	981	257	241.66	0.09397
GO:0009187	cyclic nucleotide metabolic process	20	8	4.93	0.09417
GO:0010469	regulation of signaling receptor activit...	20	8	4.93	0.09417
GO:0034767	positive regulation of ion transmembrane...	20	8	4.93	0.09417
GO:0043144	snoRNA processing	20	8	4.93	0.09417
GO:0048437	floral organ development	20	8	4.93	0.09417
GO:1900407	regulation of cellular response to oxida...	20	8	4.93	0.09417
GO:1901342	regulation of vasculature development	20	8	4.93	0.09417
GO:0002757	immune response-activating signal transd...	30	11	7.39	0.09609
GO:0002764	immune response-regulating signaling pat...	30	11	7.39	0.09609
GO:0043523	regulation of neuron apoptotic process	30	11	7.39	0.09609
GO:0009966	regulation of signal transduction	359	99	88.44	0.09644
GO:0006955	immune response	259	73	63.8	0.09662
GO:0045087	innate immune response	153	45	37.69	0.09681
GO:0006520	cellular amino acid metabolic process	202	58	49.76	0.09724
GO:0019216	regulation of lipid metabolic process	83	26	20.45	0.09815
GO:0032434	regulation of proteasomal ubiquitin-depe...	83	26	20.45	0.09815
GO:0042326	negative regulation of phosphorylation	65	21	16.01	0.09825
GO:0001837	epithelial to mesenchymal transition	5	3	1.23	0.09954
GO:0006056	mannoprotein metabolic process	5	3	1.23	0.09954
GO:0006110	regulation of glycolytic process	5	3	1.23	0.09954
GO:0006183	GTP biosynthetic process	5	3	1.23	0.09954
GO:0006423	cysteinyl-tRNA aminoacylation	5	3	1.23	0.09954
GO:0006582	melanin metabolic process	5	3	1.23	0.09954
GO:0007039	protein catabolic process in the vacuole	5	3	1.23	0.09954
GO:0007260	tyrosine phosphorylation of STAT protein	5	3	1.23	0.09954
GO:0007266	Rho protein signal transduction	5	3	1.23	0.09954
GO:0007614	short-term memory	5	3	1.23	0.09954
GO:0009235	cobalamin metabolic process	5	3	1.23	0.09954
GO:0009825	multidimensional cell growth	5	3	1.23	0.09954
GO:0010676	positive regulation of cellular carbohyd...	5	3	1.23	0.09954
GO:0014002	astrocyte development	5	3	1.23	0.09954
GO:0015939	pantothenate metabolic process	5	3	1.23	0.09954
GO:0030318	melanocyte differentiation	5	3	1.23	0.09954
GO:0030511	positive regulation of transforming grow...	5	3	1.23	0.09954
GO:0030811	regulation of nucleotide catabolic proce...	5	3	1.23	0.09954
GO:0031573	intra-S DNA damage checkpoint	5	3	1.23	0.09954
GO:0034381	plasma lipoprotein particle clearance	5	3	1.23	0.09954
GO:0034383	low-density lipoprotein particle clearan...	5	3	1.23	0.09954
GO:0034473	U1 snRNA 3'-end processing	5	3	1.23	0.09954
GO:0034476	U5 snRNA 3'-end processing	5	3	1.23	0.09954
GO:0035753	maintenance of DNA trinucleotide repeats	5	3	1.23	0.09954
GO:0035977	protein deglycosylation involved in glyc...	5	3	1.23	0.09954
GO:0042438	melanin biosynthetic process	5	3	1.23	0.09954
GO:0042509	regulation of tyrosine phosphorylation o...	5	3	1.23	0.09954
GO:0043052	thermotaxis	5	3	1.23	0.09954
GO:0043984	histone H4-K16 acetylation	5	3	1.23	0.09954
GO:0045570	regulation of imaginal disc growth	5	3	1.23	0.09954
GO:0048286	lung alveolus development	5	3	1.23	0.09954
GO:0048708	astrocyte differentiation	5	3	1.23	0.09954
GO:0051195	negative regulation of cofactor metaboli...	5	3	1.23	0.09954
GO:0051571	positive regulation of histone H3-K4 met...	5	3	1.23	0.09954
GO:0055090	acylglycerol homeostasis	5	3	1.23	0.09954
GO:0070262	peptidyl-serine dephosphorylation	5	3	1.23	0.09954
GO:0070328	triglyceride homeostasis	5	3	1.23	0.09954
GO:0070829	heterochromatin maintenance	5	3	1.23	0.09954
GO:0097466	ubiquitin-dependent glycoprotein ERAD pa...	5	3	1.23	0.09954
GO:1901977	negative regulation of cell cycle checkp...	5	3	1.23	0.09954
GO:1903846	positive regulation of cellular response...	5	3	1.23	0.09954
GO:1990569	UDP-N-acetylglucosamine transmembrane tr...	5	3	1.23	0.09954
GO:2000001	regulation of DNA damage checkpoint	5	3	1.23	0.09954
GO:2000012	regulation of auxin polar transport	5	3	1.23	0.09954
GO:0034765	regulation of ion transmembrane transpor...	37	13	9.11	0.09982
GO:0051222	positive regulation of protein transport	51	17	12.56	0.10106
GO:0070585	protein localization to mitochondrion	44	15	10.84	0.10118
GO:0010646	regulation of cell communication	399	109	98.29	0.10331
GO:0034764	positive regulation of transmembrane tra...	27	10	6.65	0.10370
GO:0051101	regulation of DNA binding	27	10	6.65	0.10370
GO:1902882	regulation of response to oxidative stre...	27	10	6.65	0.10370
GO:0043414	macromolecule methylation	124	37	30.55	0.10441
GO:0071495	cellular response to endogenous stimulus	264	74	65.04	0.10449
GO:0006171	cAMP biosynthetic process	14	6	3.45	0.10486
GO:0009909	regulation of flower development	14	6	3.45	0.10486
GO:0010383	cell wall polysaccharide metabolic proce...	14	6	3.45	0.10486
GO:0046039	GTP metabolic process	14	6	3.45	0.10486
GO:0070816	phosphorylation of RNA polymerase II C-t...	14	6	3.45	0.10486
GO:0032259	methylation	139	41	34.24	0.10537
GO:0035690	cellular response to drug	113	34	27.84	0.10565
GO:0045859	regulation of protein kinase activity	113	34	27.84	0.10565
GO:0006082	organic acid metabolic process	431	117	106.17	0.10810
GO:0043436	oxoacid metabolic process	431	117	106.17	0.10810
GO:0009582	detection of abiotic stimulus	34	12	8.38	0.10816
GO:1990138	neuron projection extension	34	12	8.38	0.10816
GO:0010769	regulation of cell morphogenesis involve...	55	18	13.55	0.10825
GO:0048229	gametophyte development	55	18	13.55	0.10825
GO:1901215	negative regulation of neuron death	55	18	13.55	0.10825
GO:0007249	I-kappaB kinase/NF-kappaB signaling	11	5	2.71	0.10847
GO:0009933	meristem structural organization	11	5	2.71	0.10847
GO:0033135	regulation of peptidyl-serine phosphoryl...	11	5	2.71	0.10847
GO:0046339	diacylglycerol metabolic process	11	5	2.71	0.10847
GO:0046940	nucleoside monophosphate phosphorylation	11	5	2.71	0.10847
GO:0050953	sensory perception of light stimulus	11	5	2.71	0.10847
GO:0051569	regulation of histone H3-K4 methylation	11	5	2.71	0.10847
GO:0061387	regulation of extent of cell growth	11	5	2.71	0.10847
GO:0071966	fungal-type cell wall polysaccharide met...	11	5	2.71	0.10847
GO:0098722	asymmetric stem cell division	11	5	2.71	0.10847
GO:1901998	toxin transport	11	5	2.71	0.10847
GO:1903998	regulation of eating behavior	11	5	2.71	0.10847
GO:0000098	sulfur amino acid catabolic process	8	4	1.97	0.10855
GO:0000394	RNA splicing, via endonucleolytic cleava...	8	4	1.97	0.10855
GO:0001764	neuron migration	8	4	1.97	0.10855
GO:0006591	ornithine metabolic process	8	4	1.97	0.10855
GO:0007220	Notch receptor processing	8	4	1.97	0.10855
GO:0008631	intrinsic apoptotic signaling pathway in...	8	4	1.97	0.10855
GO:0009650	UV protection	8	4	1.97	0.10855
GO:0019432	triglyceride biosynthetic process	8	4	1.97	0.10855
GO:0030509	BMP signaling pathway	8	4	1.97	0.10855
GO:0030520	intracellular estrogen receptor signalin...	8	4	1.97	0.10855
GO:0036445	neuronal stem cell division	8	4	1.97	0.10855
GO:0043051	regulation of pharyngeal pumping	8	4	1.97	0.10855
GO:0045876	positive regulation of sister chromatid ...	8	4	1.97	0.10855
GO:0046500	S-adenosylmethionine metabolic process	8	4	1.97	0.10855
GO:0048467	gynoecium development	8	4	1.97	0.10855
GO:0048538	thymus development	8	4	1.97	0.10855
GO:0048662	negative regulation of smooth muscle cel...	8	4	1.97	0.10855
GO:0051058	negative regulation of small GTPase medi...	8	4	1.97	0.10855
GO:0055057	neuroblast division	8	4	1.97	0.10855
GO:0070050	neuron cellular homeostasis	8	4	1.97	0.10855
GO:0071772	response to BMP	8	4	1.97	0.10855
GO:0071773	cellular response to BMP stimulus	8	4	1.97	0.10855
GO:0097006	regulation of plasma lipoprotein particl...	8	4	1.97	0.10855
GO:1903541	regulation of exosomal secretion	8	4	1.97	0.10855
GO:1903543	positive regulation of exosomal secretio...	8	4	1.97	0.10855
GO:2000272	negative regulation of signaling recepto...	8	4	1.97	0.10855
GO:0072525	pyridine-containing compound biosyntheti...	41	14	10.1	0.10972
GO:2001252	positive regulation of chromosome organi...	95	29	23.4	0.11052
GO:0015031	protein transport	455	123	112.09	0.11133
GO:0006901	vesicle coating	24	9	5.91	0.11191
GO:1990823	response to leukemia inhibitory factor	24	9	5.91	0.11191
GO:1990830	cellular response to leukemia inhibitory...	24	9	5.91	0.11191
GO:0035967	cellular response to topologically incor...	66	21	16.26	0.11220
GO:0043085	positive regulation of catalytic activit...	246	69	60.6	0.11284
GO:0097190	apoptotic signaling pathway	88	27	21.68	0.11470
GO:0042325	regulation of phosphorylation	193	55	47.54	0.11632
GO:0002183	cytoplasmic translational initiation	31	11	7.64	0.11731
GO:0008299	isoprenoid biosynthetic process	31	11	7.64	0.11731
GO:0048675	axon extension	31	11	7.64	0.11731
GO:0001558	regulation of cell growth	70	22	17.24	0.11782
GO:0022622	root system development	70	22	17.24	0.11782
GO:0048364	root development	70	22	17.24	0.11782
GO:2000060	positive regulation of ubiquitin-depende...	70	22	17.24	0.11782
GO:1901652	response to peptide	103	31	25.37	0.11798
GO:0044093	positive regulation of molecular functio...	289	80	71.19	0.11802
GO:0006816	calcium ion transport	45	15	11.09	0.11885
GO:0009415	response to water	45	15	11.09	0.11885
GO:0008380	RNA splicing	163	47	40.15	0.11919
GO:0006397	mRNA processing	182	52	44.83	0.11980
GO:0010675	regulation of cellular carbohydrate meta...	21	8	5.17	0.12072
GO:0022898	regulation of transmembrane transporter ...	21	8	5.17	0.12072
GO:0032409	regulation of transporter activity	21	8	5.17	0.12072
GO:0032412	regulation of ion transmembrane transpor...	21	8	5.17	0.12072
GO:0048509	regulation of meristem development	21	8	5.17	0.12072
GO:0097191	extrinsic apoptotic signaling pathway	21	8	5.17	0.12072
GO:0031400	negative regulation of protein modificat...	107	32	26.36	0.12149
GO:0032446	protein modification by small protein co...	186	53	45.82	0.12163
GO:0042176	regulation of protein catabolic process	122	36	30.05	0.12270
GO:0043434	response to peptide hormone	96	29	23.65	0.12283
GO:0000398	mRNA splicing, via spliceosome	137	40	33.75	0.12290
GO:0036503	ERAD pathway	74	23	18.23	0.12315
GO:1901607	alpha-amino acid biosynthetic process	74	23	18.23	0.12315
GO:0051604	protein maturation	85	26	20.94	0.12348
GO:0006732	coenzyme metabolic process	179	51	44.1	0.12721
GO:0034762	regulation of transmembrane transport	49	16	12.07	0.12726
GO:0030433	ubiquitin-dependent ERAD pathway	67	21	16.51	0.12732
GO:0043648	dicarboxylic acid metabolic process	67	21	16.51	0.12732
GO:0000447	endonucleolytic cleavage in ITS1 to sepa...	28	10	6.9	0.12738
GO:0019079	viral genome replication	28	10	6.9	0.12738
GO:0031098	stress-activated protein kinase signalin...	28	10	6.9	0.12738
GO:0008652	cellular amino acid biosynthetic process	89	27	21.92	0.12784
GO:0009793	embryo development ending in seed dorman...	89	27	21.92	0.12784
GO:0046686	response to cadmium ion	89	27	21.92	0.12784
GO:0006301	postreplication repair	42	14	10.35	0.12909
GO:0034622	cellular protein-containing complex asse...	415	112	102.23	0.12939
GO:0000726	non-recombinational repair	35	12	8.62	0.12948
GO:0042278	purine nucleoside metabolic process	35	12	8.62	0.12948
GO:0044743	protein transmembrane import into intrac...	35	12	8.62	0.12948
GO:2001234	negative regulation of apoptotic signali...	35	12	8.62	0.12948
GO:0016192	vesicle-mediated transport	341	93	84	0.12983
GO:0000387	spliceosomal snRNP assembly	18	7	4.43	0.13011
GO:0009190	cyclic nucleotide biosynthetic process	18	7	4.43	0.13011
GO:0010507	negative regulation of autophagy	18	7	4.43	0.13011
GO:0018991	oviposition	18	7	4.43	0.13011
GO:0036473	cell death in response to oxidative stre...	18	7	4.43	0.13011
GO:0043409	negative regulation of MAPK cascade	18	7	4.43	0.13011
GO:0052652	cyclic purine nucleotide metabolic proce...	18	7	4.43	0.13011
GO:1900006	positive regulation of dendrite developm...	18	7	4.43	0.13011
GO:0040012	regulation of locomotion	104	31	25.62	0.13030
GO:0071702	organic substance transport	596	158	146.82	0.13065
GO:0043687	post-translational protein modification	60	19	14.78	0.13133
GO:0050769	positive regulation of neurogenesis	60	19	14.78	0.13133
GO:0035556	intracellular signal transduction	322	88	79.32	0.13288
GO:0034220	ion transmembrane transport	218	61	53.7	0.13474
GO:0019362	pyridine nucleotide metabolic process	64	20	15.77	0.13766
GO:0046496	nicotinamide nucleotide metabolic proces...	64	20	15.77	0.13766
GO:0007186	G protein-coupled receptor signaling pat...	46	15	11.33	0.13820
GO:0010976	positive regulation of neuron projection...	46	15	11.33	0.13820
GO:0032508	DNA duplex unwinding	46	15	11.33	0.13820
GO:0045840	positive regulation of mitotic nuclear d...	46	15	11.33	0.13820
GO:0032210	regulation of telomere maintenance via t...	25	9	6.16	0.13848
GO:0042398	cellular modified amino acid biosyntheti...	25	9	6.16	0.13848
GO:0051403	stress-activated MAPK cascade	25	9	6.16	0.13848
GO:0002429	immune response-activating cell surface ...	15	6	3.7	0.13992
GO:0002768	immune response-regulating cell surface ...	15	6	3.7	0.13992
GO:0007254	JNK cascade	15	6	3.7	0.13992
GO:0009606	tropism	15	6	3.7	0.13992
GO:0009816	defense response to bacterium, incompati...	15	6	3.7	0.13992
GO:0019682	glyceraldehyde-3-phosphate metabolic pro...	15	6	3.7	0.13992
GO:0030150	protein import into mitochondrial matrix	15	6	3.7	0.13992
GO:0031365	N-terminal protein amino acid modificati...	15	6	3.7	0.13992
GO:0042552	myelination	15	6	3.7	0.13992
GO:0043162	ubiquitin-dependent protein catabolic pr...	15	6	3.7	0.13992
GO:0045833	negative regulation of lipid metabolic p...	15	6	3.7	0.13992
GO:0051592	response to calcium ion	15	6	3.7	0.13992
GO:0070206	protein trimerization	15	6	3.7	0.13992
GO:0071369	cellular response to ethylene stimulus	15	6	3.7	0.13992
GO:1903201	regulation of oxidative stress-induced c...	15	6	3.7	0.13992
GO:0003013	circulatory system process	39	13	9.61	0.14041
GO:0006626	protein targeting to mitochondrion	39	13	9.61	0.14041
GO:0008015	blood circulation	39	13	9.61	0.14041
GO:0043410	positive regulation of MAPK cascade	39	13	9.61	0.14041
GO:0060070	canonical Wnt signaling pathway	32	11	7.88	0.14095
GO:0060828	regulation of canonical Wnt signaling pa...	32	11	7.88	0.14095
GO:0048608	reproductive structure development	238	66	58.63	0.14173
GO:0007178	transmembrane receptor protein serine/th...	57	18	14.04	0.14225
GO:0030447	filamentous growth	57	18	14.04	0.14225
GO:0050790	regulation of catalytic activity	374	101	92.13	0.14296
GO:0051648	vesicle localization	79	24	19.46	0.14326
GO:0051650	establishment of vesicle localization	79	24	19.46	0.14326
GO:0010942	positive regulation of cell death	120	35	29.56	0.14350
GO:0032436	positive regulation of proteasomal ubiqu...	68	21	16.75	0.14359
GO:0034641	cellular nitrogen compound metabolic pro...	1691	430	416.57	0.14458
GO:0045931	positive regulation of mitotic cell cycl...	94	28	23.16	0.14597
GO:0032392	DNA geometric change	50	16	12.32	0.14654
GO:0006810	transport	945	245	232.8	0.14657
GO:0051641	cellular localization	706	185	173.92	0.14785
GO:0018193	peptidyl-amino acid modification	324	88	79.82	0.14821
GO:0001933	negative regulation of protein phosphory...	61	19	15.03	0.14894
GO:0008033	tRNA processing	72	22	17.74	0.14915
GO:0001700	embryonic development via the syncytial ...	12	5	2.96	0.14978
GO:0006534	cysteine metabolic process	12	5	2.96	0.14978
GO:0007187	G protein-coupled receptor signaling pat...	12	5	2.96	0.14978
GO:0007549	dosage compensation	12	5	2.96	0.14978
GO:0009070	serine family amino acid biosynthetic pr...	12	5	2.96	0.14978
GO:0010822	positive regulation of mitochondrion org...	12	5	2.96	0.14978
GO:0042451	purine nucleoside biosynthetic process	12	5	2.96	0.14978
GO:0046129	purine ribonucleoside biosynthetic proce...	12	5	2.96	0.14978
GO:0046471	phosphatidylglycerol metabolic process	12	5	2.96	0.14978
GO:0048754	branching morphogenesis of an epithelial...	12	5	2.96	0.14978
GO:0061138	morphogenesis of a branching epithelium	12	5	2.96	0.14978
GO:0071804	cellular potassium ion transport	12	5	2.96	0.14978
GO:0071805	potassium ion transmembrane transport	12	5	2.96	0.14978
GO:0072697	protein localization to cell cortex	12	5	2.96	0.14978
GO:0098876	vesicle-mediated transport to the plasma...	12	5	2.96	0.14978
GO:1903747	regulation of establishment of protein l...	12	5	2.96	0.14978
GO:0009416	response to light stimulus	166	47	40.89	0.15001
GO:0019932	second-messenger-mediated signaling	43	14	10.59	0.15026
GO:0000746	conjugation	22	8	5.42	0.15077
GO:0000747	conjugation with cellular fusion	22	8	5.42	0.15077
GO:0042752	regulation of circadian rhythm	22	8	5.42	0.15077
GO:0043112	receptor metabolic process	22	8	5.42	0.15077
GO:0048207	vesicle targeting, rough ER to cis-Golgi	22	8	5.42	0.15077
GO:0048208	COPII vesicle coating	22	8	5.42	0.15077
GO:0050714	positive regulation of protein secretion	22	8	5.42	0.15077
GO:0061458	reproductive system development	239	66	58.88	0.15081
GO:0000186	activation of MAPKK activity	3	2	0.74	0.15207
GO:0000188	inactivation of MAPK activity	3	2	0.74	0.15207
GO:0001844	protein insertion into mitochondrial mem...	3	2	0.74	0.15207
GO:0001919	regulation of receptor recycling	3	2	0.74	0.15207
GO:0002100	tRNA wobble adenosine to inosine editing	3	2	0.74	0.15207
GO:0002101	tRNA wobble cytosine modification	3	2	0.74	0.15207
GO:0002711	positive regulation of T cell mediated i...	3	2	0.74	0.15207
GO:0003014	renal system process	3	2	0.74	0.15207
GO:0003360	brainstem development	3	2	0.74	0.15207
GO:0005991	trehalose metabolic process	3	2	0.74	0.15207
GO:0006000	fructose metabolic process	3	2	0.74	0.15207
GO:0006042	glucosamine biosynthetic process	3	2	0.74	0.15207
GO:0006266	DNA ligation	3	2	0.74	0.15207
GO:0006382	adenosine to inosine editing	3	2	0.74	0.15207
GO:0006425	glutaminyl-tRNA aminoacylation	3	2	0.74	0.15207
GO:0006509	membrane protein ectodomain proteolysis	3	2	0.74	0.15207
GO:0006585	dopamine biosynthetic process from tyros...	3	2	0.74	0.15207
GO:0006592	ornithine biosynthetic process	3	2	0.74	0.15207
GO:0006596	polyamine biosynthetic process	3	2	0.74	0.15207
GO:0006642	triglyceride mobilization	3	2	0.74	0.15207
GO:0006684	sphingomyelin metabolic process	3	2	0.74	0.15207
GO:0006751	glutathione catabolic process	3	2	0.74	0.15207
GO:0007105	cytokinesis, site selection	3	2	0.74	0.15207
GO:0007398	ectoderm development	3	2	0.74	0.15207
GO:0008216	spermidine metabolic process	3	2	0.74	0.15207
GO:0008258	head involution	3	2	0.74	0.15207
GO:0008615	pyridoxine biosynthetic process	3	2	0.74	0.15207
GO:0009047	dosage compensation by hyperactivation o...	3	2	0.74	0.15207
GO:0009136	purine nucleoside diphosphate biosynthet...	3	2	0.74	0.15207
GO:0009153	purine deoxyribonucleotide biosynthetic ...	3	2	0.74	0.15207
GO:0009180	purine ribonucleoside diphosphate biosyn...	3	2	0.74	0.15207
GO:0009188	ribonucleoside diphosphate biosynthetic ...	3	2	0.74	0.15207
GO:0009395	phospholipid catabolic process	3	2	0.74	0.15207
GO:0009694	jasmonic acid metabolic process	3	2	0.74	0.15207
GO:0009904	chloroplast accumulation movement	3	2	0.74	0.15207
GO:0010103	stomatal complex morphogenesis	3	2	0.74	0.15207
GO:0010235	guard mother cell cytokinesis	3	2	0.74	0.15207
GO:0010573	vascular endothelial growth factor produ...	3	2	0.74	0.15207
GO:0010574	regulation of vascular endothelial growt...	3	2	0.74	0.15207
GO:0010633	negative regulation of epithelial cell m...	3	2	0.74	0.15207
GO:0010812	negative regulation of cell-substrate ad...	3	2	0.74	0.15207
GO:0010829	negative regulation of glucose transmemb...	3	2	0.74	0.15207
GO:0014819	regulation of skeletal muscle contractio...	3	2	0.74	0.15207
GO:0016553	base conversion or substitution editing	3	2	0.74	0.15207
GO:0016558	protein import into peroxisome matrix	3	2	0.74	0.15207
GO:0017126	nucleologenesis	3	2	0.74	0.15207
GO:0018201	peptidyl-glycine modification	3	2	0.74	0.15207
GO:0018364	peptidyl-glutamine methylation	3	2	0.74	0.15207
GO:0019344	cysteine biosynthetic process	3	2	0.74	0.15207
GO:0019918	peptidyl-arginine methylation, to symmet...	3	2	0.74	0.15207
GO:0021538	epithalamus development	3	2	0.74	0.15207
GO:0021986	habenula development	3	2	0.74	0.15207
GO:0030026	cellular manganese ion homeostasis	3	2	0.74	0.15207
GO:0030813	positive regulation of nucleotide catabo...	3	2	0.74	0.15207
GO:0031293	membrane protein intracellular domain pr...	3	2	0.74	0.15207
GO:0032074	negative regulation of nuclease activity	3	2	0.74	0.15207
GO:0032469	endoplasmic reticulum calcium ion homeos...	3	2	0.74	0.15207
GO:0032722	positive regulation of chemokine product...	3	2	0.74	0.15207
GO:0032889	regulation of vacuole fusion, non-autoph...	3	2	0.74	0.15207
GO:0033619	membrane protein proteolysis	3	2	0.74	0.15207
GO:0034402	recruitment of 3'-end processing factors...	3	2	0.74	0.15207
GO:0034694	response to prostaglandin	3	2	0.74	0.15207
GO:0034695	response to prostaglandin E	3	2	0.74	0.15207
GO:0034758	positive regulation of iron ion transpor...	3	2	0.74	0.15207
GO:0034759	regulation of iron ion transmembrane tra...	3	2	0.74	0.15207
GO:0034761	positive regulation of iron ion transmem...	3	2	0.74	0.15207
GO:0035333	Notch receptor processing, ligand-depend...	3	2	0.74	0.15207
GO:0039019	pronephric nephron development	3	2	0.74	0.15207
GO:0042182	ketone catabolic process	3	2	0.74	0.15207
GO:0042427	serotonin biosynthetic process	3	2	0.74	0.15207
GO:0042632	cholesterol homeostasis	3	2	0.74	0.15207
GO:0042659	regulation of cell fate specification	3	2	0.74	0.15207
GO:0044849	estrous cycle	3	2	0.74	0.15207
GO:0045572	positive regulation of imaginal disc gro...	3	2	0.74	0.15207
GO:0045661	regulation of myoblast differentiation	3	2	0.74	0.15207
GO:0045773	positive regulation of axon extension	3	2	0.74	0.15207
GO:0045821	positive regulation of glycolytic proces...	3	2	0.74	0.15207
GO:0045879	negative regulation of smoothened signal...	3	2	0.74	0.15207
GO:0046325	negative regulation of glucose import	3	2	0.74	0.15207
GO:0046348	amino sugar catabolic process	3	2	0.74	0.15207
GO:0046836	glycolipid transport	3	2	0.74	0.15207
GO:0047484	regulation of response to osmotic stress	3	2	0.74	0.15207
GO:0048070	regulation of developmental pigmentation	3	2	0.74	0.15207
GO:0048079	regulation of cuticle pigmentation	3	2	0.74	0.15207
GO:0048768	root hair cell tip growth	3	2	0.74	0.15207
GO:0050820	positive regulation of coagulation	3	2	0.74	0.15207
GO:0051150	regulation of smooth muscle cell differe...	3	2	0.74	0.15207
GO:0051391	tRNA acetylation	3	2	0.74	0.15207
GO:0051715	cytolysis in other organism	3	2	0.74	0.15207
GO:0055071	manganese ion homeostasis	3	2	0.74	0.15207
GO:0060339	negative regulation of type I interferon...	3	2	0.74	0.15207
GO:0060749	mammary gland alveolus development	3	2	0.74	0.15207
GO:0061180	mammary gland epithelium development	3	2	0.74	0.15207
GO:0061377	mammary gland lobule development	3	2	0.74	0.15207
GO:0061635	regulation of protein complex stability	3	2	0.74	0.15207
GO:0061900	glial cell activation	3	2	0.74	0.15207
GO:0070509	calcium ion import	3	2	0.74	0.15207
GO:0070813	hydrogen sulfide metabolic process	3	2	0.74	0.15207
GO:0070814	hydrogen sulfide biosynthetic process	3	2	0.74	0.15207
GO:0070843	misfolded protein transport	3	2	0.74	0.15207
GO:0070870	heterochromatin maintenance involved in ...	3	2	0.74	0.15207
GO:0070893	transposon integration	3	2	0.74	0.15207
GO:0070966	nuclear-transcribed mRNA catabolic proce...	3	2	0.74	0.15207
GO:0071243	cellular response to arsenic-containing ...	3	2	0.74	0.15207
GO:0071379	cellular response to prostaglandin stimu...	3	2	0.74	0.15207
GO:0071380	cellular response to prostaglandin E sti...	3	2	0.74	0.15207
GO:0071960	maintenance of mitotic sister chromatid ...	3	2	0.74	0.15207
GO:0080022	primary root development	3	2	0.74	0.15207
GO:0090313	regulation of protein targeting to membr...	3	2	0.74	0.15207
GO:0140042	lipid droplet formation	3	2	0.74	0.15207
GO:0150076	neuroinflammatory response	3	2	0.74	0.15207
GO:1900409	positive regulation of cellular response...	3	2	0.74	0.15207
GO:1900739	regulation of protein insertion into mit...	3	2	0.74	0.15207
GO:1900740	positive regulation of protein insertion...	3	2	0.74	0.15207
GO:1901028	regulation of mitochondrial outer membra...	3	2	0.74	0.15207
GO:1901030	positive regulation of mitochondrial out...	3	2	0.74	0.15207
GO:1901142	insulin metabolic process	3	2	0.74	0.15207
GO:1901162	primary amino compound biosynthetic proc...	3	2	0.74	0.15207
GO:1901343	negative regulation of vasculature devel...	3	2	0.74	0.15207
GO:1901563	response to camptothecin	3	2	0.74	0.15207
GO:1902065	response to L-glutamate	3	2	0.74	0.15207
GO:1902570	protein localization to nucleolus	3	2	0.74	0.15207
GO:1903665	negative regulation of asexual reproduct...	3	2	0.74	0.15207
GO:1904359	regulation of spore germination	3	2	0.74	0.15207
GO:1904360	negative regulation of spore germination	3	2	0.74	0.15207
GO:1904812	rRNA acetylation involved in maturation ...	3	2	0.74	0.15207
GO:1905063	regulation of vascular smooth muscle cel...	3	2	0.74	0.15207
GO:1905267	endonucleolytic cleavage involved in tRN...	3	2	0.74	0.15207
GO:1990000	amyloid fibril formation	3	2	0.74	0.15207
GO:1990616	magnesium ion export from mitochondrion	3	2	0.74	0.15207
GO:1990834	response to odorant	3	2	0.74	0.15207
GO:1990882	rRNA acetylation	3	2	0.74	0.15207
GO:1990884	RNA acetylation	3	2	0.74	0.15207
GO:2000481	positive regulation of cAMP-dependent pr...	3	2	0.74	0.15207
GO:2000738	positive regulation of stem cell differe...	3	2	0.74	0.15207
GO:2001273	regulation of glucose import in response...	3	2	0.74	0.15207
GO:0080135	regulation of cellular response to stres...	151	43	37.2	0.15260
GO:0006282	regulation of DNA repair	36	12	8.87	0.15295
GO:0006139	nucleobase-containing compound metabolic...	1401	358	345.13	0.15361
GO:0090698	post-embryonic plant morphogenesis	29	10	7.14	0.15371
GO:0006289	nucleotide-excision repair	76	23	18.72	0.15438
GO:0006733	oxidoreduction coenzyme metabolic proces...	76	23	18.72	0.15438
GO:0030334	regulation of cell migration	65	20	16.01	0.15517
GO:0009059	macromolecule biosynthetic process	983	254	242.16	0.15681
GO:0034645	cellular macromolecule biosynthetic proc...	967	250	238.22	0.15694
GO:1903050	regulation of proteolysis involved in ce...	106	31	26.11	0.15720
GO:1903362	regulation of cellular protein catabolic...	106	31	26.11	0.15720
GO:0042886	amide transport	482	128	118.74	0.15755
GO:0000338	protein deneddylation	9	4	2.22	0.15867
GO:0000749	response to pheromone triggering conjuga...	9	4	2.22	0.15867
GO:0000911	cytokinesis by cell plate formation	9	4	2.22	0.15867
GO:0006359	regulation of transcription by RNA polym...	9	4	2.22	0.15867
GO:0006563	L-serine metabolic process	9	4	2.22	0.15867
GO:0006655	phosphatidylglycerol biosynthetic proces...	9	4	2.22	0.15867
GO:0007114	cell budding	9	4	2.22	0.15867
GO:0007447	imaginal disc pattern formation	9	4	2.22	0.15867
GO:0007450	dorsal/ventral pattern formation, imagin...	9	4	2.22	0.15867
GO:0009965	leaf morphogenesis	9	4	2.22	0.15867
GO:0010054	trichoblast differentiation	9	4	2.22	0.15867
GO:0015074	DNA integration	9	4	2.22	0.15867
GO:0015780	nucleotide-sugar transmembrane transport	9	4	2.22	0.15867
GO:0030278	regulation of ossification	9	4	2.22	0.15867
GO:0032411	positive regulation of transporter activ...	9	4	2.22	0.15867
GO:0032414	positive regulation of ion transmembrane...	9	4	2.22	0.15867
GO:0035222	wing disc pattern formation	9	4	2.22	0.15867
GO:0035924	cellular response to vascular endothelia...	9	4	2.22	0.15867
GO:0043050	pharyngeal pumping	9	4	2.22	0.15867
GO:0043122	regulation of I-kappaB kinase/NF-kappaB ...	9	4	2.22	0.15867
GO:0045069	regulation of viral genome replication	9	4	2.22	0.15867
GO:0045472	response to ether	9	4	2.22	0.15867
GO:0045923	positive regulation of fatty acid metabo...	9	4	2.22	0.15867
GO:0048190	wing disc dorsal/ventral pattern formati...	9	4	2.22	0.15867
GO:0048762	mesenchymal cell differentiation	9	4	2.22	0.15867
GO:0051278	fungal-type cell wall polysaccharide bio...	9	4	2.22	0.15867
GO:0060337	type I interferon signaling pathway	9	4	2.22	0.15867
GO:0061641	CENP-A containing chromatin organization	9	4	2.22	0.15867
GO:0070592	cell wall polysaccharide biosynthetic pr...	9	4	2.22	0.15867
GO:0070670	response to interleukin-4	9	4	2.22	0.15867
GO:0071281	cellular response to iron ion	9	4	2.22	0.15867
GO:0071353	cellular response to interleukin-4	9	4	2.22	0.15867
GO:0071357	cellular response to type I interferon	9	4	2.22	0.15867
GO:0090207	regulation of triglyceride metabolic pro...	9	4	2.22	0.15867
GO:1901031	regulation of response to reactive oxyge...	9	4	2.22	0.15867
GO:2000220	regulation of pseudohyphal growth	9	4	2.22	0.15867
GO:0000209	protein polyubiquitination	47	15	11.58	0.15920
GO:0016485	protein processing	47	15	11.58	0.15920
GO:0065004	protein-DNA complex assembly	80	24	19.71	0.15930
GO:0051247	positive regulation of protein metabolic...	302	82	74.4	0.15942
GO:0000377	RNA splicing, via transesterification re...	144	41	35.47	0.15984
GO:0044281	small molecule metabolic process	736	192	181.31	0.16040
GO:0007169	transmembrane receptor protein tyrosine ...	95	28	23.4	0.16079
GO:0022604	regulation of cell morphogenesis	95	28	23.4	0.16079
GO:0070647	protein modification by small protein co...	244	67	60.11	0.16150
GO:0023051	regulation of signaling	400	107	98.54	0.16166
GO:0019637	organophosphate metabolic process	361	97	88.93	0.16312
GO:0032269	negative regulation of cellular protein ...	171	48	42.13	0.16326
GO:0000128	flocculation	6	3	1.48	0.16351
GO:0000750	pheromone-dependent signal transduction ...	6	3	1.48	0.16351
GO:0001942	hair follicle development	6	3	1.48	0.16351
GO:0002027	regulation of heart rate	6	3	1.48	0.16351
GO:0002286	T cell activation involved in immune res...	6	3	1.48	0.16351
GO:0006089	lactate metabolic process	6	3	1.48	0.16351
GO:0006098	pentose-phosphate shunt	6	3	1.48	0.16351
GO:0006388	tRNA splicing, via endonucleolytic cleav...	6	3	1.48	0.16351
GO:0006516	glycoprotein catabolic process	6	3	1.48	0.16351
GO:0006658	phosphatidylserine metabolic process	6	3	1.48	0.16351
GO:0007446	imaginal disc growth	6	3	1.48	0.16351
GO:0009082	branched-chain amino acid biosynthetic p...	6	3	1.48	0.16351
GO:0009313	oligosaccharide catabolic process	6	3	1.48	0.16351
GO:0010225	response to UV-C	6	3	1.48	0.16351
GO:0015813	L-glutamate transmembrane transport	6	3	1.48	0.16351
GO:0022405	hair cycle process	6	3	1.48	0.16351
GO:0030421	defecation	6	3	1.48	0.16351
GO:0030512	negative regulation of transforming grow...	6	3	1.48	0.16351
GO:0031061	negative regulation of histone methylati...	6	3	1.48	0.16351
GO:0032005	signal transduction involved in positive...	6	3	1.48	0.16351
GO:0033146	regulation of intracellular estrogen rec...	6	3	1.48	0.16351
GO:0034087	establishment of mitotic sister chromati...	6	3	1.48	0.16351
GO:0043470	regulation of carbohydrate catabolic pro...	6	3	1.48	0.16351
GO:0043954	cellular component maintenance	6	3	1.48	0.16351
GO:0045168	cell-cell signaling involved in cell fat...	6	3	1.48	0.16351
GO:0045744	negative regulation of G protein-coupled...	6	3	1.48	0.16351
GO:0045806	negative regulation of endocytosis	6	3	1.48	0.16351
GO:0045913	positive regulation of carbohydrate meta...	6	3	1.48	0.16351
GO:0046329	negative regulation of JNK cascade	6	3	1.48	0.16351
GO:0046331	lateral inhibition	6	3	1.48	0.16351
GO:0046963	3'-phosphoadenosine 5'-phosphosulfate tr...	6	3	1.48	0.16351
GO:0048440	carpel development	6	3	1.48	0.16351
GO:0048525	negative regulation of viral process	6	3	1.48	0.16351
GO:0048747	muscle fiber development	6	3	1.48	0.16351
GO:0050690	regulation of defense response to virus ...	6	3	1.48	0.16351
GO:0050765	negative regulation of phagocytosis	6	3	1.48	0.16351
GO:0051156	glucose 6-phosphate metabolic process	6	3	1.48	0.16351
GO:0060256	regulation of flocculation	6	3	1.48	0.16351
GO:0060257	negative regulation of flocculation	6	3	1.48	0.16351
GO:0060612	adipose tissue development	6	3	1.48	0.16351
GO:0061098	positive regulation of protein tyrosine ...	6	3	1.48	0.16351
GO:0070601	centromeric sister chromatid cohesion	6	3	1.48	0.16351
GO:0070827	chromatin maintenance	6	3	1.48	0.16351
GO:0070932	histone H3 deacetylation	6	3	1.48	0.16351
GO:0098773	skin epidermis development	6	3	1.48	0.16351
GO:1900077	negative regulation of cellular response...	6	3	1.48	0.16351
