GO.ID	Term	Annotated	Significant	Expected	classic
GO:0001196	regulation of mating-type specific trans...	5	3	0.1	8.4e-05
GO:0001198	negative regulation of mating-type speci...	5	3	0.1	8.4e-05
GO:0007532	regulation of mating-type specific trans...	5	3	0.1	8.4e-05
GO:0045894	negative regulation of mating-type speci...	5	3	0.1	8.4e-05
GO:0072364	regulation of cellular ketone metabolic ...	5	3	0.1	8.4e-05
GO:0100070	regulation of fatty acid biosynthetic pr...	5	3	0.1	8.4e-05
GO:2000531	regulation of fatty acid biosynthetic pr...	5	3	0.1	8.4e-05
GO:2000217	regulation of invasive growth in respons...	14	4	0.29	0.00015
GO:0070784	regulation of growth of unicellular orga...	17	4	0.35	0.00033
GO:0001403	invasive growth in response to glucose l...	18	4	0.38	0.00042
GO:0000430	regulation of transcription from RNA pol...	8	3	0.17	0.00045
GO:0000433	carbon catabolite repression of transcri...	8	3	0.17	0.00045
GO:0035950	regulation of oligopeptide transport by ...	8	3	0.17	0.00045
GO:0035952	negative regulation of oligopeptide tran...	8	3	0.17	0.00045
GO:0035953	regulation of dipeptide transport by reg...	8	3	0.17	0.00045
GO:0035955	negative regulation of dipeptide transpo...	8	3	0.17	0.00045
GO:0042938	dipeptide transport	8	3	0.17	0.00045
GO:0045013	carbon catabolite repression of transcri...	8	3	0.17	0.00045
GO:0045014	carbon catabolite repression of transcri...	8	3	0.17	0.00045
GO:0061984	catabolite repression	8	3	0.17	0.00045
GO:0061985	carbon catabolite repression	8	3	0.17	0.00045
GO:0061986	negative regulation of transcription by ...	8	3	0.17	0.00045
GO:0061987	negative regulation of transcription fro...	8	3	0.17	0.00045
GO:0090088	regulation of oligopeptide transport	8	3	0.17	0.00045
GO:0090089	regulation of dipeptide transport	8	3	0.17	0.00045
GO:2000877	negative regulation of oligopeptide tran...	8	3	0.17	0.00045
GO:2000879	negative regulation of dipeptide transpo...	8	3	0.17	0.00045
GO:0045944	positive regulation of transcription by ...	139	10	2.9	0.00049
GO:0000429	carbon catabolite regulation of transcri...	9	3	0.19	0.00066
GO:0045990	carbon catabolite regulation of transcri...	9	3	0.19	0.00066
GO:0036267	invasive filamentous growth	21	4	0.44	0.00079
GO:0046015	regulation of transcription by glucose	10	3	0.21	0.00094
GO:0045893	positive regulation of transcription, DN...	208	12	4.33	0.00098
GO:0030447	filamentous growth	57	6	1.19	0.00103
GO:0043486	histone exchange	23	4	0.48	0.00113
GO:1903508	positive regulation of nucleic acid-temp...	215	12	4.48	0.00132
GO:0070783	growth of unicellular organism as a thre...	24	4	0.5	0.00134
GO:1900428	regulation of filamentous growth of a po...	24	4	0.5	0.00134
GO:1902680	positive regulation of RNA biosynthetic ...	216	12	4.5	0.00137
GO:0010570	regulation of filamentous growth	25	4	0.52	0.00157
GO:0016584	nucleosome positioning	12	3	0.25	0.00166
GO:0042304	regulation of fatty acid biosynthetic pr...	13	3	0.27	0.00213
GO:0000282	cellular bud site selection	4	2	0.08	0.00250
GO:0002949	tRNA threonylcarbamoyladenosine modifica...	4	2	0.08	0.00250
GO:0010557	positive regulation of macromolecule bio...	297	14	6.19	0.00260
GO:0051254	positive regulation of RNA metabolic pro...	233	12	4.86	0.00263
GO:0043044	ATP-dependent chromatin remodeling	30	4	0.63	0.00314
GO:0006857	oligopeptide transport	15	3	0.31	0.00329
GO:0035065	regulation of histone acetylation	15	3	0.31	0.00329
GO:0031328	positive regulation of cellular biosynth...	348	15	7.25	0.00429
GO:1901983	regulation of protein acetylation	17	3	0.35	0.00477
GO:2000756	regulation of peptidyl-lysine acetylatio...	17	3	0.35	0.00477
GO:0009891	positive regulation of biosynthetic proc...	356	15	7.42	0.00533
GO:0010628	positive regulation of gene expression	323	14	6.73	0.00562
GO:0006357	regulation of transcription by RNA polym...	256	12	5.33	0.00572
GO:0010269	response to selenium ion	6	2	0.13	0.00608
GO:0055093	response to hyperoxia	6	2	0.13	0.00608
GO:0034728	nucleosome organization	57	5	1.19	0.00613
GO:0042554	superoxide anion generation	19	3	0.4	0.00660
GO:0018996	molting cycle, collagen and cuticulin-ba...	20	3	0.42	0.00765
GO:0007595	lactation	7	2	0.15	0.00840
GO:0035066	positive regulation of histone acetylati...	7	2	0.15	0.00840
GO:0035722	interleukin-12-mediated signaling pathwa...	7	2	0.15	0.00840
GO:0070671	response to interleukin-12	7	2	0.15	0.00840
GO:0071349	cellular response to interleukin-12	7	2	0.15	0.00840
GO:0042743	hydrogen peroxide metabolic process	40	4	0.83	0.00896
GO:0044182	filamentous growth of a population of un...	40	4	0.83	0.00896
GO:0045935	positive regulation of nucleobase-contai...	306	13	6.38	0.00910
GO:0006355	regulation of transcription, DNA-templat...	417	16	8.69	0.00978
GO:0007584	response to nutrient	64	5	1.33	0.00997
GO:0007021	tubulin complex assembly	8	2	0.17	0.01105
GO:0007289	spermatid nucleus differentiation	8	2	0.17	0.01105
GO:1901985	positive regulation of protein acetylati...	8	2	0.17	0.01105
GO:2000758	positive regulation of peptidyl-lysine a...	8	2	0.17	0.01105
GO:1903506	regulation of nucleic acid-templated tra...	423	16	8.82	0.01118
GO:0007531	mating type determination	23	3	0.48	0.01137
GO:2001141	regulation of RNA biosynthetic process	424	16	8.84	0.01142
GO:0006325	chromatin organization	247	11	5.15	0.01189
GO:0031058	positive regulation of histone modificat...	24	3	0.5	0.01281
GO:0045892	negative regulation of transcription, DN...	184	9	3.83	0.01294
GO:0000305	response to oxygen radical	9	2	0.19	0.01402
GO:1902679	negative regulation of RNA biosynthetic ...	187	9	3.9	0.01429
GO:1903507	negative regulation of nucleic acid-temp...	187	9	3.9	0.01429
GO:0031670	cellular response to nutrient	25	3	0.52	0.01434
GO:2000113	negative regulation of cellular macromol...	254	11	5.29	0.01448
GO:0019217	regulation of fatty acid metabolic proce...	26	3	0.54	0.01597
GO:0007286	spermatid development	48	4	1	0.01685
GO:0031056	regulation of histone modification	48	4	1	0.01685
GO:0007589	body fluid secretion	10	2	0.21	0.01729
GO:0036296	response to increased oxygen levels	10	2	0.21	0.01729
GO:0010558	negative regulation of macromolecule bio...	261	11	5.44	0.01748
GO:0006801	superoxide metabolic process	27	3	0.56	0.01770
GO:0022404	molting cycle process	27	3	0.56	0.01770
GO:1901796	regulation of signal transduction by p53...	27	3	0.56	0.01770
GO:0048515	spermatid differentiation	49	4	1.02	0.01806
GO:0006366	transcription by RNA polymerase II	302	12	6.29	0.02012
GO:0051252	regulation of RNA metabolic process	491	17	10.23	0.02040
GO:0002052	positive regulation of neuroblast prolif...	1	1	0.02	0.02084
GO:0003032	detection of oxygen	1	1	0.02	0.02084
GO:0003068	regulation of systemic arterial blood pr...	1	1	0.02	0.02084
GO:0003069	acetylcholine-mediated vasodilation invo...	1	1	0.02	0.02084
GO:0003070	regulation of systemic arterial blood pr...	1	1	0.02	0.02084
GO:0003085	negative regulation of systemic arterial...	1	1	0.02	0.02084
GO:0003299	muscle hypertrophy in response to stress	1	1	0.02	0.02084
GO:0006925	inflammatory cell apoptotic process	1	1	0.02	0.02084
GO:0007439	ectodermal digestive tract development	1	1	0.02	0.02084
GO:0009660	amyloplast organization	1	1	0.02	0.02084
GO:0010227	floral organ abscission	1	1	0.02	0.02084
GO:0014010	Schwann cell proliferation	1	1	0.02	0.02084
GO:0014834	skeletal muscle satellite cell maintenan...	1	1	0.02	0.02084
GO:0014887	cardiac muscle adaptation	1	1	0.02	0.02084
GO:0014898	cardiac muscle hypertrophy in response t...	1	1	0.02	0.02084
GO:0030857	negative regulation of epithelial cell d...	1	1	0.02	0.02084
GO:0034021	response to silicon dioxide	1	1	0.02	0.02084
GO:0035523	protein K29-linked deubiquitination	1	1	0.02	0.02084
GO:0036333	hepatocyte homeostasis	1	1	0.02	0.02084
GO:0038001	paracrine signaling	1	1	0.02	0.02084
GO:0039536	negative regulation of RIG-I signaling p...	1	1	0.02	0.02084
GO:0042000	translocation of peptides or proteins in...	1	1	0.02	0.02084
GO:0042395	ecdysis, collagen and cuticulin-based cu...	1	1	0.02	0.02084
GO:0044053	translocation of peptides or proteins in...	1	1	0.02	0.02084
GO:0044154	histone H3-K14 acetylation	1	1	0.02	0.02084
GO:0044417	translocation of molecules into host	1	1	0.02	0.02084
GO:0044656	regulation of post-lysosomal vacuole siz...	1	1	0.02	0.02084
GO:0045605	negative regulation of epidermal cell di...	1	1	0.02	0.02084
GO:0045683	negative regulation of epidermis develop...	1	1	0.02	0.02084
GO:0048611	embryonic ectodermal digestive tract dev...	1	1	0.02	0.02084
GO:0048773	erythrophore differentiation	1	1	0.02	0.02084
GO:0051808	translocation of peptides or proteins in...	1	1	0.02	0.02084
GO:0051836	translocation of molecules into other or...	1	1	0.02	0.02084
GO:0060215	primitive hemopoiesis	1	1	0.02	0.02084
GO:0070276	halogen metabolic process	1	1	0.02	0.02084
GO:0070314	G1 to G0 transition	1	1	0.02	0.02084
GO:0071440	regulation of histone H3-K14 acetylation	1	1	0.02	0.02084
GO:0071442	positive regulation of histone H3-K14 ac...	1	1	0.02	0.02084
GO:0071888	macrophage apoptotic process	1	1	0.02	0.02084
GO:0072670	mitochondrial tRNA threonylcarbamoyladen...	1	1	0.02	0.02084
GO:0090677	reversible differentiation	1	1	0.02	0.02084
GO:0090679	cell differentiation involved in phenoty...	1	1	0.02	0.02084
GO:1900241	positive regulation of phenotypic switch...	1	1	0.02	0.02084
GO:1900756	protein processing in phagocytic vesicle	1	1	0.02	0.02084
GO:1902616	acyl carnitine transmembrane transport	1	1	0.02	0.02084
GO:1904772	response to tetrachloromethane	1	1	0.02	0.02084
GO:1905420	vascular smooth muscle cell differentiat...	1	1	0.02	0.02084
GO:1905915	regulation of cell differentiation invol...	1	1	0.02	0.02084
GO:1905917	positive regulation of cell differentiat...	1	1	0.02	0.02084
GO:1905930	regulation of vascular smooth muscle cel...	1	1	0.02	0.02084
GO:1905932	positive regulation of vascular smooth m...	1	1	0.02	0.02084
GO:1990167	protein K27-linked deubiquitination	1	1	0.02	0.02084
GO:1990168	protein K33-linked deubiquitination	1	1	0.02	0.02084
GO:1990575	mitochondrial L-ornithine transmembrane ...	1	1	0.02	0.02084
GO:2000109	regulation of macrophage apoptotic proce...	1	1	0.02	0.02084
GO:0021549	cerebellum development	11	2	0.23	0.02084
GO:0022037	metencephalon development	11	2	0.23	0.02084
GO:0034243	regulation of transcription elongation f...	29	3	0.6	0.02147
GO:0050665	hydrogen peroxide biosynthetic process	29	3	0.6	0.02147
GO:2000134	negative regulation of G1/S transition o...	29	3	0.6	0.02147
GO:0016482	cytosolic transport	78	5	1.63	0.02210
GO:1902807	negative regulation of cell cycle G1/S p...	30	3	0.63	0.02351
GO:0006338	chromatin remodeling	80	5	1.67	0.02437
GO:0000266	mitochondrial fission	12	2	0.25	0.02468
GO:0070525	tRNA threonylcarbamoyladenosine metaboli...	12	2	0.25	0.02468
GO:1902692	regulation of neuroblast proliferation	12	2	0.25	0.02468
GO:2000112	regulation of cellular macromolecule bio...	582	19	12.13	0.02490
GO:0098869	cellular oxidant detoxification	54	4	1.13	0.02496
GO:0031327	negative regulation of cellular biosynth...	276	11	5.75	0.02548
GO:1905269	positive regulation of chromatin organiz...	31	3	0.65	0.02565
GO:0042147	retrograde transport, endosome to Golgi	55	4	1.15	0.02650
GO:0051253	negative regulation of RNA metabolic pro...	208	9	4.33	0.02683
GO:0009890	negative regulation of biosynthetic proc...	279	11	5.81	0.02736
GO:0007530	sex determination	32	3	0.67	0.02789
GO:0032784	regulation of DNA-templated transcriptio...	32	3	0.67	0.02789
GO:0019221	cytokine-mediated signaling pathway	56	4	1.17	0.02810
GO:0031497	chromatin assembly	56	4	1.17	0.02810
GO:0048678	response to axon injury	13	2	0.27	0.02878
GO:0051147	regulation of muscle cell differentiatio...	13	2	0.27	0.02878
GO:0019219	regulation of nucleobase-containing comp...	592	19	12.34	0.02933
GO:0071840	cellular component organization or bioge...	1631	42	33.99	0.03133
GO:0030587	sorocarp development	86	5	1.79	0.03210
GO:0090702	non-reproductive fruiting body developme...	86	5	1.79	0.03210
GO:0099120	socially cooperative development	86	5	1.79	0.03210
GO:0010556	regulation of macromolecule biosynthetic...	598	19	12.46	0.03226
GO:0016043	cellular component organization	1489	39	31.03	0.03232
GO:0030010	establishment of cell polarity	34	3	0.71	0.03267
GO:0030902	hindbrain development	14	2	0.29	0.03313
GO:0032456	endocytic recycling	14	2	0.29	0.03313
GO:2000177	regulation of neural precursor cell prol...	14	2	0.29	0.03313
GO:1902806	regulation of cell cycle G1/S phase tran...	59	4	1.23	0.03325
GO:0006351	transcription, DNA-templated	479	16	9.98	0.03340
GO:0006323	DNA packaging	87	5	1.81	0.03353
GO:0097659	nucleic acid-templated transcription	484	16	10.09	0.03638
GO:0030448	hyphal growth	15	2	0.31	0.03772
GO:0030879	mammary gland development	15	2	0.31	0.03772
GO:0043433	negative regulation of DNA-binding trans...	15	2	0.31	0.03772
GO:0010565	regulation of cellular ketone metabolic ...	36	3	0.75	0.03786
GO:0018958	phenol-containing compound metabolic pro...	36	3	0.75	0.03786
GO:0042335	cuticle development	36	3	0.75	0.03786
GO:0051173	positive regulation of nitrogen compound...	529	17	11.02	0.03936
GO:0000082	G1/S transition of mitotic cell cycle	91	5	1.9	0.03961
GO:0031325	positive regulation of cellular metaboli...	571	18	11.9	0.04012
GO:0017000	antibiotic biosynthetic process	37	3	0.77	0.04060
GO:0040007	growth	297	11	6.19	0.04082
GO:0032774	RNA biosynthetic process	491	16	10.23	0.04089
GO:0001315	age-dependent response to reactive oxyge...	2	1	0.04	0.04125
GO:0003373	dynamin family protein polymerization in...	2	1	0.04	0.04125
GO:0003374	dynamin family protein polymerization in...	2	1	0.04	0.04125
GO:0006550	isoleucine catabolic process	2	1	0.04	0.04125
GO:0006844	acyl carnitine transport	2	1	0.04	0.04125
GO:0009099	valine biosynthetic process	2	1	0.04	0.04125
GO:0009590	detection of gravity	2	1	0.04	0.04125
GO:0009959	negative gravitropism	2	1	0.04	0.04125
GO:0010376	stomatal complex formation	2	1	0.04	0.04125
GO:0010668	ectodermal cell differentiation	2	1	0.04	0.04125
GO:0010718	positive regulation of epithelial to mes...	2	1	0.04	0.04125
GO:0033028	myeloid cell apoptotic process	2	1	0.04	0.04125
GO:0033032	regulation of myeloid cell apoptotic pro...	2	1	0.04	0.04125
GO:0035092	sperm chromatin condensation	2	1	0.04	0.04125
GO:0035871	protein K11-linked deubiquitination	2	1	0.04	0.04125
GO:0035983	response to trichostatin A	2	1	0.04	0.04125
GO:0035984	cellular response to trichostatin A	2	1	0.04	0.04125
GO:0039532	negative regulation of viral-induced cyt...	2	1	0.04	0.04125
GO:0039535	regulation of RIG-I signaling pathway	2	1	0.04	0.04125
GO:0042873	aldonate transmembrane transport	2	1	0.04	0.04125
GO:0043157	response to cation stress	2	1	0.04	0.04125
GO:0043403	skeletal muscle tissue regeneration	2	1	0.04	0.04125
GO:0045599	negative regulation of fat cell differen...	2	1	0.04	0.04125
GO:0048387	negative regulation of retinoic acid rec...	2	1	0.04	0.04125
GO:0051152	positive regulation of smooth muscle cel...	2	1	0.04	0.04125
GO:0051684	maintenance of Golgi location	2	1	0.04	0.04125
GO:0070995	NADPH oxidation	2	1	0.04	0.04125
GO:0071280	cellular response to copper ion	2	1	0.04	0.04125
GO:0071455	cellular response to hyperoxia	2	1	0.04	0.04125
GO:0090148	membrane fission	2	1	0.04	0.04125
GO:0090383	phagosome acidification	2	1	0.04	0.04125
GO:0097339	glycolate transmembrane transport	2	1	0.04	0.04125
GO:0098532	histone H3-K27 trimethylation	2	1	0.04	0.04125
GO:0101030	tRNA-guanine transglycosylation	2	1	0.04	0.04125
GO:1900866	glycolate transport	2	1	0.04	0.04125
GO:1901975	glycerate transmembrane transport	2	1	0.04	0.04125
GO:1901999	homogentisate metabolic process	2	1	0.04	0.04125
GO:1902000	homogentisate catabolic process	2	1	0.04	0.04125
GO:1902022	L-lysine transport	2	1	0.04	0.04125
GO:1902176	negative regulation of oxidative stress-...	2	1	0.04	0.04125
GO:1903401	L-lysine transmembrane transport	2	1	0.04	0.04125
GO:1903650	negative regulation of cytoplasmic trans...	2	1	0.04	0.04125
GO:1904810	negative regulation of dense core granul...	2	1	0.04	0.04125
GO:1905065	positive regulation of vascular smooth m...	2	1	0.04	0.04125
GO:2000037	regulation of stomatal complex patternin...	2	1	0.04	0.04125
GO:2000179	positive regulation of neural precursor ...	2	1	0.04	0.04125
GO:2000617	positive regulation of histone H3-K9 ace...	2	1	0.04	0.04125
GO:0045934	negative regulation of nucleobase-contai...	261	10	5.44	0.04158
GO:0061647	histone H3-K9 modification	16	2	0.33	0.04254
GO:0072091	regulation of stem cell proliferation	16	2	0.33	0.04254
GO:0008283	cell proliferation	265	10	5.52	0.04541
GO:0044843	cell cycle G1/S phase transition	95	5	1.98	0.04633
GO:0042303	molting cycle	39	3	0.81	0.04637
GO:0006590	thyroid hormone generation	17	2	0.35	0.04758
GO:0008365	adult chitin-based cuticle development	17	2	0.35	0.04758
GO:0018149	peptide cross-linking	17	2	0.35	0.04758
GO:0042403	thyroid hormone metabolic process	17	2	0.35	0.04758
GO:0048066	developmental pigmentation	40	3	0.83	0.04941
GO:0000122	negative regulation of transcription by ...	97	5	2.02	0.04993
GO:0016999	antibiotic metabolic process	68	4	1.42	0.05182
GO:0051051	negative regulation of transport	68	4	1.42	0.05182
GO:0016570	histone modification	164	7	3.42	0.05233
GO:0000920	septum digestion after cytokinesis	18	2	0.38	0.05282
GO:0032092	positive regulation of protein binding	18	2	0.38	0.05282
GO:0040032	post-embryonic body morphogenesis	18	2	0.38	0.05282
GO:0042338	cuticle development involved in collagen...	18	2	0.38	0.05282
GO:0009893	positive regulation of metabolic process	633	19	13.19	0.05407
GO:0016569	covalent chromatin modification	166	7	3.46	0.05523
GO:0051703	intraspecies interaction between organis...	100	5	2.08	0.05563
GO:0006996	organelle organization	1119	30	23.32	0.05636
GO:0042180	cellular ketone metabolic process	70	4	1.46	0.05658
GO:0007593	chitin-based cuticle sclerotization	19	2	0.4	0.05826
GO:0048085	adult chitin-containing cuticle pigmenta...	19	2	0.4	0.05826
GO:0006333	chromatin assembly or disassembly	71	4	1.48	0.05905
GO:1902275	regulation of chromatin organization	71	4	1.48	0.05905
GO:1903409	reactive oxygen species biosynthetic pro...	43	3	0.9	0.05908
GO:0050794	regulation of cellular process	1547	39	32.24	0.06087
GO:0000101	sulfur amino acid transport	3	1	0.06	0.06124
GO:0001100	negative regulation of exit from mitosis	3	1	0.06	0.06124
GO:0001306	age-dependent response to oxidative stre...	3	1	0.06	0.06124
GO:0001887	selenium compound metabolic process	3	1	0.06	0.06124
GO:0001976	neurological system process involved in ...	3	1	0.06	0.06124
GO:0006723	cuticle hydrocarbon biosynthetic process	3	1	0.06	0.06124
GO:0007398	ectoderm development	3	1	0.06	0.06124
GO:0007571	age-dependent general metabolic decline	3	1	0.06	0.06124
GO:0009097	isoleucine biosynthetic process	3	1	0.06	0.06124
GO:0009098	leucine biosynthetic process	3	1	0.06	0.06124
GO:0010103	stomatal complex morphogenesis	3	1	0.06	0.06124
GO:0010305	leaf vascular tissue pattern formation	3	1	0.06	0.06124
GO:0010375	stomatal complex patterning	3	1	0.06	0.06124
GO:0010444	guard mother cell differentiation	3	1	0.06	0.06124
GO:0015697	quaternary ammonium group transport	3	1	0.06	0.06124
GO:0015811	L-cystine transport	3	1	0.06	0.06124
GO:0015822	ornithine transport	3	1	0.06	0.06124
GO:0016558	protein import into peroxisome matrix	3	1	0.06	0.06124
GO:0019336	phenol-containing compound catabolic pro...	3	1	0.06	0.06124
GO:0032049	cardiolipin biosynthetic process	3	1	0.06	0.06124
GO:0032253	dense core granule localization	3	1	0.06	0.06124
GO:0032364	oxygen homeostasis	3	1	0.06	0.06124
GO:0032785	negative regulation of DNA-templated tra...	3	1	0.06	0.06124
GO:0033483	gas homeostasis	3	1	0.06	0.06124
GO:0033591	response to L-ascorbic acid	3	1	0.06	0.06124
GO:0034244	negative regulation of transcription elo...	3	1	0.06	0.06124
GO:0034390	smooth muscle cell apoptotic process	3	1	0.06	0.06124
GO:0034391	regulation of smooth muscle cell apoptot...	3	1	0.06	0.06124
GO:0034393	positive regulation of smooth muscle cel...	3	1	0.06	0.06124
GO:0035186	syncytial blastoderm mitotic cell cycle	3	1	0.06	0.06124
GO:0035206	regulation of hemocyte proliferation	3	1	0.06	0.06124
GO:0035900	response to isolation stress	3	1	0.06	0.06124
GO:0039529	RIG-I signaling pathway	3	1	0.06	0.06124
GO:0039531	regulation of viral-induced cytoplasmic ...	3	1	0.06	0.06124
GO:0043268	positive regulation of potassium ion tra...	3	1	0.06	0.06124
GO:0043936	asexual sporulation resulting in formati...	3	1	0.06	0.06124
GO:0046838	phosphorylated carbohydrate dephosphoryl...	3	1	0.06	0.06124
GO:0048219	inter-Golgi cisterna vesicle-mediated tr...	3	1	0.06	0.06124
GO:0048385	regulation of retinoic acid receptor sig...	3	1	0.06	0.06124
GO:0051150	regulation of smooth muscle cell differe...	3	1	0.06	0.06124
GO:0080022	primary root development	3	1	0.06	0.06124
GO:0089709	L-histidine transmembrane transport	3	1	0.06	0.06124
GO:0090326	positive regulation of locomotion involv...	3	1	0.06	0.06124
GO:1900239	regulation of phenotypic switching	3	1	0.06	0.06124
GO:1901950	dense core granule transport	3	1	0.06	0.06124
GO:1903341	regulation of meiotic DNA double-strand ...	3	1	0.06	0.06124
GO:1903342	negative regulation of meiotic DNA doubl...	3	1	0.06	0.06124
GO:1903352	L-ornithine transmembrane transport	3	1	0.06	0.06124
GO:1903400	L-arginine transmembrane transport	3	1	0.06	0.06124
GO:1903826	arginine transmembrane transport	3	1	0.06	0.06124
GO:1904809	regulation of dense core granule transpo...	3	1	0.06	0.06124
GO:1904811	positive regulation of dense core granul...	3	1	0.06	0.06124
GO:1905063	regulation of vascular smooth muscle cel...	3	1	0.06	0.06124
GO:1905288	vascular associated smooth muscle cell a...	3	1	0.06	0.06124
GO:1905459	regulation of vascular associated smooth...	3	1	0.06	0.06124
GO:1905461	positive regulation of vascular associat...	3	1	0.06	0.06124
GO:2000106	regulation of leukocyte apoptotic proces...	3	1	0.06	0.06124
GO:2000269	regulation of fibroblast apoptotic proce...	3	1	0.06	0.06124
GO:2000434	regulation of protein neddylation	3	1	0.06	0.06124
GO:2000435	negative regulation of protein neddylati...	3	1	0.06	0.06124
GO:0071824	protein-DNA complex subunit organization	103	5	2.15	0.06171
GO:0010604	positive regulation of macromolecule met...	559	17	11.65	0.06182
GO:0042127	regulation of cell proliferation	171	7	3.56	0.06291
GO:0000480	endonucleolytic cleavage in 5'-ETS of tr...	20	2	0.42	0.06388
GO:0002251	organ or tissue specific immune response	20	2	0.42	0.06388
GO:0002385	mucosal immune response	20	2	0.42	0.06388
GO:0006749	glutathione metabolic process	20	2	0.42	0.06388
GO:0009084	glutamine family amino acid biosynthetic...	20	2	0.42	0.06388
GO:0045454	cell redox homeostasis	20	2	0.42	0.06388
GO:0051972	regulation of telomerase activity	20	2	0.42	0.06388
GO:0048856	anatomical structure development	1178	31	24.55	0.06510
GO:0010468	regulation of gene expression	734	21	15.3	0.06647
GO:1905039	carboxylic acid transmembrane transport	46	3	0.96	0.06957
GO:0000472	endonucleolytic cleavage to generate mat...	21	2	0.44	0.06968
GO:0048067	cuticle pigmentation	21	2	0.44	0.06968
GO:0048509	regulation of meristem development	21	2	0.44	0.06968
GO:0072593	reactive oxygen species metabolic proces...	76	4	1.58	0.07225
GO:0016485	protein processing	47	3	0.98	0.07324
GO:0031326	regulation of cellular biosynthetic proc...	656	19	13.67	0.07331
GO:0009553	embryo sac development	22	2	0.46	0.07564
GO:0040002	collagen and cuticulin-based cuticle dev...	22	2	0.46	0.07564
GO:0048565	digestive tract development	22	2	0.46	0.07564
GO:1902475	L-alpha-amino acid transmembrane transpo...	22	2	0.46	0.07564
GO:0050789	regulation of biological process	1716	42	35.76	0.07710
GO:1901991	negative regulation of mitotic cell cycl...	78	4	1.63	0.07792
GO:1990748	cellular detoxification	78	4	1.63	0.07792
GO:0016050	vesicle organization	111	5	2.31	0.07968
GO:0003300	cardiac muscle hypertrophy	4	1	0.08	0.08083
GO:0006561	proline biosynthetic process	4	1	0.08	0.08083
GO:0008049	male courtship behavior	4	1	0.08	0.08083
GO:0009838	abscission	4	1	0.08	0.08083
GO:0010661	positive regulation of muscle cell apopt...	4	1	0.08	0.08083
GO:0010717	regulation of epithelial to mesenchymal ...	4	1	0.08	0.08083
GO:0014888	striated muscle adaptation	4	1	0.08	0.08083
GO:0014897	striated muscle hypertrophy	4	1	0.08	0.08083
GO:0032252	secretory granule localization	4	1	0.08	0.08083
GO:0035039	male pronucleus assembly	4	1	0.08	0.08083
GO:0035041	sperm chromatin decondensation	4	1	0.08	0.08083
GO:0039528	cytoplasmic pattern recognition receptor...	4	1	0.08	0.08083
GO:0043007	maintenance of rDNA	4	1	0.08	0.08083
GO:0044346	fibroblast apoptotic process	4	1	0.08	0.08083
GO:0044766	multi-organism transport	4	1	0.08	0.08083
GO:0045776	negative regulation of blood pressure	4	1	0.08	0.08083
GO:0048147	negative regulation of fibroblast prolif...	4	1	0.08	0.08083
GO:0050687	negative regulation of defense response ...	4	1	0.08	0.08083
GO:0051154	negative regulation of striated muscle c...	4	1	0.08	0.08083
GO:0051661	maintenance of centrosome location	4	1	0.08	0.08083
GO:0071887	leukocyte apoptotic process	4	1	0.08	0.08083
GO:0090156	cellular sphingolipid homeostasis	4	1	0.08	0.08083
GO:0090325	regulation of locomotion involved in loc...	4	1	0.08	0.08083
GO:0097178	ruffle assembly	4	1	0.08	0.08083
GO:1900027	regulation of ruffle assembly	4	1	0.08	0.08083
GO:1902023	L-arginine transport	4	1	0.08	0.08083
GO:1902255	positive regulation of intrinsic apoptot...	4	1	0.08	0.08083
GO:1902579	multi-organism localization	4	1	0.08	0.08083
GO:1903026	negative regulation of RNA polymerase II...	4	1	0.08	0.08083
GO:1904706	negative regulation of vascular smooth m...	4	1	0.08	0.08083
GO:1904874	positive regulation of telomerase RNA lo...	4	1	0.08	0.08083
GO:1990116	ribosome-associated ubiquitin-dependent ...	4	1	0.08	0.08083
GO:1990822	basic amino acid transmembrane transport	4	1	0.08	0.08083
GO:2000615	regulation of histone H3-K9 acetylation	4	1	0.08	0.08083
GO:0007163	establishment or maintenance of cell pol...	79	4	1.65	0.08084
GO:0043473	pigmentation	49	3	1.02	0.08084
GO:0015807	L-amino acid transport	23	2	0.48	0.08176
GO:0051262	protein tetramerization	23	2	0.48	0.08176
GO:0065007	biological regulation	1870	45	38.97	0.08200
GO:0097237	cellular response to toxic substance	113	5	2.35	0.08457
GO:0072331	signal transduction by p53 class mediato...	50	3	1.04	0.08477
GO:0003006	developmental process involved in reprod...	417	13	8.69	0.08562
GO:0006468	protein phosphorylation	298	10	6.21	0.08657
GO:0000967	rRNA 5'-end processing	24	2	0.5	0.08803
GO:0010821	regulation of mitochondrion organization	24	2	0.5	0.08803
GO:0032968	positive regulation of transcription elo...	24	2	0.5	0.08803
GO:0040003	chitin-based cuticle development	24	2	0.5	0.08803
GO:0050830	defense response to Gram-positive bacter...	24	2	0.5	0.08803
GO:0007041	lysosomal transport	51	3	1.06	0.08878
GO:0046777	protein autophosphorylation	51	3	1.06	0.08878
GO:1903825	organic acid transmembrane transport	51	3	1.06	0.08878
GO:0048522	positive regulation of cellular process	847	23	17.65	0.08944
GO:0071345	cellular response to cytokine stimulus	115	5	2.4	0.08962
GO:0002119	nematode larval development	82	4	1.71	0.08991
GO:0009889	regulation of biosynthetic process	675	19	14.07	0.09248
GO:0019216	regulation of lipid metabolic process	83	4	1.73	0.09304
GO:0098754	detoxification	83	4	1.73	0.09304
GO:0051172	negative regulation of nitrogen compound...	382	12	7.96	0.09309
GO:0007338	single fertilization	25	2	0.52	0.09444
GO:0010171	body morphogenesis	25	2	0.52	0.09444
GO:0032786	positive regulation of DNA-templated tra...	25	2	0.52	0.09444
GO:0055123	digestive system development	25	2	0.52	0.09444
GO:0010941	regulation of cell death	304	10	6.34	0.09596
GO:0048732	gland development	84	4	1.75	0.09623
GO:2001020	regulation of response to DNA damage sti...	53	3	1.1	0.09703
GO:0006810	transport	945	25	19.69	0.09812
GO:0006575	cellular modified amino acid metabolic p...	85	4	1.77	0.09946
GO:0051604	protein maturation	85	4	1.77	0.09946
GO:1901988	negative regulation of cell cycle phase ...	85	4	1.77	0.09946
GO:0001837	epithelial to mesenchymal transition	5	1	0.1	0.10001
GO:0003044	regulation of systemic arterial blood pr...	5	1	0.1	0.10001
GO:0006549	isoleucine metabolic process	5	1	0.1	0.10001
GO:0006572	tyrosine catabolic process	5	1	0.1	0.10001
GO:0006573	valine metabolic process	5	1	0.1	0.10001
GO:0007117	budding cell bud growth	5	1	0.1	0.10001
GO:0007290	spermatid nucleus elongation	5	1	0.1	0.10001
GO:0007339	binding of sperm to zona pellucida	5	1	0.1	0.10001
GO:0007619	courtship behavior	5	1	0.1	0.10001
GO:0009102	biotin biosynthetic process	5	1	0.1	0.10001
GO:0009934	regulation of meristem structural organi...	5	1	0.1	0.10001
GO:0010440	stomatal lineage progression	5	1	0.1	0.10001
GO:0014896	muscle hypertrophy	5	1	0.1	0.10001
GO:0015809	arginine transport	5	1	0.1	0.10001
GO:0021695	cerebellar cortex development	5	1	0.1	0.10001
GO:0031101	fin regeneration	5	1	0.1	0.10001
GO:0031112	positive regulation of microtubule polym...	5	1	0.1	0.10001
GO:0031116	positive regulation of microtubule polym...	5	1	0.1	0.10001
GO:0031529	ruffle organization	5	1	0.1	0.10001
GO:0031987	locomotion involved in locomotory behavi...	5	1	0.1	0.10001
GO:0032048	cardiolipin metabolic process	5	1	0.1	0.10001
GO:0033301	cell cycle comprising mitosis without cy...	5	1	0.1	0.10001
GO:0035162	embryonic hemopoiesis	5	1	0.1	0.10001
GO:0043266	regulation of potassium ion transport	5	1	0.1	0.10001
GO:0043970	histone H3-K9 acetylation	5	1	0.1	0.10001
GO:0045429	positive regulation of nitric oxide bios...	5	1	0.1	0.10001
GO:0048384	retinoic acid receptor signaling pathway	5	1	0.1	0.10001
GO:0048566	embryonic digestive tract development	5	1	0.1	0.10001
GO:0048825	cotyledon development	5	1	0.1	0.10001
GO:0051148	negative regulation of muscle cell diffe...	5	1	0.1	0.10001
GO:0051657	maintenance of organelle location	5	1	0.1	0.10001
GO:0071000	response to magnetism	5	1	0.1	0.10001
GO:0071361	cellular response to ethanol	5	1	0.1	0.10001
GO:0071629	cytoplasm protein quality control by the...	5	1	0.1	0.10001
GO:0090090	negative regulation of canonical Wnt sig...	5	1	0.1	0.10001
GO:0090140	regulation of mitochondrial fission	5	1	0.1	0.10001
GO:0090239	regulation of histone H4 acetylation	5	1	0.1	0.10001
GO:0090666	scaRNA localization to Cajal body	5	1	0.1	0.10001
GO:1903025	regulation of RNA polymerase II regulato...	5	1	0.1	0.10001
GO:1904407	positive regulation of nitric oxide meta...	5	1	0.1	0.10001
GO:1904705	regulation of vascular smooth muscle cel...	5	1	0.1	0.10001
GO:1904872	regulation of telomerase RNA localizatio...	5	1	0.1	0.10001
GO:1990874	vascular smooth muscle cell proliferatio...	5	1	0.1	0.10001
GO:0000966	RNA 5'-end processing	26	2	0.54	0.10098
GO:0034471	ncRNA 5'-end processing	26	2	0.54	0.10098
GO:2000045	regulation of G1/S transition of mitotic...	54	3	1.13	0.10127
GO:0010942	positive regulation of cell death	120	5	2.5	0.10293
GO:0016573	histone acetylation	55	3	1.15	0.10558
GO:0009653	anatomical structure morphogenesis	559	16	11.65	0.10760
GO:0006891	intra-Golgi vesicle-mediated transport	27	2	0.56	0.10764
GO:0007032	endosome organization	27	2	0.56	0.10764
GO:0007405	neuroblast proliferation	27	2	0.56	0.10764
GO:0007591	molting cycle, chitin-based cuticle	27	2	0.56	0.10764
GO:0042063	gliogenesis	27	2	0.56	0.10764
GO:0048312	intracellular distribution of mitochondr...	27	2	0.56	0.10764
GO:0006633	fatty acid biosynthetic process	56	3	1.17	0.10997
GO:0018393	internal peptidyl-lysine acetylation	56	3	1.17	0.10997
GO:0000447	endonucleolytic cleavage in ITS1 to sepa...	28	2	0.58	0.11442
GO:0003333	amino acid transmembrane transport	28	2	0.58	0.11442
GO:0006475	internal protein amino acid acetylation	57	3	1.19	0.11442
GO:0009063	cellular amino acid catabolic process	57	3	1.19	0.11442
GO:0010629	negative regulation of gene expression	398	12	8.29	0.11744
GO:0032989	cellular component morphogenesis	238	8	4.96	0.11877
GO:0042981	regulation of apoptotic process	238	8	4.96	0.11877
GO:0000128	flocculation	6	1	0.13	0.11879
GO:0001675	acrosome assembly	6	1	0.13	0.11879
GO:0001890	placenta development	6	1	0.13	0.11879
GO:0007130	synaptonemal complex assembly	6	1	0.13	0.11879
GO:0009082	branched-chain amino acid biosynthetic p...	6	1	0.13	0.11879
GO:0014065	phosphatidylinositol 3-kinase signaling	6	1	0.13	0.11879
GO:0015801	aromatic amino acid transport	6	1	0.13	0.11879
GO:0015802	basic amino acid transport	6	1	0.13	0.11879
GO:0015919	peroxisomal membrane transport	6	1	0.13	0.11879
GO:0016259	selenocysteine metabolic process	6	1	0.13	0.11879
GO:0030178	negative regulation of Wnt signaling pat...	6	1	0.13	0.11879
GO:0035103	sterol regulatory element binding protei...	6	1	0.13	0.11879
GO:0035172	hemocyte proliferation	6	1	0.13	0.11879
GO:0035886	vascular smooth muscle cell differentiat...	6	1	0.13	0.11879
GO:0036295	cellular response to increased oxygen le...	6	1	0.13	0.11879
GO:0042138	meiotic DNA double-strand break formatio...	6	1	0.13	0.11879
GO:0042311	vasodilation	6	1	0.13	0.11879
GO:0045116	protein neddylation	6	1	0.13	0.11879
GO:0051145	smooth muscle cell differentiation	6	1	0.13	0.11879
GO:0051642	centrosome localization	6	1	0.13	0.11879
GO:0060179	male mating behavior	6	1	0.13	0.11879
GO:0060256	regulation of flocculation	6	1	0.13	0.11879
GO:0060257	negative regulation of flocculation	6	1	0.13	0.11879
GO:0061842	microtubule organizing center localizati...	6	1	0.13	0.11879
GO:0070058	tRNA gene clustering	6	1	0.13	0.11879
GO:0090670	RNA localization to Cajal body	6	1	0.13	0.11879
GO:0090671	telomerase RNA localization to Cajal bod...	6	1	0.13	0.11879
GO:0090672	telomerase RNA localization	6	1	0.13	0.11879
GO:0090685	RNA localization to nucleus	6	1	0.13	0.11879
GO:1900460	negative regulation of invasive growth i...	6	1	0.13	0.11879
GO:1900462	negative regulation of pseudohyphal grow...	6	1	0.13	0.11879
GO:1901798	positive regulation of signal transducti...	6	1	0.13	0.11879
GO:1902175	regulation of oxidative stress-induced i...	6	1	0.13	0.11879
GO:1902253	regulation of intrinsic apoptotic signal...	6	1	0.13	0.11879
GO:1903146	regulation of autophagy of mitochondrion	6	1	0.13	0.11879
GO:1903428	positive regulation of reactive oxygen s...	6	1	0.13	0.11879
GO:1903576	response to L-arginine	6	1	0.13	0.11879
GO:1903651	positive regulation of cytoplasmic trans...	6	1	0.13	0.11879
GO:2000218	negative regulation of invasive growth i...	6	1	0.13	0.11879
GO:2000678	negative regulation of transcription reg...	6	1	0.13	0.11879
GO:0018394	peptidyl-lysine acetylation	58	3	1.21	0.11895
GO:0048193	Golgi vesicle transport	126	5	2.63	0.12013
GO:0051645	Golgi localization	29	2	0.6	0.12131
GO:2001242	regulation of intrinsic apoptotic signal...	29	2	0.6	0.12131
GO:0006520	cellular amino acid metabolic process	202	7	4.21	0.12465
GO:0007283	spermatogenesis	128	5	2.67	0.12616
GO:0035556	intracellular signal transduction	322	10	6.71	0.12769
GO:0006400	tRNA modification	60	3	1.25	0.12819
GO:0009657	plastid organization	60	3	1.25	0.12819
GO:0046890	regulation of lipid biosynthetic process	60	3	1.25	0.12819
GO:0050769	positive regulation of neurogenesis	60	3	1.25	0.12819
GO:0010948	negative regulation of cell cycle proces...	129	5	2.69	0.12922
GO:0009790	embryo development	324	10	6.75	0.13154
GO:0051301	cell division	205	7	4.27	0.13188
GO:0006473	protein acetylation	61	3	1.27	0.13291
GO:2001252	positive regulation of chromosome organi...	95	4	1.98	0.13449
GO:0071103	DNA conformation change	131	5	2.73	0.13546
GO:0000902	cell morphogenesis	207	7	4.31	0.13682
GO:0032502	developmental process	1256	31	26.17	0.13716
GO:0001836	release of cytochrome c from mitochondri...	7	1	0.15	0.13719
GO:0003073	regulation of systemic arterial blood pr...	7	1	0.15	0.13719
GO:0006207	'de novo' pyrimidine nucleobase biosynth...	7	1	0.15	0.13719
GO:0007111	meiosis II cytokinesis	7	1	0.15	0.13719
GO:0009220	pyrimidine ribonucleotide biosynthetic p...	7	1	0.15	0.13719
GO:0010051	xylem and phloem pattern formation	7	1	0.15	0.13719
GO:0014009	glial cell proliferation	7	1	0.15	0.13719
GO:0019856	pyrimidine nucleobase biosynthetic proce...	7	1	0.15	0.13719
GO:0032480	negative regulation of type I interferon...	7	1	0.15	0.13719
GO:0035902	response to immobilization stress	7	1	0.15	0.13719
GO:0036166	phenotypic switching	7	1	0.15	0.13719
GO:0040034	regulation of development, heterochronic	7	1	0.15	0.13719
GO:0042246	tissue regeneration	7	1	0.15	0.13719
GO:0043981	histone H4-K5 acetylation	7	1	0.15	0.13719
GO:0045428	regulation of nitric oxide biosynthetic ...	7	1	0.15	0.13719
GO:0048506	regulation of timing of meristematic pha...	7	1	0.15	0.13719
GO:0048510	regulation of timing of transition from ...	7	1	0.15	0.13719
GO:0051974	negative regulation of telomerase activi...	7	1	0.15	0.13719
GO:0070203	regulation of establishment of protein l...	7	1	0.15	0.13719
GO:0070785	negative regulation of growth of unicell...	7	1	0.15	0.13719
GO:1904851	positive regulation of establishment of ...	7	1	0.15	0.13719
GO:2000221	negative regulation of pseudohyphal grow...	7	1	0.15	0.13719
GO:2000677	regulation of transcription regulatory r...	7	1	0.15	0.13719
GO:0000003	reproduction	668	18	13.92	0.13881
GO:0051234	establishment of localization	981	25	20.44	0.13889
GO:0046942	carboxylic acid transport	63	3	1.31	0.14253
GO:0009566	fertilization	32	2	0.67	0.14254
GO:0009826	unidimensional cell growth	32	2	0.67	0.14254
GO:0043393	regulation of protein binding	32	2	0.67	0.14254
GO:0051090	regulation of DNA-binding transcription ...	32	2	0.67	0.14254
GO:0055072	iron ion homeostasis	32	2	0.67	0.14254
GO:0072089	stem cell proliferation	32	2	0.67	0.14254
GO:0016054	organic acid catabolic process	98	4	2.04	0.14589
GO:0046395	carboxylic acid catabolic process	98	4	2.04	0.14589
GO:0006368	transcription elongation from RNA polyme...	64	3	1.33	0.14742
GO:0006997	nucleus organization	64	3	1.33	0.14742
GO:0034504	protein localization to nucleus	64	3	1.33	0.14742
GO:1902531	regulation of intracellular signal trans...	173	6	3.61	0.14908
GO:0031324	negative regulation of cellular metaboli...	417	12	8.69	0.15085
GO:0018205	peptidyl-lysine modification	136	5	2.83	0.15162
GO:0051098	regulation of binding	65	3	1.35	0.15238
GO:0051962	positive regulation of nervous system de...	65	3	1.35	0.15238
GO:0002164	larval development	100	4	2.08	0.15369
GO:0048812	neuron projection morphogenesis	100	4	2.08	0.15369
GO:0000098	sulfur amino acid catabolic process	8	1	0.17	0.15521
GO:0000303	response to superoxide	8	1	0.17	0.15521
GO:0001707	mesoderm formation	8	1	0.17	0.15521
GO:0002753	cytoplasmic pattern recognition receptor...	8	1	0.17	0.15521
GO:0002832	negative regulation of response to bioti...	8	1	0.17	0.15521
GO:0006337	nucleosome disassembly	8	1	0.17	0.15521
GO:0006768	biotin metabolic process	8	1	0.17	0.15521
GO:0007617	mating behavior	8	1	0.17	0.15521
GO:0008631	intrinsic apoptotic signaling pathway in...	8	1	0.17	0.15521
GO:0010374	stomatal complex development	8	1	0.17	0.15521
GO:0014013	regulation of gliogenesis	8	1	0.17	0.15521
GO:0019430	removal of superoxide radicals	8	1	0.17	0.15521
GO:0031113	regulation of microtubule polymerization	8	1	0.17	0.15521
GO:0031498	chromatin disassembly	8	1	0.17	0.15521
GO:0045022	early endosome to late endosome transpor...	8	1	0.17	0.15521
GO:0048137	spermatocyte division	8	1	0.17	0.15521
GO:0048520	positive regulation of behavior	8	1	0.17	0.15521
GO:0048662	negative regulation of smooth muscle cel...	8	1	0.17	0.15521
GO:0051149	positive regulation of muscle cell diffe...	8	1	0.17	0.15521
GO:0051602	response to electrical stimulus	8	1	0.17	0.15521
GO:0051666	actin cortical patch localization	8	1	0.17	0.15521
GO:0070193	synaptonemal complex organization	8	1	0.17	0.15521
GO:0070202	regulation of establishment of protein l...	8	1	0.17	0.15521
GO:0071450	cellular response to oxygen radical	8	1	0.17	0.15521
GO:0071451	cellular response to superoxide	8	1	0.17	0.15521
GO:0097755	positive regulation of blood vessel diam...	8	1	0.17	0.15521
GO:1903649	regulation of cytoplasmic transport	8	1	0.17	0.15521
GO:1904816	positive regulation of protein localizat...	8	1	0.17	0.15521
GO:2000234	positive regulation of rRNA processing	8	1	0.17	0.15521
GO:2000379	positive regulation of reactive oxygen s...	8	1	0.17	0.15521
GO:2000648	positive regulation of stem cell prolife...	8	1	0.17	0.15521
GO:0006855	drug transmembrane transport	34	2	0.71	0.15710
GO:0006865	amino acid transport	34	2	0.71	0.15710
GO:0061351	neural precursor cell proliferation	34	2	0.71	0.15710
GO:0043543	protein acylation	66	3	1.38	0.15738
GO:0042742	defense response to bacterium	101	4	2.1	0.15765
GO:0016049	cell growth	138	5	2.88	0.15831
GO:0120039	plasma membrane bounded cell projection ...	102	4	2.13	0.16166
GO:0014074	response to purine-containing compound	67	3	1.4	0.16244
GO:0043067	regulation of programmed cell death	257	8	5.36	0.16261
GO:0022904	respiratory electron transport chain	35	2	0.73	0.16449
GO:0048311	mitochondrion distribution	35	2	0.73	0.16449
GO:0048488	synaptic vesicle endocytosis	35	2	0.73	0.16449
GO:0140238	presynaptic endocytosis	35	2	0.73	0.16449
GO:0008219	cell death	382	11	7.96	0.16492
GO:0043065	positive regulation of apoptotic process	103	4	2.15	0.16569
GO:0048858	cell projection morphogenesis	103	4	2.15	0.16569
GO:0048518	positive regulation of biological proces...	956	24	19.92	0.16660
GO:0016192	vesicle-mediated transport	341	10	7.11	0.16682
GO:0015849	organic acid transport	68	3	1.42	0.16754
GO:0016197	endosomal transport	104	4	2.17	0.16977
GO:0034654	nucleobase-containing compound biosynthe...	733	19	15.28	0.17051
GO:0000479	endonucleolytic cleavage of tricistronic...	36	2	0.75	0.17194
GO:0007626	locomotory behavior	36	2	0.75	0.17194
GO:0000462	maturation of SSU-rRNA from tricistronic...	69	3	1.44	0.17269
GO:0009615	response to virus	69	3	1.44	0.17269
GO:0006551	leucine metabolic process	9	1	0.19	0.17286
GO:0006560	proline metabolic process	9	1	0.19	0.17286
GO:0006655	phosphatidylglycerol biosynthetic proces...	9	1	0.19	0.17286
GO:0006991	response to sterol depletion	9	1	0.19	0.17286
GO:0007114	cell budding	9	1	0.19	0.17286
GO:0009083	branched-chain amino acid catabolic proc...	9	1	0.19	0.17286
GO:0009988	cell-cell recognition	9	1	0.19	0.17286
GO:0010032	meiotic chromosome condensation	9	1	0.19	0.17286
GO:0030856	regulation of epithelial cell differenti...	9	1	0.19	0.17286
GO:0032933	SREBP signaling pathway	9	1	0.19	0.17286
GO:0032986	protein-DNA complex disassembly	9	1	0.19	0.17286
GO:0035036	sperm-egg recognition	9	1	0.19	0.17286
GO:0036244	cellular response to neutral pH	9	1	0.19	0.17286
GO:0045604	regulation of epidermal cell differentia...	9	1	0.19	0.17286
GO:0045682	regulation of epidermis development	9	1	0.19	0.17286
GO:0048332	mesoderm morphogenesis	9	1	0.19	0.17286
GO:0048762	mesenchymal cell differentiation	9	1	0.19	0.17286
GO:0050688	regulation of defense response to virus	9	1	0.19	0.17286
GO:0051153	regulation of striated muscle cell diffe...	9	1	0.19	0.17286
GO:0060258	negative regulation of filamentous growt...	9	1	0.19	0.17286
GO:0070900	mitochondrial tRNA modification	9	1	0.19	0.17286
GO:0071501	cellular response to sterol depletion	9	1	0.19	0.17286
GO:0090646	mitochondrial tRNA processing	9	1	0.19	0.17286
GO:1900429	negative regulation of filamentous growt...	9	1	0.19	0.17286
GO:1900864	mitochondrial RNA modification	9	1	0.19	0.17286
GO:2000220	regulation of pseudohyphal growth	9	1	0.19	0.17286
GO:0034097	response to cytokine	143	5	2.98	0.17556
GO:0040008	regulation of growth	143	5	2.98	0.17556
GO:0097435	supramolecular fiber organization	70	3	1.46	0.17789
GO:0032990	cell part morphogenesis	106	4	2.21	0.17803
GO:1901605	alpha-amino acid metabolic process	144	5	3	0.17910
GO:0019954	asexual reproduction	37	2	0.77	0.17944
GO:0050878	regulation of body fluid levels	37	2	0.77	0.17944
GO:0048589	developmental growth	184	6	3.83	0.18238
GO:0008285	negative regulation of cell proliferatio...	71	3	1.48	0.18314
GO:0018105	peptidyl-serine phosphorylation	71	3	1.48	0.18314
GO:0051276	chromosome organization	477	13	9.94	0.18449
GO:0072330	monocarboxylic acid biosynthetic process	108	4	2.25	0.18642
GO:0000478	endonucleolytic cleavage involved in rRN...	38	2	0.79	0.18700
GO:0042692	muscle cell differentiation	38	2	0.79	0.18700
GO:0051099	positive regulation of binding	38	2	0.79	0.18700
GO:0048699	generation of neurons	226	7	4.71	0.18815
GO:0008033	tRNA processing	72	3	1.5	0.18842
GO:0010720	positive regulation of cell development	72	3	1.5	0.18842
GO:0045596	negative regulation of cell differentiat...	72	3	1.5	0.18842
GO:0060560	developmental growth involved in morphog...	72	3	1.5	0.18842
GO:0051179	localization	1156	28	24.09	0.18952
GO:0002698	negative regulation of immune effector p...	10	1	0.21	0.19014
GO:0007110	meiosis I cytokinesis	10	1	0.21	0.19014
GO:0009561	megagametogenesis	10	1	0.21	0.19014
GO:0030436	asexual sporulation	10	1	0.21	0.19014
GO:0031062	positive regulation of histone methylati...	10	1	0.21	0.19014
GO:0036177	filamentous growth of a population of un...	10	1	0.21	0.19014
GO:0036178	filamentous growth of a population of un...	10	1	0.21	0.19014
GO:0042744	hydrogen peroxide catabolic process	10	1	0.21	0.19014
GO:0044571	[2Fe-2S] cluster assembly	10	1	0.21	0.19014
GO:0045598	regulation of fat cell differentiation	10	1	0.21	0.19014
GO:0048015	phosphatidylinositol-mediated signaling	10	1	0.21	0.19014
GO:0048017	inositol lipid-mediated signaling	10	1	0.21	0.19014
GO:0070200	establishment of protein localization to...	10	1	0.21	0.19014
GO:0070734	histone H3-K27 methylation	10	1	0.21	0.19014
GO:0090382	phagosome maturation	10	1	0.21	0.19014
GO:0090626	plant epidermis morphogenesis	10	1	0.21	0.19014
GO:2000028	regulation of photoperiodism, flowering	10	1	0.21	0.19014
GO:0045597	positive regulation of cell differentiat...	109	4	2.27	0.19067
GO:0030154	cell differentiation	613	16	12.77	0.19343
GO:0048523	negative regulation of cellular process	747	19	15.57	0.19373
GO:0034968	histone lysine methylation	39	2	0.81	0.19460
GO:0043901	negative regulation of multi-organism pr...	39	2	0.81	0.19460
GO:0018130	heterocycle biosynthetic process	838	21	17.46	0.19493
GO:0045930	negative regulation of mitotic cell cycl...	110	4	2.29	0.19495
GO:0045165	cell fate commitment	74	3	1.54	0.19911
GO:1901607	alpha-amino acid biosynthetic process	74	3	1.54	0.19911
GO:0051641	cellular localization	706	18	14.71	0.20053
GO:0080090	regulation of primary metabolic process	933	23	19.44	0.20128
GO:0051240	positive regulation of multicellular org...	190	6	3.96	0.20173
GO:0007015	actin filament organization	40	2	0.83	0.20224
GO:0009908	flower development	40	2	0.83	0.20224
GO:0048507	meristem development	40	2	0.83	0.20224
GO:0051646	mitochondrion localization	40	2	0.83	0.20224
GO:0006631	fatty acid metabolic process	112	4	2.33	0.20360
GO:0043068	positive regulation of programmed cell d...	112	4	2.33	0.20360
GO:0007154	cell communication	845	21	17.61	0.20668
GO:0000055	ribosomal large subunit export from nucl...	11	1	0.23	0.20707
GO:0006526	arginine biosynthetic process	11	1	0.23	0.20707
GO:0006739	NADP metabolic process	11	1	0.23	0.20707
GO:0006809	nitric oxide biosynthetic process	11	1	0.23	0.20707
GO:0007124	pseudohyphal growth	11	1	0.23	0.20707
GO:0007618	mating	11	1	0.23	0.20707
GO:0009630	gravitropism	11	1	0.23	0.20707
GO:0009860	pollen tube growth	11	1	0.23	0.20707
GO:0009933	meristem structural organization	11	1	0.23	0.20707
GO:0010042	response to manganese ion	11	1	0.23	0.20707
GO:0015804	neutral amino acid transport	11	1	0.23	0.20707
GO:0032387	negative regulation of intracellular tra...	11	1	0.23	0.20707
GO:0033363	secretory granule organization	11	1	0.23	0.20707
GO:0036176	response to neutral pH	11	1	0.23	0.20707
GO:0043392	negative regulation of DNA binding	11	1	0.23	0.20707
GO:0043500	muscle adaptation	11	1	0.23	0.20707
GO:0070317	negative regulation of G0 to G1 transiti...	11	1	0.23	0.20707
GO:0090070	positive regulation of ribosome biogenes...	11	1	0.23	0.20707
GO:0097746	regulation of blood vessel diameter	11	1	0.23	0.20707
GO:0098927	vesicle-mediated transport between endos...	11	1	0.23	0.20707
GO:1901998	toxin transport	11	1	0.23	0.20707
GO:1903202	negative regulation of oxidative stress-...	11	1	0.23	0.20707
GO:2001244	positive regulation of intrinsic apoptot...	11	1	0.23	0.20707
GO:0034470	ncRNA processing	274	8	5.71	0.20752
GO:0007165	signal transduction	710	18	14.8	0.20776
GO:0048232	male gamete generation	152	5	3.17	0.20834
GO:0030182	neuron differentiation	192	6	4	0.20835
GO:0051171	regulation of nitrogen compound metaboli...	892	22	18.59	0.20909
GO:0007528	neuromuscular junction development	41	2	0.85	0.20992
GO:0036465	synaptic vesicle recycling	41	2	0.85	0.20992
GO:0090567	reproductive shoot system development	41	2	0.85	0.20992
GO:0042592	homeostatic process	361	10	7.52	0.21375
GO:0019752	carboxylic acid metabolic process	405	11	8.44	0.21609
GO:2000278	regulation of DNA biosynthetic process	42	2	0.88	0.21763
GO:0006354	DNA-templated transcription, elongation	78	3	1.63	0.22092
GO:0010256	endomembrane system organization	116	4	2.42	0.22123
GO:0030029	actin filament-based process	116	4	2.42	0.22123
GO:0051640	organelle localization	196	6	4.08	0.22183
GO:0006743	ubiquinone metabolic process	12	1	0.25	0.22366
GO:0006744	ubiquinone biosynthetic process	12	1	0.25	0.22366
GO:0009074	aromatic amino acid family catabolic pro...	12	1	0.25	0.22366
GO:0009635	response to herbicide	12	1	0.25	0.22366
GO:0032273	positive regulation of protein polymeriz...	12	1	0.25	0.22366
GO:0033962	cytoplasmic mRNA processing body assembl...	12	1	0.25	0.22366
GO:0035296	regulation of tube diameter	12	1	0.25	0.22366
GO:0040018	positive regulation of multicellular org...	12	1	0.25	0.22366
GO:0042144	vacuole fusion, non-autophagic	12	1	0.25	0.22366
GO:0045023	G0 to G1 transition	12	1	0.25	0.22366
GO:0045117	azole transport	12	1	0.25	0.22366
GO:0046134	pyrimidine nucleoside biosynthetic proce...	12	1	0.25	0.22366
GO:0046471	phosphatidylglycerol metabolic process	12	1	0.25	0.22366
GO:0050880	regulation of blood vessel size	12	1	0.25	0.22366
GO:0070316	regulation of G0 to G1 transition	12	1	0.25	0.22366
GO:0072488	ammonium transmembrane transport	12	1	0.25	0.22366
GO:0097576	vacuole fusion	12	1	0.25	0.22366
GO:1900408	negative regulation of cellular response...	12	1	0.25	0.22366
GO:1903426	regulation of reactive oxygen species bi...	12	1	0.25	0.22366
GO:1904667	negative regulation of ubiquitin protein...	12	1	0.25	0.22366
GO:2000232	regulation of rRNA processing	12	1	0.25	0.22366
GO:0032787	monocarboxylic acid metabolic process	197	6	4.11	0.22525
GO:0009064	glutamine family amino acid metabolic pr...	43	2	0.9	0.22536
GO:0030522	intracellular receptor signaling pathway	43	2	0.9	0.22536
GO:0050821	protein stabilization	43	2	0.9	0.22536
GO:0055076	transition metal ion homeostasis	43	2	0.9	0.22536
GO:0048729	tissue morphogenesis	117	4	2.44	0.22571
GO:0050767	regulation of neurogenesis	117	4	2.44	0.22571
GO:0051648	vesicle localization	79	3	1.65	0.22645
GO:0051650	establishment of vesicle localization	79	3	1.65	0.22645
GO:0031401	positive regulation of protein modificat...	158	5	3.29	0.23126
GO:0007411	axon guidance	44	2	0.92	0.23312
GO:0032879	regulation of localization	369	10	7.69	0.23399
GO:0022008	neurogenesis	242	7	5.04	0.23681
GO:0030490	maturation of SSU-rRNA	81	3	1.69	0.23759
GO:0022414	reproductive process	636	16	13.25	0.23842
GO:0044772	mitotic cell cycle phase transition	201	6	4.19	0.23909
GO:0000722	telomere maintenance via recombination	13	1	0.27	0.23989
GO:0001704	formation of primary germ layer	13	1	0.27	0.23989
GO:0006206	pyrimidine nucleobase metabolic process	13	1	0.27	0.23989
GO:0006570	tyrosine metabolic process	13	1	0.27	0.23989
GO:0008637	apoptotic mitochondrial changes	13	1	0.27	0.23989
GO:0009853	photorespiration	13	1	0.27	0.23989
GO:0031000	response to caffeine	13	1	0.27	0.23989
GO:0032435	negative regulation of proteasomal ubiqu...	13	1	0.27	0.23989
GO:0032875	regulation of DNA endoreduplication	13	1	0.27	0.23989
GO:0036180	filamentous growth of a population of un...	13	1	0.27	0.23989
GO:0036270	response to diuretic	13	1	0.27	0.23989
GO:0042537	benzene-containing compound metabolic pr...	13	1	0.27	0.23989
GO:0045448	mitotic cell cycle, embryonic	13	1	0.27	0.23989
GO:0046209	nitric oxide metabolic process	13	1	0.27	0.23989
GO:0046688	response to copper ion	13	1	0.27	0.23989
GO:0048144	fibroblast proliferation	13	1	0.27	0.23989
GO:0048145	regulation of fibroblast proliferation	13	1	0.27	0.23989
GO:0050931	pigment cell differentiation	13	1	0.27	0.23989
GO:0051124	synaptic growth at neuromuscular junctio...	13	1	0.27	0.23989
GO:0051567	histone H3-K9 methylation	13	1	0.27	0.23989
GO:0051973	positive regulation of telomerase activi...	13	1	0.27	0.23989
GO:0072337	modified amino acid transport	13	1	0.27	0.23989
GO:1904814	regulation of protein localization to ch...	13	1	0.27	0.23989
GO:2001057	reactive nitrogen species metabolic proc...	13	1	0.27	0.23989
GO:0034502	protein localization to chromosome	45	2	0.94	0.24089
GO:0006915	apoptotic process	286	8	5.96	0.24200
GO:0048666	neuron development	161	5	3.36	0.24301
GO:0098542	defense response to other organism	161	5	3.36	0.24301
GO:0051338	regulation of transferase activity	162	5	3.38	0.24696
GO:0060249	anatomical structure homeostasis	122	4	2.54	0.24843
GO:0001889	liver development	46	2	0.96	0.24868
GO:0018022	peptidyl-lysine methylation	46	2	0.96	0.24868
GO:0050773	regulation of dendrite development	46	2	0.96	0.24868
GO:0051591	response to cAMP	46	2	0.96	0.24868
GO:0061008	hepaticobiliary system development	46	2	0.96	0.24868
GO:0072329	monocarboxylic acid catabolic process	46	2	0.96	0.24868
GO:0006888	ER to Golgi vesicle-mediated transport	83	3	1.73	0.24883
GO:0009611	response to wounding	83	3	1.73	0.24883
GO:0010467	gene expression	1148	27	23.92	0.25144
GO:0018209	peptidyl-serine modification	84	3	1.75	0.25448
GO:0048367	shoot system development	84	3	1.75	0.25448
GO:0061640	cytoskeleton-dependent cytokinesis	84	3	1.75	0.25448
GO:0006790	sulfur compound metabolic process	164	5	3.42	0.25491
GO:1901990	regulation of mitotic cell cycle phase t...	164	5	3.42	0.25491
GO:0003018	vascular process in circulatory system	14	1	0.29	0.25580
GO:0006171	cAMP biosynthetic process	14	1	0.29	0.25580
GO:0006336	DNA replication-independent nucleosome a...	14	1	0.29	0.25580
GO:0007112	male meiosis cytokinesis	14	1	0.29	0.25580
GO:0009218	pyrimidine ribonucleotide metabolic proc...	14	1	0.29	0.25580
GO:0009909	regulation of flower development	14	1	0.29	0.25580
GO:0010660	regulation of muscle cell apoptotic proc...	14	1	0.29	0.25580
GO:0031110	regulation of microtubule polymerization...	14	1	0.29	0.25580
GO:0048532	anatomical structure arrangement	14	1	0.29	0.25580
GO:0048573	photoperiodism, flowering	14	1	0.29	0.25580
GO:0048868	pollen tube development	14	1	0.29	0.25580
GO:0071168	protein localization to chromatin	14	1	0.29	0.25580
GO:2000279	negative regulation of DNA biosynthetic ...	14	1	0.29	0.25580
GO:0060255	regulation of macromolecule metabolic pr...	1012	24	21.09	0.25797
GO:0000723	telomere maintenance	85	3	1.77	0.26015
GO:0048869	cellular developmental process	692	17	14.42	0.26079
GO:0051960	regulation of nervous system development	125	4	2.6	0.26230
GO:0007476	imaginal disc-derived wing morphogenesis	48	2	1	0.26428
GO:0035114	imaginal disc-derived appendage morphoge...	48	2	1	0.26428
GO:0006464	cellular protein modification process	831	20	17.32	0.26481
GO:0036211	protein modification process	831	20	17.32	0.26481
GO:0000302	response to reactive oxygen species	86	3	1.79	0.26584
GO:0032200	telomere organization	86	3	1.79	0.26584
GO:0009968	negative regulation of signal transducti...	167	5	3.48	0.26697
GO:0016070	RNA metabolic process	971	23	20.24	0.26787
GO:0048468	cell development	427	11	8.9	0.27072
GO:0000963	mitochondrial RNA processing	15	1	0.31	0.27138
GO:0006904	vesicle docking involved in exocytosis	15	1	0.31	0.27138
GO:0008217	regulation of blood pressure	15	1	0.31	0.27138
GO:0009593	detection of chemical stimulus	15	1	0.31	0.27138
GO:0009606	tropism	15	1	0.31	0.27138
GO:0009932	cell tip growth	15	1	0.31	0.27138
GO:0010657	muscle cell apoptotic process	15	1	0.31	0.27138
GO:0032008	positive regulation of TOR signaling	15	1	0.31	0.27138
GO:0032212	positive regulation of telomere maintena...	15	1	0.31	0.27138
GO:0035150	regulation of tube size	15	1	0.31	0.27138
GO:0043570	maintenance of DNA repeat elements	15	1	0.31	0.27138
GO:0046785	microtubule polymerization	15	1	0.31	0.27138
GO:0070987	error-free translesion synthesis	15	1	0.31	0.27138
GO:1903201	regulation of oxidative stress-induced c...	15	1	0.31	0.27138
GO:1904018	positive regulation of vasculature devel...	15	1	0.31	0.27138
GO:1904358	positive regulation of telomere maintena...	15	1	0.31	0.27138
GO:2000035	regulation of stem cell division	15	1	0.31	0.27138
GO:2001243	negative regulation of intrinsic apoptot...	15	1	0.31	0.27138
GO:0007472	wing disc morphogenesis	49	2	1.02	0.27208
GO:0010501	RNA secondary structure unwinding	49	2	1.02	0.27208
GO:0044706	multi-multicellular organism process	49	2	1.02	0.27208
GO:0048737	imaginal disc-derived appendage developm...	49	2	1.02	0.27208
GO:0043412	macromolecule modification	929	22	19.36	0.27606
GO:0045814	negative regulation of gene expression, ...	88	3	1.83	0.27726
GO:0010605	negative regulation of macromolecule met...	519	13	10.82	0.27774
GO:0035120	post-embryonic appendage morphogenesis	50	2	1.04	0.27989
GO:0045666	positive regulation of neuron differenti...	50	2	1.04	0.27989
GO:0097485	neuron projection guidance	50	2	1.04	0.27989
GO:1901606	alpha-amino acid catabolic process	50	2	1.04	0.27989
GO:0006082	organic acid metabolic process	431	11	8.98	0.28116
GO:0043436	oxoacid metabolic process	431	11	8.98	0.28116
GO:0008652	cellular amino acid biosynthetic process	89	3	1.85	0.28300
GO:0009793	embryo development ending in seed dorman...	89	3	1.85	0.28300
GO:0016053	organic acid biosynthetic process	214	6	4.46	0.28578
GO:0044770	cell cycle phase transition	214	6	4.46	0.28578
GO:0046394	carboxylic acid biosynthetic process	214	6	4.46	0.28578
GO:0000916	actomyosin contractile ring contraction	16	1	0.33	0.28663
GO:0001818	negative regulation of cytokine producti...	16	1	0.33	0.28663
GO:0006525	arginine metabolic process	16	1	0.33	0.28663
GO:0006984	ER-nucleus signaling pathway	16	1	0.33	0.28663
GO:0008037	cell recognition	16	1	0.33	0.28663
GO:0009629	response to gravity	16	1	0.33	0.28663
GO:0014823	response to activity	16	1	0.33	0.28663
GO:0031288	sorocarp morphogenesis	16	1	0.33	0.28663
GO:0036213	contractile ring contraction	16	1	0.33	0.28663
GO:0046058	cAMP metabolic process	16	1	0.33	0.28663
GO:0051289	protein homotetramerization	16	1	0.33	0.28663
GO:0051444	negative regulation of ubiquitin-protein...	16	1	0.33	0.28663
GO:0070199	establishment of protein localization to...	16	1	0.33	0.28663
GO:0070651	nonfunctional rRNA decay	16	1	0.33	0.28663
GO:0090069	regulation of ribosome biogenesis	16	1	0.33	0.28663
GO:0090627	plant epidermal cell differentiation	16	1	0.33	0.28663
GO:0097421	liver regeneration	16	1	0.33	0.28663
GO:1901663	quinone biosynthetic process	16	1	0.33	0.28663
GO:0000469	cleavage involved in rRNA processing	51	2	1.06	0.28769
GO:0042542	response to hydrogen peroxide	51	2	1.06	0.28769
GO:1901362	organic cyclic compound biosynthetic pro...	889	21	18.53	0.28835
GO:0045664	regulation of neuron differentiation	90	3	1.88	0.28874
GO:0031175	neuron projection development	131	4	2.73	0.29050
GO:0007005	mitochondrion organization	173	5	3.61	0.29146
GO:0031323	regulation of cellular metabolic process	1030	24	21.47	0.29156
GO:0051128	regulation of cellular component organiz...	525	13	10.94	0.29232
GO:0015893	drug transport	52	2	1.08	0.29548
GO:0034614	cellular response to reactive oxygen spe...	52	2	1.08	0.29548
GO:0040017	positive regulation of locomotion	52	2	1.08	0.29548
GO:0046474	glycerophospholipid biosynthetic process	52	2	1.08	0.29548
GO:0048568	embryonic organ development	52	2	1.08	0.29548
GO:1901987	regulation of cell cycle phase transitio...	174	5	3.63	0.29559
GO:1902533	positive regulation of intracellular sig...	92	3	1.92	0.30026
GO:0006305	DNA alkylation	17	1	0.35	0.30157
GO:0006306	DNA methylation	17	1	0.35	0.30157
GO:0007076	mitotic chromosome condensation	17	1	0.35	0.30157
GO:0009744	response to sucrose	17	1	0.35	0.30157
GO:0010016	shoot system morphogenesis	17	1	0.35	0.30157
GO:0015949	nucleobase-containing small molecule int...	17	1	0.35	0.30157
GO:0016075	rRNA catabolic process	17	1	0.35	0.30157
GO:0030466	chromatin silencing at silent mating-typ...	17	1	0.35	0.30157
GO:0034285	response to disaccharide	17	1	0.35	0.30157
GO:0045943	positive regulation of transcription by ...	17	1	0.35	0.30157
GO:0048659	smooth muscle cell proliferation	17	1	0.35	0.30157
GO:0048660	regulation of smooth muscle cell prolife...	17	1	0.35	0.30157
GO:0051447	negative regulation of meiotic cell cycl...	17	1	0.35	0.30157
GO:0072332	intrinsic apoptotic signaling pathway by...	17	1	0.35	0.30157
GO:1901616	organic hydroxy compound catabolic proce...	17	1	0.35	0.30157
GO:1901661	quinone metabolic process	17	1	0.35	0.30157
GO:1901799	negative regulation of proteasomal prote...	17	1	0.35	0.30157
GO:1902905	positive regulation of supramolecular fi...	17	1	0.35	0.30157
GO:0007560	imaginal disc morphogenesis	53	2	1.1	0.30327
GO:0051094	positive regulation of developmental pro...	176	5	3.67	0.30388
GO:0019222	regulation of metabolic process	1178	27	24.55	0.30585
GO:0051716	cellular response to stimulus	1273	29	26.53	0.30732
GO:0016571	histone methylation	54	2	1.13	0.31103
GO:0046683	response to organophosphorus	54	2	1.13	0.31103
GO:0051258	protein polymerization	54	2	1.13	0.31103
GO:0090502	RNA phosphodiester bond hydrolysis, endo...	54	2	1.13	0.31103
GO:0099003	vesicle-mediated transport in synapse	54	2	1.13	0.31103
GO:1903047	mitotic cell cycle process	353	9	7.36	0.31189
GO:0033044	regulation of chromosome organization	178	5	3.71	0.31220
GO:0016072	rRNA metabolic process	222	6	4.63	0.31553
GO:0006508	proteolysis	399	10	8.32	0.31578
GO:0000054	ribosomal subunit export from nucleus	18	1	0.38	0.31620
GO:0003351	epithelial cilium movement	18	1	0.38	0.31620
GO:0006896	Golgi to vacuole transport	18	1	0.38	0.31620
GO:0009081	branched-chain amino acid metabolic proc...	18	1	0.38	0.31620
GO:0009190	cyclic nucleotide biosynthetic process	18	1	0.38	0.31620
GO:0010119	regulation of stomatal movement	18	1	0.38	0.31620
GO:0016572	histone phosphorylation	18	1	0.38	0.31620
GO:0017001	antibiotic catabolic process	18	1	0.38	0.31620
GO:0033002	muscle cell proliferation	18	1	0.38	0.31620
GO:0033206	meiotic cytokinesis	18	1	0.38	0.31620
GO:0033750	ribosome localization	18	1	0.38	0.31620
GO:0034067	protein localization to Golgi apparatus	18	1	0.38	0.31620
GO:0036473	cell death in response to oxidative stre...	18	1	0.38	0.31620
