GO.ID	Term	Annotated	Significant	Expected	classic
GO:0044403	symbiont process	126	31	16.93	0.00041
GO:0071705	nitrogen compound transport	568	102	76.32	0.00046
GO:0045184	establishment of protein localization	484	89	65.04	0.00051
GO:0015833	peptide transport	472	87	63.42	0.00056
GO:0072657	protein localization to membrane	151	35	20.29	0.00059
GO:0045840	positive regulation of mitotic nuclear d...	46	15	6.18	0.00063
GO:0042886	amide transport	482	88	64.77	0.00071
GO:0072594	establishment of protein localization to...	245	50	32.92	0.00105
GO:0015031	protein transport	455	83	61.14	0.00107
GO:0006612	protein targeting to membrane	89	23	11.96	0.00110
GO:0000291	nuclear-transcribed mRNA catabolic proce...	30	11	4.03	0.00112
GO:0061077	chaperone-mediated protein folding	30	11	4.03	0.00112
GO:0006402	mRNA catabolic process	139	32	18.68	0.00114
GO:0006605	protein targeting	198	42	26.61	0.00121
GO:0045842	positive regulation of mitotic metaphase...	35	12	4.7	0.00133
GO:1901970	positive regulation of mitotic sister ch...	35	12	4.7	0.00133
GO:0006352	DNA-templated transcription, initiation	64	18	8.6	0.00134
GO:0006401	RNA catabolic process	158	35	21.23	0.00140
GO:0016071	mRNA metabolic process	317	61	42.6	0.00143
GO:0002833	positive regulation of response to bioti...	5	4	0.67	0.00144
GO:0006620	posttranslational protein targeting to e...	11	6	1.48	0.00145
GO:0062033	positive regulation of mitotic sister ch...	40	13	5.37	0.00149
GO:0051785	positive regulation of nuclear division	50	15	6.72	0.00165
GO:0051084	'de novo' posttranslational protein fold...	8	5	1.07	0.00169
GO:0071702	organic substance transport	596	103	80.08	0.00179
GO:0072599	establishment of protein localization to...	76	20	10.21	0.00182
GO:0016246	RNA interference	15	7	2.02	0.00183
GO:0043433	negative regulation of DNA-binding trans...	15	7	2.02	0.00183
GO:0034427	nuclear-transcribed mRNA catabolic proce...	19	8	2.55	0.00194
GO:0034661	ncRNA catabolic process	19	8	2.55	0.00194
GO:0044419	interspecies interaction between organis...	161	35	21.63	0.00198
GO:0000041	transition metal ion transport	46	14	6.18	0.00201
GO:0051817	modification of morphology or physiology...	46	14	6.18	0.00201
GO:1902101	positive regulation of metaphase/anaphas...	37	12	4.97	0.00229
GO:1905820	positive regulation of chromosome separa...	37	12	4.97	0.00229
GO:0090150	establishment of protein localization to...	116	27	15.59	0.00231
GO:0032720	negative regulation of tumor necrosis fa...	3	3	0.4	0.00241
GO:0035268	protein mannosylation	3	3	0.4	0.00241
GO:0035269	protein O-linked mannosylation	3	3	0.4	0.00241
GO:0071577	zinc ion transmembrane transport	3	3	0.4	0.00241
GO:0071816	tail-anchored membrane protein insertion...	3	3	0.4	0.00241
GO:1901562	response to paraquat	3	3	0.4	0.00241
GO:1903556	negative regulation of tumor necrosis fa...	3	3	0.4	0.00241
GO:0006810	transport	945	152	126.98	0.00299
GO:0051234	establishment of localization	981	157	131.82	0.00307
GO:0007568	aging	165	35	22.17	0.00308
GO:0035821	modification of morphology or physiology...	53	15	7.12	0.00312
GO:0045047	protein targeting to ER	74	19	9.94	0.00319
GO:0043488	regulation of mRNA stability	29	10	3.9	0.00319
GO:1901992	positive regulation of mitotic cell cycl...	69	18	9.27	0.00337
GO:0001112	DNA-templated transcriptional open compl...	9	5	1.21	0.00339
GO:0001120	protein-DNA complex remodeling	9	5	1.21	0.00339
GO:0000956	nuclear-transcribed mRNA catabolic proce...	119	27	15.99	0.00341
GO:0006839	mitochondrial transport	80	20	10.75	0.00351
GO:0016032	viral process	91	22	12.23	0.00352
GO:0006367	transcription initiation from RNA polyme...	49	14	6.58	0.00386
GO:0070201	regulation of establishment of protein l...	103	24	13.84	0.00393
GO:0090087	regulation of peptide transport	103	24	13.84	0.00393
GO:0050896	response to stimulus	1764	263	237.03	0.00394
GO:0070972	protein localization to endoplasmic reti...	81	20	10.88	0.00409
GO:0042026	protein refolding	13	6	1.75	0.00424
GO:0052167	modulation by symbiont of host innate im...	13	6	1.75	0.00424
GO:0052306	modulation by organism of innate immune ...	13	6	1.75	0.00424
GO:0052552	modulation by organism of immune respons...	13	6	1.75	0.00424
GO:0052553	modulation by symbiont of host immune re...	13	6	1.75	0.00424
GO:0071028	nuclear mRNA surveillance	13	6	1.75	0.00424
GO:0016075	rRNA catabolic process	17	7	2.28	0.00435
GO:0031647	regulation of protein stability	66	17	8.87	0.00499
GO:0051223	regulation of protein transport	88	21	11.82	0.00508
GO:0000184	nuclear-transcribed mRNA catabolic proce...	77	19	10.35	0.00513
GO:0044772	mitotic cell cycle phase transition	201	40	27.01	0.00533
GO:0032101	regulation of response to external stimu...	94	22	12.63	0.00536
GO:0045931	positive regulation of mitotic cell cycl...	94	22	12.63	0.00536
GO:0015931	nucleobase-containing compound transport	123	27	16.53	0.00553
GO:0044770	cell cycle phase transition	214	42	28.76	0.00562
GO:0090503	RNA phosphodiester bond hydrolysis, exon...	22	8	2.96	0.00568
GO:0061013	regulation of mRNA catabolic process	36	11	4.84	0.00580
GO:0034367	protein-containing complex remodeling	10	5	1.34	0.00604
GO:0006886	intracellular protein transport	383	68	51.46	0.00641
GO:1901989	positive regulation of cell cycle phase ...	73	18	9.81	0.00642
GO:0052564	response to immune response of other org...	14	6	1.88	0.00658
GO:0052572	response to host immune response	14	6	1.88	0.00658
GO:0071025	RNA surveillance	14	6	1.88	0.00658
GO:0071027	nuclear RNA surveillance	14	6	1.88	0.00658
GO:0008340	determination of adult lifespan	79	19	10.62	0.00690
GO:0043487	regulation of RNA stability	32	10	4.3	0.00706
GO:0051090	regulation of DNA-binding transcription ...	32	10	4.3	0.00706
GO:0098662	inorganic cation transmembrane transport	108	24	14.51	0.00741
GO:0043624	cellular protein complex disassembly	58	15	7.79	0.00783
GO:0001113	transcriptional open complex formation a...	7	4	0.94	0.00805
GO:0051085	chaperone cofactor-dependent protein ref...	7	4	0.94	0.00805
GO:0055085	transmembrane transport	308	56	41.39	0.00812
GO:0016073	snRNA metabolic process	28	9	3.76	0.00855
GO:0051984	positive regulation of chromosome segreg...	48	13	6.45	0.00864
GO:0043902	positive regulation of multi-organism pr...	64	16	8.6	0.00865
GO:0006449	regulation of translational termination	4	3	0.54	0.00868
GO:0006829	zinc ion transport	4	3	0.54	0.00868
GO:0010216	maintenance of DNA methylation	4	3	0.54	0.00868
GO:0015985	energy coupled proton transport, down el...	4	3	0.54	0.00868
GO:0015986	ATP synthesis coupled proton transport	4	3	0.54	0.00868
GO:0031086	nuclear-transcribed mRNA catabolic proce...	4	3	0.54	0.00868
GO:0031087	deadenylation-independent decapping of n...	4	3	0.54	0.00868
GO:0044396	actin cortical patch organization	4	3	0.54	0.00868
GO:0071031	nuclear mRNA surveillance of mRNA 3'-end...	4	3	0.54	0.00868
GO:0071034	CUT catabolic process	4	3	0.54	0.00868
GO:0071043	CUT metabolic process	4	3	0.54	0.00868
GO:1990641	response to iron ion starvation	4	3	0.54	0.00868
GO:0010259	multicellular organism aging	81	19	10.88	0.00913
GO:0050776	regulation of immune response	110	24	14.78	0.00938
GO:0065007	biological regulation	1870	274	251.27	0.00961
GO:0032640	tumor necrosis factor production	11	5	1.48	0.00986
GO:0032680	regulation of tumor necrosis factor prod...	11	5	1.48	0.00986
GO:0045835	negative regulation of meiotic nuclear d...	11	5	1.48	0.00986
GO:0052166	positive regulation by symbiont of host ...	11	5	1.48	0.00986
GO:0052305	positive regulation by organism of innat...	11	5	1.48	0.00986
GO:0052555	positive regulation by organism of immun...	11	5	1.48	0.00986
GO:0052556	positive regulation by symbiont of host ...	11	5	1.48	0.00986
GO:0071706	tumor necrosis factor superfamily cytoki...	11	5	1.48	0.00986
GO:1903555	regulation of tumor necrosis factor supe...	11	5	1.48	0.00986
GO:0070646	protein modification by small protein re...	82	19	11.02	0.01045
GO:0051783	regulation of nuclear division	123	26	16.53	0.01067
GO:0033044	regulation of chromosome organization	178	35	23.92	0.01080
GO:0031032	actomyosin structure organization	29	9	3.9	0.01096
GO:0044003	modification by symbiont of host morphol...	34	10	4.57	0.01120
GO:0051179	localization	1156	177	155.33	0.01168
GO:0006458	'de novo' protein folding	20	7	2.69	0.01209
GO:0009648	photoperiodism	20	7	2.69	0.01209
GO:0009751	response to salicylic acid	20	7	2.69	0.01209
GO:0050777	negative regulation of immune response	20	7	2.69	0.01209
GO:0032984	protein-containing complex disassembly	107	23	14.38	0.01301
GO:0032103	positive regulation of response to exter...	25	8	3.36	0.01335
GO:0007346	regulation of mitotic cell cycle	225	42	30.23	0.01362
GO:0034655	nucleobase-containing compound catabolic...	238	44	31.98	0.01381
GO:0006109	regulation of carbohydrate metabolic pro...	30	9	4.03	0.01385
GO:0060260	regulation of transcription initiation f...	16	6	2.15	0.01387
GO:0070651	nonfunctional rRNA decay	16	6	2.15	0.01387
GO:0009057	macromolecule catabolic process	443	75	59.53	0.01394
GO:0098655	cation transmembrane transport	138	28	18.54	0.01433
GO:0009408	response to heat	102	22	13.71	0.01440
GO:0000290	deadenylation-dependent decapping of nuc...	8	4	1.07	0.01441
GO:0016109	tetraterpenoid biosynthetic process	8	4	1.07	0.01441
GO:0016117	carotenoid biosynthetic process	8	4	1.07	0.01441
GO:0031204	posttranslational protein targeting to m...	8	4	1.07	0.01441
GO:0031347	regulation of defense response	120	25	16.12	0.01459
GO:0051781	positive regulation of cell division	51	13	6.85	0.01460
GO:0009756	carbohydrate mediated signaling	12	5	1.61	0.01507
GO:0010182	sugar mediated signaling pathway	12	5	1.61	0.01507
GO:0042098	T cell proliferation	12	5	1.61	0.01507
GO:0044271	cellular nitrogen compound biosynthetic ...	1091	167	146.6	0.01541
GO:0006812	cation transport	176	34	23.65	0.01550
GO:0035194	posttranscriptional gene silencing by RN...	46	12	6.18	0.01552
GO:0016579	protein deubiquitination	68	16	9.14	0.01562
GO:0062012	regulation of small molecule metabolic p...	97	21	13.03	0.01593
GO:0052031	modulation by symbiont of host defense r...	21	7	2.82	0.01609
GO:0052255	modulation by organism of defense respon...	21	7	2.82	0.01609
GO:0007051	spindle organization	80	18	10.75	0.01690
GO:0051704	multi-organism process	730	116	98.09	0.01692
GO:0017148	negative regulation of translation	36	10	4.84	0.01696
GO:0043928	exonucleolytic nuclear-transcribed mRNA ...	26	8	3.49	0.01708
GO:0031329	regulation of cellular catabolic process	254	46	34.13	0.01715
GO:0010229	inflorescence development	2	2	0.27	0.01802
GO:0031919	vitamin B6 transport	2	2	0.27	0.01802
GO:0031921	pyridoxal phosphate transport	2	2	0.27	0.01802
GO:0032769	negative regulation of monooxygenase act...	2	2	0.27	0.01802
GO:0036246	phytochelatin 2 import into vacuole	2	2	0.27	0.01802
GO:0036249	cadmium ion import into vacuole	2	2	0.27	0.01802
GO:0042776	mitochondrial ATP synthesis coupled prot...	2	2	0.27	0.01802
GO:0051001	negative regulation of nitric-oxide synt...	2	2	0.27	0.01802
GO:0070231	T cell apoptotic process	2	2	0.27	0.01802
GO:0071049	nuclear retention of pre-mRNA with aberr...	2	2	0.27	0.01802
GO:0071493	cellular response to UV-B	2	2	0.27	0.01802
GO:0071993	phytochelatin transport	2	2	0.27	0.01802
GO:0071994	phytochelatin transmembrane transport	2	2	0.27	0.01802
GO:0071995	phytochelatin import into vacuole	2	2	0.27	0.01802
GO:0071996	glutathione transmembrane import into va...	2	2	0.27	0.01802
GO:0072658	maintenance of protein location in membr...	2	2	0.27	0.01802
GO:0072660	maintenance of protein location in plasm...	2	2	0.27	0.01802
GO:0090200	positive regulation of release of cytoch...	2	2	0.27	0.01802
GO:0090233	negative regulation of spindle checkpoin...	2	2	0.27	0.01802
GO:0097050	type B pancreatic cell apoptotic process	2	2	0.27	0.01802
GO:1900490	positive regulation of hydroxymethylglut...	2	2	0.27	0.01802
GO:1901535	regulation of DNA demethylation	2	2	0.27	0.01802
GO:1901537	positive regulation of DNA demethylation	2	2	0.27	0.01802
GO:1902426	deactivation of mitotic spindle assembly...	2	2	0.27	0.01802
GO:1903066	regulation of protein localization to ce...	2	2	0.27	0.01802
GO:1990540	mitochondrial manganese ion transmembran...	2	2	0.27	0.01802
GO:2000674	regulation of type B pancreatic cell apo...	2	2	0.27	0.01802
GO:2000676	positive regulation of type B pancreatic...	2	2	0.27	0.01802
GO:2001215	regulation of hydroxymethylglutaryl-CoA ...	2	2	0.27	0.01802
GO:0000288	nuclear-transcribed mRNA catabolic proce...	47	12	6.32	0.01839
GO:0045088	regulation of innate immune response	75	17	10.08	0.01860
GO:0070478	nuclear-transcribed mRNA catabolic proce...	17	6	2.28	0.01906
GO:2000142	regulation of DNA-templated transcriptio...	17	6	2.28	0.01906
GO:1901576	organic substance biosynthetic process	1507	223	202.5	0.01916
GO:0050708	regulation of protein secretion	42	11	5.64	0.01954
GO:0032088	negative regulation of NF-kappaB transcr...	5	3	0.67	0.01954
GO:0032239	regulation of nucleobase-containing comp...	5	3	0.67	0.01954
GO:0046831	regulation of RNA export from nucleus	5	3	0.67	0.01954
GO:0070306	lens fiber cell differentiation	5	3	0.67	0.01954
GO:1902626	assembly of large subunit precursor of p...	5	3	0.67	0.01954
GO:0006368	transcription elongation from RNA polyme...	64	15	8.6	0.01960
GO:1903311	regulation of mRNA metabolic process	64	15	8.6	0.01960
GO:0002376	immune system process	382	65	51.33	0.01971
GO:0046907	intracellular transport	512	84	68.8	0.02053
GO:0052173	response to defenses of other organism i...	22	7	2.96	0.02095
GO:0052200	response to host defenses	22	7	2.96	0.02095
GO:0075136	response to host	22	7	2.96	0.02095
GO:0044270	cellular nitrogen compound catabolic pro...	257	46	34.53	0.02095
GO:0006289	nucleotide-excision repair	76	17	10.21	0.02109
GO:0050727	regulation of inflammatory response	27	8	3.63	0.02151
GO:0002791	regulation of peptide secretion	48	12	6.45	0.02164
GO:0051225	spindle assembly	48	12	6.45	0.02164
GO:0044265	cellular macromolecule catabolic process	404	68	54.29	0.02167
GO:0043933	protein-containing complex subunit organ...	624	100	83.85	0.02177
GO:0042304	regulation of fatty acid biosynthetic pr...	13	5	1.75	0.02185
GO:0044107	cellular alcohol metabolic process	13	5	1.75	0.02185
GO:0060261	positive regulation of transcription ini...	13	5	1.75	0.02185
GO:2000144	positive regulation of DNA-templated tra...	13	5	1.75	0.02185
GO:0065008	regulation of biological quality	744	117	99.97	0.02254
GO:0098660	inorganic ion transmembrane transport	137	27	18.41	0.02304
GO:0050821	protein stabilization	43	11	5.78	0.02320
GO:1990542	mitochondrial transmembrane transport	43	11	5.78	0.02320
GO:0009863	salicylic acid mediated signaling pathwa...	9	4	1.21	0.02323
GO:0009867	jasmonic acid mediated signaling pathway	9	4	1.21	0.02323
GO:0009988	cell-cell recognition	9	4	1.21	0.02323
GO:0035036	sperm-egg recognition	9	4	1.21	0.02323
GO:0071051	polyadenylation-dependent snoRNA 3'-end ...	9	4	1.21	0.02323
GO:0097501	stress response to metal ion	9	4	1.21	0.02323
GO:0016441	posttranscriptional gene silencing	54	13	7.26	0.02331
GO:0017038	protein import	83	18	11.15	0.02422
GO:0044843	cell cycle G1/S phase transition	95	20	12.77	0.02458
GO:0034249	negative regulation of cellular amide me...	38	10	5.11	0.02465
GO:0009892	negative regulation of metabolic process	565	91	75.92	0.02543
GO:1902850	microtubule cytoskeleton organization in...	66	15	8.87	0.02560
GO:0006415	translational termination	28	8	3.76	0.02669
GO:0046822	regulation of nucleocytoplasmic transpor...	28	8	3.76	0.02669
GO:0051726	regulation of cell cycle	334	57	44.88	0.02693
GO:0031047	gene silencing by RNA	55	13	7.39	0.02693
GO:1901990	regulation of mitotic cell cycle phase t...	164	31	22.04	0.02708
GO:0050657	nucleic acid transport	90	19	12.09	0.02729
GO:0050658	RNA transport	90	19	12.09	0.02729
GO:0065002	intracellular protein transmembrane tran...	44	11	5.91	0.02732
GO:1902600	proton transmembrane transport	44	11	5.91	0.02732
GO:0022411	cellular component disassembly	139	27	18.68	0.02743
GO:0010605	negative regulation of macromolecule met...	519	84	69.74	0.02836
GO:0051649	establishment of localization in cell	568	91	76.32	0.02897
GO:0051306	mitotic sister chromatid separation	67	15	9	0.02907
GO:0006366	transcription by RNA polymerase II	302	52	40.58	0.02915
GO:0019827	stem cell population maintenance	39	10	5.24	0.02932
GO:0007088	regulation of mitotic nuclear division	109	22	14.65	0.02977
GO:0006457	protein folding	85	18	11.42	0.03030
GO:0046825	regulation of protein export from nucleu...	14	5	1.88	0.03033
GO:0060236	regulation of mitotic spindle organizati...	14	5	1.88	0.03033
GO:0090224	regulation of spindle organization	14	5	1.88	0.03033
GO:0090605	submerged biofilm formation	14	5	1.88	0.03033
GO:0090609	single-species submerged biofilm formati...	14	5	1.88	0.03033
GO:2000027	regulation of animal organ morphogenesis	14	5	1.88	0.03033
GO:0000082	G1/S transition of mitotic cell cycle	91	19	12.23	0.03035
GO:0051236	establishment of RNA localization	91	19	12.23	0.03035
GO:0008104	protein localization	646	102	86.8	0.03044
GO:0042255	ribosome assembly	56	13	7.52	0.03095
GO:0007283	spermatogenesis	128	25	17.2	0.03112
GO:0009894	regulation of catabolic process	270	47	36.28	0.03129
GO:0009416	response to light stimulus	166	31	22.31	0.03160
GO:0010629	negative regulation of gene expression	398	66	53.48	0.03183
GO:0006283	transcription-coupled nucleotide-excisio...	45	11	6.05	0.03196
GO:0071806	protein transmembrane transport	45	11	6.05	0.03196
GO:1904951	positive regulation of establishment of ...	62	14	8.33	0.03209
GO:0034220	ion transmembrane transport	218	39	29.29	0.03247
GO:0031348	negative regulation of defense response	29	8	3.9	0.03269
GO:0043604	amide biosynthetic process	385	64	51.73	0.03279
GO:0006370	7-methylguanosine mRNA capping	19	6	2.55	0.03309
GO:0009452	7-methylguanosine RNA capping	19	6	2.55	0.03309
GO:0052509	positive regulation by symbiont of host ...	19	6	2.55	0.03309
GO:0052510	positive regulation by organism of defen...	19	6	2.55	0.03309
GO:0007029	endoplasmic reticulum organization	24	7	3.22	0.03352
GO:0043628	ncRNA 3'-end processing	24	7	3.22	0.03352
GO:0009059	macromolecule biosynthetic process	983	149	132.09	0.03358
GO:2000058	regulation of ubiquitin-dependent protei...	92	19	12.36	0.03366
GO:0007052	mitotic spindle organization	51	12	6.85	0.03394
GO:0051222	positive regulation of protein transport	51	12	6.85	0.03394
GO:0009058	biosynthetic process	1547	226	207.87	0.03407
GO:0030866	cortical actin cytoskeleton organization	40	10	5.37	0.03459
GO:0044182	filamentous growth of a population of un...	40	10	5.37	0.03459
GO:0098727	maintenance of cell number	40	10	5.37	0.03459
GO:0006403	RNA localization	123	24	16.53	0.03462
GO:0006696	ergosterol biosynthetic process	10	4	1.34	0.03469
GO:0008204	ergosterol metabolic process	10	4	1.34	0.03469
GO:0009240	isopentenyl diphosphate biosynthetic pro...	10	4	1.34	0.03469
GO:0010466	negative regulation of peptidase activit...	10	4	1.34	0.03469
GO:0010951	negative regulation of endopeptidase act...	10	4	1.34	0.03469
GO:0016108	tetraterpenoid metabolic process	10	4	1.34	0.03469
GO:0016116	carotenoid metabolic process	10	4	1.34	0.03469
GO:0030437	ascospore formation	10	4	1.34	0.03469
GO:0036523	positive regulation by symbiont of host ...	10	4	1.34	0.03469
GO:0044033	multi-organism metabolic process	10	4	1.34	0.03469
GO:0044035	multi-organism catabolic process	10	4	1.34	0.03469
GO:0044108	cellular alcohol biosynthetic process	10	4	1.34	0.03469
GO:0046490	isopentenyl diphosphate metabolic proces...	10	4	1.34	0.03469
GO:0046834	lipid phosphorylation	10	4	1.34	0.03469
GO:0052002	metabolism by symbiont of substance in h...	10	4	1.34	0.03469
GO:0052006	catabolism by symbiont of substance in h...	10	4	1.34	0.03469
GO:0052013	catabolism by symbiont of host macromole...	10	4	1.34	0.03469
GO:0052014	catabolism by symbiont of host protein	10	4	1.34	0.03469
GO:0052032	modulation by symbiont of host inflammat...	10	4	1.34	0.03469
GO:0052174	metabolism by symbiont of host macromole...	10	4	1.34	0.03469
GO:0052214	metabolism of substance in other organis...	10	4	1.34	0.03469
GO:0052227	catabolism of substance in other organis...	10	4	1.34	0.03469
GO:0052228	metabolism by symbiont of host protein	10	4	1.34	0.03469
GO:0052229	metabolism of macromolecule in other org...	10	4	1.34	0.03469
GO:0052256	modulation by organism of inflammatory r...	10	4	1.34	0.03469
GO:0052361	catabolism by organism of macromolecule ...	10	4	1.34	0.03469
GO:0052363	catabolism by organism of protein in oth...	10	4	1.34	0.03469
GO:0052418	metabolism by organism of protein in oth...	10	4	1.34	0.03469
GO:0071395	cellular response to jasmonic acid stimu...	10	4	1.34	0.03469
GO:0000022	mitotic spindle elongation	6	3	0.81	0.03523
GO:0002088	lens development in camera-type eye	6	3	0.81	0.03523
GO:0002709	regulation of T cell mediated immunity	6	3	0.81	0.03523
GO:0006828	manganese ion transport	6	3	0.81	0.03523
GO:0016119	carotene metabolic process	6	3	0.81	0.03523
GO:0016120	carotene biosynthetic process	6	3	0.81	0.03523
GO:0031291	Ran protein signal transduction	6	3	0.81	0.03523
GO:0033077	T cell differentiation in thymus	6	3	0.81	0.03523
GO:0033539	fatty acid beta-oxidation using acyl-CoA...	6	3	0.81	0.03523
GO:0036099	female germ-line stem cell population ma...	6	3	0.81	0.03523
GO:0043708	cell adhesion involved in biofilm format...	6	3	0.81	0.03523
GO:0043709	cell adhesion involved in single-species...	6	3	0.81	0.03523
GO:0045048	protein insertion into ER membrane	6	3	0.81	0.03523
GO:0046246	terpene biosynthetic process	6	3	0.81	0.03523
GO:0046329	negative regulation of JNK cascade	6	3	0.81	0.03523
GO:0050690	regulation of defense response to virus ...	6	3	0.81	0.03523
GO:0061014	positive regulation of mRNA catabolic pr...	6	3	0.81	0.03523
GO:0071044	histone mRNA catabolic process	6	3	0.81	0.03523
GO:0071421	manganese ion transmembrane transport	6	3	0.81	0.03523
GO:1900187	regulation of cell adhesion involved in ...	6	3	0.81	0.03523
GO:1900189	positive regulation of cell adhesion inv...	6	3	0.81	0.03523
GO:0052548	regulation of endopeptidase activity	57	13	7.66	0.03538
GO:1901987	regulation of cell cycle phase transitio...	174	32	23.38	0.03558
GO:0006955	immune response	259	45	34.8	0.03576
GO:0019439	aromatic compound catabolic process	259	45	34.8	0.03576
GO:0046700	heterocycle catabolic process	259	45	34.8	0.03576
GO:0043043	peptide biosynthetic process	326	55	43.8	0.03612
GO:0002684	positive regulation of immune system pro...	99	20	13.3	0.03688
GO:0002252	immune effector process	130	25	17.47	0.03691
GO:0031349	positive regulation of defense response	69	15	9.27	0.03704
GO:0090307	mitotic spindle assembly	35	9	4.7	0.03717
GO:0033047	regulation of mitotic sister chromatid s...	75	16	10.08	0.03740
GO:0032880	regulation of protein localization	162	30	21.77	0.03779
GO:0006631	fatty acid metabolic process	112	22	15.05	0.03928
GO:0019882	antigen processing and presentation	30	8	4.03	0.03953
GO:1903050	regulation of proteolysis involved in ce...	106	21	14.24	0.03996
GO:1903362	regulation of cellular protein catabolic...	106	21	14.24	0.03996
GO:0010558	negative regulation of macromolecule bio...	261	45	35.07	0.04019
GO:0031334	positive regulation of protein complex a...	58	13	7.79	0.04025
GO:0051701	interaction with host	58	13	7.79	0.04025
GO:0042710	biofilm formation	15	5	2.02	0.04062
GO:0044010	single-species biofilm formation	15	5	2.02	0.04062
GO:0045824	negative regulation of innate immune res...	15	5	2.02	0.04062
GO:0050707	regulation of cytokine secretion	15	5	2.02	0.04062
GO:0002699	positive regulation of immune effector p...	25	7	3.36	0.04137
GO:0051983	regulation of chromosome segregation	88	18	11.82	0.04147
GO:0000028	ribosomal small subunit assembly	20	6	2.69	0.04209
GO:0007159	leukocyte cell-cell adhesion	20	6	2.69	0.04209
GO:0036260	RNA capping	20	6	2.69	0.04209
GO:0006412	translation	309	52	41.52	0.04277
GO:0006986	response to unfolded protein	47	11	6.32	0.04285
GO:0000278	mitotic cell cycle	384	63	51.6	0.04349
GO:0010565	regulation of cellular ketone metabolic ...	36	9	4.84	0.04391
GO:2001252	positive regulation of chromosome organi...	95	19	12.77	0.04521
GO:0001817	regulation of cytokine production	59	13	7.93	0.04558
GO:0032434	regulation of proteasomal ubiquitin-depe...	83	17	11.15	0.04620
GO:0033045	regulation of sister chromatid segregati...	83	17	11.15	0.04620
GO:0006405	RNA export from nucleus	71	15	9.54	0.04647
GO:0043281	regulation of cysteine-type endopeptidas...	42	10	5.64	0.04702
GO:0034613	cellular protein localization	545	86	73.23	0.04726
GO:0008299	isoprenoid biosynthetic process	31	8	4.17	0.04728
GO:0042110	T cell activation	31	8	4.17	0.04728
GO:0051130	positive regulation of cellular componen...	244	42	32.79	0.04764
GO:0009056	catabolic process	786	120	105.61	0.04863
GO:0030162	regulation of proteolysis	172	31	23.11	0.04867
GO:0000060	protein import into nucleus, translocati...	11	4	1.48	0.04887
GO:0001909	leukocyte mediated cytotoxicity	11	4	1.48	0.04887
GO:0006407	rRNA export from nucleus	11	4	1.48	0.04887
GO:0019673	GDP-mannose metabolic process	11	4	1.48	0.04887
GO:0046631	alpha-beta T cell activation	11	4	1.48	0.04887
GO:0051029	rRNA transport	11	4	1.48	0.04887
GO:0051205	protein insertion into membrane	11	4	1.48	0.04887
GO:0070125	mitochondrial translational elongation	11	4	1.48	0.04887
GO:0000147	actin cortical patch assembly	3	2	0.4	0.04923
GO:0002188	translation reinitiation	3	2	0.4	0.04923
GO:0002710	negative regulation of T cell mediated i...	3	2	0.4	0.04923
GO:0002725	negative regulation of T cell cytokine p...	3	2	0.4	0.04923
GO:0002820	negative regulation of adaptive immune r...	3	2	0.4	0.04923
GO:0002823	negative regulation of adaptive immune r...	3	2	0.4	0.04923
GO:0006882	cellular zinc ion homeostasis	3	2	0.4	0.04923
GO:0010045	response to nickel cation	3	2	0.4	0.04923
GO:0010793	regulation of mRNA export from nucleus	3	2	0.4	0.04923
GO:0019626	short-chain fatty acid catabolic process	3	2	0.4	0.04923
GO:0031536	positive regulation of exit from mitosis	3	2	0.4	0.04923
GO:0032612	interleukin-1 production	3	2	0.4	0.04923
GO:0032652	regulation of interleukin-1 production	3	2	0.4	0.04923
GO:0034428	nuclear-transcribed mRNA catabolic proce...	3	2	0.4	0.04923
GO:0034775	glutathione transmembrane transport	3	2	0.4	0.04923
GO:0035443	tripeptide transmembrane transport	3	2	0.4	0.04923
GO:0035616	histone H2B conserved C-terminal lysine ...	3	2	0.4	0.04923
GO:0035767	endothelial cell chemotaxis	3	2	0.4	0.04923
GO:0036353	histone H2A-K119 monoubiquitination	3	2	0.4	0.04923
GO:0036499	PERK-mediated unfolded protein response	3	2	0.4	0.04923
GO:0042780	tRNA 3'-end processing	3	2	0.4	0.04923
GO:0043029	T cell homeostasis	3	2	0.4	0.04923
GO:0046636	negative regulation of alpha-beta T cell...	3	2	0.4	0.04923
GO:0046666	retinal cell programmed cell death	3	2	0.4	0.04923
GO:0046667	compound eye retinal cell programmed cel...	3	2	0.4	0.04923
GO:0050779	RNA destabilization	3	2	0.4	0.04923
GO:0051127	positive regulation of actin nucleation	3	2	0.4	0.04923
GO:0051598	meiotic recombination checkpoint	3	2	0.4	0.04923
GO:0055069	zinc ion homeostasis	3	2	0.4	0.04923
GO:0061157	mRNA destabilization	3	2	0.4	0.04923
GO:0070227	lymphocyte apoptotic process	3	2	0.4	0.04923
GO:0070791	cleistothecium development	3	2	0.4	0.04923
GO:0071033	nuclear retention of pre-mRNA at the sit...	3	2	0.4	0.04923
GO:0071786	endoplasmic reticulum tubular network or...	3	2	0.4	0.04923
GO:1901888	regulation of cell junction assembly	3	2	0.4	0.04923
GO:1901889	negative regulation of cell junction ass...	3	2	0.4	0.04923
GO:1903077	negative regulation of protein localizat...	3	2	0.4	0.04923
GO:1903335	regulation of vacuolar transport	3	2	0.4	0.04923
GO:1904376	negative regulation of protein localizat...	3	2	0.4	0.04923
GO:1905476	negative regulation of protein localizat...	3	2	0.4	0.04923
GO:1990151	protein localization to cell tip	3	2	0.4	0.04923
GO:2000197	regulation of ribonucleoprotein complex ...	3	2	0.4	0.04923
GO:2000601	positive regulation of Arp2/3 complex-me...	3	2	0.4	0.04923
GO:0045087	innate immune response	153	28	20.56	0.05003
GO:0010038	response to metal ion	166	30	22.31	0.05031
GO:0000027	ribosomal large subunit assembly	26	7	3.49	0.05032
GO:0002793	positive regulation of peptide secretion	26	7	3.49	0.05032
GO:0048002	antigen processing and presentation of p...	26	7	3.49	0.05032
GO:1902652	secondary alcohol metabolic process	26	7	3.49	0.05032
GO:1903047	mitotic cell cycle process	353	58	47.43	0.05047
GO:0006950	response to stress	1141	169	153.32	0.05102
GO:0034645	cellular macromolecule biosynthetic proc...	967	145	129.94	0.05116
GO:0007091	metaphase/anaphase transition of mitotic...	60	13	8.06	0.05138
GO:0030071	regulation of mitotic metaphase/anaphase...	60	13	8.06	0.05138
GO:0043687	post-translational protein modification	60	13	8.06	0.05138
GO:0002790	peptide secretion	78	16	10.48	0.05151
GO:0006354	DNA-templated transcription, elongation	78	16	10.48	0.05151
GO:0005975	carbohydrate metabolic process	147	27	19.75	0.05162
GO:0009306	protein secretion	72	15	9.67	0.05177
GO:0009890	negative regulation of biosynthetic proc...	279	47	37.49	0.05188
GO:0001818	negative regulation of cytokine producti...	16	5	2.15	0.05278
GO:0001906	cell killing	16	5	2.15	0.05278
GO:0009624	response to nematode	16	5	2.15	0.05278
GO:0030217	T cell differentiation	16	5	2.15	0.05278
GO:0031125	rRNA 3'-end processing	16	5	2.15	0.05278
GO:0070199	establishment of protein localization to...	16	5	2.15	0.05278
GO:0071824	protein-DNA complex subunit organization	103	20	13.84	0.05324
GO:0006518	peptide metabolic process	368	60	49.45	0.05371
GO:0010638	positive regulation of organelle organiz...	154	28	20.69	0.05373
GO:0090068	positive regulation of cell cycle proces...	122	23	16.39	0.05377
GO:0030865	cortical cytoskeleton organization	43	10	5.78	0.05424
GO:2000116	regulation of cysteine-type endopeptidas...	43	10	5.78	0.05424
GO:0010564	regulation of cell cycle process	253	43	34	0.05430
GO:0006811	ion transport	287	48	38.56	0.05540
GO:0001109	promoter clearance during DNA-templated ...	7	3	0.94	0.05561
GO:0001111	promoter clearance from RNA polymerase I...	7	3	0.94	0.05561
GO:0002456	T cell mediated immunity	7	3	0.94	0.05561
GO:0010603	regulation of cytoplasmic mRNA processin...	7	3	0.94	0.05561
GO:0015976	carbon utilization	7	3	0.94	0.05561
GO:0033313	meiotic cell cycle checkpoint	7	3	0.94	0.05561
GO:0042129	regulation of T cell proliferation	7	3	0.94	0.05561
GO:0046634	regulation of alpha-beta T cell activati...	7	3	0.94	0.05561
GO:0046854	phosphatidylinositol phosphorylation	7	3	0.94	0.05561
GO:0071260	cellular response to mechanical stimulus	7	3	0.94	0.05561
GO:0090175	regulation of establishment of planar po...	7	3	0.94	0.05561
GO:0002682	regulation of immune system process	161	29	21.63	0.05572
GO:0051168	nuclear export	85	17	11.42	0.05623
GO:0043603	cellular amide metabolic process	466	74	62.62	0.05697
GO:0006487	protein N-linked glycosylation	55	12	7.39	0.05715
GO:0030258	lipid modification	55	12	7.39	0.05715
GO:0070727	cellular macromolecule localization	564	88	75.78	0.05731
GO:0010965	regulation of mitotic sister chromatid s...	61	13	8.2	0.05766
GO:0044249	cellular biosynthetic process	1521	220	204.38	0.05871
GO:0071428	rRNA-containing ribonucleoprotein comple...	27	7	3.63	0.06040
GO:0044255	cellular lipid metabolic process	282	47	37.89	0.06061
GO:0030001	metal ion transport	111	21	14.92	0.06149
GO:0050778	positive regulation of immune response	80	16	10.75	0.06278
GO:0031327	negative regulation of cellular biosynth...	276	46	37.09	0.06301
GO:0044248	cellular catabolic process	744	113	99.97	0.06349
GO:0001701	in utero embryonic development	50	11	6.72	0.06359
GO:0035966	response to topologically incorrect prot...	74	15	9.94	0.06360
GO:0006357	regulation of transcription by RNA polym...	256	43	34.4	0.06380
GO:0015672	monovalent inorganic cation transport	68	14	9.14	0.06418
GO:0032436	positive regulation of proteasomal ubiqu...	68	14	9.14	0.06418
GO:0032940	secretion by cell	196	34	26.34	0.06419
GO:0009411	response to UV	56	12	7.52	0.06430
GO:0002449	lymphocyte mediated immunity	22	6	2.96	0.06433
GO:0002495	antigen processing and presentation of p...	22	6	2.96	0.06433
GO:0002504	antigen processing and presentation of p...	22	6	2.96	0.06433
GO:0014706	striated muscle tissue development	22	6	2.96	0.06433
GO:0019886	antigen processing and presentation of e...	22	6	2.96	0.06433
GO:0040020	regulation of meiotic nuclear division	22	6	2.96	0.06433
GO:0044344	cellular response to fibroblast growth f...	22	6	2.96	0.06433
GO:0044837	actomyosin contractile ring organization	22	6	2.96	0.06433
GO:0050714	positive regulation of protein secretion	22	6	2.96	0.06433
GO:0071774	response to fibroblast growth factor	22	6	2.96	0.06433
GO:0044784	metaphase/anaphase transition of cell cy...	62	13	8.33	0.06445
GO:1902099	regulation of metaphase/anaphase transit...	62	13	8.33	0.06445
GO:0061136	regulation of proteasomal protein catabo...	99	19	13.3	0.06470
GO:0007519	skeletal muscle tissue development	12	4	1.61	0.06577
GO:0009635	response to herbicide	12	4	1.61	0.06577
GO:0016128	phytosteroid metabolic process	12	4	1.61	0.06577
GO:0016129	phytosteroid biosynthetic process	12	4	1.61	0.06577
GO:0050715	positive regulation of cytokine secretio...	12	4	1.61	0.06577
GO:0051702	interaction with symbiont	12	4	1.61	0.06577
GO:0051851	modification by host of symbiont morphol...	12	4	1.61	0.06577
GO:0061245	establishment or maintenance of bipolar ...	12	4	1.61	0.06577
GO:0071446	cellular response to salicylic acid stim...	12	4	1.61	0.06577
GO:1904591	positive regulation of protein import	12	4	1.61	0.06577
GO:0007349	cellularization	17	5	2.28	0.06682
GO:0008543	fibroblast growth factor receptor signal...	17	5	2.28	0.06682
GO:0046824	positive regulation of nucleocytoplasmic...	17	5	2.28	0.06682
GO:0050663	cytokine secretion	17	5	2.28	0.06682
GO:0051447	negative regulation of meiotic cell cycl...	17	5	2.28	0.06682
GO:0140014	mitotic nuclear division	177	31	23.78	0.06744
GO:0043207	response to external biotic stimulus	264	44	35.47	0.06809
GO:0051707	response to other organism	264	44	35.47	0.06809
GO:0044092	negative regulation of molecular functio...	151	27	20.29	0.06833
GO:0009889	regulation of biosynthetic process	675	103	90.7	0.06838
GO:0033365	protein localization to organelle	346	56	46.49	0.06875
GO:0006606	protein import into nucleus	39	9	5.24	0.06884
GO:0070647	protein modification by small protein co...	244	41	32.79	0.06892
GO:0033043	regulation of organelle organization	360	58	48.37	0.06950
GO:0002181	cytoplasmic translation	145	26	19.48	0.07074
GO:0007569	cell aging	45	10	6.05	0.07078
GO:0006954	inflammatory response	51	11	6.85	0.07174
GO:0006613	cotranslational protein targeting to mem...	63	13	8.47	0.07174
GO:1905818	regulation of chromosome separation	63	13	8.47	0.07174
GO:0051302	regulation of cell division	94	18	12.63	0.07218
GO:1901361	organic cyclic compound catabolic proces...	272	45	36.55	0.07243
GO:0048193	Golgi vesicle transport	126	23	16.93	0.07291
GO:0009792	embryo development ending in birth or eg...	152	27	20.42	0.07305
GO:0048232	male gamete generation	152	27	20.42	0.07305
GO:0051301	cell division	205	35	27.55	0.07364
GO:0000375	RNA splicing, via transesterification re...	146	26	19.62	0.07567
GO:0045787	positive regulation of cell cycle	146	26	19.62	0.07567
GO:0098609	cell-cell adhesion	34	8	4.57	0.07615
GO:0009607	response to biotic stimulus	287	47	38.56	0.07750
GO:0043248	proteasome assembly	23	6	3.09	0.07760
GO:0043486	histone exchange	23	6	3.09	0.07760
GO:0051262	protein tetramerization	23	6	3.09	0.07760
GO:0070897	transcription preinitiation complex asse...	23	6	3.09	0.07760
GO:1902653	secondary alcohol biosynthetic process	23	6	3.09	0.07760
GO:0051049	regulation of transport	260	43	34.94	0.07829
GO:0071426	ribonucleoprotein complex export from nu...	70	14	9.41	0.07848
GO:2000060	positive regulation of ubiquitin-depende...	70	14	9.41	0.07848
GO:0001889	liver development	46	10	6.18	0.08012
GO:0006720	isoprenoid metabolic process	46	10	6.18	0.08012
GO:0061008	hepaticobiliary system development	46	10	6.18	0.08012
GO:0016458	gene silencing	160	28	21.5	0.08013
GO:0002931	response to ischemia	8	3	1.07	0.08032
GO:0006293	nucleotide-excision repair, preincision ...	8	3	1.07	0.08032
GO:0009698	phenylpropanoid metabolic process	8	3	1.07	0.08032
GO:0019048	modulation by virus of host morphology o...	8	3	1.07	0.08032
GO:0030835	negative regulation of actin filament de...	8	3	1.07	0.08032
GO:0034475	U4 snRNA 3'-end processing	8	3	1.07	0.08032
GO:0035088	establishment or maintenance of apical/b...	8	3	1.07	0.08032
GO:0042214	terpene metabolic process	8	3	1.07	0.08032
GO:0042307	positive regulation of protein import in...	8	3	1.07	0.08032
GO:0043154	negative regulation of cysteine-type end...	8	3	1.07	0.08032
GO:0045898	regulation of RNA polymerase II transcri...	8	3	1.07	0.08032
GO:0045899	positive regulation of RNA polymerase II...	8	3	1.07	0.08032
GO:0048571	long-day photoperiodism	8	3	1.07	0.08032
GO:0050918	positive chemotaxis	8	3	1.07	0.08032
GO:0070202	regulation of establishment of protein l...	8	3	1.07	0.08032
GO:2000117	negative regulation of cysteine-type end...	8	3	1.07	0.08032
GO:0045089	positive regulation of innate immune res...	52	11	6.99	0.08054
GO:0048568	embryonic organ development	52	11	6.99	0.08054
GO:2000113	negative regulation of cellular macromol...	254	42	34.13	0.08139
GO:0009605	response to external stimulus	560	86	75.25	0.08250
GO:1901362	organic cyclic compound biosynthetic pro...	889	132	119.46	0.08271
GO:0009226	nucleotide-sugar biosynthetic process	18	5	2.42	0.08274
GO:0016114	terpenoid biosynthetic process	18	5	2.42	0.08274
GO:0032511	late endosome to vacuole transport via m...	18	5	2.42	0.08274
GO:0043462	regulation of ATPase activity	18	5	2.42	0.08274
GO:0050863	regulation of T cell activation	18	5	2.42	0.08274
GO:0097064	ncRNA export from nucleus	18	5	2.42	0.08274
GO:0002831	regulation of response to biotic stimulu...	29	7	3.9	0.08402
GO:0034243	regulation of transcription elongation f...	29	7	3.9	0.08402
GO:0065009	regulation of molecular function	476	74	63.96	0.08402
GO:1901575	organic substance catabolic process	653	99	87.74	0.08460
GO:0001736	establishment of planar polarity	13	4	1.75	0.08529
GO:0007162	negative regulation of cell adhesion	13	4	1.75	0.08529
GO:0007164	establishment of tissue polarity	13	4	1.75	0.08529
GO:0009301	snRNA transcription	13	4	1.75	0.08529
GO:0031126	snoRNA 3'-end processing	13	4	1.75	0.08529
GO:0042795	snRNA transcription by RNA polymerase II	13	4	1.75	0.08529
GO:0043935	sexual sporulation resulting in formatio...	13	4	1.75	0.08529
GO:0070126	mitochondrial translational termination	13	4	1.75	0.08529
GO:0071276	cellular response to cadmium ion	13	4	1.75	0.08529
GO:0071480	cellular response to gamma radiation	13	4	1.75	0.08529
GO:0071166	ribonucleoprotein complex localization	71	14	9.54	0.08634
GO:0032774	RNA biosynthetic process	491	76	65.98	0.08699
GO:0042176	regulation of protein catabolic process	122	22	16.39	0.08700
GO:0044743	protein transmembrane import into intrac...	35	8	4.7	0.08770
GO:0046364	monosaccharide biosynthetic process	35	8	4.7	0.08770
GO:0001816	cytokine production	65	13	8.73	0.08790
GO:0034654	nucleobase-containing compound biosynthe...	733	110	98.49	0.08846
GO:0040029	regulation of gene expression, epigeneti...	155	27	20.83	0.08852
GO:0030155	regulation of cell adhesion	41	9	5.51	0.08956
GO:0000717	nucleotide-excision repair, DNA duplex u...	4	2	0.54	0.08979
GO:0000909	sporocarp development involved in sexual...	4	2	0.54	0.08979
GO:0001835	blastocyst hatching	4	2	0.54	0.08979
GO:0001960	negative regulation of cytokine-mediated...	4	2	0.54	0.08979
GO:0002323	natural killer cell activation involved ...	4	2	0.54	0.08979
GO:0002369	T cell cytokine production	4	2	0.54	0.08979
GO:0002701	negative regulation of production of mol...	4	2	0.54	0.08979
GO:0002707	negative regulation of lymphocyte mediat...	4	2	0.54	0.08979
GO:0002719	negative regulation of cytokine producti...	4	2	0.54	0.08979
GO:0002724	regulation of T cell cytokine production	4	2	0.54	0.08979
GO:0002888	positive regulation of myeloid leukocyte...	4	2	0.54	0.08979
GO:0006538	glutamate catabolic process	4	2	0.54	0.08979
GO:0007008	outer mitochondrial membrane organizatio...	4	2	0.54	0.08979
GO:0010424	DNA methylation on cytosine within a CG ...	4	2	0.54	0.08979
GO:0016578	histone deubiquitination	4	2	0.54	0.08979
GO:0019287	isopentenyl diphosphate biosynthetic pro...	4	2	0.54	0.08979
GO:0030101	natural killer cell activation	4	2	0.54	0.08979
GO:0030212	hyaluronan metabolic process	4	2	0.54	0.08979
GO:0031134	sister chromatid biorientation	4	2	0.54	0.08979
GO:0032776	DNA methylation on cytosine	4	2	0.54	0.08979
GO:0034314	Arp2/3 complex-mediated actin nucleation	4	2	0.54	0.08979
GO:0034315	regulation of Arp2/3 complex-mediated ac...	4	2	0.54	0.08979
GO:0034517	ribophagy	4	2	0.54	0.08979
GO:0035188	hatching	4	2	0.54	0.08979
GO:0035518	histone H2A monoubiquitination	4	2	0.54	0.08979
GO:0035520	monoubiquitinated protein deubiquitinati...	4	2	0.54	0.08979
GO:0035672	oligopeptide transmembrane transport	4	2	0.54	0.08979
GO:0036037	CD8-positive, alpha-beta T cell activati...	4	2	0.54	0.08979
GO:0042262	DNA protection	4	2	0.54	0.08979
GO:0043320	natural killer cell degranulation	4	2	0.54	0.08979
GO:0045010	actin nucleation	4	2	0.54	0.08979
GO:0045038	protein import into chloroplast thylakoi...	4	2	0.54	0.08979
GO:0045040	protein import into mitochondrial outer ...	4	2	0.54	0.08979
GO:0045338	farnesyl diphosphate metabolic process	4	2	0.54	0.08979
GO:0048138	germ-line cyst encapsulation	4	2	0.54	0.08979
GO:0048140	male germ-line cyst encapsulation	4	2	0.54	0.08979
GO:0050868	negative regulation of T cell activation	4	2	0.54	0.08979
GO:0051125	regulation of actin nucleation	4	2	0.54	0.08979
GO:0051290	protein heterotetramerization	4	2	0.54	0.08979
GO:0051693	actin filament capping	4	2	0.54	0.08979
GO:0060216	definitive hemopoiesis	4	2	0.54	0.08979
GO:0060761	negative regulation of response to cytok...	4	2	0.54	0.08979
GO:0060872	semicircular canal development	4	2	0.54	0.08979
GO:0061844	antimicrobial humoral immune response me...	4	2	0.54	0.08979
GO:0070307	lens fiber cell development	4	2	0.54	0.08979
GO:0070682	proteasome regulatory particle assembly	4	2	0.54	0.08979
GO:0071887	leukocyte apoptotic process	4	2	0.54	0.08979
GO:0071921	cohesin loading	4	2	0.54	0.08979
GO:0090031	positive regulation of steroid hormone b...	4	2	0.54	0.08979
GO:0090074	negative regulation of protein homodimer...	4	2	0.54	0.08979
GO:0090343	positive regulation of cell aging	4	2	0.54	0.08979
GO:1900424	regulation of defense response to bacter...	4	2	0.54	0.08979
GO:1902235	regulation of endoplasmic reticulum stre...	4	2	0.54	0.08979
GO:1903332	regulation of protein folding	4	2	0.54	0.08979
GO:1904037	positive regulation of epithelial cell a...	4	2	0.54	0.08979
GO:0006611	protein export from nucleus	84	16	11.29	0.09006
GO:0050789	regulation of biological process	1716	244	230.58	0.09009
GO:0006397	mRNA processing	182	31	24.46	0.09084
GO:0030097	hemopoiesis	97	18	13.03	0.09217
GO:0001824	blastocyst development	24	6	3.22	0.09229
GO:0002478	antigen processing and presentation of e...	24	6	3.22	0.09229
GO:0022407	regulation of cell-cell adhesion	24	6	3.22	0.09229
GO:0032968	positive regulation of transcription elo...	24	6	3.22	0.09229
GO:0045785	positive regulation of cell adhesion	24	6	3.22	0.09229
GO:0006486	protein glycosylation	78	15	10.48	0.09243
GO:0043413	macromolecule glycosylation	78	15	10.48	0.09243
GO:1901991	negative regulation of mitotic cell cycl...	78	15	10.48	0.09243
GO:0006913	nucleocytoplasmic transport	123	22	16.53	0.09328
GO:0051169	nuclear transport	123	22	16.53	0.09328
GO:0070925	organelle assembly	271	44	36.41	0.09566
GO:0051172	negative regulation of nitrogen compound...	382	60	51.33	0.09741
GO:0043044	ATP-dependent chromatin remodeling	30	7	4.03	0.09756
GO:0071322	cellular response to carbohydrate stimul...	30	7	4.03	0.09756
GO:1901988	negative regulation of cell cycle phase ...	85	16	11.42	0.09791
GO:0046890	regulation of lipid biosynthetic process	60	12	8.06	0.09860
GO:0019438	aromatic compound biosynthetic process	823	122	110.59	0.09874
GO:0000398	mRNA splicing, via spliceosome	137	24	18.41	0.09902
GO:0032787	monocarboxylic acid metabolic process	197	33	26.47	0.09914
GO:0045292	mRNA cis splicing, via spliceosome	54	11	7.26	0.10006
GO:1902750	negative regulation of cell cycle G2/M p...	36	8	4.84	0.10021
GO:0016192	vesicle-mediated transport	341	54	45.82	0.10022
GO:0060255	regulation of macromolecule metabolic pr...	1012	148	135.98	0.10038
GO:0006361	transcription initiation from RNA polyme...	19	5	2.55	0.10047
GO:0015865	purine nucleotide transport	19	5	2.55	0.10047
GO:0032943	mononuclear cell proliferation	19	5	2.55	0.10047
GO:0046651	lymphocyte proliferation	19	5	2.55	0.10047
GO:0070661	leukocyte proliferation	19	5	2.55	0.10047
GO:1903037	regulation of leukocyte cell-cell adhesi...	19	5	2.55	0.10047
GO:2001235	positive regulation of apoptotic signali...	19	5	2.55	0.10047
GO:0032879	regulation of localization	369	58	49.58	0.10103
GO:0000377	RNA splicing, via transesterification re...	144	25	19.35	0.10156
GO:0032269	negative regulation of cellular protein ...	171	29	22.98	0.10389
GO:0010608	posttranscriptional regulation of gene e...	205	34	27.55	0.10583
GO:0043900	regulation of multi-organism process	125	22	16.8	0.10670
GO:0001738	morphogenesis of a polarized epithelium	14	4	1.88	0.10728
GO:0006022	aminoglycan metabolic process	14	4	1.88	0.10728
GO:0008334	histone mRNA metabolic process	14	4	1.88	0.10728
GO:0010383	cell wall polysaccharide metabolic proce...	14	4	1.88	0.10728
GO:0010810	regulation of cell-substrate adhesion	14	4	1.88	0.10728
GO:0043388	positive regulation of DNA binding	14	4	1.88	0.10728
GO:0043583	ear development	14	4	1.88	0.10728
GO:0060326	cell chemotaxis	14	4	1.88	0.10728
GO:1903313	positive regulation of mRNA metabolic pr...	14	4	1.88	0.10728
GO:0006629	lipid metabolic process	329	52	44.21	0.10818
GO:0006919	activation of cysteine-type endopeptidas...	25	6	3.36	0.10837
GO:0007338	single fertilization	25	6	3.36	0.10837
GO:0016074	snoRNA metabolic process	25	6	3.36	0.10837
GO:0019884	antigen processing and presentation of e...	25	6	3.36	0.10837
GO:0032786	positive regulation of DNA-templated tra...	25	6	3.36	0.10837
GO:0043244	regulation of protein complex disassembl...	25	6	3.36	0.10837
GO:0044728	DNA methylation or demethylation	25	6	3.36	0.10837
GO:0006614	SRP-dependent cotranslational protein ta...	61	12	8.2	0.10862
GO:0000338	protein deneddylation	9	3	1.21	0.10887
GO:0000749	response to pheromone triggering conjuga...	9	3	1.21	0.10887
GO:0001672	regulation of chromatin assembly or disa...	9	3	1.21	0.10887
GO:0009083	branched-chain amino acid catabolic proc...	9	3	1.21	0.10887
GO:0010811	positive regulation of cell-substrate ad...	9	3	1.21	0.10887
GO:0015780	nucleotide-sugar transmembrane transport	9	3	1.21	0.10887
GO:0016180	snRNA processing	9	3	1.21	0.10887
GO:0030834	regulation of actin filament depolymeriz...	9	3	1.21	0.10887
GO:0032873	negative regulation of stress-activated ...	9	3	1.21	0.10887
GO:0034472	snRNA 3'-end processing	9	3	1.21	0.10887
GO:0043634	polyadenylation-dependent ncRNA cataboli...	9	3	1.21	0.10887
GO:0051278	fungal-type cell wall polysaccharide bio...	9	3	1.21	0.10887
GO:0070303	negative regulation of stress-activated ...	9	3	1.21	0.10887
GO:0070592	cell wall polysaccharide biosynthetic pr...	9	3	1.21	0.10887
GO:0070670	response to interleukin-4	9	3	1.21	0.10887
GO:0071029	nuclear ncRNA surveillance	9	3	1.21	0.10887
GO:0071035	nuclear polyadenylation-dependent rRNA c...	9	3	1.21	0.10887
GO:0071038	nuclear polyadenylation-dependent tRNA c...	9	3	1.21	0.10887
GO:0071046	nuclear polyadenylation-dependent ncRNA ...	9	3	1.21	0.10887
GO:0071353	cellular response to interleukin-4	9	3	1.21	0.10887
GO:0090277	positive regulation of peptide hormone s...	9	3	1.21	0.10887
GO:1900190	regulation of single-species biofilm for...	9	3	1.21	0.10887
GO:1900192	positive regulation of single-species bi...	9	3	1.21	0.10887
GO:1901880	negative regulation of protein depolymer...	9	3	1.21	0.10887
GO:0051248	negative regulation of protein metabolic...	172	29	23.11	0.10986
GO:0007034	vacuolar transport	106	19	14.24	0.11133
GO:0097659	nucleic acid-templated transcription	484	74	65.04	0.11150
GO:0030435	sporulation resulting in formation of a ...	31	7	4.17	0.11223
GO:0000070	mitotic sister chromatid segregation	139	24	18.68	0.11223
GO:0051170	import into nucleus	49	10	6.58	0.11252
GO:1901566	organonitrogen compound biosynthetic pro...	770	114	103.47	0.11265
GO:0010556	regulation of macromolecule biosynthetic...	598	90	80.35	0.11292
GO:0034605	cellular response to heat	43	9	5.78	0.11359
GO:0045861	negative regulation of proteolysis	43	9	5.78	0.11359
GO:0002697	regulation of immune effector process	37	8	4.97	0.11367
GO:0071695	anatomical structure maturation	37	8	4.97	0.11367
GO:0050794	regulation of cellular process	1547	220	207.87	0.11440
GO:0019222	regulation of metabolic process	1178	170	158.29	0.11470
GO:0051641	cellular localization	706	105	94.87	0.11506
GO:0031326	regulation of cellular biosynthetic proc...	656	98	88.15	0.11576
GO:0033036	macromolecule localization	721	107	96.88	0.11715
GO:0060341	regulation of cellular localization	180	30	24.19	0.11768
GO:0008610	lipid biosynthetic process	214	35	28.76	0.11817
GO:0032268	regulation of cellular protein metabolic...	493	75	66.24	0.11891
GO:0000413	protein peptidyl-prolyl isomerization	20	5	2.69	0.11993
GO:0007040	lysosome organization	20	5	2.69	0.11993
GO:0009753	response to jasmonic acid	20	5	2.69	0.11993
GO:0010043	response to zinc ion	20	5	2.69	0.11993
GO:0033572	transferrin transport	20	5	2.69	0.11993
GO:0043144	snoRNA processing	20	5	2.69	0.11993
GO:0080171	lytic vacuole organization	20	5	2.69	0.11993
GO:0006633	fatty acid biosynthetic process	56	11	7.52	0.12215
GO:0031330	negative regulation of cellular cataboli...	56	11	7.52	0.12215
GO:0071236	cellular response to antibiotic	56	11	7.52	0.12215
GO:0007275	multicellular organism development	1027	149	138	0.12239
GO:0016051	carbohydrate biosynthetic process	75	14	10.08	0.12262
GO:1901800	positive regulation of proteasomal prote...	75	14	10.08	0.12262
GO:1903052	positive regulation of proteolysis invol...	75	14	10.08	0.12262
GO:1903364	positive regulation of cellular protein ...	75	14	10.08	0.12262
GO:0009101	glycoprotein biosynthetic process	88	16	11.82	0.12393
GO:0045814	negative regulation of gene expression, ...	88	16	11.82	0.12393
GO:0006353	DNA-templated transcription, termination	50	10	6.72	0.12475
GO:0009628	response to abiotic stimulus	580	87	77.93	0.12531
GO:0016126	sterol biosynthetic process	26	6	3.49	0.12579
GO:0019217	regulation of fatty acid metabolic proce...	26	6	3.49	0.12579
GO:0031324	negative regulation of cellular metaboli...	417	64	56.03	0.12600
GO:0098781	ncRNA transcription	44	9	5.91	0.12681
GO:0045321	leukocyte activation	108	19	14.51	0.12771
GO:2000241	regulation of reproductive process	108	19	14.51	0.12771
GO:0002694	regulation of leukocyte activation	32	7	4.3	0.12799
GO:0009566	fertilization	32	7	4.3	0.12799
GO:0009826	unidimensional cell growth	32	7	4.3	0.12799
GO:0032784	regulation of DNA-templated transcriptio...	32	7	4.3	0.12799
GO:0016125	sterol metabolic process	38	8	5.11	0.12805
GO:0032204	regulation of telomere maintenance	38	8	5.11	0.12805
GO:0007165	signal transduction	710	105	95.4	0.12884
GO:0046903	secretion	209	34	28.08	0.12902
GO:0080134	regulation of response to stress	264	42	35.47	0.12912
GO:0006413	translational initiation	115	20	15.45	0.13115
GO:0002705	positive regulation of leukocyte mediate...	15	4	2.02	0.13152
GO:0002706	regulation of lymphocyte mediated immuni...	15	4	2.02	0.13152
GO:0002822	regulation of adaptive immune response b...	15	4	2.02	0.13152
GO:0006857	oligopeptide transport	15	4	2.02	0.13152
GO:0007291	sperm individualization	15	4	2.02	0.13152
GO:0009932	cell tip growth	15	4	2.02	0.13152
GO:0030150	protein import into mitochondrial matrix	15	4	2.02	0.13152
GO:0032781	positive regulation of ATPase activity	15	4	2.02	0.13152
GO:0034293	sexual sporulation	15	4	2.02	0.13152
GO:0035065	regulation of histone acetylation	15	4	2.02	0.13152
GO:0060538	skeletal muscle organ development	15	4	2.02	0.13152
GO:0071548	response to dexamethasone	15	4	2.02	0.13152
GO:0090342	regulation of cell aging	15	4	2.02	0.13152
GO:0097384	cellular lipid biosynthetic process	15	4	2.02	0.13152
GO:0000819	sister chromatid segregation	162	27	21.77	0.13268
GO:0048534	hematopoietic or lymphoid organ developm...	102	18	13.71	0.13271
GO:0030447	filamentous growth	57	11	7.66	0.13414
GO:0034728	nucleosome organization	57	11	7.66	0.13414
GO:0000296	spermine transport	1	1	0.13	0.13437
GO:0000964	mitochondrial RNA 5'-end processing	1	1	0.13	0.13437
GO:0000965	mitochondrial RNA 3'-end processing	1	1	0.13	0.13437
GO:0001408	guanine nucleotide transport	1	1	0.13	0.13437
GO:0001562	response to protozoan	1	1	0.13	0.13437
GO:0002062	chondrocyte differentiation	1	1	0.13	0.13437
GO:0002089	lens morphogenesis in camera-type eye	1	1	0.13	0.13437
GO:0002109	maturation of SSU-rRNA from tricistronic...	1	1	0.13	0.13437
GO:0002213	defense response to insect	1	1	0.13	0.13437
GO:0002225	positive regulation of antimicrobial pep...	1	1	0.13	0.13437
GO:0002309	T cell proliferation involved in immune ...	1	1	0.13	0.13437
GO:0002536	respiratory burst involved in inflammato...	1	1	0.13	0.13437
GO:0002548	monocyte chemotaxis	1	1	0.13	0.13437
GO:0002759	regulation of antimicrobial humoral resp...	1	1	0.13	0.13437
GO:0002760	positive regulation of antimicrobial hum...	1	1	0.13	0.13437
GO:0002775	antimicrobial peptide production	1	1	0.13	0.13437
GO:0002777	antimicrobial peptide biosynthetic proce...	1	1	0.13	0.13437
GO:0002784	regulation of antimicrobial peptide prod...	1	1	0.13	0.13437
GO:0002805	regulation of antimicrobial peptide bios...	1	1	0.13	0.13437
GO:0002807	positive regulation of antimicrobial pep...	1	1	0.13	0.13437
GO:0002829	negative regulation of type 2 immune res...	1	1	0.13	0.13437
GO:0003416	endochondral bone growth	1	1	0.13	0.13437
GO:0003417	growth plate cartilage development	1	1	0.13	0.13437
GO:0003419	growth plate cartilage chondrocyte proli...	1	1	0.13	0.13437
GO:0003420	regulation of growth plate cartilage cho...	1	1	0.13	0.13437
GO:0006026	aminoglycan catabolic process	1	1	0.13	0.13437
GO:0006032	chitin catabolic process	1	1	0.13	0.13437
GO:0006172	ADP biosynthetic process	1	1	0.13	0.13437
GO:0006452	translational frameshifting	1	1	0.13	0.13437
GO:0006539	glutamate catabolic process via 2-oxoglu...	1	1	0.13	0.13437
GO:0006756	AMP phosphorylation	1	1	0.13	0.13437
GO:0006867	asparagine transport	1	1	0.13	0.13437
GO:0006924	activation-induced cell death of T cells	1	1	0.13	0.13437
GO:0007205	protein kinase C-activating G protein-co...	1	1	0.13	0.13437
GO:0007319	negative regulation of oskar mRNA transl...	1	1	0.13	0.13437
GO:0007348	regulation of syncytial blastoderm mitot...	1	1	0.13	0.13437
GO:0007518	myoblast fate determination	1	1	0.13	0.13437
GO:0008347	glial cell migration	1	1	0.13	0.13437
GO:0008635	activation of cysteine-type endopeptidas...	1	1	0.13	0.13437
GO:0009094	L-phenylalanine biosynthetic process	1	1	0.13	0.13437
GO:0009696	salicylic acid metabolic process	1	1	0.13	0.13437
GO:0009697	salicylic acid biosynthetic process	1	1	0.13	0.13437
GO:0009870	defense response signaling pathway, resi...	1	1	0.13	0.13437
GO:0010025	wax biosynthetic process	1	1	0.13	0.13437
GO:0010142	farnesyl diphosphate biosynthetic proces...	1	1	0.13	0.13437
GO:0010143	cutin biosynthetic process	1	1	0.13	0.13437
GO:0010144	pyridoxal phosphate biosynthetic process...	1	1	0.13	0.13437
GO:0010166	wax metabolic process	1	1	0.13	0.13437
GO:0010192	mucilage biosynthetic process	1	1	0.13	0.13437
GO:0010217	cellular aluminum ion homeostasis	1	1	0.13	0.13437
GO:0010253	UDP-rhamnose biosynthetic process	1	1	0.13	0.13437
GO:0010312	detoxification of zinc ion	1	1	0.13	0.13437
GO:0010315	auxin efflux	1	1	0.13	0.13437
GO:0010322	regulation of isopentenyl diphosphate bi...	1	1	0.13	0.13437
GO:0010323	negative regulation of isopentenyl dipho...	1	1	0.13	0.13437
GO:0010345	suberin biosynthetic process	1	1	0.13	0.13437
GO:0010509	polyamine homeostasis	1	1	0.13	0.13437
GO:0010587	miRNA catabolic process	1	1	0.13	0.13437
GO:0010607	negative regulation of cytoplasmic mRNA ...	1	1	0.13	0.13437
GO:0010610	regulation of mRNA stability involved in...	1	1	0.13	0.13437
GO:0010663	positive regulation of striated muscle c...	1	1	0.13	0.13437
GO:0010666	positive regulation of cardiac muscle ce...	1	1	0.13	0.13437
GO:0010697	negative regulation of mitotic spindle p...	1	1	0.13	0.13437
GO:0010727	negative regulation of hydrogen peroxide...	1	1	0.13	0.13437
GO:0010730	negative regulation of hydrogen peroxide...	1	1	0.13	0.13437
GO:0010778	meiotic DNA repair synthesis involved in...	1	1	0.13	0.13437
GO:0010849	regulation of proton-transporting ATPase...	1	1	0.13	0.13437
GO:0014866	skeletal myofibril assembly	1	1	0.13	0.13437
GO:0014881	regulation of myofibril size	1	1	0.13	0.13437
GO:0015786	UDP-glucose transmembrane transport	1	1	0.13	0.13437
GO:0015808	L-alanine transport	1	1	0.13	0.13437
GO:0015816	glycine transport	1	1	0.13	0.13437
GO:0016123	xanthophyll biosynthetic process	1	1	0.13	0.13437
GO:0018103	protein C-linked glycosylation	1	1	0.13	0.13437
GO:0018211	peptidyl-tryptophan modification	1	1	0.13	0.13437
GO:0018317	protein C-linked glycosylation via trypt...	1	1	0.13	0.13437
GO:0018406	protein C-linked glycosylation via 2'-al...	1	1	0.13	0.13437
GO:0018990	ecdysis, chitin-based cuticle	1	1	0.13	0.13437
GO:0019255	glucose 1-phosphate metabolic process	1	1	0.13	0.13437
GO:0019305	dTDP-rhamnose biosynthetic process	1	1	0.13	0.13437
GO:0019518	L-threonine catabolic process to glycine	1	1	0.13	0.13437
GO:0019547	arginine catabolic process to ornithine	1	1	0.13	0.13437
GO:0019605	butyrate metabolic process	1	1	0.13	0.13437
GO:0021872	forebrain generation of neurons	1	1	0.13	0.13437
GO:0021877	forebrain neuron fate commitment	1	1	0.13	0.13437
GO:0021879	forebrain neuron differentiation	1	1	0.13	0.13437
GO:0021898	commitment of multipotent stem cells to ...	1	1	0.13	0.13437
GO:0021899	fibroblast growth factor receptor signal...	1	1	0.13	0.13437
GO:0022010	central nervous system myelination	1	1	0.13	0.13437
GO:0030153	bacteriocin immunity	1	1	0.13	0.13437
GO:0030240	skeletal muscle thin filament assembly	1	1	0.13	0.13437
GO:0030517	negative regulation of axon extension	1	1	0.13	0.13437
GO:0030538	embryonic genitalia morphogenesis	1	1	0.13	0.13437
GO:0030588	pseudocleavage	1	1	0.13	0.13437
GO:0030590	first cell cycle pseudocleavage	1	1	0.13	0.13437
GO:0031425	chloroplast RNA processing	1	1	0.13	0.13437
GO:0031460	glycine betaine transport	1	1	0.13	0.13437
GO:0031508	pericentric heterochromatin assembly	1	1	0.13	0.13437
GO:0031567	mitotic cell size control checkpoint	1	1	0.13	0.13437
GO:0031569	mitotic G2 cell size control checkpoint	1	1	0.13	0.13437
GO:0031665	negative regulation of lipopolysaccharid...	1	1	0.13	0.13437
GO:0032187	actomyosin contractile ring localization	1	1	0.13	0.13437
GO:0032188	establishment of actomyosin contractile ...	1	1	0.13	0.13437
GO:0032237	activation of store-operated calcium cha...	1	1	0.13	0.13437
GO:0032289	central nervous system myelin formation	1	1	0.13	0.13437
GO:0032291	axon ensheathment in central nervous sys...	1	1	0.13	0.13437
GO:0032328	alanine transport	1	1	0.13	0.13437
GO:0032330	regulation of chondrocyte differentiatio...	1	1	0.13	0.13437
GO:0032332	positive regulation of chondrocyte diffe...	1	1	0.13	0.13437
GO:0032616	interleukin-13 production	1	1	0.13	0.13437
GO:0032656	regulation of interleukin-13 production	1	1	0.13	0.13437
GO:0032677	regulation of interleukin-8 production	1	1	0.13	0.13437
GO:0032692	negative regulation of interleukin-1 pro...	1	1	0.13	0.13437
GO:0032696	negative regulation of interleukin-13 pr...	1	1	0.13	0.13437
GO:0032717	negative regulation of interleukin-8 pro...	1	1	0.13	0.13437
GO:0032887	regulation of spindle elongation	1	1	0.13	0.13437
GO:0032888	regulation of mitotic spindle elongation	1	1	0.13	0.13437
GO:0033079	immature T cell proliferation	1	1	0.13	0.13437
GO:0033080	immature T cell proliferation in thymus	1	1	0.13	0.13437
GO:0033083	regulation of immature T cell proliferat...	1	1	0.13	0.13437
GO:0033084	regulation of immature T cell proliferat...	1	1	0.13	0.13437
GO:0033089	positive regulation of T cell differenti...	1	1	0.13	0.13437
GO:0033091	positive regulation of immature T cell p...	1	1	0.13	0.13437
GO:0033092	positive regulation of immature T cell p...	1	1	0.13	0.13437
GO:0033299	secretion of lysosomal enzymes	1	1	0.13	0.13437
GO:0033478	UDP-rhamnose metabolic process	1	1	0.13	0.13437
GO:0033590	response to cobalamin	1	1	0.13	0.13437
GO:0034463	90S preribosome assembly	1	1	0.13	0.13437
GO:0034465	response to carbon monoxide	1	1	0.13	0.13437
GO:0034505	tooth mineralization	1	1	0.13	0.13437
GO:0034971	histone H3-R17 methylation	1	1	0.13	0.13437
GO:0035038	female pronucleus assembly	1	1	0.13	0.13437
GO:0035089	establishment of apical/basal cell polar...	1	1	0.13	0.13437
GO:0035278	miRNA mediated inhibition of translation	1	1	0.13	0.13437
GO:0035584	calcium-mediated signaling using intrace...	1	1	0.13	0.13437
GO:0035739	CD4-positive, alpha-beta T cell prolifer...	1	1	0.13	0.13437
GO:0035878	nail development	1	1	0.13	0.13437
GO:0036115	fatty-acyl-CoA catabolic process	1	1	0.13	0.13437
GO:0036150	phosphatidylserine acyl-chain remodeling	1	1	0.13	0.13437
GO:0036151	phosphatidylcholine acyl-chain remodelin...	1	1	0.13	0.13437
GO:0036152	phosphatidylethanolamine acyl-chain remo...	1	1	0.13	0.13437
GO:0036171	filamentous growth of a population of un...	1	1	0.13	0.13437
GO:0036214	contractile ring localization	1	1	0.13	0.13437
GO:0036483	neuron intrinsic apoptotic signaling pat...	1	1	0.13	0.13437
GO:0036506	maintenance of unfolded protein	1	1	0.13	0.13437
GO:0040033	negative regulation of translation, ncRN...	1	1	0.13	0.13437
GO:0040036	regulation of fibroblast growth factor r...	1	1	0.13	0.13437
GO:0042268	regulation of cytolysis	1	1	0.13	0.13437
GO:0042474	middle ear morphogenesis	1	1	0.13	0.13437
GO:0042761	very long-chain fatty acid biosynthetic ...	1	1	0.13	0.13437
GO:0042815	bipolar cell growth	1	1	0.13	0.13437
GO:0042818	pyridoxamine metabolic process	1	1	0.13	0.13437
GO:0042832	defense response to protozoan	1	1	0.13	0.13437
GO:0043602	nitrate catabolic process	1	1	0.13	0.13437
GO:0043941	positive regulation of sexual sporulatio...	1	1	0.13	0.13437
GO:0044111	development involved in symbiotic intera...	1	1	0.13	0.13437
GO:0044114	development of symbiont in host	1	1	0.13	0.13437
GO:0044115	development of symbiont involved in inte...	1	1	0.13	0.13437
GO:0044778	meiotic DNA integrity checkpoint	1	1	0.13	0.13437
GO:0044827	modulation by host of viral genome repli...	1	1	0.13	0.13437
GO:0044829	positive regulation by host of viral gen...	1	1	0.13	0.13437
GO:0044848	biological phase	1	1	0.13	0.13437
GO:0045743	positive regulation of fibroblast growth...	1	1	0.13	0.13437
GO:0045827	negative regulation of isoprenoid metabo...	1	1	0.13	0.13437
GO:0045881	positive regulation of sporulation resul...	1	1	0.13	0.13437
GO:0045905	positive regulation of translational ter...	1	1	0.13	0.13437
GO:0045919	positive regulation of cytolysis	1	1	0.13	0.13437
GO:0045951	positive regulation of mitotic recombina...	1	1	0.13	0.13437
GO:0045974	regulation of translation, ncRNA-mediate...	1	1	0.13	0.13437
GO:0046041	ITP metabolic process	1	1	0.13	0.13437
GO:0046210	nitric oxide catabolic process	1	1	0.13	0.13437
GO:0046359	butyrate catabolic process	1	1	0.13	0.13437
GO:0046383	dTDP-rhamnose metabolic process	1	1	0.13	0.13437
GO:0046443	FAD metabolic process	1	1	0.13	0.13437
GO:0046602	regulation of mitotic centrosome separat...	1	1	0.13	0.13437
GO:0046604	positive regulation of mitotic centrosom...	1	1	0.13	0.13437
GO:0046633	alpha-beta T cell proliferation	1	1	0.13	0.13437
GO:0046640	regulation of alpha-beta T cell prolifer...	1	1	0.13	0.13437
GO:0046642	negative regulation of alpha-beta T cell...	1	1	0.13	0.13437
GO:0046668	regulation of retinal cell programmed ce...	1	1	0.13	0.13437
GO:0046669	regulation of compound eye retinal cell ...	1	1	0.13	0.13437
GO:0046719	regulation by virus of viral protein lev...	1	1	0.13	0.13437
GO:0046726	positive regulation by virus of viral pr...	1	1	0.13	0.13437
