Sm_t00004063-RA	glucan 1,3-beta-glucosidase	79.9
Sm_t00002762-RA	glycerol kinase	77.3
Sm_t00005381-RA	aldo-keto reductase family protein	72.9
Sm_t00008841-RA	mechanosensitive ion channel family protein	70.0
Sm_t00004999-RA	prolyl oligopeptidase, S9 family	68.0
Sm_t00001198-RA	RMD1 family protein	65.8
Sm_t00010885-RA	peptidyl-prolyl cis-trans isomerase	62.5
Sm_t00000893-RA	metallopeptidase (family M50)	59.4
Sm_t00011758-RA	cyclin-dependent kinase	58.1
Sm_t00008840-RA	mechanosensitive ion channel family protein, mitochondrial	57.8
Sm_t00000392-RA	superoxide dismutase [Mn], mitochondrial	57.2
Sm_t00010723-RA	peptidyl-prolyl cis-trans isomerase, FKBP type	56.1
Sm_t00011008-RA	urea active transporter	54.3
Sm_t00002058-RA	SPRY domain-containing protein	52.3
Sm_t00007360-RA	ubiquitin carboxyl-terminal hydrolase	51.5
Sm_t00008729-RA	metal-dependent carboxypeptidase	51.3
Sm_t00013185-RA	SWI/SNF-related matrix-associated actin-dependent regulator of chromatin subfamily A-like protein 1	50.5
Sm_t00011130-RA	ubiquitin family protein	50.3
Sm_t00009328-RA	protein ALUMINIUM SENSITIVE 3-related protein	50.1
Sm_t00014449-RA	ascorbate peroxidase	49.5
Sm_t00000284-RA	zinc-dependent peptidase, M16 (insulinase) family	49.5
Sm_t00008148-RA	ubiquitin fusion degradation protein 1 family protein	48.7
Sm_t00008022-RA	DNA replication complex GINS protein PSF3	47.9
Sm_t00003681-RA	glycosyltransferase (family 92)	47.5
Sm_t00006579-RA	nitroreductase family protein, chloroplastic	46.8
Sm_t00010551-RA	Mpv17/PMP22 family protein	46.5
Sm_t00007396-RA	CTP synthase, chloroplastic	45.8
Sm_t00011191-RA	presequence protease	45.8
Sm_t00002587-RA	transmembrane amino acid transporter protein	45.8
Sm_t00007647-RA	ankyrin repeat domain-containing protein	45.6
Sm_t00002939-RA	beta-lactamase-like protein	45.6
Sm_t00006069-RA	adenylate cyclase-associated protein	45.3
Sm_t00002695-RA	MFS transporter, chloroplastic	45.2
Sm_t00005999-RA	formiminotransferase-cyclodeaminase	44.5
Sm_t00012914-RA	glutathione peroxidase	44.2
Sm_t00008816-RA	possible sirtuin family protein	43.3
Sm_t00015432-RA	papain family cysteine protease	42.8
Sm_t00003791-RA	aminotransferase	41.6
Sm_t00004961-RA	diacylglycerol lipase	41.1
Sm_t00007494-RA	tryptophan/tyrosine permease family protein, chloroplastic	41.1
Sm_t00015387-RA	phytanoyl-CoA dioxygenase family protein	40.9
Sm_t00004365-RA	Rossmann-fold NAD(P)-binding domain-containing protein	40.6
Sm_t00012664-RA	isoamyl-acetate hydrolyzing esterase-like protein	40.6
Sm_t00008204-RA	methyltransferase	40.5
Sm_t00004415-RA	TMEM203 superfamily protein	40.3
Sm_t00014398-RA	voltage-dependent calcium channel-like protein	40.1
Sm_t00003273-RA	N-acetylglucosamine-6-sulfatase	40.0
Sm_t00000377-RA	YjbQ family protein	40.0
Sm_t00000537-RA	TatD family deoxyribonuclease	39.9
Sm_t00011767-RA	SIR2 family protein	39.4
Sm_t00010278-RA	limiting CO2-inducible proteins B/C beta carbonic anhydrase domain-containing protein	39.3
Sm_t00008045-RA	RING finger protein	39.0
Sm_t00012172-RA	inorganic pyrophosphatase/exopolyphosphatase	39.0
Sm_t00003072-RA	DUF1336 domain-containing protein	38.9
Sm_t00016470-RA	leishmanolysin-like peptidase (family M8)	38.5
Sm_t00004468-RA	ABC transporter, ABC-F family	38.4
Sm_t00008130-RA	possible auxin efflux carrier	38.3
Sm_t00001568-RA	patatin-like phospholipase domain-containing protein	38.2
Sm_t00020502-RA	leucine-rich repeat domain-containing protein	38.2
Sm_t00013474-RA	C-terminal processing peptidase	38.1
Sm_t00016892-RA	UDP-glucuronic acid decarboxylase	37.9
Sm_t00010421-RA	NAD(P)H-dependent oxidoreductase	37.4
Sm_t00005474-RA	aspartate aminotransferase	37.4
Sm_t00007137-RA	ATP synthase regulation protein NCA2	36.8
Sm_t00002880-RA	leucine-rich repeat protein	36.5
Sm_t00001982-RA	L-seryl-tRNA(Sec) kinase	36.5
Sm_t00012952-RA	MFS transporter	36.4
Sm_t00012007-RA	spermidine/spermine synthase family protein	36.3
Sm_t00013237-RA	pyridoxamine 5'-phosphate oxidase, chloroplastic	36.2
Sm_t00011626-RA	ribulose-phosphate 3-epimerase	36.2
Sm_t00011444-RA	possible UV radiation resistance-associated gene protein-related protein, mitochondrial	36.0
Sm_t00011903-RA	leucine-rich repeat domain-containing protein	35.8
Sm_t00004050-RA	SOUL heme-binding protein, chloroplastic	35.7
Sm_t00007614-RA	DEK C-terminal domain-containing protein	35.6
Sm_t00009399-RA	methyltransferase	35.5
Sm_t00004783-RA	SH3 domain-containing Ysc84-like protein	35.5
Sm_t00004798-RA	diphthine--ammonia ligase	35.5
Sm_t00010496-RA	RAD52 family DNA repair protein	35.5
Sm_t00006884-RA	phosphoadenosine phosphosulfate reductase	35.4
Sm_t00010859-RA	bZIP domain-containing protein	35.1
Sm_t00010992-RA	leucine-rich repeat domain-containing protein	34.8
Sm_t00004453-RA	non-specific endonuclease	34.7
Sm_t00011108-RA	DDHD family phospholipase	34.7
Sm_t00008491-RA	branched-chain-amino-acid aminotransferase, mitochondrial	34.6
Sm_t00014717-RA	mitochondrial carrier protein	34.4
Sm_t00002976-RA	ornithine decarboxylase	34.2
Sm_t00011339-RA	protein lifeguard 4	34.1
Sm_t00003746-RA	RNA-binding protein	34.0
Sm_t00007409-RA	bifunctional polynucleotide phosphatase/kinase	33.6
Sm_t00007477-RA	acylamino-acid-releasing enzyme	33.5
Sm_t00018421-RA	protein kinase family protein	33.4
Sm_t00000950-RA	deadenylation complex catalytic subunit PAN2	33.2
Sm_t00018157-RA	glutamine synthetase (class 3), mitochondrial	32.9
Sm_t00009453-RA	NAD(P)-dependent epimerase/dehydratase family protein	32.9
Sm_t00012546-RA	ADP/ATP transporter	32.9
Sm_t00000504-RA	possible oxidoreductase	32.2
Sm_t00000071-RA	S-adenosylmethionine decarboxylase	32.0
Sm_t00006772-RA	leucine-rich repeat protein	32.0
Sm_t00020477-RA	multidrug resistance-associated protein	32.0
Sm_t00003982-RA	glutathione S-transferase	31.9
Sm_t00000866-RA	DnaJ domain-containing protein	31.8
Sm_t00011751-RA	tetratricopeptide repeat-containing protein, chloroplastic	31.7
Sm_t00000603-RA	endo-1,3(4)-beta-glucanase	31.5
Sm_t00007117-RA	5'-nucleotidase family protein, mitochondrial	31.4
Sm_t00011094-RA	3'(2'),5'-bisphosphate nucleotidase, chloroplastic/mitochondrial	30.9
Sm_t00010116-RA	prolyl 4-hydroxylase alpha subunit-like protein	30.7
Sm_t00010664-RA	UDP-glucose 6-dehydrogenase	30.6
Sm_t00008777-RA	ubiquitin-like domain-containing protein	30.4
Sm_t00000949-RA	sugar phosphate exchanger	30.4
Sm_t00013980-RA	ankyrin repeat domain-containing protein	30.2
Sm_t00007956-RA	cysteine oxygenase/2-aminoethanethiol dioxygenase family protein	-30.3
Sm_t00013450-RA	peptide deformylase, mitochondrial	-31.0
Sm_t00007617-RA	possible calcium-dependent phosphate channel protein	-31.0
Sm_t00013909-RA	DNA-directed RNA polymerase III subunit RPC5	-31.1
Sm_t00012923-RA	calcium-dependent protein kinase	-31.3
Sm_t00000875-RA	Tim44-like protein, mitochondrial	-31.4
Sm_t00006499-RA	Gfo/Idh/MocA family oxidoreductase	-31.4
Sm_t00002693-RA	adenosine 3'-phospho 5'-phosphosulfate transporter	-31.5
Sm_t00004424-RA	magnesium transporter	-31.8
Sm_t00009086-RA	serine aminopeptidase (family S33)	-31.8
Sm_t00003190-RA	eukaryotic translation initiation factor 3 subunit K	-32.1
Sm_t00016603-RA	heat shock factor family protein	-32.4
Sm_t00005378-RA	arrestin family protein	-32.5
Sm_t00016485-RA	eukaryotic translation initiation factor 2 gamma subunit	-32.5
Sm_t00013108-RA	tRNA-specific adenosine deaminase	-32.5
Sm_t00007768-RA	leucine-rich repeat domain-containing protein	-32.5
Sm_t00010609-RA	alkaline phosphatase D family protein	-32.7
Sm_t00000522-RA	60S ribosomal protein L36a	-32.8
Sm_t00007698-RA	glycosyltransferase (family 90)	-32.9
Sm_t00005327-RA	WD40 repeat domain-containing protein	-33.7
Sm_t00000507-RA	heat shock protein 90 family protein, chloroplastic	-34.2
Sm_t00014562-RA	Xaa-Pro aminopeptidase, mitochondrial	-34.3
Sm_t00009462-RA	leucine-rich repeat domain-containing protein	-34.4
Sm_t00001571-RA	TLC domain-containing protein	-35.0
Sm_t00006793-RA	DNA (cytosine-5)-methyltransferase	-35.3
Sm_t00020485-RA	40S ribosomal protein S2	-35.3
Sm_t00008096-RA	ribulose-phosphate 3-epimerase, chloroplastic	-35.4
Sm_t00006829-RA	acireductone dioxygenase	-35.4
Sm_t00008177-RA	possible dual-specificity protein phosphatase 12-related protein	-36.8
Sm_t00002320-RA	vesicle transport protein USE1	-36.8
Sm_t00012595-RA	SOUL heme-binding protein	-36.8
Sm_t00008072-RA	translation factor GUF1, chloroplastic	-36.9
Sm_t00007551-RA	heat shock factor family protein	-37.1
Sm_t00004368-RA	adenylate kinase	-37.2
Sm_t00000865-RA	beta-lactamase superfamily domain-containing protein	-37.2
Sm_t00008110-RA	arsenate reductase-like protein	-37.9
Sm_t00007330-RA	dTDP-D-glucose 4,6-dehydratase	-38.2
Sm_t00012874-RA	PhyH family protein	-38.8
Sm_t00013043-RA	60S ribosomal protein L27a	-39.2
Sm_t00003216-RA	mitochondrial carrier protein	-39.2
Sm_t00016604-RA	predicted AAA ATPase	-40.1
Sm_t00007732-RA	translocator protein, chloroplastic	-40.4
Sm_t00010595-RA	nucleotide-sugar transporter	-41.6
Sm_t00008296-RA	calcyclin-binding protein	-41.9
Sm_t00001961-RA	NAD(P)/FAD-dependent oxidoreductase	-42.0
Sm_t00011468-RA	deoxynucleoside triphosphate triphosphohydrolase	-42.2
Sm_t00003327-RA	methyltransferase	-45.8
Sm_t00008303-RA	DUF4782 domain-containing protein	-45.9
Sm_t00000432-RA	possible diacylglycerol O-acyltransferase	-46.9
Sm_t00006096-RA	tubulin-specific chaperone E	-47.8
Sm_t00014224-RA	RNA M5U methyltransferase family protein	-48.0
Sm_t00003271-RA	bis(5'-adenosyl)-triphosphatase	-49.4
Sm_t00012125-RA	myo-inositol 2-dehydrogenase	-50.4
Sm_t00008952-RA	DUF4395 domain-containing protein	-52.7
Sm_t00013982-RA	SET domain-containing protein	-53.0
Sm_t00005119-RA	NAD(P)/FAD-dependent oxidoreductase	-53.5
Sm_t00005570-RA	pyrimidine/purine nucleoside phosphorylase	-57.0
Sm_t00011418-RA	leucine-rich repeat receptor-like protein kinase	-60.3
Sm_t00015480-RA	beta-1,4-mannosyl-glycoprotein 4-beta-N-acetylglucosaminyltransferase, mitochondrial	-68.0
Sm_t00000782-RA	40S ribosomal protein S16	-70.1
