GO:0043433	0.00052
GO:0051152	0.00071
GO:1905065	0.00071
GO:0051090	0.00139
GO:0010020	0.00209
GO:0043572	0.00209
GO:0051150	0.00209
GO:1905063	0.00209
GO:1901607	0.00323
GO:0009070	0.00341
GO:0009092	0.00410
GO:1904706	0.00410
GO:0051147	0.00435
GO:1904018	0.00666
GO:1904705	0.00671
GO:1990874	0.00671
GO:0016485	0.00772
GO:0097421	0.00804
GO:0008652	0.00895
GO:0001514	0.00989
GO:0006451	0.00989
GO:0035886	0.00989
GO:0051145	0.00989
GO:0032092	0.01128
GO:0042554	0.01314
GO:0007595	0.01361
GO:1901342	0.01516
GO:0006520	0.01740
GO:0000098	0.01783
GO:0014013	0.01783
GO:0019083	0.01783
GO:0046782	0.01783
GO:0048662	0.01783
GO:0051149	0.01783
GO:0097755	0.01783
GO:0043901	0.01925
GO:0042981	0.02288
GO:0048732	0.02360
GO:0051604	0.02486
GO:0010821	0.02493
GO:0002024	0.02675
GO:0002043	0.02675
GO:0002246	0.02675
GO:0002887	0.02675
GO:0003032	0.02675
GO:0003068	0.02675
GO:0003069	0.02675
GO:0003070	0.02675
GO:0003085	0.02675
GO:0003299	0.02675
GO:0006788	0.02675
GO:0007256	0.02675
GO:0007439	0.02675
GO:0009090	0.02675
GO:0009660	0.02675
GO:0010227	0.02675
GO:0010637	0.02675
GO:0014834	0.02675
GO:0014887	0.02675
GO:0014898	0.02675
GO:0016545	0.02675
GO:0018272	0.02675
GO:0030857	0.02675
GO:0032232	0.02675
GO:0032762	0.02675
GO:0032763	0.02675
GO:0032764	0.02675
GO:0033004	0.02675
GO:0033007	0.02675
GO:0034021	0.02675
GO:0035523	0.02675
GO:0036333	0.02675
GO:0038001	0.02675
GO:0039536	0.02675
GO:0042033	0.02675
GO:0042035	0.02675
GO:0042089	0.02675
GO:0042107	0.02675
GO:0042108	0.02675
GO:0042167	0.02675
GO:0043301	0.02675
GO:0043305	0.02675
GO:0043619	0.02675
GO:0043922	0.02675
GO:0044524	0.02675
GO:0044656	0.02675
GO:0045073	0.02675
GO:0045080	0.02675
GO:0045433	0.02675
GO:0045605	0.02675
GO:0045683	0.02675
GO:0046167	0.02675
GO:0048065	0.02675
GO:0048611	0.02675
GO:0048759	0.02675
GO:0048773	0.02675
GO:0050755	0.02675
GO:0070314	0.02675
GO:0071266	0.02675
GO:0071569	0.02675
GO:0090410	0.02675
GO:0090677	0.02675
GO:0090679	0.02675
GO:1900241	0.02675
GO:1900756	0.02675
GO:1902616	0.02675
GO:1903587	0.02675
GO:1903589	0.02675
GO:1904772	0.02675
GO:1904829	0.02675
GO:1904831	0.02675
GO:1905420	0.02675
GO:1905915	0.02675
GO:1905917	0.02675
GO:1905930	0.02675
GO:1905932	0.02675
GO:1990167	0.02675
GO:1990168	0.02675
GO:1990564	0.02675
GO:1990575	0.02675
GO:1990592	0.02675
GO:1990845	0.02675
GO:0002698	0.02769
GO:0007589	0.02769
GO:0051098	0.02862
GO:0001889	0.03318
GO:0061008	0.03318
GO:0009086	0.03326
GO:0032387	0.03326
GO:0043392	0.03326
GO:0043500	0.03326
GO:0046339	0.03326
GO:0097746	0.03326
GO:0006801	0.03403
GO:0031100	0.03403
GO:1901605	0.03687
GO:0043067	0.03868
GO:0000266	0.03923
GO:0035296	0.03923
GO:0050880	0.03923
GO:0006638	0.04093
GO:0006639	0.04093
GO:0050665	0.04093
GO:0019080	0.04557
GO:0046777	0.04598
