GO:0033260	0.00050
GO:0034641	0.00057
GO:0019432	0.00078
GO:0021953	0.00078
GO:1902969	0.00083
GO:0016078	0.00091
GO:0006399	0.00101
GO:0044238	0.00110
GO:0006479	0.00113
GO:0008213	0.00113
GO:0046483	0.00123
GO:0006139	0.00129
GO:0043928	0.00129
GO:0043632	0.00136
GO:0009416	0.00142
GO:0006396	0.00143
GO:1901360	0.00163
GO:0000393	0.00164
GO:0035710	0.00167
GO:0018108	0.00171
GO:0018212	0.00171
GO:0006725	0.00174
GO:0006807	0.00175
GO:0050730	0.00204
GO:0071704	0.00204
GO:0043144	0.00254
GO:0043634	0.00266
GO:0050732	0.00266
GO:0071029	0.00266
GO:0071035	0.00266
GO:0071038	0.00266
GO:0071046	0.00266
GO:0016074	0.00276
GO:0070481	0.00390
GO:0034470	0.00403
GO:0051603	0.00412
GO:0009073	0.00447
GO:0048573	0.00476
GO:0043414	0.00500
GO:0006511	0.00509
GO:0016070	0.00542
GO:0042306	0.00573
GO:0006595	0.00600
GO:0008616	0.00600
GO:0010866	0.00600
GO:0035329	0.00600
GO:0035330	0.00600
GO:0035331	0.00600
GO:0043367	0.00600
GO:0046116	0.00600
GO:0046710	0.00600
GO:0097720	0.00600
GO:0009314	0.00613
GO:0019941	0.00664
GO:0000467	0.00673
GO:0043633	0.00673
GO:0046460	0.00673
GO:0046463	0.00673
GO:0070534	0.00673
GO:0071042	0.00673
GO:0071047	0.00673
GO:2000028	0.00673
GO:0042455	0.00733
GO:0008033	0.00752
GO:0000350	0.00755
GO:0009650	0.00755
GO:0002286	0.00769
GO:0031938	0.00769
GO:0035167	0.00769
GO:0051347	0.00779
GO:0032259	0.00791
GO:0000291	0.00807
GO:0090304	0.00827
GO:0030163	0.00864
GO:0001933	0.00882
GO:0033674	0.00903
GO:0043038	0.00910
GO:0043039	0.00910
GO:0042180	0.00934
GO:0009451	0.00943
GO:0010498	0.00961
GO:0044265	0.00976
GO:1901576	0.01004
GO:0044257	0.01040
GO:0044237	0.01046
GO:0043161	0.01066
GO:0045860	0.01127
GO:0031126	0.01130
GO:0034660	0.01141
GO:0042326	0.01146
GO:0006418	0.01169
GO:0009793	0.01173
GO:0048522	0.01190
GO:1903508	0.01195
GO:0048608	0.01239
GO:0051241	0.01262
GO:0009163	0.01339
GO:1902680	0.01349
GO:0016571	0.01351
GO:0061458	0.01390
GO:0000060	0.01409
GO:0034698	0.01409
GO:0050680	0.01409
GO:0061097	0.01409
GO:0051254	0.01474
GO:0006641	0.01487
GO:0071559	0.01487
GO:0071560	0.01487
GO:0007179	0.01554
GO:0032201	0.01554
GO:0009057	0.01569
GO:0018022	0.01603
GO:0045893	0.01655
GO:0045923	0.01733
GO:0071051	0.01733
GO:0090207	0.01733
GO:0097529	0.01733
GO:0040007	0.01740
GO:0048580	0.01788
GO:0090287	0.01926
GO:0048518	0.01954
GO:0017015	0.02001
GO:0071025	0.02001
GO:0071027	0.02001
GO:1903844	0.02001
GO:0031401	0.02010
GO:1901564	0.02058
GO:0000492	0.02075
GO:0007176	0.02075
GO:0009095	0.02075
GO:0014072	0.02075
GO:0033262	0.02075
GO:0035166	0.02075
GO:0043278	0.02075
GO:0046321	0.02075
GO:0046426	0.02075
GO:0048542	0.02075
GO:0071514	0.02075
GO:1904893	0.02075
GO:0051270	0.02097
GO:0000389	0.02159
GO:0002287	0.02159
GO:0002292	0.02159
GO:0002293	0.02159
GO:0002294	0.02159
GO:0006438	0.02159
GO:0006596	0.02159
GO:0008216	0.02159
GO:0010867	0.02159
GO:0014819	0.02159
GO:0016048	0.02159
GO:0030325	0.02159
GO:0033158	0.02159
GO:0035149	0.02159
GO:0042093	0.02159
GO:0046348	0.02159
GO:0050820	0.02159
GO:0060065	0.02159
GO:0090313	0.02159
GO:0140042	0.02159
GO:1903463	0.02159
GO:1905267	0.02159
GO:2001238	0.02159
GO:1904951	0.02204
GO:0030307	0.02241
GO:0006662	0.02335
GO:0007175	0.02335
GO:0007260	0.02335
GO:0008611	0.02335
GO:0009423	0.02335
GO:0031641	0.02335
GO:0032197	0.02335
GO:0034473	0.02335
GO:0034476	0.02335
GO:0042509	0.02335
GO:0044058	0.02335
GO:0046485	0.02335
GO:0046504	0.02335
GO:0061099	0.02335
GO:0071371	0.02335
GO:0071372	0.02335
GO:1901004	0.02335
GO:1901006	0.02335
GO:1901503	0.02335
GO:2000012	0.02335
GO:1901659	0.02380
GO:0006606	0.02478
GO:0009072	0.02478
GO:0040013	0.02501
GO:0070478	0.02501
GO:0008380	0.02528
GO:0000459	0.02578
GO:0002573	0.02578
GO:0044271	0.02603
GO:0006283	0.02614
GO:1903825	0.02690
GO:0031647	0.02705
GO:0002283	0.02717
GO:0002446	0.02717
GO:0036230	0.02717
GO:0042119	0.02717
GO:0043312	0.02717
GO:0043279	0.02719
GO:0009058	0.02758
GO:0006576	0.02911
GO:0009648	0.02911
GO:0010469	0.02911
GO:0042327	0.02933
GO:0045935	0.02958
GO:0002263	0.03073
GO:0007417	0.03073
GO:0043412	0.03091
GO:0001932	0.03133
GO:0045944	0.03150
GO:2000145	0.03211
GO:0009908	0.03223
GO:0050678	0.03240
GO:0031399	0.03243
GO:0032008	0.03260
GO:0097384	0.03260
GO:0050821	0.03284
GO:0043299	0.03286
GO:0009791	0.03292
GO:0009309	0.03322
GO:0042401	0.03322
GO:1905039	0.03326
GO:0007062	0.03352
GO:0001934	0.03358
GO:0044283	0.03461
GO:0040008	0.03482
GO:1900180	0.03501
GO:0006638	0.03706
GO:0006639	0.03706
GO:0043488	0.03706
GO:0050673	0.03706
GO:0018991	0.03794
GO:0043549	0.03898
GO:0044786	0.03899
GO:0042325	0.03976
GO:0002275	0.04010
GO:0002444	0.04010
GO:0030334	0.04010
GO:0051962	0.04010
GO:0009266	0.04063
GO:0007420	0.04099
GO:0090567	0.04121
GO:0009409	0.04171
GO:1901362	0.04176
GO:0031060	0.04205
GO:0030336	0.04268
GO:0042026	0.04268
GO:0051271	0.04268
GO:0071028	0.04268
GO:2000146	0.04268
GO:0000491	0.04275
GO:0006591	0.04275
GO:0034475	0.04275
GO:0035270	0.04275
GO:0042307	0.04275
GO:0009628	0.04312
GO:0070201	0.04321
GO:0044281	0.04326
GO:0002366	0.04373
GO:0006325	0.04398
GO:0044249	0.04439
GO:0034654	0.04444
GO:0032006	0.04518
GO:0043628	0.04518
GO:1901800	0.04552
GO:1903052	0.04552
GO:1903364	0.04552
GO:0045859	0.04586
GO:0010467	0.04600
GO:0008152	0.04774
GO:0002274	0.04806
GO:0051338	0.04820
GO:0003006	0.04827
GO:0006400	0.04955
GO:0050769	0.04955
GO:0001906	0.04966
GO:0007272	0.04966
GO:0008366	0.04966
GO:0031125	0.04966
GO:0050770	0.04966
GO:0070651	0.04966
GO:1904589	0.04966
GO:0048316	0.04971
GO:0010562	0.04995
GO:0045937	0.04995
