GO:0000027	2.0e-05
GO:0071705	5.0e-05
GO:0045184	6.1e-05
GO:0006886	6.7e-05
GO:0015031	7.8e-05
GO:0015833	0.00011
GO:0042886	0.00013
GO:0042255	0.00018
GO:0071702	0.00020
GO:0045835	0.00021
GO:0033313	0.00034
GO:0009756	0.00052
GO:0010182	0.00052
GO:0006605	0.00058
GO:0046907	0.00059
GO:0072594	0.00061
GO:0034613	0.00064
GO:0006109	0.00074
GO:0072599	0.00084
GO:0008104	0.00084
GO:0006413	0.00091
GO:0015931	0.00091
GO:0051649	0.00093
GO:0022618	0.00099
GO:0006810	0.00108
GO:0042304	0.00111
GO:0051168	0.00115
GO:0051234	0.00124
GO:0062012	0.00125
GO:0043933	0.00134
GO:0050657	0.00146
GO:0050658	0.00146
GO:0050690	0.00149
GO:0072657	0.00162
GO:0051236	0.00178
GO:0071826	0.00202
GO:0070727	0.00204
GO:0006611	0.00208
GO:0051179	0.00211
GO:0051641	0.00215
GO:0010150	0.00215
GO:0090693	0.00215
GO:0090150	0.00217
GO:0070972	0.00248
GO:0042273	0.00289
GO:0045047	0.00289
GO:0006405	0.00346
GO:0007568	0.00356
GO:0002183	0.00375
GO:0065003	0.00407
GO:0022613	0.00409
GO:0002181	0.00413
GO:0070925	0.00422
GO:0034035	0.00437
GO:0034036	0.00437
GO:0050427	0.00437
GO:0050428	0.00437
GO:0043604	0.00467
GO:0000041	0.00475
GO:0045840	0.00475
GO:0006412	0.00519
GO:0006612	0.00531
GO:0006402	0.00575
GO:0007588	0.00589
GO:0045912	0.00589
GO:0017148	0.00601
GO:0031032	0.00603
GO:0071426	0.00619
GO:0045931	0.00625
GO:1901994	0.00636
GO:1902103	0.00636
GO:1902407	0.00636
GO:1903475	0.00636
GO:1905133	0.00636
GO:0062033	0.00670
GO:0010467	0.00692
GO:0016071	0.00707
GO:0007283	0.00718
GO:0048366	0.00729
GO:0006401	0.00742
GO:0016032	0.00744
GO:0071166	0.00750
GO:0017038	0.00755
GO:0002188	0.00768
GO:0035268	0.00768
GO:0035269	0.00768
GO:0051598	0.00768
GO:0070893	0.00768
GO:0071786	0.00768
GO:0097307	0.00768
GO:0097308	0.00768
GO:1901562	0.00768
GO:1990151	0.00768
GO:0051984	0.00778
GO:0098662	0.00814
GO:0006352	0.00887
GO:0009751	0.00898
GO:0044403	0.00969
GO:0071428	0.00969
GO:0000290	0.00976
GO:0031204	0.00976
GO:0034063	0.00976
GO:0007349	0.00994
GO:0043255	0.00994
GO:0051447	0.00994
GO:0033036	0.01011
GO:0048232	0.01016
GO:0043043	0.01026
GO:0034249	0.01036
GO:0055085	0.01048
GO:0046825	0.01067
GO:0006620	0.01082
GO:0006518	0.01082
GO:0044770	0.01098
GO:0043603	0.01109
GO:0006903	0.01116
GO:0007029	0.01127
GO:0034622	0.01137
GO:0006913	0.01141
GO:0051169	0.01141
GO:0009408	0.01143
GO:0033365	0.01171
GO:0051785	0.01218
GO:0045842	0.01236
GO:1901970	0.01236
GO:0010033	0.01436
GO:0042254	0.01466
GO:0033045	0.01475
GO:0000054	0.01486
GO:0033750	0.01486
GO:0008340	0.01499
GO:0033047	0.01519
GO:0051306	0.01544
GO:0010565	0.01595
GO:0006111	0.01611
GO:0006516	0.01611
GO:0031291	0.01611
GO:0033077	0.01611
GO:0046329	0.01611
GO:0046963	0.01611
GO:1902559	0.01611
GO:0033044	0.01616
GO:0007291	0.01665
GO:0016246	0.01665
GO:0051983	0.01683
GO:1901987	0.01686
GO:0030866	0.01688
GO:0048367	0.01720
GO:0006417	0.01747
GO:0065002	0.01756
GO:1902600	0.01756
GO:0040018	0.01808
GO:0071446	0.01808
GO:0040020	0.01826
GO:0051017	0.01826
GO:0061572	0.01826
GO:0000338	0.01842
GO:0001112	0.01842
GO:0001120	0.01842
GO:0009863	0.01842
GO:0015074	0.01842
GO:0045940	0.01842
GO:0048827	0.01850
GO:0007091	0.01854
GO:0030071	0.01854
GO:0006446	0.01912
GO:0006403	0.01955
GO:1901988	0.01997
GO:1902101	0.02028
GO:1905820	0.02028
GO:0000956	0.02028
GO:0010259	0.02044
GO:0051494	0.02092
GO:1901992	0.02163
GO:0045927	0.02169
GO:0071806	0.02169
GO:0010965	0.02212
GO:0016072	0.02307
GO:0046903	0.02419
GO:0030217	0.02468
GO:0060260	0.02468
GO:0048639	0.02489
GO:0032940	0.02531
GO:0006892	0.02612
GO:0006449	0.02617
GO:0006829	0.02617
GO:0007008	0.02617
GO:0007391	0.02617
GO:0010907	0.02617
GO:0015985	0.02617
GO:0015986	0.02617
GO:0030212	0.02617
GO:0030727	0.02617
GO:0031086	0.02617
GO:0031087	0.02617
GO:0033316	0.02617
GO:0044346	0.02617
GO:0044396	0.02617
GO:0044779	0.02617
GO:0045040	0.02617
GO:0045722	0.02617
GO:0048134	0.02617
GO:0048135	0.02617
GO:0051693	0.02617
GO:0090074	0.02617
GO:1900055	0.02617
GO:1904037	0.02617
GO:1990641	0.02617
GO:0044784	0.02620
GO:1902099	0.02620
GO:0035194	0.02651
GO:0019216	0.02733
GO:0030837	0.02808
GO:0060261	0.02808
GO:2000144	0.02808
GO:0006497	0.02940
GO:0006826	0.02940
GO:0008299	0.02940
GO:0042158	0.02940
GO:0050896	0.03005
GO:0044743	0.03069
GO:0006613	0.03083
GO:1905818	0.03083
GO:0000912	0.03096
GO:0000915	0.03096
GO:0009240	0.03096
GO:0010466	0.03096
GO:0010951	0.03096
GO:0030437	0.03096
GO:0034367	0.03096
GO:0034755	0.03096
GO:0046490	0.03096
GO:0071395	0.03096
GO:0051656	0.03127
GO:0051784	0.03150
GO:0051130	0.03153
GO:0006812	0.03165
GO:0031047	0.03175
GO:0001836	0.03178
GO:0010603	0.03178
GO:0010677	0.03178
GO:0044785	0.03178
GO:0045580	0.03178
GO:0045619	0.03178
GO:0050667	0.03178
GO:0090175	0.03178
GO:1901993	0.03178
GO:1902102	0.03178
GO:1905132	0.03178
GO:0030865	0.03194
GO:0043254	0.03228
GO:0044804	0.03499
GO:0045948	0.03499
GO:2000142	0.03499
GO:0031503	0.03515
GO:0098660	0.03519
GO:0043902	0.03605
GO:0046890	0.03684
GO:0033866	0.03709
GO:0034030	0.03709
GO:0034033	0.03709
GO:0010608	0.03731
GO:0006633	0.03753
GO:0006396	0.03804
GO:0000184	0.03832
GO:0032506	0.03854
GO:0098781	0.03865
GO:0098655	0.03895
GO:0006593	0.03896
GO:0006679	0.03896
GO:0010037	0.03896
GO:0010207	0.03896
GO:0010229	0.03896
GO:0010360	0.03896
GO:0010361	0.03896
GO:0010362	0.03896
GO:0010960	0.03896
GO:0015838	0.03896
GO:0019348	0.03896
GO:0023058	0.03896
GO:0031919	0.03896
GO:0031921	0.03896
GO:0033081	0.03896
GO:0035280	0.03896
GO:0035646	0.03896
GO:0042069	0.03896
GO:0042776	0.03896
GO:0045717	0.03896
GO:0046476	0.03896
GO:0048521	0.03896
GO:0048668	0.03896
GO:0048670	0.03896
GO:0048671	0.03896
GO:0050746	0.03896
GO:0050747	0.03896
GO:0050926	0.03896
GO:0061484	0.03896
GO:0071244	0.03896
GO:0071493	0.03896
GO:0072416	0.03896
GO:0072477	0.03896
GO:0072480	0.03896
GO:0072486	0.03896
GO:0072676	0.03896
GO:0072678	0.03896
GO:0090042	0.03896
GO:0090043	0.03896
GO:0090200	0.03896
GO:0090233	0.03896
GO:0090436	0.03896
GO:0097050	0.03896
GO:0097051	0.03896
GO:0099022	0.03896
GO:1900056	0.03896
GO:1900436	0.03896
GO:1900490	0.03896
GO:1902426	0.03896
GO:1903059	0.03896
GO:1903061	0.03896
GO:1903066	0.03896
GO:1903371	0.03896
GO:1903373	0.03896
GO:1903499	0.03896
GO:1903745	0.03896
GO:1903999	0.03896
GO:1905622	0.03896
GO:1990540	0.03896
GO:2000252	0.03896
GO:2000431	0.03896
GO:2000674	0.03896
GO:2000676	0.03896
GO:2001215	0.03896
GO:0044772	0.03905
GO:0034248	0.03935
GO:0009894	0.03936
GO:1901989	0.03953
GO:0010675	0.03975
GO:0010558	0.04009
GO:0032787	0.04086
GO:0032272	0.04114
GO:0060236	0.04114
GO:0090224	0.04114
GO:2000027	0.04114
GO:0071310	0.04143
GO:0070646	0.04232
GO:0072330	0.04256
GO:0009892	0.04264
GO:0007346	0.04276
GO:0044843	0.04281
GO:2001252	0.04281
GO:0048199	0.04292
GO:0006614	0.04300
GO:0010629	0.04316
GO:0031327	0.04331
GO:0006887	0.04363
GO:0043488	0.04493
GO:1901566	0.04511
GO:0035966	0.04535
GO:0045087	0.04544
GO:0006367	0.04574
GO:0031329	0.04712
GO:0006636	0.04774
GO:0032640	0.04774
GO:0032680	0.04774
GO:0042044	0.04774
GO:0071706	0.04774
GO:1903555	0.04774
GO:1905330	0.04774
GO:0015868	0.04780
GO:0051503	0.04780
GO:0062014	0.04780
GO:0106118	0.04780
GO:0009100	0.04816
GO:0006955	0.04834
GO:0010639	0.04847
GO:0010638	0.04977
GO:0051648	0.04990
GO:0051650	0.04990
