GO.ID	Term	Annotated	Significant	Expected	classic
GO:0000027	ribosomal large subunit assembly	26	15	5.14	2.0e-05
GO:0071705	nitrogen compound transport	568	147	112.19	5.0e-05
GO:0045184	establishment of protein localization	484	128	95.6	6.1e-05
GO:0006886	intracellular protein transport	383	105	75.65	6.7e-05
GO:0015031	protein transport	455	121	89.87	7.8e-05
GO:0015833	peptide transport	472	124	93.23	0.00011
GO:0042886	amide transport	482	126	95.2	0.00013
GO:0042255	ribosome assembly	56	23	11.06	0.00018
GO:0071702	organic substance transport	596	150	117.72	0.00020
GO:0045835	negative regulation of meiotic nuclear d...	11	8	2.17	0.00021
GO:0033313	meiotic cell cycle checkpoint	7	6	1.38	0.00034
GO:0009756	carbohydrate mediated signaling	12	8	2.37	0.00052
GO:0010182	sugar mediated signaling pathway	12	8	2.37	0.00052
GO:0006605	protein targeting	198	58	39.11	0.00058
GO:0046907	intracellular transport	512	129	101.13	0.00059
GO:0072594	establishment of protein localization to...	245	69	48.39	0.00061
GO:0034613	cellular protein localization	545	136	107.64	0.00064
GO:0006109	regulation of carbohydrate metabolic pro...	30	14	5.93	0.00074
GO:0072599	establishment of protein localization to...	76	27	15.01	0.00084
GO:0008104	protein localization	646	157	127.59	0.00084
GO:0006413	translational initiation	115	37	22.71	0.00091
GO:0015931	nucleobase-containing compound transport	123	39	24.29	0.00091
GO:0051649	establishment of localization in cell	568	140	112.19	0.00093
GO:0022618	ribonucleoprotein complex assembly	156	47	30.81	0.00099
GO:0006810	transport	945	219	186.65	0.00108
GO:0042304	regulation of fatty acid biosynthetic pr...	13	8	2.57	0.00111
GO:0051168	nuclear export	85	29	16.79	0.00115
GO:0051234	establishment of localization	981	226	193.76	0.00124
GO:0062012	regulation of small molecule metabolic p...	97	32	19.16	0.00125
GO:0043933	protein-containing complex subunit organ...	624	151	123.25	0.00134
GO:0050657	nucleic acid transport	90	30	17.78	0.00146
GO:0050658	RNA transport	90	30	17.78	0.00146
GO:0050690	regulation of defense response to virus ...	6	5	1.19	0.00149
GO:0072657	protein localization to membrane	151	45	29.82	0.00162
GO:0051236	establishment of RNA localization	91	30	17.97	0.00178
GO:0071826	ribonucleoprotein complex subunit organi...	165	48	32.59	0.00202
GO:0070727	cellular macromolecule localization	564	137	111.4	0.00204
GO:0006611	protein export from nucleus	84	28	16.59	0.00208
GO:0051179	localization	1156	260	228.32	0.00211
GO:0051641	cellular localization	706	167	139.44	0.00215
GO:0010150	leaf senescence	14	8	2.77	0.00215
GO:0090693	plant organ senescence	14	8	2.77	0.00215
GO:0090150	establishment of protein localization to...	116	36	22.91	0.00217
GO:0070972	protein localization to endoplasmic reti...	81	27	16	0.00248
GO:0042273	ribosomal large subunit biogenesis	74	25	14.62	0.00289
GO:0045047	protein targeting to ER	74	25	14.62	0.00289
GO:0006405	RNA export from nucleus	71	24	14.02	0.00346
GO:0007568	aging	165	47	32.59	0.00356
GO:0002183	cytoplasmic translational initiation	31	13	6.12	0.00375
GO:0065003	protein-containing complex assembly	550	132	108.63	0.00407
GO:0022613	ribonucleoprotein complex biogenesis	347	88	68.54	0.00409
GO:0002181	cytoplasmic translation	145	42	28.64	0.00413
GO:0070925	organelle assembly	271	71	53.53	0.00422
GO:0034035	purine ribonucleoside bisphosphate metab...	7	5	1.38	0.00437
GO:0034036	purine ribonucleoside bisphosphate biosy...	7	5	1.38	0.00437
GO:0050427	3'-phosphoadenosine 5'-phosphosulfate me...	7	5	1.38	0.00437
GO:0050428	3'-phosphoadenosine 5'-phosphosulfate bi...	7	5	1.38	0.00437
GO:0043604	amide biosynthetic process	385	96	76.04	0.00467
GO:0000041	transition metal ion transport	46	17	9.09	0.00475
GO:0045840	positive regulation of mitotic nuclear d...	46	17	9.09	0.00475
GO:0006412	translation	309	79	61.03	0.00519
GO:0006612	protein targeting to membrane	89	28	17.58	0.00531
GO:0006402	mRNA catabolic process	139	40	27.45	0.00575
GO:0007588	excretion	10	6	1.98	0.00589
GO:0045912	negative regulation of carbohydrate meta...	10	6	1.98	0.00589
GO:0017148	negative regulation of translation	36	14	7.11	0.00601
GO:0031032	actomyosin structure organization	29	12	5.73	0.00603
GO:0071426	ribonucleoprotein complex export from nu...	70	23	13.83	0.00619
GO:0045931	positive regulation of mitotic cell cycl...	94	29	18.57	0.00625
GO:1901994	negative regulation of meiotic cell cycl...	5	4	0.99	0.00636
GO:1902103	negative regulation of metaphase/anaphas...	5	4	0.99	0.00636
GO:1902407	assembly of actomyosin apparatus involve...	5	4	0.99	0.00636
GO:1903475	mitotic actomyosin contractile ring asse...	5	4	0.99	0.00636
GO:1905133	negative regulation of meiotic chromosom...	5	4	0.99	0.00636
GO:0062033	positive regulation of mitotic sister ch...	40	15	7.9	0.00670
GO:0010467	gene expression	1148	254	226.74	0.00692
GO:0016071	mRNA metabolic process	317	80	62.61	0.00707
GO:0007283	spermatogenesis	128	37	25.28	0.00718
GO:0048366	leaf development	44	16	8.69	0.00729
GO:0006401	RNA catabolic process	158	44	31.21	0.00742
GO:0016032	viral process	91	28	17.97	0.00744
GO:0071166	ribonucleoprotein complex localization	71	23	14.02	0.00750
GO:0017038	protein import	83	26	16.39	0.00755
GO:0002188	translation reinitiation	3	3	0.59	0.00768
GO:0035268	protein mannosylation	3	3	0.59	0.00768
GO:0035269	protein O-linked mannosylation	3	3	0.59	0.00768
GO:0051598	meiotic recombination checkpoint	3	3	0.59	0.00768
GO:0070893	transposon integration	3	3	0.59	0.00768
GO:0071786	endoplasmic reticulum tubular network or...	3	3	0.59	0.00768
GO:0097307	response to farnesol	3	3	0.59	0.00768
GO:0097308	cellular response to farnesol	3	3	0.59	0.00768
GO:1901562	response to paraquat	3	3	0.59	0.00768
GO:1990151	protein localization to cell tip	3	3	0.59	0.00768
GO:0051984	positive regulation of chromosome segreg...	48	17	9.48	0.00778
GO:0098662	inorganic cation transmembrane transport	108	32	21.33	0.00814
GO:0006352	DNA-templated transcription, initiation	64	21	12.64	0.00887
GO:0009751	response to salicylic acid	20	9	3.95	0.00898
GO:0044403	symbiont process	126	36	24.89	0.00969
GO:0071428	rRNA-containing ribonucleoprotein comple...	27	11	5.33	0.00969
GO:0000290	deadenylation-dependent decapping of nuc...	8	5	1.58	0.00976
GO:0031204	posttranslational protein targeting to m...	8	5	1.58	0.00976
GO:0034063	stress granule assembly	8	5	1.58	0.00976
GO:0007349	cellularization	17	8	3.36	0.00994
GO:0043255	regulation of carbohydrate biosynthetic ...	17	8	3.36	0.00994
GO:0051447	negative regulation of meiotic cell cycl...	17	8	3.36	0.00994
GO:0033036	macromolecule localization	721	165	142.41	0.01011
GO:0048232	male gamete generation	152	42	30.02	0.01016
GO:0043043	peptide biosynthetic process	326	81	64.39	0.01026
GO:0034249	negative regulation of cellular amide me...	38	14	7.51	0.01036
GO:0055085	transmembrane transport	308	77	60.83	0.01048
GO:0046825	regulation of protein export from nucleu...	14	7	2.77	0.01067
GO:0006620	posttranslational protein targeting to e...	11	6	2.17	0.01082
GO:0006518	peptide metabolic process	368	90	72.68	0.01082
GO:0044770	cell cycle phase transition	214	56	42.27	0.01098
GO:0043603	cellular amide metabolic process	466	111	92.04	0.01109
GO:0006903	vesicle targeting	31	12	6.12	0.01116
GO:0007029	endoplasmic reticulum organization	24	10	4.74	0.01127
GO:0034622	cellular protein-containing complex asse...	415	100	81.97	0.01137
GO:0006913	nucleocytoplasmic transport	123	35	24.29	0.01141
GO:0051169	nuclear transport	123	35	24.29	0.01141
GO:0009408	response to heat	102	30	20.15	0.01143
GO:0033365	protein localization to organelle	346	85	68.34	0.01171
GO:0051785	positive regulation of nuclear division	50	17	9.88	0.01218
GO:0045842	positive regulation of mitotic metaphase...	35	13	6.91	0.01236
GO:1901970	positive regulation of mitotic sister ch...	35	13	6.91	0.01236
GO:0010033	response to organic substance	708	161	139.84	0.01436
GO:0042254	ribosome biogenesis	262	66	51.75	0.01466
GO:0033045	regulation of sister chromatid segregati...	83	25	16.39	0.01475
GO:0000054	ribosomal subunit export from nucleus	18	8	3.56	0.01486
GO:0033750	ribosome localization	18	8	3.56	0.01486
GO:0008340	determination of adult lifespan	79	24	15.6	0.01499
GO:0033047	regulation of mitotic sister chromatid s...	75	23	14.81	0.01519
GO:0051306	mitotic sister chromatid separation	67	21	13.23	0.01544
GO:0010565	regulation of cellular ketone metabolic ...	36	13	7.11	0.01595
GO:0006111	regulation of gluconeogenesis	6	4	1.19	0.01611
GO:0006516	glycoprotein catabolic process	6	4	1.19	0.01611
GO:0031291	Ran protein signal transduction	6	4	1.19	0.01611
GO:0033077	T cell differentiation in thymus	6	4	1.19	0.01611
GO:0046329	negative regulation of JNK cascade	6	4	1.19	0.01611
GO:0046963	3'-phosphoadenosine 5'-phosphosulfate tr...	6	4	1.19	0.01611
GO:1902559	3'-phospho-5'-adenylyl sulfate transmemb...	6	4	1.19	0.01611
GO:0033044	regulation of chromosome organization	178	47	35.16	0.01616
GO:0007291	sperm individualization	15	7	2.96	0.01665
GO:0016246	RNA interference	15	7	2.96	0.01665
GO:0051983	regulation of chromosome segregation	88	26	17.38	0.01683
GO:1901987	regulation of cell cycle phase transitio...	174	46	34.37	0.01686
GO:0030866	cortical actin cytoskeleton organization	40	14	7.9	0.01688
GO:0048367	shoot system development	84	25	16.59	0.01720
GO:0006417	regulation of translation	135	37	26.66	0.01747
GO:0065002	intracellular protein transmembrane tran...	44	15	8.69	0.01756
GO:1902600	proton transmembrane transport	44	15	8.69	0.01756
GO:0040018	positive regulation of multicellular org...	12	6	2.37	0.01808
GO:0071446	cellular response to salicylic acid stim...	12	6	2.37	0.01808
GO:0040020	regulation of meiotic nuclear division	22	9	4.35	0.01826
GO:0051017	actin filament bundle assembly	22	9	4.35	0.01826
GO:0061572	actin filament bundle organization	22	9	4.35	0.01826
GO:0000338	protein deneddylation	9	5	1.78	0.01842
GO:0001112	DNA-templated transcriptional open compl...	9	5	1.78	0.01842
GO:0001120	protein-DNA complex remodeling	9	5	1.78	0.01842
GO:0009863	salicylic acid mediated signaling pathwa...	9	5	1.78	0.01842
GO:0015074	DNA integration	9	5	1.78	0.01842
GO:0045940	positive regulation of steroid metabolic...	9	5	1.78	0.01842
GO:0048827	phyllome development	56	18	11.06	0.01850
GO:0007091	metaphase/anaphase transition of mitotic...	60	19	11.85	0.01854
GO:0030071	regulation of mitotic metaphase/anaphase...	60	19	11.85	0.01854
GO:0006446	regulation of translational initiation	33	12	6.52	0.01912
GO:0006403	RNA localization	123	34	24.29	0.01955
GO:1901988	negative regulation of cell cycle phase ...	85	25	16.79	0.01997
GO:1902101	positive regulation of metaphase/anaphas...	37	13	7.31	0.02028
GO:1905820	positive regulation of chromosome separa...	37	13	7.31	0.02028
GO:0000956	nuclear-transcribed mRNA catabolic proce...	119	33	23.5	0.02028
GO:0010259	multicellular organism aging	81	24	16	0.02044
GO:0051494	negative regulation of cytoskeleton orga...	26	10	5.14	0.02092
GO:1901992	positive regulation of mitotic cell cycl...	69	21	13.63	0.02163
GO:0045927	positive regulation of growth	45	15	8.89	0.02169
GO:0071806	protein transmembrane transport	45	15	8.89	0.02169
GO:0010965	regulation of mitotic sister chromatid s...	61	19	12.05	0.02212
GO:0016072	rRNA metabolic process	222	56	43.85	0.02307
GO:0046903	secretion	209	53	41.28	0.02419
GO:0030217	T cell differentiation	16	7	3.16	0.02468
GO:0060260	regulation of transcription initiation f...	16	7	3.16	0.02468
GO:0048639	positive regulation of developmental gro...	23	9	4.54	0.02489
GO:0032940	secretion by cell	196	50	38.71	0.02531
GO:0006892	post-Golgi vesicle-mediated transport	42	14	8.3	0.02612
GO:0006449	regulation of translational termination	4	3	0.79	0.02617
GO:0006829	zinc ion transport	4	3	0.79	0.02617
GO:0007008	outer mitochondrial membrane organizatio...	4	3	0.79	0.02617
GO:0007391	dorsal closure	4	3	0.79	0.02617
GO:0010907	positive regulation of glucose metabolic...	4	3	0.79	0.02617
GO:0015985	energy coupled proton transport, down el...	4	3	0.79	0.02617
GO:0015986	ATP synthesis coupled proton transport	4	3	0.79	0.02617
GO:0030212	hyaluronan metabolic process	4	3	0.79	0.02617
GO:0030727	germarium-derived female germ-line cyst ...	4	3	0.79	0.02617
GO:0031086	nuclear-transcribed mRNA catabolic proce...	4	3	0.79	0.02617
GO:0031087	deadenylation-independent decapping of n...	4	3	0.79	0.02617
GO:0033316	meiotic spindle assembly checkpoint	4	3	0.79	0.02617
GO:0044346	fibroblast apoptotic process	4	3	0.79	0.02617
GO:0044396	actin cortical patch organization	4	3	0.79	0.02617
GO:0044779	meiotic spindle checkpoint	4	3	0.79	0.02617
GO:0045040	protein import into mitochondrial outer ...	4	3	0.79	0.02617
GO:0045722	positive regulation of gluconeogenesis	4	3	0.79	0.02617
GO:0048134	germ-line cyst formation	4	3	0.79	0.02617
GO:0048135	female germ-line cyst formation	4	3	0.79	0.02617
GO:0051693	actin filament capping	4	3	0.79	0.02617
GO:0090074	negative regulation of protein homodimer...	4	3	0.79	0.02617
GO:1900055	regulation of leaf senescence	4	3	0.79	0.02617
GO:1904037	positive regulation of epithelial cell a...	4	3	0.79	0.02617
GO:1990641	response to iron ion starvation	4	3	0.79	0.02617
GO:0044784	metaphase/anaphase transition of cell cy...	62	19	12.25	0.02620
GO:1902099	regulation of metaphase/anaphase transit...	62	19	12.25	0.02620
GO:0035194	posttranscriptional gene silencing by RN...	46	15	9.09	0.02651
GO:0019216	regulation of lipid metabolic process	83	24	16.39	0.02733
GO:0030837	negative regulation of actin filament po...	13	6	2.57	0.02808
GO:0060261	positive regulation of transcription ini...	13	6	2.57	0.02808
GO:2000144	positive regulation of DNA-templated tra...	13	6	2.57	0.02808
GO:0006497	protein lipidation	31	11	6.12	0.02940
GO:0006826	iron ion transport	31	11	6.12	0.02940
GO:0008299	isoprenoid biosynthetic process	31	11	6.12	0.02940
GO:0042158	lipoprotein biosynthetic process	31	11	6.12	0.02940
GO:0050896	response to stimulus	1764	370	348.41	0.03005
GO:0044743	protein transmembrane import into intrac...	35	12	6.91	0.03069
GO:0006613	cotranslational protein targeting to mem...	63	19	12.44	0.03083
GO:1905818	regulation of chromosome separation	63	19	12.44	0.03083
GO:0000912	assembly of actomyosin apparatus involve...	10	5	1.98	0.03096
GO:0000915	actomyosin contractile ring assembly	10	5	1.98	0.03096
GO:0009240	isopentenyl diphosphate biosynthetic pro...	10	5	1.98	0.03096
GO:0010466	negative regulation of peptidase activit...	10	5	1.98	0.03096
GO:0010951	negative regulation of endopeptidase act...	10	5	1.98	0.03096
GO:0030437	ascospore formation	10	5	1.98	0.03096
GO:0034367	protein-containing complex remodeling	10	5	1.98	0.03096
GO:0034755	iron ion transmembrane transport	10	5	1.98	0.03096
GO:0046490	isopentenyl diphosphate metabolic proces...	10	5	1.98	0.03096
GO:0071395	cellular response to jasmonic acid stimu...	10	5	1.98	0.03096
GO:0051656	establishment of organelle localization	158	41	31.21	0.03127
GO:0051784	negative regulation of nuclear division	39	13	7.7	0.03150
GO:0051130	positive regulation of cellular componen...	244	60	48.19	0.03153
GO:0006812	cation transport	176	45	34.76	0.03165
GO:0031047	gene silencing by RNA	55	17	10.86	0.03175
GO:0001836	release of cytochrome c from mitochondri...	7	4	1.38	0.03178
GO:0010603	regulation of cytoplasmic mRNA processin...	7	4	1.38	0.03178
GO:0010677	negative regulation of cellular carbohyd...	7	4	1.38	0.03178
GO:0044785	metaphase/anaphase transition of meiotic...	7	4	1.38	0.03178
GO:0045580	regulation of T cell differentiation	7	4	1.38	0.03178
GO:0045619	regulation of lymphocyte differentiation	7	4	1.38	0.03178
GO:0050667	homocysteine metabolic process	7	4	1.38	0.03178
GO:0090175	regulation of establishment of planar po...	7	4	1.38	0.03178
GO:1901993	regulation of meiotic cell cycle phase t...	7	4	1.38	0.03178
GO:1902102	regulation of metaphase/anaphase transit...	7	4	1.38	0.03178
GO:1905132	regulation of meiotic chromosome separat...	7	4	1.38	0.03178
GO:0030865	cortical cytoskeleton organization	43	14	8.49	0.03194
GO:0043254	regulation of protein complex assembly	97	27	19.16	0.03228
GO:0044804	autophagy of nucleus	17	7	3.36	0.03499
GO:0045948	positive regulation of translational ini...	17	7	3.36	0.03499
GO:2000142	regulation of DNA-templated transcriptio...	17	7	3.36	0.03499
GO:0031503	protein-containing complex localization	102	28	20.15	0.03515
GO:0098660	inorganic ion transmembrane transport	137	36	27.06	0.03519
GO:0043902	positive regulation of multi-organism pr...	64	19	12.64	0.03605
GO:0046890	regulation of lipid biosynthetic process	60	18	11.85	0.03684
GO:0033866	nucleoside bisphosphate biosynthetic pro...	32	11	6.32	0.03709
GO:0034030	ribonucleoside bisphosphate biosynthetic...	32	11	6.32	0.03709
GO:0034033	purine nucleoside bisphosphate biosynthe...	32	11	6.32	0.03709
GO:0010608	posttranscriptional regulation of gene e...	205	51	40.49	0.03731
GO:0006633	fatty acid biosynthetic process	56	17	11.06	0.03753
GO:0006396	RNA processing	448	103	88.49	0.03804
GO:0000184	nuclear-transcribed mRNA catabolic proce...	77	22	15.21	0.03832
GO:0032506	cytokinetic process	40	13	7.9	0.03854
GO:0098781	ncRNA transcription	44	14	8.69	0.03865
GO:0098655	cation transmembrane transport	138	36	27.26	0.03895
GO:0006593	ornithine catabolic process	2	2	0.4	0.03896
GO:0006679	glucosylceramide biosynthetic process	2	2	0.4	0.03896
GO:0010037	response to carbon dioxide	2	2	0.4	0.03896
GO:0010207	photosystem II assembly	2	2	0.4	0.03896
GO:0010229	inflorescence development	2	2	0.4	0.03896
GO:0010360	negative regulation of anion channel act...	2	2	0.4	0.03896
GO:0010361	regulation of anion channel activity by ...	2	2	0.4	0.03896
GO:0010362	negative regulation of anion channel act...	2	2	0.4	0.03896
GO:0010960	magnesium ion homeostasis	2	2	0.4	0.03896
GO:0015838	amino-acid betaine transport	2	2	0.4	0.03896
GO:0019348	dolichol metabolic process	2	2	0.4	0.03896
GO:0023058	adaptation of signaling pathway	2	2	0.4	0.03896
GO:0031919	vitamin B6 transport	2	2	0.4	0.03896
GO:0031921	pyridoxal phosphate transport	2	2	0.4	0.03896
GO:0033081	regulation of T cell differentiation in ...	2	2	0.4	0.03896
GO:0035280	miRNA loading onto RISC involved in gene...	2	2	0.4	0.03896
GO:0035646	endosome to melanosome transport	2	2	0.4	0.03896
GO:0042069	regulation of catecholamine metabolic pr...	2	2	0.4	0.03896
GO:0042776	mitochondrial ATP synthesis coupled prot...	2	2	0.4	0.03896
GO:0045717	negative regulation of fatty acid biosyn...	2	2	0.4	0.03896
GO:0046476	glycosylceramide biosynthetic process	2	2	0.4	0.03896
GO:0048521	negative regulation of behavior	2	2	0.4	0.03896
GO:0048668	collateral sprouting	2	2	0.4	0.03896
GO:0048670	regulation of collateral sprouting	2	2	0.4	0.03896
GO:0048671	negative regulation of collateral sprout...	2	2	0.4	0.03896
GO:0050746	regulation of lipoprotein metabolic proc...	2	2	0.4	0.03896
GO:0050747	positive regulation of lipoprotein metab...	2	2	0.4	0.03896
GO:0050926	regulation of positive chemotaxis	2	2	0.4	0.03896
GO:0061484	hematopoietic stem cell homeostasis	2	2	0.4	0.03896
GO:0071244	cellular response to carbon dioxide	2	2	0.4	0.03896
GO:0071493	cellular response to UV-B	2	2	0.4	0.03896
GO:0072416	signal transduction involved in spindle ...	2	2	0.4	0.03896
GO:0072477	signal transduction involved in mitotic ...	2	2	0.4	0.03896
GO:0072480	signal transduction involved in mitotic ...	2	2	0.4	0.03896
GO:0072486	signal transduction involved in spindle ...	2	2	0.4	0.03896
GO:0072676	lymphocyte migration	2	2	0.4	0.03896
GO:0072678	T cell migration	2	2	0.4	0.03896
GO:0090042	tubulin deacetylation	2	2	0.4	0.03896
GO:0090043	regulation of tubulin deacetylation	2	2	0.4	0.03896
GO:0090200	positive regulation of release of cytoch...	2	2	0.4	0.03896
GO:0090233	negative regulation of spindle checkpoin...	2	2	0.4	0.03896
GO:0090436	leaf pavement cell development	2	2	0.4	0.03896
GO:0097050	type B pancreatic cell apoptotic process	2	2	0.4	0.03896
GO:0097051	establishment of protein localization to...	2	2	0.4	0.03896
GO:0099022	vesicle tethering	2	2	0.4	0.03896
GO:1900056	negative regulation of leaf senescence	2	2	0.4	0.03896
GO:1900436	positive regulation of filamentous growt...	2	2	0.4	0.03896
GO:1900490	positive regulation of hydroxymethylglut...	2	2	0.4	0.03896
GO:1902426	deactivation of mitotic spindle assembly...	2	2	0.4	0.03896
GO:1903059	regulation of protein lipidation	2	2	0.4	0.03896
GO:1903061	positive regulation of protein lipidatio...	2	2	0.4	0.03896
GO:1903066	regulation of protein localization to ce...	2	2	0.4	0.03896
GO:1903371	regulation of endoplasmic reticulum tubu...	2	2	0.4	0.03896
GO:1903373	positive regulation of endoplasmic retic...	2	2	0.4	0.03896
GO:1903499	regulation of mitotic actomyosin contrac...	2	2	0.4	0.03896
GO:1903745	negative regulation of pharyngeal pumpin...	2	2	0.4	0.03896
GO:1903999	negative regulation of eating behavior	2	2	0.4	0.03896
GO:1905622	negative regulation of leaf development	2	2	0.4	0.03896
GO:1990540	mitochondrial manganese ion transmembran...	2	2	0.4	0.03896
GO:2000252	negative regulation of feeding behavior	2	2	0.4	0.03896
GO:2000431	regulation of cytokinesis, actomyosin co...	2	2	0.4	0.03896
GO:2000674	regulation of type B pancreatic cell apo...	2	2	0.4	0.03896
GO:2000676	positive regulation of type B pancreatic...	2	2	0.4	0.03896
GO:2001215	regulation of hydroxymethylglutaryl-CoA ...	2	2	0.4	0.03896
GO:0044772	mitotic cell cycle phase transition	201	50	39.7	0.03905
GO:0034248	regulation of cellular amide metabolic p...	147	38	29.03	0.03935
GO:0009894	regulation of catabolic process	270	65	53.33	0.03936
GO:1901989	positive regulation of cell cycle phase ...	73	21	14.42	0.03953
GO:0010675	regulation of cellular carbohydrate meta...	21	8	4.15	0.03975
GO:0010558	negative regulation of macromolecule bio...	261	63	51.55	0.04009
GO:0032787	monocarboxylic acid metabolic process	197	49	38.91	0.04086
GO:0032272	negative regulation of protein polymeriz...	14	6	2.77	0.04114
GO:0060236	regulation of mitotic spindle organizati...	14	6	2.77	0.04114
GO:0090224	regulation of spindle organization	14	6	2.77	0.04114
GO:2000027	regulation of animal organ morphogenesis	14	6	2.77	0.04114
GO:0071310	cellular response to organic substance	440	101	86.91	0.04143
GO:0070646	protein modification by small protein re...	82	23	16.2	0.04232
GO:0072330	monocarboxylic acid biosynthetic process	108	29	21.33	0.04256
GO:0009892	negative regulation of metabolic process	565	127	111.59	0.04264
GO:0007346	regulation of mitotic cell cycle	225	55	44.44	0.04276
GO:0044843	cell cycle G1/S phase transition	95	26	18.76	0.04281
GO:2001252	positive regulation of chromosome organi...	95	26	18.76	0.04281
GO:0048199	vesicle targeting, to, from or within Go...	25	9	4.94	0.04292
GO:0006614	SRP-dependent cotranslational protein ta...	61	18	12.05	0.04300
GO:0010629	negative regulation of gene expression	398	92	78.61	0.04316
GO:0031327	negative regulation of cellular biosynth...	276	66	54.51	0.04331
GO:0006887	exocytosis	117	31	23.11	0.04363
GO:0043488	regulation of mRNA stability	29	10	5.73	0.04493
GO:1901566	organonitrogen compound biosynthetic pro...	770	169	152.08	0.04511
GO:0035966	response to topologically incorrect prot...	74	21	14.62	0.04535
GO:0045087	innate immune response	153	39	30.22	0.04544
GO:0006367	transcription initiation from RNA polyme...	49	15	9.68	0.04574
GO:0031329	regulation of cellular catabolic process	254	61	50.17	0.04712
GO:0006636	unsaturated fatty acid biosynthetic proc...	11	5	2.17	0.04774
GO:0032640	tumor necrosis factor production	11	5	2.17	0.04774
GO:0032680	regulation of tumor necrosis factor prod...	11	5	2.17	0.04774
GO:0042044	fluid transport	11	5	2.17	0.04774
GO:0071706	tumor necrosis factor superfamily cytoki...	11	5	2.17	0.04774
GO:1903555	regulation of tumor necrosis factor supe...	11	5	2.17	0.04774
GO:1905330	regulation of morphogenesis of an epithe...	11	5	2.17	0.04774
GO:0015868	purine ribonucleotide transport	18	7	3.56	0.04780
GO:0051503	adenine nucleotide transport	18	7	3.56	0.04780
GO:0062014	negative regulation of small molecule me...	18	7	3.56	0.04780
GO:0106118	regulation of sterol biosynthetic proces...	18	7	3.56	0.04780
GO:0009100	glycoprotein metabolic process	96	26	18.96	0.04816
GO:0006955	immune response	259	62	51.16	0.04834
GO:0010639	negative regulation of organelle organiz...	118	31	23.31	0.04847
GO:0010638	positive regulation of organelle organiz...	154	39	30.42	0.04977
GO:0051648	vesicle localization	79	22	15.6	0.04990
GO:0051650	establishment of vesicle localization	79	22	15.6	0.04990
GO:0034220	ion transmembrane transport	218	53	43.06	0.05053
GO:0043624	cellular protein complex disassembly	58	17	11.46	0.05131
GO:0051783	regulation of nuclear division	123	32	24.29	0.05136
GO:0006364	rRNA processing	200	49	39.5	0.05201
GO:0014706	striated muscle tissue development	22	8	4.35	0.05203
GO:0044837	actomyosin contractile ring organization	22	8	4.35	0.05203
GO:0048207	vesicle targeting, rough ER to cis-Golgi	22	8	4.35	0.05203
GO:0048208	COPII vesicle coating	22	8	4.35	0.05203
GO:0016441	posttranscriptional gene silencing	54	16	10.67	0.05266
GO:0044085	cellular component biogenesis	1010	217	199.49	0.05281
GO:0009890	negative regulation of biosynthetic proc...	279	66	55.11	0.05306
GO:0034660	ncRNA metabolic process	359	83	70.91	0.05326
GO:0001731	formation of translation preinitiation c...	8	4	1.58	0.05380
GO:0006265	DNA topological change	8	4	1.58	0.05380
GO:0010893	positive regulation of steroid biosynthe...	8	4	1.58	0.05380
GO:0016109	tetraterpenoid biosynthetic process	8	4	1.58	0.05380
GO:0016117	carotenoid biosynthetic process	8	4	1.58	0.05380
GO:0019048	modulation by virus of host morphology o...	8	4	1.58	0.05380
GO:0030260	entry into host cell	8	4	1.58	0.05380
GO:0030835	negative regulation of actin filament de...	8	4	1.58	0.05380
GO:0034756	regulation of iron ion transport	8	4	1.58	0.05380
GO:0043154	negative regulation of cysteine-type end...	8	4	1.58	0.05380
GO:0044110	growth involved in symbiotic interaction	8	4	1.58	0.05380
GO:0044116	growth of symbiont involved in interacti...	8	4	1.58	0.05380
GO:0044117	growth of symbiont in host	8	4	1.58	0.05380
GO:0044409	entry into host	8	4	1.58	0.05380
GO:0044771	meiotic cell cycle phase transition	8	4	1.58	0.05380
GO:0046500	S-adenosylmethionine metabolic process	8	4	1.58	0.05380
GO:0050918	positive chemotaxis	8	4	1.58	0.05380
GO:0051806	entry into cell of other organism involv...	8	4	1.58	0.05380
GO:0051828	entry into other organism involved in sy...	8	4	1.58	0.05380
GO:0055081	anion homeostasis	8	4	1.58	0.05380
GO:2000117	negative regulation of cysteine-type end...	8	4	1.58	0.05380
GO:1901990	regulation of mitotic cell cycle phase t...	164	41	32.39	0.05413
GO:0019217	regulation of fatty acid metabolic proce...	26	9	5.14	0.05457
GO:0031333	negative regulation of protein complex a...	26	9	5.14	0.05457
GO:0048194	Golgi vesicle budding	26	9	5.14	0.05457
GO:1902652	secondary alcohol metabolic process	26	9	5.14	0.05457
GO:0035264	multicellular organism growth	42	13	8.3	0.05582
GO:0006110	regulation of glycolytic process	5	3	0.99	0.05588
GO:0006501	C-terminal protein lipidation	5	3	0.99	0.05588
GO:0006727	ommochrome biosynthetic process	5	3	0.99	0.05588
GO:0007266	Rho protein signal transduction	5	3	0.99	0.05588
GO:0008055	ocellus pigment biosynthetic process	5	3	0.99	0.05588
GO:0010676	positive regulation of cellular carbohyd...	5	3	0.99	0.05588
GO:0030239	myofibril assembly	5	3	0.99	0.05588
GO:0030811	regulation of nucleotide catabolic proce...	5	3	0.99	0.05588
GO:0032239	regulation of nucleobase-containing comp...	5	3	0.99	0.05588
GO:0032438	melanosome organization	5	3	0.99	0.05588
GO:0033060	ocellus pigmentation	5	3	0.99	0.05588
GO:0034381	plasma lipoprotein particle clearance	5	3	0.99	0.05588
GO:0034383	low-density lipoprotein particle clearan...	5	3	0.99	0.05588
GO:0035977	protein deglycosylation involved in glyc...	5	3	0.99	0.05588
GO:0042045	epithelial fluid transport	5	3	0.99	0.05588
GO:0043970	histone H3-K9 acetylation	5	3	0.99	0.05588
GO:0045582	positive regulation of T cell differenti...	5	3	0.99	0.05588
GO:0045621	positive regulation of lymphocyte differ...	5	3	0.99	0.05588
GO:0046152	ommochrome metabolic process	5	3	0.99	0.05588
GO:0046158	ocellus pigment metabolic process	5	3	0.99	0.05588
GO:0046352	disaccharide catabolic process	5	3	0.99	0.05588
GO:0046596	regulation of viral entry into host cell	5	3	0.99	0.05588
GO:0046598	positive regulation of viral entry into ...	5	3	0.99	0.05588
GO:0046831	regulation of RNA export from nucleus	5	3	0.99	0.05588
GO:0048825	cotyledon development	5	3	0.99	0.05588
GO:0070306	lens fiber cell differentiation	5	3	0.99	0.05588
GO:0070633	transepithelial transport	5	3	0.99	0.05588
GO:0072520	seminiferous tubule development	5	3	0.99	0.05588
GO:0090199	regulation of release of cytochrome c fr...	5	3	0.99	0.05588
GO:0097466	ubiquitin-dependent glycoprotein ERAD pa...	5	3	0.99	0.05588
GO:0106120	positive regulation of sterol biosynthet...	5	3	0.99	0.05588
GO:1901977	negative regulation of cell cycle checkp...	5	3	0.99	0.05588
GO:1902107	positive regulation of leukocyte differe...	5	3	0.99	0.05588
GO:1902626	assembly of large subunit precursor of p...	5	3	0.99	0.05588
GO:1903510	mucopolysaccharide metabolic process	5	3	0.99	0.05588
GO:0002757	immune response-activating signal transd...	30	10	5.93	0.05592
GO:0002764	immune response-regulating signaling pat...	30	10	5.93	0.05592
GO:0019882	antigen processing and presentation	30	10	5.93	0.05592
GO:0061077	chaperone-mediated protein folding	30	10	5.93	0.05592
GO:0071322	cellular response to carbohydrate stimul...	30	10	5.93	0.05592
GO:0006900	vesicle budding from membrane	34	11	6.72	0.05644
GO:0006839	mitochondrial transport	80	22	15.8	0.05655
GO:0009304	tRNA transcription	15	6	2.96	0.05746
GO:0034293	sexual sporulation	15	6	2.96	0.05746
GO:0042710	biofilm formation	15	6	2.96	0.05746
GO:0043433	negative regulation of DNA-binding trans...	15	6	2.96	0.05746
GO:0044010	single-species biofilm formation	15	6	2.96	0.05746
GO:0030001	metal ion transport	111	29	21.92	0.05869
GO:0005975	carbohydrate metabolic process	147	37	29.03	0.05961
GO:0010605	negative regulation of macromolecule met...	519	116	102.51	0.06019
GO:0000910	cytokinesis	98	26	19.36	0.06028
GO:0006732	coenzyme metabolic process	179	44	35.35	0.06042
GO:0044419	interspecies interaction between organis...	161	40	31.8	0.06167
GO:0070647	protein modification by small protein co...	244	58	48.19	0.06194
GO:0010256	endomembrane system organization	116	30	22.91	0.06206
GO:0044703	multi-organism reproductive process	338	78	66.76	0.06220
GO:0045727	positive regulation of translation	51	15	10.07	0.06302
GO:0015865	purine nucleotide transport	19	7	3.75	0.06324
GO:1902930	regulation of alcohol biosynthetic proce...	19	7	3.75	0.06324
GO:0015672	monovalent inorganic cation transport	68	19	13.43	0.06348
GO:0016579	protein deubiquitination	68	19	13.43	0.06348
GO:2000113	negative regulation of cellular macromol...	254	60	50.17	0.06480
GO:0098657	import into cell	148	37	29.23	0.06505
GO:0006811	ion transport	287	67	56.69	0.06560
GO:0051304	chromosome separation	90	24	17.78	0.06574
GO:1903311	regulation of mRNA metabolic process	64	18	12.64	0.06588
GO:0051704	multi-organism process	730	159	144.18	0.06593
GO:0043248	proteasome assembly	23	8	4.54	0.06650
GO:0070897	transcription preinitiation complex asse...	23	8	4.54	0.06650
GO:1902653	secondary alcohol biosynthetic process	23	8	4.54	0.06650
GO:0002253	activation of immune response	39	12	7.7	0.06739
GO:0019827	stem cell population maintenance	39	12	7.7	0.06739
GO:0000463	maturation of LSU-rRNA from tricistronic...	27	9	5.33	0.06809
GO:0006383	transcription by RNA polymerase III	27	9	5.33	0.06809
GO:0019218	regulation of steroid metabolic process	27	9	5.33	0.06809
GO:1901796	regulation of signal transduction by p53...	27	9	5.33	0.06809
GO:1902410	mitotic cytokinetic process	27	9	5.33	0.06809
GO:0042157	lipoprotein metabolic process	35	11	6.91	0.06824
GO:0032465	regulation of cytokinesis	31	10	6.12	0.06855
GO:0072395	signal transduction involved in cell cyc...	31	10	6.12	0.06855
GO:0048193	Golgi vesicle transport	126	32	24.89	0.06856
GO:0001700	embryonic development via the syncytial ...	12	5	2.37	0.06893
GO:0002224	toll-like receptor signaling pathway	12	5	2.37	0.06893
GO:0007519	skeletal muscle tissue development	12	5	2.37	0.06893
GO:0007549	dosage compensation	12	5	2.37	0.06893
GO:0016128	phytosteroid metabolic process	12	5	2.37	0.06893
GO:0016129	phytosteroid biosynthetic process	12	5	2.37	0.06893
GO:0030038	contractile actin filament bundle assemb...	12	5	2.37	0.06893
GO:0019953	sexual reproduction	321	74	63.4	0.06957
GO:0071236	cellular response to antibiotic	56	16	11.06	0.07073
GO:0006897	endocytosis	140	35	27.65	0.07136
GO:0090068	positive regulation of cell cycle proces...	122	31	24.1	0.07180
GO:0060968	regulation of gene silencing	52	15	10.27	0.07313
GO:0000278	mitotic cell cycle	384	87	75.84	0.07426
GO:1901991	negative regulation of mitotic cell cycl...	78	21	15.41	0.07484
GO:0030036	actin cytoskeleton organization	109	28	21.53	0.07500
GO:0009108	coenzyme biosynthetic process	118	30	23.31	0.07521
GO:0009152	purine ribonucleotide biosynthetic proce...	118	30	23.31	0.07521
GO:0051301	cell division	205	49	40.49	0.07541
GO:0007286	spermatid development	48	14	9.48	0.07548
GO:0033865	nucleoside bisphosphate metabolic proces...	48	14	9.48	0.07548
GO:0033875	ribonucleoside bisphosphate metabolic pr...	48	14	9.48	0.07548
GO:0034032	purine nucleoside bisphosphate metabolic...	48	14	9.48	0.07548
GO:0090407	organophosphate biosynthetic process	252	59	49.77	0.07708
GO:0033227	dsRNA transport	16	6	3.16	0.07714
GO:0040024	dauer larval development	16	6	3.16	0.07714
GO:0045540	regulation of cholesterol biosynthetic p...	16	6	3.16	0.07714
GO:0034655	nucleobase-containing compound catabolic...	238	56	47.01	0.07736
GO:0009743	response to carbohydrate	61	17	12.05	0.07808
GO:0016070	RNA metabolic process	971	207	191.78	0.07836
GO:0007015	actin filament organization	40	12	7.9	0.07976
GO:0098727	maintenance of cell number	40	12	7.9	0.07976
GO:0042594	response to starvation	169	41	33.38	0.08108
GO:0052548	regulation of endopeptidase activity	57	16	11.26	0.08115
GO:0000028	ribosomal small subunit assembly	20	7	3.95	0.08138
GO:0033572	transferrin transport	20	7	3.95	0.08138
GO:0036260	RNA capping	20	7	3.95	0.08138
GO:0000470	maturation of LSU-rRNA	36	11	7.11	0.08152
GO:0061013	regulation of mRNA catabolic process	36	11	7.11	0.08152
GO:1902750	negative regulation of cell cycle G2/M p...	36	11	7.11	0.08152
GO:0000281	mitotic cytokinesis	70	19	13.83	0.08153
GO:0010564	regulation of cell cycle process	253	59	49.97	0.08209
GO:0000749	response to pheromone triggering conjuga...	9	4	1.78	0.08210
GO:0005984	disaccharide metabolic process	9	4	1.78	0.08210
GO:0006029	proteoglycan metabolic process	9	4	1.78	0.08210
GO:0007114	cell budding	9	4	1.78	0.08210
GO:0009867	jasmonic acid mediated signaling pathway	9	4	1.78	0.08210
GO:0015012	heparan sulfate proteoglycan biosyntheti...	9	4	1.78	0.08210
GO:0030166	proteoglycan biosynthetic process	9	4	1.78	0.08210
GO:0030201	heparan sulfate proteoglycan metabolic p...	9	4	1.78	0.08210
GO:0030834	regulation of actin filament depolymeriz...	9	4	1.78	0.08210
GO:0031623	receptor internalization	9	4	1.78	0.08210
GO:0032873	negative regulation of stress-activated ...	9	4	1.78	0.08210
GO:0051196	regulation of coenzyme metabolic process	9	4	1.78	0.08210
GO:0051278	fungal-type cell wall polysaccharide bio...	9	4	1.78	0.08210
GO:0070303	negative regulation of stress-activated ...	9	4	1.78	0.08210
GO:0070475	rRNA base methylation	9	4	1.78	0.08210
GO:0070592	cell wall polysaccharide biosynthetic pr...	9	4	1.78	0.08210
GO:0070670	response to interleukin-4	9	4	1.78	0.08210
GO:0071353	cellular response to interleukin-4	9	4	1.78	0.08210
GO:1901880	negative regulation of protein depolymer...	9	4	1.78	0.08210
GO:0016458	gene silencing	160	39	31.6	0.08233
GO:0000096	sulfur amino acid metabolic process	32	10	6.32	0.08285
GO:0043487	regulation of RNA stability	32	10	6.32	0.08285
GO:0051090	regulation of DNA-binding transcription ...	32	10	6.32	0.08285
GO:0006901	vesicle coating	24	8	4.74	0.08321
GO:0030041	actin filament polymerization	24	8	4.74	0.08321
GO:0050810	regulation of steroid biosynthetic proce...	24	8	4.74	0.08321
GO:0090114	COPII-coated vesicle budding	24	8	4.74	0.08321
GO:0044092	negative regulation of molecular functio...	151	37	29.82	0.08348
GO:0006081	cellular aldehyde metabolic process	28	9	5.53	0.08353
GO:0006415	translational termination	28	9	5.53	0.08353
GO:0016073	snRNA metabolic process	28	9	5.53	0.08353
GO:0046822	regulation of nucleocytoplasmic transpor...	28	9	5.53	0.08353
GO:1903047	mitotic cell cycle process	353	80	69.72	0.08438
GO:0022607	cellular component assembly	810	174	159.98	0.08460
GO:0031647	regulation of protein stability	66	18	13.04	0.08507
GO:0042221	response to chemical	1068	226	210.94	0.08588
GO:0048646	anatomical structure formation involved ...	193	46	38.12	0.08639
GO:1901701	cellular response to oxygen-containing c...	254	59	50.17	0.08732
GO:0048515	spermatid differentiation	49	14	9.68	0.08737
GO:0051129	negative regulation of cellular componen...	184	44	36.34	0.08816
GO:0061640	cytoskeleton-dependent cytokinesis	84	22	16.59	0.08938
GO:0010948	negative regulation of cell cycle proces...	129	32	25.48	0.08948
GO:0006406	mRNA export from nucleus	45	13	8.89	0.09046
GO:0007569	cell aging	45	13	8.89	0.09046
GO:0071427	mRNA-containing ribonucleoprotein comple...	45	13	8.89	0.09046
GO:1901700	response to oxygen-containing compound	470	104	92.83	0.09154
GO:0032535	regulation of cellular component size	71	19	14.02	0.09172
GO:0031334	positive regulation of protein complex a...	58	16	11.46	0.09251
GO:0009889	regulation of biosynthetic process	675	146	133.32	0.09337
GO:0007265	Ras protein signal transduction	41	12	8.1	0.09347
GO:0032956	regulation of actin cytoskeleton organiz...	41	12	8.1	0.09347
GO:0001736	establishment of planar polarity	13	5	2.57	0.09446
GO:0006517	protein deglycosylation	13	5	2.57	0.09446
GO:0006971	hypotonic response	13	5	2.57	0.09446
GO:0007164	establishment of tissue polarity	13	5	2.57	0.09446
GO:0008637	apoptotic mitochondrial changes	13	5	2.57	0.09446
GO:0009301	snRNA transcription	13	5	2.57	0.09446
GO:0009311	oligosaccharide metabolic process	13	5	2.57	0.09446
GO:0030104	water homeostasis	13	5	2.57	0.09446
GO:0042026	protein refolding	13	5	2.57	0.09446
GO:0042795	snRNA transcription by RNA polymerase II	13	5	2.57	0.09446
GO:0043935	sexual sporulation resulting in formatio...	13	5	2.57	0.09446
GO:0044107	cellular alcohol metabolic process	13	5	2.57	0.09446
GO:0030029	actin filament-based process	116	29	22.91	0.09455
GO:0033043	regulation of organelle organization	360	81	71.1	0.09467
GO:0016192	vesicle-mediated transport	341	77	67.35	0.09534
GO:0002088	lens development in camera-type eye	6	3	1.19	0.09566
GO:0006828	manganese ion transport	6	3	1.19	0.09566
GO:0009313	oligosaccharide catabolic process	6	3	1.19	0.09566
GO:0009757	hexose mediated signaling	6	3	1.19	0.09566
GO:0010091	trichome branching	6	3	1.19	0.09566
GO:0010225	response to UV-C	6	3	1.19	0.09566
GO:0010255	glucose mediated signaling pathway	6	3	1.19	0.09566
GO:0016119	carotene metabolic process	6	3	1.19	0.09566
GO:0016120	carotene biosynthetic process	6	3	1.19	0.09566
GO:0019288	isopentenyl diphosphate biosynthetic pro...	6	3	1.19	0.09566
GO:0030421	defecation	6	3	1.19	0.09566
GO:0031061	negative regulation of histone methylati...	6	3	1.19	0.09566
GO:0032466	negative regulation of cytokinesis	6	3	1.19	0.09566
GO:0036099	female germ-line stem cell population ma...	6	3	1.19	0.09566
GO:0043243	positive regulation of protein complex d...	6	3	1.19	0.09566
GO:0043470	regulation of carbohydrate catabolic pro...	6	3	1.19	0.09566
GO:0043708	cell adhesion involved in biofilm format...	6	3	1.19	0.09566
GO:0043709	cell adhesion involved in single-species...	6	3	1.19	0.09566
GO:0045036	protein targeting to chloroplast	6	3	1.19	0.09566
GO:0045903	positive regulation of translational fid...	6	3	1.19	0.09566
GO:0045913	positive regulation of carbohydrate meta...	6	3	1.19	0.09566
GO:0046246	terpene biosynthetic process	6	3	1.19	0.09566
GO:0048753	pigment granule organization	6	3	1.19	0.09566
GO:0050891	multicellular organismal water homeostas...	6	3	1.19	0.09566
GO:0060303	regulation of nucleosome density	6	3	1.19	0.09566
GO:0060612	adipose tissue development	6	3	1.19	0.09566
GO:0061014	positive regulation of mRNA catabolic pr...	6	3	1.19	0.09566
GO:0070932	histone H3 deacetylation	6	3	1.19	0.09566
GO:0071044	histone mRNA catabolic process	6	3	1.19	0.09566
GO:0071421	manganese ion transmembrane transport	6	3	1.19	0.09566
GO:0072596	establishment of protein localization to...	6	3	1.19	0.09566
GO:0072598	protein localization to chloroplast	6	3	1.19	0.09566
GO:0090231	regulation of spindle checkpoint	6	3	1.19	0.09566
GO:0090266	regulation of mitotic cell cycle spindle...	6	3	1.19	0.09566
GO:1900187	regulation of cell adhesion involved in ...	6	3	1.19	0.09566
GO:1900189	positive regulation of cell adhesion inv...	6	3	1.19	0.09566
GO:1902932	positive regulation of alcohol biosynthe...	6	3	1.19	0.09566
GO:1903504	regulation of mitotic spindle checkpoint	6	3	1.19	0.09566
GO:1904587	response to glycoprotein	6	3	1.19	0.09566
GO:0006164	purine nucleotide biosynthetic process	121	30	23.9	0.09836
GO:0044265	cellular macromolecule catabolic process	404	90	79.79	0.09839
GO:0006898	receptor-mediated endocytosis	33	10	6.52	0.09884
GO:0042593	glucose homeostasis	33	10	6.52	0.09884
GO:2000242	negative regulation of reproductive proc...	33	10	6.52	0.09884
GO:0006631	fatty acid metabolic process	112	28	22.12	0.09916
GO:0071824	protein-DNA complex subunit organization	103	26	20.34	0.09963
GO:0009059	macromolecule biosynthetic process	983	208	194.15	0.10011
GO:0010906	regulation of glucose metabolic process	17	6	3.36	0.10012
GO:0046824	positive regulation of nucleocytoplasmic...	17	6	3.36	0.10012
GO:0071963	establishment or maintenance of cell pol...	17	6	3.36	0.10012
GO:0090181	regulation of cholesterol metabolic proc...	17	6	3.36	0.10012
GO:1901679	nucleotide transmembrane transport	17	6	3.36	0.10012
GO:1901983	regulation of protein acetylation	17	6	3.36	0.10012
GO:2000756	regulation of peptidyl-lysine acetylatio...	17	6	3.36	0.10012
GO:0008610	lipid biosynthetic process	214	50	42.27	0.10090
GO:0000147	actin cortical patch assembly	3	2	0.59	0.10153
GO:0002437	inflammatory response to antigenic stimu...	3	2	0.59	0.10153
GO:0003014	renal system process	3	2	0.59	0.10153
GO:0003382	epithelial cell morphogenesis	3	2	0.59	0.10153
GO:0005991	trehalose metabolic process	3	2	0.59	0.10153
GO:0006058	mannoprotein catabolic process	3	2	0.59	0.10153
GO:0006677	glycosylceramide metabolic process	3	2	0.59	0.10153
GO:0006678	glucosylceramide metabolic process	3	2	0.59	0.10153
GO:0006723	cuticle hydrocarbon biosynthetic process	3	2	0.59	0.10153
GO:0006882	cellular zinc ion homeostasis	3	2	0.59	0.10153
GO:0007105	cytokinesis, site selection	3	2	0.59	0.10153
GO:0008258	head involution	3	2	0.59	0.10153
GO:0009048	dosage compensation by inactivation of X...	3	2	0.59	0.10153
GO:0009638	phototropism	3	2	0.59	0.10153
GO:0009785	blue light signaling pathway	3	2	0.59	0.10153
GO:0009904	chloroplast accumulation movement	3	2	0.59	0.10153
GO:0010045	response to nickel cation	3	2	0.59	0.10153
GO:0010148	transpiration	3	2	0.59	0.10153
GO:0010359	regulation of anion channel activity	3	2	0.59	0.10153
GO:0010375	stomatal complex patterning	3	2	0.59	0.10153
GO:0010793	regulation of mRNA export from nucleus	3	2	0.59	0.10153
GO:0010829	negative regulation of glucose transmemb...	3	2	0.59	0.10153
GO:0014047	glutamate secretion	3	2	0.59	0.10153
GO:0015697	quaternary ammonium group transport	3	2	0.59	0.10153
GO:0016093	polyprenol metabolic process	3	2	0.59	0.10153
GO:0016558	protein import into peroxisome matrix	3	2	0.59	0.10153
GO:0019054	modulation by virus of host process	3	2	0.59	0.10153
GO:0019626	short-chain fatty acid catabolic process	3	2	0.59	0.10153
GO:0021538	epithalamus development	3	2	0.59	0.10153
GO:0021986	habenula development	3	2	0.59	0.10153
GO:0030213	hyaluronan biosynthetic process	3	2	0.59	0.10153
GO:0030836	positive regulation of actin filament de...	3	2	0.59	0.10153
GO:0031001	response to brefeldin A	3	2	0.59	0.10153
GO:0031335	regulation of sulfur amino acid metaboli...	3	2	0.59	0.10153
GO:0031536	positive regulation of exit from mitosis	3	2	0.59	0.10153
GO:0031990	mRNA export from nucleus in response to ...	3	2	0.59	0.10153
GO:0032720	negative regulation of tumor necrosis fa...	3	2	0.59	0.10153
GO:0032802	low-density lipoprotein particle recepto...	3	2	0.59	0.10153
GO:0033353	S-adenosylmethionine cycle	3	2	0.59	0.10153
GO:0034428	nuclear-transcribed mRNA catabolic proce...	3	2	0.59	0.10153
GO:0034758	positive regulation of iron ion transpor...	3	2	0.59	0.10153
GO:0034759	regulation of iron ion transmembrane tra...	3	2	0.59	0.10153
GO:0034761	positive regulation of iron ion transmem...	3	2	0.59	0.10153
GO:0035002	liquid clearance, open tracheal system	3	2	0.59	0.10153
GO:0035767	endothelial cell chemotaxis	3	2	0.59	0.10153
GO:0036353	histone H2A-K119 monoubiquitination	3	2	0.59	0.10153
GO:0036499	PERK-mediated unfolded protein response	3	2	0.59	0.10153
GO:0039019	pronephric nephron development	3	2	0.59	0.10153
GO:0042476	odontogenesis	3	2	0.59	0.10153
GO:0042780	tRNA 3'-end processing	3	2	0.59	0.10153
GO:0043029	T cell homeostasis	3	2	0.59	0.10153
GO:0043149	stress fiber assembly	3	2	0.59	0.10153
GO:0043461	proton-transporting ATP synthase complex...	3	2	0.59	0.10153
GO:0043485	endosome to pigment granule transport	3	2	0.59	0.10153
GO:0043617	cellular response to sucrose starvation	3	2	0.59	0.10153
GO:0044068	modulation by symbiont of host cellular ...	3	2	0.59	0.10153
GO:0045037	protein import into chloroplast stroma	3	2	0.59	0.10153
GO:0045572	positive regulation of imaginal disc gro...	3	2	0.59	0.10153
GO:0046325	negative regulation of glucose import	3	2	0.59	0.10153
GO:0046637	regulation of alpha-beta T cell differen...	3	2	0.59	0.10153
GO:0046638	positive regulation of alpha-beta T cell...	3	2	0.59	0.10153
GO:0046666	retinal cell programmed cell death	3	2	0.59	0.10153
GO:0046667	compound eye retinal cell programmed cel...	3	2	0.59	0.10153
GO:0047484	regulation of response to osmotic stress	3	2	0.59	0.10153
GO:0048142	germarium-derived cystoblast division	3	2	0.59	0.10153
GO:0048168	regulation of neuronal synaptic plastici...	3	2	0.59	0.10153
GO:0048268	clathrin coat assembly	3	2	0.59	0.10153
GO:0048490	anterograde synaptic vesicle transport	3	2	0.59	0.10153
GO:0048757	pigment granule maturation	3	2	0.59	0.10153
GO:0048768	root hair cell tip growth	3	2	0.59	0.10153
GO:0050779	RNA destabilization	3	2	0.59	0.10153
GO:0051016	barbed-end actin filament capping	3	2	0.59	0.10153
GO:0051127	positive regulation of actin nucleation	3	2	0.59	0.10153
GO:0051643	endoplasmic reticulum localization	3	2	0.59	0.10153
GO:0051686	establishment of ER localization	3	2	0.59	0.10153
GO:0055069	zinc ion homeostasis	3	2	0.59	0.10153
GO:0060071	Wnt signaling pathway, planar cell polar...	3	2	0.59	0.10153
GO:0060339	negative regulation of type I interferon...	3	2	0.59	0.10153
GO:0061157	mRNA destabilization	3	2	0.59	0.10153
GO:0070071	proton-transporting two-sector ATPase co...	3	2	0.59	0.10153
GO:0070791	cleistothecium development	3	2	0.59	0.10153
GO:0070843	misfolded protein transport	3	2	0.59	0.10153
GO:0070922	small RNA loading onto RISC	3	2	0.59	0.10153
GO:0071243	cellular response to arsenic-containing ...	3	2	0.59	0.10153
GO:0071483	cellular response to blue light	3	2	0.59	0.10153
GO:0071577	zinc ion transmembrane transport	3	2	0.59	0.10153
GO:0080022	primary root development	3	2	0.59	0.10153
GO:0098711	iron ion import across plasma membrane	3	2	0.59	0.10153
GO:0099514	synaptic vesicle cytoskeletal transport	3	2	0.59	0.10153
GO:0099517	synaptic vesicle transport along microtu...	3	2	0.59	0.10153
GO:1900125	regulation of hyaluronan biosynthetic pr...	3	2	0.59	0.10153
GO:1900126	negative regulation of hyaluronan biosyn...	3	2	0.59	0.10153
GO:1901261	regulation of sorocarp spore cell differ...	3	2	0.59	0.10153
GO:1901563	response to camptothecin	3	2	0.59	0.10153
GO:1901881	positive regulation of protein depolymer...	3	2	0.59	0.10153
GO:1901888	regulation of cell junction assembly	3	2	0.59	0.10153
GO:1901889	negative regulation of cell junction ass...	3	2	0.59	0.10153
GO:1903077	negative regulation of protein localizat...	3	2	0.59	0.10153
GO:1903556	negative regulation of tumor necrosis fa...	3	2	0.59	0.10153
GO:1904376	negative regulation of protein localizat...	3	2	0.59	0.10153
GO:1905476	negative regulation of protein localizat...	3	2	0.59	0.10153
GO:2000197	regulation of ribonucleoprotein complex ...	3	2	0.59	0.10153
GO:2000269	regulation of fibroblast apoptotic proce...	3	2	0.59	0.10153
GO:2000601	positive regulation of Arp2/3 complex-me...	3	2	0.59	0.10153
GO:2000738	positive regulation of stem cell differe...	3	2	0.59	0.10153
GO:0019884	antigen processing and presentation of e...	25	8	4.94	0.10217
GO:0040014	regulation of multicellular organism gro...	25	8	4.94	0.10217
GO:0045841	negative regulation of mitotic metaphase...	25	8	4.94	0.10217
GO:1902100	negative regulation of metaphase/anaphas...	25	8	4.94	0.10217
GO:1905819	negative regulation of chromosome separa...	25	8	4.94	0.10217
GO:2000816	negative regulation of mitotic sister ch...	25	8	4.94	0.10217
GO:0015682	ferric iron transport	21	7	4.15	0.10219
GO:0030833	regulation of actin filament polymerizat...	21	7	4.15	0.10219
GO:0072512	trivalent inorganic cation transport	21	7	4.15	0.10219
GO:1902904	negative regulation of supramolecular fi...	21	7	4.15	0.10219
GO:0007093	mitotic cell cycle checkpoint	72	19	14.22	0.10268
GO:2000241	regulation of reproductive process	108	27	21.33	0.10401
GO:0019538	protein metabolic process	1299	271	256.57	0.10441
GO:0006720	isoprenoid metabolic process	46	13	9.09	0.10444
GO:0034250	positive regulation of cellular amide me...	59	16	11.65	0.10484
GO:0032268	regulation of cellular protein metabolic...	493	108	97.37	0.10736
GO:0006629	lipid metabolic process	329	74	64.98	0.10762
GO:0043281	regulation of cysteine-type endopeptidas...	42	12	8.3	0.10853
GO:0000466	maturation of 5.8S rRNA from tricistroni...	55	15	10.86	0.10959
GO:0006487	protein N-linked glycosylation	55	15	10.86	0.10959
GO:0044262	cellular carbohydrate metabolic process	86	22	16.99	0.10972
GO:0044255	cellular lipid metabolic process	282	64	55.7	0.11198
GO:0006950	response to stress	1141	239	225.36	0.11214
GO:0000478	endonucleolytic cleavage involved in rRN...	38	11	7.51	0.11258
GO:0007088	regulation of mitotic nuclear division	109	27	21.53	0.11357
GO:0034645	cellular macromolecule biosynthetic proc...	967	204	190.99	0.11383
GO:0046777	protein autophosphorylation	51	14	10.07	0.11453
GO:0051781	positive regulation of cell division	51	14	10.07	0.11453
GO:0031324	negative regulation of cellular metaboli...	417	92	82.36	0.11492
GO:0000082	G1/S transition of mitotic cell cycle	91	23	17.97	0.11513
GO:0045787	positive regulation of cell cycle	146	35	28.84	0.11554
GO:0006696	ergosterol biosynthetic process	10	4	1.98	0.11620
GO:0008204	ergosterol metabolic process	10	4	1.98	0.11620
GO:0016108	tetraterpenoid metabolic process	10	4	1.98	0.11620
GO:0016116	carotenoid metabolic process	10	4	1.98	0.11620
GO:0016331	morphogenesis of embryonic epithelium	10	4	1.98	0.11620
GO:0018206	peptidyl-methionine modification	10	4	1.98	0.11620
GO:0030042	actin filament depolymerization	10	4	1.98	0.11620
GO:0031440	regulation of mRNA 3'-end processing	10	4	1.98	0.11620
GO:0043242	negative regulation of protein complex d...	10	4	1.98	0.11620
GO:0044108	cellular alcohol biosynthetic process	10	4	1.98	0.11620
GO:0046834	lipid phosphorylation	10	4	1.98	0.11620
GO:0051055	negative regulation of lipid biosyntheti...	10	4	1.98	0.11620
GO:0071732	cellular response to nitric oxide	10	4	1.98	0.11620
GO:0090169	regulation of spindle assembly	10	4	1.98	0.11620
GO:0090626	plant epidermis morphogenesis	10	4	1.98	0.11620
GO:1901673	regulation of mitotic spindle assembly	10	4	1.98	0.11620
GO:0019439	aromatic compound catabolic process	259	59	51.16	0.11697
GO:0043687	post-translational protein modification	60	16	11.85	0.11813
GO:0006986	response to unfolded protein	47	13	9.28	0.11965
GO:0051028	mRNA transport	47	13	9.28	0.11965
GO:0009814	defense response, incompatible interacti...	30	9	5.93	0.12017
GO:0051788	response to misfolded protein	30	9	5.93	0.12017
GO:0002790	peptide secretion	78	20	15.41	0.12090
GO:0044764	multi-organism cellular process	78	20	15.41	0.12090
GO:0009733	response to auxin	26	8	5.14	0.12333
GO:0016126	sterol biosynthetic process	26	8	5.14	0.12333
GO:0031398	positive regulation of protein ubiquitin...	26	8	5.14	0.12333
GO:0048002	antigen processing and presentation of p...	26	8	5.14	0.12333
GO:0110053	regulation of actin filament organizatio...	26	8	5.14	0.12333
GO:0051049	regulation of transport	260	59	51.35	0.12361
GO:0001738	morphogenesis of a polarized epithelium	14	5	2.77	0.12408
GO:0006022	aminoglycan metabolic process	14	5	2.77	0.12408
GO:0006450	regulation of translational fidelity	14	5	2.77	0.12408
GO:0008334	histone mRNA metabolic process	14	5	2.77	0.12408
GO:0010383	cell wall polysaccharide metabolic proce...	14	5	2.77	0.12408
GO:0043583	ear development	14	5	2.77	0.12408
GO:0061448	connective tissue development	14	5	2.77	0.12408
GO:0071168	protein localization to chromatin	14	5	2.77	0.12408
GO:0090605	submerged biofilm formation	14	5	2.77	0.12408
GO:0090609	single-species submerged biofilm formati...	14	5	2.77	0.12408
GO:2000116	regulation of cysteine-type endopeptidas...	43	12	8.49	0.12492
GO:0051493	regulation of cytoskeleton organization	101	25	19.95	0.12517
GO:0002495	antigen processing and presentation of p...	22	7	4.35	0.12560
GO:0002504	antigen processing and presentation of p...	22	7	4.35	0.12560
GO:0006907	pinocytosis	22	7	4.35	0.12560
GO:0019886	antigen processing and presentation of e...	22	7	4.35	0.12560
GO:0043112	receptor metabolic process	22	7	4.35	0.12560
GO:0048831	regulation of shoot system development	22	7	4.35	0.12560
GO:0009260	ribonucleotide biosynthetic process	124	30	24.49	0.12578
GO:0046390	ribose phosphate biosynthetic process	124	30	24.49	0.12578
GO:0006695	cholesterol biosynthetic process	18	6	3.56	0.12629
GO:0009817	defense response to fungus, incompatible...	18	6	3.56	0.12629
GO:0010507	negative regulation of autophagy	18	6	3.56	0.12629
GO:0016114	terpenoid biosynthetic process	18	6	3.56	0.12629
GO:0050863	regulation of T cell activation	18	6	3.56	0.12629
GO:0097064	ncRNA export from nucleus	18	6	3.56	0.12629
GO:0009792	embryo development ending in birth or eg...	152	36	30.02	0.12742
GO:0042364	water-soluble vitamin biosynthetic proce...	39	11	7.7	0.13033
GO:0043903	regulation of symbiosis, encompassing mu...	39	11	7.7	0.13033
GO:0010942	positive regulation of cell death	120	29	23.7	0.13198
GO:0009895	negative regulation of catabolic process	61	16	12.05	0.13237
GO:0061061	muscle structure development	61	16	12.05	0.13237
GO:0009101	glycoprotein biosynthetic process	88	22	17.38	0.13273
GO:0042180	cellular ketone metabolic process	70	18	13.83	0.13343
GO:0044267	cellular protein metabolic process	1217	253	240.37	0.13409
GO:0043170	macromolecule metabolic process	1961	400	387.32	0.13422
GO:0002376	immune system process	382	84	75.45	0.13562
GO:0033046	negative regulation of sister chromatid ...	35	10	6.91	0.13582
GO:0046364	monosaccharide biosynthetic process	35	10	6.91	0.13582
GO:0043900	regulation of multi-organism process	125	30	24.69	0.13588
GO:0044270	cellular nitrogen compound catabolic pro...	257	58	50.76	0.13601
GO:0022411	cellular component disassembly	139	33	27.45	0.13657
GO:0051716	cellular response to stimulus	1273	264	251.43	0.13725
GO:1902115	regulation of organelle assembly	66	17	13.04	0.14028
GO:1902850	microtubule cytoskeleton organization in...	66	17	13.04	0.14028
GO:0016051	carbohydrate biosynthetic process	75	19	14.81	0.14031
GO:0032984	protein-containing complex disassembly	107	26	21.13	0.14102
GO:0030435	sporulation resulting in formation of a ...	31	9	6.12	0.14129
GO:0060537	muscle tissue development	31	9	6.12	0.14129
GO:0051640	organelle localization	196	45	38.71	0.14237
GO:0007623	circadian rhythm	44	12	8.69	0.14263
GO:0062013	positive regulation of small molecule me...	44	12	8.69	0.14263
GO:0001113	transcriptional open complex formation a...	7	3	1.38	0.14356
GO:0002456	T cell mediated immunity	7	3	1.38	0.14356
GO:0006083	acetate metabolic process	7	3	1.38	0.14356
GO:0006491	N-glycan processing	7	3	1.38	0.14356
GO:0006607	NLS-bearing protein import into nucleus	7	3	1.38	0.14356
GO:0010074	maintenance of meristem identity	7	3	1.38	0.14356
GO:0010090	trichome morphogenesis	7	3	1.38	0.14356
GO:0014003	oligodendrocyte development	7	3	1.38	0.14356
GO:0015693	magnesium ion transport	7	3	1.38	0.14356
GO:0015976	carbon utilization	7	3	1.38	0.14356
GO:0016322	neuron remodeling	7	3	1.38	0.14356
GO:0016479	negative regulation of transcription by ...	7	3	1.38	0.14356
GO:0021536	diencephalon development	7	3	1.38	0.14356
GO:0032675	regulation of interleukin-6 production	7	3	1.38	0.14356
GO:0034486	vacuolar transmembrane transport	7	3	1.38	0.14356
GO:0043545	molybdopterin cofactor metabolic process	7	3	1.38	0.14356
GO:0044126	regulation of growth of symbiont in host	7	3	1.38	0.14356
GO:0044130	negative regulation of growth of symbion...	7	3	1.38	0.14356
GO:0044144	modulation of growth of symbiont involve...	7	3	1.38	0.14356
GO:0044146	negative regulation of growth of symbion...	7	3	1.38	0.14356
GO:0046632	alpha-beta T cell differentiation	7	3	1.38	0.14356
GO:0046634	regulation of alpha-beta T cell activati...	7	3	1.38	0.14356
GO:0046718	viral entry into host cell	7	3	1.38	0.14356
GO:0046827	positive regulation of protein export fr...	7	3	1.38	0.14356
GO:0046854	phosphatidylinositol phosphorylation	7	3	1.38	0.14356
GO:0048767	root hair elongation	7	3	1.38	0.14356
GO:0051085	chaperone cofactor-dependent protein ref...	7	3	1.38	0.14356
GO:0051189	prosthetic group metabolic process	7	3	1.38	0.14356
GO:0060142	regulation of syncytium formation by pla...	7	3	1.38	0.14356
GO:0060176	regulation of aggregation involved in so...	7	3	1.38	0.14356
GO:0061085	regulation of histone H3-K27 methylation	7	3	1.38	0.14356
GO:0071260	cellular response to mechanical stimulus	7	3	1.38	0.14356
GO:0080147	root hair cell development	7	3	1.38	0.14356
GO:0090033	positive regulation of filamentous growt...	7	3	1.38	0.14356
GO:0097286	iron ion import	7	3	1.38	0.14356
GO:1900430	positive regulation of filamentous growt...	7	3	1.38	0.14356
GO:2000736	regulation of stem cell differentiation	7	3	1.38	0.14356
GO:0006397	mRNA processing	182	42	35.95	0.14394
GO:0051246	regulation of protein metabolic process	510	110	100.73	0.14403
GO:0000075	cell cycle checkpoint	89	22	17.58	0.14524
GO:0045055	regulated exocytosis	89	22	17.58	0.14524
GO:0032504	multicellular organism reproduction	316	70	62.41	0.14608
GO:0006754	ATP biosynthetic process	53	14	10.47	0.14612
GO:0008202	steroid metabolic process	53	14	10.47	0.14612
GO:0002218	activation of innate immune response	27	8	5.33	0.14659
GO:0006094	gluconeogenesis	27	8	5.33	0.14659
GO:0019319	hexose biosynthetic process	27	8	5.33	0.14659
GO:0090087	regulation of peptide transport	103	25	20.34	0.14815
GO:0006366	transcription by RNA polymerase II	302	67	59.65	0.14925
GO:0044182	filamentous growth of a population of un...	40	11	7.9	0.14951
GO:0051302	regulation of cell division	94	23	18.57	0.15062
GO:0006862	nucleotide transport	23	7	4.54	0.15146
GO:0010118	stomatal movement	23	7	4.54	0.15146
GO:0031577	spindle checkpoint	23	7	4.54	0.15146
GO:0071174	mitotic spindle checkpoint	23	7	4.54	0.15146
GO:1903902	positive regulation of viral life cycle	23	7	4.54	0.15146
GO:0009057	macromolecule catabolic process	443	96	87.5	0.15195
GO:0006790	sulfur compound metabolic process	164	38	32.39	0.15197
GO:0090501	RNA phosphodiester bond hydrolysis	108	26	21.33	0.15275
GO:0006090	pyruvate metabolic process	49	13	9.68	0.15363
GO:0000055	ribosomal large subunit export from nucl...	11	4	2.17	0.15532
GO:0001825	blastocyst formation	11	4	2.17	0.15532
GO:0006407	rRNA export from nucleus	11	4	2.17	0.15532
GO:0009860	pollen tube growth	11	4	2.17	0.15532
GO:0031055	chromatin remodeling at centromere	11	4	2.17	0.15532
GO:0032796	uropod organization	11	4	2.17	0.15532
GO:0032881	regulation of polysaccharide metabolic p...	11	4	2.17	0.15532
GO:0032885	regulation of polysaccharide biosyntheti...	11	4	2.17	0.15532
GO:0033059	cellular pigmentation	11	4	2.17	0.15532
GO:0046631	alpha-beta T cell activation	11	4	2.17	0.15532
GO:0046847	filopodium assembly	11	4	2.17	0.15532
GO:0051029	rRNA transport	11	4	2.17	0.15532
GO:0051569	regulation of histone H3-K4 methylation	11	4	2.17	0.15532
GO:0071966	fungal-type cell wall polysaccharide met...	11	4	2.17	0.15532
GO:0072530	purine-containing compound transmembrane...	11	4	2.17	0.15532
GO:0090559	regulation of membrane permeability	11	4	2.17	0.15532
GO:1901976	regulation of cell cycle checkpoint	11	4	2.17	0.15532
GO:2001244	positive regulation of intrinsic apoptot...	11	4	2.17	0.15532
GO:0006370	7-methylguanosine mRNA capping	19	6	3.75	0.15538
GO:0009452	7-methylguanosine RNA capping	19	6	3.75	0.15538
GO:0031033	myosin filament organization	19	6	3.75	0.15538
GO:0034427	nuclear-transcribed mRNA catabolic proce...	19	6	3.75	0.15538
GO:0034661	ncRNA catabolic process	19	6	3.75	0.15538
GO:0043966	histone H3 acetylation	19	6	3.75	0.15538
GO:2001235	positive regulation of apoptotic signali...	19	6	3.75	0.15538
GO:0034470	ncRNA processing	274	61	54.12	0.15566
GO:0040029	regulation of gene expression, epigeneti...	155	36	30.61	0.15612
GO:0000479	endonucleolytic cleavage of tricistronic...	36	10	7.11	0.15670
GO:0032505	reproduction of a single-celled organism	36	10	7.11	0.15670
GO:0035690	cellular response to drug	113	27	22.32	0.15713
GO:0010468	regulation of gene expression	734	155	144.97	0.15735
GO:0006505	GPI anchor metabolic process	15	5	2.96	0.15739
GO:0006506	GPI anchor biosynthetic process	15	5	2.96	0.15739
GO:0007293	germarium-derived egg chamber formation	15	5	2.96	0.15739
GO:0009272	fungal-type cell wall biogenesis	15	5	2.96	0.15739
GO:0009606	tropism	15	5	2.96	0.15739
GO:0009932	cell tip growth	15	5	2.96	0.15739
GO:0019682	glyceraldehyde-3-phosphate metabolic pro...	15	5	2.96	0.15739
GO:0034763	negative regulation of transmembrane tra...	15	5	2.96	0.15739
GO:0035065	regulation of histone acetylation	15	5	2.96	0.15739
GO:0042552	myelination	15	5	2.96	0.15739
GO:0051193	regulation of cofactor metabolic process	15	5	2.96	0.15739
GO:0060538	skeletal muscle organ development	15	5	2.96	0.15739
GO:0097384	cellular lipid biosynthetic process	15	5	2.96	0.15739
GO:1902170	cellular response to reactive nitrogen s...	15	5	2.96	0.15739
GO:0044248	cellular catabolic process	744	157	146.95	0.15786
GO:0042493	response to drug	284	63	56.09	0.15857
GO:0019222	regulation of metabolic process	1178	244	232.67	0.15966
GO:0048878	chemical homeostasis	198	45	39.11	0.16004
GO:0000375	RNA splicing, via transesterification re...	146	34	28.84	0.16034
GO:0007276	gamete generation	265	59	52.34	0.16044
GO:0044089	positive regulation of cellular componen...	104	25	20.54	0.16049
GO:0032970	regulation of actin filament-based proce...	45	12	8.89	0.16160
GO:0034502	protein localization to chromosome	45	12	8.89	0.16160
GO:0031326	regulation of cellular biosynthetic proc...	656	139	129.57	0.16301
GO:0007264	small GTPase mediated signal transductio...	54	14	10.67	0.16352
GO:0045292	mRNA cis splicing, via spliceosome	54	14	10.67	0.16352
GO:1902749	regulation of cell cycle G2/M phase tran...	63	16	12.44	0.16363
GO:0010959	regulation of metal ion transport	32	9	6.32	0.16416
GO:0033048	negative regulation of mitotic sister ch...	32	9	6.32	0.16416
GO:0000398	mRNA splicing, via spliceosome	137	32	27.06	0.16464
GO:0006357	regulation of transcription by RNA polym...	256	57	50.56	0.16539
