GO.ID	Term	Annotated	Significant	Expected	classic
GO:0033260	nuclear DNA replication	44	23	12.26	0.00050
GO:0034641	cellular nitrogen compound metabolic pro...	1691	513	471.27	0.00057
GO:0019432	triglyceride biosynthetic process	8	7	2.23	0.00078
GO:0021953	central nervous system neuron differenti...	8	7	2.23	0.00078
GO:1902969	mitotic DNA replication	35	19	9.75	0.00083
GO:0016078	tRNA catabolic process	10	8	2.79	0.00091
GO:0006399	tRNA metabolic process	128	52	35.67	0.00101
GO:0044238	primary metabolic process	2408	705	671.09	0.00110
GO:0006479	protein methylation	79	35	22.02	0.00113
GO:0008213	protein alkylation	79	35	22.02	0.00113
GO:0046483	heterocycle metabolic process	1518	462	423.06	0.00123
GO:0006139	nucleobase-containing compound metabolic...	1401	429	390.45	0.00129
GO:0043928	exonucleolytic nuclear-transcribed mRNA ...	26	15	7.25	0.00129
GO:0043632	modification-dependent macromolecule cat...	231	85	64.38	0.00136
GO:0009416	response to light stimulus	166	64	46.26	0.00142
GO:0006396	RNA processing	448	152	124.85	0.00143
GO:1901360	organic cyclic compound metabolic proces...	1590	481	443.12	0.00163
GO:0000393	spliceosomal conformational changes to g...	17	11	4.74	0.00164
GO:0035710	CD4-positive, alpha-beta T cell activati...	5	5	1.39	0.00167
GO:0018108	peptidyl-tyrosine phosphorylation	29	16	8.08	0.00171
GO:0018212	peptidyl-tyrosine modification	29	16	8.08	0.00171
GO:0006725	cellular aromatic compound metabolic pro...	1530	464	426.4	0.00174
GO:0006807	nitrogen compound metabolic process	2316	679	645.45	0.00175
GO:0050730	regulation of peptidyl-tyrosine phosphor...	22	13	6.13	0.00204
GO:0071704	organic substance metabolic process	2537	737	707.05	0.00204
GO:0043144	snoRNA processing	20	12	5.57	0.00254
GO:0043634	polyadenylation-dependent ncRNA cataboli...	9	7	2.51	0.00266
GO:0050732	negative regulation of peptidyl-tyrosine...	9	7	2.51	0.00266
GO:0071029	nuclear ncRNA surveillance	9	7	2.51	0.00266
GO:0071035	nuclear polyadenylation-dependent rRNA c...	9	7	2.51	0.00266
GO:0071038	nuclear polyadenylation-dependent tRNA c...	9	7	2.51	0.00266
GO:0071046	nuclear polyadenylation-dependent ncRNA ...	9	7	2.51	0.00266
GO:0016074	snoRNA metabolic process	25	14	6.97	0.00276
GO:0070481	nuclear-transcribed mRNA catabolic proce...	16	10	4.46	0.00390
GO:0034470	ncRNA processing	274	96	76.36	0.00403
GO:0051603	proteolysis involved in cellular protein...	242	86	67.44	0.00412
GO:0009073	aromatic amino acid family biosynthetic ...	26	14	7.25	0.00447
GO:0048573	photoperiodism, flowering	14	9	3.9	0.00476
GO:0043414	macromolecule methylation	124	48	34.56	0.00500
GO:0006511	ubiquitin-dependent protein catabolic pr...	218	78	60.76	0.00509
GO:0016070	RNA metabolic process	971	301	270.61	0.00542
GO:0042306	regulation of protein import into nucleu...	12	8	3.34	0.00573
GO:0006595	polyamine metabolic process	4	4	1.11	0.00600
GO:0008616	queuosine biosynthetic process	4	4	1.11	0.00600
GO:0010866	regulation of triglyceride biosynthetic ...	4	4	1.11	0.00600
GO:0035329	hippo signaling	4	4	1.11	0.00600
GO:0035330	regulation of hippo signaling	4	4	1.11	0.00600
GO:0035331	negative regulation of hippo signaling	4	4	1.11	0.00600
GO:0043367	CD4-positive, alpha-beta T cell differen...	4	4	1.11	0.00600
GO:0046116	queuosine metabolic process	4	4	1.11	0.00600
GO:0046710	GDP metabolic process	4	4	1.11	0.00600
GO:0097720	calcineurin-mediated signaling	4	4	1.11	0.00600
GO:0009314	response to radiation	213	76	59.36	0.00613
GO:0019941	modification-dependent protein catabolic...	220	78	61.31	0.00664
GO:0000467	exonucleolytic trimming to generate matu...	10	7	2.79	0.00673
GO:0043633	polyadenylation-dependent RNA catabolic ...	10	7	2.79	0.00673
GO:0046460	neutral lipid biosynthetic process	10	7	2.79	0.00673
GO:0046463	acylglycerol biosynthetic process	10	7	2.79	0.00673
GO:0070534	protein K63-linked ubiquitination	10	7	2.79	0.00673
GO:0071042	nuclear polyadenylation-dependent mRNA c...	10	7	2.79	0.00673
GO:0071047	polyadenylation-dependent mRNA catabolic...	10	7	2.79	0.00673
GO:2000028	regulation of photoperiodism, flowering	10	7	2.79	0.00673
GO:0042455	ribonucleoside biosynthetic process	22	12	6.13	0.00733
GO:0008033	tRNA processing	72	30	20.07	0.00752
GO:0000350	generation of catalytic spliceosome for ...	8	6	2.23	0.00755
GO:0009650	UV protection	8	6	2.23	0.00755
GO:0002286	T cell activation involved in immune res...	6	5	1.67	0.00769
GO:0031938	regulation of chromatin silencing at tel...	6	5	1.67	0.00769
GO:0035167	larval lymph gland hemopoiesis	6	5	1.67	0.00769
GO:0051347	positive regulation of transferase activ...	99	39	27.59	0.00779
GO:0032259	methylation	139	52	38.74	0.00791
GO:0000291	nuclear-transcribed mRNA catabolic proce...	30	15	8.36	0.00807
GO:0090304	nucleic acid metabolic process	1156	352	322.17	0.00827
GO:0030163	protein catabolic process	287	98	79.99	0.00864
GO:0001933	negative regulation of protein phosphory...	61	26	17	0.00882
GO:0033674	positive regulation of kinase activity	64	27	17.84	0.00903
GO:0043038	amino acid activation	33	16	9.2	0.00910
GO:0043039	tRNA aminoacylation	33	16	9.2	0.00910
GO:0042180	cellular ketone metabolic process	70	29	19.51	0.00934
GO:0009451	RNA modification	100	39	27.87	0.00943
GO:0010498	proteasomal protein catabolic process	194	69	54.07	0.00961
GO:0044265	cellular macromolecule catabolic process	404	133	112.59	0.00976
GO:1901576	organic substance biosynthetic process	1507	450	419.99	0.01004
GO:0044257	cellular protein catabolic process	256	88	71.35	0.01040
GO:0044237	cellular metabolic process	2619	753	729.9	0.01046
GO:0043161	proteasome-mediated ubiquitin-dependent ...	182	65	50.72	0.01066
GO:0045860	positive regulation of protein kinase ac...	62	26	17.28	0.01127
GO:0031126	snoRNA 3'-end processing	13	8	3.62	0.01130
GO:0034660	ncRNA metabolic process	359	119	100.05	0.01141
GO:0042326	negative regulation of phosphorylation	65	27	18.12	0.01146
GO:0006418	tRNA aminoacylation for protein translat...	31	15	8.64	0.01169
GO:0009793	embryo development ending in seed dorman...	89	35	24.8	0.01173
GO:0048522	positive regulation of cellular process	847	262	236.05	0.01190
GO:1903508	positive regulation of nucleic acid-temp...	215	75	59.92	0.01195
GO:0048608	reproductive structure development	238	82	66.33	0.01239
GO:0051241	negative regulation of multicellular org...	117	44	32.61	0.01262
GO:0009163	nucleoside biosynthetic process	26	13	7.25	0.01339
GO:1902680	positive regulation of RNA biosynthetic ...	216	75	60.2	0.01349
GO:0016571	histone methylation	54	23	15.05	0.01351
GO:0061458	reproductive system development	239	82	66.61	0.01390
GO:0000060	protein import into nucleus, translocati...	11	7	3.07	0.01409
GO:0034698	response to gonadotropin	11	7	3.07	0.01409
GO:0050680	negative regulation of epithelial cell p...	11	7	3.07	0.01409
GO:0061097	regulation of protein tyrosine kinase ac...	11	7	3.07	0.01409
GO:0051254	positive regulation of RNA metabolic pro...	233	80	64.94	0.01474
GO:0006641	triglyceride metabolic process	21	11	5.85	0.01487
GO:0071559	response to transforming growth factor b...	21	11	5.85	0.01487
GO:0071560	cellular response to transforming growth...	21	11	5.85	0.01487
GO:0007179	transforming growth factor beta receptor...	16	9	4.46	0.01554
GO:0032201	telomere maintenance via semi-conservati...	16	9	4.46	0.01554
GO:0009057	macromolecule catabolic process	443	143	123.46	0.01569
GO:0018022	peptidyl-lysine methylation	46	20	12.82	0.01603
GO:0045893	positive regulation of transcription, DN...	208	72	57.97	0.01655
GO:0045923	positive regulation of fatty acid metabo...	9	6	2.51	0.01733
GO:0071051	polyadenylation-dependent snoRNA 3'-end ...	9	6	2.51	0.01733
GO:0090207	regulation of triglyceride metabolic pro...	9	6	2.51	0.01733
GO:0097529	myeloid leukocyte migration	9	6	2.51	0.01733
GO:0040007	growth	297	99	82.77	0.01740
GO:0048580	regulation of post-embryonic development	67	27	18.67	0.01788
GO:0090287	regulation of cellular response to growt...	19	10	5.3	0.01926
GO:0048518	positive regulation of biological proces...	956	291	266.43	0.01954
GO:0017015	regulation of transforming growth factor...	14	8	3.9	0.02001
GO:0071025	RNA surveillance	14	8	3.9	0.02001
GO:0071027	nuclear RNA surveillance	14	8	3.9	0.02001
GO:1903844	regulation of cellular response to trans...	14	8	3.9	0.02001
GO:0031401	positive regulation of protein modificat...	158	56	44.03	0.02010
GO:1901564	organonitrogen compound metabolic proces...	1721	506	479.63	0.02058
GO:0000492	box C/D snoRNP assembly	7	5	1.95	0.02075
GO:0007176	regulation of epidermal growth factor-ac...	7	5	1.95	0.02075
GO:0009095	aromatic amino acid family biosynthetic ...	7	5	1.95	0.02075
GO:0014072	response to isoquinoline alkaloid	7	5	1.95	0.02075
GO:0033262	regulation of nuclear cell cycle DNA rep...	7	5	1.95	0.02075
GO:0035166	post-embryonic hemopoiesis	7	5	1.95	0.02075
GO:0043278	response to morphine	7	5	1.95	0.02075
GO:0046321	positive regulation of fatty acid oxidat...	7	5	1.95	0.02075
GO:0046426	negative regulation of JAK-STAT cascade	7	5	1.95	0.02075
GO:0048542	lymph gland development	7	5	1.95	0.02075
GO:0071514	genetic imprinting	7	5	1.95	0.02075
GO:1904893	negative regulation of STAT cascade	7	5	1.95	0.02075
GO:0051270	regulation of cellular component movemen...	86	33	23.97	0.02097
GO:0000389	mRNA 3'-splice site recognition	3	3	0.84	0.02159
GO:0002287	alpha-beta T cell activation involved in...	3	3	0.84	0.02159
GO:0002292	T cell differentiation involved in immun...	3	3	0.84	0.02159
GO:0002293	alpha-beta T cell differentiation involv...	3	3	0.84	0.02159
GO:0002294	CD4-positive, alpha-beta T cell differen...	3	3	0.84	0.02159
GO:0006438	valyl-tRNA aminoacylation	3	3	0.84	0.02159
GO:0006596	polyamine biosynthetic process	3	3	0.84	0.02159
GO:0008216	spermidine metabolic process	3	3	0.84	0.02159
GO:0010867	positive regulation of triglyceride bios...	3	3	0.84	0.02159
GO:0014819	regulation of skeletal muscle contractio...	3	3	0.84	0.02159
GO:0016048	detection of temperature stimulus	3	3	0.84	0.02159
GO:0030325	adrenal gland development	3	3	0.84	0.02159
GO:0033158	regulation of protein import into nucleu...	3	3	0.84	0.02159
GO:0035149	lumen formation, open tracheal system	3	3	0.84	0.02159
GO:0042093	T-helper cell differentiation	3	3	0.84	0.02159
GO:0046348	amino sugar catabolic process	3	3	0.84	0.02159
GO:0050820	positive regulation of coagulation	3	3	0.84	0.02159
GO:0060065	uterus development	3	3	0.84	0.02159
GO:0090313	regulation of protein targeting to membr...	3	3	0.84	0.02159
GO:0140042	lipid droplet formation	3	3	0.84	0.02159
GO:1903463	regulation of mitotic cell cycle DNA rep...	3	3	0.84	0.02159
GO:1905267	endonucleolytic cleavage involved in tRN...	3	3	0.84	0.02159
GO:2001238	positive regulation of extrinsic apoptot...	3	3	0.84	0.02159
GO:1904951	positive regulation of establishment of ...	62	25	17.28	0.02204
GO:0030307	positive regulation of cell growth	22	11	6.13	0.02241
GO:0006662	glycerol ether metabolic process	5	4	1.39	0.02335
GO:0007175	negative regulation of epidermal growth ...	5	4	1.39	0.02335
GO:0007260	tyrosine phosphorylation of STAT protein	5	4	1.39	0.02335
GO:0008611	ether lipid biosynthetic process	5	4	1.39	0.02335
GO:0009423	chorismate biosynthetic process	5	4	1.39	0.02335
GO:0031641	regulation of myelination	5	4	1.39	0.02335
GO:0032197	transposition, RNA-mediated	5	4	1.39	0.02335
GO:0034473	U1 snRNA 3'-end processing	5	4	1.39	0.02335
GO:0034476	U5 snRNA 3'-end processing	5	4	1.39	0.02335
GO:0042509	regulation of tyrosine phosphorylation o...	5	4	1.39	0.02335
GO:0044058	regulation of digestive system process	5	4	1.39	0.02335
GO:0046485	ether lipid metabolic process	5	4	1.39	0.02335
GO:0046504	glycerol ether biosynthetic process	5	4	1.39	0.02335
GO:0061099	negative regulation of protein tyrosine ...	5	4	1.39	0.02335
GO:0071371	cellular response to gonadotropin stimul...	5	4	1.39	0.02335
GO:0071372	cellular response to follicle-stimulatin...	5	4	1.39	0.02335
GO:1901004	ubiquinone-6 metabolic process	5	4	1.39	0.02335
GO:1901006	ubiquinone-6 biosynthetic process	5	4	1.39	0.02335
GO:1901503	ether biosynthetic process	5	4	1.39	0.02335
GO:2000012	regulation of auxin polar transport	5	4	1.39	0.02335
GO:1901659	glycosyl compound biosynthetic process	36	16	10.03	0.02380
GO:0006606	protein import into nucleus	39	17	10.87	0.02478
GO:0009072	aromatic amino acid family metabolic pro...	39	17	10.87	0.02478
GO:0040013	negative regulation of locomotion	17	9	4.74	0.02501
GO:0070478	nuclear-transcribed mRNA catabolic proce...	17	9	4.74	0.02501
GO:0008380	RNA splicing	163	57	45.43	0.02528
GO:0000459	exonucleolytic trimming involved in rRNA...	12	7	3.34	0.02578
GO:0002573	myeloid leukocyte differentiation	12	7	3.34	0.02578
GO:0044271	cellular nitrogen compound biosynthetic ...	1091	328	304.05	0.02603
GO:0006283	transcription-coupled nucleotide-excisio...	45	19	12.54	0.02614
GO:1903825	organic acid transmembrane transport	51	21	14.21	0.02690
GO:0031647	regulation of protein stability	66	26	18.39	0.02705
GO:0002283	neutrophil activation involved in immune...	63	25	17.56	0.02717
GO:0002446	neutrophil mediated immunity	63	25	17.56	0.02717
GO:0036230	granulocyte activation	63	25	17.56	0.02717
GO:0042119	neutrophil activation	63	25	17.56	0.02717
GO:0043312	neutrophil degranulation	63	25	17.56	0.02717
GO:0043279	response to alkaloid	28	13	7.8	0.02719
GO:0009058	biosynthetic process	1547	456	431.14	0.02758
GO:0006576	cellular biogenic amine metabolic proces...	20	10	5.57	0.02911
GO:0009648	photoperiodism	20	10	5.57	0.02911
GO:0010469	regulation of signaling receptor activit...	20	10	5.57	0.02911
GO:0042327	positive regulation of phosphorylation	113	41	31.49	0.02933
GO:0045935	positive regulation of nucleobase-contai...	306	100	85.28	0.02958
GO:0002263	cell activation involved in immune respo...	82	31	22.85	0.03073
GO:0007417	central nervous system development	107	39	29.82	0.03073
GO:0043412	macromolecule modification	929	281	258.91	0.03091
GO:0001932	regulation of protein phosphorylation	168	58	46.82	0.03133
GO:0045944	positive regulation of transcription by ...	139	49	38.74	0.03150
GO:2000145	regulation of cell motility	73	28	20.34	0.03211
GO:0009908	flower development	40	17	11.15	0.03223
GO:0050678	regulation of epithelial cell proliferat...	23	11	6.41	0.03240
GO:0031399	regulation of protein modification proce...	267	88	74.41	0.03243
GO:0032008	positive regulation of TOR signaling	15	8	4.18	0.03260
GO:0097384	cellular lipid biosynthetic process	15	8	4.18	0.03260
GO:0050821	protein stabilization	43	18	11.98	0.03284
GO:0043299	leukocyte degranulation	67	26	18.67	0.03286
GO:0009791	post-embryonic development	361	116	100.61	0.03292
GO:0009309	amine biosynthetic process	10	6	2.79	0.03322
GO:0042401	cellular biogenic amine biosynthetic pro...	10	6	2.79	0.03322
GO:1905039	carboxylic acid transmembrane transport	46	19	12.82	0.03326
GO:0007062	sister chromatid cohesion	49	20	13.66	0.03352
GO:0001934	positive regulation of protein phosphory...	95	35	26.48	0.03358
GO:0044283	small molecule biosynthetic process	365	117	101.72	0.03461
GO:0040008	regulation of growth	143	50	39.85	0.03482
GO:1900180	regulation of protein localization to nu...	26	12	7.25	0.03501
GO:0006638	neutral lipid metabolic process	29	13	8.08	0.03706
GO:0006639	acylglycerol metabolic process	29	13	8.08	0.03706
GO:0043488	regulation of mRNA stability	29	13	8.08	0.03706
GO:0050673	epithelial cell proliferation	29	13	8.08	0.03706
GO:0018991	oviposition	18	9	5.02	0.03794
GO:0043549	regulation of kinase activity	115	41	32.05	0.03898
GO:0044786	cell cycle DNA replication	71	27	19.79	0.03899
GO:0042325	regulation of phosphorylation	193	65	53.79	0.03976
GO:0002275	myeloid cell activation involved in immu...	65	25	18.12	0.04010
GO:0002444	myeloid leukocyte mediated immunity	65	25	18.12	0.04010
GO:0030334	regulation of cell migration	65	25	18.12	0.04010
GO:0051962	positive regulation of nervous system de...	65	25	18.12	0.04010
GO:0009266	response to temperature stimulus	167	57	46.54	0.04063
GO:0007420	brain development	90	33	25.08	0.04099
GO:0090567	reproductive shoot system development	41	17	11.43	0.04121
GO:0009409	response to cold	50	20	13.93	0.04171
GO:1901362	organic cyclic compound biosynthetic pro...	889	268	247.76	0.04176
GO:0031060	regulation of histone methylation	21	10	5.85	0.04205
GO:0030336	negative regulation of cell migration	13	7	3.62	0.04268
GO:0042026	protein refolding	13	7	3.62	0.04268
GO:0051271	negative regulation of cellular componen...	13	7	3.62	0.04268
GO:0071028	nuclear mRNA surveillance	13	7	3.62	0.04268
GO:2000146	negative regulation of cell motility	13	7	3.62	0.04268
GO:0000491	small nucleolar ribonucleoprotein comple...	8	5	2.23	0.04275
GO:0006591	ornithine metabolic process	8	5	2.23	0.04275
GO:0034475	U4 snRNA 3'-end processing	8	5	2.23	0.04275
GO:0035270	endocrine system development	8	5	2.23	0.04275
GO:0042307	positive regulation of protein import in...	8	5	2.23	0.04275
GO:0009628	response to abiotic stimulus	580	179	161.64	0.04312
GO:0070201	regulation of establishment of protein l...	103	37	28.71	0.04321
GO:0044281	small molecule metabolic process	736	224	205.12	0.04326
GO:0002366	leukocyte activation involved in immune ...	81	30	22.57	0.04373
GO:0006325	chromatin organization	247	81	68.84	0.04398
GO:0044249	cellular biosynthetic process	1521	446	423.89	0.04439
GO:0034654	nucleobase-containing compound biosynthe...	733	223	204.28	0.04444
GO:0032006	regulation of TOR signaling	24	11	6.69	0.04518
GO:0043628	ncRNA 3'-end processing	24	11	6.69	0.04518
GO:1901800	positive regulation of proteasomal prote...	75	28	20.9	0.04552
GO:1903052	positive regulation of proteolysis invol...	75	28	20.9	0.04552
GO:1903364	positive regulation of cellular protein ...	75	28	20.9	0.04552
GO:0045859	regulation of protein kinase activity	113	40	31.49	0.04586
GO:0010467	gene expression	1148	341	319.94	0.04600
GO:0008152	metabolic process	2736	778	762.51	0.04774
GO:0002274	myeloid leukocyte activation	66	25	18.39	0.04806
GO:0051338	regulation of transferase activity	162	55	45.15	0.04820
GO:0003006	developmental process involved in reprod...	417	131	116.22	0.04827
GO:0006400	tRNA modification	60	23	16.72	0.04955
GO:0050769	positive regulation of neurogenesis	60	23	16.72	0.04955
GO:0001906	cell killing	16	8	4.46	0.04966
GO:0007272	ensheathment of neurons	16	8	4.46	0.04966
GO:0008366	axon ensheathment	16	8	4.46	0.04966
GO:0031125	rRNA 3'-end processing	16	8	4.46	0.04966
GO:0050770	regulation of axonogenesis	16	8	4.46	0.04966
GO:0070651	nonfunctional rRNA decay	16	8	4.46	0.04966
GO:1904589	regulation of protein import	16	8	4.46	0.04966
GO:0048316	seed development	104	37	28.98	0.04971
GO:0010562	positive regulation of phosphorus metabo...	133	46	37.07	0.04995
GO:0045937	positive regulation of phosphate metabol...	133	46	37.07	0.04995
GO:0000723	telomere maintenance	85	31	23.69	0.05005
GO:0030447	filamentous growth	57	22	15.89	0.05021
GO:0051606	detection of stimulus	57	22	15.89	0.05021
GO:0006271	DNA strand elongation involved in DNA re...	33	14	9.2	0.05042
GO:0009581	detection of external stimulus	33	14	9.2	0.05042
GO:0000469	cleavage involved in rRNA processing	51	20	14.21	0.05126
GO:0019438	aromatic compound biosynthetic process	823	248	229.36	0.05161
GO:0034968	histone lysine methylation	39	16	10.87	0.05167
GO:0071902	positive regulation of protein serine/th...	45	18	12.54	0.05183
GO:0060322	head development	95	34	26.48	0.05381
GO:0001942	hair follicle development	6	4	1.67	0.05466
GO:0006089	lactate metabolic process	6	4	1.67	0.05466
GO:0006571	tyrosine biosynthetic process	6	4	1.67	0.05466
GO:0007603	phototransduction, visible light	6	4	1.67	0.05466
GO:0010528	regulation of transposition	6	4	1.67	0.05466
GO:0016056	rhodopsin mediated signaling pathway	6	4	1.67	0.05466
GO:0018904	ether metabolic process	6	4	1.67	0.05466
GO:0019747	regulation of isoprenoid metabolic proce...	6	4	1.67	0.05466
GO:0022405	hair cycle process	6	4	1.67	0.05466
GO:0031998	regulation of fatty acid beta-oxidation	6	4	1.67	0.05466
GO:0032354	response to follicle-stimulating hormone	6	4	1.67	0.05466
GO:0042987	amyloid precursor protein catabolic proc...	6	4	1.67	0.05466
GO:0045932	negative regulation of muscle contractio...	6	4	1.67	0.05466
GO:0046417	chorismate metabolic process	6	4	1.67	0.05466
GO:0060135	maternal process involved in female preg...	6	4	1.67	0.05466
GO:0061478	response to platelet aggregation inhibit...	6	4	1.67	0.05466
GO:0071233	cellular response to leucine	6	4	1.67	0.05466
GO:0098773	skin epidermis development	6	4	1.67	0.05466
GO:1904321	response to forskolin	6	4	1.67	0.05466
GO:1904322	cellular response to forskolin	6	4	1.67	0.05466
GO:1905898	positive regulation of response to endop...	6	4	1.67	0.05466
GO:0034427	nuclear-transcribed mRNA catabolic proce...	19	9	5.3	0.05475
GO:0034661	ncRNA catabolic process	19	9	5.3	0.05475
GO:2000058	regulation of ubiquitin-dependent protei...	92	33	25.64	0.05523
GO:2000241	regulation of reproductive process	108	38	30.1	0.05534
GO:0009787	regulation of abscisic acid-activated si...	11	6	3.07	0.05619
GO:0009926	auxin polar transport	11	6	3.07	0.05619
GO:0021549	cerebellum development	11	6	3.07	0.05619
GO:0022037	metencephalon development	11	6	3.07	0.05619
GO:0042059	negative regulation of epidermal growth ...	11	6	3.07	0.05619
GO:0045176	apical protein localization	11	6	3.07	0.05619
GO:0046631	alpha-beta T cell activation	11	6	3.07	0.05619
GO:0046940	nucleoside monophosphate phosphorylation	11	6	3.07	0.05619
GO:0070125	mitochondrial translational elongation	11	6	3.07	0.05619
GO:0090070	positive regulation of ribosome biogenes...	11	6	3.07	0.05619
GO:1901185	negative regulation of ERBB signaling pa...	11	6	3.07	0.05619
GO:1901419	regulation of response to alcohol	11	6	3.07	0.05619
GO:1901998	toxin transport	11	6	3.07	0.05619
GO:1905957	regulation of cellular response to alcoh...	11	6	3.07	0.05619
GO:0032200	telomere organization	86	31	23.97	0.05814
GO:0045732	positive regulation of protein catabolic...	86	31	23.97	0.05814
GO:1901565	organonitrogen compound catabolic proces...	389	122	108.41	0.05828
GO:0000746	conjugation	22	10	6.13	0.05842
GO:0000747	conjugation with cellular fusion	22	10	6.13	0.05842
GO:0052173	response to defenses of other organism i...	22	10	6.13	0.05842
GO:0052200	response to host defenses	22	10	6.13	0.05842
GO:0075136	response to host	22	10	6.13	0.05842
GO:2000059	negative regulation of ubiquitin-depende...	22	10	6.13	0.05842
GO:0051239	regulation of multicellular organismal p...	396	124	110.36	0.05898
GO:0032434	regulation of proteasomal ubiquitin-depe...	83	30	23.13	0.05963
GO:0061136	regulation of proteasomal protein catabo...	99	35	27.59	0.06016
GO:0043408	regulation of MAPK cascade	58	22	16.16	0.06037
GO:0032103	positive regulation of response to exter...	25	11	6.97	0.06101
GO:0031123	RNA 3'-end processing	55	21	15.33	0.06136
GO:0043170	macromolecule metabolic process	1961	566	546.52	0.06268
GO:0071466	cellular response to xenobiotic stimulus	28	12	7.8	0.06276
GO:1905952	regulation of lipid localization	28	12	7.8	0.06276
GO:0051047	positive regulation of secretion	49	19	13.66	0.06308
GO:0019932	second-messenger-mediated signaling	43	17	11.98	0.06430
GO:0001510	RNA methylation	34	14	9.48	0.06450
GO:0009582	detection of abiotic stimulus	34	14	9.48	0.06450
GO:0010154	fruit development	106	37	29.54	0.06484
GO:0071417	cellular response to organonitrogen comp...	106	37	29.54	0.06484
GO:1903050	regulation of proteolysis involved in ce...	106	37	29.54	0.06484
GO:1903362	regulation of cellular protein catabolic...	106	37	29.54	0.06484
GO:0009909	regulation of flower development	14	7	3.9	0.06535
GO:0052564	response to immune response of other org...	14	7	3.9	0.06535
GO:0052572	response to host immune response	14	7	3.9	0.06535
GO:0060326	cell chemotaxis	14	7	3.9	0.06535
GO:0070816	phosphorylation of RNA polymerase II C-t...	14	7	3.9	0.06535
GO:2000177	regulation of neural precursor cell prol...	14	7	3.9	0.06535
GO:1902275	regulation of chromatin organization	71	26	19.79	0.06575
GO:0015849	organic acid transport	68	25	18.95	0.06730
GO:0002323	natural killer cell activation involved ...	4	3	1.11	0.06836
GO:0002888	positive regulation of myeloid leukocyte...	4	3	1.11	0.06836
GO:0002949	tRNA threonylcarbamoyladenosine modifica...	4	3	1.11	0.06836
GO:0006848	pyruvate transport	4	3	1.11	0.06836
GO:0007323	peptide pheromone maturation	4	3	1.11	0.06836
GO:0008363	larval chitin-based cuticle development	4	3	1.11	0.06836
GO:0008614	pyridoxine metabolic process	4	3	1.11	0.06836
GO:0009134	nucleoside diphosphate catabolic process	4	3	1.11	0.06836
GO:0009191	ribonucleoside diphosphate catabolic pro...	4	3	1.11	0.06836
GO:0009373	regulation of transcription by pheromone...	4	3	1.11	0.06836
GO:0010514	induction of conjugation with cellular f...	4	3	1.11	0.06836
GO:0010515	negative regulation of induction of conj...	4	3	1.11	0.06836
GO:0010525	regulation of transposition, RNA-mediate...	4	3	1.11	0.06836
GO:0010717	regulation of epithelial to mesenchymal ...	4	3	1.11	0.06836
GO:0010758	regulation of macrophage chemotaxis	4	3	1.11	0.06836
GO:0018026	peptidyl-lysine monomethylation	4	3	1.11	0.06836
GO:0021575	hindbrain morphogenesis	4	3	1.11	0.06836
GO:0021587	cerebellum morphogenesis	4	3	1.11	0.06836
GO:0030101	natural killer cell activation	4	3	1.11	0.06836
GO:0030242	autophagy of peroxisome	4	3	1.11	0.06836
GO:0030575	nuclear body organization	4	3	1.11	0.06836
GO:0031590	wybutosine metabolic process	4	3	1.11	0.06836
GO:0031591	wybutosine biosynthetic process	4	3	1.11	0.06836
GO:0032516	positive regulation of phosphoprotein ph...	4	3	1.11	0.06836
GO:0035336	long-chain fatty-acyl-CoA metabolic proc...	4	3	1.11	0.06836
GO:0042337	cuticle development involved in chitin-b...	4	3	1.11	0.06836
GO:0042532	negative regulation of tyrosine phosphor...	4	3	1.11	0.06836
GO:0043320	natural killer cell degranulation	4	3	1.11	0.06836
GO:0044395	protein targeting to vacuolar membrane	4	3	1.11	0.06836
GO:0045466	R7 cell differentiation	4	3	1.11	0.06836
GO:0046019	regulation of transcription from RNA pol...	4	3	1.11	0.06836
GO:0046037	GMP metabolic process	4	3	1.11	0.06836
GO:0046621	negative regulation of organ growth	4	3	1.11	0.06836
GO:0048072	compound eye pigmentation	4	3	1.11	0.06836
GO:0048586	regulation of long-day photoperiodism, f...	4	3	1.11	0.06836
GO:0060795	cell fate commitment involved in formati...	4	3	1.11	0.06836
GO:0070682	proteasome regulatory particle assembly	4	3	1.11	0.06836
GO:0071031	nuclear mRNA surveillance of mRNA 3'-end...	4	3	1.11	0.06836
GO:0071034	CUT catabolic process	4	3	1.11	0.06836
GO:0071043	CUT metabolic process	4	3	1.11	0.06836
GO:0071312	cellular response to alkaloid	4	3	1.11	0.06836
GO:0072710	response to hydroxyurea	4	3	1.11	0.06836
GO:0072711	cellular response to hydroxyurea	4	3	1.11	0.06836
GO:1901475	pyruvate transmembrane transport	4	3	1.11	0.06836
GO:1902298	cell cycle DNA replication maintenance o...	4	3	1.11	0.06836
GO:1902644	tertiary alcohol metabolic process	4	3	1.11	0.06836
GO:1903832	regulation of cellular response to amino...	4	3	1.11	0.06836
GO:1903833	positive regulation of cellular response...	4	3	1.11	0.06836
GO:1904294	positive regulation of ERAD pathway	4	3	1.11	0.06836
GO:1904874	positive regulation of telomerase RNA lo...	4	3	1.11	0.06836
GO:1905521	regulation of macrophage migration	4	3	1.11	0.06836
GO:1990426	mitotic recombination-dependent replicat...	4	3	1.11	0.06836
GO:1990505	mitotic DNA replication maintenance of f...	4	3	1.11	0.06836
GO:0019538	protein metabolic process	1299	381	362.02	0.06945
GO:0000122	negative regulation of transcription by ...	97	34	27.03	0.07070
GO:0010563	negative regulation of phosphorus metabo...	81	29	22.57	0.07085
GO:0045936	negative regulation of phosphate metabol...	81	29	22.57	0.07085
GO:0007602	phototransduction	17	8	4.74	0.07156
GO:0009583	detection of light stimulus	17	8	4.74	0.07156
GO:0016075	rRNA catabolic process	17	8	4.74	0.07156
GO:1901661	quinone metabolic process	17	8	4.74	0.07156
GO:0032101	regulation of response to external stimu...	94	33	26.2	0.07276
GO:0034404	nucleobase-containing small molecule bio...	94	33	26.2	0.07276
GO:0031328	positive regulation of cellular biosynth...	348	109	96.99	0.07349
GO:0010557	positive regulation of macromolecule bio...	297	94	82.77	0.07367
GO:0000911	cytokinesis by cell plate formation	9	5	2.51	0.07452
GO:0001936	regulation of endothelial cell prolifera...	9	5	2.51	0.07452
GO:0009640	photomorphogenesis	9	5	2.51	0.07452
GO:0010054	trichoblast differentiation	9	5	2.51	0.07452
GO:0016101	diterpenoid metabolic process	9	5	2.51	0.07452
GO:0016180	snRNA processing	9	5	2.51	0.07452
GO:0030278	regulation of ossification	9	5	2.51	0.07452
GO:0032411	positive regulation of transporter activ...	9	5	2.51	0.07452
GO:0032414	positive regulation of ion transmembrane...	9	5	2.51	0.07452
GO:0034472	snRNA 3'-end processing	9	5	2.51	0.07452
GO:0045472	response to ether	9	5	2.51	0.07452
GO:1904263	positive regulation of TORC1 signaling	9	5	2.51	0.07452
GO:0002285	lymphocyte activation involved in immune...	20	9	5.57	0.07573
GO:0040012	regulation of locomotion	104	36	28.98	0.07575
GO:1901657	glycosyl compound metabolic process	72	26	20.07	0.07669
GO:0009119	ribonucleoside metabolic process	47	18	13.1	0.07746
GO:1903532	positive regulation of secretion by cell	47	18	13.1	0.07746
GO:0000378	RNA exon ligation	2	2	0.56	0.07761
GO:0001773	myeloid dendritic cell activation	2	2	0.56	0.07761
GO:0001821	histamine secretion	2	2	0.56	0.07761
GO:0001921	positive regulation of receptor recyclin...	2	2	0.56	0.07761
GO:0001945	lymph vessel development	2	2	0.56	0.07761
GO:0001946	lymphangiogenesis	2	2	0.56	0.07761
GO:0001958	endochondral ossification	2	2	0.56	0.07761
GO:0002038	positive regulation of L-glutamate impor...	2	2	0.56	0.07761
GO:0002265	astrocyte activation involved in immune ...	2	2	0.56	0.07761
GO:0002278	eosinophil activation involved in immune...	2	2	0.56	0.07761
GO:0002295	T-helper cell lineage commitment	2	2	0.56	0.07761
GO:0002349	histamine production involved in inflamm...	2	2	0.56	0.07761
GO:0002360	T cell lineage commitment	2	2	0.56	0.07761
GO:0002363	alpha-beta T cell lineage commitment	2	2	0.56	0.07761
GO:0002441	histamine secretion involved in inflamma...	2	2	0.56	0.07761
GO:0002447	eosinophil mediated immunity	2	2	0.56	0.07761
GO:0002553	histamine secretion by mast cell	2	2	0.56	0.07761
GO:0002676	regulation of chronic inflammatory respo...	2	2	0.56	0.07761
GO:0002677	negative regulation of chronic inflammat...	2	2	0.56	0.07761
GO:0002828	regulation of type 2 immune response	2	2	0.56	0.07761
GO:0003010	voluntary skeletal muscle contraction	2	2	0.56	0.07761
GO:0006116	NADH oxidation	2	2	0.56	0.07761
GO:0006185	dGDP biosynthetic process	2	2	0.56	0.07761
GO:0006597	spermine biosynthetic process	2	2	0.56	0.07761
GO:0006710	androgen catabolic process	2	2	0.56	0.07761
GO:0006728	pteridine biosynthetic process	2	2	0.56	0.07761
GO:0006776	vitamin A metabolic process	2	2	0.56	0.07761
GO:0006808	regulation of nitrogen utilization	2	2	0.56	0.07761
GO:0007212	dopamine receptor signaling pathway	2	2	0.56	0.07761
GO:0007562	eclosion	2	2	0.56	0.07761
GO:0008065	establishment of blood-nerve barrier	2	2	0.56	0.07761
GO:0008215	spermine metabolic process	2	2	0.56	0.07761
GO:0008295	spermidine biosynthetic process	2	2	0.56	0.07761
GO:0008612	peptidyl-lysine modification to peptidyl...	2	2	0.56	0.07761
GO:0009170	purine deoxyribonucleoside monophosphate...	2	2	0.56	0.07761
GO:0009182	purine deoxyribonucleoside diphosphate m...	2	2	0.56	0.07761
GO:0009183	purine deoxyribonucleoside diphosphate b...	2	2	0.56	0.07761
GO:0009300	antisense RNA transcription	2	2	0.56	0.07761
GO:0009647	skotomorphogenesis	2	2	0.56	0.07761
GO:0009685	gibberellin metabolic process	2	2	0.56	0.07761
GO:0009686	gibberellin biosynthetic process	2	2	0.56	0.07761
GO:0009789	positive regulation of abscisic acid-act...	2	2	0.56	0.07761
GO:0009900	dehiscence	2	2	0.56	0.07761
GO:0009901	anther dehiscence	2	2	0.56	0.07761
GO:0010112	regulation of systemic acquired resistan...	2	2	0.56	0.07761
GO:0010164	response to cesium ion	2	2	0.56	0.07761
GO:0010358	leaf shaping	2	2	0.56	0.07761
GO:0010719	negative regulation of epithelial to mes...	2	2	0.56	0.07761
GO:0014721	twitch skeletal muscle contraction	2	2	0.56	0.07761
GO:0014724	regulation of twitch skeletal muscle con...	2	2	0.56	0.07761
GO:0015871	choline transport	2	2	0.56	0.07761
GO:0016102	diterpenoid biosynthetic process	2	2	0.56	0.07761
GO:0019418	sulfide oxidation	2	2	0.56	0.07761
GO:0019632	shikimate metabolic process	2	2	0.56	0.07761
GO:0021795	cerebral cortex cell migration	2	2	0.56	0.07761
GO:0021870	Cajal-Retzius cell differentiation	2	2	0.56	0.07761
GO:0021885	forebrain cell migration	2	2	0.56	0.07761
GO:0021895	cerebral cortex neuron differentiation	2	2	0.56	0.07761
GO:0022029	telencephalon cell migration	2	2	0.56	0.07761
GO:0030186	melatonin metabolic process	2	2	0.56	0.07761
GO:0030237	female sex determination	2	2	0.56	0.07761
GO:0030244	cellulose biosynthetic process	2	2	0.56	0.07761
GO:0030656	regulation of vitamin metabolic process	2	2	0.56	0.07761
GO:0030850	prostate gland development	2	2	0.56	0.07761
GO:0030903	notochord development	2	2	0.56	0.07761
GO:0031070	intronic snoRNA processing	2	2	0.56	0.07761
GO:0031443	fast-twitch skeletal muscle fiber contra...	2	2	0.56	0.07761
GO:0031446	regulation of fast-twitch skeletal muscl...	2	2	0.56	0.07761
GO:0031448	positive regulation of fast-twitch skele...	2	2	0.56	0.07761
GO:0031939	negative regulation of chromatin silenci...	2	2	0.56	0.07761
GO:0032468	Golgi calcium ion homeostasis	2	2	0.56	0.07761
GO:0032472	Golgi calcium ion transport	2	2	0.56	0.07761
GO:0032620	interleukin-17 production	2	2	0.56	0.07761
GO:0032660	regulation of interleukin-17 production	2	2	0.56	0.07761
GO:0032682	negative regulation of chemokine product...	2	2	0.56	0.07761
GO:0032700	negative regulation of interleukin-17 pr...	2	2	0.56	0.07761
GO:0033160	positive regulation of protein import in...	2	2	0.56	0.07761
GO:0033173	calcineurin-NFAT signaling cascade	2	2	0.56	0.07761
GO:0033967	box C/D snoRNA metabolic process	2	2	0.56	0.07761
GO:0034092	negative regulation of maintenance of si...	2	2	0.56	0.07761
GO:0034104	negative regulation of tissue remodeling	2	2	0.56	0.07761
GO:0034183	negative regulation of maintenance of mi...	2	2	0.56	0.07761
GO:0034196	acylglycerol transport	2	2	0.56	0.07761
GO:0034197	triglyceride transport	2	2	0.56	0.07761
GO:0034379	very-low-density lipoprotein particle as...	2	2	0.56	0.07761
GO:0034436	glycoprotein transport	2	2	0.56	0.07761
GO:0034462	small-subunit processome assembly	2	2	0.56	0.07761
GO:0034963	box C/D snoRNA processing	2	2	0.56	0.07761
GO:0035073	pupariation	2	2	0.56	0.07761
GO:0035092	sperm chromatin condensation	2	2	0.56	0.07761
GO:0035127	post-embryonic limb morphogenesis	2	2	0.56	0.07761
GO:0035128	post-embryonic forelimb morphogenesis	2	2	0.56	0.07761
GO:0035136	forelimb morphogenesis	2	2	0.56	0.07761
GO:0035210	prepupal development	2	2	0.56	0.07761
GO:0035733	hepatic stellate cell activation	2	2	0.56	0.07761
GO:0035743	CD4-positive, alpha-beta T cell cytokine...	2	2	0.56	0.07761
GO:0035745	T-helper 2 cell cytokine production	2	2	0.56	0.07761
GO:0035970	peptidyl-threonine dephosphorylation	2	2	0.56	0.07761
GO:0036075	replacement ossification	2	2	0.56	0.07761
GO:0036155	acylglycerol acyl-chain remodeling	2	2	0.56	0.07761
GO:0036269	swimming behavior	2	2	0.56	0.07761
GO:0036303	lymph vessel morphogenesis	2	2	0.56	0.07761
GO:0042092	type 2 immune response	2	2	0.56	0.07761
GO:0042178	xenobiotic catabolic process	2	2	0.56	0.07761
GO:0042868	antisense RNA metabolic process	2	2	0.56	0.07761
GO:0043011	myeloid dendritic cell differentiation	2	2	0.56	0.07761
GO:0043307	eosinophil activation	2	2	0.56	0.07761
GO:0043308	eosinophil degranulation	2	2	0.56	0.07761
GO:0043368	positive T cell selection	2	2	0.56	0.07761
GO:0043369	CD4-positive or CD8-positive, alpha-beta...	2	2	0.56	0.07761
GO:0043373	CD4-positive, alpha-beta T cell lineage ...	2	2	0.56	0.07761
GO:0043589	skin morphogenesis	2	2	0.56	0.07761
GO:0044030	regulation of DNA methylation	2	2	0.56	0.07761
GO:0044752	response to human chorionic gonadotropin	2	2	0.56	0.07761
GO:0045006	DNA deamination	2	2	0.56	0.07761
GO:0045685	regulation of glial cell differentiation	2	2	0.56	0.07761
GO:0045687	positive regulation of glial cell differ...	2	2	0.56	0.07761
GO:0045779	negative regulation of bone resorption	2	2	0.56	0.07761
GO:0046054	dGMP metabolic process	2	2	0.56	0.07761
GO:0046066	dGDP metabolic process	2	2	0.56	0.07761
GO:0046108	uridine metabolic process	2	2	0.56	0.07761
GO:0046109	uridine biosynthetic process	2	2	0.56	0.07761
GO:0046135	pyrimidine nucleoside catabolic process	2	2	0.56	0.07761
GO:0046711	GDP biosynthetic process	2	2	0.56	0.07761
GO:0046851	negative regulation of bone remodeling	2	2	0.56	0.07761
GO:0048143	astrocyte activation	2	2	0.56	0.07761
GO:0048627	myoblast development	2	2	0.56	0.07761
GO:0048713	regulation of oligodendrocyte differenti...	2	2	0.56	0.07761
GO:0048714	positive regulation of oligodendrocyte d...	2	2	0.56	0.07761
GO:0050710	negative regulation of cytokine secretio...	2	2	0.56	0.07761
GO:0050892	intestinal absorption	2	2	0.56	0.07761
GO:0051563	smooth endoplasmic reticulum calcium ion...	2	2	0.56	0.07761
GO:0051582	positive regulation of neurotransmitter ...	2	2	0.56	0.07761
GO:0051599	response to hydrostatic pressure	2	2	0.56	0.07761
GO:0060101	negative regulation of phagocytosis, eng...	2	2	0.56	0.07761
GO:0060194	regulation of antisense RNA transcriptio...	2	2	0.56	0.07761
GO:0060443	mammary gland morphogenesis	2	2	0.56	0.07761
GO:0060736	prostate gland growth	2	2	0.56	0.07761
GO:0061162	establishment of monopolar cell polarity	2	2	0.56	0.07761
GO:0061339	establishment or maintenance of monopola...	2	2	0.56	0.07761
GO:0061856	Golgi calcium ion transmembrane transpor...	2	2	0.56	0.07761
GO:0070278	extracellular matrix constituent secreti...	2	2	0.56	0.07761
GO:0070884	regulation of calcineurin-NFAT signaling...	2	2	0.56	0.07761
GO:0070995	NADPH oxidation	2	2	0.56	0.07761
GO:0071039	nuclear polyadenylation-dependent CUT ca...	2	2	0.56	0.07761
GO:0071280	cellular response to copper ion	2	2	0.56	0.07761
GO:0071464	cellular response to hydrostatic pressur...	2	2	0.56	0.07761
GO:0071619	phosphorylation of RNA polymerase II C-t...	2	2	0.56	0.07761
GO:0072437	signal transduction involved in DNA repl...	2	2	0.56	0.07761
GO:0072443	signal transduction involved in mitotic ...	2	2	0.56	0.07761
GO:0072537	fibroblast activation	2	2	0.56	0.07761
GO:0072615	interleukin-17 secretion	2	2	0.56	0.07761
GO:0090647	modulation of age-related behavioral dec...	2	2	0.56	0.07761
GO:0097028	dendritic cell differentiation	2	2	0.56	0.07761
GO:0097530	granulocyte migration	2	2	0.56	0.07761
GO:0098856	intestinal lipid absorption	2	2	0.56	0.07761
GO:0099403	maintenance of mitotic sister chromatid ...	2	2	0.56	0.07761
GO:0099404	mitotic sister chromatid cohesion, telom...	2	2	0.56	0.07761
GO:0106056	regulation of calcineurin-mediated signa...	2	2	0.56	0.07761
GO:0110025	DNA strand resection involved in replica...	2	2	0.56	0.07761
GO:1900036	positive regulation of cellular response...	2	2	0.56	0.07761
GO:1900112	regulation of histone H3-K9 trimethylati...	2	2	0.56	0.07761
GO:1900483	regulation of protein targeting to vacuo...	2	2	0.56	0.07761
GO:1901072	glucosamine-containing compound cataboli...	2	2	0.56	0.07761
GO:1901409	positive regulation of phosphorylation o...	2	2	0.56	0.07761
GO:1901421	positive regulation of response to alcoh...	2	2	0.56	0.07761
GO:1901569	fatty acid derivative catabolic process	2	2	0.56	0.07761
GO:1901580	regulation of telomeric RNA transcriptio...	2	2	0.56	0.07761
GO:1901581	negative regulation of telomeric RNA tra...	2	2	0.56	0.07761
GO:1901582	positive regulation of telomeric RNA tra...	2	2	0.56	0.07761
GO:1901738	regulation of vitamin A metabolic proces...	2	2	0.56	0.07761
GO:1902043	positive regulation of extrinsic apoptot...	2	2	0.56	0.07761
GO:1902990	mitotic telomere maintenance via semi-co...	2	2	0.56	0.07761
GO:1903361	protein localization to basolateral plas...	2	2	0.56	0.07761
GO:1903469	removal of RNA primer involved in mitoti...	2	2	0.56	0.07761
GO:1903593	regulation of histamine secretion by mas...	2	2	0.56	0.07761
GO:1903595	positive regulation of histamine secreti...	2	2	0.56	0.07761
GO:1903939	regulation of TORC2 signaling	2	2	0.56	0.07761
GO:1904046	negative regulation of vascular endothel...	2	2	0.56	0.07761
GO:1904058	positive regulation of sensory perceptio...	2	2	0.56	0.07761
GO:1904478	regulation of intestinal absorption	2	2	0.56	0.07761
GO:1904515	positive regulation of TORC2 signaling	2	2	0.56	0.07761
GO:1904729	regulation of intestinal lipid absorptio...	2	2	0.56	0.07761
GO:1904796	regulation of core promoter binding	2	2	0.56	0.07761
GO:1904797	negative regulation of core promoter bin...	2	2	0.56	0.07761
GO:1904907	regulation of maintenance of mitotic sis...	2	2	0.56	0.07761
GO:1904908	negative regulation of maintenance of mi...	2	2	0.56	0.07761
GO:1905076	regulation of interleukin-17 secretion	2	2	0.56	0.07761
GO:1905077	negative regulation of interleukin-17 se...	2	2	0.56	0.07761
GO:1905154	negative regulation of membrane invagina...	2	2	0.56	0.07761
GO:1905906	regulation of amyloid fibril formation	2	2	0.56	0.07761
GO:1905908	positive regulation of amyloid fibril fo...	2	2	0.56	0.07761
GO:1905959	positive regulation of cellular response...	2	2	0.56	0.07761
GO:1990266	neutrophil migration	2	2	0.56	0.07761
GO:1990918	double-strand break repair involved in m...	2	2	0.56	0.07761
GO:2000179	positive regulation of neural precursor ...	2	2	0.56	0.07761
GO:2000489	regulation of hepatic stellate cell acti...	2	2	0.56	0.07761
GO:2000491	positive regulation of hepatic stellate ...	2	2	0.56	0.07761
GO:2000514	regulation of CD4-positive, alpha-beta T...	2	2	0.56	0.07761
GO:2000551	regulation of T-helper 2 cell cytokine p...	2	2	0.56	0.07761
GO:2000653	regulation of genetic imprinting	2	2	0.56	0.07761
GO:0006862	nucleotide transport	23	10	6.41	0.07843
GO:1901575	organic substance catabolic process	653	197	181.99	0.07855
GO:0060541	respiratory system development	44	17	12.26	0.07862
GO:0000462	maturation of SSU-rRNA from tricistronic...	69	25	19.23	0.07869
GO:0000398	mRNA splicing, via spliceosome	137	46	38.18	0.07875
GO:1903051	negative regulation of proteolysis invol...	26	11	7.25	0.08007
GO:1903363	negative regulation of cellular protein ...	26	11	7.25	0.08007
GO:0044267	cellular protein metabolic process	1217	357	339.17	0.08014
GO:0051099	positive regulation of binding	38	15	10.59	0.08043
GO:0009308	amine metabolic process	29	12	8.08	0.08091
GO:0044106	cellular amine metabolic process	29	12	8.08	0.08091
GO:0002521	leukocyte differentiation	35	14	9.75	0.08097
GO:0022616	DNA strand elongation	35	14	9.75	0.08097
GO:0007530	sex determination	32	13	8.92	0.08117
GO:0043487	regulation of RNA stability	32	13	8.92	0.08117
GO:0000377	RNA splicing, via transesterification re...	144	48	40.13	0.08220
GO:0046942	carboxylic acid transport	63	23	17.56	0.08277
GO:0000460	maturation of 5.8S rRNA	60	22	16.72	0.08483
GO:0019219	regulation of nucleobase-containing comp...	592	179	164.99	0.08573
GO:0006743	ubiquinone metabolic process	12	6	3.34	0.08659
GO:0006744	ubiquinone biosynthetic process	12	6	3.34	0.08659
GO:0030595	leukocyte chemotaxis	12	6	3.34	0.08659
GO:0048754	branching morphogenesis of an epithelial...	12	6	3.34	0.08659
GO:0060918	auxin transport	12	6	3.34	0.08659
GO:0061138	morphogenesis of a branching epithelium	12	6	3.34	0.08659
GO:0016049	cell growth	138	46	38.46	0.08749
GO:0051253	negative regulation of RNA metabolic pro...	208	67	57.97	0.08749
GO:0071310	cellular response to organic substance	440	135	122.63	0.08783
GO:0009116	nucleoside metabolic process	54	20	15.05	0.08895
GO:0018130	heterocycle biosynthetic process	838	249	233.55	0.09051
GO:0051726	regulation of cell cycle	334	104	93.08	0.09056
GO:0051222	positive regulation of protein transport	51	19	14.21	0.09098
GO:0001558	regulation of cell growth	70	25	19.51	0.09133
GO:2000060	positive regulation of ubiquitin-depende...	70	25	19.51	0.09133
GO:0042176	regulation of protein catabolic process	122	41	34	0.09202
GO:0031056	regulation of histone modification	48	18	13.38	0.09297
GO:0009056	catabolic process	786	234	219.05	0.09345
GO:0009606	tropism	15	7	4.18	0.09400
GO:0031297	replication fork processing	15	7	4.18	0.09400
GO:0042552	myelination	15	7	4.18	0.09400
GO:0050707	regulation of cytokine secretion	15	7	4.18	0.09400
GO:0060348	bone development	15	7	4.18	0.09400
GO:0006397	mRNA processing	182	59	50.72	0.09402
GO:0045927	positive regulation of growth	45	17	12.54	0.09489
GO:0032879	regulation of localization	369	114	102.84	0.09492
GO:0001775	cell activation	119	40	33.16	0.09495
GO:0015711	organic anion transport	106	36	29.54	0.09625
GO:0006469	negative regulation of protein kinase ac...	39	15	10.87	0.09841
GO:0010228	vegetative to reproductive phase transit...	39	15	10.87	0.09841
GO:0033673	negative regulation of kinase activity	39	15	10.87	0.09841
GO:0001403	invasive growth in response to glucose l...	18	8	5.02	0.09846
GO:0006805	xenobiotic metabolic process	18	8	5.02	0.09846
GO:0033206	meiotic cytokinesis	18	8	5.02	0.09846
GO:1900034	regulation of cellular response to heat	18	8	5.02	0.09846
GO:0032940	secretion by cell	196	63	54.62	0.09880
GO:0070848	response to growth factor	77	27	21.46	0.09912
GO:0071363	cellular response to growth factor stimu...	77	27	21.46	0.09912
GO:0071900	regulation of protein serine/threonine k...	77	27	21.46	0.09912
GO:0009410	response to xenobiotic stimulus	61	22	17	0.09922
GO:0071824	protein-DNA complex subunit organization	103	35	28.71	0.09932
GO:0001109	promoter clearance during DNA-templated ...	7	4	1.95	0.09987
GO:0001111	promoter clearance from RNA polymerase I...	7	4	1.95	0.09987
GO:0006207	'de novo' pyrimidine nucleobase biosynth...	7	4	1.95	0.09987
GO:0006290	pyrimidine dimer repair	7	4	1.95	0.09987
GO:0009584	detection of visible light	7	4	1.95	0.09987
GO:0009788	negative regulation of abscisic acid-act...	7	4	1.95	0.09987
GO:0010051	xylem and phloem pattern formation	7	4	1.95	0.09987
GO:0010288	response to lead ion	7	4	1.95	0.09987
GO:0019856	pyrimidine nucleobase biosynthetic proce...	7	4	1.95	0.09987
GO:0030279	negative regulation of ossification	7	4	1.95	0.09987
GO:0032106	positive regulation of response to extra...	7	4	1.95	0.09987
GO:0032109	positive regulation of response to nutri...	7	4	1.95	0.09987
GO:0033120	positive regulation of RNA splicing	7	4	1.95	0.09987
GO:0033138	positive regulation of peptidyl-serine p...	7	4	1.95	0.09987
GO:0042816	vitamin B6 metabolic process	7	4	1.95	0.09987
GO:0042982	amyloid precursor protein metabolic proc...	7	4	1.95	0.09987
GO:0046632	alpha-beta T cell differentiation	7	4	1.95	0.09987
GO:0050435	amyloid-beta metabolic process	7	4	1.95	0.09987
GO:0051274	beta-glucan biosynthetic process	7	4	1.95	0.09987
GO:0051570	regulation of histone H3-K9 methylation	7	4	1.95	0.09987
GO:0051965	positive regulation of synapse assembly	7	4	1.95	0.09987
GO:1901420	negative regulation of response to alcoh...	7	4	1.95	0.09987
GO:1902295	synthesis of RNA primer involved in cell...	7	4	1.95	0.09987
GO:1902318	synthesis of RNA primer involved in nucl...	7	4	1.95	0.09987
GO:1902742	apoptotic process involved in developmen...	7	4	1.95	0.09987
GO:1902981	synthesis of RNA primer involved in mito...	7	4	1.95	0.09987
GO:1904031	positive regulation of cyclin-dependent ...	7	4	1.95	0.09987
GO:1905958	negative regulation of cellular response...	7	4	1.95	0.09987
GO:0010565	regulation of cellular ketone metabolic ...	36	14	10.03	0.09991
GO:0061013	regulation of mRNA catabolic process	36	14	10.03	0.09991
GO:0000375	RNA splicing, via transesterification re...	146	48	40.69	0.10037
GO:0048509	regulation of meristem development	21	9	5.85	0.10099
GO:0052031	modulation by symbiont of host defense r...	21	9	5.85	0.10099
GO:0052255	modulation by organism of defense respon...	21	9	5.85	0.10099
GO:0060359	response to ammonium ion	21	9	5.85	0.10099
GO:0006972	hyperosmotic response	33	13	9.2	0.10115
GO:0009268	response to pH	33	13	9.2	0.10115
GO:0035556	intracellular signal transduction	322	100	89.74	0.10126
GO:0071495	cellular response to endogenous stimulus	264	83	73.58	0.10139
GO:0080134	regulation of response to stress	264	83	73.58	0.10139
GO:0051252	regulation of RNA metabolic process	491	149	136.84	0.10170
GO:0009845	seed germination	24	10	6.69	0.10218
GO:0019098	reproductive behavior	24	10	6.69	0.10218
GO:0070783	growth of unicellular organism as a thre...	24	10	6.69	0.10218
GO:0050727	regulation of inflammatory response	27	11	7.52	0.10244
GO:0051101	regulation of DNA binding	27	11	7.52	0.10244
GO:0000466	maturation of 5.8S rRNA from tricistroni...	55	20	15.33	0.10472
GO:0006464	cellular protein modification process	831	246	231.59	0.10607
GO:0036211	protein modification process	831	246	231.59	0.10607
GO:0002443	leukocyte mediated immunity	84	29	23.41	0.10623
GO:0046486	glycerolipid metabolic process	84	29	23.41	0.10623
GO:1902679	negative regulation of RNA biosynthetic ...	187	60	52.12	0.10827
GO:1903507	negative regulation of nucleic acid-temp...	187	60	52.12	0.10827
GO:0032436	positive regulation of proteasomal ubiqu...	68	24	18.95	0.10842
GO:0030490	maturation of SSU-rRNA	81	28	22.57	0.10960
GO:0051170	import into nucleus	49	18	13.66	0.11032
GO:0016477	cell migration	104	35	28.98	0.11127
GO:0045892	negative regulation of transcription, DN...	184	59	51.28	0.11164
GO:0016071	mRNA metabolic process	317	98	88.35	0.11419
GO:0006272	leading strand elongation	10	5	2.79	0.11582
GO:0007586	digestion	10	5	2.79	0.11582
GO:0010029	regulation of seed germination	10	5	2.79	0.11582
GO:0010224	response to UV-B	10	5	2.79	0.11582
GO:0022600	digestive system process	10	5	2.79	0.11582
GO:0031062	positive regulation of histone methylati...	10	5	2.79	0.11582
GO:0032196	transposition	10	5	2.79	0.11582
GO:0034085	establishment of sister chromatid cohesi...	10	5	2.79	0.11582
GO:0034088	maintenance of mitotic sister chromatid ...	10	5	2.79	0.11582
GO:0035306	positive regulation of dephosphorylation	10	5	2.79	0.11582
GO:0036523	positive regulation by symbiont of host ...	10	5	2.79	0.11582
GO:0042149	cellular response to glucose starvation	10	5	2.79	0.11582
GO:0044011	single-species biofilm formation on inan...	10	5	2.79	0.11582
GO:0044033	multi-organism metabolic process	10	5	2.79	0.11582
GO:0044035	multi-organism catabolic process	10	5	2.79	0.11582
GO:0045638	negative regulation of myeloid cell diff...	10	5	2.79	0.11582
GO:0046015	regulation of transcription by glucose	10	5	2.79	0.11582
GO:0052002	metabolism by symbiont of substance in h...	10	5	2.79	0.11582
GO:0052006	catabolism by symbiont of substance in h...	10	5	2.79	0.11582
GO:0052013	catabolism by symbiont of host macromole...	10	5	2.79	0.11582
GO:0052014	catabolism by symbiont of host protein	10	5	2.79	0.11582
GO:0052032	modulation by symbiont of host inflammat...	10	5	2.79	0.11582
GO:0052174	metabolism by symbiont of host macromole...	10	5	2.79	0.11582
GO:0052214	metabolism of substance in other organis...	10	5	2.79	0.11582
GO:0052227	catabolism of substance in other organis...	10	5	2.79	0.11582
GO:0052228	metabolism by symbiont of host protein	10	5	2.79	0.11582
GO:0052229	metabolism of macromolecule in other org...	10	5	2.79	0.11582
GO:0052256	modulation by organism of inflammatory r...	10	5	2.79	0.11582
GO:0052361	catabolism by organism of macromolecule ...	10	5	2.79	0.11582
GO:0052363	catabolism by organism of protein in oth...	10	5	2.79	0.11582
GO:0052418	metabolism by organism of protein in oth...	10	5	2.79	0.11582
GO:0071941	nitrogen cycle metabolic process	10	5	2.79	0.11582
GO:1900140	regulation of seedling development	10	5	2.79	0.11582
GO:1903707	negative regulation of hemopoiesis	10	5	2.79	0.11582
GO:1904292	regulation of ERAD pathway	10	5	2.79	0.11582
GO:2001024	negative regulation of response to drug	10	5	2.79	0.11582
GO:0045861	negative regulation of proteolysis	43	16	11.98	0.11593
GO:0051046	regulation of secretion	88	30	24.53	0.11638
GO:0080135	regulation of cellular response to stres...	151	49	42.08	0.11731
GO:1901699	cellular response to nitrogen compound	131	43	36.51	0.11758
GO:0048507	meristem development	40	15	11.15	0.11867
GO:0045321	leukocyte activation	108	36	30.1	0.12015
GO:0010720	positive regulation of cell development	72	25	20.07	0.12042
GO:0048583	regulation of response to stimulus	550	165	153.28	0.12098
GO:0070588	calcium ion transmembrane transport	37	14	10.31	0.12132
GO:1901264	carbohydrate derivative transport	37	14	10.31	0.12132
GO:0009411	response to UV	56	20	15.61	0.12213
GO:0031330	negative regulation of cellular cataboli...	56	20	15.61	0.12213
GO:0009891	positive regulation of biosynthetic proc...	356	109	99.21	0.12270
GO:0006855	drug transmembrane transport	34	13	9.48	0.12384
GO:0061351	neural precursor cell proliferation	34	13	9.48	0.12384
GO:1903530	regulation of secretion by cell	82	28	22.85	0.12412
GO:0006206	pyrimidine nucleobase metabolic process	13	6	3.62	0.12423
GO:0006570	tyrosine metabolic process	13	6	3.62	0.12423
GO:0016233	telomere capping	13	6	3.62	0.12423
GO:0018210	peptidyl-threonine modification	13	6	3.62	0.12423
GO:0019236	response to pheromone	13	6	3.62	0.12423
GO:0032368	regulation of lipid transport	13	6	3.62	0.12423
GO:0032435	negative regulation of proteasomal ubiqu...	13	6	3.62	0.12423
GO:0032988	ribonucleoprotein complex disassembly	13	6	3.62	0.12423
GO:0036180	filamentous growth of a population of un...	13	6	3.62	0.12423
GO:0042276	error-prone translesion synthesis	13	6	3.62	0.12423
GO:0042537	benzene-containing compound metabolic pr...	13	6	3.62	0.12423
GO:0052167	modulation by symbiont of host innate im...	13	6	3.62	0.12423
GO:0052306	modulation by organism of innate immune ...	13	6	3.62	0.12423
GO:0052552	modulation by organism of immune respons...	13	6	3.62	0.12423
GO:0052553	modulation by symbiont of host immune re...	13	6	3.62	0.12423
GO:0071444	cellular response to pheromone	13	6	3.62	0.12423
GO:1903432	regulation of TORC1 signaling	13	6	3.62	0.12423
GO:0051960	regulation of nervous system development	125	41	34.84	0.12537
GO:0042110	T cell activation	31	12	8.64	0.12614
GO:0019752	carboxylic acid metabolic process	405	123	112.87	0.12721
GO:0043484	regulation of RNA splicing	28	11	7.8	0.12812
GO:0050793	regulation of developmental process	419	127	116.77	0.12822
GO:0006941	striated muscle contraction	16	7	4.46	0.12848
GO:0009629	response to gravity	16	7	4.46	0.12848
GO:0031167	rRNA methylation	16	7	4.46	0.12848
GO:0032091	negative regulation of protein binding	16	7	4.46	0.12848
GO:1901663	quinone biosynthetic process	16	7	4.46	0.12848
GO:0044248	cellular catabolic process	744	220	207.35	0.12873
GO:0060284	regulation of cell development	142	46	39.57	0.12897
GO:0060249	anatomical structure homeostasis	122	40	34	0.12947
GO:0007030	Golgi organization	50	18	13.93	0.12952
GO:0045666	positive regulation of neuron differenti...	50	18	13.93	0.12952
GO:0032786	positive regulation of DNA-templated tra...	25	10	6.97	0.12963
GO:0007259	JAK-STAT cascade	19	8	5.3	0.13025
GO:0008277	regulation of G protein-coupled receptor...	19	8	5.3	0.13025
GO:0010883	regulation of lipid storage	19	8	5.3	0.13025
GO:0015865	purine nucleotide transport	19	8	5.3	0.13025
GO:0038202	TORC1 signaling	19	8	5.3	0.13025
GO:0052509	positive regulation by symbiont of host ...	19	8	5.3	0.13025
GO:0052510	positive regulation by organism of defen...	19	8	5.3	0.13025
GO:0072347	response to anesthetic	19	8	5.3	0.13025
GO:0097696	STAT cascade	19	8	5.3	0.13025
GO:0042752	regulation of circadian rhythm	22	9	6.13	0.13046
GO:0050714	positive regulation of protein secretion	22	9	6.13	0.13046
GO:0008652	cellular amino acid biosynthetic process	89	30	24.8	0.13084
GO:0006289	nucleotide-excision repair	76	26	21.18	0.13246
GO:0000288	nuclear-transcribed mRNA catabolic proce...	47	17	13.1	0.13335
GO:0006364	rRNA processing	200	63	55.74	0.13584
GO:0000742	karyogamy involved in conjugation with c...	5	3	1.39	0.13589
GO:0001196	regulation of mating-type specific trans...	5	3	1.39	0.13589
GO:0001198	negative regulation of mating-type speci...	5	3	1.39	0.13589
GO:0001300	chronological cell aging	5	3	1.39	0.13589
GO:0001837	epithelial to mesenchymal transition	5	3	1.39	0.13589
GO:0002228	natural killer cell mediated immunity	5	3	1.39	0.13589
GO:0003009	skeletal muscle contraction	5	3	1.39	0.13589
GO:0006183	GTP biosynthetic process	5	3	1.39	0.13589
GO:0006349	regulation of gene expression by genetic...	5	3	1.39	0.13589
GO:0006423	cysteinyl-tRNA aminoacylation	5	3	1.39	0.13589
GO:0007039	protein catabolic process in the vacuole	5	3	1.39	0.13589
GO:0007339	binding of sperm to zona pellucida	5	3	1.39	0.13589
GO:0007532	regulation of mating-type specific trans...	5	3	1.39	0.13589
GO:0009713	catechol-containing compound biosyntheti...	5	3	1.39	0.13589
GO:0009825	multidimensional cell growth	5	3	1.39	0.13589
GO:0010520	regulation of reciprocal meiotic recombi...	5	3	1.39	0.13589
GO:0010922	positive regulation of phosphatase activ...	5	3	1.39	0.13589
GO:0014002	astrocyte development	5	3	1.39	0.13589
GO:0014015	positive regulation of gliogenesis	5	3	1.39	0.13589
GO:0018344	protein geranylgeranylation	5	3	1.39	0.13589
GO:0018963	phthalate metabolic process	5	3	1.39	0.13589
GO:0019405	alditol catabolic process	5	3	1.39	0.13589
GO:0019563	glycerol catabolic process	5	3	1.39	0.13589
GO:0019730	antimicrobial humoral response	5	3	1.39	0.13589
GO:0021695	cerebellar cortex development	5	3	1.39	0.13589
GO:0030511	positive regulation of transforming grow...	5	3	1.39	0.13589
GO:0031135	negative regulation of conjugation	5	3	1.39	0.13589
GO:0031138	negative regulation of conjugation with ...	5	3	1.39	0.13589
GO:0031150	sorocarp stalk development	5	3	1.39	0.13589
GO:0031529	ruffle organization	5	3	1.39	0.13589
GO:0032094	response to food	5	3	1.39	0.13589
GO:0034205	amyloid-beta formation	5	3	1.39	0.13589
GO:0035076	ecdysone receptor-mediated signaling pat...	5	3	1.39	0.13589
GO:0035753	maintenance of DNA trinucleotide repeats	5	3	1.39	0.13589
GO:0038203	TORC2 signaling	5	3	1.39	0.13589
GO:0042267	natural killer cell mediated cytotoxicit...	5	3	1.39	0.13589
GO:0042416	dopamine biosynthetic process	5	3	1.39	0.13589
GO:0042423	catecholamine biosynthetic process	5	3	1.39	0.13589
GO:0043052	thermotaxis	5	3	1.39	0.13589
GO:0043174	nucleoside salvage	5	3	1.39	0.13589
GO:0045446	endothelial cell differentiation	5	3	1.39	0.13589
GO:0045668	negative regulation of osteoblast differ...	5	3	1.39	0.13589
GO:0045894	negative regulation of mating-type speci...	5	3	1.39	0.13589
GO:0045988	negative regulation of striated muscle c...	5	3	1.39	0.13589
GO:0048246	macrophage chemotaxis	5	3	1.39	0.13589
GO:0048286	lung alveolus development	5	3	1.39	0.13589
GO:0048574	long-day photoperiodism, flowering	5	3	1.39	0.13589
GO:0048708	astrocyte differentiation	5	3	1.39	0.13589
GO:0050729	positive regulation of inflammatory resp...	5	3	1.39	0.13589
GO:0050818	regulation of coagulation	5	3	1.39	0.13589
GO:0050922	negative regulation of chemotaxis	5	3	1.39	0.13589
GO:0051204	protein insertion into mitochondrial mem...	5	3	1.39	0.13589
GO:0051571	positive regulation of histone H3-K4 met...	5	3	1.39	0.13589
GO:0070262	peptidyl-serine dephosphorylation	5	3	1.39	0.13589
GO:0070741	response to interleukin-6	5	3	1.39	0.13589
GO:0071354	cellular response to interleukin-6	5	3	1.39	0.13589
GO:0071825	protein-lipid complex subunit organizati...	5	3	1.39	0.13589
GO:0072364	regulation of cellular ketone metabolic ...	5	3	1.39	0.13589
GO:0090208	positive regulation of triglyceride meta...	5	3	1.39	0.13589
GO:0090666	scaRNA localization to Cajal body	5	3	1.39	0.13589
GO:0100070	regulation of fatty acid biosynthetic pr...	5	3	1.39	0.13589
GO:1901407	regulation of phosphorylation of RNA pol...	5	3	1.39	0.13589
GO:1902224	ketone body metabolic process	5	3	1.39	0.13589
GO:1903846	positive regulation of cellular response...	5	3	1.39	0.13589
GO:1903961	positive regulation of anion transmembra...	5	3	1.39	0.13589
GO:1904872	regulation of telomerase RNA localizatio...	5	3	1.39	0.13589
GO:1905517	macrophage migration	5	3	1.39	0.13589
GO:2000531	regulation of fatty acid biosynthetic pr...	5	3	1.39	0.13589
GO:0006066	alcohol metabolic process	73	25	20.34	0.13688
GO:0062013	positive regulation of small molecule me...	44	16	12.26	0.13724
GO:0051240	positive regulation of multicellular org...	190	60	52.95	0.13773
GO:0019216	regulation of lipid metabolic process	83	28	23.13	0.13978
GO:0034728	nucleosome organization	57	20	15.89	0.14117
GO:0030155	regulation of cell adhesion	41	15	11.43	0.14119
GO:0000165	MAPK cascade	70	24	19.51	0.14147
GO:0006338	chromatin remodeling	80	27	22.3	0.14452
GO:0051276	chromosome organization	477	143	132.94	0.14511
GO:0032147	activation of protein kinase activity	38	14	10.59	0.14518
GO:0007049	cell cycle	533	159	148.54	0.14626
GO:0006914	autophagy	184	58	51.28	0.14630
GO:0002252	immune effector process	130	42	36.23	0.14656
GO:0009896	positive regulation of catabolic process	130	42	36.23	0.14656
GO:0031331	positive regulation of cellular cataboli...	120	39	33.44	0.14724
GO:0019220	regulation of phosphate metabolic proces...	225	70	62.71	0.14760
GO:0051174	regulation of phosphorus metabolic proce...	225	70	62.71	0.14760
GO:0065008	regulation of biological quality	744	219	207.35	0.14920
GO:0010647	positive regulation of cell communicatio...	215	67	59.92	0.15016
GO:0006954	inflammatory response	51	18	14.21	0.15055
GO:0007219	Notch signaling pathway	51	18	14.21	0.15055
GO:0034504	protein localization to nucleus	64	22	17.84	0.15122
GO:1903311	regulation of mRNA metabolic process	64	22	17.84	0.15122
GO:0034645	cellular macromolecule biosynthetic proc...	967	282	269.5	0.15164
GO:0050767	regulation of neurogenesis	117	38	32.61	0.15213
GO:0031400	negative regulation of protein modificat...	107	35	29.82	0.15247
GO:0042274	ribosomal small subunit biogenesis	107	35	29.82	0.15247
GO:0031929	TOR signaling	32	12	8.92	0.15312
GO:0043393	regulation of protein binding	32	12	8.92	0.15312
GO:0036503	ERAD pathway	74	25	20.62	0.15461
GO:0051050	positive regulation of transport	134	43	37.34	0.15516
GO:0050790	regulation of catalytic activity	374	113	104.23	0.15521
GO:0051179	localization	1156	335	322.17	0.15608
GO:0031348	negative regulation of defense response	29	11	8.08	0.15697
GO:0051100	negative regulation of binding	29	11	8.08	0.15697
GO:0055088	lipid homeostasis	29	11	8.08	0.15697
GO:1901655	cellular response to ketone	29	11	8.08	0.15697
GO:0000349	generation of catalytic spliceosome for ...	8	4	2.23	0.15699
GO:0000394	RNA splicing, via endonucleolytic cleava...	8	4	2.23	0.15699
GO:0000430	regulation of transcription from RNA pol...	8	4	2.23	0.15699
GO:0000433	carbon catabolite repression of transcri...	8	4	2.23	0.15699
GO:0001764	neuron migration	8	4	2.23	0.15699
GO:0001938	positive regulation of endothelial cell ...	8	4	2.23	0.15699
GO:0002832	negative regulation of response to bioti...	8	4	2.23	0.15699
GO:0006269	DNA replication, synthesis of RNA primer	8	4	2.23	0.15699
GO:0007220	Notch receptor processing	8	4	2.23	0.15699
GO:0007289	spermatid nucleus differentiation	8	4	2.23	0.15699
GO:0007430	terminal branching, open tracheal system	8	4	2.23	0.15699
GO:0009850	auxin metabolic process	8	4	2.23	0.15699
GO:0010087	phloem or xylem histogenesis	8	4	2.23	0.15699
GO:0030516	regulation of axon extension	8	4	2.23	0.15699
GO:0031640	killing of cells of other organism	8	4	2.23	0.15699
GO:0035307	positive regulation of protein dephospho...	8	4	2.23	0.15699
GO:0035337	fatty-acyl-CoA metabolic process	8	4	2.23	0.15699
GO:0042633	hair cycle	8	4	2.23	0.15699
GO:0043201	response to leucine	8	4	2.23	0.15699
GO:0044364	disruption of cells of other organism	8	4	2.23	0.15699
GO:0045013	carbon catabolite repression of transcri...	8	4	2.23	0.15699
