GO:0015931	6.6e-05
GO:0042304	7.3e-05
GO:0006810	0.00019
GO:0071702	0.00025
GO:0062012	0.00027
GO:0071705	0.00030
GO:0051234	0.00053
GO:0045842	0.00058
GO:1901970	0.00058
GO:0015833	0.00059
GO:0006412	0.00068
GO:0000290	0.00070
GO:0006518	0.00079
GO:0017148	0.00083
GO:0006886	0.00083
GO:0043043	0.00090
GO:0042886	0.00090
GO:0016032	0.00097
GO:0015031	0.00113
GO:1902101	0.00116
GO:1905820	0.00116
GO:0006109	0.00119
GO:0006839	0.00128
GO:0051168	0.00153
GO:0045184	0.00159
GO:0034249	0.00161
GO:0055085	0.00161
GO:0045840	0.00188
GO:0051179	0.00193
GO:0006415	0.00205
GO:0016246	0.00219
GO:0044403	0.00232
GO:0043604	0.00237
GO:1901566	0.00243
GO:0034220	0.00263
GO:0006611	0.00280
GO:0046907	0.00292
GO:0062033	0.00292
GO:0034035	0.00296
GO:0034036	0.00296
GO:0050427	0.00296
GO:0050428	0.00296
GO:0043902	0.00322
GO:0015865	0.00330
GO:1902652	0.00355
GO:1901264	0.00363
GO:0045912	0.00379
GO:0006605	0.00382
GO:0072525	0.00385
GO:0008637	0.00392
GO:0051649	0.00424
GO:0098662	0.00425
GO:1902653	0.00426
GO:1903902	0.00426
GO:0006110	0.00462
GO:0030811	0.00462
GO:0051195	0.00462
GO:0006892	0.00501
GO:0002181	0.00504
GO:0043624	0.00508
GO:0051785	0.00516
GO:0002183	0.00561
GO:0006405	0.00569
GO:0043603	0.00570
GO:0043933	0.00580
GO:0051306	0.00590
GO:0002188	0.00597
GO:0035268	0.00597
GO:0035269	0.00597
GO:0097307	0.00597
GO:0097308	0.00597
GO:1901562	0.00597
GO:0072657	0.00602
GO:0022618	0.00633
GO:0098655	0.00658
GO:0044419	0.00662
GO:0031204	0.00672
GO:0034063	0.00672
GO:0046902	0.00672
GO:0010038	0.00691
GO:0006081	0.00696
GO:0046031	0.00696
GO:0006620	0.00707
GO:0090559	0.00707
GO:0007091	0.00765
GO:0030071	0.00765
GO:0046890	0.00765
GO:0050657	0.00777
GO:0050658	0.00777
GO:0042255	0.00786
GO:0010565	0.00791
GO:0006811	0.00812
GO:0051984	0.00815
GO:1902600	0.00818
GO:1901992	0.00854
GO:0006695	0.00893
GO:0006896	0.00893
GO:0015868	0.00893
GO:0051503	0.00893
GO:0062014	0.00893
GO:0106118	0.00893
GO:0051236	0.00907
GO:0010965	0.00928
GO:0035966	0.00969
GO:0006754	0.00989
GO:0006913	0.00991
GO:0051169	0.00991
GO:0006446	0.00994
GO:0006090	0.01012
GO:0006367	0.01012
GO:0071426	0.01019
GO:0071826	0.01039
GO:0019682	0.01052
GO:0051193	0.01052
GO:0044784	0.01118
GO:1902099	0.01118
GO:0005975	0.01118
GO:0006413	0.01141
GO:0042221	0.01163
GO:0006096	0.01178
GO:0006757	0.01178
GO:0016126	0.01178
GO:0019217	0.01178
GO:0006516	0.01187
GO:0031291	0.01187
GO:0043470	0.01187
GO:0046963	0.01187
GO:0050690	0.01187
GO:1902559	0.01187
GO:0016128	0.01200
GO:0016129	0.01200
GO:0071166	0.01208
GO:0072524	0.01208
GO:0006812	0.01228
GO:0048524	0.01250
GO:0000041	0.01277
GO:0051301	0.01280
GO:0001112	0.01287
GO:0001120	0.01287
GO:0015780	0.01287
GO:0045940	0.01287
GO:0051196	0.01287
GO:0090277	0.01287
GO:0090150	0.01297
GO:0046686	0.01301
GO:1902930	0.01303
GO:2001235	0.01303
GO:0016125	0.01303
GO:0034613	0.01308
GO:1905818	0.01337
GO:0048193	0.01436
GO:0072594	0.01439
GO:0006862	0.01471
GO:0033044	0.01502
GO:0051781	0.01520
GO:0019218	0.01575
GO:0042866	0.01575
GO:0045540	0.01583
GO:0060260	0.01583
GO:0006352	0.01590
GO:1903311	0.01590
GO:0006082	0.01613
GO:0043436	0.01613
GO:0015748	0.01639
GO:0043903	0.01639
GO:0019359	0.01648
GO:0019363	0.01648
GO:0044743	0.01648
GO:1901989	0.01670
GO:0000028	0.01834
GO:0008203	0.01834
GO:0042026	0.01893
GO:0060261	0.01893
GO:2000144	0.01893
GO:0017038	0.01978
GO:0033045	0.01978
GO:0065002	0.01982
GO:0050810	0.01985
GO:0008104	0.02015
GO:1903900	0.02062
GO:0006449	0.02064
GO:0007008	0.02064
GO:0010216	0.02064
GO:0015985	0.02064
GO:0015986	0.02064
GO:0030212	0.02064
GO:0031086	0.02064
GO:0031087	0.02064
GO:0042262	0.02064
GO:0044396	0.02064
GO:0045040	0.02064
GO:0051197	0.02064
GO:0075522	0.02064
GO:0050896	0.02105
GO:0051983	0.02122
GO:0006401	0.02185
GO:0006696	0.02196
GO:0008204	0.02196
GO:0034367	0.02196
GO:0044108	0.02196
GO:0008202	0.02205
GO:0033047	0.02260
GO:0046887	0.02279
GO:0090181	0.02279
GO:1901679	0.02279
GO:2000142	0.02279
GO:0032787	0.02302
GO:0032984	0.02333
GO:0010638	0.02355
GO:0001113	0.02374
GO:0001836	0.02374
GO:0010677	0.02374
GO:0032106	0.02374
GO:0032109	0.02374
GO:0033120	0.02374
GO:0045070	0.02374
GO:0050667	0.02374
GO:0051085	0.02374
GO:0090175	0.02374
GO:1903749	0.02374
GO:1905710	0.02374
GO:0006406	0.02414
GO:0071427	0.02414
GO:0071806	0.02414
GO:0009206	0.02482
GO:0090407	0.02526
GO:0016071	0.02572
GO:0046939	0.02582
GO:0006733	0.02610
GO:0032103	0.02616
GO:0090501	0.02626
GO:0009135	0.02635
GO:0009179	0.02635
GO:0070727	0.02809
GO:0010150	0.02816
GO:0046825	0.02816
GO:0090693	0.02816
GO:1903313	0.02816
GO:2000027	0.02816
GO:0009152	0.02837
GO:0098660	0.02879
GO:2001252	0.02909
GO:0035194	0.02911
GO:0051130	0.02915
GO:0007088	0.02947
GO:0043281	0.03048
GO:0000956	0.03162
GO:0051049	0.03165
GO:0006694	0.03173
GO:0019362	0.03194
GO:0046496	0.03194
GO:0006165	0.03279
GO:0007006	0.03279
GO:0006679	0.03295
GO:0009647	0.03295
GO:0010360	0.03295
GO:0010361	0.03295
GO:0010362	0.03295
GO:0010555	0.03295
GO:0019348	0.03295
GO:0022605	0.03295
GO:0023058	0.03295
GO:0030812	0.03295
GO:0031919	0.03295
GO:0031921	0.03295
GO:0033489	0.03295
GO:0033490	0.03295
GO:0036246	0.03295
GO:0036249	0.03295
GO:0039530	0.03295
GO:0039533	0.03295
GO:0042069	0.03295
GO:0042126	0.03295
GO:0042776	0.03295
GO:0043335	0.03295
GO:0045717	0.03295
GO:0045723	0.03295
GO:0045820	0.03295
GO:0046476	0.03295
GO:0046600	0.03295
GO:0048829	0.03295
GO:0051198	0.03295
GO:0060351	0.03295
GO:0071493	0.03295
GO:0071993	0.03295
GO:0071994	0.03295
GO:0071995	0.03295
GO:0071996	0.03295
GO:0090042	0.03295
GO:0090043	0.03295
GO:0090160	0.03295
GO:0090200	0.03295
GO:0090233	0.03295
GO:0090480	0.03295
GO:0097050	0.03295
GO:1900056	0.03295
GO:1900436	0.03295
GO:1900490	0.03295
GO:1901535	0.03295
GO:1901537	0.03295
GO:1902426	0.03295
GO:1903066	0.03295
GO:1905622	0.03295
GO:1990540	0.03295
GO:2000674	0.03295
GO:2000676	0.03295
GO:2001215	0.03295
GO:0002495	0.03328
GO:0002504	0.03328
GO:0019886	0.03328
GO:0090503	0.03328
GO:0019882	0.03353
GO:0061077	0.03353
GO:0000027	0.03378
GO:0048002	0.03378
GO:0051050	0.03433
GO:0006407	0.03436
GO:0051029	0.03436
GO:0051205	0.03436
GO:0072530	0.03436
GO:1905330	0.03436
GO:0000288	0.03480
GO:0006986	0.03480
GO:0051028	0.03480
GO:0006402	0.03511
GO:0022411	0.03511
GO:0043900	0.03613
GO:0019216	0.03629
GO:0072655	0.03670
GO:2000116	0.03670
GO:0045047	0.03687
GO:0044265	0.03696
GO:0034655	0.03895
GO:0006164	0.03898
GO:0019752	0.03911
GO:0009201	0.03962
GO:0000281	0.03963
GO:0042180	0.03963
GO:0043433	0.03992
GO:0050792	0.04026
GO:0001732	0.04077
GO:0009646	0.04077
GO:0010893	0.04077
GO:0016109	0.04077
GO:0016117	0.04077
GO:0030260	0.04077
GO:0034475	0.04077
GO:0043154	0.04077
GO:0044409	0.04077
GO:0045898	0.04077
GO:0045899	0.04077
GO:0051084	0.04077
GO:0051806	0.04077
GO:0051828	0.04077
GO:0097194	0.04077
GO:2000117	0.04077
GO:0061640	0.04109
GO:0007568	0.04166
GO:0008299	0.04174
GO:0050684	0.04174
GO:0031329	0.04191
GO:0006887	0.04206
GO:0034427	0.04246
GO:0034661	0.04246
GO:0006612	0.04296
GO:0043248	0.04318
GO:0007623	0.04378
GO:0062013	0.04378
GO:0070585	0.04378
GO:0072330	0.04418
GO:0006423	0.04466
GO:0006501	0.04466
GO:0010676	0.04466
GO:0019081	0.04466
GO:0032024	0.04466
GO:0032088	0.04466
GO:0034381	0.04466
GO:0034383	0.04466
GO:0035794	0.04466
GO:0035977	0.04466
GO:0043970	0.04466
GO:0046596	0.04466
GO:0046598	0.04466
GO:0048564	0.04466
GO:0051194	0.04466
GO:0051204	0.04466
GO:0090199	0.04466
GO:0097466	0.04466
GO:0106120	0.04466
GO:1901994	0.04466
GO:1902103	0.04466
GO:1902626	0.04466
GO:1902686	0.04466
GO:1903510	0.04466
GO:1905133	0.04466
GO:0032101	0.04467
GO:0045931	0.04467
GO:0009145	0.04574
GO:0030866	0.04633
GO:0009108	0.04653
GO:0051641	0.04702
GO:0032940	0.04732
GO:0051783	0.04756
GO:0070925	0.04772
GO:0072599	0.04776
GO:0051304	0.04823
GO:0031334	0.04913
