GO:0051152	0.00035
GO:1905065	0.00035
GO:0051150	0.00105
GO:1905063	0.00105
GO:0009070	0.00127
GO:2000217	0.00204
GO:0009092	0.00207
GO:1901607	0.00247
GO:0001196	0.00341
GO:0001198	0.00341
GO:0007532	0.00341
GO:0045894	0.00341
GO:0072364	0.00341
GO:0100070	0.00341
GO:2000531	0.00341
GO:0070784	0.00366
GO:0001403	0.00433
GO:0032092	0.00433
GO:0006575	0.00496
GO:0001514	0.00506
GO:0006451	0.00506
GO:0035886	0.00506
GO:0051145	0.00506
GO:0008652	0.00621
GO:0036267	0.00678
GO:0000430	0.00921
GO:0000433	0.00921
GO:0010087	0.00921
GO:0035950	0.00921
GO:0035952	0.00921
GO:0035953	0.00921
GO:0035955	0.00921
GO:0042938	0.00921
GO:0045013	0.00921
GO:0045014	0.00921
GO:0051149	0.00921
GO:0061984	0.00921
GO:0061985	0.00921
GO:0061986	0.00921
GO:0061987	0.00921
GO:0090088	0.00921
GO:0090089	0.00921
GO:2000877	0.00921
GO:2000879	0.00921
GO:0070783	0.00991
GO:1900428	0.00991
GO:0010570	0.01111
GO:0000429	0.01170
GO:0045990	0.01170
GO:0042127	0.01428
GO:0046015	0.01445
GO:0046777	0.01507
GO:0040008	0.01733
GO:0009086	0.01745
GO:0046653	0.01745
GO:1901605	0.01794
GO:0016053	0.01805
GO:0046394	0.01805
GO:0000755	0.01897
GO:0003032	0.01897
GO:0003068	0.01897
GO:0003069	0.01897
GO:0003070	0.01897
GO:0003085	0.01897
GO:0006864	0.01897
GO:0007256	0.01897
GO:0007439	0.01897
GO:0009090	0.01897
GO:0009660	0.01897
GO:0010088	0.01897
GO:0010227	0.01897
GO:0010981	0.01897
GO:0016545	0.01897
GO:0017062	0.01897
GO:0018272	0.01897
GO:0030153	0.01897
GO:0032232	0.01897
GO:0032950	0.01897
GO:0032951	0.01897
GO:0032952	0.01897
GO:0032953	0.01897
GO:0032995	0.01897
GO:0034021	0.01897
GO:0034551	0.01897
GO:0035523	0.01897
GO:0038001	0.01897
GO:0039536	0.01897
GO:0044524	0.01897
GO:0045433	0.01897
GO:0046167	0.01897
GO:0048065	0.01897
GO:0048317	0.01897
GO:0048445	0.01897
GO:0048482	0.01897
GO:0048611	0.01897
GO:0048759	0.01897
GO:0048773	0.01897
GO:0071266	0.01897
GO:0071569	0.01897
GO:0090334	0.01897
GO:0090677	0.01897
GO:0090679	0.01897
GO:1900057	0.01897
GO:1900241	0.01897
GO:1902616	0.01897
GO:1904829	0.01897
GO:1904831	0.01897
GO:1905420	0.01897
GO:1905623	0.01897
GO:1905915	0.01897
GO:1905917	0.01897
GO:1905930	0.01897
GO:1905932	0.01897
GO:1990167	0.01897
GO:1990168	0.01897
GO:1990314	0.01897
GO:1990519	0.01897
GO:1990564	0.01897
GO:1990575	0.01897
GO:1990592	0.01897
GO:2000112	0.01921
GO:0009889	0.02050
GO:0016584	0.02068
GO:1903426	0.02068
GO:0043393	0.02181
GO:0051090	0.02181
GO:0042304	0.02415
GO:0043935	0.02415
GO:0051147	0.02415
GO:0010556	0.02489
GO:0031328	0.02761
GO:0045926	0.02976
GO:0031326	0.03038
GO:0006555	0.03173
GO:0006857	0.03173
GO:0007422	0.03173
GO:0034293	0.03173
GO:0043433	0.03173
GO:1904018	0.03173
GO:0007584	0.03195
GO:0009891	0.03231
GO:0051098	0.03358
GO:0051099	0.03424
GO:0006520	0.03504
GO:0051289	0.03583
GO:0009069	0.03661
GO:0043901	0.03661
GO:0001315	0.03759
GO:0006072	0.03759
GO:0006075	0.03759
GO:0006227	0.03759
GO:0006233	0.03759
GO:0006702	0.03759
GO:0006844	0.03759
GO:0009590	0.03759
GO:0009959	0.03759
GO:0010089	0.03759
GO:0010376	0.03759
GO:0010668	0.03759
GO:0019343	0.03759
GO:0019346	0.03759
GO:0030302	0.03759
GO:0034407	0.03759
GO:0034410	0.03759
GO:0034411	0.03759
GO:0035024	0.03759
GO:0035621	0.03759
GO:0035627	0.03759
GO:0035871	0.03759
GO:0039532	0.03759
GO:0039535	0.03759
GO:0043157	0.03759
GO:0043507	0.03759
GO:0044414	0.03759
GO:0045599	0.03759
GO:0046072	0.03759
GO:0046077	0.03759
GO:0048149	0.03759
GO:0051833	0.03759
GO:0052037	0.03759
GO:0052170	0.03759
GO:0052261	0.03759
GO:0052309	0.03759
GO:0052561	0.03759
GO:0052562	0.03759
GO:0052646	0.03759
GO:0072531	0.03759
GO:0120009	0.03759
GO:0120010	0.03759
GO:1901351	0.03759
GO:1901352	0.03759
GO:1901999	0.03759
GO:1902000	0.03759
GO:1902022	0.03759
GO:1902176	0.03759
GO:1903401	0.03759
GO:1903650	0.03759
GO:1904569	0.03759
GO:1904571	0.03759
GO:1904810	0.03759
GO:1905177	0.03759
GO:2000037	0.03759
GO:2001245	0.03759
GO:2001247	0.03759
GO:0010628	0.03771
GO:0044182	0.03905
GO:0000097	0.04012
GO:1901616	0.04012
GO:0042742	0.04107
GO:1902531	0.04333
GO:0008285	0.04433
GO:0006760	0.04459
GO:0009067	0.04459
GO:0045944	0.04620
GO:1903409	0.04688
GO:0042554	0.04924
