GO:0019432	3.7e-05
GO:0046460	7.6e-05
GO:0046463	7.6e-05
GO:1902969	0.00026
GO:0046483	0.00047
GO:0033260	0.00052
GO:0007220	0.00080
GO:1901360	0.00086
GO:0006725	0.00090
GO:0070734	0.00093
GO:0006139	0.00109
GO:0034641	0.00116
GO:0009163	0.00134
GO:0071704	0.00168
GO:0000393	0.00169
GO:0042455	0.00210
GO:0006479	0.00258
GO:0008213	0.00258
GO:0016074	0.00286
GO:0044238	0.00292
GO:0018022	0.00307
GO:0006807	0.00323
GO:0043038	0.00341
GO:0043039	0.00341
GO:0006418	0.00436
GO:0034968	0.00449
GO:0031060	0.00458
GO:2000177	0.00488
GO:0061351	0.00508
GO:0016070	0.00533
GO:0043414	0.00536
GO:0006595	0.00608
GO:0010866	0.00608
GO:0035329	0.00608
GO:0035330	0.00608
GO:0035331	0.00608
GO:0046037	0.00608
GO:0046710	0.00608
GO:1902298	0.00608
GO:1990426	0.00608
GO:1990505	0.00608
GO:0031399	0.00623
GO:0009116	0.00659
GO:0016571	0.00659
GO:0044843	0.00679
GO:0048069	0.00687
GO:0070534	0.00687
GO:0007405	0.00717
GO:1901576	0.00718
GO:0000349	0.00768
GO:0051347	0.00827
GO:1901568	0.00834
GO:0090304	0.00847
GO:0032259	0.00849
GO:0043408	0.00897
GO:0043405	0.00941
GO:0043144	0.00967
GO:0009119	0.00999
GO:1901659	0.01038
GO:0006399	0.01067
GO:0006606	0.01123
GO:0009266	0.01301
GO:0031401	0.01397
GO:0000060	0.01436
GO:0050680	0.01436
GO:0031647	0.01505
GO:0006641	0.01526
GO:0006638	0.01550
GO:0006639	0.01550
GO:0051338	0.01565
GO:1901565	0.01725
GO:0006726	0.01762
GO:0042441	0.01762
GO:0043324	0.01762
GO:0043474	0.01762
GO:0050732	0.01762
GO:0090207	0.01762
GO:0000082	0.01799
GO:0071310	0.01823
GO:0001933	0.01846
GO:0033674	0.01860
GO:0000165	0.01872
GO:0030163	0.01895
GO:0009056	0.01941
GO:0044237	0.01997
GO:0043412	0.02024
GO:1902975	0.02042
GO:0051603	0.02101
GO:0000492	0.02105
GO:0033313	0.02105
GO:0046321	0.02105
GO:0061085	0.02105
GO:0070207	0.02105
GO:0043170	0.02114
GO:0002757	0.02176
GO:0002764	0.02176
GO:0000389	0.02181
GO:0006438	0.02181
GO:0006596	0.02181
GO:0006787	0.02181
GO:0008216	0.02181
GO:0010867	0.02181
GO:0016048	0.02181
GO:0018364	0.02181
GO:0033015	0.02181
GO:0033158	0.02181
GO:0046149	0.02181
GO:0046348	0.02181
GO:0048768	0.02181
GO:0051598	0.02181
GO:0061180	0.02181
GO:0140042	0.02181
GO:1903463	0.02181
GO:1904289	0.02181
GO:1904290	0.02181
GO:2000002	0.02181
GO:2001238	0.02181
GO:0018205	0.02228
GO:0050793	0.02245
GO:0071900	0.02266
GO:0044786	0.02292
GO:0045860	0.02296
GO:0043406	0.02297
GO:0052173	0.02297
GO:0052200	0.02297
GO:0075136	0.02297
GO:0044257	0.02300
GO:0009057	0.02316
GO:0044248	0.02335
GO:0001837	0.02364
GO:0006582	0.02364
GO:0006662	0.02364
GO:0006727	0.02364
GO:0008055	0.02364
GO:0008611	0.02364
GO:0014002	0.02364
GO:0030318	0.02364
GO:0033060	0.02364
GO:0035710	0.02364
GO:0042438	0.02364
GO:0043174	0.02364
GO:0044058	0.02364
GO:0046152	0.02364
GO:0046158	0.02364
GO:0046485	0.02364
GO:0046504	0.02364
GO:0048708	0.02364
GO:1901004	0.02364
GO:1901006	0.02364
GO:1901503	0.02364
GO:1902224	0.02364
GO:0044770	0.02445
GO:0002684	0.02464
GO:0040013	0.02556
GO:0044265	0.02602
GO:0000727	0.02625
GO:0034656	0.02625
GO:0042306	0.02625
GO:1902692	0.02625
GO:1901575	0.02661
GO:0048522	0.02718
GO:0031056	0.02754
GO:0023014	0.02781
GO:1901657	0.02781
GO:0003333	0.02793
GO:0043279	0.02793
GO:0009451	0.02892
GO:0006576	0.02978
GO:0009058	0.03001
GO:0034404	0.03003
GO:0034660	0.03080
GO:0015807	0.03318
GO:0030879	0.03324
GO:0070206	0.03324
GO:1902292	0.03324
GO:1902315	0.03324
GO:0009908	0.03324
GO:1901564	0.03333
GO:0009309	0.03376
GO:0031062	0.03376
GO:0034088	0.03376
GO:0042401	0.03376
GO:0071395	0.03376
GO:0090382	0.03376
GO:0019438	0.03387
GO:0019932	0.03390
GO:0050821	0.03390
GO:0044249	0.03404
GO:1905039	0.03437
GO:0007062	0.03468
GO:0044772	0.03503
GO:0010562	0.03515
GO:0045937	0.03515
GO:0031154	0.03589
GO:0043928	0.03589
GO:0043488	0.03803
GO:0051100	0.03803
GO:0009416	0.03855
GO:1900034	0.03873
GO:0010467	0.03929
GO:0060070	0.03967
GO:0060828	0.03967
GO:0072089	0.03967
GO:1902275	0.04056
GO:0043549	0.04100
GO:0030334	0.04164
GO:0042326	0.04164
GO:0034654	0.04192
GO:0044093	0.04201
GO:0030155	0.04246
GO:0090567	0.04246
GO:0052031	0.04297
GO:0052255	0.04297
GO:0071559	0.04297
GO:0071560	0.04297
GO:0006396	0.04301
GO:0043085	0.04319
GO:0000491	0.04334
GO:0006267	0.04334
GO:0010374	0.04334
GO:0030516	0.04334
GO:0035337	0.04334
GO:0036388	0.04334
GO:0042307	0.04334
GO:0048538	0.04334
GO:1902299	0.04334
GO:0030336	0.04342
GO:0031000	0.04342
GO:0036270	0.04342
GO:0050931	0.04342
GO:0051271	0.04342
GO:2000146	0.04342
GO:0051093	0.04418
GO:0050790	0.04514
GO:0001824	0.04622
GO:0009845	0.04622
GO:1990823	0.04622
GO:1990830	0.04622
GO:0000122	0.04752
GO:0010948	0.04786
GO:0045859	0.04813
GO:0008033	0.04821
GO:0045596	0.04821
GO:0034470	0.04863
GO:0042063	0.04866
GO:0051101	0.04866
GO:0050776	0.04940
GO:0044281	0.04959
