GO.ID	Term	Annotated	Significant	Expected	classic
GO:0019432	triglyceride biosynthetic process	8	8	2.24	3.7e-05
GO:0046460	neutral lipid biosynthetic process	10	9	2.8	7.6e-05
GO:0046463	acylglycerol biosynthetic process	10	9	2.8	7.6e-05
GO:1902969	mitotic DNA replication	35	20	9.79	0.00026
GO:0046483	heterocycle metabolic process	1518	467	424.47	0.00047
GO:0033260	nuclear DNA replication	44	23	12.3	0.00052
GO:0007220	Notch receptor processing	8	7	2.24	0.00080
GO:1901360	organic cyclic compound metabolic proces...	1590	485	444.61	0.00086
GO:0006725	cellular aromatic compound metabolic pro...	1530	468	427.83	0.00090
GO:0070734	histone H3-K27 methylation	10	8	2.8	0.00093
GO:0006139	nucleobase-containing compound metabolic...	1401	431	391.76	0.00109
GO:0034641	cellular nitrogen compound metabolic pro...	1691	512	472.85	0.00116
GO:0009163	nucleoside biosynthetic process	26	15	7.27	0.00134
GO:0071704	organic substance metabolic process	2537	740	709.41	0.00168
GO:0000393	spliceosomal conformational changes to g...	17	11	4.75	0.00169
GO:0042455	ribonucleoside biosynthetic process	22	13	6.15	0.00210
GO:0006479	protein methylation	79	34	22.09	0.00258
GO:0008213	protein alkylation	79	34	22.09	0.00258
GO:0016074	snoRNA metabolic process	25	14	6.99	0.00286
GO:0044238	primary metabolic process	2408	704	673.34	0.00292
GO:0018022	peptidyl-lysine methylation	46	22	12.86	0.00307
GO:0006807	nitrogen compound metabolic process	2316	679	647.62	0.00323
GO:0043038	amino acid activation	33	17	9.23	0.00341
GO:0043039	tRNA aminoacylation	33	17	9.23	0.00341
GO:0006418	tRNA aminoacylation for protein translat...	31	16	8.67	0.00436
GO:0034968	histone lysine methylation	39	19	10.91	0.00449
GO:0031060	regulation of histone methylation	21	12	5.87	0.00458
GO:2000177	regulation of neural precursor cell prol...	14	9	3.91	0.00488
GO:0061351	neural precursor cell proliferation	34	17	9.51	0.00508
GO:0016070	RNA metabolic process	971	302	271.52	0.00533
GO:0043414	macromolecule methylation	124	48	34.67	0.00536
GO:0006595	polyamine metabolic process	4	4	1.12	0.00608
GO:0010866	regulation of triglyceride biosynthetic ...	4	4	1.12	0.00608
GO:0035329	hippo signaling	4	4	1.12	0.00608
GO:0035330	regulation of hippo signaling	4	4	1.12	0.00608
GO:0035331	negative regulation of hippo signaling	4	4	1.12	0.00608
GO:0046037	GMP metabolic process	4	4	1.12	0.00608
GO:0046710	GDP metabolic process	4	4	1.12	0.00608
GO:1902298	cell cycle DNA replication maintenance o...	4	4	1.12	0.00608
GO:1990426	mitotic recombination-dependent replicat...	4	4	1.12	0.00608
GO:1990505	mitotic DNA replication maintenance of f...	4	4	1.12	0.00608
GO:0031399	regulation of protein modification proce...	267	93	74.66	0.00623
GO:0009116	nucleoside metabolic process	54	24	15.1	0.00659
GO:0016571	histone methylation	54	24	15.1	0.00659
GO:0044843	cell cycle G1/S phase transition	95	38	26.56	0.00679
GO:0048069	eye pigmentation	10	7	2.8	0.00687
GO:0070534	protein K63-linked ubiquitination	10	7	2.8	0.00687
GO:0007405	neuroblast proliferation	27	14	7.55	0.00717
GO:1901576	organic substance biosynthetic process	1507	453	421.4	0.00718
GO:0000349	generation of catalytic spliceosome for ...	8	6	2.24	0.00768
GO:0051347	positive regulation of transferase activ...	99	39	27.68	0.00827
GO:1901568	fatty acid derivative metabolic process	30	15	8.39	0.00834
GO:0090304	nucleic acid metabolic process	1156	353	323.25	0.00847
GO:0032259	methylation	139	52	38.87	0.00849
GO:0043408	regulation of MAPK cascade	58	25	16.22	0.00897
GO:0043405	regulation of MAP kinase activity	33	16	9.23	0.00941
GO:0043144	snoRNA processing	20	11	5.59	0.00967
GO:0009119	ribonucleoside metabolic process	47	21	13.14	0.00999
GO:1901659	glycosyl compound biosynthetic process	36	17	10.07	0.01038
GO:0006399	tRNA metabolic process	128	48	35.79	0.01067
GO:0006606	protein import into nucleus	39	18	10.91	0.01123
GO:0009266	response to temperature stimulus	167	60	46.7	0.01301
GO:0031401	positive regulation of protein modificat...	158	57	44.18	0.01397
GO:0000060	protein import into nucleus, translocati...	11	7	3.08	0.01436
GO:0050680	negative regulation of epithelial cell p...	11	7	3.08	0.01436
GO:0031647	regulation of protein stability	66	27	18.46	0.01505
GO:0006641	triglyceride metabolic process	21	11	5.87	0.01526
GO:0006638	neutral lipid metabolic process	29	14	8.11	0.01550
GO:0006639	acylglycerol metabolic process	29	14	8.11	0.01550
GO:0051338	regulation of transferase activity	162	58	45.3	0.01565
GO:1901565	organonitrogen compound catabolic proces...	389	127	108.77	0.01725
GO:0006726	eye pigment biosynthetic process	9	6	2.52	0.01762
GO:0042441	eye pigment metabolic process	9	6	2.52	0.01762
GO:0043324	pigment metabolic process involved in de...	9	6	2.52	0.01762
GO:0043474	pigment metabolic process involved in pi...	9	6	2.52	0.01762
GO:0050732	negative regulation of peptidyl-tyrosine...	9	6	2.52	0.01762
GO:0090207	regulation of triglyceride metabolic pro...	9	6	2.52	0.01762
GO:0000082	G1/S transition of mitotic cell cycle	91	35	25.45	0.01799
GO:0071310	cellular response to organic substance	440	142	123.04	0.01823
GO:0001933	negative regulation of protein phosphory...	61	25	17.06	0.01846
GO:0033674	positive regulation of kinase activity	64	26	17.9	0.01860
GO:0000165	MAPK cascade	70	28	19.57	0.01872
GO:0030163	protein catabolic process	287	96	80.25	0.01895
GO:0009056	catabolic process	786	243	219.79	0.01941
GO:0044237	cellular metabolic process	2619	753	732.34	0.01997
GO:0043412	macromolecule modification	929	284	259.77	0.02024
GO:1902975	mitotic DNA replication initiation	14	8	3.91	0.02042
GO:0051603	proteolysis involved in cellular protein...	242	82	67.67	0.02101
GO:0000492	box C/D snoRNP assembly	7	5	1.96	0.02105
GO:0033313	meiotic cell cycle checkpoint	7	5	1.96	0.02105
GO:0046321	positive regulation of fatty acid oxidat...	7	5	1.96	0.02105
GO:0061085	regulation of histone H3-K27 methylation	7	5	1.96	0.02105
GO:0070207	protein homotrimerization	7	5	1.96	0.02105
GO:0043170	macromolecule metabolic process	1961	574	548.35	0.02114
GO:0002757	immune response-activating signal transd...	30	14	8.39	0.02176
GO:0002764	immune response-regulating signaling pat...	30	14	8.39	0.02176
GO:0000389	mRNA 3'-splice site recognition	3	3	0.84	0.02181
GO:0006438	valyl-tRNA aminoacylation	3	3	0.84	0.02181
GO:0006596	polyamine biosynthetic process	3	3	0.84	0.02181
GO:0006787	porphyrin-containing compound catabolic ...	3	3	0.84	0.02181
GO:0008216	spermidine metabolic process	3	3	0.84	0.02181
GO:0010867	positive regulation of triglyceride bios...	3	3	0.84	0.02181
GO:0016048	detection of temperature stimulus	3	3	0.84	0.02181
GO:0018364	peptidyl-glutamine methylation	3	3	0.84	0.02181
GO:0033015	tetrapyrrole catabolic process	3	3	0.84	0.02181
GO:0033158	regulation of protein import into nucleu...	3	3	0.84	0.02181
GO:0046149	pigment catabolic process	3	3	0.84	0.02181
GO:0046348	amino sugar catabolic process	3	3	0.84	0.02181
GO:0048768	root hair cell tip growth	3	3	0.84	0.02181
GO:0051598	meiotic recombination checkpoint	3	3	0.84	0.02181
GO:0061180	mammary gland epithelium development	3	3	0.84	0.02181
GO:0140042	lipid droplet formation	3	3	0.84	0.02181
GO:1903463	regulation of mitotic cell cycle DNA rep...	3	3	0.84	0.02181
GO:1904289	regulation of mitotic DNA damage checkpo...	3	3	0.84	0.02181
GO:1904290	negative regulation of mitotic DNA damag...	3	3	0.84	0.02181
GO:2000002	negative regulation of DNA damage checkp...	3	3	0.84	0.02181
GO:2001238	positive regulation of extrinsic apoptot...	3	3	0.84	0.02181
GO:0018205	peptidyl-lysine modification	136	49	38.03	0.02228
GO:0050793	regulation of developmental process	419	135	117.16	0.02245
GO:0071900	regulation of protein serine/threonine k...	77	30	21.53	0.02266
GO:0044786	cell cycle DNA replication	71	28	19.85	0.02292
GO:0045860	positive regulation of protein kinase ac...	62	25	17.34	0.02296
GO:0043406	positive regulation of MAP kinase activi...	22	11	6.15	0.02297
GO:0052173	response to defenses of other organism i...	22	11	6.15	0.02297
GO:0052200	response to host defenses	22	11	6.15	0.02297
GO:0075136	response to host	22	11	6.15	0.02297
GO:0044257	cellular protein catabolic process	256	86	71.58	0.02300
GO:0009057	macromolecule catabolic process	443	142	123.87	0.02316
GO:0044248	cellular catabolic process	744	230	208.04	0.02335
GO:0001837	epithelial to mesenchymal transition	5	4	1.4	0.02364
GO:0006582	melanin metabolic process	5	4	1.4	0.02364
GO:0006662	glycerol ether metabolic process	5	4	1.4	0.02364
GO:0006727	ommochrome biosynthetic process	5	4	1.4	0.02364
GO:0008055	ocellus pigment biosynthetic process	5	4	1.4	0.02364
GO:0008611	ether lipid biosynthetic process	5	4	1.4	0.02364
GO:0014002	astrocyte development	5	4	1.4	0.02364
GO:0030318	melanocyte differentiation	5	4	1.4	0.02364
GO:0033060	ocellus pigmentation	5	4	1.4	0.02364
GO:0035710	CD4-positive, alpha-beta T cell activati...	5	4	1.4	0.02364
GO:0042438	melanin biosynthetic process	5	4	1.4	0.02364
GO:0043174	nucleoside salvage	5	4	1.4	0.02364
GO:0044058	regulation of digestive system process	5	4	1.4	0.02364
GO:0046152	ommochrome metabolic process	5	4	1.4	0.02364
GO:0046158	ocellus pigment metabolic process	5	4	1.4	0.02364
GO:0046485	ether lipid metabolic process	5	4	1.4	0.02364
GO:0046504	glycerol ether biosynthetic process	5	4	1.4	0.02364
GO:0048708	astrocyte differentiation	5	4	1.4	0.02364
GO:1901004	ubiquinone-6 metabolic process	5	4	1.4	0.02364
GO:1901006	ubiquinone-6 biosynthetic process	5	4	1.4	0.02364
GO:1901503	ether biosynthetic process	5	4	1.4	0.02364
GO:1902224	ketone body metabolic process	5	4	1.4	0.02364
GO:0044770	cell cycle phase transition	214	73	59.84	0.02445
GO:0002684	positive regulation of immune system pro...	99	37	27.68	0.02464
GO:0040013	negative regulation of locomotion	17	9	4.75	0.02556
GO:0044265	cellular macromolecule catabolic process	404	130	112.97	0.02602
GO:0000727	double-strand break repair via break-ind...	12	7	3.36	0.02625
GO:0034656	nucleobase-containing small molecule cat...	12	7	3.36	0.02625
GO:0042306	regulation of protein import into nucleu...	12	7	3.36	0.02625
GO:1902692	regulation of neuroblast proliferation	12	7	3.36	0.02625
GO:1901575	organic substance catabolic process	653	203	182.6	0.02661
GO:0048522	positive regulation of cellular process	847	259	236.84	0.02718
GO:0031056	regulation of histone modification	48	20	13.42	0.02754
GO:0023014	signal transduction by protein phosphory...	72	28	20.13	0.02781
GO:1901657	glycosyl compound metabolic process	72	28	20.13	0.02781
GO:0003333	amino acid transmembrane transport	28	13	7.83	0.02793
GO:0043279	response to alkaloid	28	13	7.83	0.02793
GO:0009451	RNA modification	100	37	27.96	0.02892
GO:0006576	cellular biogenic amine metabolic proces...	20	10	5.59	0.02978
GO:0009058	biosynthetic process	1547	457	432.58	0.03001
GO:0034404	nucleobase-containing small molecule bio...	94	35	26.28	0.03003
GO:0034660	ncRNA metabolic process	359	116	100.39	0.03080
GO:0015807	L-amino acid transport	23	11	6.43	0.03318
GO:0030879	mammary gland development	15	8	4.19	0.03324
GO:0070206	protein trimerization	15	8	4.19	0.03324
GO:1902292	cell cycle DNA replication initiation	15	8	4.19	0.03324
GO:1902315	nuclear cell cycle DNA replication initi...	15	8	4.19	0.03324
GO:0009908	flower development	40	17	11.19	0.03324
GO:1901564	organonitrogen compound metabolic proces...	1721	505	481.24	0.03333
GO:0009309	amine biosynthetic process	10	6	2.8	0.03376
GO:0031062	positive regulation of histone methylati...	10	6	2.8	0.03376
GO:0034088	maintenance of mitotic sister chromatid ...	10	6	2.8	0.03376
GO:0042401	cellular biogenic amine biosynthetic pro...	10	6	2.8	0.03376
GO:0071395	cellular response to jasmonic acid stimu...	10	6	2.8	0.03376
GO:0090382	phagosome maturation	10	6	2.8	0.03376
GO:0019438	aromatic compound biosynthetic process	823	251	230.13	0.03387
GO:0019932	second-messenger-mediated signaling	43	18	12.02	0.03390
GO:0050821	protein stabilization	43	18	12.02	0.03390
GO:0044249	cellular biosynthetic process	1521	449	425.31	0.03404
GO:1905039	carboxylic acid transmembrane transport	46	19	12.86	0.03437
GO:0007062	sister chromatid cohesion	49	20	13.7	0.03468
GO:0044772	mitotic cell cycle phase transition	201	68	56.2	0.03503
GO:0010562	positive regulation of phosphorus metabo...	133	47	37.19	0.03515
GO:0045937	positive regulation of phosphate metabol...	133	47	37.19	0.03515
GO:0031154	culmination involved in sorocarp develop...	26	12	7.27	0.03589
GO:0043928	exonucleolytic nuclear-transcribed mRNA ...	26	12	7.27	0.03589
GO:0043488	regulation of mRNA stability	29	13	8.11	0.03803
GO:0051100	negative regulation of binding	29	13	8.11	0.03803
GO:0009416	response to light stimulus	166	57	46.42	0.03855
GO:1900034	regulation of cellular response to heat	18	9	5.03	0.03873
GO:0010467	gene expression	1148	343	321.01	0.03929
GO:0060070	canonical Wnt signaling pathway	32	14	8.95	0.03967
GO:0060828	regulation of canonical Wnt signaling pa...	32	14	8.95	0.03967
GO:0072089	stem cell proliferation	32	14	8.95	0.03967
GO:1902275	regulation of chromatin organization	71	27	19.85	0.04056
GO:0043549	regulation of kinase activity	115	41	32.16	0.04100
GO:0030334	regulation of cell migration	65	25	18.18	0.04164
GO:0042326	negative regulation of phosphorylation	65	25	18.18	0.04164
GO:0034654	nucleobase-containing compound biosynthe...	733	224	204.97	0.04192
GO:0044093	positive regulation of molecular functio...	289	94	80.81	0.04201
GO:0030155	regulation of cell adhesion	41	17	11.46	0.04246
GO:0090567	reproductive shoot system development	41	17	11.46	0.04246
GO:0052031	modulation by symbiont of host defense r...	21	10	5.87	0.04297
GO:0052255	modulation by organism of defense respon...	21	10	5.87	0.04297
GO:0071559	response to transforming growth factor b...	21	10	5.87	0.04297
GO:0071560	cellular response to transforming growth...	21	10	5.87	0.04297
GO:0006396	RNA processing	448	141	125.27	0.04301
GO:0043085	positive regulation of catalytic activit...	246	81	68.79	0.04319
GO:0000491	small nucleolar ribonucleoprotein comple...	8	5	2.24	0.04334
GO:0006267	pre-replicative complex assembly involve...	8	5	2.24	0.04334
GO:0010374	stomatal complex development	8	5	2.24	0.04334
GO:0030516	regulation of axon extension	8	5	2.24	0.04334
GO:0035337	fatty-acyl-CoA metabolic process	8	5	2.24	0.04334
GO:0036388	pre-replicative complex assembly	8	5	2.24	0.04334
GO:0042307	positive regulation of protein import in...	8	5	2.24	0.04334
GO:0048538	thymus development	8	5	2.24	0.04334
GO:1902299	pre-replicative complex assembly involve...	8	5	2.24	0.04334
GO:0030336	negative regulation of cell migration	13	7	3.64	0.04342
GO:0031000	response to caffeine	13	7	3.64	0.04342
GO:0036270	response to diuretic	13	7	3.64	0.04342
GO:0050931	pigment cell differentiation	13	7	3.64	0.04342
GO:0051271	negative regulation of cellular componen...	13	7	3.64	0.04342
GO:2000146	negative regulation of cell motility	13	7	3.64	0.04342
GO:0051093	negative regulation of developmental pro...	106	38	29.64	0.04418
GO:0050790	regulation of catalytic activity	374	119	104.58	0.04514
GO:0001824	blastocyst development	24	11	6.71	0.04622
GO:0009845	seed germination	24	11	6.71	0.04622
GO:1990823	response to leukemia inhibitory factor	24	11	6.71	0.04622
GO:1990830	cellular response to leukemia inhibitory...	24	11	6.71	0.04622
GO:0000122	negative regulation of transcription by ...	97	35	27.12	0.04752
GO:0010948	negative regulation of cell cycle proces...	129	45	36.07	0.04786
GO:0045859	regulation of protein kinase activity	113	40	31.6	0.04813
GO:0008033	tRNA processing	72	27	20.13	0.04821
GO:0045596	negative regulation of cell differentiat...	72	27	20.13	0.04821
GO:0034470	ncRNA processing	274	89	76.62	0.04863
GO:0042063	gliogenesis	27	12	7.55	0.04866
GO:0051101	regulation of DNA binding	27	12	7.55	0.04866
GO:0050776	regulation of immune response	110	39	30.76	0.04940
GO:0044281	small molecule metabolic process	736	224	205.81	0.04959
GO:0043632	modification-dependent macromolecule cat...	231	76	64.59	0.05004
GO:0000291	nuclear-transcribed mRNA catabolic proce...	30	13	8.39	0.05046
GO:0000187	activation of MAPK activity	16	8	4.47	0.05058
GO:0007063	regulation of sister chromatid cohesion	16	8	4.47	0.05058
GO:0007179	transforming growth factor beta receptor...	16	8	4.47	0.05058
GO:0032091	negative regulation of protein binding	16	8	4.47	0.05058
GO:0070481	nuclear-transcribed mRNA catabolic proce...	16	8	4.47	0.05058
GO:0031400	negative regulation of protein modificat...	107	38	29.92	0.05070
GO:0051253	negative regulation of RNA metabolic pro...	208	69	58.16	0.05096
GO:0006511	ubiquitin-dependent protein catabolic pr...	218	72	60.96	0.05130
GO:0006271	DNA strand elongation involved in DNA re...	33	14	9.23	0.05174
GO:0007004	telomere maintenance via telomerase	33	14	9.23	0.05174
GO:0000723	telomere maintenance	85	31	23.77	0.05215
GO:0010833	telomere maintenance via telomere length...	36	15	10.07	0.05261
GO:0051222	positive regulation of protein transport	51	20	14.26	0.05292
GO:0006469	negative regulation of protein kinase ac...	39	16	10.91	0.05313
GO:0033673	negative regulation of kinase activity	39	16	10.91	0.05313
GO:0043410	positive regulation of MAPK cascade	39	16	10.91	0.05313
GO:0051241	negative regulation of multicellular org...	117	41	32.72	0.05339
GO:0034502	protein localization to chromosome	45	18	12.58	0.05340
GO:0071902	positive regulation of protein serine/th...	45	18	12.58	0.05340
GO:0002286	T cell activation involved in immune res...	6	4	1.68	0.05529
GO:0015813	L-glutamate transmembrane transport	6	4	1.68	0.05529
GO:0018904	ether metabolic process	6	4	1.68	0.05529
GO:0031938	regulation of chromatin silencing at tel...	6	4	1.68	0.05529
GO:0031998	regulation of fatty acid beta-oxidation	6	4	1.68	0.05529
GO:0045445	myoblast differentiation	6	4	1.68	0.05529
GO:0048747	muscle fiber development	6	4	1.68	0.05529
GO:0061478	response to platelet aggregation inhibit...	6	4	1.68	0.05529
GO:1901070	guanosine-containing compound biosynthet...	6	4	1.68	0.05529
GO:1904321	response to forskolin	6	4	1.68	0.05529
GO:1904322	cellular response to forskolin	6	4	1.68	0.05529
GO:0052509	positive regulation by symbiont of host ...	19	9	5.31	0.05583
GO:0052510	positive regulation by organism of defen...	19	9	5.31	0.05583
GO:0065009	regulation of molecular function	476	148	133.1	0.05650
GO:0008380	RNA splicing	163	55	45.58	0.05686
GO:0021782	glial cell development	11	6	3.08	0.05704
GO:0034086	maintenance of sister chromatid cohesion	11	6	3.08	0.05704
GO:0034698	response to gonadotropin	11	6	3.08	0.05704
GO:0043392	negative regulation of DNA binding	11	6	3.08	0.05704
GO:0045835	negative regulation of meiotic nuclear d...	11	6	3.08	0.05704
GO:0046339	diacylglycerol metabolic process	11	6	3.08	0.05704
GO:0046631	alpha-beta T cell activation	11	6	3.08	0.05704
GO:0046940	nucleoside monophosphate phosphorylation	11	6	3.08	0.05704
GO:0061097	regulation of protein tyrosine kinase ac...	11	6	3.08	0.05704
GO:0061462	protein localization to lysosome	11	6	3.08	0.05704
GO:0006644	phospholipid metabolic process	92	33	25.73	0.05759
GO:0048580	regulation of post-embryonic development	67	25	18.73	0.05917
GO:1902475	L-alpha-amino acid transmembrane transpo...	22	10	6.15	0.05964
GO:0034504	protein localization to nucleus	64	24	17.9	0.06028
GO:0032200	telomere organization	86	31	24.05	0.06052
GO:0045732	positive regulation of protein catabolic...	86	31	24.05	0.06052
GO:0019941	modification-dependent protein catabolic...	220	72	61.52	0.06165
GO:0044271	cellular nitrogen compound biosynthetic ...	1091	324	305.07	0.06340
GO:0050778	positive regulation of immune response	80	29	22.37	0.06352
GO:0044092	negative regulation of molecular functio...	151	51	42.22	0.06395
GO:1901701	cellular response to oxygen-containing c...	254	82	71.03	0.06488
GO:0051170	import into nucleus	49	19	13.7	0.06499
GO:0042110	T cell activation	31	13	8.67	0.06542
GO:0006006	glucose metabolic process	43	17	12.02	0.06612
GO:0006865	amino acid transport	34	14	9.51	0.06612
GO:0060249	anatomical structure homeostasis	122	42	34.11	0.06640
GO:0009909	regulation of flower development	14	7	3.91	0.06642
GO:0017015	regulation of transforming growth factor...	14	7	3.91	0.06642
GO:0048573	photoperiodism, flowering	14	7	3.91	0.06642
GO:0052564	response to immune response of other org...	14	7	3.91	0.06642
GO:0052572	response to host immune response	14	7	3.91	0.06642
GO:0071168	protein localization to chromatin	14	7	3.91	0.06642
GO:1903844	regulation of cellular response to trans...	14	7	3.91	0.06642
GO:0045934	negative regulation of nucleobase-contai...	261	84	72.98	0.06644
GO:0045165	cell fate commitment	74	27	20.69	0.06658
GO:0001932	regulation of protein phosphorylation	168	56	46.98	0.06786
GO:0008363	larval chitin-based cuticle development	4	3	1.12	0.06899
GO:0008616	queuosine biosynthetic process	4	3	1.12	0.06899
GO:0009134	nucleoside diphosphate catabolic process	4	3	1.12	0.06899
GO:0009191	ribonucleoside diphosphate catabolic pro...	4	3	1.12	0.06899
GO:0010717	regulation of epithelial to mesenchymal ...	4	3	1.12	0.06899
GO:0016255	attachment of GPI anchor to protein	4	3	1.12	0.06899
GO:0018026	peptidyl-lysine monomethylation	4	3	1.12	0.06899
GO:0019072	viral genome packaging	4	3	1.12	0.06899
GO:0019074	viral RNA genome packaging	4	3	1.12	0.06899
GO:0034247	snoRNA splicing	4	3	1.12	0.06899
GO:0035336	long-chain fatty-acyl-CoA metabolic proc...	4	3	1.12	0.06899
GO:0042337	cuticle development involved in chitin-b...	4	3	1.12	0.06899
GO:0042532	negative regulation of tyrosine phosphor...	4	3	1.12	0.06899
GO:0043367	CD4-positive, alpha-beta T cell differen...	4	3	1.12	0.06899
GO:0045476	nurse cell apoptotic process	4	3	1.12	0.06899
GO:0045477	regulation of nurse cell apoptotic proce...	4	3	1.12	0.06899
GO:0046116	queuosine metabolic process	4	3	1.12	0.06899
GO:0046635	positive regulation of alpha-beta T cell...	4	3	1.12	0.06899
GO:0048072	compound eye pigmentation	4	3	1.12	0.06899
GO:0050771	negative regulation of axonogenesis	4	3	1.12	0.06899
GO:0060795	cell fate commitment involved in formati...	4	3	1.12	0.06899
GO:0071312	cellular response to alkaloid	4	3	1.12	0.06899
GO:1902644	tertiary alcohol metabolic process	4	3	1.12	0.06899
GO:2000070	regulation of response to water deprivat...	4	3	1.12	0.06899
GO:1901362	organic cyclic compound biosynthetic pro...	889	266	248.59	0.06910
GO:1903508	positive regulation of nucleic acid-temp...	215	70	60.12	0.07146
GO:0046486	glycerolipid metabolic process	84	30	23.49	0.07164
GO:0019538	protein metabolic process	1299	382	363.24	0.07195
GO:0042327	positive regulation of phosphorylation	113	39	31.6	0.07240
GO:1904951	positive regulation of establishment of ...	62	23	17.34	0.07271
GO:1901661	quinone metabolic process	17	8	4.75	0.07282
GO:0010563	negative regulation of phosphorus metabo...	81	29	22.65	0.07353
GO:0045936	negative regulation of phosphate metabol...	81	29	22.65	0.07353
GO:0006464	cellular protein modification process	831	249	232.37	0.07430
GO:0036211	protein modification process	831	249	232.37	0.07430
GO:0000911	cytokinesis by cell plate formation	9	5	2.52	0.07549
GO:0006047	UDP-N-acetylglucosamine metabolic proces...	9	5	2.52	0.07549
GO:0006551	leucine metabolic process	9	5	2.52	0.07549
GO:0009867	jasmonic acid mediated signaling pathway	9	5	2.52	0.07549
GO:0015800	acidic amino acid transport	9	5	2.52	0.07549
GO:0016101	diterpenoid metabolic process	9	5	2.52	0.07549
GO:0030278	regulation of ossification	9	5	2.52	0.07549
GO:0032411	positive regulation of transporter activ...	9	5	2.52	0.07549
GO:0032414	positive regulation of ion transmembrane...	9	5	2.52	0.07549
GO:0032873	negative regulation of stress-activated ...	9	5	2.52	0.07549
GO:0035924	cellular response to vascular endothelia...	9	5	2.52	0.07549
GO:0045923	positive regulation of fatty acid metabo...	9	5	2.52	0.07549
GO:0048762	mesenchymal cell differentiation	9	5	2.52	0.07549
GO:0070303	negative regulation of stress-activated ...	9	5	2.52	0.07549
GO:0070670	response to interleukin-4	9	5	2.52	0.07549
GO:0070935	3'-UTR-mediated mRNA stabilization	9	5	2.52	0.07549
GO:0071353	cellular response to interleukin-4	9	5	2.52	0.07549
GO:1904263	positive regulation of TORC1 signaling	9	5	2.52	0.07549
GO:0009411	response to UV	56	21	15.66	0.07567
GO:0031330	negative regulation of cellular cataboli...	56	21	15.66	0.07567
GO:0006213	pyrimidine nucleoside metabolic process	20	9	5.59	0.07715
GO:0051568	histone H3-K4 methylation	20	9	5.59	0.07715
GO:0071219	cellular response to molecule of bacteri...	20	9	5.59	0.07715
GO:0071222	cellular response to lipopolysaccharide	20	9	5.59	0.07715
GO:0071901	negative regulation of protein serine/th...	20	9	5.59	0.07715
GO:0016071	mRNA metabolic process	317	100	88.64	0.07726
GO:1901800	positive regulation of proteasomal prote...	75	27	20.97	0.07739
GO:1903052	positive regulation of proteolysis invol...	75	27	20.97	0.07739
GO:1903364	positive regulation of cellular protein ...	75	27	20.97	0.07739
GO:1902680	positive regulation of RNA biosynthetic ...	216	70	60.4	0.07793
GO:0001773	myeloid dendritic cell activation	2	2	0.56	0.07813
GO:0001921	positive regulation of receptor recyclin...	2	2	0.56	0.07813
GO:0001945	lymph vessel development	2	2	0.56	0.07813
GO:0001946	lymphangiogenesis	2	2	0.56	0.07813
GO:0002021	response to dietary excess	2	2	0.56	0.07813
GO:0002038	positive regulation of L-glutamate impor...	2	2	0.56	0.07813
GO:0002265	astrocyte activation involved in immune ...	2	2	0.56	0.07813
GO:0002828	regulation of type 2 immune response	2	2	0.56	0.07813
GO:0006116	NADH oxidation	2	2	0.56	0.07813
GO:0006185	dGDP biosynthetic process	2	2	0.56	0.07813
GO:0006427	histidyl-tRNA aminoacylation	2	2	0.56	0.07813
GO:0006597	spermine biosynthetic process	2	2	0.56	0.07813
GO:0006728	pteridine biosynthetic process	2	2	0.56	0.07813
GO:0006776	vitamin A metabolic process	2	2	0.56	0.07813
GO:0006808	regulation of nitrogen utilization	2	2	0.56	0.07813
GO:0007212	dopamine receptor signaling pathway	2	2	0.56	0.07813
GO:0008065	establishment of blood-nerve barrier	2	2	0.56	0.07813
GO:0008215	spermine metabolic process	2	2	0.56	0.07813
GO:0008295	spermidine biosynthetic process	2	2	0.56	0.07813
GO:0008612	peptidyl-lysine modification to peptidyl...	2	2	0.56	0.07813
GO:0009170	purine deoxyribonucleoside monophosphate...	2	2	0.56	0.07813
GO:0009173	pyrimidine ribonucleoside monophosphate ...	2	2	0.56	0.07813
GO:0009182	purine deoxyribonucleoside diphosphate m...	2	2	0.56	0.07813
GO:0009183	purine deoxyribonucleoside diphosphate b...	2	2	0.56	0.07813
GO:0009300	antisense RNA transcription	2	2	0.56	0.07813
GO:0009685	gibberellin metabolic process	2	2	0.56	0.07813
GO:0009686	gibberellin biosynthetic process	2	2	0.56	0.07813
GO:0009789	positive regulation of abscisic acid-act...	2	2	0.56	0.07813
GO:0009900	dehiscence	2	2	0.56	0.07813
GO:0009901	anther dehiscence	2	2	0.56	0.07813
GO:0010358	leaf shaping	2	2	0.56	0.07813
GO:0010719	negative regulation of epithelial to mes...	2	2	0.56	0.07813
GO:0010796	regulation of multivesicular body size	2	2	0.56	0.07813
GO:0015689	molybdate ion transport	2	2	0.56	0.07813
GO:0015838	amino-acid betaine transport	2	2	0.56	0.07813
GO:0015871	choline transport	2	2	0.56	0.07813
GO:0015996	chlorophyll catabolic process	2	2	0.56	0.07813
GO:0016102	diterpenoid biosynthetic process	2	2	0.56	0.07813
GO:0019632	shikimate metabolic process	2	2	0.56	0.07813
GO:0020012	evasion or tolerance of host immune resp...	2	2	0.56	0.07813
GO:0021795	cerebral cortex cell migration	2	2	0.56	0.07813
GO:0021870	Cajal-Retzius cell differentiation	2	2	0.56	0.07813
GO:0021885	forebrain cell migration	2	2	0.56	0.07813
GO:0021895	cerebral cortex neuron differentiation	2	2	0.56	0.07813
GO:0022029	telencephalon cell migration	2	2	0.56	0.07813
GO:0030244	cellulose biosynthetic process	2	2	0.56	0.07813
GO:0030656	regulation of vitamin metabolic process	2	2	0.56	0.07813
GO:0030682	evasion or tolerance of host defense res...	2	2	0.56	0.07813
GO:0030903	notochord development	2	2	0.56	0.07813
GO:0031070	intronic snoRNA processing	2	2	0.56	0.07813
GO:0031619	homologous chromosome orientation involv...	2	2	0.56	0.07813
GO:0032119	sequestering of zinc ion	2	2	0.56	0.07813
GO:0032620	interleukin-17 production	2	2	0.56	0.07813
GO:0032660	regulation of interleukin-17 production	2	2	0.56	0.07813
GO:0032682	negative regulation of chemokine product...	2	2	0.56	0.07813
GO:0032700	negative regulation of interleukin-17 pr...	2	2	0.56	0.07813
GO:0032897	negative regulation of viral transcripti...	2	2	0.56	0.07813
GO:0033160	positive regulation of protein import in...	2	2	0.56	0.07813
GO:0033598	mammary gland epithelial cell proliferat...	2	2	0.56	0.07813
GO:0033599	regulation of mammary gland epithelial c...	2	2	0.56	0.07813
GO:0033600	negative regulation of mammary gland epi...	2	2	0.56	0.07813
GO:0033967	box C/D snoRNA metabolic process	2	2	0.56	0.07813
GO:0034123	positive regulation of toll-like recepto...	2	2	0.56	0.07813
GO:0034379	very-low-density lipoprotein particle as...	2	2	0.56	0.07813
GO:0034436	glycoprotein transport	2	2	0.56	0.07813
GO:0034963	box C/D snoRNA processing	2	2	0.56	0.07813
GO:0035092	sperm chromatin condensation	2	2	0.56	0.07813
GO:0035733	hepatic stellate cell activation	2	2	0.56	0.07813
GO:0035743	CD4-positive, alpha-beta T cell cytokine...	2	2	0.56	0.07813
GO:0035745	T-helper 2 cell cytokine production	2	2	0.56	0.07813
GO:0035970	peptidyl-threonine dephosphorylation	2	2	0.56	0.07813
GO:0035983	response to trichostatin A	2	2	0.56	0.07813
GO:0035984	cellular response to trichostatin A	2	2	0.56	0.07813
GO:0036155	acylglycerol acyl-chain remodeling	2	2	0.56	0.07813
GO:0036269	swimming behavior	2	2	0.56	0.07813
GO:0036303	lymph vessel morphogenesis	2	2	0.56	0.07813
GO:0042092	type 2 immune response	2	2	0.56	0.07813
GO:0042178	xenobiotic catabolic process	2	2	0.56	0.07813
GO:0042868	antisense RNA metabolic process	2	2	0.56	0.07813
GO:0043011	myeloid dendritic cell differentiation	2	2	0.56	0.07813
GO:0043097	pyrimidine nucleoside salvage	2	2	0.56	0.07813
GO:0043403	skeletal muscle tissue regeneration	2	2	0.56	0.07813
GO:0043589	skin morphogenesis	2	2	0.56	0.07813
GO:0044030	regulation of DNA methylation	2	2	0.56	0.07813
GO:0044415	evasion or tolerance of host defenses	2	2	0.56	0.07813
GO:0044752	response to human chorionic gonadotropin	2	2	0.56	0.07813
GO:0046054	dGMP metabolic process	2	2	0.56	0.07813
GO:0046066	dGDP metabolic process	2	2	0.56	0.07813
GO:0046108	uridine metabolic process	2	2	0.56	0.07813
GO:0046109	uridine biosynthetic process	2	2	0.56	0.07813
GO:0046135	pyrimidine nucleoside catabolic process	2	2	0.56	0.07813
GO:0046528	imaginal disc fusion	2	2	0.56	0.07813
GO:0046529	imaginal disc fusion, thorax closure	2	2	0.56	0.07813
GO:0046711	GDP biosynthetic process	2	2	0.56	0.07813
GO:0048143	astrocyte activation	2	2	0.56	0.07813
GO:0048627	myoblast development	2	2	0.56	0.07813
GO:0050710	negative regulation of cytokine secretio...	2	2	0.56	0.07813
GO:0050892	intestinal absorption	2	2	0.56	0.07813
GO:0051365	cellular response to potassium ion starv...	2	2	0.56	0.07813
GO:0051563	smooth endoplasmic reticulum calcium ion...	2	2	0.56	0.07813
GO:0051582	positive regulation of neurotransmitter ...	2	2	0.56	0.07813
GO:0051805	evasion or tolerance of immune response ...	2	2	0.56	0.07813
GO:0051807	evasion or tolerance of defense response...	2	2	0.56	0.07813
GO:0051834	evasion or tolerance of defenses of othe...	2	2	0.56	0.07813
GO:0060101	negative regulation of phagocytosis, eng...	2	2	0.56	0.07813
GO:0060194	regulation of antisense RNA transcriptio...	2	2	0.56	0.07813
GO:0060443	mammary gland morphogenesis	2	2	0.56	0.07813
GO:0061087	positive regulation of histone H3-K27 me...	2	2	0.56	0.07813
GO:0061088	regulation of sequestering of zinc ion	2	2	0.56	0.07813
GO:0070278	extracellular matrix constituent secreti...	2	2	0.56	0.07813
GO:0070476	rRNA (guanine-N7)-methylation	2	2	0.56	0.07813
GO:0070863	positive regulation of protein exit from...	2	2	0.56	0.07813
GO:0070995	NADPH oxidation	2	2	0.56	0.07813
GO:0071280	cellular response to copper ion	2	2	0.56	0.07813
GO:0071619	phosphorylation of RNA polymerase II C-t...	2	2	0.56	0.07813
GO:0072437	signal transduction involved in DNA repl...	2	2	0.56	0.07813
GO:0072443	signal transduction involved in mitotic ...	2	2	0.56	0.07813
GO:0072537	fibroblast activation	2	2	0.56	0.07813
GO:0072615	interleukin-17 secretion	2	2	0.56	0.07813
GO:0090414	molybdate ion export from vacuole	2	2	0.56	0.07813
GO:0090436	leaf pavement cell development	2	2	0.56	0.07813
GO:0090647	modulation of age-related behavioral dec...	2	2	0.56	0.07813
GO:0097028	dendritic cell differentiation	2	2	0.56	0.07813
GO:0098532	histone H3-K27 trimethylation	2	2	0.56	0.07813
GO:0098856	intestinal lipid absorption	2	2	0.56	0.07813
GO:0099134	chimeric sorocarp development	2	2	0.56	0.07813
GO:0099135	chimeric colonial development	2	2	0.56	0.07813
GO:0099136	chimeric non-reproductive fruiting body ...	2	2	0.56	0.07813
GO:0099139	cheating during chimeric sorocarp develo...	2	2	0.56	0.07813
GO:0099515	actin filament-based transport	2	2	0.56	0.07813
GO:0101030	tRNA-guanine transglycosylation	2	2	0.56	0.07813
GO:0110025	DNA strand resection involved in replica...	2	2	0.56	0.07813
GO:0110029	negative regulation of meiosis I	2	2	0.56	0.07813
GO:1900036	positive regulation of cellular response...	2	2	0.56	0.07813
GO:1901072	glucosamine-containing compound cataboli...	2	2	0.56	0.07813
GO:1901409	positive regulation of phosphorylation o...	2	2	0.56	0.07813
GO:1901421	positive regulation of response to alcoh...	2	2	0.56	0.07813
GO:1901569	fatty acid derivative catabolic process	2	2	0.56	0.07813
GO:1901738	regulation of vitamin A metabolic proces...	2	2	0.56	0.07813
GO:1902001	fatty acid transmembrane transport	2	2	0.56	0.07813
GO:1902043	positive regulation of extrinsic apoptot...	2	2	0.56	0.07813
GO:1902413	negative regulation of mitotic cytokines...	2	2	0.56	0.07813
GO:1903437	negative regulation of mitotic cytokinet...	2	2	0.56	0.07813
GO:1903939	regulation of TORC2 signaling	2	2	0.56	0.07813
GO:1904046	negative regulation of vascular endothel...	2	2	0.56	0.07813
GO:1904478	regulation of intestinal absorption	2	2	0.56	0.07813
GO:1904515	positive regulation of TORC2 signaling	2	2	0.56	0.07813
GO:1904729	regulation of intestinal lipid absorptio...	2	2	0.56	0.07813
GO:1904796	regulation of core promoter binding	2	2	0.56	0.07813
GO:1904797	negative regulation of core promoter bin...	2	2	0.56	0.07813
GO:1905076	regulation of interleukin-17 secretion	2	2	0.56	0.07813
GO:1905077	negative regulation of interleukin-17 se...	2	2	0.56	0.07813
GO:1905154	negative regulation of membrane invagina...	2	2	0.56	0.07813
GO:1905906	regulation of amyloid fibril formation	2	2	0.56	0.07813
GO:1905908	positive regulation of amyloid fibril fo...	2	2	0.56	0.07813
GO:1905959	positive regulation of cellular response...	2	2	0.56	0.07813
GO:1990918	double-strand break repair involved in m...	2	2	0.56	0.07813
GO:2000069	regulation of post-embryonic root develo...	2	2	0.56	0.07813
GO:2000179	positive regulation of neural precursor ...	2	2	0.56	0.07813
GO:2000395	regulation of ubiquitin-dependent endocy...	2	2	0.56	0.07813
GO:2000397	positive regulation of ubiquitin-depende...	2	2	0.56	0.07813
GO:2000489	regulation of hepatic stellate cell acti...	2	2	0.56	0.07813
GO:2000491	positive regulation of hepatic stellate ...	2	2	0.56	0.07813
GO:2000514	regulation of CD4-positive, alpha-beta T...	2	2	0.56	0.07813
GO:2000551	regulation of T-helper 2 cell cytokine p...	2	2	0.56	0.07813
GO:0009409	response to cold	50	19	13.98	0.07841
GO:0002237	response to molecule of bacterial origin	44	17	12.3	0.08076
GO:0031349	positive regulation of defense response	69	25	19.29	0.08137
GO:0009073	aromatic amino acid family biosynthetic ...	26	11	7.27	0.08174
GO:1900180	regulation of protein localization to nu...	26	11	7.27	0.08174
GO:0000398	mRNA splicing, via spliceosome	137	46	38.31	0.08256
GO:0009308	amine metabolic process	29	12	8.11	0.08269
GO:0018108	peptidyl-tyrosine phosphorylation	29	12	8.11	0.08269
GO:0018212	peptidyl-tyrosine modification	29	12	8.11	0.08269
GO:0044106	cellular amine metabolic process	29	12	8.11	0.08269
GO:1901655	cellular response to ketone	29	12	8.11	0.08269
GO:0000154	rRNA modification	35	14	9.79	0.08292
GO:0002521	leukocyte differentiation	35	14	9.79	0.08292
GO:0006278	RNA-dependent DNA biosynthetic process	35	14	9.79	0.08292
GO:0022616	DNA strand elongation	35	14	9.79	0.08292
GO:0042278	purine nucleoside metabolic process	35	14	9.79	0.08292
GO:0043487	regulation of RNA stability	32	13	8.95	0.08304
GO:0046128	purine ribonucleoside metabolic process	32	13	8.95	0.08304
GO:0048638	regulation of developmental growth	66	24	18.46	0.08339
GO:0008152	metabolic process	2736	778	765.06	0.08405
GO:0010033	response to organic substance	708	213	197.98	0.08472
GO:1902679	negative regulation of RNA biosynthetic ...	187	61	52.29	0.08541
GO:1903507	negative regulation of nucleic acid-temp...	187	61	52.29	0.08541
GO:0002283	neutrophil activation involved in immune...	63	23	17.62	0.08543
GO:0002446	neutrophil mediated immunity	63	23	17.62	0.08543
GO:0036230	granulocyte activation	63	23	17.62	0.08543
GO:0042119	neutrophil activation	63	23	17.62	0.08543
GO:0043312	neutrophil degranulation	63	23	17.62	0.08543
GO:0001934	positive regulation of protein phosphory...	95	33	26.56	0.08611
GO:2000241	regulation of reproductive process	108	37	30.2	0.08650
GO:0045595	regulation of cell differentiation	214	69	59.84	0.08733
GO:0009657	plastid organization	60	22	16.78	0.08747
GO:0043687	post-translational protein modification	60	22	16.78	0.08747
GO:0002224	toll-like receptor signaling pathway	12	6	3.36	0.08782
GO:0006040	amino sugar metabolic process	12	6	3.36	0.08782
GO:0006743	ubiquinone metabolic process	12	6	3.36	0.08782
GO:0006744	ubiquinone biosynthetic process	12	6	3.36	0.08782
GO:0042451	purine nucleoside biosynthetic process	12	6	3.36	0.08782
GO:0046129	purine ribonucleoside biosynthetic proce...	12	6	3.36	0.08782
GO:0046134	pyrimidine nucleoside biosynthetic proce...	12	6	3.36	0.08782
GO:0010498	proteasomal protein catabolic process	194	63	54.25	0.08792
GO:0002682	regulation of immune system process	161	53	45.02	0.09027
GO:2000145	regulation of cell motility	73	26	20.41	0.09181
GO:0010628	positive regulation of gene expression	323	101	90.32	0.09253
GO:0072594	establishment of protein localization to...	245	78	68.51	0.09255
GO:0045893	positive regulation of transcription, DN...	208	67	58.16	0.09262
GO:0006954	inflammatory response	51	19	14.26	0.09354
GO:1903825	organic acid transmembrane transport	51	19	14.26	0.09354
GO:0019220	regulation of phosphate metabolic proces...	225	72	62.92	0.09415
GO:0051174	regulation of phosphorus metabolic proce...	225	72	62.92	0.09415
GO:0042180	cellular ketone metabolic process	70	25	19.57	0.09434
GO:2000060	positive regulation of ubiquitin-depende...	70	25	19.57	0.09434
GO:0044267	cellular protein metabolic process	1217	357	340.31	0.09492
GO:0002429	immune response-activating cell surface ...	15	7	4.19	0.09545
GO:0002768	immune response-regulating cell surface ...	15	7	4.19	0.09545
GO:0007291	sperm individualization	15	7	4.19	0.09545
GO:0032008	positive regulation of TOR signaling	15	7	4.19	0.09545
GO:0050707	regulation of cytokine secretion	15	7	4.19	0.09545
GO:0097384	cellular lipid biosynthetic process	15	7	4.19	0.09545
GO:0048518	positive regulation of biological proces...	956	283	267.32	0.09629
GO:0043299	leukocyte degranulation	67	24	18.73	0.09691
GO:0006283	transcription-coupled nucleotide-excisio...	45	17	12.58	0.09737
GO:0044774	mitotic DNA integrity checkpoint	45	17	12.58	0.09737
GO:0043161	proteasome-mediated ubiquitin-dependent ...	182	59	50.89	0.09904
GO:0009746	response to hexose	42	16	11.74	0.09915
GO:1903322	positive regulation of protein modificat...	42	16	11.74	0.09915
GO:0031328	positive regulation of cellular biosynth...	348	108	97.31	0.09950
GO:0051239	regulation of multicellular organismal p...	396	122	110.73	0.09966
GO:0006690	icosanoid metabolic process	18	8	5.03	0.10010
GO:0010507	negative regulation of autophagy	18	8	5.03	0.10010
GO:0043409	negative regulation of MAPK cascade	18	8	5.03	0.10010
GO:1901068	guanosine-containing compound metabolic ...	18	8	5.03	0.10010
GO:0046903	secretion	209	67	58.44	0.10055
GO:0040007	growth	297	93	83.05	0.10067
GO:0002253	activation of immune response	39	15	10.91	0.10078
GO:0009749	response to glucose	39	15	10.91	0.10078
GO:0090329	regulation of DNA-dependent DNA replicat...	39	15	10.91	0.10078
GO:0002456	T cell mediated immunity	7	4	1.96	0.10093
GO:0006290	pyrimidine dimer repair	7	4	1.96	0.10093
GO:0007176	regulation of epidermal growth factor-ac...	7	4	1.96	0.10093
GO:0009068	aspartate family amino acid catabolic pr...	7	4	1.96	0.10093
GO:0009095	aromatic amino acid family biosynthetic ...	7	4	1.96	0.10093
GO:0010288	response to lead ion	7	4	1.96	0.10093
GO:0016479	negative regulation of transcription by ...	7	4	1.96	0.10093
GO:0030279	negative regulation of ossification	7	4	1.96	0.10093
GO:0032675	regulation of interleukin-6 production	7	4	1.96	0.10093
GO:0033262	regulation of nuclear cell cycle DNA rep...	7	4	1.96	0.10093
GO:0034091	regulation of maintenance of sister chro...	7	4	1.96	0.10093
GO:0034182	regulation of maintenance of mitotic sis...	7	4	1.96	0.10093
GO:0040034	regulation of development, heterochronic	7	4	1.96	0.10093
GO:0043981	histone H4-K5 acetylation	7	4	1.96	0.10093
GO:0045580	regulation of T cell differentiation	7	4	1.96	0.10093
GO:0045619	regulation of lymphocyte differentiation	7	4	1.96	0.10093
GO:0046426	negative regulation of JAK-STAT cascade	7	4	1.96	0.10093
GO:0046632	alpha-beta T cell differentiation	7	4	1.96	0.10093
GO:0046634	regulation of alpha-beta T cell activati...	7	4	1.96	0.10093
GO:0048506	regulation of timing of meristematic pha...	7	4	1.96	0.10093
GO:0048510	regulation of timing of transition from ...	7	4	1.96	0.10093
GO:0048767	root hair elongation	7	4	1.96	0.10093
GO:0050435	amyloid-beta metabolic process	7	4	1.96	0.10093
GO:0051274	beta-glucan biosynthetic process	7	4	1.96	0.10093
GO:0071514	genetic imprinting	7	4	1.96	0.10093
GO:0080147	root hair cell development	7	4	1.96	0.10093
GO:1902295	synthesis of RNA primer involved in cell...	7	4	1.96	0.10093
GO:1902318	synthesis of RNA primer involved in nucl...	7	4	1.96	0.10093
GO:1902742	apoptotic process involved in developmen...	7	4	1.96	0.10093
GO:1902981	synthesis of RNA primer involved in mito...	7	4	1.96	0.10093
GO:1904893	negative regulation of STAT cascade	7	4	1.96	0.10093
GO:2000736	regulation of stem cell differentiation	7	4	1.96	0.10093
GO:0009894	regulation of catabolic process	270	85	75.5	0.10199
GO:0009895	negative regulation of catabolic process	61	22	17.06	0.10220
GO:0045017	glycerolipid biosynthetic process	61	22	17.06	0.10220
GO:0018130	heterocycle biosynthetic process	838	249	234.33	0.10261
GO:0071824	protein-DNA complex subunit organization	103	35	28.8	0.10320
GO:1901137	carbohydrate derivative biosynthetic pro...	260	82	72.7	0.10329
GO:0009581	detection of external stimulus	33	13	9.23	0.10338
GO:0051254	positive regulation of RNA metabolic pro...	233	74	65.15	0.10385
GO:0045785	positive regulation of cell adhesion	24	10	6.71	0.10410
GO:0071322	cellular response to carbohydrate stimul...	30	12	8.39	0.10418
GO:0009628	response to abiotic stimulus	580	175	162.18	0.10455
GO:0009651	response to salt stress	113	38	31.6	0.10526
GO:0065008	regulation of biological quality	744	222	208.04	0.10530
GO:0042325	regulation of phosphorylation	193	62	53.97	0.10735
GO:0006325	chromatin organization	247	78	69.07	0.10755
GO:2000026	regulation of multicellular organismal d...	298	93	83.33	0.10773
GO:0006629	lipid metabolic process	329	102	92	0.10964
GO:0030097	hemopoiesis	97	33	27.12	0.10972
GO:0048583	regulation of response to stimulus	550	166	153.79	0.11140
GO:0032436	positive regulation of proteasomal ubiqu...	68	24	19.01	0.11177
GO:0009735	response to cytokinin	49	18	13.7	0.11320
GO:0048515	spermatid differentiation	49	18	13.7	0.11320
GO:0002275	myeloid cell activation involved in immu...	65	23	18.18	0.11505
GO:0002444	myeloid leukocyte mediated immunity	65	23	18.18	0.11505
GO:0044255	cellular lipid metabolic process	282	88	78.85	0.11554
GO:0006720	isoprenoid metabolic process	46	17	12.86	0.11597
GO:1903320	regulation of protein modification by sm...	78	27	21.81	0.11678
GO:0001832	blastocyst growth	10	5	2.8	0.11721
GO:0006268	DNA unwinding involved in DNA replicatio...	10	5	2.8	0.11721
GO:0006622	protein targeting to lysosome	10	5	2.8	0.11721
GO:0007406	negative regulation of neuroblast prolif...	10	5	2.8	0.11721
GO:0007586	digestion	10	5	2.8	0.11721
GO:0010029	regulation of seed germination	10	5	2.8	0.11721
GO:0010224	response to UV-B	10	5	2.8	0.11721
GO:0016078	tRNA catabolic process	10	5	2.8	0.11721
GO:0022600	digestive system process	10	5	2.8	0.11721
GO:0035306	positive regulation of dephosphorylation	10	5	2.8	0.11721
GO:0036523	positive regulation by symbiont of host ...	10	5	2.8	0.11721
GO:0044011	single-species biofilm formation on inan...	10	5	2.8	0.11721
GO:0044033	multi-organism metabolic process	10	5	2.8	0.11721
GO:0044035	multi-organism catabolic process	10	5	2.8	0.11721
GO:0045638	negative regulation of myeloid cell diff...	10	5	2.8	0.11721
GO:0048255	mRNA stabilization	10	5	2.8	0.11721
GO:0050848	regulation of calcium-mediated signaling	10	5	2.8	0.11721
GO:0052002	metabolism by symbiont of substance in h...	10	5	2.8	0.11721
GO:0052006	catabolism by symbiont of substance in h...	10	5	2.8	0.11721
GO:0052013	catabolism by symbiont of host macromole...	10	5	2.8	0.11721
GO:0052014	catabolism by symbiont of host protein	10	5	2.8	0.11721
GO:0052032	modulation by symbiont of host inflammat...	10	5	2.8	0.11721
GO:0052174	metabolism by symbiont of host macromole...	10	5	2.8	0.11721
GO:0052214	metabolism of substance in other organis...	10	5	2.8	0.11721
GO:0052227	catabolism of substance in other organis...	10	5	2.8	0.11721
GO:0052228	metabolism by symbiont of host protein	10	5	2.8	0.11721
GO:0052229	metabolism of macromolecule in other org...	10	5	2.8	0.11721
GO:0052256	modulation by organism of inflammatory r...	10	5	2.8	0.11721
GO:0052361	catabolism by organism of macromolecule ...	10	5	2.8	0.11721
GO:0052363	catabolism by organism of protein in oth...	10	5	2.8	0.11721
GO:0052418	metabolism by organism of protein in oth...	10	5	2.8	0.11721
GO:1900140	regulation of seedling development	10	5	2.8	0.11721
GO:1902373	negative regulation of mRNA catabolic pr...	10	5	2.8	0.11721
GO:1902884	positive regulation of response to oxida...	10	5	2.8	0.11721
GO:1903707	negative regulation of hemopoiesis	10	5	2.8	0.11721
GO:2000028	regulation of photoperiodism, flowering	10	5	2.8	0.11721
GO:2000178	negative regulation of neural precursor ...	10	5	2.8	0.11721
GO:2000647	negative regulation of stem cell prolife...	10	5	2.8	0.11721
GO:2001024	negative regulation of response to drug	10	5	2.8	0.11721
GO:0006914	autophagy	184	59	51.45	0.11735
GO:0045892	negative regulation of transcription, DN...	184	59	51.45	0.11735
GO:0032496	response to lipopolysaccharide	43	16	12.02	0.11872
GO:0000377	RNA splicing, via transesterification re...	144	47	40.27	0.11903
GO:0045088	regulation of innate immune response	75	26	20.97	0.12039
GO:0051726	regulation of cell cycle	334	103	93.4	0.12100
GO:1901135	carbohydrate derivative metabolic proces...	389	119	108.77	0.12110
GO:0006909	phagocytosis	40	15	11.19	0.12141
GO:0006357	regulation of transcription by RNA polym...	256	80	71.58	0.12581
GO:0000722	telomere maintenance via recombination	13	6	3.64	0.12588
GO:0042026	protein refolding	13	6	3.64	0.12588
GO:0042276	error-prone translesion synthesis	13	6	3.64	0.12588
GO:0042537	benzene-containing compound metabolic pr...	13	6	3.64	0.12588
GO:0052167	modulation by symbiont of host innate im...	13	6	3.64	0.12588
GO:0052306	modulation by organism of innate immune ...	13	6	3.64	0.12588
GO:0052552	modulation by organism of immune respons...	13	6	3.64	0.12588
GO:0052553	modulation by symbiont of host immune re...	13	6	3.64	0.12588
GO:1902105	regulation of leukocyte differentiation	13	6	3.64	0.12588
GO:0001510	RNA methylation	34	13	9.51	0.12644
GO:0006515	protein quality control for misfolded or...	34	13	9.51	0.12644
GO:0006855	drug transmembrane transport	34	13	9.51	0.12644
GO:0009582	detection of abiotic stimulus	34	13	9.51	0.12644
GO:0060322	head development	95	32	26.56	0.12689
GO:0072395	signal transduction involved in cell cyc...	31	12	8.67	0.12866
GO:0048584	positive regulation of response to stimu...	311	96	86.96	0.12867
GO:0001818	negative regulation of cytokine producti...	16	7	4.47	0.13034
GO:0007272	ensheathment of neurons	16	7	4.47	0.13034
GO:0008366	axon ensheathment	16	7	4.47	0.13034
GO:0019933	cAMP-mediated signaling	16	7	4.47	0.13034
GO:0030217	T cell differentiation	16	7	4.47	0.13034
GO:0031167	rRNA methylation	16	7	4.47	0.13034
GO:0032201	telomere maintenance via semi-conservati...	16	7	4.47	0.13034
GO:0046058	cAMP metabolic process	16	7	4.47	0.13034
GO:0050770	regulation of axonogenesis	16	7	4.47	0.13034
GO:0070199	establishment of protein localization to...	16	7	4.47	0.13034
GO:0072091	regulation of stem cell proliferation	16	7	4.47	0.13034
GO:1901663	quinone biosynthetic process	16	7	4.47	0.13034
GO:1904589	regulation of protein import	16	7	4.47	0.13034
GO:0090351	seedling development	28	11	7.83	0.13054
GO:0006397	mRNA processing	182	58	50.89	0.13112
GO:0032786	positive regulation of DNA-templated tra...	25	10	6.99	0.13195
GO:0090316	positive regulation of intracellular pro...	25	10	6.99	0.13195
GO:0002274	myeloid leukocyte activation	66	23	18.46	0.13199
GO:0010001	glial cell differentiation	19	8	5.31	0.13229
GO:0010883	regulation of lipid storage	19	8	5.31	0.13229
GO:0019935	cyclic-nucleotide-mediated signaling	19	8	5.31	0.13229
GO:0031033	myosin filament organization	19	8	5.31	0.13229
GO:0043588	skin development	19	8	5.31	0.13229
GO:0043966	histone H3 acetylation	19	8	5.31	0.13229
GO:0051091	positive regulation of DNA-binding trans...	19	8	5.31	0.13229
GO:0090287	regulation of cellular response to growt...	19	8	5.31	0.13229
GO:0006513	protein monoubiquitination	22	9	6.15	0.13264
GO:0006907	pinocytosis	22	9	6.15	0.13264
GO:0043524	negative regulation of neuron apoptotic ...	22	9	6.15	0.13264
GO:0050730	regulation of peptidyl-tyrosine phosphor...	22	9	6.15	0.13264
GO:0019318	hexose metabolic process	50	18	13.98	0.13277
GO:0009408	response to heat	102	34	28.52	0.13285
GO:0048534	hematopoietic or lymphoid organ developm...	102	34	28.52	0.13285
GO:0010605	negative regulation of macromolecule met...	519	156	145.13	0.13419
GO:0042176	regulation of protein catabolic process	122	40	34.11	0.13457
GO:1903047	mitotic cell cycle process	353	108	98.71	0.13488
GO:0006643	membrane lipid metabolic process	63	22	17.62	0.13613
GO:0046942	carboxylic acid transport	63	22	17.62	0.13613
GO:0032940	secretion by cell	196	62	54.81	0.13624
GO:0009314	response to radiation	213	67	59.56	0.13684
GO:0001829	trophectodermal cell differentiation	5	3	1.4	0.13703
GO:0006183	GTP biosynthetic process	5	3	1.4	0.13703
GO:0007039	protein catabolic process in the vacuole	5	3	1.4	0.13703
GO:0007175	negative regulation of epidermal growth ...	5	3	1.4	0.13703
GO:0007260	tyrosine phosphorylation of STAT protein	5	3	1.4	0.13703
GO:0009713	catechol-containing compound biosyntheti...	5	3	1.4	0.13703
GO:0009825	multidimensional cell growth	5	3	1.4	0.13703
GO:0010922	positive regulation of phosphatase activ...	5	3	1.4	0.13703
GO:0021695	cerebellar cortex development	5	3	1.4	0.13703
GO:0031150	sorocarp stalk development	5	3	1.4	0.13703
GO:0031573	intra-S DNA damage checkpoint	5	3	1.4	0.13703
GO:0032515	negative regulation of phosphoprotein ph...	5	3	1.4	0.13703
GO:0032602	chemokine production	5	3	1.4	0.13703
GO:0032642	regulation of chemokine production	5	3	1.4	0.13703
GO:0034093	positive regulation of maintenance of si...	5	3	1.4	0.13703
GO:0034184	positive regulation of maintenance of mi...	5	3	1.4	0.13703
GO:0034205	amyloid-beta formation	5	3	1.4	0.13703
GO:0035076	ecdysone receptor-mediated signaling pat...	5	3	1.4	0.13703
GO:0035694	mitochondrial protein catabolic process	5	3	1.4	0.13703
GO:0042416	dopamine biosynthetic process	5	3	1.4	0.13703
GO:0042423	catecholamine biosynthetic process	5	3	1.4	0.13703
GO:0042509	regulation of tyrosine phosphorylation o...	5	3	1.4	0.13703
GO:0043052	thermotaxis	5	3	1.4	0.13703
GO:0043984	histone H4-K16 acetylation	5	3	1.4	0.13703
GO:0045446	endothelial cell differentiation	5	3	1.4	0.13703
GO:0045570	regulation of imaginal disc growth	5	3	1.4	0.13703
GO:0045582	positive regulation of T cell differenti...	5	3	1.4	0.13703
GO:0045621	positive regulation of lymphocyte differ...	5	3	1.4	0.13703
GO:0045668	negative regulation of osteoblast differ...	5	3	1.4	0.13703
GO:0048286	lung alveolus development	5	3	1.4	0.13703
GO:0048566	embryonic digestive tract development	5	3	1.4	0.13703
GO:0051036	regulation of endosome size	5	3	1.4	0.13703
GO:0051238	sequestering of metal ion	5	3	1.4	0.13703
GO:0051340	regulation of ligase activity	5	3	1.4	0.13703
GO:0051572	negative regulation of histone H3-K4 met...	5	3	1.4	0.13703
GO:0061086	negative regulation of histone H3-K27 me...	5	3	1.4	0.13703
GO:0061099	negative regulation of protein tyrosine ...	5	3	1.4	0.13703
GO:0070262	peptidyl-serine dephosphorylation	5	3	1.4	0.13703
GO:0070741	response to interleukin-6	5	3	1.4	0.13703
GO:0071169	establishment of protein localization to...	5	3	1.4	0.13703
GO:0071354	cellular response to interleukin-6	5	3	1.4	0.13703
GO:0071371	cellular response to gonadotropin stimul...	5	3	1.4	0.13703
GO:0071372	cellular response to follicle-stimulatin...	5	3	1.4	0.13703
GO:0071825	protein-lipid complex subunit organizati...	5	3	1.4	0.13703
GO:0072520	seminiferous tubule development	5	3	1.4	0.13703
GO:0090140	regulation of mitochondrial fission	5	3	1.4	0.13703
GO:0090208	positive regulation of triglyceride meta...	5	3	1.4	0.13703
GO:1901407	regulation of phosphorylation of RNA pol...	5	3	1.4	0.13703
GO:1901837	negative regulation of transcription of ...	5	3	1.4	0.13703
GO:1901977	negative regulation of cell cycle checkp...	5	3	1.4	0.13703
GO:1902107	positive regulation of leukocyte differe...	5	3	1.4	0.13703
GO:1903961	positive regulation of anion transmembra...	5	3	1.4	0.13703
GO:1904748	regulation of apoptotic process involved...	5	3	1.4	0.13703
GO:1904815	negative regulation of protein localizat...	5	3	1.4	0.13703
GO:2000001	regulation of DNA damage checkpoint	5	3	1.4	0.13703
GO:2000012	regulation of auxin polar transport	5	3	1.4	0.13703
GO:0071897	DNA biosynthetic process	109	36	30.48	0.13831
GO:0031329	regulation of cellular catabolic process	254	79	71.03	0.13842
GO:0006402	mRNA catabolic process	139	45	38.87	0.13870
GO:0045944	positive regulation of transcription by ...	139	45	38.87	0.13870
GO:0006400	tRNA modification	60	21	16.78	0.14041
GO:0030111	regulation of Wnt signaling pathway	44	16	12.3	0.14041
GO:0072503	cellular divalent inorganic cation homeo...	44	16	12.3	0.14041
GO:0000375	RNA splicing, via transesterification re...	146	47	40.83	0.14242
GO:0071417	cellular response to organonitrogen comp...	106	35	29.64	0.14280
GO:0010256	endomembrane system organization	116	38	32.44	0.14335
GO:0008104	protein localization	646	192	180.64	0.14353
GO:0009791	post-embryonic development	361	110	100.95	0.14368
GO:0006508	proteolysis	399	121	111.57	0.14379
GO:0017038	protein import	83	28	23.21	0.14419
GO:0030447	filamentous growth	57	20	15.94	0.14484
GO:0034728	nucleosome organization	57	20	15.94	0.14484
GO:0051606	detection of stimulus	57	20	15.94	0.14484
GO:0008610	lipid biosynthetic process	214	67	59.84	0.14707
GO:0070201	regulation of establishment of protein l...	103	34	28.8	0.14745
GO:0044283	small molecule biosynthetic process	365	111	102.06	0.14814
GO:0032147	activation of protein kinase activity	38	14	10.63	0.14824
GO:0048608	reproductive structure development	238	74	66.55	0.14864
GO:0065004	protein-DNA complex assembly	80	27	22.37	0.14895
GO:0034645	cellular macromolecule biosynthetic proc...	967	283	270.4	0.14994
GO:0007420	brain development	90	30	25.17	0.15109
GO:0018193	peptidyl-amino acid modification	324	99	90.6	0.15128
GO:0009658	chloroplast organization	35	13	9.79	0.15216
GO:0042770	signal transduction in response to DNA d...	35	13	9.79	0.15216
GO:0009896	positive regulation of catabolic process	130	42	36.35	0.15228
GO:0046700	heterocycle catabolic process	259	80	72.42	0.15350
GO:0000184	nuclear-transcribed mRNA catabolic proce...	77	26	21.53	0.15390
GO:0070848	response to growth factor	77	26	21.53	0.15390
GO:0071363	cellular response to growth factor stimu...	77	26	21.53	0.15390
GO:0007041	lysosomal transport	51	18	14.26	0.15417
GO:0010557	positive regulation of macromolecule bio...	297	91	83.05	0.15599
GO:0006334	nucleosome assembly	32	12	8.95	0.15603
GO:0019915	lipid storage	32	12	8.95	0.15603
GO:0032784	regulation of DNA-templated transcriptio...	32	12	8.95	0.15603
GO:0051090	regulation of DNA-binding transcription ...	32	12	8.95	0.15603
GO:0051402	neuron apoptotic process	32	12	8.95	0.15603
GO:0019219	regulation of nucleobase-containing comp...	592	176	165.54	0.15629
GO:0016570	histone modification	164	52	45.86	0.15683
GO:0051252	regulation of RNA metabolic process	491	147	137.3	0.15736
GO:0043086	negative regulation of catalytic activit...	107	35	29.92	0.15779
GO:0000350	generation of catalytic spliceosome for ...	8	4	2.24	0.15853
GO:0006269	DNA replication, synthesis of RNA primer	8	4	2.24	0.15853
GO:0006465	signal peptide processing	8	4	2.24	0.15853
GO:0006591	ornithine metabolic process	8	4	2.24	0.15853
GO:0006691	leukotriene metabolic process	8	4	2.24	0.15853
GO:0007021	tubulin complex assembly	8	4	2.24	0.15853
GO:0007289	spermatid nucleus differentiation	8	4	2.24	0.15853
GO:0009164	nucleoside catabolic process	8	4	2.24	0.15853
GO:0009650	UV protection	8	4	2.24	0.15853
GO:0010453	regulation of cell fate commitment	8	4	2.24	0.15853
GO:0021953	central nervous system neuron differenti...	8	4	2.24	0.15853
GO:0032892	positive regulation of organic acid tran...	8	4	2.24	0.15853
GO:0033314	mitotic DNA replication checkpoint	8	4	2.24	0.15853
GO:0035270	endocrine system development	8	4	2.24	0.15853
GO:0042759	long-chain fatty acid biosynthetic proce...	8	4	2.24	0.15853
GO:0044351	macropinocytosis	8	4	2.24	0.15853
GO:0044416	induction by symbiont of host defense re...	8	4	2.24	0.15853
GO:0044671	sorocarp spore cell differentiation	8	4	2.24	0.15853
GO:0045876	positive regulation of sister chromatid ...	8	4	2.24	0.15853
GO:0046132	pyrimidine ribonucleoside biosynthetic p...	8	4	2.24	0.15853
GO:0048010	vascular endothelial growth factor recep...	8	4	2.24	0.15853
GO:0048764	trichoblast maturation	8	4	2.24	0.15853
GO:0048765	root hair cell differentiation	8	4	2.24	0.15853
GO:0048837	sorocarp sorus development	8	4	2.24	0.15853
GO:0052251	induction by organism of defense respons...	8	4	2.24	0.15853
GO:2000234	positive regulation of rRNA processing	8	4	2.24	0.15853
GO:0061458	reproductive system development	239	74	66.83	0.15885
GO:0007286	spermatid development	48	17	13.42	0.15908
GO:0009891	positive regulation of biosynthetic proc...	356	108	99.55	0.15962
GO:0034243	regulation of transcription elongation f...	29	11	8.11	0.15979
GO:0050673	epithelial cell proliferation	29	11	8.11	0.15979
GO:0009059	macromolecule biosynthetic process	983	287	274.87	0.16067
GO:0032502	developmental process	1256	364	351.21	0.16114
GO:0002443	leukocyte mediated immunity	84	28	23.49	0.16133
GO:0010564	regulation of cell cycle process	253	78	70.75	0.16204
GO:0000278	mitotic cell cycle	384	116	107.38	0.16242
GO:0033044	regulation of chromosome organization	178	56	49.77	0.16244
GO:0033365	protein localization to organelle	346	105	96.75	0.16282
GO:0040012	regulation of locomotion	104	34	29.08	0.16297
GO:0000966	RNA 5'-end processing	26	10	7.27	0.16332
GO:0007064	mitotic sister chromatid cohesion	26	10	7.27	0.16332
GO:0031398	positive regulation of protein ubiquitin...	26	10	7.27	0.16332
GO:0034471	ncRNA 5'-end processing	26	10	7.27	0.16332
GO:0072507	divalent inorganic cation homeostasis	45	16	12.58	0.16416
GO:0035556	intracellular signal transduction	322	98	90.04	0.16430
GO:1901699	cellular response to nitrogen compound	131	42	36.63	0.16632
GO:0048639	positive regulation of developmental gro...	23	9	6.43	0.16649
GO:0050678	regulation of epithelial cell proliferat...	23	9	6.43	0.16649
GO:0002366	leukocyte activation involved in immune ...	81	27	22.65	0.16678
GO:0009787	regulation of abscisic acid-activated si...	11	5	3.08	0.16736
GO:0009926	auxin polar transport	11	5	3.08	0.16736
GO:0030216	keratinocyte differentiation	11	5	3.08	0.16736
GO:0032640	tumor necrosis factor production	11	5	3.08	0.16736
GO:0032680	regulation of tumor necrosis factor prod...	11	5	3.08	0.16736
GO:0034308	primary alcohol metabolic process	11	5	3.08	0.16736
GO:0042059	negative regulation of epidermal growth ...	11	5	3.08	0.16736
GO:0043489	RNA stabilization	11	5	3.08	0.16736
GO:0045176	apical protein localization	11	5	3.08	0.16736
GO:0046189	phenol-containing compound biosynthetic ...	11	5	3.08	0.16736
GO:0051569	regulation of histone H3-K4 methylation	11	5	3.08	0.16736
GO:0052166	positive regulation by symbiont of host ...	11	5	3.08	0.16736
GO:0052305	positive regulation by organism of innat...	11	5	3.08	0.16736
GO:0052555	positive regulation by organism of immun...	11	5	3.08	0.16736
GO:0052556	positive regulation by symbiont of host ...	11	5	3.08	0.16736
GO:0061387	regulation of extent of cell growth	11	5	3.08	0.16736
GO:0070317	negative regulation of G0 to G1 transiti...	11	5	3.08	0.16736
GO:0071706	tumor necrosis factor superfamily cytoki...	11	5	3.08	0.16736
GO:0090070	positive regulation of ribosome biogenes...	11	5	3.08	0.16736
GO:0098722	asymmetric stem cell division	11	5	3.08	0.16736
GO:0098927	vesicle-mediated transport between endos...	11	5	3.08	0.16736
GO:1901185	negative regulation of ERBB signaling pa...	11	5	3.08	0.16736
GO:1901419	regulation of response to alcohol	11	5	3.08	0.16736
GO:1901976	regulation of cell cycle checkpoint	11	5	3.08	0.16736
GO:1901998	toxin transport	11	5	3.08	0.16736
GO:1902369	negative regulation of RNA catabolic pro...	11	5	3.08	0.16736
GO:1903555	regulation of tumor necrosis factor supe...	11	5	3.08	0.16736
GO:1903998	regulation of eating behavior	11	5	3.08	0.16736
GO:1905957	regulation of cellular response to alcoh...	11	5	3.08	0.16736
GO:0044270	cellular nitrogen compound catabolic pro...	257	79	71.86	0.16795
GO:0000413	protein peptidyl-prolyl isomerization	20	8	5.59	0.16905
GO:0000480	endonucleolytic cleavage in 5'-ETS of tr...	20	8	5.59	0.16905
GO:0002221	pattern recognition receptor signaling p...	20	8	5.59	0.16905
GO:0002758	innate immune response-activating signal...	20	8	5.59	0.16905
GO:0009187	cyclic nucleotide metabolic process	20	8	5.59	0.16905
GO:0009648	photoperiodism	20	8	5.59	0.16905
GO:0009753	response to jasmonic acid	20	8	5.59	0.16905
GO:0034767	positive regulation of ion transmembrane...	20	8	5.59	0.16905
GO:0043967	histone H4 acetylation	20	8	5.59	0.16905
GO:0051972	regulation of telomerase activity	20	8	5.59	0.16905
GO:0071495	cellular response to endogenous stimulus	264	81	73.82	0.16935
GO:0080134	regulation of response to stress	264	81	73.82	0.16935
GO:0006301	postreplication repair	42	15	11.74	0.16940
GO:0097164	ammonium ion metabolic process	42	15	11.74	0.16940
GO:0006171	cAMP biosynthetic process	14	6	3.91	0.17048
GO:0006835	dicarboxylic acid transport	14	6	3.91	0.17048
GO:0010165	response to X-ray	14	6	3.91	0.17048
GO:0010810	regulation of cell-substrate adhesion	14	6	3.91	0.17048
GO:0022409	positive regulation of cell-cell adhesio...	14	6	3.91	0.17048
GO:0032456	endocytic recycling	14	6	3.91	0.17048
GO:0043388	positive regulation of DNA binding	14	6	3.91	0.17048
GO:0043666	regulation of phosphoprotein phosphatase...	14	6	3.91	0.17048
GO:0046320	regulation of fatty acid oxidation	14	6	3.91	0.17048
GO:0048532	anatomical structure arrangement	14	6	3.91	0.17048
GO:0050851	antigen receptor-mediated signaling path...	14	6	3.91	0.17048
GO:0050852	T cell receptor signaling pathway	14	6	3.91	0.17048
GO:0055002	striated muscle cell development	14	6	3.91	0.17048
GO:0070816	phosphorylation of RNA polymerase II C-t...	14	6	3.91	0.17048
GO:0071025	RNA surveillance	14	6	3.91	0.17048
GO:0071027	nuclear RNA surveillance	14	6	3.91	0.17048
GO:0090605	submerged biofilm formation	14	6	3.91	0.17048
