GO.ID	Term	Annotated	Significant	Expected	classic
GO:0051152	positive regulation of smooth muscle cel...	2	2	0.04	0.00035
GO:1905065	positive regulation of vascular smooth m...	2	2	0.04	0.00035
GO:0051150	regulation of smooth muscle cell differe...	3	2	0.06	0.00105
GO:1905063	regulation of vascular smooth muscle cel...	3	2	0.06	0.00105
GO:0009070	serine family amino acid biosynthetic pr...	12	3	0.23	0.00127
GO:2000217	regulation of invasive growth in respons...	14	3	0.27	0.00204
GO:0009092	homoserine metabolic process	4	2	0.08	0.00207
GO:1901607	alpha-amino acid biosynthetic process	74	6	1.4	0.00247
GO:0001196	regulation of mating-type specific trans...	5	2	0.09	0.00341
GO:0001198	negative regulation of mating-type speci...	5	2	0.09	0.00341
GO:0007532	regulation of mating-type specific trans...	5	2	0.09	0.00341
GO:0045894	negative regulation of mating-type speci...	5	2	0.09	0.00341
GO:0072364	regulation of cellular ketone metabolic ...	5	2	0.09	0.00341
GO:0100070	regulation of fatty acid biosynthetic pr...	5	2	0.09	0.00341
GO:2000531	regulation of fatty acid biosynthetic pr...	5	2	0.09	0.00341
GO:0070784	regulation of growth of unicellular orga...	17	3	0.32	0.00366
GO:0001403	invasive growth in response to glucose l...	18	3	0.34	0.00433
GO:0032092	positive regulation of protein binding	18	3	0.34	0.00433
GO:0006575	cellular modified amino acid metabolic p...	85	6	1.61	0.00496
GO:0001514	selenocysteine incorporation	6	2	0.11	0.00506
GO:0006451	translational readthrough	6	2	0.11	0.00506
GO:0035886	vascular smooth muscle cell differentiat...	6	2	0.11	0.00506
GO:0051145	smooth muscle cell differentiation	6	2	0.11	0.00506
GO:0008652	cellular amino acid biosynthetic process	89	6	1.69	0.00621
GO:0036267	invasive filamentous growth	21	3	0.4	0.00678
GO:0000430	regulation of transcription from RNA pol...	8	2	0.15	0.00921
GO:0000433	carbon catabolite repression of transcri...	8	2	0.15	0.00921
GO:0010087	phloem or xylem histogenesis	8	2	0.15	0.00921
GO:0035950	regulation of oligopeptide transport by ...	8	2	0.15	0.00921
GO:0035952	negative regulation of oligopeptide tran...	8	2	0.15	0.00921
GO:0035953	regulation of dipeptide transport by reg...	8	2	0.15	0.00921
GO:0035955	negative regulation of dipeptide transpo...	8	2	0.15	0.00921
GO:0042938	dipeptide transport	8	2	0.15	0.00921
GO:0045013	carbon catabolite repression of transcri...	8	2	0.15	0.00921
GO:0045014	carbon catabolite repression of transcri...	8	2	0.15	0.00921
GO:0051149	positive regulation of muscle cell diffe...	8	2	0.15	0.00921
GO:0061984	catabolite repression	8	2	0.15	0.00921
GO:0061985	carbon catabolite repression	8	2	0.15	0.00921
GO:0061986	negative regulation of transcription by ...	8	2	0.15	0.00921
GO:0061987	negative regulation of transcription fro...	8	2	0.15	0.00921
GO:0090088	regulation of oligopeptide transport	8	2	0.15	0.00921
GO:0090089	regulation of dipeptide transport	8	2	0.15	0.00921
GO:2000877	negative regulation of oligopeptide tran...	8	2	0.15	0.00921
GO:2000879	negative regulation of dipeptide transpo...	8	2	0.15	0.00921
GO:0070783	growth of unicellular organism as a thre...	24	3	0.46	0.00991
GO:1900428	regulation of filamentous growth of a po...	24	3	0.46	0.00991
GO:0010570	regulation of filamentous growth	25	3	0.47	0.01111
GO:0000429	carbon catabolite regulation of transcri...	9	2	0.17	0.01170
GO:0045990	carbon catabolite regulation of transcri...	9	2	0.17	0.01170
GO:0042127	regulation of cell proliferation	171	8	3.24	0.01428
GO:0046015	regulation of transcription by glucose	10	2	0.19	0.01445
GO:0046777	protein autophosphorylation	51	4	0.97	0.01507
GO:0040008	regulation of growth	143	7	2.71	0.01733
GO:0009086	methionine biosynthetic process	11	2	0.21	0.01745
GO:0046653	tetrahydrofolate metabolic process	11	2	0.21	0.01745
GO:1901605	alpha-amino acid metabolic process	144	7	2.73	0.01794
GO:0016053	organic acid biosynthetic process	214	9	4.06	0.01805
GO:0046394	carboxylic acid biosynthetic process	214	9	4.06	0.01805
GO:0000755	cytogamy	1	1	0.02	0.01897
GO:0003032	detection of oxygen	1	1	0.02	0.01897
GO:0003068	regulation of systemic arterial blood pr...	1	1	0.02	0.01897
GO:0003069	acetylcholine-mediated vasodilation invo...	1	1	0.02	0.01897
GO:0003070	regulation of systemic arterial blood pr...	1	1	0.02	0.01897
GO:0003085	negative regulation of systemic arterial...	1	1	0.02	0.01897
GO:0006864	pyrimidine nucleotide transport	1	1	0.02	0.01897
GO:0007256	activation of JNKK activity	1	1	0.02	0.01897
GO:0007439	ectodermal digestive tract development	1	1	0.02	0.01897
GO:0009090	homoserine biosynthetic process	1	1	0.02	0.01897
GO:0009660	amyloplast organization	1	1	0.02	0.01897
GO:0010088	phloem development	1	1	0.02	0.01897
GO:0010227	floral organ abscission	1	1	0.02	0.01897
GO:0010981	regulation of cell wall macromolecule me...	1	1	0.02	0.01897
GO:0016545	male courtship behavior, veined wing vib...	1	1	0.02	0.01897
GO:0017062	respiratory chain complex III assembly	1	1	0.02	0.01897
GO:0018272	protein-pyridoxal-5-phosphate linkage vi...	1	1	0.02	0.01897
GO:0030153	bacteriocin immunity	1	1	0.02	0.01897
GO:0032232	negative regulation of actin filament bu...	1	1	0.02	0.01897
GO:0032950	regulation of beta-glucan metabolic proc...	1	1	0.02	0.01897
GO:0032951	regulation of beta-glucan biosynthetic p...	1	1	0.02	0.01897
GO:0032952	regulation of (1->3)-beta-D-glucan metab...	1	1	0.02	0.01897
GO:0032953	regulation of (1->3)-beta-D-glucan biosy...	1	1	0.02	0.01897
GO:0032995	regulation of fungal-type cell wall biog...	1	1	0.02	0.01897
GO:0034021	response to silicon dioxide	1	1	0.02	0.01897
GO:0034551	mitochondrial respiratory chain complex ...	1	1	0.02	0.01897
GO:0035523	protein K29-linked deubiquitination	1	1	0.02	0.01897
GO:0038001	paracrine signaling	1	1	0.02	0.01897
GO:0039536	negative regulation of RIG-I signaling p...	1	1	0.02	0.01897
GO:0044524	protein sulfhydration	1	1	0.02	0.01897
GO:0045433	male courtship behavior, veined wing gen...	1	1	0.02	0.01897
GO:0046167	glycerol-3-phosphate biosynthetic proces...	1	1	0.02	0.01897
GO:0048065	male courtship behavior, veined wing ext...	1	1	0.02	0.01897
GO:0048317	seed morphogenesis	1	1	0.02	0.01897
GO:0048445	carpel morphogenesis	1	1	0.02	0.01897
GO:0048482	plant ovule morphogenesis	1	1	0.02	0.01897
GO:0048611	embryonic ectodermal digestive tract dev...	1	1	0.02	0.01897
GO:0048759	xylem vessel member cell differentiation	1	1	0.02	0.01897
GO:0048773	erythrophore differentiation	1	1	0.02	0.01897
GO:0071266	'de novo' L-methionine biosynthetic proc...	1	1	0.02	0.01897
GO:0071569	protein ufmylation	1	1	0.02	0.01897
GO:0090334	regulation of cell wall (1->3)-beta-D-gl...	1	1	0.02	0.01897
GO:0090677	reversible differentiation	1	1	0.02	0.01897
GO:0090679	cell differentiation involved in phenoty...	1	1	0.02	0.01897
GO:1900057	positive regulation of leaf senescence	1	1	0.02	0.01897
GO:1900241	positive regulation of phenotypic switch...	1	1	0.02	0.01897
GO:1902616	acyl carnitine transmembrane transport	1	1	0.02	0.01897
GO:1904829	regulation of aortic smooth muscle cell ...	1	1	0.02	0.01897
GO:1904831	positive regulation of aortic smooth mus...	1	1	0.02	0.01897
GO:1905420	vascular smooth muscle cell differentiat...	1	1	0.02	0.01897
GO:1905623	positive regulation of leaf development	1	1	0.02	0.01897
GO:1905915	regulation of cell differentiation invol...	1	1	0.02	0.01897
GO:1905917	positive regulation of cell differentiat...	1	1	0.02	0.01897
GO:1905930	regulation of vascular smooth muscle cel...	1	1	0.02	0.01897
GO:1905932	positive regulation of vascular smooth m...	1	1	0.02	0.01897
GO:1990167	protein K27-linked deubiquitination	1	1	0.02	0.01897
GO:1990168	protein K33-linked deubiquitination	1	1	0.02	0.01897
GO:1990314	cellular response to insulin-like growth...	1	1	0.02	0.01897
GO:1990519	pyrimidine nucleotide import into mitoch...	1	1	0.02	0.01897
GO:1990564	protein polyufmylation	1	1	0.02	0.01897
GO:1990575	mitochondrial L-ornithine transmembrane ...	1	1	0.02	0.01897
GO:1990592	protein K69-linked ufmylation	1	1	0.02	0.01897
GO:2000112	regulation of cellular macromolecule bio...	582	18	11.04	0.01921
GO:0009889	regulation of biosynthetic process	675	20	12.81	0.02050
GO:0016584	nucleosome positioning	12	2	0.23	0.02068
GO:1903426	regulation of reactive oxygen species bi...	12	2	0.23	0.02068
GO:0043393	regulation of protein binding	32	3	0.61	0.02181
GO:0051090	regulation of DNA-binding transcription ...	32	3	0.61	0.02181
GO:0042304	regulation of fatty acid biosynthetic pr...	13	2	0.25	0.02415
GO:0043935	sexual sporulation resulting in formatio...	13	2	0.25	0.02415
GO:0051147	regulation of muscle cell differentiatio...	13	2	0.25	0.02415
GO:0010556	regulation of macromolecule biosynthetic...	598	18	11.35	0.02489
GO:0031328	positive regulation of cellular biosynth...	348	12	6.6	0.02761
GO:0045926	negative regulation of growth	36	3	0.68	0.02976
GO:0031326	regulation of cellular biosynthetic proc...	656	19	12.45	0.03038
GO:0006555	methionine metabolic process	15	2	0.28	0.03173
GO:0006857	oligopeptide transport	15	2	0.28	0.03173
GO:0007422	peripheral nervous system development	15	2	0.28	0.03173
GO:0034293	sexual sporulation	15	2	0.28	0.03173
GO:0043433	negative regulation of DNA-binding trans...	15	2	0.28	0.03173
GO:1904018	positive regulation of vasculature devel...	15	2	0.28	0.03173
GO:0007584	response to nutrient	64	4	1.21	0.03195
GO:0009891	positive regulation of biosynthetic proc...	356	12	6.75	0.03231
GO:0051098	regulation of binding	65	4	1.23	0.03358
GO:0051099	positive regulation of binding	38	3	0.72	0.03424
GO:0006520	cellular amino acid metabolic process	202	8	3.83	0.03504
GO:0051289	protein homotetramerization	16	2	0.3	0.03583
GO:0009069	serine family amino acid metabolic proce...	39	3	0.74	0.03661
GO:0043901	negative regulation of multi-organism pr...	39	3	0.74	0.03661
GO:0001315	age-dependent response to reactive oxyge...	2	1	0.04	0.03759
GO:0006072	glycerol-3-phosphate metabolic process	2	1	0.04	0.03759
GO:0006075	(1->3)-beta-D-glucan biosynthetic proces...	2	1	0.04	0.03759
GO:0006227	dUDP biosynthetic process	2	1	0.04	0.03759
GO:0006233	dTDP biosynthetic process	2	1	0.04	0.03759
GO:0006702	androgen biosynthetic process	2	1	0.04	0.03759
GO:0006844	acyl carnitine transport	2	1	0.04	0.03759
GO:0009590	detection of gravity	2	1	0.04	0.03759
GO:0009959	negative gravitropism	2	1	0.04	0.03759
GO:0010089	xylem development	2	1	0.04	0.03759
GO:0010376	stomatal complex formation	2	1	0.04	0.03759
GO:0010668	ectodermal cell differentiation	2	1	0.04	0.03759
GO:0019343	cysteine biosynthetic process via cystat...	2	1	0.04	0.03759
GO:0019346	transsulfuration	2	1	0.04	0.03759
GO:0030302	deoxynucleotide transport	2	1	0.04	0.03759
GO:0034407	cell wall (1->3)-beta-D-glucan metabolic...	2	1	0.04	0.03759
GO:0034410	cell wall beta-glucan biosynthetic proce...	2	1	0.04	0.03759
GO:0034411	cell wall (1->3)-beta-D-glucan biosynthe...	2	1	0.04	0.03759
GO:0035024	negative regulation of Rho protein signa...	2	1	0.04	0.03759
GO:0035621	ER to Golgi ceramide transport	2	1	0.04	0.03759
GO:0035627	ceramide transport	2	1	0.04	0.03759
GO:0035871	protein K11-linked deubiquitination	2	1	0.04	0.03759
GO:0039532	negative regulation of viral-induced cyt...	2	1	0.04	0.03759
GO:0039535	regulation of RIG-I signaling pathway	2	1	0.04	0.03759
GO:0043157	response to cation stress	2	1	0.04	0.03759
GO:0043507	positive regulation of JUN kinase activi...	2	1	0.04	0.03759
GO:0044414	suppression of host defenses	2	1	0.04	0.03759
GO:0045599	negative regulation of fat cell differen...	2	1	0.04	0.03759
GO:0046072	dTDP metabolic process	2	1	0.04	0.03759
GO:0046077	dUDP metabolic process	2	1	0.04	0.03759
GO:0048149	behavioral response to ethanol	2	1	0.04	0.03759
GO:0051833	suppression of defenses of other organis...	2	1	0.04	0.03759
GO:0052037	negative regulation by symbiont of host ...	2	1	0.04	0.03759
GO:0052170	negative regulation by symbiont of host ...	2	1	0.04	0.03759
GO:0052261	suppression of defense response of other...	2	1	0.04	0.03759
GO:0052309	negative regulation by organism of innat...	2	1	0.04	0.03759
GO:0052561	negative regulation by organism of immun...	2	1	0.04	0.03759
GO:0052562	negative regulation by symbiont of host ...	2	1	0.04	0.03759
GO:0052646	alditol phosphate metabolic process	2	1	0.04	0.03759
GO:0072531	pyrimidine-containing compound transmemb...	2	1	0.04	0.03759
GO:0120009	intermembrane lipid transfer	2	1	0.04	0.03759
GO:0120010	intermembrane phospholipid transfer	2	1	0.04	0.03759
GO:1901351	regulation of phosphatidylglycerol biosy...	2	1	0.04	0.03759
GO:1901352	negative regulation of phosphatidylglyce...	2	1	0.04	0.03759
GO:1901999	homogentisate metabolic process	2	1	0.04	0.03759
GO:1902000	homogentisate catabolic process	2	1	0.04	0.03759
GO:1902022	L-lysine transport	2	1	0.04	0.03759
GO:1902176	negative regulation of oxidative stress-...	2	1	0.04	0.03759
GO:1903401	L-lysine transmembrane transport	2	1	0.04	0.03759
GO:1903650	negative regulation of cytoplasmic trans...	2	1	0.04	0.03759
GO:1904569	regulation of selenocysteine incorporati...	2	1	0.04	0.03759
GO:1904571	positive regulation of selenocysteine in...	2	1	0.04	0.03759
GO:1904810	negative regulation of dense core granul...	2	1	0.04	0.03759
GO:1905177	tracheary element differentiation	2	1	0.04	0.03759
GO:2000037	regulation of stomatal complex patternin...	2	1	0.04	0.03759
GO:2001245	regulation of phosphatidylcholine biosyn...	2	1	0.04	0.03759
GO:2001247	positive regulation of phosphatidylcholi...	2	1	0.04	0.03759
GO:0010628	positive regulation of gene expression	323	11	6.13	0.03771
GO:0044182	filamentous growth of a population of un...	40	3	0.76	0.03905
GO:0000097	sulfur amino acid biosynthetic process	17	2	0.32	0.04012
GO:1901616	organic hydroxy compound catabolic proce...	17	2	0.32	0.04012
GO:0042742	defense response to bacterium	101	5	1.92	0.04107
GO:1902531	regulation of intracellular signal trans...	173	7	3.28	0.04333
GO:0008285	negative regulation of cell proliferatio...	71	4	1.35	0.04433
GO:0006760	folic acid-containing compound metabolic...	18	2	0.34	0.04459
GO:0009067	aspartate family amino acid biosynthetic...	18	2	0.34	0.04459
GO:0045944	positive regulation of transcription by ...	139	6	2.64	0.04620
GO:1903409	reactive oxygen species biosynthetic pro...	43	3	0.82	0.04688
GO:0042554	superoxide anion generation	19	2	0.36	0.04924
GO:0010557	positive regulation of macromolecule bio...	297	10	5.64	0.05032
GO:0040007	growth	297	10	5.64	0.05032
GO:0006749	glutathione metabolic process	20	2	0.38	0.05405
GO:0009084	glutamine family amino acid biosynthetic...	20	2	0.38	0.05405
GO:0048437	floral organ development	20	2	0.38	0.05405
GO:0051881	regulation of mitochondrial membrane pot...	20	2	0.38	0.05405
GO:1901342	regulation of vasculature development	20	2	0.38	0.05405
GO:0000186	activation of MAPKK activity	3	1	0.06	0.05586
GO:0000451	rRNA 2'-O-methylation	3	1	0.06	0.05586
GO:0001306	age-dependent response to oxidative stre...	3	1	0.06	0.05586
GO:0001976	neurological system process involved in ...	3	1	0.06	0.05586
GO:0003360	brainstem development	3	1	0.06	0.05586
GO:0006074	(1->3)-beta-D-glucan metabolic process	3	1	0.06	0.05586
GO:0006553	lysine metabolic process	3	1	0.06	0.05586
GO:0006798	polyphosphate catabolic process	3	1	0.06	0.05586
GO:0007398	ectoderm development	3	1	0.06	0.05586
GO:0007571	age-dependent general metabolic decline	3	1	0.06	0.05586
GO:0009085	lysine biosynthetic process	3	1	0.06	0.05586
GO:0009088	threonine biosynthetic process	3	1	0.06	0.05586
GO:0009089	lysine biosynthetic process via diaminop...	3	1	0.06	0.05586
GO:0010103	stomatal complex morphogenesis	3	1	0.06	0.05586
GO:0010375	stomatal complex patterning	3	1	0.06	0.05586
GO:0010444	guard mother cell differentiation	3	1	0.06	0.05586
GO:0015697	quaternary ammonium group transport	3	1	0.06	0.05586
GO:0015822	ornithine transport	3	1	0.06	0.05586
GO:0018345	protein palmitoylation	3	1	0.06	0.05586
GO:0019336	phenol-containing compound catabolic pro...	3	1	0.06	0.05586
GO:0019344	cysteine biosynthetic process	3	1	0.06	0.05586
GO:0032253	dense core granule localization	3	1	0.06	0.05586
GO:0032364	oxygen homeostasis	3	1	0.06	0.05586
GO:0033483	gas homeostasis	3	1	0.06	0.05586
GO:0033591	response to L-ascorbic acid	3	1	0.06	0.05586
GO:0034390	smooth muscle cell apoptotic process	3	1	0.06	0.05586
GO:0034391	regulation of smooth muscle cell apoptot...	3	1	0.06	0.05586
GO:0034393	positive regulation of smooth muscle cel...	3	1	0.06	0.05586
GO:0035206	regulation of hemocyte proliferation	3	1	0.06	0.05586
GO:0035900	response to isolation stress	3	1	0.06	0.05586
GO:0036205	histone catabolic process	3	1	0.06	0.05586
GO:0039529	RIG-I signaling pathway	3	1	0.06	0.05586
GO:0039531	regulation of viral-induced cytoplasmic ...	3	1	0.06	0.05586
GO:0042174	negative regulation of sporulation resul...	3	1	0.06	0.05586
GO:0043268	positive regulation of potassium ion tra...	3	1	0.06	0.05586
GO:0043939	negative regulation of sporulation	3	1	0.06	0.05586
GO:0043942	negative regulation of sexual sporulatio...	3	1	0.06	0.05586
GO:0044413	avoidance of host defenses	3	1	0.06	0.05586
GO:0046451	diaminopimelate metabolic process	3	1	0.06	0.05586
GO:0046836	glycolipid transport	3	1	0.06	0.05586
GO:0051832	avoidance of defenses of other organism ...	3	1	0.06	0.05586
GO:0060252	positive regulation of glial cell prolif...	3	1	0.06	0.05586
GO:0070813	hydrogen sulfide metabolic process	3	1	0.06	0.05586
GO:0070814	hydrogen sulfide biosynthetic process	3	1	0.06	0.05586
GO:0071072	negative regulation of phospholipid bios...	3	1	0.06	0.05586
GO:0080022	primary root development	3	1	0.06	0.05586
GO:0089709	L-histidine transmembrane transport	3	1	0.06	0.05586
GO:0090036	regulation of protein kinase C signaling	3	1	0.06	0.05586
GO:0090038	negative regulation of protein kinase C ...	3	1	0.06	0.05586
GO:0090326	positive regulation of locomotion involv...	3	1	0.06	0.05586
GO:1900239	regulation of phenotypic switching	3	1	0.06	0.05586
GO:1901950	dense core granule transport	3	1	0.06	0.05586
GO:1902065	response to L-glutamate	3	1	0.06	0.05586
GO:1903352	L-ornithine transmembrane transport	3	1	0.06	0.05586
GO:1903400	L-arginine transmembrane transport	3	1	0.06	0.05586
GO:1903726	negative regulation of phospholipid meta...	3	1	0.06	0.05586
GO:1903826	arginine transmembrane transport	3	1	0.06	0.05586
GO:1904809	regulation of dense core granule transpo...	3	1	0.06	0.05586
GO:1904811	positive regulation of dense core granul...	3	1	0.06	0.05586
GO:1905288	vascular associated smooth muscle cell a...	3	1	0.06	0.05586
GO:1905459	regulation of vascular associated smooth...	3	1	0.06	0.05586
GO:1905461	positive regulation of vascular associat...	3	1	0.06	0.05586
GO:2000269	regulation of fibroblast apoptotic proce...	3	1	0.06	0.05586
GO:2000434	regulation of protein neddylation	3	1	0.06	0.05586
GO:2000435	negative regulation of protein neddylati...	3	1	0.06	0.05586
GO:0006082	organic acid metabolic process	431	13	8.18	0.05678
GO:0043436	oxoacid metabolic process	431	13	8.18	0.05678
GO:0016485	protein processing	47	3	0.89	0.05843
GO:0009404	toxin metabolic process	21	2	0.4	0.05903
GO:0008283	cell proliferation	265	9	5.03	0.05969
GO:0006414	translational elongation	48	3	0.91	0.06151
GO:0030308	negative regulation of cell growth	22	2	0.42	0.06416
GO:0042558	pteridine-containing compound metabolic ...	22	2	0.42	0.06416
GO:0045471	response to ethanol	50	3	0.95	0.06789
GO:0006508	proteolysis	399	12	7.57	0.06790
GO:0007531	mating type determination	23	2	0.44	0.06943
GO:0043486	histone exchange	23	2	0.44	0.06943
GO:0051262	protein tetramerization	23	2	0.44	0.06943
GO:0045727	positive regulation of translation	51	3	0.97	0.07119
GO:0000282	cellular bud site selection	4	1	0.08	0.07379
GO:0006235	dTTP biosynthetic process	4	1	0.08	0.07379
GO:0006561	proline biosynthetic process	4	1	0.08	0.07379
GO:0008049	male courtship behavior	4	1	0.08	0.07379
GO:0009838	abscission	4	1	0.08	0.07379
GO:0010661	positive regulation of muscle cell apopt...	4	1	0.08	0.07379
GO:0018352	protein-pyridoxal-5-phosphate linkage	4	1	0.08	0.07379
GO:0031930	mitochondria-nucleus signaling pathway	4	1	0.08	0.07379
GO:0032231	regulation of actin filament bundle asse...	4	1	0.08	0.07379
GO:0032252	secretory granule localization	4	1	0.08	0.07379
GO:0034306	regulation of sexual sporulation	4	1	0.08	0.07379
GO:0034406	cell wall beta-glucan metabolic process	4	1	0.08	0.07379
GO:0035023	regulation of Rho protein signal transdu...	4	1	0.08	0.07379
GO:0035513	oxidative RNA demethylation	4	1	0.08	0.07379
GO:0035553	oxidative single-stranded RNA demethylat...	4	1	0.08	0.07379
GO:0035887	aortic smooth muscle cell differentiatio...	4	1	0.08	0.07379
GO:0039528	cytoplasmic pattern recognition receptor...	4	1	0.08	0.07379
GO:0040009	regulation of growth rate	4	1	0.08	0.07379
GO:0042173	regulation of sporulation resulting in f...	4	1	0.08	0.07379
GO:0042448	progesterone metabolic process	4	1	0.08	0.07379
GO:0043506	regulation of JUN kinase activity	4	1	0.08	0.07379
GO:0043940	regulation of sexual sporulation resulti...	4	1	0.08	0.07379
GO:0044346	fibroblast apoptotic process	4	1	0.08	0.07379
GO:0045007	depurination	4	1	0.08	0.07379
GO:0045776	negative regulation of blood pressure	4	1	0.08	0.07379
GO:0046075	dTTP metabolic process	4	1	0.08	0.07379
GO:0046452	dihydrofolate metabolic process	4	1	0.08	0.07379
GO:0046621	negative regulation of organ growth	4	1	0.08	0.07379
GO:0048147	negative regulation of fibroblast prolif...	4	1	0.08	0.07379
GO:0050687	negative regulation of defense response ...	4	1	0.08	0.07379
GO:0060237	regulation of fungal-type cell wall orga...	4	1	0.08	0.07379
GO:0061370	testosterone biosynthetic process	4	1	0.08	0.07379
GO:0061844	antimicrobial humoral immune response me...	4	1	0.08	0.07379
GO:0072344	rescue of stalled ribosome	4	1	0.08	0.07379
GO:0090156	cellular sphingolipid homeostasis	4	1	0.08	0.07379
GO:0090325	regulation of locomotion involved in loc...	4	1	0.08	0.07379
GO:1900055	regulation of leaf senescence	4	1	0.08	0.07379
GO:1902023	L-arginine transport	4	1	0.08	0.07379
GO:1902255	positive regulation of intrinsic apoptot...	4	1	0.08	0.07379
GO:1903026	negative regulation of RNA polymerase II...	4	1	0.08	0.07379
GO:1903338	regulation of cell wall organization or ...	4	1	0.08	0.07379
GO:1904706	negative regulation of vascular smooth m...	4	1	0.08	0.07379
GO:1990116	ribosome-associated ubiquitin-dependent ...	4	1	0.08	0.07379
GO:1990822	basic amino acid transmembrane transport	4	1	0.08	0.07379
GO:0019752	carboxylic acid metabolic process	405	12	7.68	0.07439
GO:0019098	reproductive behavior	24	2	0.46	0.07484
GO:2000377	regulation of reactive oxygen species me...	24	2	0.46	0.07484
GO:0051604	protein maturation	85	4	1.61	0.07611
GO:0031670	cellular response to nutrient	25	2	0.47	0.08039
GO:0042398	cellular modified amino acid biosyntheti...	25	2	0.47	0.08039
GO:0098542	defense response to other organism	161	6	3.05	0.08233
GO:2001233	regulation of apoptotic signaling pathwa...	55	3	1.04	0.08510
GO:0019217	regulation of fatty acid metabolic proce...	26	2	0.49	0.08605
GO:0003044	regulation of systemic arterial blood pr...	5	1	0.09	0.09139
GO:0006307	DNA dealkylation involved in DNA repair	5	1	0.09	0.09139
GO:0006564	L-serine biosynthetic process	5	1	0.09	0.09139
GO:0006572	tyrosine catabolic process	5	1	0.09	0.09139
GO:0007266	Rho protein signal transduction	5	1	0.09	0.09139
GO:0007619	courtship behavior	5	1	0.09	0.09139
GO:0009102	biotin biosynthetic process	5	1	0.09	0.09139
GO:0009235	cobalamin metabolic process	5	1	0.09	0.09139
GO:0009934	regulation of meristem structural organi...	5	1	0.09	0.09139
GO:0010440	stomatal lineage progression	5	1	0.09	0.09139
GO:0014015	positive regulation of gliogenesis	5	1	0.09	0.09139
GO:0015809	arginine transport	5	1	0.09	0.09139
GO:0018065	protein-cofactor linkage	5	1	0.09	0.09139
GO:0019405	alditol catabolic process	5	1	0.09	0.09139
GO:0019563	glycerol catabolic process	5	1	0.09	0.09139
GO:0019730	antimicrobial humoral response	5	1	0.09	0.09139
GO:0030539	male genitalia development	5	1	0.09	0.09139
GO:0030540	female genitalia development	5	1	0.09	0.09139
GO:0031987	locomotion involved in locomotory behavi...	5	1	0.09	0.09139
GO:0032088	negative regulation of NF-kappaB transcr...	5	1	0.09	0.09139
GO:0035670	plant-type ovary development	5	1	0.09	0.09139
GO:0043266	regulation of potassium ion transport	5	1	0.09	0.09139
GO:0045429	positive regulation of nitric oxide bios...	5	1	0.09	0.09139
GO:0048025	negative regulation of mRNA splicing, vi...	5	1	0.09	0.09139
GO:0048481	plant ovule development	5	1	0.09	0.09139
GO:0048566	embryonic digestive tract development	5	1	0.09	0.09139
GO:0048825	cotyledon development	5	1	0.09	0.09139
GO:0060251	regulation of glial cell proliferation	5	1	0.09	0.09139
GO:0070528	protein kinase C signaling	5	1	0.09	0.09139
GO:0070989	oxidative demethylation	5	1	0.09	0.09139
GO:0071000	response to magnetism	5	1	0.09	0.09139
GO:0071361	cellular response to ethanol	5	1	0.09	0.09139
GO:0071629	cytoplasm protein quality control by the...	5	1	0.09	0.09139
GO:1903025	regulation of RNA polymerase II regulato...	5	1	0.09	0.09139
GO:1904407	positive regulation of nitric oxide meta...	5	1	0.09	0.09139
GO:1904705	regulation of vascular smooth muscle cel...	5	1	0.09	0.09139
GO:1990874	vascular smooth muscle cell proliferatio...	5	1	0.09	0.09139
GO:0006801	superoxide metabolic process	27	2	0.51	0.09184
GO:0031100	animal organ regeneration	27	2	0.51	0.09184
GO:0050795	regulation of behavior	27	2	0.51	0.09184
GO:1901796	regulation of signal transduction by p53...	27	2	0.51	0.09184
GO:0030447	filamentous growth	57	3	1.08	0.09246
GO:0045893	positive regulation of transcription, DN...	208	7	3.95	0.09613
GO:0016574	histone ubiquitination	28	2	0.53	0.09773
GO:0034250	positive regulation of cellular amide me...	59	3	1.12	0.10008
GO:0022413	reproductive process in single-celled or...	29	2	0.55	0.10373
GO:0031348	negative regulation of defense response	29	2	0.55	0.10373
GO:0050665	hydrogen peroxide biosynthetic process	29	2	0.55	0.10373
GO:0090698	post-embryonic plant morphogenesis	29	2	0.55	0.10373
GO:2001242	regulation of intrinsic apoptotic signal...	29	2	0.55	0.10373
GO:0046890	regulation of lipid biosynthetic process	60	3	1.14	0.10398
GO:0006614	SRP-dependent cotranslational protein ta...	61	3	1.16	0.10794
GO:0006357	regulation of transcription by RNA polym...	256	8	4.86	0.10798
GO:0000128	flocculation	6	1	0.11	0.10866
GO:0000917	division septum assembly	6	1	0.11	0.10866
GO:0006071	glycerol metabolic process	6	1	0.11	0.10866
GO:0006566	threonine metabolic process	6	1	0.11	0.10866
GO:0006658	phosphatidylserine metabolic process	6	1	0.11	0.10866
GO:0006750	glutathione biosynthetic process	6	1	0.11	0.10866
GO:0010269	response to selenium ion	6	1	0.11	0.10866
GO:0015801	aromatic amino acid transport	6	1	0.11	0.10866
GO:0015802	basic amino acid transport	6	1	0.11	0.10866
GO:0033119	negative regulation of RNA splicing	6	1	0.11	0.10866
GO:0033146	regulation of intracellular estrogen rec...	6	1	0.11	0.10866
GO:0035103	sterol regulatory element binding protei...	6	1	0.11	0.10866
GO:0035172	hemocyte proliferation	6	1	0.11	0.10866
GO:0042311	vasodilation	6	1	0.11	0.10866
GO:0045116	protein neddylation	6	1	0.11	0.10866
GO:0046330	positive regulation of JNK cascade	6	1	0.11	0.10866
GO:0048440	carpel development	6	1	0.11	0.10866
GO:0050434	positive regulation of viral transcripti...	6	1	0.11	0.10866
GO:0050686	negative regulation of mRNA processing	6	1	0.11	0.10866
GO:0055093	response to hyperoxia	6	1	0.11	0.10866
GO:0060179	male mating behavior	6	1	0.11	0.10866
GO:0060256	regulation of flocculation	6	1	0.11	0.10866
GO:0060257	negative regulation of flocculation	6	1	0.11	0.10866
GO:0090529	cell septum assembly	6	1	0.11	0.10866
GO:1900460	negative regulation of invasive growth i...	6	1	0.11	0.10866
GO:1900462	negative regulation of pseudohyphal grow...	6	1	0.11	0.10866
GO:1901798	positive regulation of signal transducti...	6	1	0.11	0.10866
GO:1902175	regulation of oxidative stress-induced i...	6	1	0.11	0.10866
GO:1902253	regulation of intrinsic apoptotic signal...	6	1	0.11	0.10866
GO:1903146	regulation of autophagy of mitochondrion	6	1	0.11	0.10866
GO:1903428	positive regulation of reactive oxygen s...	6	1	0.11	0.10866
GO:1903651	positive regulation of cytoplasmic trans...	6	1	0.11	0.10866
GO:2000218	negative regulation of invasive growth i...	6	1	0.11	0.10866
GO:2000678	negative regulation of transcription reg...	6	1	0.11	0.10866
GO:1903508	positive regulation of nucleic acid-temp...	215	7	4.08	0.10978
GO:0043044	ATP-dependent chromatin remodeling	30	2	0.57	0.10983
GO:0008284	positive regulation of cell proliferatio...	97	4	1.84	0.11045
GO:0006417	regulation of translation	135	5	2.56	0.11090
GO:1902680	positive regulation of RNA biosynthetic ...	216	7	4.1	0.11181
GO:0009066	aspartate family amino acid metabolic pr...	31	2	0.59	0.11603
GO:0030435	sporulation resulting in formation of a ...	31	2	0.59	0.11603
GO:0006613	cotranslational protein targeting to mem...	63	3	1.2	0.11605
GO:0016049	cell growth	138	5	2.62	0.11886
GO:0000096	sulfur amino acid metabolic process	32	2	0.61	0.12231
GO:0007530	sex determination	32	2	0.61	0.12231
GO:0009826	unidimensional cell growth	32	2	0.61	0.12231
GO:0031397	negative regulation of protein ubiquitin...	32	2	0.61	0.12231
GO:0015980	energy derivation by oxidation of organi...	101	4	1.92	0.12323
GO:0000162	tryptophan biosynthetic process	7	1	0.13	0.12560
GO:0001836	release of cytochrome c from mitochondri...	7	1	0.13	0.12560
GO:0003073	regulation of systemic arterial blood pr...	7	1	0.13	0.12560
GO:0006188	IMP biosynthetic process	7	1	0.13	0.12560
GO:0006189	'de novo' IMP biosynthetic process	7	1	0.13	0.12560
GO:0006531	aspartate metabolic process	7	1	0.13	0.12560
GO:0008209	androgen metabolic process	7	1	0.13	0.12560
GO:0009139	pyrimidine nucleoside diphosphate biosyn...	7	1	0.13	0.12560
GO:0009196	pyrimidine deoxyribonucleoside diphospha...	7	1	0.13	0.12560
GO:0009197	pyrimidine deoxyribonucleoside diphospha...	7	1	0.13	0.12560
GO:0009212	pyrimidine deoxyribonucleoside triphosph...	7	1	0.13	0.12560
GO:0014009	glial cell proliferation	7	1	0.13	0.12560
GO:0019400	alditol metabolic process	7	1	0.13	0.12560
GO:0032480	negative regulation of type I interferon...	7	1	0.13	0.12560
GO:0035066	positive regulation of histone acetylati...	7	1	0.13	0.12560
GO:0035722	interleukin-12-mediated signaling pathwa...	7	1	0.13	0.12560
GO:0035902	response to immobilization stress	7	1	0.13	0.12560
GO:0036166	phenotypic switching	7	1	0.13	0.12560
GO:0043123	positive regulation of I-kappaB kinase/N...	7	1	0.13	0.12560
GO:0043137	DNA replication, removal of RNA primer	7	1	0.13	0.12560
GO:0045428	regulation of nitric oxide biosynthetic ...	7	1	0.13	0.12560
GO:0045901	positive regulation of translational elo...	7	1	0.13	0.12560
GO:0046219	indolalkylamine biosynthetic process	7	1	0.13	0.12560
GO:0046580	negative regulation of Ras protein signa...	7	1	0.13	0.12560
GO:0048444	floral organ morphogenesis	7	1	0.13	0.12560
GO:0050667	homocysteine metabolic process	7	1	0.13	0.12560
GO:0051274	beta-glucan biosynthetic process	7	1	0.13	0.12560
GO:0051974	negative regulation of telomerase activi...	7	1	0.13	0.12560
GO:0070671	response to interleukin-12	7	1	0.13	0.12560
GO:0070785	negative regulation of growth of unicell...	7	1	0.13	0.12560
GO:0071349	cellular response to interleukin-12	7	1	0.13	0.12560
GO:2000221	negative regulation of pseudohyphal grow...	7	1	0.13	0.12560
GO:2000677	regulation of transcription regulatory r...	7	1	0.13	0.12560
GO:1902532	negative regulation of intracellular sig...	66	3	1.25	0.12862
GO:0051704	multi-organism process	730	18	13.85	0.13118
GO:0051051	negative regulation of transport	68	3	1.29	0.13726
GO:1901615	organic hydroxy compound metabolic proce...	145	5	2.75	0.13844
GO:2001234	negative regulation of apoptotic signali...	35	2	0.66	0.14162
GO:0009615	response to virus	69	3	1.31	0.14165
GO:0000098	sulfur amino acid catabolic process	8	1	0.15	0.14223
GO:0000303	response to superoxide	8	1	0.15	0.14223
GO:0002753	cytoplasmic pattern recognition receptor...	8	1	0.15	0.14223
GO:0002832	negative regulation of response to bioti...	8	1	0.15	0.14223
GO:0006285	base-excision repair, AP site formation	8	1	0.15	0.14223
GO:0006768	biotin metabolic process	8	1	0.15	0.14223
GO:0007617	mating behavior	8	1	0.15	0.14223
GO:0008207	C21-steroid hormone metabolic process	8	1	0.15	0.14223
GO:0008631	intrinsic apoptotic signaling pathway in...	8	1	0.15	0.14223
GO:0009138	pyrimidine nucleoside diphosphate metabo...	8	1	0.15	0.14223
GO:0009202	deoxyribonucleoside triphosphate biosynt...	8	1	0.15	0.14223
GO:0010374	stomatal complex development	8	1	0.15	0.14223
GO:0010962	regulation of glucan biosynthetic proces...	8	1	0.15	0.14223
GO:0014013	regulation of gliogenesis	8	1	0.15	0.14223
GO:0019083	viral transcription	8	1	0.15	0.14223
GO:0019184	nonribosomal peptide biosynthetic proces...	8	1	0.15	0.14223
GO:0019430	removal of superoxide radicals	8	1	0.15	0.14223
GO:0030520	intracellular estrogen receptor signalin...	8	1	0.15	0.14223
GO:0031640	killing of cells of other organism	8	1	0.15	0.14223
GO:0043001	Golgi to plasma membrane protein transpo...	8	1	0.15	0.14223
GO:0044364	disruption of cells of other organism	8	1	0.15	0.14223
GO:0045022	early endosome to late endosome transpor...	8	1	0.15	0.14223
GO:0046040	IMP metabolic process	8	1	0.15	0.14223
GO:0046174	polyol catabolic process	8	1	0.15	0.14223
GO:0046662	regulation of oviposition	8	1	0.15	0.14223
GO:0046782	regulation of viral transcription	8	1	0.15	0.14223
GO:0048467	gynoecium development	8	1	0.15	0.14223
GO:0048520	positive regulation of behavior	8	1	0.15	0.14223
GO:0048662	negative regulation of smooth muscle cel...	8	1	0.15	0.14223
GO:0051058	negative regulation of small GTPase medi...	8	1	0.15	0.14223
GO:0051602	response to electrical stimulus	8	1	0.15	0.14223
GO:0051666	actin cortical patch localization	8	1	0.15	0.14223
GO:0061951	establishment of protein localization to...	8	1	0.15	0.14223
GO:0071265	L-methionine biosynthetic process	8	1	0.15	0.14223
GO:0071450	cellular response to oxygen radical	8	1	0.15	0.14223
GO:0071451	cellular response to superoxide	8	1	0.15	0.14223
GO:0097755	positive regulation of blood vessel diam...	8	1	0.15	0.14223
GO:1901985	positive regulation of protein acetylati...	8	1	0.15	0.14223
GO:1903649	regulation of cytoplasmic transport	8	1	0.15	0.14223
GO:2000024	regulation of leaf development	8	1	0.15	0.14223
GO:2000379	positive regulation of reactive oxygen s...	8	1	0.15	0.14223
GO:2000758	positive regulation of peptidyl-lysine a...	8	1	0.15	0.14223
GO:0034248	regulation of cellular amide metabolic p...	147	5	2.79	0.14429
GO:0001558	regulation of cell growth	70	3	1.33	0.14610
GO:0042180	cellular ketone metabolic process	70	3	1.33	0.14610
GO:0044283	small molecule biosynthetic process	365	10	6.93	0.14720
GO:0007626	locomotory behavior	36	2	0.68	0.14820
GO:0010565	regulation of cellular ketone metabolic ...	36	2	0.68	0.14820
GO:0018958	phenol-containing compound metabolic pro...	36	2	0.68	0.14820
GO:0031099	regeneration	36	2	0.68	0.14820
GO:0032505	reproduction of a single-celled organism	36	2	0.68	0.14820
GO:1903321	negative regulation of protein modificat...	36	2	0.68	0.14820
GO:0051254	positive regulation of RNA metabolic pro...	233	7	4.42	0.14940
GO:0018105	peptidyl-serine phosphorylation	71	3	1.35	0.15059
GO:0035556	intracellular signal transduction	322	9	6.11	0.15128
GO:0009617	response to bacterium	150	5	2.85	0.15327
GO:0017000	antibiotic biosynthetic process	37	2	0.7	0.15485
GO:1901264	carbohydrate derivative transport	37	2	0.7	0.15485
GO:0000305	response to oxygen radical	9	1	0.17	0.15854
GO:0006560	proline metabolic process	9	1	0.17	0.15854
GO:0006563	L-serine metabolic process	9	1	0.17	0.15854
GO:0006655	phosphatidylglycerol biosynthetic proces...	9	1	0.17	0.15854
GO:0006797	polyphosphate metabolic process	9	1	0.17	0.15854
GO:0006991	response to sterol depletion	9	1	0.17	0.15854
GO:0009186	deoxyribonucleoside diphosphate metaboli...	9	1	0.17	0.15854
GO:0009189	deoxyribonucleoside diphosphate biosynth...	9	1	0.17	0.15854
GO:0009211	pyrimidine deoxyribonucleoside triphosph...	9	1	0.17	0.15854
GO:0032874	positive regulation of stress-activated ...	9	1	0.17	0.15854
GO:0032933	SREBP signaling pathway	9	1	0.17	0.15854
GO:0033567	DNA replication, Okazaki fragment proces...	9	1	0.17	0.15854
GO:0036244	cellular response to neutral pH	9	1	0.17	0.15854
GO:0043122	regulation of I-kappaB kinase/NF-kappaB ...	9	1	0.17	0.15854
GO:0046654	tetrahydrofolate biosynthetic process	9	1	0.17	0.15854
GO:0048640	negative regulation of developmental gro...	9	1	0.17	0.15854
GO:0050688	regulation of defense response to virus	9	1	0.17	0.15854
GO:0051273	beta-glucan metabolic process	9	1	0.17	0.15854
GO:0051278	fungal-type cell wall polysaccharide bio...	9	1	0.17	0.15854
GO:0060258	negative regulation of filamentous growt...	9	1	0.17	0.15854
GO:0070304	positive regulation of stress-activated ...	9	1	0.17	0.15854
GO:0070592	cell wall polysaccharide biosynthetic pr...	9	1	0.17	0.15854
GO:0071501	cellular response to sterol depletion	9	1	0.17	0.15854
GO:1900429	negative regulation of filamentous growt...	9	1	0.17	0.15854
GO:2000220	regulation of pseudohyphal growth	9	1	0.17	0.15854
GO:0006355	regulation of transcription, DNA-templat...	417	11	7.91	0.15887
GO:0007610	behavior	112	4	2.13	0.16142
GO:0042981	regulation of apoptotic process	238	7	4.52	0.16150
GO:0006694	steroid biosynthetic process	38	2	0.72	0.16155
GO:0042692	muscle cell differentiation	38	2	0.72	0.16155
GO:0044272	sulfur compound biosynthetic process	74	3	1.4	0.16432
GO:0045047	protein targeting to ER	74	3	1.4	0.16432
GO:0002683	negative regulation of immune system pro...	39	2	0.74	0.16830
GO:0009072	aromatic amino acid family metabolic pro...	39	2	0.74	0.16830
GO:0015748	organophosphate ester transport	39	2	0.74	0.16830
GO:1903506	regulation of nucleic acid-templated tra...	423	11	8.03	0.17023
GO:2001141	regulation of RNA biosynthetic process	424	11	8.04	0.17217
GO:0009607	response to biotic stimulus	287	8	5.45	0.17280
GO:0072593	reactive oxygen species metabolic proces...	76	3	1.44	0.17368
GO:0072599	establishment of protein localization to...	76	3	1.44	0.17368
GO:0002698	negative regulation of immune effector p...	10	1	0.19	0.17455
GO:0006893	Golgi to plasma membrane transport	10	1	0.19	0.17455
GO:0006959	humoral immune response	10	1	0.19	0.17455
GO:0009309	amine biosynthetic process	10	1	0.19	0.17455
GO:0030437	ascospore formation	10	1	0.19	0.17455
GO:0032365	intracellular lipid transport	10	1	0.19	0.17455
GO:0035510	DNA dealkylation	10	1	0.19	0.17455
GO:0036177	filamentous growth of a population of un...	10	1	0.19	0.17455
GO:0036178	filamentous growth of a population of un...	10	1	0.19	0.17455
GO:0036296	response to increased oxygen levels	10	1	0.19	0.17455
GO:0042401	cellular biogenic amine biosynthetic pro...	10	1	0.19	0.17455
GO:0045598	regulation of fat cell differentiation	10	1	0.19	0.17455
GO:0051055	negative regulation of lipid biosyntheti...	10	1	0.19	0.17455
GO:0051092	positive regulation of NF-kappaB transcr...	10	1	0.19	0.17455
GO:0071073	positive regulation of phospholipid bios...	10	1	0.19	0.17455
GO:0080027	response to herbivore	10	1	0.19	0.17455
GO:0090626	plant epidermis morphogenesis	10	1	0.19	0.17455
GO:1903727	positive regulation of phospholipid meta...	10	1	0.19	0.17455
GO:0009908	flower development	40	2	0.76	0.17510
GO:0042743	hydrogen peroxide metabolic process	40	2	0.76	0.17510
GO:0043934	sporulation	40	2	0.76	0.17510
GO:0048066	developmental pigmentation	40	2	0.76	0.17510
GO:0030029	actin filament-based process	116	4	2.2	0.17629
GO:0090150	establishment of protein localization to...	116	4	2.2	0.17629
GO:0071705	nitrogen compound transport	568	14	10.78	0.17635
GO:0070647	protein modification by small protein co...	244	7	4.63	0.17661
GO:0006401	RNA catabolic process	158	5	3	0.17833
GO:0000184	nuclear-transcribed mRNA catabolic proce...	77	3	1.46	0.17842
GO:0031325	positive regulation of cellular metaboli...	571	14	10.83	0.18158
GO:0042391	regulation of membrane potential	41	2	0.78	0.18195
GO:0090567	reproductive shoot system development	41	2	0.78	0.18195
GO:0016482	cytosolic transport	78	3	1.48	0.18319
GO:0045333	cellular respiration	78	3	1.48	0.18319
GO:0006325	chromatin organization	247	7	4.69	0.18440
GO:0006351	transcription, DNA-templated	479	12	9.09	0.18772
GO:0099402	plant organ development	119	4	2.26	0.18776
GO:0044419	interspecies interaction between organis...	161	5	3.05	0.18811
GO:0006892	post-Golgi vesicle-mediated transport	42	2	0.8	0.18884
GO:0000055	ribosomal large subunit export from nucl...	11	1	0.21	0.19026
GO:0006526	arginine biosynthetic process	11	1	0.21	0.19026
GO:0006809	nitric oxide biosynthetic process	11	1	0.21	0.19026
GO:0007124	pseudohyphal growth	11	1	0.21	0.19026
GO:0007249	I-kappaB kinase/NF-kappaB signaling	11	1	0.21	0.19026
GO:0007618	mating	11	1	0.21	0.19026
GO:0009630	gravitropism	11	1	0.21	0.19026
GO:0009860	pollen tube growth	11	1	0.21	0.19026
GO:0009926	auxin polar transport	11	1	0.21	0.19026
GO:0009933	meristem structural organization	11	1	0.21	0.19026
GO:0010042	response to manganese ion	11	1	0.21	0.19026
GO:0021549	cerebellum development	11	1	0.21	0.19026
GO:0022037	metencephalon development	11	1	0.21	0.19026
GO:0032387	negative regulation of intracellular tra...	11	1	0.21	0.19026
GO:0032881	regulation of polysaccharide metabolic p...	11	1	0.21	0.19026
GO:0032885	regulation of polysaccharide biosyntheti...	11	1	0.21	0.19026
GO:0033574	response to testosterone	11	1	0.21	0.19026
GO:0036176	response to neutral pH	11	1	0.21	0.19026
GO:0043392	negative regulation of DNA binding	11	1	0.21	0.19026
GO:0043937	regulation of sporulation	11	1	0.21	0.19026
GO:0046164	alcohol catabolic process	11	1	0.21	0.19026
GO:0046940	nucleoside monophosphate phosphorylation	11	1	0.21	0.19026
GO:0071071	regulation of phospholipid biosynthetic ...	11	1	0.21	0.19026
GO:0071966	fungal-type cell wall polysaccharide met...	11	1	0.21	0.19026
GO:0097746	regulation of blood vessel diameter	11	1	0.21	0.19026
GO:0098927	vesicle-mediated transport between endos...	11	1	0.21	0.19026
GO:1903202	negative regulation of oxidative stress-...	11	1	0.21	0.19026
GO:2001244	positive regulation of intrinsic apoptot...	11	1	0.21	0.19026
GO:0051173	positive regulation of nitrogen compound...	529	13	10.04	0.19229
GO:0042886	amide transport	482	12	9.15	0.19357
GO:0016567	protein ubiquitination	163	5	3.09	0.19475
GO:0009064	glutamine family amino acid metabolic pr...	43	2	0.82	0.19576
GO:0030522	intracellular receptor signaling pathway	43	2	0.82	0.19576
GO:1990542	mitochondrial transmembrane transport	43	2	0.82	0.19576
GO:0006952	defense response	297	8	5.64	0.19694
GO:0097659	nucleic acid-templated transcription	484	12	9.18	0.19751
GO:0070972	protein localization to endoplasmic reti...	81	3	1.54	0.19772
GO:0016570	histone modification	164	5	3.11	0.19810
GO:0016310	phosphorylation	437	11	8.29	0.19831
GO:0048366	leaf development	44	2	0.83	0.20272
GO:0016569	covalent chromatin modification	166	5	3.15	0.20486
GO:0006390	mitochondrial transcription	12	1	0.23	0.20568
GO:0006534	cysteine metabolic process	12	1	0.23	0.20568
GO:0006656	phosphatidylcholine biosynthetic process	12	1	0.23	0.20568
GO:0009074	aromatic amino acid family catabolic pro...	12	1	0.23	0.20568
GO:0009133	nucleoside diphosphate biosynthetic proc...	12	1	0.23	0.20568
GO:0009148	pyrimidine nucleoside triphosphate biosy...	12	1	0.23	0.20568
GO:0009403	toxin biosynthetic process	12	1	0.23	0.20568
GO:0009635	response to herbicide	12	1	0.23	0.20568
GO:0015914	phospholipid transport	12	1	0.23	0.20568
GO:0021987	cerebral cortex development	12	1	0.23	0.20568
GO:0035296	regulation of tube diameter	12	1	0.23	0.20568
GO:0042144	vacuole fusion, non-autophagic	12	1	0.23	0.20568
GO:0044038	cell wall macromolecule biosynthetic pro...	12	1	0.23	0.20568
GO:0045117	azole transport	12	1	0.23	0.20568
GO:0046328	regulation of JNK cascade	12	1	0.23	0.20568
GO:0046471	phosphatidylglycerol metabolic process	12	1	0.23	0.20568
GO:0050880	regulation of blood vessel size	12	1	0.23	0.20568
GO:0060918	auxin transport	12	1	0.23	0.20568
GO:0070589	cellular component macromolecule biosynt...	12	1	0.23	0.20568
GO:0072488	ammonium transmembrane transport	12	1	0.23	0.20568
GO:0097576	vacuole fusion	12	1	0.23	0.20568
GO:0098876	vesicle-mediated transport to the plasma...	12	1	0.23	0.20568
GO:1900408	negative regulation of cellular response...	12	1	0.23	0.20568
GO:1903725	regulation of phospholipid metabolic pro...	12	1	0.23	0.20568
GO:1904667	negative regulation of ubiquitin protein...	12	1	0.23	0.20568
GO:0009893	positive regulation of metabolic process	633	15	12.01	0.20593
GO:0019216	regulation of lipid metabolic process	83	3	1.57	0.20756
GO:0032434	regulation of proteasomal ubiquitin-depe...	83	3	1.57	0.20756
GO:0044257	cellular protein catabolic process	256	7	4.86	0.20862
GO:0006366	transcription by RNA polymerase II	302	8	5.73	0.20953
GO:0006869	lipid transport	45	2	0.85	0.20971
GO:0080090	regulation of primary metabolic process	933	21	17.7	0.21078
GO:0010468	regulation of gene expression	734	17	13.93	0.21110
GO:0043067	regulation of programmed cell death	257	7	4.88	0.21138
GO:0043900	regulation of multi-organism process	125	4	2.37	0.21139
GO:0032774	RNA biosynthetic process	491	12	9.32	0.21163
GO:0051252	regulation of RNA metabolic process	491	12	9.32	0.21163
GO:0018209	peptidyl-serine modification	84	3	1.59	0.21253
GO:0048367	shoot system development	84	3	1.59	0.21253
GO:0044281	small molecule metabolic process	736	17	13.96	0.21458
GO:0043066	negative regulation of apoptotic process	126	4	2.39	0.21541
GO:0048193	Golgi vesicle transport	126	4	2.39	0.21541
GO:0050896	response to stimulus	1764	37	33.47	0.21614
GO:0001889	liver development	46	2	0.87	0.21672
GO:0061008	hepaticobiliary system development	46	2	0.87	0.21672
GO:0019219	regulation of nucleobase-containing comp...	592	14	11.23	0.22037
GO:0006568	tryptophan metabolic process	13	1	0.25	0.22081
GO:0006570	tyrosine metabolic process	13	1	0.25	0.22081
GO:0006586	indolalkylamine metabolic process	13	1	0.25	0.22081
GO:0008637	apoptotic mitochondrial changes	13	1	0.25	0.22081
GO:0009221	pyrimidine deoxyribonucleotide biosynthe...	13	1	0.25	0.22081
GO:0009853	photorespiration	13	1	0.25	0.22081
GO:0019080	viral gene expression	13	1	0.25	0.22081
GO:0032435	negative regulation of proteasomal ubiqu...	13	1	0.25	0.22081
GO:0032875	regulation of DNA endoreduplication	13	1	0.25	0.22081
GO:0036180	filamentous growth of a population of un...	13	1	0.25	0.22081
GO:0042435	indole-containing compound biosynthetic ...	13	1	0.25	0.22081
GO:0046209	nitric oxide metabolic process	13	1	0.25	0.22081
GO:0046470	phosphatidylcholine metabolic process	13	1	0.25	0.22081
GO:0048144	fibroblast proliferation	13	1	0.25	0.22081
GO:0048145	regulation of fibroblast proliferation	13	1	0.25	0.22081
GO:0048678	response to axon injury	13	1	0.25	0.22081
GO:0050931	pigment cell differentiation	13	1	0.25	0.22081
GO:0052167	modulation by symbiont of host innate im...	13	1	0.25	0.22081
GO:0052306	modulation by organism of innate immune ...	13	1	0.25	0.22081
GO:0052552	modulation by organism of immune respons...	13	1	0.25	0.22081
GO:0052553	modulation by symbiont of host immune re...	13	1	0.25	0.22081
GO:2001057	reactive nitrogen species metabolic proc...	13	1	0.25	0.22081
GO:0000209	protein polyubiquitination	47	2	0.89	0.22376
GO:0051171	regulation of nitrogen compound metaboli...	892	20	16.92	0.22584
GO:0071702	organic substance transport	596	14	11.31	0.22817
GO:0006511	ubiquitin-dependent protein catabolic pr...	218	6	4.14	0.22998
GO:0044265	cellular macromolecule catabolic process	404	10	7.67	0.23001
GO:1901564	organonitrogen compound metabolic proces...	1721	36	32.65	0.23088
GO:0043207	response to external biotic stimulus	264	7	5.01	0.23114
GO:0051707	response to other organism	264	7	5.01	0.23114
GO:0097190	apoptotic signaling pathway	88	3	1.67	0.23264
GO:0048522	positive regulation of cellular process	847	19	16.07	0.23464
GO:0003018	vascular process in circulatory system	14	1	0.27	0.23565
GO:0009396	folic acid-containing compound biosynthe...	14	1	0.27	0.23565
GO:0010150	leaf senescence	14	1	0.27	0.23565
GO:0010383	cell wall polysaccharide metabolic proce...	14	1	0.27	0.23565
GO:0010660	regulation of muscle cell apoptotic proc...	14	1	0.27	0.23565
GO:0030902	hindbrain development	14	1	0.27	0.23565
GO:0032456	endocytic recycling	14	1	0.27	0.23565
GO:0033143	regulation of intracellular steroid horm...	14	1	0.27	0.23565
GO:0048532	anatomical structure arrangement	14	1	0.27	0.23565
GO:0048868	pollen tube development	14	1	0.27	0.23565
GO:0050829	defense response to Gram-negative bacter...	14	1	0.27	0.23565
GO:0052564	response to immune response of other org...	14	1	0.27	0.23565
GO:0052572	response to host immune response	14	1	0.27	0.23565
GO:0090693	plant organ senescence	14	1	0.27	0.23565
GO:2000279	negative regulation of DNA biosynthetic ...	14	1	0.27	0.23565
GO:0019941	modification-dependent protein catabolic...	220	6	4.17	0.23630
GO:0006612	protein targeting to membrane	89	3	1.69	0.23773
GO:0046686	response to cadmium ion	89	3	1.69	0.23773
GO:0043473	pigmentation	49	2	0.93	0.23788
GO:0009409	response to cold	50	2	0.95	0.24496
GO:0072331	signal transduction by p53 class mediato...	50	2	0.95	0.24496
GO:0006970	response to osmotic stress	178	5	3.38	0.24698
GO:0048518	positive regulation of biological proces...	956	21	18.14	0.24900
GO:0006904	vesicle docking involved in exocytosis	15	1	0.28	0.25022
GO:0007254	JNK cascade	15	1	0.28	0.25022
GO:0008217	regulation of blood pressure	15	1	0.28	0.25022
GO:0009272	fungal-type cell wall biogenesis	15	1	0.28	0.25022
GO:0009593	detection of chemical stimulus	15	1	0.28	0.25022
GO:0009606	tropism	15	1	0.28	0.25022
GO:0009816	defense response to bacterium, incompati...	15	1	0.28	0.25022
GO:0009932	cell tip growth	15	1	0.28	0.25022
GO:0010657	muscle cell apoptotic process	15	1	0.28	0.25022
GO:0035065	regulation of histone acetylation	15	1	0.28	0.25022
GO:0035150	regulation of tube size	15	1	0.28	0.25022
GO:0045824	negative regulation of innate immune res...	15	1	0.28	0.25022
GO:0045833	negative regulation of lipid metabolic p...	15	1	0.28	0.25022
GO:0070987	error-free translesion synthesis	15	1	0.28	0.25022
GO:1903201	regulation of oxidative stress-induced c...	15	1	0.28	0.25022
GO:1903312	negative regulation of mRNA metabolic pr...	15	1	0.28	0.25022
GO:2001243	negative regulation of intrinsic apoptot...	15	1	0.28	0.25022
GO:0007041	lysosomal transport	51	2	0.97	0.25206
GO:0043069	negative regulation of programmed cell d...	135	4	2.56	0.25252
GO:1902533	positive regulation of intracellular sig...	92	3	1.75	0.25310
GO:2000058	regulation of ubiquitin-dependent protei...	92	3	1.75	0.25310
GO:0051188	cofactor biosynthetic process	180	5	3.42	0.25423
GO:0009605	response to external stimulus	560	13	10.63	0.25465
GO:0040017	positive regulation of locomotion	52	2	0.99	0.25916
GO:0031324	negative regulation of cellular metaboli...	417	10	7.91	0.26122
GO:0043161	proteasome-mediated ubiquitin-dependent ...	182	5	3.45	0.26154
GO:0043603	cellular amide metabolic process	466	11	8.84	0.26268
GO:0001818	negative regulation of cytokine producti...	16	1	0.3	0.26451
GO:0001906	cell killing	16	1	0.3	0.26451
GO:0006525	arginine metabolic process	16	1	0.3	0.26451
GO:0006984	ER-nucleus signaling pathway	16	1	0.3	0.26451
GO:0009147	pyrimidine nucleoside triphosphate metab...	16	1	0.3	0.26451
GO:0009200	deoxyribonucleoside triphosphate metabol...	16	1	0.3	0.26451
GO:0009263	deoxyribonucleotide biosynthetic process	16	1	0.3	0.26451
GO:0009265	2'-deoxyribonucleotide biosynthetic proc...	16	1	0.3	0.26451
GO:0009627	systemic acquired resistance	16	1	0.3	0.26451
GO:0009629	response to gravity	16	1	0.3	0.26451
GO:0014823	response to activity	16	1	0.3	0.26451
GO:0031167	rRNA methylation	16	1	0.3	0.26451
GO:0042559	pteridine-containing compound biosynthet...	16	1	0.3	0.26451
GO:0046385	deoxyribose phosphate biosynthetic proce...	16	1	0.3	0.26451
GO:0048438	floral whorl development	16	1	0.3	0.26451
GO:0051444	negative regulation of ubiquitin-protein...	16	1	0.3	0.26451
GO:0070651	nonfunctional rRNA decay	16	1	0.3	0.26451
GO:0090627	plant epidermal cell differentiation	16	1	0.3	0.26451
GO:0097421	liver regeneration	16	1	0.3	0.26451
GO:0006767	water-soluble vitamin metabolic process	53	2	1.01	0.26626
GO:0008202	steroid metabolic process	53	2	1.01	0.26626
GO:0035821	modification of morphology or physiology...	53	2	1.01	0.26626
GO:2001020	regulation of response to DNA damage sti...	53	2	1.01	0.26626
GO:0031327	negative regulation of cellular biosynth...	276	7	5.24	0.26645
GO:0034645	cellular macromolecule biosynthetic proc...	967	21	18.35	0.26837
GO:0043632	modification-dependent macromolecule cat...	231	6	4.38	0.27202
GO:0098869	cellular oxidant detoxification	54	2	1.02	0.27337
GO:0034976	response to endoplasmic reticulum stress	140	4	2.66	0.27372
GO:0009890	negative regulation of biosynthetic proc...	279	7	5.29	0.27552
GO:0032446	protein modification by small protein co...	186	5	3.53	0.27630
GO:0015833	peptide transport	472	11	8.96	0.27689
GO:0006273	lagging strand elongation	17	1	0.32	0.27853
GO:0006590	thyroid hormone generation	17	1	0.32	0.27853
GO:0008365	adult chitin-based cuticle development	17	1	0.32	0.27853
GO:0010016	shoot system morphogenesis	17	1	0.32	0.27853
GO:0016075	rRNA catabolic process	17	1	0.32	0.27853
GO:0017004	cytochrome complex assembly	17	1	0.32	0.27853
GO:0018149	peptide cross-linking	17	1	0.32	0.27853
GO:0030534	adult behavior	17	1	0.32	0.27853
GO:0042403	thyroid hormone metabolic process	17	1	0.32	0.27853
GO:0043255	regulation of carbohydrate biosynthetic ...	17	1	0.32	0.27853
GO:0044036	cell wall macromolecule metabolic proces...	17	1	0.32	0.27853
GO:0048659	smooth muscle cell proliferation	17	1	0.32	0.27853
GO:0048660	regulation of smooth muscle cell prolife...	17	1	0.32	0.27853
GO:0048806	genitalia development	17	1	0.32	0.27853
GO:0051447	negative regulation of meiotic cell cycl...	17	1	0.32	0.27853
GO:0072332	intrinsic apoptotic signaling pathway by...	17	1	0.32	0.27853
GO:1901679	nucleotide transmembrane transport	17	1	0.32	0.27853
GO:1901799	negative regulation of proteasomal prote...	17	1	0.32	0.27853
GO:1901983	regulation of protein acetylation	17	1	0.32	0.27853
GO:2000756	regulation of peptidyl-lysine acetylatio...	17	1	0.32	0.27853
GO:0000122	negative regulation of transcription by ...	97	3	1.84	0.27904
GO:0062012	regulation of small molecule metabolic p...	97	3	1.84	0.27904
GO:0042147	retrograde transport, endosome to Golgi	55	2	1.04	0.28047
GO:0006633	fatty acid biosynthetic process	56	2	1.06	0.28757
GO:0019221	cytokine-mediated signaling pathway	56	2	1.06	0.28757
GO:0031497	chromatin assembly	56	2	1.06	0.28757
GO:0048827	phyllome development	56	2	1.06	0.28757
GO:0097193	intrinsic apoptotic signaling pathway	56	2	1.06	0.28757
GO:0009058	biosynthetic process	1547	32	29.35	0.28901
GO:0061136	regulation of proteasomal protein catabo...	99	3	1.88	0.28950
GO:0031323	regulation of cellular metabolic process	1030	22	19.54	0.29011
GO:0042493	response to drug	284	7	5.39	0.29083
GO:0051240	positive regulation of multicellular org...	190	5	3.6	0.29125
GO:0000002	mitochondrial genome maintenance	18	1	0.34	0.29230
GO:0000054	ribosomal subunit export from nucleus	18	1	0.34	0.29230
GO:0006896	Golgi to vacuole transport	18	1	0.34	0.29230
GO:0009219	pyrimidine deoxyribonucleotide metabolic...	18	1	0.34	0.29230
GO:0009250	glucan biosynthetic process	18	1	0.34	0.29230
GO:0009817	defense response to fungus, incompatible...	18	1	0.34	0.29230
GO:0016572	histone phosphorylation	18	1	0.34	0.29230
GO:0018991	oviposition	18	1	0.34	0.29230
GO:0032872	regulation of stress-activated MAPK casc...	18	1	0.34	0.29230
GO:0033002	muscle cell proliferation	18	1	0.34	0.29230
GO:0033750	ribosome localization	18	1	0.34	0.29230
GO:0034067	protein localization to Golgi apparatus	18	1	0.34	0.29230
GO:0036473	cell death in response to oxidative stre...	18	1	0.34	0.29230
GO:0040032	post-embryonic body morphogenesis	18	1	0.34	0.29230
GO:0042338	cuticle development involved in collagen...	18	1	0.34	0.29230
GO:0045444	fat cell differentiation	18	1	0.34	0.29230
GO:0046620	regulation of organ growth	18	1	0.34	0.29230
GO:0070302	regulation of stress-activated protein k...	18	1	0.34	0.29230
GO:0009063	cellular amino acid catabolic process	57	2	1.08	0.29467
GO:0034728	nucleosome organization	57	2	1.08	0.29467
GO:0051606	detection of stimulus	57	2	1.08	0.29467
GO:0002181	cytoplasmic translation	145	4	2.75	0.29524
GO:0051172	negative regulation of nitrogen compound...	382	9	7.25	0.29578
GO:0006915	apoptotic process	286	7	5.43	0.29702
GO:0009059	macromolecule biosynthetic process	983	21	18.65	0.29766
GO:0030163	protein catabolic process	287	7	5.45	0.30013
GO:0042445	hormone metabolic process	58	2	1.1	0.30175
GO:0043604	amide biosynthetic process	385	9	7.3	0.30392
GO:0051259	protein complex oligomerization	102	3	1.94	0.30525
GO:0000422	autophagy of mitochondrion	19	1	0.36	0.30580
GO:0007593	chitin-based cuticle sclerotization	19	1	0.36	0.30580
GO:0008584	male gonad development	19	1	0.36	0.30580
GO:0034661	ncRNA catabolic process	19	1	0.36	0.30580
GO:0034754	cellular hormone metabolic process	19	1	0.36	0.30580
GO:0044275	cellular carbohydrate catabolic process	19	1	0.36	0.30580
GO:0046546	development of primary male sexual chara...	19	1	0.36	0.30580
GO:0048024	regulation of mRNA splicing, via spliceo...	19	1	0.36	0.30580
GO:0048085	adult chitin-containing cuticle pigmenta...	19	1	0.36	0.30580
GO:0051091	positive regulation of DNA-binding trans...	19	1	0.36	0.30580
GO:0051181	cofactor transport	19	1	0.36	0.30580
GO:0061726	mitochondrion disassembly	19	1	0.36	0.30580
GO:0098586	cellular response to virus	19	1	0.36	0.30580
GO:1902883	negative regulation of response to oxida...	19	1	0.36	0.30580
GO:1904666	regulation of ubiquitin protein ligase a...	19	1	0.36	0.30580
GO:2001235	positive regulation of apoptotic signali...	19	1	0.36	0.30580
GO:0010498	proteasomal protein catabolic process	194	5	3.68	0.30635
GO:0031396	regulation of protein ubiquitination	59	2	1.12	0.30883
GO:0051348	negative regulation of transferase activ...	59	2	1.12	0.30883
GO:1902806	regulation of cell cycle G1/S phase tran...	59	2	1.12	0.30883
GO:0051603	proteolysis involved in cellular protein...	242	6	4.59	0.30905
GO:0032270	positive regulation of cellular protein ...	290	7	5.5	0.30949
GO:1901576	organic substance biosynthetic process	1507	31	28.59	0.31015
GO:0043065	positive regulation of apoptotic process	103	3	1.95	0.31051
GO:1901362	organic cyclic compound biosynthetic pro...	889	19	16.87	0.31295
GO:1901565	organonitrogen compound catabolic proces...	389	9	7.38	0.31488
GO:0010817	regulation of hormone levels	104	3	1.97	0.31577
GO:0048316	seed development	104	3	1.97	0.31577
GO:0001944	vasculature development	60	2	1.14	0.31589
GO:0010467	gene expression	1148	24	21.78	0.31815
GO:0017144	drug metabolic process	293	7	5.56	0.31892
GO:0002221	pattern recognition receptor signaling p...	20	1	0.38	0.31905
GO:0002251	organ or tissue specific immune response	20	1	0.38	0.31905
GO:0002385	mucosal immune response	20	1	0.38	0.31905
GO:0002758	innate immune response-activating signal...	20	1	0.38	0.31905
GO:0006112	energy reserve metabolic process	20	1	0.38	0.31905
GO:0006448	regulation of translational elongation	20	1	0.38	0.31905
GO:0006576	cellular biogenic amine metabolic proces...	20	1	0.38	0.31905
GO:0006813	potassium ion transport	20	1	0.38	0.31905
GO:0007040	lysosome organization	20	1	0.38	0.31905
GO:0010043	response to zinc ion	20	1	0.38	0.31905
GO:0018996	molting cycle, collagen and cuticulin-ba...	20	1	0.38	0.31905
GO:0031505	fungal-type cell wall organization	20	1	0.38	0.31905
GO:0032479	regulation of type I interferon producti...	20	1	0.38	0.31905
GO:0032606	type I interferon production	20	1	0.38	0.31905
GO:0042136	neurotransmitter biosynthetic process	20	1	0.38	0.31905
GO:0044273	sulfur compound catabolic process	20	1	0.38	0.31905
GO:0050777	negative regulation of immune response	20	1	0.38	0.31905
GO:0051972	regulation of telomerase activity	20	1	0.38	0.31905
GO:0071467	cellular response to pH	20	1	0.38	0.31905
GO:0080171	lytic vacuole organization	20	1	0.38	0.31905
GO:1900407	regulation of cellular response to oxida...	20	1	0.38	0.31905
GO:0044092	negative regulation of molecular functio...	151	4	2.87	0.32137
GO:0072657	protein localization to membrane	151	4	2.87	0.32137
GO:0080135	regulation of cellular response to stres...	151	4	2.87	0.32137
GO:0061061	muscle structure development	61	2	1.16	0.32294
GO:0010154	fruit development	106	3	2.01	0.32631
GO:0051093	negative regulation of developmental pro...	106	3	2.01	0.32631
GO:1903050	regulation of proteolysis involved in ce...	106	3	2.01	0.32631
GO:1903362	regulation of cellular protein catabolic...	106	3	2.01	0.32631
GO:0009057	macromolecule catabolic process	443	10	8.41	0.32763
GO:0044248	cellular catabolic process	744	16	14.12	0.32802
GO:0032268	regulation of cellular protein metabolic...	493	11	9.35	0.32854
GO:0002082	regulation of oxidative phosphorylation	21	1	0.4	0.33205
GO:0006641	triglyceride metabolic process	21	1	0.4	0.33205
GO:0010675	regulation of cellular carbohydrate meta...	21	1	0.4	0.33205
GO:0016239	positive regulation of macroautophagy	21	1	0.4	0.33205
GO:0032102	negative regulation of response to exter...	21	1	0.4	0.33205
GO:0046578	regulation of Ras protein signal transdu...	21	1	0.4	0.33205
GO:0048067	cuticle pigmentation	21	1	0.4	0.33205
GO:0048278	vesicle docking	21	1	0.4	0.33205
GO:0048509	regulation of meristem development	21	1	0.4	0.33205
GO:0052031	modulation by symbiont of host defense r...	21	1	0.4	0.33205
GO:0052255	modulation by organism of defense respon...	21	1	0.4	0.33205
GO:0071712	ER-associated misfolded protein cataboli...	21	1	0.4	0.33205
GO:1900182	positive regulation of protein localizat...	21	1	0.4	0.33205
GO:1902904	negative regulation of supramolecular fi...	21	1	0.4	0.33205
GO:0048523	negative regulation of cellular process	747	16	14.17	0.33445
GO:0044249	cellular biosynthetic process	1521	31	28.86	0.33494
GO:0006793	phosphorus metabolic process	748	16	14.19	0.33660
GO:0072330	monocarboxylic acid biosynthetic process	108	3	2.05	0.33686
GO:0030036	actin cytoskeleton organization	109	3	2.07	0.34213
GO:0045597	positive regulation of cell differentiat...	109	3	2.07	0.34213
GO:0001666	response to hypoxia	64	2	1.21	0.34398
GO:0034504	protein localization to nucleus	64	2	1.21	0.34398
GO:0000746	conjugation	22	1	0.42	0.34481
GO:0000747	conjugation with cellular fusion	22	1	0.42	0.34481
GO:0006513	protein monoubiquitination	22	1	0.42	0.34481
GO:0009856	pollination	22	1	0.42	0.34481
GO:0030307	positive regulation of cell growth	22	1	0.42	0.34481
GO:0040002	collagen and cuticulin-based cuticle dev...	22	1	0.42	0.34481
GO:0043406	positive regulation of MAP kinase activi...	22	1	0.42	0.34481
GO:0043524	negative regulation of neuron apoptotic ...	22	1	0.42	0.34481
GO:0048565	digestive tract development	22	1	0.42	0.34481
GO:0048831	regulation of shoot system development	22	1	0.42	0.34481
GO:0051017	actin filament bundle assembly	22	1	0.42	0.34481
GO:0052173	response to defenses of other organism i...	22	1	0.42	0.34481
GO:0052200	response to host defenses	22	1	0.42	0.34481
GO:0061572	actin filament bundle organization	22	1	0.42	0.34481
GO:0070988	demethylation	22	1	0.42	0.34481
GO:0075136	response to host	22	1	0.42	0.34481
GO:1902475	L-alpha-amino acid transmembrane transpo...	22	1	0.42	0.34481
GO:2000059	negative regulation of ubiquitin-depende...	22	1	0.42	0.34481
GO:0051247	positive regulation of protein metabolic...	302	7	5.73	0.34752
GO:0010608	posttranscriptional regulation of gene e...	205	5	3.89	0.34846
GO:2000113	negative regulation of cellular macromol...	254	6	4.82	0.35048
GO:1901575	organic substance catabolic process	653	14	12.39	0.35082
