GO.ID	Term	Annotated	Significant	Expected	classic
GO:0015931	nucleobase-containing compound transport	123	40	22.34	6.6e-05
GO:0042304	regulation of fatty acid biosynthetic pr...	13	9	2.36	7.3e-05
GO:0006810	transport	945	208	171.66	0.00019
GO:0071702	organic substance transport	596	139	108.26	0.00025
GO:0062012	regulation of small molecule metabolic p...	97	32	17.62	0.00027
GO:0071705	nitrogen compound transport	568	133	103.18	0.00030
GO:0051234	establishment of localization	981	212	178.2	0.00053
GO:0045842	positive regulation of mitotic metaphase...	35	15	6.36	0.00058
GO:1901970	positive regulation of mitotic sister ch...	35	15	6.36	0.00058
GO:0015833	peptide transport	472	112	85.74	0.00059
GO:0006412	translation	309	78	56.13	0.00068
GO:0000290	deadenylation-dependent decapping of nuc...	8	6	1.45	0.00070
GO:0006518	peptide metabolic process	368	90	66.85	0.00079
GO:0017148	negative regulation of translation	36	15	6.54	0.00083
GO:0006886	intracellular protein transport	383	93	69.57	0.00083
GO:0043043	peptide biosynthetic process	326	81	59.22	0.00090
GO:0042886	amide transport	482	113	87.55	0.00090
GO:0016032	viral process	91	29	16.53	0.00097
GO:0015031	protein transport	455	107	82.65	0.00113
GO:1902101	positive regulation of metaphase/anaphas...	37	15	6.72	0.00116
GO:1905820	positive regulation of chromosome separa...	37	15	6.72	0.00116
GO:0006109	regulation of carbohydrate metabolic pro...	30	13	5.45	0.00119
GO:0006839	mitochondrial transport	80	26	14.53	0.00128
GO:0051168	nuclear export	85	27	15.44	0.00153
GO:0045184	establishment of protein localization	484	112	87.92	0.00159
GO:0034249	negative regulation of cellular amide me...	38	15	6.9	0.00161
GO:0055085	transmembrane transport	308	76	55.95	0.00161
GO:0045840	positive regulation of mitotic nuclear d...	46	17	8.36	0.00188
GO:0051179	localization	1156	241	209.99	0.00193
GO:0006415	translational termination	28	12	5.09	0.00205
GO:0016246	RNA interference	15	8	2.72	0.00219
GO:0044403	symbiont process	126	36	22.89	0.00232
GO:0043604	amide biosynthetic process	385	91	69.93	0.00237
GO:1901566	organonitrogen compound biosynthetic pro...	770	167	139.87	0.00243
GO:0034220	ion transmembrane transport	218	56	39.6	0.00263
GO:0006611	protein export from nucleus	84	26	15.26	0.00280
GO:0046907	intracellular transport	512	116	93	0.00292
GO:0062033	positive regulation of mitotic sister ch...	40	15	7.27	0.00292
GO:0034035	purine ribonucleoside bisphosphate metab...	7	5	1.27	0.00296
GO:0034036	purine ribonucleoside bisphosphate biosy...	7	5	1.27	0.00296
GO:0050427	3'-phosphoadenosine 5'-phosphosulfate me...	7	5	1.27	0.00296
GO:0050428	3'-phosphoadenosine 5'-phosphosulfate bi...	7	5	1.27	0.00296
GO:0043902	positive regulation of multi-organism pr...	64	21	11.63	0.00322
GO:0015865	purine nucleotide transport	19	9	3.45	0.00330
GO:1902652	secondary alcohol metabolic process	26	11	4.72	0.00355
GO:1901264	carbohydrate derivative transport	37	14	6.72	0.00363
GO:0045912	negative regulation of carbohydrate meta...	10	6	1.82	0.00379
GO:0006605	protein targeting	198	51	35.97	0.00382
GO:0072525	pyridine-containing compound biosyntheti...	41	15	7.45	0.00385
GO:0008637	apoptotic mitochondrial changes	13	7	2.36	0.00392
GO:0051649	establishment of localization in cell	568	126	103.18	0.00424
GO:0098662	inorganic cation transmembrane transport	108	31	19.62	0.00425
GO:1902653	secondary alcohol biosynthetic process	23	10	4.18	0.00426
GO:1903902	positive regulation of viral life cycle	23	10	4.18	0.00426
GO:0006110	regulation of glycolytic process	5	4	0.91	0.00462
GO:0030811	regulation of nucleotide catabolic proce...	5	4	0.91	0.00462
GO:0051195	negative regulation of cofactor metaboli...	5	4	0.91	0.00462
GO:0006892	post-Golgi vesicle-mediated transport	42	15	7.63	0.00501
GO:0002181	cytoplasmic translation	145	39	26.34	0.00504
GO:0043624	cellular protein complex disassembly	58	19	10.54	0.00508
GO:0051785	positive regulation of nuclear division	50	17	9.08	0.00516
GO:0002183	cytoplasmic translational initiation	31	12	5.63	0.00561
GO:0006405	RNA export from nucleus	71	22	12.9	0.00569
GO:0043603	cellular amide metabolic process	466	105	84.65	0.00570
GO:0043933	protein-containing complex subunit organ...	624	136	113.35	0.00580
GO:0051306	mitotic sister chromatid separation	67	21	12.17	0.00590
GO:0002188	translation reinitiation	3	3	0.54	0.00597
GO:0035268	protein mannosylation	3	3	0.54	0.00597
GO:0035269	protein O-linked mannosylation	3	3	0.54	0.00597
GO:0097307	response to farnesol	3	3	0.54	0.00597
GO:0097308	cellular response to farnesol	3	3	0.54	0.00597
GO:1901562	response to paraquat	3	3	0.54	0.00597
GO:0072657	protein localization to membrane	151	40	27.43	0.00602
GO:0022618	ribonucleoprotein complex assembly	156	41	28.34	0.00633
GO:0098655	cation transmembrane transport	138	37	25.07	0.00658
GO:0044419	interspecies interaction between organis...	161	42	29.25	0.00662
GO:0031204	posttranslational protein targeting to m...	8	5	1.45	0.00672
GO:0034063	stress granule assembly	8	5	1.45	0.00672
GO:0046902	regulation of mitochondrial membrane per...	8	5	1.45	0.00672
GO:0010038	response to metal ion	166	43	30.15	0.00691
GO:0006081	cellular aldehyde metabolic process	28	11	5.09	0.00696
GO:0046031	ADP metabolic process	28	11	5.09	0.00696
GO:0006620	posttranslational protein targeting to e...	11	6	2	0.00707
GO:0090559	regulation of membrane permeability	11	6	2	0.00707
GO:0007091	metaphase/anaphase transition of mitotic...	60	19	10.9	0.00765
GO:0030071	regulation of mitotic metaphase/anaphase...	60	19	10.9	0.00765
GO:0046890	regulation of lipid biosynthetic process	60	19	10.9	0.00765
GO:0050657	nucleic acid transport	90	26	16.35	0.00777
GO:0050658	RNA transport	90	26	16.35	0.00777
GO:0042255	ribosome assembly	56	18	10.17	0.00786
GO:0010565	regulation of cellular ketone metabolic ...	36	13	6.54	0.00791
GO:0006811	ion transport	287	68	52.13	0.00812
GO:0051984	positive regulation of chromosome segreg...	48	16	8.72	0.00815
GO:1902600	proton transmembrane transport	44	15	7.99	0.00818
GO:1901992	positive regulation of mitotic cell cycl...	69	21	12.53	0.00854
GO:0006695	cholesterol biosynthetic process	18	8	3.27	0.00893
GO:0006896	Golgi to vacuole transport	18	8	3.27	0.00893
GO:0015868	purine ribonucleotide transport	18	8	3.27	0.00893
GO:0051503	adenine nucleotide transport	18	8	3.27	0.00893
GO:0062014	negative regulation of small molecule me...	18	8	3.27	0.00893
GO:0106118	regulation of sterol biosynthetic proces...	18	8	3.27	0.00893
GO:0051236	establishment of RNA localization	91	26	16.53	0.00907
GO:0010965	regulation of mitotic sister chromatid s...	61	19	11.08	0.00928
GO:0035966	response to topologically incorrect prot...	74	22	13.44	0.00969
GO:0006754	ATP biosynthetic process	53	17	9.63	0.00989
GO:0006913	nucleocytoplasmic transport	123	33	22.34	0.00991
GO:0051169	nuclear transport	123	33	22.34	0.00991
GO:0006446	regulation of translational initiation	33	12	5.99	0.00994
GO:0006090	pyruvate metabolic process	49	16	8.9	0.01012
GO:0006367	transcription initiation from RNA polyme...	49	16	8.9	0.01012
GO:0071426	ribonucleoprotein complex export from nu...	70	21	12.72	0.01019
GO:0071826	ribonucleoprotein complex subunit organi...	165	42	29.97	0.01039
GO:0019682	glyceraldehyde-3-phosphate metabolic pro...	15	7	2.72	0.01052
GO:0051193	regulation of cofactor metabolic process	15	7	2.72	0.01052
GO:0044784	metaphase/anaphase transition of cell cy...	62	19	11.26	0.01118
GO:1902099	regulation of metaphase/anaphase transit...	62	19	11.26	0.01118
GO:0005975	carbohydrate metabolic process	147	38	26.7	0.01118
GO:0006413	translational initiation	115	31	20.89	0.01141
GO:0042221	response to chemical	1068	218	194	0.01163
GO:0006096	glycolytic process	26	10	4.72	0.01178
GO:0006757	ATP generation from ADP	26	10	4.72	0.01178
GO:0016126	sterol biosynthetic process	26	10	4.72	0.01178
GO:0019217	regulation of fatty acid metabolic proce...	26	10	4.72	0.01178
GO:0006516	glycoprotein catabolic process	6	4	1.09	0.01187
GO:0031291	Ran protein signal transduction	6	4	1.09	0.01187
GO:0043470	regulation of carbohydrate catabolic pro...	6	4	1.09	0.01187
GO:0046963	3'-phosphoadenosine 5'-phosphosulfate tr...	6	4	1.09	0.01187
GO:0050690	regulation of defense response to virus ...	6	4	1.09	0.01187
GO:1902559	3'-phospho-5'-adenylyl sulfate transmemb...	6	4	1.09	0.01187
GO:0016128	phytosteroid metabolic process	12	6	2.18	0.01200
GO:0016129	phytosteroid biosynthetic process	12	6	2.18	0.01200
GO:0071166	ribonucleoprotein complex localization	71	21	12.9	0.01208
GO:0072524	pyridine-containing compound metabolic p...	71	21	12.9	0.01208
GO:0006812	cation transport	176	44	31.97	0.01228
GO:0048524	positive regulation of viral process	30	11	5.45	0.01250
GO:0000041	transition metal ion transport	46	15	8.36	0.01277
GO:0051301	cell division	205	50	37.24	0.01280
GO:0001112	DNA-templated transcriptional open compl...	9	5	1.63	0.01287
GO:0001120	protein-DNA complex remodeling	9	5	1.63	0.01287
GO:0015780	nucleotide-sugar transmembrane transport	9	5	1.63	0.01287
GO:0045940	positive regulation of steroid metabolic...	9	5	1.63	0.01287
GO:0051196	regulation of coenzyme metabolic process	9	5	1.63	0.01287
GO:0090277	positive regulation of peptide hormone s...	9	5	1.63	0.01287
GO:0090150	establishment of protein localization to...	116	31	21.07	0.01297
GO:0046686	response to cadmium ion	89	25	16.17	0.01301
GO:1902930	regulation of alcohol biosynthetic proce...	19	8	3.45	0.01303
GO:2001235	positive regulation of apoptotic signali...	19	8	3.45	0.01303
GO:0016125	sterol metabolic process	38	13	6.9	0.01303
GO:0034613	cellular protein localization	545	118	99	0.01308
GO:1905818	regulation of chromosome separation	63	19	11.44	0.01337
GO:0048193	Golgi vesicle transport	126	33	22.89	0.01436
GO:0072594	establishment of protein localization to...	245	58	44.5	0.01439
GO:0006862	nucleotide transport	23	9	4.18	0.01471
GO:0033044	regulation of chromosome organization	178	44	32.33	0.01502
GO:0051781	positive regulation of cell division	51	16	9.26	0.01520
GO:0019218	regulation of steroid metabolic process	27	10	4.9	0.01575
GO:0042866	pyruvate biosynthetic process	27	10	4.9	0.01575
GO:0045540	regulation of cholesterol biosynthetic p...	16	7	2.91	0.01583
GO:0060260	regulation of transcription initiation f...	16	7	2.91	0.01583
GO:0006352	DNA-templated transcription, initiation	64	19	11.63	0.01590
GO:1903311	regulation of mRNA metabolic process	64	19	11.63	0.01590
GO:0006082	organic acid metabolic process	431	95	78.29	0.01613
GO:0043436	oxoacid metabolic process	431	95	78.29	0.01613
GO:0015748	organophosphate ester transport	39	13	7.08	0.01639
GO:0043903	regulation of symbiosis, encompassing mu...	39	13	7.08	0.01639
GO:0019359	nicotinamide nucleotide biosynthetic pro...	35	12	6.36	0.01648
GO:0019363	pyridine nucleotide biosynthetic process	35	12	6.36	0.01648
GO:0044743	protein transmembrane import into intrac...	35	12	6.36	0.01648
GO:1901989	positive regulation of cell cycle phase ...	73	21	13.26	0.01670
GO:0000028	ribosomal small subunit assembly	20	8	3.63	0.01834
GO:0008203	cholesterol metabolic process	20	8	3.63	0.01834
GO:0042026	protein refolding	13	6	2.36	0.01893
GO:0060261	positive regulation of transcription ini...	13	6	2.36	0.01893
GO:2000144	positive regulation of DNA-templated tra...	13	6	2.36	0.01893
GO:0017038	protein import	83	23	15.08	0.01978
GO:0033045	regulation of sister chromatid segregati...	83	23	15.08	0.01978
GO:0065002	intracellular protein transmembrane tran...	44	14	7.99	0.01982
GO:0050810	regulation of steroid biosynthetic proce...	24	9	4.36	0.01985
GO:0008104	protein localization	646	136	117.34	0.02015
GO:1903900	regulation of viral life cycle	28	10	5.09	0.02062
GO:0006449	regulation of translational termination	4	3	0.73	0.02064
GO:0007008	outer mitochondrial membrane organizatio...	4	3	0.73	0.02064
GO:0010216	maintenance of DNA methylation	4	3	0.73	0.02064
GO:0015985	energy coupled proton transport, down el...	4	3	0.73	0.02064
GO:0015986	ATP synthesis coupled proton transport	4	3	0.73	0.02064
GO:0030212	hyaluronan metabolic process	4	3	0.73	0.02064
GO:0031086	nuclear-transcribed mRNA catabolic proce...	4	3	0.73	0.02064
GO:0031087	deadenylation-independent decapping of n...	4	3	0.73	0.02064
GO:0042262	DNA protection	4	3	0.73	0.02064
GO:0044396	actin cortical patch organization	4	3	0.73	0.02064
GO:0045040	protein import into mitochondrial outer ...	4	3	0.73	0.02064
GO:0051197	positive regulation of coenzyme metaboli...	4	3	0.73	0.02064
GO:0075522	IRES-dependent viral translational initi...	4	3	0.73	0.02064
GO:0050896	response to stimulus	1764	343	320.43	0.02105
GO:0051983	regulation of chromosome segregation	88	24	15.99	0.02122
GO:0006401	RNA catabolic process	158	39	28.7	0.02185
GO:0006696	ergosterol biosynthetic process	10	5	1.82	0.02196
GO:0008204	ergosterol metabolic process	10	5	1.82	0.02196
GO:0034367	protein-containing complex remodeling	10	5	1.82	0.02196
GO:0044108	cellular alcohol biosynthetic process	10	5	1.82	0.02196
GO:0008202	steroid metabolic process	53	16	9.63	0.02205
GO:0033047	regulation of mitotic sister chromatid s...	75	21	13.62	0.02260
GO:0046887	positive regulation of hormone secretion	17	7	3.09	0.02279
GO:0090181	regulation of cholesterol metabolic proc...	17	7	3.09	0.02279
GO:1901679	nucleotide transmembrane transport	17	7	3.09	0.02279
GO:2000142	regulation of DNA-templated transcriptio...	17	7	3.09	0.02279
GO:0032787	monocarboxylic acid metabolic process	197	47	35.78	0.02302
GO:0032984	protein-containing complex disassembly	107	28	19.44	0.02333
GO:0010638	positive regulation of organelle organiz...	154	38	27.97	0.02355
GO:0001113	transcriptional open complex formation a...	7	4	1.27	0.02374
GO:0001836	release of cytochrome c from mitochondri...	7	4	1.27	0.02374
GO:0010677	negative regulation of cellular carbohyd...	7	4	1.27	0.02374
GO:0032106	positive regulation of response to extra...	7	4	1.27	0.02374
GO:0032109	positive regulation of response to nutri...	7	4	1.27	0.02374
GO:0033120	positive regulation of RNA splicing	7	4	1.27	0.02374
GO:0045070	positive regulation of viral genome repl...	7	4	1.27	0.02374
GO:0050667	homocysteine metabolic process	7	4	1.27	0.02374
GO:0051085	chaperone cofactor-dependent protein ref...	7	4	1.27	0.02374
GO:0090175	regulation of establishment of planar po...	7	4	1.27	0.02374
GO:1903749	positive regulation of establishment of ...	7	4	1.27	0.02374
GO:1905710	positive regulation of membrane permeabi...	7	4	1.27	0.02374
GO:0006406	mRNA export from nucleus	45	14	8.17	0.02414
GO:0071427	mRNA-containing ribonucleoprotein comple...	45	14	8.17	0.02414
GO:0071806	protein transmembrane transport	45	14	8.17	0.02414
GO:0009206	purine ribonucleoside triphosphate biosy...	58	17	10.54	0.02482
GO:0090407	organophosphate biosynthetic process	252	58	45.78	0.02526
GO:0016071	mRNA metabolic process	317	71	57.58	0.02572
GO:0046939	nucleotide phosphorylation	37	12	6.72	0.02582
GO:0006733	oxidoreduction coenzyme metabolic proces...	76	21	13.81	0.02610
GO:0032103	positive regulation of response to exter...	25	9	4.54	0.02616
GO:0090501	RNA phosphodiester bond hydrolysis	108	28	19.62	0.02626
GO:0009135	purine nucleoside diphosphate metabolic ...	33	11	5.99	0.02635
GO:0009179	purine ribonucleoside diphosphate metabo...	33	11	5.99	0.02635
GO:0070727	cellular macromolecule localization	564	119	102.45	0.02809
GO:0010150	leaf senescence	14	6	2.54	0.02816
GO:0046825	regulation of protein export from nucleu...	14	6	2.54	0.02816
GO:0090693	plant organ senescence	14	6	2.54	0.02816
GO:1903313	positive regulation of mRNA metabolic pr...	14	6	2.54	0.02816
GO:2000027	regulation of animal organ morphogenesis	14	6	2.54	0.02816
GO:0009152	purine ribonucleotide biosynthetic proce...	118	30	21.43	0.02837
GO:0098660	inorganic ion transmembrane transport	137	34	24.89	0.02879
GO:2001252	positive regulation of chromosome organi...	95	25	17.26	0.02909
GO:0035194	posttranscriptional gene silencing by RN...	46	14	8.36	0.02911
GO:0051130	positive regulation of cellular componen...	244	56	44.32	0.02915
GO:0007088	regulation of mitotic nuclear division	109	28	19.8	0.02947
GO:0043281	regulation of cysteine-type endopeptidas...	42	13	7.63	0.03048
GO:0000956	nuclear-transcribed mRNA catabolic proce...	119	30	21.62	0.03162
GO:0051049	regulation of transport	260	59	47.23	0.03165
GO:0006694	steroid biosynthetic process	38	12	6.9	0.03173
GO:0019362	pyridine nucleotide metabolic process	64	18	11.63	0.03194
GO:0046496	nicotinamide nucleotide metabolic proces...	64	18	11.63	0.03194
GO:0006165	nucleoside diphosphate phosphorylation	34	11	6.18	0.03279
GO:0007006	mitochondrial membrane organization	34	11	6.18	0.03279
GO:0006679	glucosylceramide biosynthetic process	2	2	0.36	0.03295
GO:0009647	skotomorphogenesis	2	2	0.36	0.03295
GO:0010360	negative regulation of anion channel act...	2	2	0.36	0.03295
GO:0010361	regulation of anion channel activity by ...	2	2	0.36	0.03295
GO:0010362	negative regulation of anion channel act...	2	2	0.36	0.03295
GO:0010555	response to mannitol	2	2	0.36	0.03295
GO:0019348	dolichol metabolic process	2	2	0.36	0.03295
GO:0022605	mammalian oogenesis stage	2	2	0.36	0.03295
GO:0023058	adaptation of signaling pathway	2	2	0.36	0.03295
GO:0030812	negative regulation of nucleotide catabo...	2	2	0.36	0.03295
GO:0031919	vitamin B6 transport	2	2	0.36	0.03295
GO:0031921	pyridoxal phosphate transport	2	2	0.36	0.03295
GO:0033489	cholesterol biosynthetic process via des...	2	2	0.36	0.03295
GO:0033490	cholesterol biosynthetic process via lat...	2	2	0.36	0.03295
GO:0036246	phytochelatin 2 import into vacuole	2	2	0.36	0.03295
GO:0036249	cadmium ion import into vacuole	2	2	0.36	0.03295
GO:0039530	MDA-5 signaling pathway	2	2	0.36	0.03295
GO:0039533	regulation of MDA-5 signaling pathway	2	2	0.36	0.03295
GO:0042069	regulation of catecholamine metabolic pr...	2	2	0.36	0.03295
GO:0042126	nitrate metabolic process	2	2	0.36	0.03295
GO:0042776	mitochondrial ATP synthesis coupled prot...	2	2	0.36	0.03295
GO:0043335	protein unfolding	2	2	0.36	0.03295
GO:0045717	negative regulation of fatty acid biosyn...	2	2	0.36	0.03295
GO:0045723	positive regulation of fatty acid biosyn...	2	2	0.36	0.03295
GO:0045820	negative regulation of glycolytic proces...	2	2	0.36	0.03295
GO:0046476	glycosylceramide biosynthetic process	2	2	0.36	0.03295
GO:0046600	negative regulation of centriole replica...	2	2	0.36	0.03295
GO:0048829	root cap development	2	2	0.36	0.03295
GO:0051198	negative regulation of coenzyme metaboli...	2	2	0.36	0.03295
GO:0060351	cartilage development involved in endoch...	2	2	0.36	0.03295
GO:0071493	cellular response to UV-B	2	2	0.36	0.03295
GO:0071993	phytochelatin transport	2	2	0.36	0.03295
GO:0071994	phytochelatin transmembrane transport	2	2	0.36	0.03295
GO:0071995	phytochelatin import into vacuole	2	2	0.36	0.03295
GO:0071996	glutathione transmembrane import into va...	2	2	0.36	0.03295
GO:0090042	tubulin deacetylation	2	2	0.36	0.03295
GO:0090043	regulation of tubulin deacetylation	2	2	0.36	0.03295
GO:0090160	Golgi to lysosome transport	2	2	0.36	0.03295
GO:0090200	positive regulation of release of cytoch...	2	2	0.36	0.03295
GO:0090233	negative regulation of spindle checkpoin...	2	2	0.36	0.03295
GO:0090480	purine nucleotide-sugar transmembrane tr...	2	2	0.36	0.03295
GO:0097050	type B pancreatic cell apoptotic process	2	2	0.36	0.03295
GO:1900056	negative regulation of leaf senescence	2	2	0.36	0.03295
GO:1900436	positive regulation of filamentous growt...	2	2	0.36	0.03295
GO:1900490	positive regulation of hydroxymethylglut...	2	2	0.36	0.03295
GO:1901535	regulation of DNA demethylation	2	2	0.36	0.03295
GO:1901537	positive regulation of DNA demethylation	2	2	0.36	0.03295
GO:1902426	deactivation of mitotic spindle assembly...	2	2	0.36	0.03295
GO:1903066	regulation of protein localization to ce...	2	2	0.36	0.03295
GO:1905622	negative regulation of leaf development	2	2	0.36	0.03295
GO:1990540	mitochondrial manganese ion transmembran...	2	2	0.36	0.03295
GO:2000674	regulation of type B pancreatic cell apo...	2	2	0.36	0.03295
GO:2000676	positive regulation of type B pancreatic...	2	2	0.36	0.03295
GO:2001215	regulation of hydroxymethylglutaryl-CoA ...	2	2	0.36	0.03295
GO:0002495	antigen processing and presentation of p...	22	8	4	0.03328
GO:0002504	antigen processing and presentation of p...	22	8	4	0.03328
GO:0019886	antigen processing and presentation of e...	22	8	4	0.03328
GO:0090503	RNA phosphodiester bond hydrolysis, exon...	22	8	4	0.03328
GO:0019882	antigen processing and presentation	30	10	5.45	0.03353
GO:0061077	chaperone-mediated protein folding	30	10	5.45	0.03353
GO:0000027	ribosomal large subunit assembly	26	9	4.72	0.03378
GO:0048002	antigen processing and presentation of p...	26	9	4.72	0.03378
GO:0051050	positive regulation of transport	134	33	24.34	0.03433
GO:0006407	rRNA export from nucleus	11	5	2	0.03436
GO:0051029	rRNA transport	11	5	2	0.03436
GO:0051205	protein insertion into membrane	11	5	2	0.03436
GO:0072530	purine-containing compound transmembrane...	11	5	2	0.03436
GO:1905330	regulation of morphogenesis of an epithe...	11	5	2	0.03436
GO:0000288	nuclear-transcribed mRNA catabolic proce...	47	14	8.54	0.03480
GO:0006986	response to unfolded protein	47	14	8.54	0.03480
GO:0051028	mRNA transport	47	14	8.54	0.03480
GO:0006402	mRNA catabolic process	139	34	25.25	0.03511
GO:0022411	cellular component disassembly	139	34	25.25	0.03511
GO:0043900	regulation of multi-organism process	125	31	22.71	0.03613
GO:0019216	regulation of lipid metabolic process	83	22	15.08	0.03629
GO:0072655	establishment of protein localization to...	43	13	7.81	0.03670
GO:2000116	regulation of cysteine-type endopeptidas...	43	13	7.81	0.03670
GO:0045047	protein targeting to ER	74	20	13.44	0.03687
GO:0044265	cellular macromolecule catabolic process	404	87	73.39	0.03696
GO:0034655	nucleobase-containing compound catabolic...	238	54	43.23	0.03895
GO:0006164	purine nucleotide biosynthetic process	121	30	21.98	0.03898
GO:0019752	carboxylic acid metabolic process	405	87	73.57	0.03911
GO:0009201	ribonucleoside triphosphate biosynthetic...	61	17	11.08	0.03962
GO:0000281	mitotic cytokinesis	70	19	12.72	0.03963
GO:0042180	cellular ketone metabolic process	70	19	12.72	0.03963
GO:0043433	negative regulation of DNA-binding trans...	15	6	2.72	0.03992
GO:0050792	regulation of viral process	35	11	6.36	0.04026
GO:0001732	formation of cytoplasmic translation ini...	8	4	1.45	0.04077
GO:0009646	response to absence of light	8	4	1.45	0.04077
GO:0010893	positive regulation of steroid biosynthe...	8	4	1.45	0.04077
GO:0016109	tetraterpenoid biosynthetic process	8	4	1.45	0.04077
GO:0016117	carotenoid biosynthetic process	8	4	1.45	0.04077
GO:0030260	entry into host cell	8	4	1.45	0.04077
GO:0034475	U4 snRNA 3'-end processing	8	4	1.45	0.04077
GO:0043154	negative regulation of cysteine-type end...	8	4	1.45	0.04077
GO:0044409	entry into host	8	4	1.45	0.04077
GO:0045898	regulation of RNA polymerase II transcri...	8	4	1.45	0.04077
GO:0045899	positive regulation of RNA polymerase II...	8	4	1.45	0.04077
GO:0051084	'de novo' posttranslational protein fold...	8	4	1.45	0.04077
GO:0051806	entry into cell of other organism involv...	8	4	1.45	0.04077
GO:0051828	entry into other organism involved in sy...	8	4	1.45	0.04077
GO:0097194	execution phase of apoptosis	8	4	1.45	0.04077
GO:2000117	negative regulation of cysteine-type end...	8	4	1.45	0.04077
GO:0061640	cytoskeleton-dependent cytokinesis	84	22	15.26	0.04109
GO:0007568	aging	165	39	29.97	0.04166
GO:0008299	isoprenoid biosynthetic process	31	10	5.63	0.04174
GO:0050684	regulation of mRNA processing	31	10	5.63	0.04174
GO:0031329	regulation of cellular catabolic process	254	57	46.14	0.04191
GO:0006887	exocytosis	117	29	21.25	0.04206
GO:0034427	nuclear-transcribed mRNA catabolic proce...	19	7	3.45	0.04246
GO:0034661	ncRNA catabolic process	19	7	3.45	0.04246
GO:0006612	protein targeting to membrane	89	23	16.17	0.04296
GO:0043248	proteasome assembly	23	8	4.18	0.04318
GO:0007623	circadian rhythm	44	13	7.99	0.04378
GO:0062013	positive regulation of small molecule me...	44	13	7.99	0.04378
GO:0070585	protein localization to mitochondrion	44	13	7.99	0.04378
GO:0072330	monocarboxylic acid biosynthetic process	108	27	19.62	0.04418
GO:0006423	cysteinyl-tRNA aminoacylation	5	3	0.91	0.04466
GO:0006501	C-terminal protein lipidation	5	3	0.91	0.04466
GO:0010676	positive regulation of cellular carbohyd...	5	3	0.91	0.04466
GO:0019081	viral translation	5	3	0.91	0.04466
GO:0032024	positive regulation of insulin secretion	5	3	0.91	0.04466
GO:0032088	negative regulation of NF-kappaB transcr...	5	3	0.91	0.04466
GO:0034381	plasma lipoprotein particle clearance	5	3	0.91	0.04466
GO:0034383	low-density lipoprotein particle clearan...	5	3	0.91	0.04466
GO:0035794	positive regulation of mitochondrial mem...	5	3	0.91	0.04466
GO:0035977	protein deglycosylation involved in glyc...	5	3	0.91	0.04466
GO:0043970	histone H3-K9 acetylation	5	3	0.91	0.04466
GO:0046596	regulation of viral entry into host cell	5	3	0.91	0.04466
GO:0046598	positive regulation of viral entry into ...	5	3	0.91	0.04466
GO:0048564	photosystem I assembly	5	3	0.91	0.04466
GO:0051194	positive regulation of cofactor metaboli...	5	3	0.91	0.04466
GO:0051204	protein insertion into mitochondrial mem...	5	3	0.91	0.04466
GO:0090199	regulation of release of cytochrome c fr...	5	3	0.91	0.04466
GO:0097466	ubiquitin-dependent glycoprotein ERAD pa...	5	3	0.91	0.04466
GO:0106120	positive regulation of sterol biosynthet...	5	3	0.91	0.04466
GO:1901994	negative regulation of meiotic cell cycl...	5	3	0.91	0.04466
GO:1902103	negative regulation of metaphase/anaphas...	5	3	0.91	0.04466
GO:1902626	assembly of large subunit precursor of p...	5	3	0.91	0.04466
GO:1902686	mitochondrial outer membrane permeabiliz...	5	3	0.91	0.04466
GO:1903510	mucopolysaccharide metabolic process	5	3	0.91	0.04466
GO:1905133	negative regulation of meiotic chromosom...	5	3	0.91	0.04466
GO:0032101	regulation of response to external stimu...	94	24	17.07	0.04467
GO:0045931	positive regulation of mitotic cell cycl...	94	24	17.07	0.04467
GO:0009145	purine nucleoside triphosphate biosynthe...	62	17	11.26	0.04574
GO:0030866	cortical actin cytoskeleton organization	40	12	7.27	0.04633
GO:0009108	coenzyme biosynthetic process	118	29	21.43	0.04653
GO:0051641	cellular localization	706	144	128.24	0.04702
GO:0032940	secretion by cell	196	45	35.6	0.04732
GO:0051783	regulation of nuclear division	123	30	22.34	0.04756
GO:0070925	organelle assembly	271	60	49.23	0.04772
GO:0072599	establishment of protein localization to...	76	20	13.81	0.04776
GO:0051304	chromosome separation	90	23	16.35	0.04823
GO:0031334	positive regulation of protein complex a...	58	16	10.54	0.04913
GO:0007519	skeletal muscle tissue development	12	5	2.18	0.05033
GO:0010822	positive regulation of mitochondrion org...	12	5	2.18	0.05033
GO:0032922	circadian regulation of gene expression	12	5	2.18	0.05033
GO:0040018	positive regulation of multicellular org...	12	5	2.18	0.05033
GO:0090151	establishment of protein localization to...	12	5	2.18	0.05033
GO:0065003	protein-containing complex assembly	550	114	99.91	0.05074
GO:0000096	sulfur amino acid metabolic process	32	10	5.81	0.05122
GO:0033866	nucleoside bisphosphate biosynthetic pro...	32	10	5.81	0.05122
GO:0034030	ribonucleoside bisphosphate biosynthetic...	32	10	5.81	0.05122
GO:0034033	purine nucleoside bisphosphate biosynthe...	32	10	5.81	0.05122
GO:0009124	nucleoside monophosphate biosynthetic pr...	72	19	13.08	0.05151
GO:0009260	ribonucleotide biosynthetic process	124	30	22.52	0.05233
GO:0046390	ribose phosphate biosynthetic process	124	30	22.52	0.05233
GO:0016441	posttranscriptional gene silencing	54	15	9.81	0.05274
GO:0016073	snRNA metabolic process	28	9	5.09	0.05330
GO:0051123	RNA polymerase II preinitiation complex ...	16	6	2.91	0.05437
GO:0044281	small molecule metabolic process	736	149	133.69	0.05450
GO:0002478	antigen processing and presentation of e...	24	8	4.36	0.05485
GO:0009648	photoperiodism	20	7	3.63	0.05544
GO:0009751	response to salicylic acid	20	7	3.63	0.05544
GO:0036260	RNA capping	20	7	3.63	0.05544
GO:0015672	monovalent inorganic cation transport	68	18	12.35	0.05556
GO:0009100	glycoprotein metabolic process	96	24	17.44	0.05565
GO:0010942	positive regulation of cell death	120	29	21.8	0.05648
GO:0006732	coenzyme metabolic process	179	41	32.52	0.05847
GO:0006417	regulation of translation	135	32	24.52	0.05910
GO:0046903	secretion	209	47	37.96	0.05927
GO:0034976	response to endoplasmic reticulum stress	140	33	25.43	0.05980
GO:0030001	metal ion transport	111	27	20.16	0.05984
GO:0009127	purine nucleoside monophosphate biosynth...	64	17	11.63	0.05995
GO:0009168	purine ribonucleoside monophosphate bios...	64	17	11.63	0.05995
GO:2000058	regulation of ubiquitin-dependent protei...	92	23	16.71	0.06014
GO:0016192	vesicle-mediated transport	341	73	61.94	0.06033
GO:0031047	gene silencing by RNA	55	15	9.99	0.06088
GO:0031123	RNA 3'-end processing	55	15	9.99	0.06088
GO:2001233	regulation of apoptotic signaling pathwa...	55	15	9.99	0.06088
GO:0006898	receptor-mediated endocytosis	33	10	5.99	0.06203
GO:0032434	regulation of proteasomal ubiquitin-depe...	83	21	15.08	0.06302
GO:0000338	protein deneddylation	9	4	1.63	0.06308
GO:0000749	response to pheromone triggering conjuga...	9	4	1.63	0.06308
GO:0001672	regulation of chromatin assembly or disa...	9	4	1.63	0.06308
GO:0006029	proteoglycan metabolic process	9	4	1.63	0.06308
GO:0009640	photomorphogenesis	9	4	1.63	0.06308
GO:0009863	salicylic acid mediated signaling pathwa...	9	4	1.63	0.06308
GO:0009988	cell-cell recognition	9	4	1.63	0.06308
GO:0015012	heparan sulfate proteoglycan biosyntheti...	9	4	1.63	0.06308
GO:0015074	DNA integration	9	4	1.63	0.06308
GO:0016180	snRNA processing	9	4	1.63	0.06308
GO:0030166	proteoglycan biosynthetic process	9	4	1.63	0.06308
GO:0030201	heparan sulfate proteoglycan metabolic p...	9	4	1.63	0.06308
GO:0034472	snRNA 3'-end processing	9	4	1.63	0.06308
GO:0035036	sperm-egg recognition	9	4	1.63	0.06308
GO:0043171	peptide catabolic process	9	4	1.63	0.06308
GO:0045069	regulation of viral genome replication	9	4	1.63	0.06308
GO:0051278	fungal-type cell wall polysaccharide bio...	9	4	1.63	0.06308
GO:0070592	cell wall polysaccharide biosynthetic pr...	9	4	1.63	0.06308
GO:0071051	polyadenylation-dependent snoRNA 3'-end ...	9	4	1.63	0.06308
GO:0097501	stress response to metal ion	9	4	1.63	0.06308
GO:0051259	protein complex oligomerization	102	25	18.53	0.06330
GO:0048511	rhythmic process	60	16	10.9	0.06470
GO:0042446	hormone biosynthetic process	29	9	5.27	0.06535
GO:0009416	response to light stimulus	166	38	30.15	0.06728
GO:0008340	determination of adult lifespan	79	20	14.35	0.06816
GO:0019884	antigen processing and presentation of e...	25	8	4.54	0.06834
GO:0000910	cytokinesis	98	24	17.8	0.06842
GO:0072522	purine-containing compound biosynthetic ...	132	31	23.98	0.06950
GO:0006633	fatty acid biosynthetic process	56	15	10.17	0.06984
GO:0019058	viral life cycle	56	15	10.17	0.06984
GO:0033036	macromolecule localization	721	145	130.97	0.06987
GO:0001736	establishment of planar polarity	13	5	2.36	0.06995
GO:0006517	protein deglycosylation	13	5	2.36	0.06995
GO:0007164	establishment of tissue polarity	13	5	2.36	0.06995
GO:0009301	snRNA transcription	13	5	2.36	0.06995
GO:0019236	response to pheromone	13	5	2.36	0.06995
GO:0042795	snRNA transcription by RNA polymerase II	13	5	2.36	0.06995
GO:0044107	cellular alcohol metabolic process	13	5	2.36	0.06995
GO:0070126	mitochondrial translational termination	13	5	2.36	0.06995
GO:0071028	nuclear mRNA surveillance	13	5	2.36	0.06995
GO:0071444	cellular response to pheromone	13	5	2.36	0.06995
GO:1903532	positive regulation of secretion by cell	47	13	8.54	0.07057
GO:0010675	regulation of cellular carbohydrate meta...	21	7	3.81	0.07064
GO:1905475	regulation of protein localization to me...	21	7	3.81	0.07064
GO:0009744	response to sucrose	17	6	3.09	0.07159
GO:0016075	rRNA catabolic process	17	6	3.09	0.07159
GO:0034285	response to disaccharide	17	6	3.09	0.07159
GO:0043255	regulation of carbohydrate biosynthetic ...	17	6	3.09	0.07159
GO:0045948	positive regulation of translational ini...	17	6	3.09	0.07159
GO:0046824	positive regulation of nucleocytoplasmic...	17	6	3.09	0.07159
GO:1901983	regulation of protein acetylation	17	6	3.09	0.07159
GO:2000756	regulation of peptidyl-lysine acetylatio...	17	6	3.09	0.07159
GO:0045055	regulated exocytosis	89	22	16.17	0.07226
GO:0000819	sister chromatid segregation	162	37	29.43	0.07235
GO:0009057	macromolecule catabolic process	443	92	80.47	0.07310
GO:0009743	response to carbohydrate	61	16	11.08	0.07362
GO:0019538	protein metabolic process	1299	252	235.96	0.07401
GO:0006403	RNA localization	123	29	22.34	0.07417
GO:0006900	vesicle budding from membrane	34	10	6.18	0.07421
GO:0030865	cortical cytoskeleton organization	43	12	7.81	0.07594
GO:1990542	mitochondrial transmembrane transport	43	12	7.81	0.07594
GO:0009156	ribonucleoside monophosphate biosyntheti...	66	17	11.99	0.07694
GO:0000022	mitotic spindle elongation	6	3	1.09	0.07746
GO:0006111	regulation of gluconeogenesis	6	3	1.09	0.07746
GO:0006828	manganese ion transport	6	3	1.09	0.07746
GO:0008210	estrogen metabolic process	6	3	1.09	0.07746
GO:0016119	carotene metabolic process	6	3	1.09	0.07746
GO:0016120	carotene biosynthetic process	6	3	1.09	0.07746
GO:0019288	isopentenyl diphosphate biosynthetic pro...	6	3	1.09	0.07746
GO:0033077	T cell differentiation in thymus	6	3	1.09	0.07746
GO:0036099	female germ-line stem cell population ma...	6	3	1.09	0.07746
GO:0042819	vitamin B6 biosynthetic process	6	3	1.09	0.07746
GO:0043243	positive regulation of protein complex d...	6	3	1.09	0.07746
GO:0045913	positive regulation of carbohydrate meta...	6	3	1.09	0.07746
GO:0045980	negative regulation of nucleotide metabo...	6	3	1.09	0.07746
GO:0046246	terpene biosynthetic process	6	3	1.09	0.07746
GO:0046329	negative regulation of JNK cascade	6	3	1.09	0.07746
GO:0048821	erythrocyte development	6	3	1.09	0.07746
GO:0050728	negative regulation of inflammatory resp...	6	3	1.09	0.07746
GO:0061014	positive regulation of mRNA catabolic pr...	6	3	1.09	0.07746
GO:0070676	intralumenal vesicle formation	6	3	1.09	0.07746
GO:0070932	histone H3 deacetylation	6	3	1.09	0.07746
GO:0071421	manganese ion transmembrane transport	6	3	1.09	0.07746
GO:1900543	negative regulation of purine nucleotide...	6	3	1.09	0.07746
GO:1902932	positive regulation of alcohol biosynthe...	6	3	1.09	0.07746
GO:1903579	negative regulation of ATP metabolic pro...	6	3	1.09	0.07746
GO:1904587	response to glycoprotein	6	3	1.09	0.07746
GO:0006457	protein folding	85	21	15.44	0.07820
GO:0010033	response to organic substance	708	142	128.61	0.07826
GO:0000291	nuclear-transcribed mRNA catabolic proce...	30	9	5.45	0.07899
GO:0009814	defense response, incompatible interacti...	30	9	5.45	0.07899
GO:0051788	response to misfolded protein	30	9	5.45	0.07899
GO:0052548	regulation of endopeptidase activity	57	15	10.35	0.07964
GO:0019439	aromatic compound catabolic process	259	56	47.05	0.07969
GO:0006626	protein targeting to mitochondrion	39	11	7.08	0.08169
GO:0009185	ribonucleoside diphosphate metabolic pro...	39	11	7.08	0.08169
GO:0019827	stem cell population maintenance	39	11	7.08	0.08169
GO:0032388	positive regulation of intracellular tra...	39	11	7.08	0.08169
GO:0046165	alcohol biosynthetic process	39	11	7.08	0.08169
GO:0000070	mitotic sister chromatid segregation	139	32	25.25	0.08262
GO:0016053	organic acid biosynthetic process	214	47	38.87	0.08296
GO:0046394	carboxylic acid biosynthetic process	214	47	38.87	0.08296
GO:0009894	regulation of catabolic process	270	58	49.05	0.08347
GO:0002793	positive regulation of peptide secretion	26	8	4.72	0.08371
GO:0009165	nucleotide biosynthetic process	159	36	28.88	0.08384
GO:1901990	regulation of mitotic cell cycle phase t...	164	37	29.79	0.08398
GO:0010259	multicellular organism aging	81	20	14.71	0.08466
GO:0070972	protein localization to endoplasmic reti...	81	20	14.71	0.08466
GO:0043299	leukocyte degranulation	67	17	12.17	0.08651
GO:0044262	cellular carbohydrate metabolic process	86	21	15.62	0.08664
GO:0000147	actin cortical patch assembly	3	2	0.54	0.08691
GO:0001844	protein insertion into mitochondrial mem...	3	2	0.54	0.08691
GO:0002437	inflammatory response to antigenic stimu...	3	2	0.54	0.08691
GO:0002544	chronic inflammatory response	3	2	0.54	0.08691
GO:0005991	trehalose metabolic process	3	2	0.54	0.08691
GO:0006000	fructose metabolic process	3	2	0.54	0.08691
GO:0006058	mannoprotein catabolic process	3	2	0.54	0.08691
GO:0006226	dUMP biosynthetic process	3	2	0.54	0.08691
GO:0006677	glycosylceramide metabolic process	3	2	0.54	0.08691
GO:0006678	glucosylceramide metabolic process	3	2	0.54	0.08691
GO:0006723	cuticle hydrocarbon biosynthetic process	3	2	0.54	0.08691
GO:0007105	cytokinesis, site selection	3	2	0.54	0.08691
GO:0007342	fusion of sperm to egg plasma membrane i...	3	2	0.54	0.08691
GO:0007343	egg activation	3	2	0.54	0.08691
GO:0008258	head involution	3	2	0.54	0.08691
GO:0008615	pyridoxine biosynthetic process	3	2	0.54	0.08691
GO:0009048	dosage compensation by inactivation of X...	3	2	0.54	0.08691
GO:0009443	pyridoxal 5'-phosphate salvage	3	2	0.54	0.08691
GO:0009638	phototropism	3	2	0.54	0.08691
GO:0009694	jasmonic acid metabolic process	3	2	0.54	0.08691
GO:0009785	blue light signaling pathway	3	2	0.54	0.08691
GO:0009904	chloroplast accumulation movement	3	2	0.54	0.08691
GO:0010014	meristem initiation	3	2	0.54	0.08691
GO:0010045	response to nickel cation	3	2	0.54	0.08691
GO:0010148	transpiration	3	2	0.54	0.08691
GO:0010359	regulation of anion channel activity	3	2	0.54	0.08691
GO:0010826	negative regulation of centrosome duplic...	3	2	0.54	0.08691
GO:0010829	negative regulation of glucose transmemb...	3	2	0.54	0.08691
GO:0016093	polyprenol metabolic process	3	2	0.54	0.08691
GO:0016558	protein import into peroxisome matrix	3	2	0.54	0.08691
GO:0019626	short-chain fatty acid catabolic process	3	2	0.54	0.08691
GO:0021517	ventral spinal cord development	3	2	0.54	0.08691
GO:0021522	spinal cord motor neuron differentiation	3	2	0.54	0.08691
GO:0021538	epithalamus development	3	2	0.54	0.08691
GO:0021986	habenula development	3	2	0.54	0.08691
GO:0030213	hyaluronan biosynthetic process	3	2	0.54	0.08691
GO:0030813	positive regulation of nucleotide catabo...	3	2	0.54	0.08691
GO:0030851	granulocyte differentiation	3	2	0.54	0.08691
GO:0031536	positive regulation of exit from mitosis	3	2	0.54	0.08691
GO:0032720	negative regulation of tumor necrosis fa...	3	2	0.54	0.08691
GO:0032802	low-density lipoprotein particle recepto...	3	2	0.54	0.08691
GO:0034758	positive regulation of iron ion transpor...	3	2	0.54	0.08691
GO:0034759	regulation of iron ion transmembrane tra...	3	2	0.54	0.08691
GO:0034761	positive regulation of iron ion transmem...	3	2	0.54	0.08691
GO:0034775	glutathione transmembrane transport	3	2	0.54	0.08691
GO:0035443	tripeptide transmembrane transport	3	2	0.54	0.08691
GO:0035616	histone H2B conserved C-terminal lysine ...	3	2	0.54	0.08691
GO:0035767	endothelial cell chemotaxis	3	2	0.54	0.08691
GO:0035914	skeletal muscle cell differentiation	3	2	0.54	0.08691
GO:0036353	histone H2A-K119 monoubiquitination	3	2	0.54	0.08691
GO:0036499	PERK-mediated unfolded protein response	3	2	0.54	0.08691
GO:0039019	pronephric nephron development	3	2	0.54	0.08691
GO:0039531	regulation of viral-induced cytoplasmic ...	3	2	0.54	0.08691
GO:0042780	tRNA 3'-end processing	3	2	0.54	0.08691
GO:0043029	T cell homeostasis	3	2	0.54	0.08691
GO:0043153	entrainment of circadian clock by photop...	3	2	0.54	0.08691
GO:0043617	cellular response to sucrose starvation	3	2	0.54	0.08691
GO:0045821	positive regulation of glycolytic proces...	3	2	0.54	0.08691
GO:0046325	negative regulation of glucose import	3	2	0.54	0.08691
GO:0046606	negative regulation of centrosome cycle	3	2	0.54	0.08691
GO:0046666	retinal cell programmed cell death	3	2	0.54	0.08691
GO:0046667	compound eye retinal cell programmed cel...	3	2	0.54	0.08691
GO:0047484	regulation of response to osmotic stress	3	2	0.54	0.08691
GO:0048142	germarium-derived cystoblast division	3	2	0.54	0.08691
GO:0048268	clathrin coat assembly	3	2	0.54	0.08691
GO:0048508	embryonic meristem development	3	2	0.54	0.08691
GO:0051127	positive regulation of actin nucleation	3	2	0.54	0.08691
GO:0060065	uterus development	3	2	0.54	0.08691
GO:0060071	Wnt signaling pathway, planar cell polar...	3	2	0.54	0.08691
GO:0060339	negative regulation of type I interferon...	3	2	0.54	0.08691
GO:0060349	bone morphogenesis	3	2	0.54	0.08691
GO:0060350	endochondral bone morphogenesis	3	2	0.54	0.08691
GO:0070791	cleistothecium development	3	2	0.54	0.08691
GO:0070843	misfolded protein transport	3	2	0.54	0.08691
GO:0070893	transposon integration	3	2	0.54	0.08691
GO:0070922	small RNA loading onto RISC	3	2	0.54	0.08691
GO:0071243	cellular response to arsenic-containing ...	3	2	0.54	0.08691
GO:0071483	cellular response to blue light	3	2	0.54	0.08691
GO:0071577	zinc ion transmembrane transport	3	2	0.54	0.08691
GO:0071851	mitotic G1 cell cycle arrest in response...	3	2	0.54	0.08691
GO:0075525	viral translational termination-reinitia...	3	2	0.54	0.08691
GO:0080154	regulation of fertilization	3	2	0.54	0.08691
GO:0090421	embryonic meristem initiation	3	2	0.54	0.08691
GO:0098711	iron ion import across plasma membrane	3	2	0.54	0.08691
GO:1900119	positive regulation of execution phase o...	3	2	0.54	0.08691
GO:1900125	regulation of hyaluronan biosynthetic pr...	3	2	0.54	0.08691
GO:1900126	negative regulation of hyaluronan biosyn...	3	2	0.54	0.08691
GO:1900739	regulation of protein insertion into mit...	3	2	0.54	0.08691
GO:1900740	positive regulation of protein insertion...	3	2	0.54	0.08691
GO:1901028	regulation of mitochondrial outer membra...	3	2	0.54	0.08691
GO:1901030	positive regulation of mitochondrial out...	3	2	0.54	0.08691
GO:1901888	regulation of cell junction assembly	3	2	0.54	0.08691
GO:1901889	negative regulation of cell junction ass...	3	2	0.54	0.08691
GO:1903077	negative regulation of protein localizat...	3	2	0.54	0.08691
GO:1903335	regulation of vacuolar transport	3	2	0.54	0.08691
GO:1903556	negative regulation of tumor necrosis fa...	3	2	0.54	0.08691
GO:1904376	negative regulation of protein localizat...	3	2	0.54	0.08691
GO:1905476	negative regulation of protein localizat...	3	2	0.54	0.08691
GO:1990151	protein localization to cell tip	3	2	0.54	0.08691
GO:2000601	positive regulation of Arp2/3 complex-me...	3	2	0.54	0.08691
GO:0009658	chloroplast organization	35	10	6.36	0.08779
GO:0046364	monosaccharide biosynthetic process	35	10	6.36	0.08779
GO:0008088	axo-dendritic transport	44	12	7.99	0.08801
GO:0014706	striated muscle tissue development	22	7	4	0.08808
GO:1901575	organic substance catabolic process	653	131	118.62	0.08921
GO:1901293	nucleoside phosphate biosynthetic proces...	160	36	29.06	0.09021
GO:0007588	excretion	10	4	1.82	0.09049
GO:0009240	isopentenyl diphosphate biosynthetic pro...	10	4	1.82	0.09049
GO:0010466	negative regulation of peptidase activit...	10	4	1.82	0.09049
GO:0010951	negative regulation of endopeptidase act...	10	4	1.82	0.09049
GO:0016108	tetraterpenoid metabolic process	10	4	1.82	0.09049
GO:0016116	carotenoid metabolic process	10	4	1.82	0.09049
GO:0018206	peptidyl-methionine modification	10	4	1.82	0.09049
GO:0030437	ascospore formation	10	4	1.82	0.09049
GO:0032196	transposition	10	4	1.82	0.09049
GO:0034755	iron ion transmembrane transport	10	4	1.82	0.09049
GO:0046490	isopentenyl diphosphate metabolic proces...	10	4	1.82	0.09049
GO:0046834	lipid phosphorylation	10	4	1.82	0.09049
GO:0051055	negative regulation of lipid biosyntheti...	10	4	1.82	0.09049
GO:0090169	regulation of spindle assembly	10	4	1.82	0.09049
GO:1901673	regulation of mitotic spindle assembly	10	4	1.82	0.09049
GO:0044248	cellular catabolic process	744	148	135.15	0.09089
GO:0000920	septum digestion after cytokinesis	18	6	3.27	0.09158
GO:0001302	replicative cell aging	18	6	3.27	0.09158
GO:0009226	nucleotide-sugar biosynthetic process	18	6	3.27	0.09158
GO:0097064	ncRNA export from nucleus	18	6	3.27	0.09158
GO:1903050	regulation of proteolysis involved in ce...	106	25	19.25	0.09230
GO:1903362	regulation of cellular protein catabolic...	106	25	19.25	0.09230
GO:0043632	modification-dependent macromolecule cat...	231	50	41.96	0.09270
GO:0001738	morphogenesis of a polarized epithelium	14	5	2.54	0.09317
GO:0006022	aminoglycan metabolic process	14	5	2.54	0.09317
GO:0010383	cell wall polysaccharide metabolic proce...	14	5	2.54	0.09317
GO:0043583	ear development	14	5	2.54	0.09317
GO:0048260	positive regulation of receptor-mediated...	14	5	2.54	0.09317
GO:0060236	regulation of mitotic spindle organizati...	14	5	2.54	0.09317
GO:0060326	cell chemotaxis	14	5	2.54	0.09317
GO:0061448	connective tissue development	14	5	2.54	0.09317
GO:0071025	RNA surveillance	14	5	2.54	0.09317
GO:0071027	nuclear RNA surveillance	14	5	2.54	0.09317
GO:0090224	regulation of spindle organization	14	5	2.54	0.09317
GO:0051047	positive regulation of secretion	49	13	8.9	0.09336
GO:0002283	neutrophil activation involved in immune...	63	16	11.44	0.09380
GO:0002446	neutrophil mediated immunity	63	16	11.44	0.09380
GO:0036230	granulocyte activation	63	16	11.44	0.09380
GO:0042119	neutrophil activation	63	16	11.44	0.09380
GO:0043312	neutrophil degranulation	63	16	11.44	0.09380
GO:0033043	regulation of organelle organization	360	75	65.39	0.09460
GO:0044182	filamentous growth of a population of un...	40	11	7.27	0.09510
GO:0098727	maintenance of cell number	40	11	7.27	0.09510
GO:0044270	cellular nitrogen compound catabolic pro...	257	55	46.68	0.09535
GO:0000375	RNA splicing, via transesterification re...	146	33	26.52	0.09670
GO:0032436	positive regulation of proteasomal ubiqu...	68	17	12.35	0.09683
GO:0019637	organophosphate metabolic process	361	75	65.58	0.09925
GO:0006066	alcohol metabolic process	73	18	13.26	0.09944
GO:0009408	response to heat	102	24	18.53	0.09974
GO:0031503	protein-containing complex localization	102	24	18.53	0.09974
GO:0006094	gluconeogenesis	27	8	4.9	0.10093
GO:0006383	transcription by RNA polymerase III	27	8	4.9	0.10093
GO:0009225	nucleotide-sugar metabolic process	27	8	4.9	0.10093
GO:0019319	hexose biosynthetic process	27	8	4.9	0.10093
GO:0071428	rRNA-containing ribonucleoprotein comple...	27	8	4.9	0.10093
GO:0006283	transcription-coupled nucleotide-excisio...	45	12	8.17	0.10119
GO:0043068	positive regulation of programmed cell d...	112	26	20.34	0.10155
GO:0061013	regulation of mRNA catabolic process	36	10	6.54	0.10277
GO:0090068	positive regulation of cell cycle proces...	122	28	22.16	0.10280
GO:0006397	mRNA processing	182	40	33.06	0.10299
GO:0000398	mRNA splicing, via spliceosome	137	31	24.89	0.10383
GO:0034248	regulation of cellular amide metabolic p...	147	33	26.7	0.10407
GO:0006353	DNA-templated transcription, termination	50	13	9.08	0.10628
GO:0006955	immune response	259	55	47.05	0.10654
GO:0009056	catabolic process	786	155	142.78	0.10659
GO:0010118	stomatal movement	23	7	4.18	0.10772
GO:0051262	protein tetramerization	23	7	4.18	0.10772
GO:0070897	transcription preinitiation complex asse...	23	7	4.18	0.10772
GO:2001169	regulation of ATP biosynthetic process	23	7	4.18	0.10772
GO:0043065	positive regulation of apoptotic process	103	24	18.71	0.10882
GO:0090087	regulation of peptide transport	103	24	18.71	0.10882
GO:0007265	Ras protein signal transduction	41	11	7.45	0.10975
GO:0006487	protein N-linked glycosylation	55	14	9.99	0.11056
GO:0045087	innate immune response	153	34	27.79	0.11168
GO:0032879	regulation of localization	369	76	67.03	0.11300
GO:0043687	post-translational protein modification	60	15	10.9	0.11415
GO:0006370	7-methylguanosine mRNA capping	19	6	3.45	0.11426
GO:0006536	glutamate metabolic process	19	6	3.45	0.11426
GO:0009452	7-methylguanosine RNA capping	19	6	3.45	0.11426
GO:0016973	poly(A)+ mRNA export from nucleus	19	6	3.45	0.11426
GO:0006720	isoprenoid metabolic process	46	12	8.36	0.11549
GO:0072666	establishment of protein localization to...	46	12	8.36	0.11549
GO:0031327	negative regulation of cellular biosynth...	276	58	50.13	0.11566
GO:0002275	myeloid cell activation involved in immu...	65	16	11.81	0.11716
GO:0002444	myeloid leukocyte mediated immunity	65	16	11.81	0.11716
GO:0061136	regulation of proteasomal protein catabo...	99	23	17.98	0.11762
GO:0001109	promoter clearance during DNA-templated ...	7	3	1.27	0.11774
GO:0001111	promoter clearance from RNA polymerase I...	7	3	1.27	0.11774
GO:0006083	acetate metabolic process	7	3	1.27	0.11774
GO:0006491	N-glycan processing	7	3	1.27	0.11774
GO:0010603	regulation of cytoplasmic mRNA processin...	7	3	1.27	0.11774
GO:0015693	magnesium ion transport	7	3	1.27	0.11774
GO:0015976	carbon utilization	7	3	1.27	0.11774
GO:0021536	diencephalon development	7	3	1.27	0.11774
GO:0034486	vacuolar transmembrane transport	7	3	1.27	0.11774
GO:0042816	vitamin B6 metabolic process	7	3	1.27	0.11774
GO:0043545	molybdopterin cofactor metabolic process	7	3	1.27	0.11774
GO:0044785	metaphase/anaphase transition of meiotic...	7	3	1.27	0.11774
GO:0046599	regulation of centriole replication	7	3	1.27	0.11774
GO:0046718	viral entry into host cell	7	3	1.27	0.11774
GO:0046827	positive regulation of protein export fr...	7	3	1.27	0.11774
GO:0046854	phosphatidylinositol phosphorylation	7	3	1.27	0.11774
GO:0051189	prosthetic group metabolic process	7	3	1.27	0.11774
GO:0051899	membrane depolarization	7	3	1.27	0.11774
GO:0060142	regulation of syncytium formation by pla...	7	3	1.27	0.11774
GO:0086010	membrane depolarization during action po...	7	3	1.27	0.11774
GO:0090481	pyrimidine nucleotide-sugar transmembran...	7	3	1.27	0.11774
GO:1901993	regulation of meiotic cell cycle phase t...	7	3	1.27	0.11774
GO:1902102	regulation of metaphase/anaphase transit...	7	3	1.27	0.11774
GO:1904896	ESCRT complex disassembly	7	3	1.27	0.11774
GO:1904903	ESCRT III complex disassembly	7	3	1.27	0.11774
GO:1905132	regulation of meiotic chromosome separat...	7	3	1.27	0.11774
GO:1901987	regulation of cell cycle phase transitio...	174	38	31.61	0.11807
GO:0007346	regulation of mitotic cell cycle	225	48	40.87	0.11845
GO:0044283	small molecule biosynthetic process	365	75	66.3	0.11941
GO:0009142	nucleoside triphosphate biosynthetic pro...	70	17	12.72	0.11969
GO:2000060	positive regulation of ubiquitin-depende...	70	17	12.72	0.11969
GO:0009272	fungal-type cell wall biogenesis	15	5	2.72	0.11979
GO:0009304	tRNA transcription	15	5	2.72	0.11979
GO:0030150	protein import into mitochondrial matrix	15	5	2.72	0.11979
GO:0031365	N-terminal protein amino acid modificati...	15	5	2.72	0.11979
GO:0034763	negative regulation of transmembrane tra...	15	5	2.72	0.11979
GO:0034975	protein folding in endoplasmic reticulum	15	5	2.72	0.11979
GO:0035065	regulation of histone acetylation	15	5	2.72	0.11979
GO:0042710	biofilm formation	15	5	2.72	0.11979
GO:0044010	single-species biofilm formation	15	5	2.72	0.11979
GO:0046685	response to arsenic-containing substance	15	5	2.72	0.11979
GO:0060348	bone development	15	5	2.72	0.11979
GO:0060538	skeletal muscle organ development	15	5	2.72	0.11979
GO:0097384	cellular lipid biosynthetic process	15	5	2.72	0.11979
GO:0046822	regulation of nucleocytoplasmic transpor...	28	8	5.09	0.11998
GO:1903578	regulation of ATP metabolic process	28	8	5.09	0.11998
GO:1904062	regulation of cation transmembrane trans...	28	8	5.09	0.11998
GO:0000377	RNA splicing, via transesterification re...	144	32	26.16	0.12008
GO:0016052	carbohydrate catabolic process	51	13	9.26	0.12022
GO:0044267	cellular protein metabolic process	1217	234	221.07	0.12064
GO:0010608	posttranscriptional regulation of gene e...	205	44	37.24	0.12163
GO:0061024	membrane organization	205	44	37.24	0.12163
GO:0016051	carbohydrate biosynthetic process	75	18	13.62	0.12181
GO:1901800	positive regulation of proteasomal prote...	75	18	13.62	0.12181
GO:1903052	positive regulation of proteolysis invol...	75	18	13.62	0.12181
GO:1903364	positive regulation of cellular protein ...	75	18	13.62	0.12181
GO:0006636	unsaturated fatty acid biosynthetic proc...	11	4	2	0.12257
GO:0015867	ATP transport	11	4	2	0.12257
GO:0019673	GDP-mannose metabolic process	11	4	2	0.12257
GO:0021549	cerebellum development	11	4	2	0.12257
GO:0022037	metencephalon development	11	4	2	0.12257
GO:0042044	fluid transport	11	4	2	0.12257
GO:0045835	negative regulation of meiotic nuclear d...	11	4	2	0.12257
GO:0070125	mitochondrial translational elongation	11	4	2	0.12257
GO:0071966	fungal-type cell wall polysaccharide met...	11	4	2	0.12257
GO:2001244	positive regulation of intrinsic apoptot...	11	4	2	0.12257
GO:1901361	organic cyclic compound catabolic proces...	272	57	49.41	0.12279
GO:0071236	cellular response to antibiotic	56	14	10.17	0.12413
GO:0060627	regulation of vesicle-mediated transport	100	23	18.16	0.12793
GO:0002252	immune effector process	130	29	23.61	0.12935
GO:0031331	positive regulation of cellular cataboli...	120	27	21.8	0.12936
GO:1900542	regulation of purine nucleotide metaboli...	33	9	5.99	0.12945
GO:0007029	endoplasmic reticulum organization	24	7	4.36	0.12949
GO:0043628	ncRNA 3'-end processing	24	7	4.36	0.12949
GO:0044772	mitotic cell cycle phase transition	201	43	36.51	0.12977
GO:0002274	myeloid leukocyte activation	66	16	11.99	0.13004
GO:0035967	cellular response to topologically incor...	66	16	11.99	0.13004
GO:1902850	microtubule cytoskeleton organization in...	66	16	11.99	0.13004
GO:0033365	protein localization to organelle	346	71	62.85	0.13004
GO:0006508	proteolysis	399	81	72.48	0.13335
GO:0009890	negative regulation of biosynthetic proc...	279	58	50.68	0.13448
GO:0060968	regulation of gene silencing	52	13	9.45	0.13515
GO:0071482	cellular response to light stimulus	52	13	9.45	0.13515
GO:0046034	ATP metabolic process	96	22	17.44	0.13827
GO:0007034	vacuolar transport	106	24	19.25	0.13910
GO:0009205	purine ribonucleoside triphosphate metab...	106	24	19.25	0.13910
GO:0015711	organic anion transport	106	24	19.25	0.13910
GO:0006458	'de novo' protein folding	20	6	3.63	0.13947
GO:0007040	lysosome organization	20	6	3.63	0.13947
GO:0009639	response to red or far red light	20	6	3.63	0.13947
GO:0033572	transferrin transport	20	6	3.63	0.13947
GO:0051291	protein heterooligomerization	20	6	3.63	0.13947
GO:0080171	lytic vacuole organization	20	6	3.63	0.13947
GO:0046700	heterocycle catabolic process	259	54	47.05	0.13952
GO:0009150	purine ribonucleotide metabolic process	187	40	33.97	0.14034
GO:0007517	muscle organ development	29	8	5.27	0.14079
GO:0031032	actomyosin structure organization	29	8	5.27	0.14079
GO:0031348	negative regulation of defense response	29	8	5.27	0.14079
GO:0043488	regulation of mRNA stability	29	8	5.27	0.14079
GO:0071218	cellular response to misfolded protein	29	8	5.27	0.14079
GO:2001242	regulation of intrinsic apoptotic signal...	29	8	5.27	0.14079
GO:0072665	protein localization to vacuole	62	15	11.26	0.14142
GO:1904951	positive regulation of establishment of ...	62	15	11.26	0.14142
GO:0140014	mitotic nuclear division	177	38	32.15	0.14219
GO:0030162	regulation of proteolysis	172	37	31.24	0.14308
GO:0070647	protein modification by small protein co...	244	51	44.32	0.14334
GO:0030433	ubiquitin-dependent ERAD pathway	67	16	12.17	0.14369
GO:1901137	carbohydrate derivative biosynthetic pro...	260	54	47.23	0.14662
GO:0000184	nuclear-transcribed mRNA catabolic proce...	77	18	13.99	0.14695
GO:0002791	regulation of peptide secretion	48	12	8.72	0.14736
GO:0033865	nucleoside bisphosphate metabolic proces...	48	12	8.72	0.14736
GO:0033875	ribonucleoside bisphosphate metabolic pr...	48	12	8.72	0.14736
GO:0034032	purine nucleoside bisphosphate metabolic...	48	12	8.72	0.14736
GO:0051225	spindle assembly	48	12	8.72	0.14736
GO:0070646	protein modification by small protein re...	82	19	14.9	0.14806
GO:0006366	transcription by RNA polymerase II	302	62	54.86	0.14902
GO:0006140	regulation of nucleotide metabolic proce...	34	9	6.18	0.14934
GO:0006515	protein quality control for misfolded or...	34	9	6.18	0.14934
GO:0043280	positive regulation of cysteine-type end...	34	9	6.18	0.14934
GO:2001056	positive regulation of cysteine-type end...	34	9	6.18	0.14934
GO:0006541	glutamine metabolic process	16	5	2.91	0.14953
GO:0009624	response to nematode	16	5	2.91	0.14953
GO:0009627	systemic acquired resistance	16	5	2.91	0.14953
GO:0030217	T cell differentiation	16	5	2.91	0.14953
GO:0031125	rRNA 3'-end processing	16	5	2.91	0.14953
GO:0040024	dauer larval development	16	5	2.91	0.14953
GO:0048259	regulation of receptor-mediated endocyto...	16	5	2.91	0.14953
GO:0070651	nonfunctional rRNA decay	16	5	2.91	0.14953
GO:0098930	axonal transport	16	5	2.91	0.14953
GO:0043254	regulation of protein complex assembly	97	22	17.62	0.14991
GO:0008610	lipid biosynthetic process	214	45	38.87	0.15102
GO:0044770	cell cycle phase transition	214	45	38.87	0.15102
GO:0055086	nucleobase-containing small molecule met...	313	64	56.86	0.15272
GO:0000717	nucleotide-excision repair, DNA duplex u...	4	2	0.73	0.15319
GO:0000909	sporocarp development involved in sexual...	4	2	0.73	0.15319
GO:0001960	negative regulation of cytokine-mediated...	4	2	0.73	0.15319
GO:0002143	tRNA wobble position uridine thiolation	4	2	0.73	0.15319
GO:0002323	natural killer cell activation involved ...	4	2	0.73	0.15319
GO:0006031	chitin biosynthetic process	4	2	0.73	0.15319
GO:0006037	cell wall chitin metabolic process	4	2	0.73	0.15319
GO:0006038	cell wall chitin biosynthetic process	4	2	0.73	0.15319
GO:0006041	glucosamine metabolic process	4	2	0.73	0.15319
GO:0006538	glutamate catabolic process	4	2	0.73	0.15319
GO:0006777	Mo-molybdopterin cofactor biosynthetic p...	4	2	0.73	0.15319
GO:0006829	zinc ion transport	4	2	0.73	0.15319
GO:0006848	pyruvate transport	4	2	0.73	0.15319
GO:0007282	cystoblast division	4	2	0.73	0.15319
GO:0007391	dorsal closure	4	2	0.73	0.15319
GO:0008090	retrograde axonal transport	4	2	0.73	0.15319
GO:0008614	pyridoxine metabolic process	4	2	0.73	0.15319
GO:0009559	embryo sac central cell differentiation	4	2	0.73	0.15319
GO:0009902	chloroplast relocation	4	2	0.73	0.15319
GO:0009903	chloroplast avoidance movement	4	2	0.73	0.15319
GO:0009992	cellular water homeostasis	4	2	0.73	0.15319
GO:0010525	regulation of transposition, RNA-mediate...	4	2	0.73	0.15319
GO:0010862	positive regulation of pathway-restricte...	4	2	0.73	0.15319
GO:0010884	positive regulation of lipid storage	4	2	0.73	0.15319
GO:0010907	positive regulation of glucose metabolic...	4	2	0.73	0.15319
GO:0015959	diadenosine polyphosphate metabolic proc...	4	2	0.73	0.15319
GO:0016578	histone deubiquitination	4	2	0.73	0.15319
GO:0019720	Mo-molybdopterin cofactor metabolic proc...	4	2	0.73	0.15319
GO:0019750	chloroplast localization	4	2	0.73	0.15319
GO:0021515	cell differentiation in spinal cord	4	2	0.73	0.15319
GO:0021575	hindbrain morphogenesis	4	2	0.73	0.15319
GO:0021587	cerebellum morphogenesis	4	2	0.73	0.15319
GO:0022400	regulation of rhodopsin mediated signali...	4	2	0.73	0.15319
GO:0030101	natural killer cell activation	4	2	0.73	0.15319
GO:0030510	regulation of BMP signaling pathway	4	2	0.73	0.15319
GO:0030541	plasmid partitioning	4	2	0.73	0.15319
GO:0030727	germarium-derived female germ-line cyst ...	4	2	0.73	0.15319
GO:0030809	negative regulation of nucleotide biosyn...	4	2	0.73	0.15319
GO:0031134	sister chromatid biorientation	4	2	0.73	0.15319
GO:0031638	zymogen activation	4	2	0.73	0.15319
GO:0032799	low-density lipoprotein receptor particl...	4	2	0.73	0.15319
GO:0033316	meiotic spindle assembly checkpoint	4	2	0.73	0.15319
GO:0034103	regulation of tissue remodeling	4	2	0.73	0.15319
GO:0034221	fungal-type cell wall chitin biosyntheti...	4	2	0.73	0.15319
GO:0034227	tRNA thio-modification	4	2	0.73	0.15319
GO:0034314	Arp2/3 complex-mediated actin nucleation	4	2	0.73	0.15319
GO:0034315	regulation of Arp2/3 complex-mediated ac...	4	2	0.73	0.15319
GO:0034517	ribophagy	4	2	0.73	0.15319
GO:0035214	eye-antennal disc development	4	2	0.73	0.15319
GO:0035518	histone H2A monoubiquitination	4	2	0.73	0.15319
GO:0035520	monoubiquitinated protein deubiquitinati...	4	2	0.73	0.15319
GO:0035672	oligopeptide transmembrane transport	4	2	0.73	0.15319
GO:0036037	CD8-positive, alpha-beta T cell activati...	4	2	0.73	0.15319
GO:0039528	cytoplasmic pattern recognition receptor...	4	2	0.73	0.15319
GO:0042256	mature ribosome assembly	4	2	0.73	0.15319
GO:0043320	natural killer cell degranulation	4	2	0.73	0.15319
GO:0044779	meiotic spindle checkpoint	4	2	0.73	0.15319
GO:0045010	actin nucleation	4	2	0.73	0.15319
GO:0045542	positive regulation of cholesterol biosy...	4	2	0.73	0.15319
GO:0045722	positive regulation of gluconeogenesis	4	2	0.73	0.15319
GO:0046487	glyoxylate metabolic process	4	2	0.73	0.15319
GO:0046850	regulation of bone remodeling	4	2	0.73	0.15319
GO:0048026	positive regulation of mRNA splicing, vi...	4	2	0.73	0.15319
GO:0048134	germ-line cyst formation	4	2	0.73	0.15319
GO:0048135	female germ-line cyst formation	4	2	0.73	0.15319
GO:0048138	germ-line cyst encapsulation	4	2	0.73	0.15319
GO:0048140	male germ-line cyst encapsulation	4	2	0.73	0.15319
GO:0051125	regulation of actin nucleation	4	2	0.73	0.15319
GO:0051176	positive regulation of sulfur metabolic ...	4	2	0.73	0.15319
GO:0051290	protein heterotetramerization	4	2	0.73	0.15319
GO:0051644	plastid localization	4	2	0.73	0.15319
GO:0051667	establishment of plastid localization	4	2	0.73	0.15319
GO:0051693	actin filament capping	4	2	0.73	0.15319
GO:0055089	fatty acid homeostasis	4	2	0.73	0.15319
GO:0060761	negative regulation of response to cytok...	4	2	0.73	0.15319
GO:0060872	semicircular canal development	4	2	0.73	0.15319
GO:0061065	regulation of dauer larval development	4	2	0.73	0.15319
GO:0061511	centriole elongation	4	2	0.73	0.15319
GO:0070682	proteasome regulatory particle assembly	4	2	0.73	0.15319
GO:0070933	histone H4 deacetylation	4	2	0.73	0.15319
GO:0070940	dephosphorylation of RNA polymerase II C...	4	2	0.73	0.15319
GO:0071849	G1 cell cycle arrest in response to nitr...	4	2	0.73	0.15319
GO:0071921	cohesin loading	4	2	0.73	0.15319
GO:0072425	signal transduction involved in G2 DNA d...	4	2	0.73	0.15319
GO:0090031	positive regulation of steroid hormone b...	4	2	0.73	0.15319
GO:0090074	negative regulation of protein homodimer...	4	2	0.73	0.15319
GO:0090201	negative regulation of release of cytoch...	4	2	0.73	0.15319
GO:0090205	positive regulation of cholesterol metab...	4	2	0.73	0.15319
GO:0097009	energy homeostasis	4	2	0.73	0.15319
GO:0097345	mitochondrial outer membrane permeabiliz...	4	2	0.73	0.15319
GO:1900055	regulation of leaf senescence	4	2	0.73	0.15319
GO:1900117	regulation of execution phase of apoptos...	4	2	0.73	0.15319
GO:1900372	negative regulation of purine nucleotide...	4	2	0.73	0.15319
GO:1900434	regulation of filamentous growth of a po...	4	2	0.73	0.15319
GO:1901073	glucosamine-containing compound biosynth...	4	2	0.73	0.15319
GO:1901475	pyruvate transmembrane transport	4	2	0.73	0.15319
GO:1902108	regulation of mitochondrial membrane per...	4	2	0.73	0.15319
GO:1902110	positive regulation of mitochondrial mem...	4	2	0.73	0.15319
GO:1902235	regulation of endoplasmic reticulum stre...	4	2	0.73	0.15319
GO:1902255	positive regulation of intrinsic apoptot...	4	2	0.73	0.15319
GO:1903332	regulation of protein folding	4	2	0.73	0.15319
GO:1903722	regulation of centriole elongation	4	2	0.73	0.15319
GO:1903955	positive regulation of protein targeting...	4	2	0.73	0.15319
GO:1904037	positive regulation of epithelial cell a...	4	2	0.73	0.15319
GO:1990641	response to iron ion starvation	4	2	0.73	0.15319
GO:2000615	regulation of histone H3-K9 acetylation	4	2	0.73	0.15319
GO:2000766	negative regulation of cytoplasmic trans...	4	2	0.73	0.15319
GO:2001170	negative regulation of ATP biosynthetic ...	4	2	0.73	0.15319
GO:0007338	single fertilization	25	7	4.54	0.15327
GO:0040014	regulation of multicellular organism gro...	25	7	4.54	0.15327
GO:0043244	regulation of protein complex disassembl...	25	7	4.54	0.15327
GO:0048199	vesicle targeting, to, from or within Go...	25	7	4.54	0.15327
GO:0048588	developmental cell growth	58	14	10.54	0.15399
GO:0051701	interaction with host	58	14	10.54	0.15399
GO:0051656	establishment of organelle localization	158	34	28.7	0.15490
GO:0006357	regulation of transcription by RNA polym...	256	53	46.5	0.15542
GO:0042364	water-soluble vitamin biosynthetic proce...	39	10	7.08	0.15589
GO:0006613	cotranslational protein targeting to mem...	63	15	11.44	0.15630
GO:0019941	modification-dependent protein catabolic...	220	46	39.96	0.15780
GO:0006023	aminoglycan biosynthetic process	12	4	2.18	0.15869
