GO:0051152	0.00061
GO:1905065	0.00061
GO:0010020	0.00181
GO:0043572	0.00181
GO:0051150	0.00181
GO:1905063	0.00181
GO:0051147	0.00354
GO:0008049	0.00355
GO:1904706	0.00355
GO:0043433	0.00544
GO:1904018	0.00544
GO:0007619	0.00582
GO:1904705	0.00582
GO:1990874	0.00582
GO:0097421	0.00658
GO:0051090	0.00753
GO:0001514	0.00860
GO:0006451	0.00860
GO:0035886	0.00860
GO:0051145	0.00860
GO:0060179	0.00860
GO:0042554	0.01079
GO:0035066	0.01184
GO:1901342	0.01247
GO:0043901	0.01510
GO:0000098	0.01554
GO:0007617	0.01554
GO:0019083	0.01554
GO:0046782	0.01554
GO:0048662	0.01554
GO:0051149	0.01554
GO:0097755	0.01554
GO:1901985	0.01554
GO:2000758	0.01554
GO:0006575	0.01801
GO:0031058	0.02061
GO:0031328	0.02231
GO:0002698	0.02418
GO:0090626	0.02418
GO:0002043	0.02488
GO:0002246	0.02488
GO:0002887	0.02488
GO:0003032	0.02488
GO:0003068	0.02488
GO:0003069	0.02488
GO:0003070	0.02488
GO:0003085	0.02488
GO:0003299	0.02488
GO:0006077	0.02488
GO:0006078	0.02488
GO:0006788	0.02488
GO:0007256	0.02488
GO:0007439	0.02488
GO:0009445	0.02488
GO:0009446	0.02488
GO:0009660	0.02488
GO:0010227	0.02488
GO:0014010	0.02488
GO:0014834	0.02488
GO:0014887	0.02488
GO:0014898	0.02488
GO:0015847	0.02488
GO:0015848	0.02488
GO:0016545	0.02488
GO:0018272	0.02488
GO:0030857	0.02488
GO:0032232	0.02488
GO:0032762	0.02488
GO:0032763	0.02488
GO:0032764	0.02488
GO:0033004	0.02488
GO:0033007	0.02488
GO:0033387	0.02488
GO:0034021	0.02488
GO:0035523	0.02488
GO:0036333	0.02488
GO:0038001	0.02488
GO:0039536	0.02488
GO:0042033	0.02488
GO:0042035	0.02488
GO:0042089	0.02488
GO:0042107	0.02488
GO:0042108	0.02488
GO:0042167	0.02488
GO:0043301	0.02488
GO:0043305	0.02488
GO:0043619	0.02488
GO:0043922	0.02488
GO:0044154	0.02488
GO:0044524	0.02488
GO:0045073	0.02488
GO:0045080	0.02488
GO:0045433	0.02488
GO:0045605	0.02488
GO:0045683	0.02488
GO:0046167	0.02488
GO:0046900	0.02488
GO:0046901	0.02488
GO:0048065	0.02488
GO:0048611	0.02488
GO:0048759	0.02488
GO:0048773	0.02488
GO:0050755	0.02488
GO:0060215	0.02488
GO:0070314	0.02488
GO:0071266	0.02488
GO:0071440	0.02488
GO:0071442	0.02488
GO:0090410	0.02488
GO:0090677	0.02488
GO:0090679	0.02488
GO:1900241	0.02488
GO:1902616	0.02488
GO:1903587	0.02488
GO:1903589	0.02488
GO:1903711	0.02488
GO:1904772	0.02488
GO:1904829	0.02488
GO:1904831	0.02488
GO:1905420	0.02488
GO:1905499	0.02488
GO:1905915	0.02488
GO:1905917	0.02488
GO:1905930	0.02488
GO:1905932	0.02488
GO:1990167	0.02488
GO:1990168	0.02488
GO:1990575	0.02488
GO:0001889	0.02629
GO:0061008	0.02629
GO:0009891	0.02685
GO:0006801	0.02824
GO:0031100	0.02824
GO:0051260	0.02884
GO:0007618	0.02908
GO:0032387	0.02908
GO:0043500	0.02908
GO:0097746	0.02908
GO:0050665	0.03406
GO:0009070	0.03434
GO:0035296	0.03434
GO:0050880	0.03434
GO:0072488	0.03434
GO:0007041	0.03669
GO:0046777	0.03669
GO:0051259	0.03979
GO:0019080	0.03994
GO:0090558	0.04045
GO:1905269	0.04045
GO:0043065	0.04144
GO:0016482	0.04317
GO:0098542	0.04478
GO:0003018	0.04585
GO:0010383	0.04585
GO:0010660	0.04585
GO:0032456	0.04585
GO:0042147	0.04650
GO:2001233	0.04650
GO:0009581	0.04740
GO:0001315	0.04916
GO:0006072	0.04916
GO:0006844	0.04916
GO:0009590	0.04916
GO:0009911	0.04916
GO:0009959	0.04916
GO:0009969	0.04916
GO:0010089	0.04916
GO:0010376	0.04916
GO:0010410	0.04916
GO:0010411	0.04916
GO:0010668	0.04916
GO:0010718	0.04916
GO:0019343	0.04916
GO:0019346	0.04916
GO:0032897	0.04916
GO:0034395	0.04916
GO:0035092	0.04916
GO:0035338	0.04916
GO:0035621	0.04916
GO:0035627	0.04916
GO:0035871	0.04916
GO:0035983	0.04916
GO:0035984	0.04916
GO:0039532	0.04916
GO:0039535	0.04916
GO:0043157	0.04916
GO:0043403	0.04916
GO:0043419	0.04916
GO:0043507	0.04916
GO:0045006	0.04916
GO:0045599	0.04916
GO:0046506	0.04916
GO:0048149	0.04916
GO:0048387	0.04916
GO:0052646	0.04916
GO:0061082	0.04916
GO:0071039	0.04916
GO:0072719	0.04916
GO:0090050	0.04916
GO:0090594	0.04916
GO:0098532	0.04916
GO:0120009	0.04916
GO:0120010	0.04916
GO:1901351	0.04916
GO:1901352	0.04916
GO:1901999	0.04916
GO:1902000	0.04916
GO:1902022	0.04916
GO:1902176	0.04916
GO:1903306	0.04916
GO:1903401	0.04916
GO:1903650	0.04916
GO:1904569	0.04916
GO:1904571	0.04916
GO:1904810	0.04916
GO:1905177	0.04916
GO:2000037	0.04916
GO:2000617	0.04916
GO:2001245	0.04916
GO:2001247	0.04916
GO:0019221	0.04916
