GO:0006399	8.2e-05
GO:0034660	9.7e-05
GO:0034470	0.00024
GO:0043038	0.00035
GO:0043039	0.00035
GO:0009451	0.00041
GO:0006418	0.00043
GO:0006396	0.00050
GO:0033260	0.00057
GO:0006139	0.00068
GO:0046483	0.00092
GO:1902969	0.00094
GO:0042306	0.00099
GO:0035710	0.00174
GO:0006725	0.00219
GO:0042455	0.00222
GO:0034641	0.00231
GO:0000060	0.00269
GO:0050680	0.00269
GO:1901360	0.00272
GO:0044238	0.00276
GO:0006359	0.00281
GO:0016070	0.00289
GO:0009416	0.00308
GO:0071704	0.00312
GO:0090304	0.00321
GO:0051603	0.00355
GO:0015893	0.00395
GO:0032091	0.00419
GO:1904589	0.00419
GO:0071559	0.00481
GO:0071560	0.00481
GO:0009163	0.00488
GO:0043928	0.00488
GO:1900180	0.00488
GO:0051241	0.00506
GO:0009314	0.00509
GO:0030163	0.00545
GO:0051100	0.00591
GO:0002573	0.00609
GO:0008616	0.00622
GO:0043367	0.00622
GO:0046037	0.00622
GO:0046116	0.00622
GO:0097720	0.00622
GO:1902298	0.00622
GO:1990426	0.00622
GO:1990505	0.00622
GO:0044257	0.00627
GO:0043632	0.00675
GO:0009116	0.00710
GO:0046460	0.00710
GO:0046463	0.00710
GO:0070534	0.00710
GO:0045732	0.00737
GO:0019432	0.00792
GO:0042307	0.00792
GO:0051590	0.00792
GO:0002286	0.00802
GO:0045945	0.00802
GO:1904669	0.00802
GO:2000678	0.00802
GO:0006807	0.00822
GO:0000462	0.00844
GO:0008033	0.00861
GO:1901657	0.00861
GO:0010467	0.00956
GO:0031297	0.00958
GO:0090316	0.00967
GO:0001933	0.00998
GO:0009119	0.01068
GO:1901659	0.01100
GO:0006479	0.01100
GO:0008213	0.01100
GO:0050678	0.01240
GO:0019941	0.01257
GO:1904951	0.01271
GO:0018991	0.01291
GO:0042326	0.01295
GO:0042274	0.01299
GO:0015931	0.01439
GO:0006511	0.01454
GO:0000469	0.01462
GO:0051222	0.01462
GO:1903825	0.01462
GO:0034698	0.01482
GO:0042059	0.01482
GO:1901185	0.01482
GO:0006400	0.01577
GO:0044237	0.01593
GO:0006641	0.01593
GO:0031060	0.01593
GO:0051347	0.01595
GO:0009908	0.01613
GO:0006638	0.01629
GO:0006639	0.01629
GO:0050673	0.01629
GO:0007179	0.01650
GO:0032201	0.01650
GO:0030490	0.01653
GO:0006364	0.01694
GO:1905039	0.01770
GO:0000911	0.01813
GO:0097529	0.01813
GO:0051047	0.01830
GO:1990823	0.01859
GO:1990830	0.01859
GO:0000466	0.01921
GO:0031123	0.01921
GO:0033674	0.01997
GO:0042176	0.01999
GO:0048580	0.02009
GO:0006303	0.02088
GO:0017015	0.02112
GO:0048573	0.02112
GO:1903844	0.02112
GO:0090567	0.02140
GO:0000492	0.02158
GO:0007176	0.02158
GO:0014072	0.02158
GO:0043278	0.02158
GO:0050435	0.02158
GO:0051570	0.02158
GO:0071514	0.02158
GO:1902295	0.02158
GO:1902318	0.02158
GO:1902981	0.02158
GO:2000677	0.02158
GO:0000389	0.02218
GO:0002287	0.02218
GO:0002292	0.02218
GO:0002293	0.02218
GO:0002294	0.02218
GO:0002544	0.02218
GO:0006438	0.02218
GO:0008216	0.02218
GO:0010573	0.02218
GO:0010574	0.02218
GO:0010826	0.02218
GO:0015677	0.02218
GO:0016048	0.02218
GO:0030325	0.02218
GO:0033158	0.02218
GO:0035149	0.02218
GO:0042093	0.02218
GO:0045670	0.02218
GO:0046348	0.02218
GO:0046606	0.02218
GO:0060065	0.02218
GO:0061180	0.02218
GO:0090313	0.02218
GO:0140042	0.02218
GO:1900409	0.02218
GO:1905267	0.02218
GO:1990000	0.02218
GO:0000291	0.02283
GO:1903532	0.02289
GO:0044265	0.02370
GO:0051270	0.02385
GO:0000746	0.02394
GO:0000747	0.02394
GO:0032259	0.02409
GO:0000742	0.02413
GO:0001837	0.02413
GO:0014015	0.02413
GO:0031641	0.02413
GO:0034205	0.02413
GO:0044058	0.02413
GO:0050729	0.02413
GO:0051036	0.02413
GO:0051195	0.02413
GO:0051571	0.02413
GO:0071371	0.02413
GO:0071372	0.02413
GO:1902224	0.02413
GO:2000012	0.02413
GO:0044786	0.02463
GO:0030334	0.02465
GO:0051098	0.02465
GO:0015849	0.02467
GO:0000393	0.02649
GO:0043414	0.02684
GO:0006606	0.02697
GO:0046618	0.02706
GO:1904591	0.02706
GO:1901565	0.02728
GO:0071702	0.02884
GO:0000447	0.02920
GO:1901800	0.02962
GO:1903052	0.02962
GO:1903364	0.02962
GO:0016571	0.02989
GO:0090502	0.02989
GO:0000460	0.03018
GO:0046942	0.03019
GO:0006576	0.03091
GO:0016072	0.03236
GO:0006855	0.03274
GO:0030879	0.03432
GO:0006862	0.03451
GO:0009309	0.03467
GO:0010029	0.03467
GO:0016078	0.03467
GO:0031062	0.03467
GO:0032196	0.03467
GO:0042401	0.03467
GO:0045638	0.03467
GO:1900140	0.03467
GO:1903707	0.03467
GO:2000028	0.03467
GO:0050821	0.03574
GO:0009057	0.03585
GO:2000145	0.03585
GO:0016477	0.03586
GO:0006913	0.03626
GO:0051169	0.03626
GO:0018022	0.03630
GO:0010498	0.03729
GO:0009073	0.03740
GO:0043170	0.03749
GO:2000058	0.03874
GO:0009793	0.03944
GO:0009308	0.03969
GO:0043488	0.03969
GO:0044106	0.03969
GO:0022613	0.04030
GO:0007530	0.04148
GO:0043393	0.04148
GO:0043161	0.04158
GO:0070848	0.04211
GO:0071363	0.04211
GO:0000726	0.04285
GO:0002521	0.04285
GO:0048608	0.04289
GO:0061136	0.04331
GO:0051050	0.04373
GO:0000478	0.04388
GO:0001667	0.04388
GO:0000350	0.04434
GO:0000491	0.04434
GO:0006269	0.04434
GO:0009650	0.04434
GO:0010087	0.04434
GO:0021953	0.04434
GO:0035270	0.04434
GO:0048764	0.04434
GO:0048765	0.04434
GO:1900182	0.04454
GO:0030336	0.04468
GO:0042755	0.04468
GO:0051271	0.04468
GO:2000146	0.04468
GO:0045860	0.04472
GO:0008152	0.04609
GO:0061458	0.04706
GO:0015711	0.04777
GO:1903050	0.04777
GO:1903362	0.04777
GO:0046486	0.04788
GO:0010563	0.04878
GO:0045936	0.04878
GO:0070201	0.04888
GO:0003006	0.04914
