GO:0045840	0.00017
GO:0042304	0.00026
GO:0033866	0.00028
GO:0034030	0.00028
GO:0034033	0.00028
GO:0045835	0.00036
GO:0044770	0.00042
GO:0062012	0.00046
GO:0034035	0.00052
GO:0034036	0.00052
GO:0050427	0.00052
GO:0050428	0.00052
GO:0045931	0.00053
GO:0062033	0.00061
GO:1901987	0.00067
GO:0051785	0.00068
GO:0009756	0.00087
GO:0010182	0.00087
GO:0045842	0.00099
GO:1901970	0.00099
GO:0051984	0.00102
GO:0044772	0.00111
GO:0071705	0.00143
GO:0017148	0.00143
GO:1901990	0.00157
GO:0000290	0.00170
GO:0051306	0.00173
GO:0044403	0.00174
GO:0007346	0.00187
GO:0015833	0.00189
GO:0032787	0.00191
GO:0006810	0.00196
GO:1902101	0.00203
GO:1905820	0.00203
GO:0046963	0.00211
GO:0050690	0.00211
GO:1902559	0.00211
GO:0042886	0.00214
GO:0006605	0.00218
GO:0008340	0.00230
GO:0002183	0.00235
GO:0045184	0.00253
GO:0051234	0.00259
GO:1901992	0.00277
GO:0033865	0.00278
GO:0033875	0.00278
GO:0034032	0.00278
GO:0016032	0.00281
GO:0034249	0.00284
GO:0051179	0.00286
GO:0072594	0.00292
GO:0051301	0.00318
GO:0000278	0.00322
GO:0051983	0.00323
GO:0071702	0.00325
GO:0043603	0.00339
GO:0010259	0.00350
GO:0043604	0.00353
GO:1901566	0.00357
GO:0006413	0.00358
GO:0000956	0.00368
GO:0044272	0.00374
GO:0050896	0.00378
GO:0000027	0.00384
GO:0015031	0.00398
GO:0072330	0.00399
GO:0006402	0.00402
GO:0007091	0.00412
GO:0030071	0.00412
GO:0033047	0.00461
GO:0022618	0.00477
GO:0055085	0.00483
GO:0033045	0.00517
GO:0006109	0.00518
GO:0010965	0.00519
GO:0007568	0.00546
GO:0044419	0.00547
GO:0034220	0.00563
GO:0009108	0.00579
GO:0009152	0.00579
GO:0090068	0.00588
GO:0072413	0.00598
GO:0033313	0.00611
GO:0051085	0.00611
GO:0051781	0.00612
GO:0098655	0.00614
GO:0033044	0.00614
GO:0016246	0.00614
GO:0043433	0.00614
GO:1903047	0.00617
GO:0006401	0.00623
GO:1901989	0.00647
GO:0044784	0.00648
GO:1902099	0.00648
GO:0043933	0.00676
GO:0051783	0.00683
GO:0006732	0.00694
GO:0008299	0.00723
GO:0072395	0.00723
GO:0006518	0.00744
GO:1901988	0.00748
GO:0098662	0.00748
GO:0016071	0.00753
GO:0035966	0.00787
GO:0045047	0.00787
GO:1905818	0.00802
GO:0001196	0.00840
GO:0001198	0.00840
GO:0007532	0.00840
GO:0032088	0.00840
GO:0045894	0.00840
GO:0072364	0.00840
GO:0100070	0.00840
GO:1901994	0.00840
GO:1902103	0.00840
GO:1902407	0.00840
GO:1903475	0.00840
GO:1905133	0.00840
GO:2000531	0.00840
GO:0006633	0.00853
GO:0009240	0.00859
GO:0010466	0.00859
GO:0010951	0.00859
GO:0045912	0.00859
GO:0046490	0.00859
GO:0010033	0.00870
GO:0006886	0.00885
GO:0006892	0.00904
GO:0006164	0.00905
GO:0071826	0.00907
GO:0051304	0.00920
GO:0046890	0.00922
GO:0002181	0.00924
GO:0002188	0.00955
GO:0035268	0.00955
GO:0035269	0.00955
GO:0060339	0.00955
GO:0071033	0.00955
GO:0097307	0.00955
GO:0097308	0.00955
GO:1901261	0.00955
GO:1901562	0.00955
GO:1990151	0.00955
GO:0042026	0.00974
GO:0060261	0.00974
GO:2000144	0.00974
GO:0060260	0.01004
GO:0000041	0.01018
GO:0019216	0.01025
GO:0010564	0.01043
GO:0051726	0.01085
GO:0031032	0.01101
GO:0044843	0.01109
GO:0072599	0.01139
GO:0006412	0.01144
GO:0010565	0.01166
GO:0019217	0.01221
GO:1902652	0.01221
GO:0006955	0.01235
GO:0009100	0.01297
GO:0030866	0.01330
GO:0044182	0.01330
GO:0048639	0.01342
GO:1902653	0.01342
GO:0034063	0.01345
GO:0043154	0.01345
GO:0046902	0.01345
GO:0051084	0.01345
GO:2000117	0.01345
GO:0009260	0.01370
GO:0046390	0.01370
GO:0008610	0.01375
GO:1901576	0.01430
GO:0009751	0.01457
GO:0051130	0.01467
GO:0009814	0.01490
GO:0051788	0.01490
GO:0045087	0.01507
GO:0000281	0.01511
GO:0043255	0.01550
GO:0051447	0.01550
GO:2000142	0.01550
GO:0007088	0.01551
GO:0090559	0.01555
GO:0046825	0.01597
GO:1901991	0.01609
GO:0043043	0.01614
GO:0045787	0.01724
GO:0010605	0.01730
GO:0060968	0.01732
GO:0051302	0.01732
GO:0000910	0.01750
GO:0071310	0.01753
GO:0009408	0.01764
GO:0042255	0.01837
GO:0045927	0.01857
GO:0072657	0.01918
GO:0010629	0.01974
GO:0006367	0.01997
GO:0008104	0.01999
GO:0006352	0.02007
GO:0043902	0.02007
GO:0036267	0.02080
GO:0006111	0.02098
GO:0006516	0.02098
GO:0006828	0.02098
GO:0019288	0.02098
GO:0031291	0.02098
GO:0031938	0.02098
GO:0032466	0.02098
GO:0033077	0.02098
GO:0043243	0.02098
GO:0061014	0.02098
GO:0071421	0.02098
GO:0022402	0.02115
GO:0007093	0.02133
GO:0010558	0.02147
GO:0051172	0.02185
GO:0006897	0.02218
GO:0006081	0.02244
GO:0061640	0.02254
GO:0072522	0.02258
GO:0001403	0.02282
GO:0006695	0.02282
GO:0106118	0.02282
GO:0006720	0.02305
GO:0006082	0.02318
GO:0043436	0.02318
GO:0006631	0.02321
GO:0019538	0.02407
GO:0019682	0.02457
GO:0097384	0.02457
GO:0000338	0.02504
GO:0006029	0.02504
GO:0009863	0.02504
GO:0015012	0.02504
GO:0030166	0.02504
GO:0030201	0.02504
GO:0045940	0.02504
GO:0098660	0.02514
GO:0000184	0.02554
GO:0016128	0.02561
GO:0016129	0.02561
GO:0016584	0.02561
GO:0040018	0.02561
GO:0071446	0.02561
GO:0010948	0.02563
GO:0051090	0.02566
GO:0043900	0.02585
GO:0070972	0.02589
GO:0009651	0.02636
GO:0030865	0.02661
GO:0032940	0.02744
GO:0032269	0.02779
GO:0031647	0.02832
GO:0046903	0.02834
GO:0040020	0.02875
GO:0044837	0.02875
GO:0042180	0.02891
GO:0065003	0.02940
GO:0071218	0.02943
GO:0090407	0.02948
GO:0009058	0.02969
GO:0045930	0.03002
GO:0044092	0.03011
GO:0006812	0.03014
GO:0016053	0.03034
GO:0046394	0.03034
GO:0051248	0.03068
GO:0032506	0.03076
GO:0007049	0.03083
GO:0070647	0.03085
GO:0006417	0.03184
GO:0001960	0.03215
GO:0006449	0.03215
GO:0006829	0.03215
GO:0010216	0.03215
GO:0010907	0.03215
GO:0015985	0.03215
GO:0015986	0.03215
GO:0030212	0.03215
GO:0031086	0.03215
GO:0031087	0.03215
GO:0031638	0.03215
GO:0033316	0.03215
GO:0042262	0.03215
GO:0044346	0.03215
GO:0044396	0.03215
GO:0044779	0.03215
GO:0045722	0.03215
GO:0046635	0.03215
GO:0051693	0.03215
GO:0060761	0.03215
GO:0043588	0.03228
GO:1902930	0.03228
GO:0044249	0.03250
GO:1902600	0.03272
GO:0006446	0.03279
GO:0006898	0.03279
GO:0016126	0.03373
GO:0098657	0.03394
GO:0071824	0.03439
GO:0031329	0.03461
GO:2000113	0.03461
GO:0000082	0.03472
GO:0031327	0.03587
GO:0006493	0.03588
GO:0009629	0.03588
GO:0030217	0.03588
GO:0035384	0.03588
GO:0045540	0.03588
GO:0071616	0.03588
GO:0034613	0.03664
GO:0044271	0.03669
GO:0042221	0.03678
GO:0031331	0.03740
GO:0090150	0.03782
GO:0071322	0.03785
GO:0051649	0.03789
GO:0007265	0.03790
GO:1903902	0.03860
GO:0070727	0.03888
GO:0044265	0.03919
GO:0008637	0.03921
GO:0030104	0.03921
GO:0044107	0.03921
GO:0052167	0.03921
GO:0052306	0.03921
GO:0052552	0.03921
GO:0052553	0.03921
GO:0071028	0.03921
GO:0009101	0.03970
GO:0044774	0.03980
GO:0044281	0.04016
GO:0044255	0.04059
GO:0001113	0.04081
GO:0010603	0.04081
GO:0010677	0.04081
GO:0044785	0.04081
GO:0045070	0.04081
GO:0045580	0.04081
GO:0045619	0.04081
GO:0046634	0.04081
GO:0090175	0.04081
GO:1901993	0.04081
GO:1902102	0.04081
GO:1905132	0.04081
GO:1905710	0.04081
GO:2001257	0.04081
GO:0009892	0.04101
GO:0006090	0.04134
GO:0000912	0.04148
GO:0000915	0.04148
GO:0006696	0.04148
GO:0008204	0.04148
GO:0016108	0.04148
GO:0016116	0.04148
GO:0030437	0.04148
GO:0044108	0.04148
GO:0046015	0.04148
GO:0071395	0.04148
GO:0006887	0.04238
GO:0046907	0.04259
GO:0019218	0.04371
GO:1902410	0.04371
GO:0006458	0.04408
GO:0008203	0.04408
GO:0009648	0.04408
GO:0032878	0.04408
GO:0036260	0.04408
GO:0043254	0.04464
GO:0009890	0.04471
GO:0006565	0.04508
GO:0006593	0.04508
GO:0006679	0.04508
GO:0009125	0.04508
GO:0009128	0.04508
GO:0009158	0.04508
GO:0009169	0.04508
GO:0009789	0.04508
GO:0010207	0.04508
GO:0010229	0.04508
GO:0010960	0.04508
GO:0015838	0.04508
GO:0019348	0.04508
GO:0023058	0.04508
GO:0031639	0.04508
GO:0031919	0.04508
GO:0031921	0.04508
GO:0031939	0.04508
GO:0033081	0.04508
GO:0033489	0.04508
GO:0033490	0.04508
GO:0035646	0.04508
GO:0036246	0.04508
GO:0036249	0.04508
GO:0042069	0.04508
GO:0042178	0.04508
GO:0042776	0.04508
GO:0043335	0.04508
GO:0043418	0.04508
GO:0046476	0.04508
GO:0048668	0.04508
GO:0048670	0.04508
GO:0048671	0.04508
GO:0050926	0.04508
GO:0051365	0.04508
GO:0060351	0.04508
GO:0061484	0.04508
GO:0071030	0.04508
GO:0071049	0.04508
GO:0071493	0.04508
GO:0071993	0.04508
GO:0071994	0.04508
GO:0071995	0.04508
GO:0071996	0.04508
GO:0072416	0.04508
GO:0072477	0.04508
GO:0072480	0.04508
GO:0072486	0.04508
GO:0072676	0.04508
GO:0072678	0.04508
GO:0090042	0.04508
GO:0090043	0.04508
GO:0090160	0.04508
GO:0090233	0.04508
GO:0090436	0.04508
GO:0097050	0.04508
GO:0099022	0.04508
GO:0099134	0.04508
GO:0099135	0.04508
GO:0099136	0.04508
GO:0099139	0.04508
GO:0110029	0.04508
GO:1900436	0.04508
GO:1900490	0.04508
GO:1901421	0.04508
GO:1901535	0.04508
GO:1901537	0.04508
GO:1902413	0.04508
GO:1902426	0.04508
GO:1903066	0.04508
GO:1903437	0.04508
GO:1903499	0.04508
GO:1905959	0.04508
GO:1990540	0.04508
GO:2000431	0.04508
GO:2000674	0.04508
GO:2000676	0.04508
GO:2001215	0.04508
GO:0006612	0.04522
GO:1901362	0.04522
GO:0048193	0.04596
GO:0044267	0.04630
GO:0051704	0.04644
GO:0006790	0.04752
GO:0006903	0.04781
GO:0009057	0.04842
GO:0006366	0.04871
GO:0033365	0.04928
