GO.ID	Term	Annotated	Significant	Expected	classic
GO:0051152	positive regulation of smooth muscle cel...	2	2	0.05	0.00061
GO:1905065	positive regulation of vascular smooth m...	2	2	0.05	0.00061
GO:0010020	chloroplast fission	3	2	0.07	0.00181
GO:0043572	plastid fission	3	2	0.07	0.00181
GO:0051150	regulation of smooth muscle cell differe...	3	2	0.07	0.00181
GO:1905063	regulation of vascular smooth muscle cel...	3	2	0.07	0.00181
GO:0051147	regulation of muscle cell differentiatio...	13	3	0.32	0.00354
GO:0008049	male courtship behavior	4	2	0.1	0.00355
GO:1904706	negative regulation of vascular smooth m...	4	2	0.1	0.00355
GO:0043433	negative regulation of DNA-binding trans...	15	3	0.37	0.00544
GO:1904018	positive regulation of vasculature devel...	15	3	0.37	0.00544
GO:0007619	courtship behavior	5	2	0.12	0.00582
GO:1904705	regulation of vascular smooth muscle cel...	5	2	0.12	0.00582
GO:1990874	vascular smooth muscle cell proliferatio...	5	2	0.12	0.00582
GO:0097421	liver regeneration	16	3	0.4	0.00658
GO:0051090	regulation of DNA-binding transcription ...	32	4	0.8	0.00753
GO:0001514	selenocysteine incorporation	6	2	0.15	0.00860
GO:0006451	translational readthrough	6	2	0.15	0.00860
GO:0035886	vascular smooth muscle cell differentiat...	6	2	0.15	0.00860
GO:0051145	smooth muscle cell differentiation	6	2	0.15	0.00860
GO:0060179	male mating behavior	6	2	0.15	0.00860
GO:0042554	superoxide anion generation	19	3	0.47	0.01079
GO:0035066	positive regulation of histone acetylati...	7	2	0.17	0.01184
GO:1901342	regulation of vasculature development	20	3	0.5	0.01247
GO:0043901	negative regulation of multi-organism pr...	39	4	0.97	0.01510
GO:0000098	sulfur amino acid catabolic process	8	2	0.2	0.01554
GO:0007617	mating behavior	8	2	0.2	0.01554
GO:0019083	viral transcription	8	2	0.2	0.01554
GO:0046782	regulation of viral transcription	8	2	0.2	0.01554
GO:0048662	negative regulation of smooth muscle cel...	8	2	0.2	0.01554
GO:0051149	positive regulation of muscle cell diffe...	8	2	0.2	0.01554
GO:0097755	positive regulation of blood vessel diam...	8	2	0.2	0.01554
GO:1901985	positive regulation of protein acetylati...	8	2	0.2	0.01554
GO:2000758	positive regulation of peptidyl-lysine a...	8	2	0.2	0.01554
GO:0006575	cellular modified amino acid metabolic p...	85	6	2.12	0.01801
GO:0031058	positive regulation of histone modificat...	24	3	0.6	0.02061
GO:0031328	positive regulation of cellular biosynth...	348	15	8.66	0.02231
GO:0002698	negative regulation of immune effector p...	10	2	0.25	0.02418
GO:0090626	plant epidermis morphogenesis	10	2	0.25	0.02418
GO:0002043	blood vessel endothelial cell proliferat...	1	1	0.02	0.02488
GO:0002246	wound healing involved in inflammatory r...	1	1	0.02	0.02488
GO:0002887	negative regulation of myeloid leukocyte...	1	1	0.02	0.02488
GO:0003032	detection of oxygen	1	1	0.02	0.02488
GO:0003068	regulation of systemic arterial blood pr...	1	1	0.02	0.02488
GO:0003069	acetylcholine-mediated vasodilation invo...	1	1	0.02	0.02488
GO:0003070	regulation of systemic arterial blood pr...	1	1	0.02	0.02488
GO:0003085	negative regulation of systemic arterial...	1	1	0.02	0.02488
GO:0003299	muscle hypertrophy in response to stress	1	1	0.02	0.02488
GO:0006077	(1->6)-beta-D-glucan metabolic process	1	1	0.02	0.02488
GO:0006078	(1->6)-beta-D-glucan biosynthetic proces...	1	1	0.02	0.02488
GO:0006788	heme oxidation	1	1	0.02	0.02488
GO:0007256	activation of JNKK activity	1	1	0.02	0.02488
GO:0007439	ectodermal digestive tract development	1	1	0.02	0.02488
GO:0009445	putrescine metabolic process	1	1	0.02	0.02488
GO:0009446	putrescine biosynthetic process	1	1	0.02	0.02488
GO:0009660	amyloplast organization	1	1	0.02	0.02488
GO:0010227	floral organ abscission	1	1	0.02	0.02488
GO:0014010	Schwann cell proliferation	1	1	0.02	0.02488
GO:0014834	skeletal muscle satellite cell maintenan...	1	1	0.02	0.02488
GO:0014887	cardiac muscle adaptation	1	1	0.02	0.02488
GO:0014898	cardiac muscle hypertrophy in response t...	1	1	0.02	0.02488
GO:0015847	putrescine transport	1	1	0.02	0.02488
GO:0015848	spermidine transport	1	1	0.02	0.02488
GO:0016545	male courtship behavior, veined wing vib...	1	1	0.02	0.02488
GO:0018272	protein-pyridoxal-5-phosphate linkage vi...	1	1	0.02	0.02488
GO:0030857	negative regulation of epithelial cell d...	1	1	0.02	0.02488
GO:0032232	negative regulation of actin filament bu...	1	1	0.02	0.02488
GO:0032762	mast cell cytokine production	1	1	0.02	0.02488
GO:0032763	regulation of mast cell cytokine product...	1	1	0.02	0.02488
GO:0032764	negative regulation of mast cell cytokin...	1	1	0.02	0.02488
GO:0033004	negative regulation of mast cell activat...	1	1	0.02	0.02488
GO:0033007	negative regulation of mast cell activat...	1	1	0.02	0.02488
GO:0033387	putrescine biosynthetic process from orn...	1	1	0.02	0.02488
GO:0034021	response to silicon dioxide	1	1	0.02	0.02488
GO:0035523	protein K29-linked deubiquitination	1	1	0.02	0.02488
GO:0036333	hepatocyte homeostasis	1	1	0.02	0.02488
GO:0038001	paracrine signaling	1	1	0.02	0.02488
GO:0039536	negative regulation of RIG-I signaling p...	1	1	0.02	0.02488
GO:0042033	chemokine biosynthetic process	1	1	0.02	0.02488
GO:0042035	regulation of cytokine biosynthetic proc...	1	1	0.02	0.02488
GO:0042089	cytokine biosynthetic process	1	1	0.02	0.02488
GO:0042107	cytokine metabolic process	1	1	0.02	0.02488
GO:0042108	positive regulation of cytokine biosynth...	1	1	0.02	0.02488
GO:0042167	heme catabolic process	1	1	0.02	0.02488
GO:0043301	negative regulation of leukocyte degranu...	1	1	0.02	0.02488
GO:0043305	negative regulation of mast cell degranu...	1	1	0.02	0.02488
GO:0043619	regulation of transcription from RNA pol...	1	1	0.02	0.02488
GO:0043922	negative regulation by host of viral tra...	1	1	0.02	0.02488
GO:0044154	histone H3-K14 acetylation	1	1	0.02	0.02488
GO:0044524	protein sulfhydration	1	1	0.02	0.02488
GO:0045073	regulation of chemokine biosynthetic pro...	1	1	0.02	0.02488
GO:0045080	positive regulation of chemokine biosynt...	1	1	0.02	0.02488
GO:0045433	male courtship behavior, veined wing gen...	1	1	0.02	0.02488
GO:0045605	negative regulation of epidermal cell di...	1	1	0.02	0.02488
GO:0045683	negative regulation of epidermis develop...	1	1	0.02	0.02488
GO:0046167	glycerol-3-phosphate biosynthetic proces...	1	1	0.02	0.02488
GO:0046900	tetrahydrofolylpolyglutamate metabolic p...	1	1	0.02	0.02488
GO:0046901	tetrahydrofolylpolyglutamate biosyntheti...	1	1	0.02	0.02488
GO:0048065	male courtship behavior, veined wing ext...	1	1	0.02	0.02488
GO:0048611	embryonic ectodermal digestive tract dev...	1	1	0.02	0.02488
GO:0048759	xylem vessel member cell differentiation	1	1	0.02	0.02488
GO:0048773	erythrophore differentiation	1	1	0.02	0.02488
GO:0050755	chemokine metabolic process	1	1	0.02	0.02488
GO:0060215	primitive hemopoiesis	1	1	0.02	0.02488
GO:0070314	G1 to G0 transition	1	1	0.02	0.02488
GO:0071266	'de novo' L-methionine biosynthetic proc...	1	1	0.02	0.02488
GO:0071440	regulation of histone H3-K14 acetylation	1	1	0.02	0.02488
GO:0071442	positive regulation of histone H3-K14 ac...	1	1	0.02	0.02488
GO:0090410	malonate catabolic process	1	1	0.02	0.02488
GO:0090677	reversible differentiation	1	1	0.02	0.02488
GO:0090679	cell differentiation involved in phenoty...	1	1	0.02	0.02488
GO:1900241	positive regulation of phenotypic switch...	1	1	0.02	0.02488
GO:1902616	acyl carnitine transmembrane transport	1	1	0.02	0.02488
GO:1903587	regulation of blood vessel endothelial c...	1	1	0.02	0.02488
GO:1903589	positive regulation of blood vessel endo...	1	1	0.02	0.02488
GO:1903711	spermidine transmembrane transport	1	1	0.02	0.02488
GO:1904772	response to tetrachloromethane	1	1	0.02	0.02488
GO:1904829	regulation of aortic smooth muscle cell ...	1	1	0.02	0.02488
GO:1904831	positive regulation of aortic smooth mus...	1	1	0.02	0.02488
GO:1905420	vascular smooth muscle cell differentiat...	1	1	0.02	0.02488
GO:1905499	trichome papilla formation	1	1	0.02	0.02488
GO:1905915	regulation of cell differentiation invol...	1	1	0.02	0.02488
GO:1905917	positive regulation of cell differentiat...	1	1	0.02	0.02488
GO:1905930	regulation of vascular smooth muscle cel...	1	1	0.02	0.02488
GO:1905932	positive regulation of vascular smooth m...	1	1	0.02	0.02488
GO:1990167	protein K27-linked deubiquitination	1	1	0.02	0.02488
GO:1990168	protein K33-linked deubiquitination	1	1	0.02	0.02488
GO:1990575	mitochondrial L-ornithine transmembrane ...	1	1	0.02	0.02488
GO:0001889	liver development	46	4	1.14	0.02629
GO:0061008	hepaticobiliary system development	46	4	1.14	0.02629
GO:0009891	positive regulation of biosynthetic proc...	356	15	8.86	0.02685
GO:0006801	superoxide metabolic process	27	3	0.67	0.02824
GO:0031100	animal organ regeneration	27	3	0.67	0.02824
GO:0051260	protein homooligomerization	70	5	1.74	0.02884
GO:0007618	mating	11	2	0.27	0.02908
GO:0032387	negative regulation of intracellular tra...	11	2	0.27	0.02908
GO:0043500	muscle adaptation	11	2	0.27	0.02908
GO:0097746	regulation of blood vessel diameter	11	2	0.27	0.02908
GO:0050665	hydrogen peroxide biosynthetic process	29	3	0.72	0.03406
GO:0009070	serine family amino acid biosynthetic pr...	12	2	0.3	0.03434
GO:0035296	regulation of tube diameter	12	2	0.3	0.03434
GO:0050880	regulation of blood vessel size	12	2	0.3	0.03434
GO:0072488	ammonium transmembrane transport	12	2	0.3	0.03434
GO:0007041	lysosomal transport	51	4	1.27	0.03669
GO:0046777	protein autophosphorylation	51	4	1.27	0.03669
GO:0051259	protein complex oligomerization	102	6	2.54	0.03979
GO:0019080	viral gene expression	13	2	0.32	0.03994
GO:0090558	plant epidermis development	31	3	0.77	0.04045
GO:1905269	positive regulation of chromatin organiz...	31	3	0.77	0.04045
GO:0043065	positive regulation of apoptotic process	103	6	2.56	0.04144
GO:0016482	cytosolic transport	78	5	1.94	0.04317
GO:0098542	defense response to other organism	161	8	4.01	0.04478
GO:0003018	vascular process in circulatory system	14	2	0.35	0.04585
GO:0010383	cell wall polysaccharide metabolic proce...	14	2	0.35	0.04585
GO:0010660	regulation of muscle cell apoptotic proc...	14	2	0.35	0.04585
GO:0032456	endocytic recycling	14	2	0.35	0.04585
GO:0042147	retrograde transport, endosome to Golgi	55	4	1.37	0.04650
GO:2001233	regulation of apoptotic signaling pathwa...	55	4	1.37	0.04650
GO:0009581	detection of external stimulus	33	3	0.82	0.04740
GO:0001315	age-dependent response to reactive oxyge...	2	1	0.05	0.04916
GO:0006072	glycerol-3-phosphate metabolic process	2	1	0.05	0.04916
GO:0006844	acyl carnitine transport	2	1	0.05	0.04916
GO:0009590	detection of gravity	2	1	0.05	0.04916
GO:0009911	positive regulation of flower developmen...	2	1	0.05	0.04916
GO:0009959	negative gravitropism	2	1	0.05	0.04916
GO:0009969	xyloglucan biosynthetic process	2	1	0.05	0.04916
GO:0010089	xylem development	2	1	0.05	0.04916
GO:0010376	stomatal complex formation	2	1	0.05	0.04916
GO:0010410	hemicellulose metabolic process	2	1	0.05	0.04916
GO:0010411	xyloglucan metabolic process	2	1	0.05	0.04916
GO:0010668	ectodermal cell differentiation	2	1	0.05	0.04916
GO:0010718	positive regulation of epithelial to mes...	2	1	0.05	0.04916
GO:0019343	cysteine biosynthetic process via cystat...	2	1	0.05	0.04916
GO:0019346	transsulfuration	2	1	0.05	0.04916
GO:0032897	negative regulation of viral transcripti...	2	1	0.05	0.04916
GO:0034395	regulation of transcription from RNA pol...	2	1	0.05	0.04916
GO:0035092	sperm chromatin condensation	2	1	0.05	0.04916
GO:0035338	long-chain fatty-acyl-CoA biosynthetic p...	2	1	0.05	0.04916
GO:0035621	ER to Golgi ceramide transport	2	1	0.05	0.04916
GO:0035627	ceramide transport	2	1	0.05	0.04916
GO:0035871	protein K11-linked deubiquitination	2	1	0.05	0.04916
GO:0035983	response to trichostatin A	2	1	0.05	0.04916
GO:0035984	cellular response to trichostatin A	2	1	0.05	0.04916
GO:0039532	negative regulation of viral-induced cyt...	2	1	0.05	0.04916
GO:0039535	regulation of RIG-I signaling pathway	2	1	0.05	0.04916
GO:0043157	response to cation stress	2	1	0.05	0.04916
GO:0043403	skeletal muscle tissue regeneration	2	1	0.05	0.04916
GO:0043419	urea catabolic process	2	1	0.05	0.04916
GO:0043507	positive regulation of JUN kinase activi...	2	1	0.05	0.04916
GO:0045006	DNA deamination	2	1	0.05	0.04916
GO:0045599	negative regulation of fat cell differen...	2	1	0.05	0.04916
GO:0046506	sulfolipid biosynthetic process	2	1	0.05	0.04916
GO:0048149	behavioral response to ethanol	2	1	0.05	0.04916
GO:0048387	negative regulation of retinoic acid rec...	2	1	0.05	0.04916
GO:0052646	alditol phosphate metabolic process	2	1	0.05	0.04916
GO:0061082	myeloid leukocyte cytokine production	2	1	0.05	0.04916
GO:0071039	nuclear polyadenylation-dependent CUT ca...	2	1	0.05	0.04916
GO:0072719	cellular response to cisplatin	2	1	0.05	0.04916
GO:0090050	positive regulation of cell migration in...	2	1	0.05	0.04916
GO:0090594	inflammatory response to wounding	2	1	0.05	0.04916
GO:0098532	histone H3-K27 trimethylation	2	1	0.05	0.04916
GO:0120009	intermembrane lipid transfer	2	1	0.05	0.04916
GO:0120010	intermembrane phospholipid transfer	2	1	0.05	0.04916
GO:1901351	regulation of phosphatidylglycerol biosy...	2	1	0.05	0.04916
GO:1901352	negative regulation of phosphatidylglyce...	2	1	0.05	0.04916
GO:1901999	homogentisate metabolic process	2	1	0.05	0.04916
GO:1902000	homogentisate catabolic process	2	1	0.05	0.04916
GO:1902022	L-lysine transport	2	1	0.05	0.04916
GO:1902176	negative regulation of oxidative stress-...	2	1	0.05	0.04916
GO:1903306	negative regulation of regulated secreto...	2	1	0.05	0.04916
GO:1903401	L-lysine transmembrane transport	2	1	0.05	0.04916
GO:1903650	negative regulation of cytoplasmic trans...	2	1	0.05	0.04916
GO:1904569	regulation of selenocysteine incorporati...	2	1	0.05	0.04916
GO:1904571	positive regulation of selenocysteine in...	2	1	0.05	0.04916
GO:1904810	negative regulation of dense core granul...	2	1	0.05	0.04916
GO:1905177	tracheary element differentiation	2	1	0.05	0.04916
GO:2000037	regulation of stomatal complex patternin...	2	1	0.05	0.04916
GO:2000617	positive regulation of histone H3-K9 ace...	2	1	0.05	0.04916
GO:2001245	regulation of phosphatidylcholine biosyn...	2	1	0.05	0.04916
GO:2001247	positive regulation of phosphatidylcholi...	2	1	0.05	0.04916
GO:0019221	cytokine-mediated signaling pathway	56	4	1.39	0.04916
GO:0006304	DNA modification	34	3	0.85	0.05108
GO:0009582	detection of abiotic stimulus	34	3	0.85	0.05108
GO:0044042	glucan metabolic process	34	3	0.85	0.05108
GO:0051606	detection of stimulus	57	4	1.42	0.05190
GO:0007422	peripheral nervous system development	15	2	0.37	0.05207
GO:0008217	regulation of blood pressure	15	2	0.37	0.05207
GO:0010657	muscle cell apoptotic process	15	2	0.37	0.05207
GO:0035065	regulation of histone acetylation	15	2	0.37	0.05207
GO:0035150	regulation of tube size	15	2	0.37	0.05207
GO:2001234	negative regulation of apoptotic signali...	35	3	0.87	0.05489
GO:0048732	gland development	84	5	2.09	0.05632
GO:0044248	cellular catabolic process	744	25	18.51	0.05737
GO:0043068	positive regulation of programmed cell d...	112	6	2.79	0.05822
GO:0001818	negative regulation of cytokine producti...	16	2	0.4	0.05857
GO:0051289	protein homotetramerization	16	2	0.4	0.05857
GO:0061647	histone H3-K9 modification	16	2	0.4	0.05857
GO:0070651	nonfunctional rRNA decay	16	2	0.4	0.05857
GO:0090627	plant epidermal cell differentiation	16	2	0.4	0.05857
GO:0018958	phenol-containing compound metabolic pro...	36	3	0.9	0.05885
GO:0031099	regeneration	36	3	0.9	0.05885
GO:0042335	cuticle development	36	3	0.9	0.05885
GO:0009657	plastid organization	60	4	1.49	0.06062
GO:0010557	positive regulation of macromolecule bio...	297	12	7.39	0.06096
GO:0009056	catabolic process	786	26	19.56	0.06184
GO:0017000	antibiotic biosynthetic process	37	3	0.92	0.06293
GO:0044282	small molecule catabolic process	143	7	3.56	0.06299
GO:0006590	thyroid hormone generation	17	2	0.42	0.06533
GO:0007602	phototransduction	17	2	0.42	0.06533
GO:0008365	adult chitin-based cuticle development	17	2	0.42	0.06533
GO:0009583	detection of light stimulus	17	2	0.42	0.06533
GO:0016036	cellular response to phosphate starvatio...	17	2	0.42	0.06533
GO:0016075	rRNA catabolic process	17	2	0.42	0.06533
GO:0018149	peptide cross-linking	17	2	0.42	0.06533
GO:0042403	thyroid hormone metabolic process	17	2	0.42	0.06533
GO:0044036	cell wall macromolecule metabolic proces...	17	2	0.42	0.06533
GO:0048659	smooth muscle cell proliferation	17	2	0.42	0.06533
GO:0048660	regulation of smooth muscle cell prolife...	17	2	0.42	0.06533
GO:0051447	negative regulation of meiotic cell cycl...	17	2	0.42	0.06533
GO:1901616	organic hydroxy compound catabolic proce...	17	2	0.42	0.06533
GO:1901983	regulation of protein acetylation	17	2	0.42	0.06533
GO:2000756	regulation of peptidyl-lysine acetylatio...	17	2	0.42	0.06533
GO:0042692	muscle cell differentiation	38	3	0.95	0.06714
GO:0042981	regulation of apoptotic process	238	10	5.92	0.06837
GO:0045893	positive regulation of transcription, DN...	208	9	5.18	0.07084
GO:0009250	glucan biosynthetic process	18	2	0.45	0.07234
GO:0032092	positive regulation of protein binding	18	2	0.45	0.07234
GO:0033002	muscle cell proliferation	18	2	0.45	0.07234
GO:0040032	post-embryonic body morphogenesis	18	2	0.45	0.07234
GO:0042338	cuticle development involved in collagen...	18	2	0.45	0.07234
GO:0000186	activation of MAPKK activity	3	1	0.07	0.07283
GO:0001100	negative regulation of exit from mitosis	3	1	0.07	0.07283
GO:0001306	age-dependent response to oxidative stre...	3	1	0.07	0.07283
GO:0001976	neurological system process involved in ...	3	1	0.07	0.07283
GO:0006596	polyamine biosynthetic process	3	1	0.07	0.07283
GO:0006723	cuticle hydrocarbon biosynthetic process	3	1	0.07	0.07283
GO:0006787	porphyrin-containing compound catabolic ...	3	1	0.07	0.07283
GO:0006798	polyphosphate catabolic process	3	1	0.07	0.07283
GO:0007398	ectoderm development	3	1	0.07	0.07283
GO:0007571	age-dependent general metabolic decline	3	1	0.07	0.07283
GO:0008272	sulfate transport	3	1	0.07	0.07283
GO:0009585	red, far-red light phototransduction	3	1	0.07	0.07283
GO:0010103	stomatal complex morphogenesis	3	1	0.07	0.07283
GO:0010305	leaf vascular tissue pattern formation	3	1	0.07	0.07283
GO:0010375	stomatal complex patterning	3	1	0.07	0.07283
GO:0010444	guard mother cell differentiation	3	1	0.07	0.07283
GO:0014805	smooth muscle adaptation	3	1	0.07	0.07283
GO:0014806	smooth muscle hyperplasia	3	1	0.07	0.07283
GO:0014900	muscle hyperplasia	3	1	0.07	0.07283
GO:0015697	quaternary ammonium group transport	3	1	0.07	0.07283
GO:0015822	ornithine transport	3	1	0.07	0.07283
GO:0018345	protein palmitoylation	3	1	0.07	0.07283
GO:0019336	phenol-containing compound catabolic pro...	3	1	0.07	0.07283
GO:0019344	cysteine biosynthetic process	3	1	0.07	0.07283
GO:0032253	dense core granule localization	3	1	0.07	0.07283
GO:0032364	oxygen homeostasis	3	1	0.07	0.07283
GO:0032722	positive regulation of chemokine product...	3	1	0.07	0.07283
GO:0032785	negative regulation of DNA-templated tra...	3	1	0.07	0.07283
GO:0033015	tetrapyrrole catabolic process	3	1	0.07	0.07283
GO:0033483	gas homeostasis	3	1	0.07	0.07283
GO:0033591	response to L-ascorbic acid	3	1	0.07	0.07283
GO:0034244	negative regulation of transcription elo...	3	1	0.07	0.07283
GO:0034390	smooth muscle cell apoptotic process	3	1	0.07	0.07283
GO:0034391	regulation of smooth muscle cell apoptot...	3	1	0.07	0.07283
GO:0034393	positive regulation of smooth muscle cel...	3	1	0.07	0.07283
GO:0035186	syncytial blastoderm mitotic cell cycle	3	1	0.07	0.07283
GO:0035206	regulation of hemocyte proliferation	3	1	0.07	0.07283
GO:0035900	response to isolation stress	3	1	0.07	0.07283
GO:0036065	fucosylation	3	1	0.07	0.07283
GO:0036205	histone catabolic process	3	1	0.07	0.07283
GO:0039529	RIG-I signaling pathway	3	1	0.07	0.07283
GO:0039531	regulation of viral-induced cytoplasmic ...	3	1	0.07	0.07283
GO:0042174	negative regulation of sporulation resul...	3	1	0.07	0.07283
GO:0043268	positive regulation of potassium ion tra...	3	1	0.07	0.07283
GO:0043605	cellular amide catabolic process	3	1	0.07	0.07283
GO:0043939	negative regulation of sporulation	3	1	0.07	0.07283
GO:0043942	negative regulation of sexual sporulatio...	3	1	0.07	0.07283
GO:0046149	pigment catabolic process	3	1	0.07	0.07283
GO:0046505	sulfolipid metabolic process	3	1	0.07	0.07283
GO:0046836	glycolipid transport	3	1	0.07	0.07283
GO:0048385	regulation of retinoic acid receptor sig...	3	1	0.07	0.07283
GO:0070813	hydrogen sulfide metabolic process	3	1	0.07	0.07283
GO:0070814	hydrogen sulfide biosynthetic process	3	1	0.07	0.07283
GO:0071072	negative regulation of phospholipid bios...	3	1	0.07	0.07283
GO:0071243	cellular response to arsenic-containing ...	3	1	0.07	0.07283
GO:0071918	urea transmembrane transport	3	1	0.07	0.07283
GO:0080022	primary root development	3	1	0.07	0.07283
GO:0089709	L-histidine transmembrane transport	3	1	0.07	0.07283
GO:0090326	positive regulation of locomotion involv...	3	1	0.07	0.07283
GO:1900239	regulation of phenotypic switching	3	1	0.07	0.07283
GO:1901950	dense core granule transport	3	1	0.07	0.07283
GO:1902358	sulfate transmembrane transport	3	1	0.07	0.07283
GO:1903341	regulation of meiotic DNA double-strand ...	3	1	0.07	0.07283
GO:1903342	negative regulation of meiotic DNA doubl...	3	1	0.07	0.07283
GO:1903352	L-ornithine transmembrane transport	3	1	0.07	0.07283
GO:1903400	L-arginine transmembrane transport	3	1	0.07	0.07283
GO:1903726	negative regulation of phospholipid meta...	3	1	0.07	0.07283
GO:1903826	arginine transmembrane transport	3	1	0.07	0.07283
GO:1904809	regulation of dense core granule transpo...	3	1	0.07	0.07283
GO:1904811	positive regulation of dense core granul...	3	1	0.07	0.07283
GO:1905288	vascular associated smooth muscle cell a...	3	1	0.07	0.07283
GO:1905459	regulation of vascular associated smooth...	3	1	0.07	0.07283
GO:1905461	positive regulation of vascular associat...	3	1	0.07	0.07283
GO:2000269	regulation of fibroblast apoptotic proce...	3	1	0.07	0.07283
GO:2000434	regulation of protein neddylation	3	1	0.07	0.07283
GO:2000435	negative regulation of protein neddylati...	3	1	0.07	0.07283
GO:1901575	organic substance catabolic process	653	22	16.25	0.07325
GO:0042743	hydrogen peroxide metabolic process	40	3	1	0.07593
GO:0048066	developmental pigmentation	40	3	1	0.07593
GO:0010942	positive regulation of cell death	120	6	2.99	0.07614
GO:0007593	chitin-based cuticle sclerotization	19	2	0.47	0.07959
GO:0034661	ncRNA catabolic process	19	2	0.47	0.07959
GO:0048085	adult chitin-containing cuticle pigmenta...	19	2	0.47	0.07959
GO:1903508	positive regulation of nucleic acid-temp...	215	9	5.35	0.08345
GO:1902680	positive regulation of RNA biosynthetic ...	216	9	5.37	0.08536
GO:0002251	organ or tissue specific immune response	20	2	0.5	0.08704
GO:0002385	mucosal immune response	20	2	0.5	0.08704
GO:0006749	glutathione metabolic process	20	2	0.5	0.08704
GO:0009084	glutamine family amino acid biosynthetic...	20	2	0.5	0.08704
GO:0018996	molting cycle, collagen and cuticulin-ba...	20	2	0.5	0.08704
GO:0042136	neurotransmitter biosynthetic process	20	2	0.5	0.08704
GO:0044273	sulfur compound catabolic process	20	2	0.5	0.08704
GO:0051881	regulation of mitochondrial membrane pot...	20	2	0.5	0.08704
GO:0009605	response to external stimulus	560	19	13.93	0.08986
GO:1903409	reactive oxygen species biosynthetic pro...	43	3	1.07	0.09003
GO:0009615	response to virus	69	4	1.72	0.09113
GO:0048193	Golgi vesicle transport	126	6	3.14	0.09145
GO:0016239	positive regulation of macroautophagy	21	2	0.52	0.09470
GO:0048067	cuticle pigmentation	21	2	0.52	0.09470
GO:0071712	ER-associated misfolded protein cataboli...	21	2	0.52	0.09470
GO:0007411	axon guidance	44	3	1.09	0.09496
GO:0002042	cell migration involved in sprouting ang...	4	1	0.1	0.09592
GO:0002701	negative regulation of production of mol...	4	1	0.1	0.09592
GO:0002719	negative regulation of cytokine producti...	4	1	0.1	0.09592
GO:0003300	cardiac muscle hypertrophy	4	1	0.1	0.09592
GO:0006561	proline biosynthetic process	4	1	0.1	0.09592
GO:0006595	polyamine metabolic process	4	1	0.1	0.09592
GO:0009092	homoserine metabolic process	4	1	0.1	0.09592
GO:0009838	abscission	4	1	0.1	0.09592
GO:0010661	positive regulation of muscle cell apopt...	4	1	0.1	0.09592
GO:0010717	regulation of epithelial to mesenchymal ...	4	1	0.1	0.09592
GO:0014888	striated muscle adaptation	4	1	0.1	0.09592
GO:0014897	striated muscle hypertrophy	4	1	0.1	0.09592
GO:0015840	urea transport	4	1	0.1	0.09592
GO:0018352	protein-pyridoxal-5-phosphate linkage	4	1	0.1	0.09592
GO:0032231	regulation of actin filament bundle asse...	4	1	0.1	0.09592
GO:0032252	secretory granule localization	4	1	0.1	0.09592
GO:0034306	regulation of sexual sporulation	4	1	0.1	0.09592
GO:0035039	male pronucleus assembly	4	1	0.1	0.09592
GO:0035041	sperm chromatin decondensation	4	1	0.1	0.09592
GO:0035336	long-chain fatty-acyl-CoA metabolic proc...	4	1	0.1	0.09592
GO:0035513	oxidative RNA demethylation	4	1	0.1	0.09592
GO:0035553	oxidative single-stranded RNA demethylat...	4	1	0.1	0.09592
GO:0035887	aortic smooth muscle cell differentiatio...	4	1	0.1	0.09592
GO:0039528	cytoplasmic pattern recognition receptor...	4	1	0.1	0.09592
GO:0042173	regulation of sporulation resulting in f...	4	1	0.1	0.09592
GO:0043007	maintenance of rDNA	4	1	0.1	0.09592
GO:0043506	regulation of JUN kinase activity	4	1	0.1	0.09592
GO:0043940	regulation of sexual sporulation resulti...	4	1	0.1	0.09592
GO:0044346	fibroblast apoptotic process	4	1	0.1	0.09592
GO:0045007	depurination	4	1	0.1	0.09592
GO:0045776	negative regulation of blood pressure	4	1	0.1	0.09592
GO:0048147	negative regulation of fibroblast prolif...	4	1	0.1	0.09592
GO:0050687	negative regulation of defense response ...	4	1	0.1	0.09592
GO:0051154	negative regulation of striated muscle c...	4	1	0.1	0.09592
GO:0061844	antimicrobial humoral immune response me...	4	1	0.1	0.09592
GO:0071031	nuclear mRNA surveillance of mRNA 3'-end...	4	1	0.1	0.09592
GO:0071034	CUT catabolic process	4	1	0.1	0.09592
GO:0071043	CUT metabolic process	4	1	0.1	0.09592
GO:0072344	rescue of stalled ribosome	4	1	0.1	0.09592
GO:0090049	regulation of cell migration involved in...	4	1	0.1	0.09592
GO:0090156	cellular sphingolipid homeostasis	4	1	0.1	0.09592
GO:0090325	regulation of locomotion involved in loc...	4	1	0.1	0.09592
GO:1902023	L-arginine transport	4	1	0.1	0.09592
GO:1902047	polyamine transmembrane transport	4	1	0.1	0.09592
GO:1902255	positive regulation of intrinsic apoptot...	4	1	0.1	0.09592
GO:1903672	positive regulation of sprouting angioge...	4	1	0.1	0.09592
GO:1990116	ribosome-associated ubiquitin-dependent ...	4	1	0.1	0.09592
GO:1990822	basic amino acid transmembrane transport	4	1	0.1	0.09592
GO:2000615	regulation of histone H3-K9 acetylation	4	1	0.1	0.09592
GO:0008285	negative regulation of cell proliferatio...	71	4	1.77	0.09876
GO:0018105	peptidyl-serine phosphorylation	71	4	1.77	0.09876
GO:0010628	positive regulation of gene expression	323	12	8.04	0.10033
GO:0043067	regulation of programmed cell death	257	10	6.4	0.10206
GO:0044270	cellular nitrogen compound catabolic pro...	257	10	6.4	0.10206
GO:0030308	negative regulation of cell growth	22	2	0.55	0.10255
GO:0040002	collagen and cuticulin-based cuticle dev...	22	2	0.55	0.10255
GO:0043406	positive regulation of MAP kinase activi...	22	2	0.55	0.10255
GO:0043524	negative regulation of neuron apoptotic ...	22	2	0.55	0.10255
GO:0048565	digestive tract development	22	2	0.55	0.10255
GO:0045596	negative regulation of cell differentiat...	72	4	1.79	0.10268
GO:0042742	defense response to bacterium	101	5	2.51	0.10480
GO:0019439	aromatic compound catabolic process	259	10	6.44	0.10610
GO:0016485	protein processing	47	3	1.17	0.11038
GO:0008630	intrinsic apoptotic signaling pathway in...	23	2	0.57	0.11057
GO:0051262	protein tetramerization	23	2	0.57	0.11057
GO:0044272	sulfur compound biosynthetic process	74	4	1.84	0.11074
GO:1901607	alpha-amino acid biosynthetic process	74	4	1.84	0.11074
GO:0016570	histone modification	164	7	4.08	0.11110
GO:0016197	endosomal transport	104	5	2.59	0.11502
GO:0006414	translational elongation	48	3	1.19	0.11572
GO:0031056	regulation of histone modification	48	3	1.19	0.11572
GO:0016569	covalent chromatin modification	166	7	4.13	0.11650
GO:0001837	epithelial to mesenchymal transition	5	1	0.12	0.11845
GO:0002686	negative regulation of leukocyte migrati...	5	1	0.12	0.11845
GO:0002704	negative regulation of leukocyte mediate...	5	1	0.12	0.11845
GO:0003044	regulation of systemic arterial blood pr...	5	1	0.12	0.11845
GO:0006307	DNA dealkylation involved in DNA repair	5	1	0.12	0.11845
GO:0006392	transcription elongation from mitochondr...	5	1	0.12	0.11845
GO:0006564	L-serine biosynthetic process	5	1	0.12	0.11845
GO:0006572	tyrosine catabolic process	5	1	0.12	0.11845
GO:0007117	budding cell bud growth	5	1	0.12	0.11845
GO:0007216	G protein-coupled glutamate receptor sig...	5	1	0.12	0.11845
GO:0009102	biotin biosynthetic process	5	1	0.12	0.11845
GO:0009934	regulation of meristem structural organi...	5	1	0.12	0.11845
GO:0010440	stomatal lineage progression	5	1	0.12	0.11845
GO:0014896	muscle hypertrophy	5	1	0.12	0.11845
GO:0015809	arginine transport	5	1	0.12	0.11845
GO:0015846	polyamine transport	5	1	0.12	0.11845
GO:0016242	negative regulation of macroautophagy	5	1	0.12	0.11845
GO:0018065	protein-cofactor linkage	5	1	0.12	0.11845
GO:0019405	alditol catabolic process	5	1	0.12	0.11845
GO:0019563	glycerol catabolic process	5	1	0.12	0.11845
GO:0019730	antimicrobial humoral response	5	1	0.12	0.11845
GO:0021695	cerebellar cortex development	5	1	0.12	0.11845
GO:0031101	fin regeneration	5	1	0.12	0.11845
GO:0031112	positive regulation of microtubule polym...	5	1	0.12	0.11845
GO:0031116	positive regulation of microtubule polym...	5	1	0.12	0.11845
GO:0031987	locomotion involved in locomotory behavi...	5	1	0.12	0.11845
GO:0032602	chemokine production	5	1	0.12	0.11845
GO:0032642	regulation of chemokine production	5	1	0.12	0.11845
GO:0033301	cell cycle comprising mitosis without cy...	5	1	0.12	0.11845
GO:0034381	plasma lipoprotein particle clearance	5	1	0.12	0.11845
GO:0034383	low-density lipoprotein particle clearan...	5	1	0.12	0.11845
GO:0034473	U1 snRNA 3'-end processing	5	1	0.12	0.11845
GO:0034476	U5 snRNA 3'-end processing	5	1	0.12	0.11845
GO:0035162	embryonic hemopoiesis	5	1	0.12	0.11845
GO:0038171	cannabinoid signaling pathway	5	1	0.12	0.11845
GO:0043266	regulation of potassium ion transport	5	1	0.12	0.11845
GO:0043970	histone H3-K9 acetylation	5	1	0.12	0.11845
GO:0045429	positive regulation of nitric oxide bios...	5	1	0.12	0.11845
GO:0046340	diacylglycerol catabolic process	5	1	0.12	0.11845
GO:0046949	fatty-acyl-CoA biosynthetic process	5	1	0.12	0.11845
GO:0048025	negative regulation of mRNA splicing, vi...	5	1	0.12	0.11845
GO:0048384	retinoic acid receptor signaling pathway	5	1	0.12	0.11845
GO:0048566	embryonic digestive tract development	5	1	0.12	0.11845
GO:0048825	cotyledon development	5	1	0.12	0.11845
GO:0051148	negative regulation of muscle cell diffe...	5	1	0.12	0.11845
GO:0070989	oxidative demethylation	5	1	0.12	0.11845
GO:0071000	response to magnetism	5	1	0.12	0.11845
GO:0071361	cellular response to ethanol	5	1	0.12	0.11845
GO:0071629	cytoplasm protein quality control by the...	5	1	0.12	0.11845
GO:0071926	endocannabinoid signaling pathway	5	1	0.12	0.11845
GO:0072718	response to cisplatin	5	1	0.12	0.11845
GO:0090140	regulation of mitochondrial fission	5	1	0.12	0.11845
GO:0090615	mitochondrial mRNA processing	5	1	0.12	0.11845
GO:0098920	retrograde trans-synaptic signaling by l...	5	1	0.12	0.11845
GO:0098921	retrograde trans-synaptic signaling by e...	5	1	0.12	0.11845
GO:0099541	trans-synaptic signaling by lipid	5	1	0.12	0.11845
GO:0099542	trans-synaptic signaling by endocannabin...	5	1	0.12	0.11845
GO:1904036	negative regulation of epithelial cell a...	5	1	0.12	0.11845
GO:1904407	positive regulation of nitric oxide meta...	5	1	0.12	0.11845
GO:0010821	regulation of mitochondrion organization	24	2	0.6	0.11874
GO:0019098	reproductive behavior	24	2	0.6	0.11874
GO:0030970	retrograde protein transport, ER to cyto...	24	2	0.6	0.11874
GO:0040003	chitin-based cuticle development	24	2	0.6	0.11874
GO:0050830	defense response to Gram-positive bacter...	24	2	0.6	0.11874
GO:1903513	endoplasmic reticulum to cytosol transpo...	24	2	0.6	0.11874
GO:2000112	regulation of cellular macromolecule bio...	582	19	14.48	0.12050
GO:0043473	pigmentation	49	3	1.22	0.12117
GO:0051254	positive regulation of RNA metabolic pro...	233	9	5.8	0.12181
GO:0031326	regulation of cellular biosynthetic proc...	656	21	16.32	0.12187
GO:0000184	nuclear-transcribed mRNA catabolic proce...	77	4	1.92	0.12334
GO:0006520	cellular amino acid metabolic process	202	8	5.03	0.12660
GO:0097485	neuron projection guidance	50	3	1.24	0.12670
GO:0016049	cell growth	138	6	3.43	0.12671
GO:0010171	body morphogenesis	25	2	0.62	0.12707
GO:0015695	organic cation transport	25	2	0.62	0.12707
GO:0042398	cellular modified amino acid biosyntheti...	25	2	0.62	0.12707
GO:0055123	digestive system development	25	2	0.62	0.12707
GO:0006351	transcription, DNA-templated	479	16	11.92	0.12895
GO:0010941	regulation of cell death	304	11	7.56	0.12981
GO:0042127	regulation of cell proliferation	171	7	4.26	0.13060
GO:0042542	response to hydrogen peroxide	51	3	1.27	0.13233
GO:1901361	organic cyclic compound catabolic proces...	272	10	6.77	0.13459
GO:1902531	regulation of intracellular signal trans...	173	7	4.3	0.13648
GO:0097659	nucleic acid-templated transcription	484	16	12.04	0.13783
GO:0040017	positive regulation of locomotion	52	3	1.29	0.13804
GO:0000128	flocculation	6	1	0.15	0.14042
GO:0000372	Group I intron splicing	6	1	0.15	0.14042
GO:0000376	RNA splicing, via transesterification re...	6	1	0.15	0.14042
GO:0002279	mast cell activation involved in immune ...	6	1	0.15	0.14042
GO:0002448	mast cell mediated immunity	6	1	0.15	0.14042
GO:0002695	negative regulation of leukocyte activat...	6	1	0.15	0.14042
GO:0006071	glycerol metabolic process	6	1	0.15	0.14042
GO:0006658	phosphatidylserine metabolic process	6	1	0.15	0.14042
GO:0006750	glutathione biosynthetic process	6	1	0.15	0.14042
GO:0007130	synaptonemal complex assembly	6	1	0.15	0.14042
GO:0010017	red or far-red light signaling pathway	6	1	0.15	0.14042
GO:0010091	trichome branching	6	1	0.15	0.14042
GO:0010218	response to far red light	6	1	0.15	0.14042
GO:0010269	response to selenium ion	6	1	0.15	0.14042
GO:0015801	aromatic amino acid transport	6	1	0.15	0.14042
GO:0015802	basic amino acid transport	6	1	0.15	0.14042
GO:0016119	carotene metabolic process	6	1	0.15	0.14042
GO:0016120	carotene biosynthetic process	6	1	0.15	0.14042
GO:0019374	galactolipid metabolic process	6	1	0.15	0.14042
GO:0030847	termination of RNA polymerase II transcr...	6	1	0.15	0.14042
GO:0033003	regulation of mast cell activation	6	1	0.15	0.14042
GO:0033006	regulation of mast cell activation invol...	6	1	0.15	0.14042
GO:0033119	negative regulation of RNA splicing	6	1	0.15	0.14042
GO:0034337	RNA folding	6	1	0.15	0.14042
GO:0035103	sterol regulatory element binding protei...	6	1	0.15	0.14042
GO:0035172	hemocyte proliferation	6	1	0.15	0.14042
GO:0042138	meiotic DNA double-strand break formatio...	6	1	0.15	0.14042
GO:0042311	vasodilation	6	1	0.15	0.14042
GO:0043300	regulation of leukocyte degranulation	6	1	0.15	0.14042
GO:0043303	mast cell degranulation	6	1	0.15	0.14042
GO:0043304	regulation of mast cell degranulation	6	1	0.15	0.14042
GO:0043536	positive regulation of blood vessel endo...	6	1	0.15	0.14042
GO:0043921	modulation by host of viral transcriptio...	6	1	0.15	0.14042
GO:0045116	protein neddylation	6	1	0.15	0.14042
GO:0045576	mast cell activation	6	1	0.15	0.14042
GO:0046246	terpene biosynthetic process	6	1	0.15	0.14042
GO:0046330	positive regulation of JNK cascade	6	1	0.15	0.14042
GO:0048525	negative regulation of viral process	6	1	0.15	0.14042
GO:0050434	positive regulation of viral transcripti...	6	1	0.15	0.14042
GO:0050686	negative regulation of mRNA processing	6	1	0.15	0.14042
GO:0052472	modulation by host of symbiont transcrip...	6	1	0.15	0.14042
GO:0055093	response to hyperoxia	6	1	0.15	0.14042
GO:0060256	regulation of flocculation	6	1	0.15	0.14042
GO:0060257	negative regulation of flocculation	6	1	0.15	0.14042
GO:0070058	tRNA gene clustering	6	1	0.15	0.14042
GO:0071044	histone mRNA catabolic process	6	1	0.15	0.14042
GO:0071489	cellular response to red or far red ligh...	6	1	0.15	0.14042
GO:1900460	negative regulation of invasive growth i...	6	1	0.15	0.14042
GO:1900462	negative regulation of pseudohyphal grow...	6	1	0.15	0.14042
GO:1901798	positive regulation of signal transducti...	6	1	0.15	0.14042
GO:1902175	regulation of oxidative stress-induced i...	6	1	0.15	0.14042
GO:1902253	regulation of intrinsic apoptotic signal...	6	1	0.15	0.14042
GO:1903146	regulation of autophagy of mitochondrion	6	1	0.15	0.14042
GO:1903428	positive regulation of reactive oxygen s...	6	1	0.15	0.14042
GO:1903576	response to L-arginine	6	1	0.15	0.14042
GO:1903651	positive regulation of cytoplasmic trans...	6	1	0.15	0.14042
GO:1903901	negative regulation of viral life cycle	6	1	0.15	0.14042
GO:2000218	negative regulation of invasive growth i...	6	1	0.15	0.14042
GO:0005976	polysaccharide metabolic process	53	3	1.32	0.14384
GO:0007405	neuroblast proliferation	27	2	0.67	0.14411
GO:0007591	molting cycle, chitin-based cuticle	27	2	0.67	0.14411
GO:0022404	molting cycle process	27	2	0.67	0.14411
GO:0042063	gliogenesis	27	2	0.67	0.14411
GO:0051607	defense response to virus	27	2	0.67	0.14411
GO:1901796	regulation of signal transduction by p53...	27	2	0.67	0.14411
GO:0010556	regulation of macromolecule biosynthetic...	598	19	14.88	0.14647
GO:1901605	alpha-amino acid metabolic process	144	6	3.58	0.14654
GO:0006355	regulation of transcription, DNA-templat...	417	14	10.38	0.14658
GO:0097237	cellular response to toxic substance	113	5	2.81	0.14837
GO:0046467	membrane lipid biosynthetic process	54	3	1.34	0.14972
GO:0071554	cell wall organization or biogenesis	54	3	1.34	0.14972
GO:0098869	cellular oxidant detoxification	54	3	1.34	0.14972
GO:0032774	RNA biosynthetic process	491	16	12.22	0.15084
GO:0051252	regulation of RNA metabolic process	491	16	12.22	0.15084
GO:0009889	regulation of biosynthetic process	675	21	16.8	0.15168
GO:0000245	spliceosomal complex assembly	28	2	0.7	0.15280
GO:0016574	histone ubiquitination	28	2	0.7	0.15280
GO:0018209	peptidyl-serine modification	84	4	2.09	0.15497
GO:1901215	negative regulation of neuron death	55	3	1.37	0.15567
GO:0071345	cellular response to cytokine stimulus	115	5	2.86	0.15629
GO:0051188	cofactor biosynthetic process	180	7	4.48	0.15805
GO:1903506	regulation of nucleic acid-templated tra...	423	14	10.53	0.15896
GO:0051604	protein maturation	85	4	2.12	0.15972
GO:2001141	regulation of RNA biosynthetic process	424	14	10.55	0.16107
GO:0003012	muscle system process	29	2	0.72	0.16160
GO:0006638	neutral lipid metabolic process	29	2	0.72	0.16160
GO:0006639	acylglycerol metabolic process	29	2	0.72	0.16160
GO:0015696	ammonium transport	29	2	0.72	0.16160
GO:0032527	protein exit from endoplasmic reticulum	29	2	0.72	0.16160
GO:0034243	regulation of transcription elongation f...	29	2	0.72	0.16160
GO:0071218	cellular response to misfolded protein	29	2	0.72	0.16160
GO:2000134	negative regulation of G1/S transition o...	29	2	0.72	0.16160
GO:2001242	regulation of intrinsic apoptotic signal...	29	2	0.72	0.16160
GO:0097193	intrinsic apoptotic signaling pathway	56	3	1.39	0.16170
GO:0000373	Group II intron splicing	7	1	0.17	0.16185
GO:0001836	release of cytochrome c from mitochondri...	7	1	0.17	0.16185
GO:0002367	cytokine production involved in immune r...	7	1	0.17	0.16185
GO:0002718	regulation of cytokine production involv...	7	1	0.17	0.16185
GO:0002886	regulation of myeloid leukocyte mediated...	7	1	0.17	0.16185
GO:0003073	regulation of systemic arterial blood pr...	7	1	0.17	0.16185
GO:0006207	'de novo' pyrimidine nucleobase biosynth...	7	1	0.17	0.16185
GO:0007595	lactation	7	1	0.17	0.16185
GO:0009220	pyrimidine ribonucleotide biosynthetic p...	7	1	0.17	0.16185
GO:0010051	xylem and phloem pattern formation	7	1	0.17	0.16185
GO:0010090	trichome morphogenesis	7	1	0.17	0.16185
GO:0010114	response to red light	7	1	0.17	0.16185
GO:0014009	glial cell proliferation	7	1	0.17	0.16185
GO:0019400	alditol metabolic process	7	1	0.17	0.16185
GO:0019856	pyrimidine nucleobase biosynthetic proce...	7	1	0.17	0.16185
GO:0032480	negative regulation of type I interferon...	7	1	0.17	0.16185
GO:0035722	interleukin-12-mediated signaling pathwa...	7	1	0.17	0.16185
GO:0035902	response to immobilization stress	7	1	0.17	0.16185
GO:0036166	phenotypic switching	7	1	0.17	0.16185
GO:0042246	tissue regeneration	7	1	0.17	0.16185
GO:0043123	positive regulation of I-kappaB kinase/N...	7	1	0.17	0.16185
GO:0043137	DNA replication, removal of RNA primer	7	1	0.17	0.16185
GO:0043649	dicarboxylic acid catabolic process	7	1	0.17	0.16185
GO:0045428	regulation of nitric oxide biosynthetic ...	7	1	0.17	0.16185
GO:0045901	positive regulation of translational elo...	7	1	0.17	0.16185
GO:0045920	negative regulation of exocytosis	7	1	0.17	0.16185
GO:0048661	positive regulation of smooth muscle cel...	7	1	0.17	0.16185
GO:0050667	homocysteine metabolic process	7	1	0.17	0.16185
GO:0051274	beta-glucan biosynthetic process	7	1	0.17	0.16185
GO:0051974	negative regulation of telomerase activi...	7	1	0.17	0.16185
GO:0052312	modulation of transcription in other org...	7	1	0.17	0.16185
GO:0070671	response to interleukin-12	7	1	0.17	0.16185
GO:0070785	negative regulation of growth of unicell...	7	1	0.17	0.16185
GO:0071349	cellular response to interleukin-12	7	1	0.17	0.16185
GO:0098917	retrograde trans-synaptic signaling	7	1	0.17	0.16185
GO:1902041	regulation of extrinsic apoptotic signal...	7	1	0.17	0.16185
GO:1902042	negative regulation of extrinsic apoptot...	7	1	0.17	0.16185
GO:1903670	regulation of sprouting angiogenesis	7	1	0.17	0.16185
GO:2000221	negative regulation of pseudohyphal grow...	7	1	0.17	0.16185
GO:0009063	cellular amino acid catabolic process	57	3	1.42	0.16780
GO:0006915	apoptotic process	286	10	7.12	0.16948
GO:0010508	positive regulation of autophagy	30	2	0.75	0.17049
GO:0032418	lysosome localization	30	2	0.75	0.17049
GO:0043523	regulation of neuron apoptotic process	30	2	0.75	0.17049
GO:0051788	response to misfolded protein	30	2	0.75	0.17049
GO:1901568	fatty acid derivative metabolic process	30	2	0.75	0.17049
GO:1902807	negative regulation of cell cycle G1/S p...	30	2	0.75	0.17049
GO:0035556	intracellular signal transduction	322	11	8.01	0.17197
GO:0097190	apoptotic signaling pathway	88	4	2.19	0.17430
GO:0006082	organic acid metabolic process	431	14	10.72	0.17632
GO:0043436	oxoacid metabolic process	431	14	10.72	0.17632
GO:0008652	cellular amino acid biosynthetic process	89	4	2.21	0.17926
GO:0046686	response to cadmium ion	89	4	2.21	0.17926
GO:1902806	regulation of cell cycle G1/S phase tran...	59	3	1.47	0.18020
GO:0009058	biosynthetic process	1547	43	38.49	0.18201
GO:0000303	response to superoxide	8	1	0.2	0.18275
GO:0001938	positive regulation of endothelial cell ...	8	1	0.2	0.18275
GO:0002753	cytoplasmic pattern recognition receptor...	8	1	0.2	0.18275
GO:0002832	negative regulation of response to bioti...	8	1	0.2	0.18275
GO:0006285	base-excision repair, AP site formation	8	1	0.2	0.18275
GO:0006337	nucleosome disassembly	8	1	0.2	0.18275
GO:0006591	ornithine metabolic process	8	1	0.2	0.18275
GO:0006768	biotin metabolic process	8	1	0.2	0.18275
GO:0007215	glutamate receptor signaling pathway	8	1	0.2	0.18275
GO:0007289	spermatid nucleus differentiation	8	1	0.2	0.18275
GO:0008631	intrinsic apoptotic signaling pathway in...	8	1	0.2	0.18275
GO:0009832	plant-type cell wall biogenesis	8	1	0.2	0.18275
GO:0010087	phloem or xylem histogenesis	8	1	0.2	0.18275
GO:0010374	stomatal complex development	8	1	0.2	0.18275
GO:0014013	regulation of gliogenesis	8	1	0.2	0.18275
GO:0019184	nonribosomal peptide biosynthetic proces...	8	1	0.2	0.18275
GO:0019369	arachidonic acid metabolic process	8	1	0.2	0.18275
GO:0019430	removal of superoxide radicals	8	1	0.2	0.18275
GO:0031113	regulation of microtubule polymerization	8	1	0.2	0.18275
GO:0031498	chromatin disassembly	8	1	0.2	0.18275
GO:0031640	killing of cells of other organism	8	1	0.2	0.18275
GO:0034475	U4 snRNA 3'-end processing	8	1	0.2	0.18275
GO:0035337	fatty-acyl-CoA metabolic process	8	1	0.2	0.18275
GO:0042214	terpene metabolic process	8	1	0.2	0.18275
GO:0043001	Golgi to plasma membrane protein transpo...	8	1	0.2	0.18275
GO:0043534	blood vessel endothelial cell migration	8	1	0.2	0.18275
GO:0043535	regulation of blood vessel endothelial c...	8	1	0.2	0.18275
GO:0044364	disruption of cells of other organism	8	1	0.2	0.18275
GO:0045022	early endosome to late endosome transpor...	8	1	0.2	0.18275
GO:0046174	polyol catabolic process	8	1	0.2	0.18275
GO:0048520	positive regulation of behavior	8	1	0.2	0.18275
GO:0050866	negative regulation of cell activation	8	1	0.2	0.18275
GO:0051602	response to electrical stimulus	8	1	0.2	0.18275
GO:0061951	establishment of protein localization to...	8	1	0.2	0.18275
GO:0070193	synaptonemal complex organization	8	1	0.2	0.18275
GO:0071265	L-methionine biosynthetic process	8	1	0.2	0.18275
GO:0071450	cellular response to oxygen radical	8	1	0.2	0.18275
GO:0071451	cellular response to superoxide	8	1	0.2	0.18275
GO:0097006	regulation of plasma lipoprotein particl...	8	1	0.2	0.18275
GO:1903649	regulation of cytoplasmic transport	8	1	0.2	0.18275
GO:2000234	positive regulation of rRNA processing	8	1	0.2	0.18275
GO:2000379	positive regulation of reactive oxygen s...	8	1	0.2	0.18275
GO:0001944	vasculature development	60	3	1.49	0.18649
GO:0000096	sulfur amino acid metabolic process	32	2	0.8	0.18850
GO:0006073	cellular glucan metabolic process	32	2	0.8	0.18850
GO:0009826	unidimensional cell growth	32	2	0.8	0.18850
GO:0030335	positive regulation of cell migration	32	2	0.8	0.18850
GO:0032784	regulation of DNA-templated transcriptio...	32	2	0.8	0.18850
GO:0033692	cellular polysaccharide biosynthetic pro...	32	2	0.8	0.18850
GO:0043393	regulation of protein binding	32	2	0.8	0.18850
GO:0051402	neuron apoptotic process	32	2	0.8	0.18850
GO:0055072	iron ion homeostasis	32	2	0.8	0.18850
GO:0072089	stem cell proliferation	32	2	0.8	0.18850
GO:0051240	positive regulation of multicellular org...	190	7	4.73	0.19142
GO:0046700	heterocycle catabolic process	259	9	6.44	0.19158
GO:0006614	SRP-dependent cotranslational protein ta...	61	3	1.52	0.19285
GO:0009410	response to xenobiotic stimulus	61	3	1.52	0.19285
GO:0061061	muscle structure development	61	3	1.52	0.19285
GO:1902533	positive regulation of intracellular sig...	92	4	2.29	0.19443
GO:0034645	cellular macromolecule biosynthetic proc...	967	28	24.06	0.19681
GO:0001819	positive regulation of cytokine producti...	33	2	0.82	0.19760
GO:0043405	regulation of MAP kinase activity	33	2	0.82	0.19760
GO:0071852	fungal-type cell wall organization or bi...	33	2	0.82	0.19760
GO:2000242	negative regulation of reproductive proc...	33	2	0.82	0.19760
GO:0006401	RNA catabolic process	158	6	3.93	0.19785
GO:0031401	positive regulation of protein modificat...	158	6	3.93	0.19785
GO:0043900	regulation of multi-organism process	125	5	3.11	0.19842
GO:0043066	negative regulation of apoptotic process	126	5	3.14	0.20285
GO:0000305	response to oxygen radical	9	1	0.22	0.20313
GO:0000395	mRNA 5'-splice site recognition	9	1	0.22	0.20313
GO:0001936	regulation of endothelial cell prolifera...	9	1	0.22	0.20313
GO:0002685	regulation of leukocyte migration	9	1	0.22	0.20313
GO:0006560	proline metabolic process	9	1	0.22	0.20313
GO:0006563	L-serine metabolic process	9	1	0.22	0.20313
GO:0006655	phosphatidylglycerol biosynthetic proces...	9	1	0.22	0.20313
GO:0006797	polyphosphate metabolic process	9	1	0.22	0.20313
GO:0006991	response to sterol depletion	9	1	0.22	0.20313
GO:0007114	cell budding	9	1	0.22	0.20313
GO:0009867	jasmonic acid mediated signaling pathway	9	1	0.22	0.20313
GO:0010032	meiotic chromosome condensation	9	1	0.22	0.20313
GO:0010595	positive regulation of endothelial cell ...	9	1	0.22	0.20313
GO:0016180	snRNA processing	9	1	0.22	0.20313
GO:0019627	urea metabolic process	9	1	0.22	0.20313
GO:0030856	regulation of epithelial cell differenti...	9	1	0.22	0.20313
GO:0032874	positive regulation of stress-activated ...	9	1	0.22	0.20313
GO:0032933	SREBP signaling pathway	9	1	0.22	0.20313
GO:0032986	protein-DNA complex disassembly	9	1	0.22	0.20313
GO:0033567	DNA replication, Okazaki fragment proces...	9	1	0.22	0.20313
GO:0034472	snRNA 3'-end processing	9	1	0.22	0.20313
GO:0035094	response to nicotine	9	1	0.22	0.20313
GO:0036244	cellular response to neutral pH	9	1	0.22	0.20313
GO:0043122	regulation of I-kappaB kinase/NF-kappaB ...	9	1	0.22	0.20313
GO:0043634	polyadenylation-dependent ncRNA cataboli...	9	1	0.22	0.20313
GO:0045604	regulation of epidermal cell differentia...	9	1	0.22	0.20313
GO:0045682	regulation of epidermis development	9	1	0.22	0.20313
GO:0046461	neutral lipid catabolic process	9	1	0.22	0.20313
GO:0046464	acylglycerol catabolic process	9	1	0.22	0.20313
GO:0048762	mesenchymal cell differentiation	9	1	0.22	0.20313
GO:0050688	regulation of defense response to virus	9	1	0.22	0.20313
GO:0051153	regulation of striated muscle cell diffe...	9	1	0.22	0.20313
GO:0051273	beta-glucan metabolic process	9	1	0.22	0.20313
GO:0060258	negative regulation of filamentous growt...	9	1	0.22	0.20313
GO:0070304	positive regulation of stress-activated ...	9	1	0.22	0.20313
GO:0071029	nuclear ncRNA surveillance	9	1	0.22	0.20313
GO:0071035	nuclear polyadenylation-dependent rRNA c...	9	1	0.22	0.20313
GO:0071038	nuclear polyadenylation-dependent tRNA c...	9	1	0.22	0.20313
GO:0071046	nuclear polyadenylation-dependent ncRNA ...	9	1	0.22	0.20313
GO:0071051	polyadenylation-dependent snoRNA 3'-end ...	9	1	0.22	0.20313
GO:0071281	cellular response to iron ion	9	1	0.22	0.20313
GO:0071501	cellular response to sterol depletion	9	1	0.22	0.20313
GO:1900429	negative regulation of filamentous growt...	9	1	0.22	0.20313
GO:1903305	regulation of regulated secretory pathwa...	9	1	0.22	0.20313
GO:1904019	epithelial cell apoptotic process	9	1	0.22	0.20313
GO:1904035	regulation of epithelial cell apoptotic ...	9	1	0.22	0.20313
GO:2000220	regulation of pseudohyphal growth	9	1	0.22	0.20313
GO:0044249	cellular biosynthetic process	1521	42	37.85	0.20366
GO:0006613	cotranslational protein targeting to mem...	63	3	1.57	0.20571
GO:0006643	membrane lipid metabolic process	63	3	1.57	0.20571
GO:0019219	regulation of nucleobase-containing comp...	592	18	14.73	0.20631
GO:0006515	protein quality control for misfolded or...	34	2	0.85	0.20676
GO:0061351	neural precursor cell proliferation	34	2	0.85	0.20676
GO:2000147	positive regulation of cell motility	34	2	0.85	0.20676
GO:0044419	interspecies interaction between organis...	161	6	4.01	0.20966
GO:0008283	cell proliferation	265	9	6.59	0.20984
GO:0001666	response to hypoxia	64	3	1.59	0.21222
GO:0007584	response to nutrient	64	3	1.59	0.21222
GO:0034504	protein localization to nucleus	64	3	1.59	0.21222
GO:0051247	positive regulation of protein metabolic...	302	10	7.51	0.21425
GO:0009658	chloroplast organization	35	2	0.87	0.21596
GO:0019985	translesion synthesis	35	2	0.87	0.21596
GO:0034637	cellular carbohydrate biosynthetic proce...	35	2	0.87	0.21596
GO:0050792	regulation of viral process	35	2	0.87	0.21596
GO:0010948	negative regulation of cell cycle proces...	129	5	3.21	0.21631
GO:0031667	response to nutrient levels	232	8	5.77	0.21695
GO:0051098	regulation of binding	65	3	1.62	0.21877
GO:0006790	sulfur compound metabolic process	164	6	4.08	0.22172
GO:0000272	polysaccharide catabolic process	10	1	0.25	0.22302
GO:0000467	exonucleolytic trimming to generate matu...	10	1	0.25	0.22302
GO:0002040	sprouting angiogenesis	10	1	0.25	0.22302
GO:0006893	Golgi to plasma membrane transport	10	1	0.25	0.22302
GO:0006959	humoral immune response	10	1	0.25	0.22302
GO:0007588	excretion	10	1	0.25	0.22302
GO:0007589	body fluid secretion	10	1	0.25	0.22302
GO:0008625	extrinsic apoptotic signaling pathway vi...	10	1	0.25	0.22302
GO:0009251	glucan catabolic process	10	1	0.25	0.22302
GO:0009309	amine biosynthetic process	10	1	0.25	0.22302
GO:0016078	tRNA catabolic process	10	1	0.25	0.22302
GO:0031062	positive regulation of histone methylati...	10	1	0.25	0.22302
GO:0032365	intracellular lipid transport	10	1	0.25	0.22302
GO:0035510	DNA dealkylation	10	1	0.25	0.22302
GO:0036177	filamentous growth of a population of un...	10	1	0.25	0.22302
GO:0036178	filamentous growth of a population of un...	10	1	0.25	0.22302
GO:0036296	response to increased oxygen levels	10	1	0.25	0.22302
GO:0042401	cellular biogenic amine biosynthetic pro...	10	1	0.25	0.22302
GO:0043633	polyadenylation-dependent RNA catabolic ...	10	1	0.25	0.22302
GO:0045598	regulation of fat cell differentiation	10	1	0.25	0.22302
GO:0046503	glycerolipid catabolic process	10	1	0.25	0.22302
GO:0051055	negative regulation of lipid biosyntheti...	10	1	0.25	0.22302
GO:0051092	positive regulation of NF-kappaB transcr...	10	1	0.25	0.22302
GO:0070734	histone H3-K27 methylation	10	1	0.25	0.22302
GO:0071042	nuclear polyadenylation-dependent mRNA c...	10	1	0.25	0.22302
GO:0071047	polyadenylation-dependent mRNA catabolic...	10	1	0.25	0.22302
GO:0071073	positive regulation of phospholipid bios...	10	1	0.25	0.22302
GO:0071395	cellular response to jasmonic acid stimu...	10	1	0.25	0.22302
GO:0071941	nitrogen cycle metabolic process	10	1	0.25	0.22302
GO:1903727	positive regulation of phospholipid meta...	10	1	0.25	0.22302
GO:0000271	polysaccharide biosynthetic process	36	2	0.9	0.22520
GO:0007626	locomotory behavior	36	2	0.9	0.22520
GO:0042133	neurotransmitter metabolic process	36	2	0.9	0.22520
GO:0045926	negative regulation of growth	36	2	0.9	0.22520
GO:0035967	cellular response to topologically incor...	66	3	1.64	0.22537
GO:0043543	protein acylation	66	3	1.64	0.22537
GO:0009059	macromolecule biosynthetic process	983	28	24.46	0.22558
GO:0016054	organic acid catabolic process	98	4	2.44	0.22590
GO:0046395	carboxylic acid catabolic process	98	4	2.44	0.22590
GO:0045935	positive regulation of nucleobase-contai...	306	10	7.61	0.22618
GO:0014074	response to purine-containing compound	67	3	1.67	0.23200
GO:0030433	ubiquitin-dependent ERAD pathway	67	3	1.67	0.23200
GO:1901214	regulation of neuron death	67	3	1.67	0.23200
GO:0051173	positive regulation of nitrogen compound...	529	16	13.16	0.23283
GO:0002697	regulation of immune effector process	37	2	0.92	0.23448
GO:0009247	glycolipid biosynthetic process	37	2	0.92	0.23448
GO:0051187	cofactor catabolic process	37	2	0.92	0.23448
GO:0010562	positive regulation of phosphorus metabo...	133	5	3.31	0.23469
GO:0045937	positive regulation of phosphate metabol...	133	5	3.31	0.23469
GO:0008219	cell death	382	12	9.51	0.23581
GO:0010506	regulation of autophagy	100	4	2.49	0.23668
GO:0048812	neuron projection morphogenesis	100	4	2.49	0.23668
GO:0034655	nucleobase-containing compound catabolic...	238	8	5.92	0.23755
GO:0007409	axonogenesis	68	3	1.69	0.23868
GO:0016579	protein deubiquitination	68	3	1.69	0.23868
GO:0016999	antibiotic metabolic process	68	3	1.69	0.23868
GO:0050832	defense response to fungus	68	3	1.69	0.23868
GO:0006935	chemotaxis	101	4	2.51	0.24212
GO:0001935	endothelial cell proliferation	11	1	0.27	0.24241
GO:0006526	arginine biosynthetic process	11	1	0.27	0.24241
GO:0006809	nitric oxide biosynthetic process	11	1	0.27	0.24241
GO:0007124	pseudohyphal growth	11	1	0.27	0.24241
GO:0007249	I-kappaB kinase/NF-kappaB signaling	11	1	0.27	0.24241
GO:0009086	methionine biosynthetic process	11	1	0.27	0.24241
GO:0009630	gravitropism	11	1	0.27	0.24241
GO:0009860	pollen tube growth	11	1	0.27	0.24241
GO:0009926	auxin polar transport	11	1	0.27	0.24241
GO:0009933	meristem structural organization	11	1	0.27	0.24241
GO:0010042	response to manganese ion	11	1	0.27	0.24241
GO:0010594	regulation of endothelial cell migration	11	1	0.27	0.24241
GO:0010634	positive regulation of epithelial cell m...	11	1	0.27	0.24241
GO:0010656	negative regulation of muscle cell apopt...	11	1	0.27	0.24241
GO:0021549	cerebellum development	11	1	0.27	0.24241
GO:0022037	metencephalon development	11	1	0.27	0.24241
GO:0033574	response to testosterone	11	1	0.27	0.24241
GO:0036176	response to neutral pH	11	1	0.27	0.24241
GO:0043392	negative regulation of DNA binding	11	1	0.27	0.24241
GO:0043937	regulation of sporulation	11	1	0.27	0.24241
GO:0046164	alcohol catabolic process	11	1	0.27	0.24241
GO:0046339	diacylglycerol metabolic process	11	1	0.27	0.24241
GO:0070317	negative regulation of G0 to G1 transiti...	11	1	0.27	0.24241
GO:0071071	regulation of phospholipid biosynthetic ...	11	1	0.27	0.24241
GO:0071966	fungal-type cell wall polysaccharide met...	11	1	0.27	0.24241
GO:0090070	positive regulation of ribosome biogenes...	11	1	0.27	0.24241
GO:0098927	vesicle-mediated transport between endos...	11	1	0.27	0.24241
GO:1903202	negative regulation of oxidative stress-...	11	1	0.27	0.24241
GO:2001244	positive regulation of intrinsic apoptot...	11	1	0.27	0.24241
GO:0031325	positive regulation of cellular metaboli...	571	17	14.21	0.24349
GO:0008333	endosome to lysosome transport	38	2	0.95	0.24377
GO:0051099	positive regulation of binding	38	2	0.95	0.24377
GO:0043069	negative regulation of programmed cell d...	135	5	3.36	0.24405
GO:0009991	response to extracellular stimulus	240	8	5.97	0.24457
GO:0036293	response to decreased oxygen levels	69	3	1.72	0.24538
GO:0072358	cardiovascular system development	69	3	1.72	0.24538
GO:0120039	plasma membrane bounded cell projection ...	102	4	2.54	0.24759
GO:0018205	peptidyl-lysine modification	136	5	3.38	0.24877
GO:0001558	regulation of cell growth	70	3	1.74	0.25212
GO:0070997	neuron death	70	3	1.74	0.25212
GO:0048858	cell projection morphogenesis	103	4	2.56	0.25308
GO:0000731	DNA synthesis involved in DNA repair	39	2	0.97	0.25309
GO:0002683	negative regulation of immune system pro...	39	2	0.97	0.25309
GO:0003013	circulatory system process	39	2	0.97	0.25309
GO:0006664	glycolipid metabolic process	39	2	0.97	0.25309
GO:0008015	blood circulation	39	2	0.97	0.25309
GO:0009069	serine family amino acid metabolic proce...	39	2	0.97	0.25309
GO:0034968	histone lysine methylation	39	2	0.97	0.25309
GO:0042303	molting cycle	39	2	0.97	0.25309
GO:0043410	positive regulation of MAPK cascade	39	2	0.97	0.25309
GO:0043903	regulation of symbiosis, encompassing mu...	39	2	0.97	0.25309
GO:0051272	positive regulation of cellular componen...	39	2	0.97	0.25309
GO:1903509	liposaccharide metabolic process	39	2	0.97	0.25309
GO:0000902	cell morphogenesis	207	7	5.15	0.25403
GO:1901565	organonitrogen compound catabolic proces...	389	12	9.68	0.25558
GO:0009620	response to fungus	71	3	1.77	0.25889
GO:1902275	regulation of chromatin organization	71	3	1.77	0.25889
GO:0000266	mitochondrial fission	12	1	0.3	0.26133
GO:0000459	exonucleolytic trimming involved in rRNA...	12	1	0.3	0.26133
GO:0006390	mitochondrial transcription	12	1	0.3	0.26133
GO:0006534	cysteine metabolic process	12	1	0.3	0.26133
GO:0006656	phosphatidylcholine biosynthetic process	12	1	0.3	0.26133
GO:0009074	aromatic amino acid family catabolic pro...	12	1	0.3	0.26133
GO:0009403	toxin biosynthetic process	12	1	0.3	0.26133
GO:0009635	response to herbicide	12	1	0.3	0.26133
GO:0010026	trichome differentiation	12	1	0.3	0.26133
GO:0015914	phospholipid transport	12	1	0.3	0.26133
GO:0019755	one-carbon compound transport	12	1	0.3	0.26133
GO:0032273	positive regulation of protein polymeriz...	12	1	0.3	0.26133
GO:0034656	nucleobase-containing small molecule cat...	12	1	0.3	0.26133
GO:0042144	vacuole fusion, non-autophagic	12	1	0.3	0.26133
GO:0045023	G0 to G1 transition	12	1	0.3	0.26133
GO:0045117	azole transport	12	1	0.3	0.26133
GO:0046134	pyrimidine nucleoside biosynthetic proce...	12	1	0.3	0.26133
GO:0046328	regulation of JNK cascade	12	1	0.3	0.26133
GO:0046471	phosphatidylglycerol metabolic process	12	1	0.3	0.26133
GO:0050679	positive regulation of epithelial cell p...	12	1	0.3	0.26133
GO:0051702	interaction with symbiont	12	1	0.3	0.26133
GO:0051851	modification by host of symbiont morphol...	12	1	0.3	0.26133
GO:0060918	auxin transport	12	1	0.3	0.26133
GO:0070316	regulation of G0 to G1 transition	12	1	0.3	0.26133
GO:0071669	plant-type cell wall organization or bio...	12	1	0.3	0.26133
GO:0097576	vacuole fusion	12	1	0.3	0.26133
GO:0098876	vesicle-mediated transport to the plasma...	12	1	0.3	0.26133
GO:1900408	negative regulation of cellular response...	12	1	0.3	0.26133
GO:1902692	regulation of neuroblast proliferation	12	1	0.3	0.26133
GO:1903426	regulation of reactive oxygen species bi...	12	1	0.3	0.26133
GO:1903725	regulation of phospholipid metabolic pro...	12	1	0.3	0.26133
GO:1904667	negative regulation of ubiquitin protein...	12	1	0.3	0.26133
GO:2000232	regulation of rRNA processing	12	1	0.3	0.26133
GO:0009908	flower development	40	2	1	0.26241
GO:0051445	regulation of meiotic cell cycle	40	2	1	0.26241
GO:0045944	positive regulation of transcription by ...	139	5	3.46	0.26307
GO:0044255	cellular lipid metabolic process	282	9	7.02	0.26518
GO:0016241	regulation of macroautophagy	72	3	1.79	0.26568
GO:0060560	developmental growth involved in morphog...	72	3	1.79	0.26568
GO:0034976	response to endoplasmic reticulum stress	140	5	3.48	0.26788
GO:0010468	regulation of gene expression	734	21	18.26	0.26844
GO:0006325	chromatin organization	247	8	6.15	0.26968
GO:0007034	vacuolar transport	106	4	2.64	0.26972
GO:0032990	cell part morphogenesis	106	4	2.64	0.26972
GO:0051093	negative regulation of developmental pro...	106	4	2.64	0.26972
GO:0042391	regulation of membrane potential	41	2	1.02	0.27174
GO:0048872	homeostasis of number of cells	41	2	1.02	0.27174
GO:0090567	reproductive shoot system development	41	2	1.02	0.27174
GO:0051094	positive regulation of developmental pro...	176	6	4.38	0.27212
GO:0060548	negative regulation of cell death	177	6	4.4	0.27645
GO:0000904	cell morphogenesis involved in different...	142	5	3.53	0.27756
GO:0035966	response to topologically incorrect prot...	74	3	1.84	0.27933
GO:0036503	ERAD pathway	74	3	1.84	0.27933
GO:0045047	protein targeting to ER	74	3	1.84	0.27933
GO:0006206	pyrimidine nucleobase metabolic process	13	1	0.32	0.27978
GO:0006570	tyrosine metabolic process	13	1	0.32	0.27978
GO:0008637	apoptotic mitochondrial changes	13	1	0.32	0.27978
GO:0010039	response to iron ion	13	1	0.32	0.27978
GO:0010053	root epidermal cell differentiation	13	1	0.32	0.27978
GO:0030336	negative regulation of cell migration	13	1	0.32	0.27978
GO:0031000	response to caffeine	13	1	0.32	0.27978
GO:0031126	snoRNA 3'-end processing	13	1	0.32	0.27978
GO:0032435	negative regulation of proteasomal ubiqu...	13	1	0.32	0.27978
GO:0032875	regulation of DNA endoreduplication	13	1	0.32	0.27978
GO:0036180	filamentous growth of a population of un...	13	1	0.32	0.27978
GO:0036270	response to diuretic	13	1	0.32	0.27978
GO:0042168	heme metabolic process	13	1	0.32	0.27978
GO:0043627	response to estrogen	13	1	0.32	0.27978
GO:0043935	sexual sporulation resulting in formatio...	13	1	0.32	0.27978
GO:0045448	mitotic cell cycle, embryonic	13	1	0.32	0.27978
GO:0045766	positive regulation of angiogenesis	13	1	0.32	0.27978
GO:0046209	nitric oxide metabolic process	13	1	0.32	0.27978
