GO.ID	Term	Annotated	Significant	Expected	classic
GO:0006399	tRNA metabolic process	128	56	35.99	8.2e-05
GO:0034660	ncRNA metabolic process	359	132	100.94	9.7e-05
GO:0034470	ncRNA processing	274	103	77.04	0.00024
GO:0043038	amino acid activation	33	19	9.28	0.00035
GO:0043039	tRNA aminoacylation	33	19	9.28	0.00035
GO:0009451	RNA modification	100	44	28.12	0.00041
GO:0006418	tRNA aminoacylation for protein translat...	31	18	8.72	0.00043
GO:0006396	RNA processing	448	156	125.97	0.00050
GO:0033260	nuclear DNA replication	44	23	12.37	0.00057
GO:0006139	nucleobase-containing compound metabolic...	1401	435	393.94	0.00068
GO:0046483	heterocycle metabolic process	1518	467	426.83	0.00092
GO:1902969	mitotic DNA replication	35	19	9.84	0.00094
GO:0042306	regulation of protein import into nucleu...	12	9	3.37	0.00099
GO:0035710	CD4-positive, alpha-beta T cell activati...	5	5	1.41	0.00174
GO:0006725	cellular aromatic compound metabolic pro...	1530	467	430.21	0.00219
GO:0042455	ribonucleoside biosynthetic process	22	13	6.19	0.00222
GO:0034641	cellular nitrogen compound metabolic pro...	1691	512	475.48	0.00231
GO:0000060	protein import into nucleus, translocati...	11	8	3.09	0.00269
GO:0050680	negative regulation of epithelial cell p...	11	8	3.09	0.00269
GO:1901360	organic cyclic compound metabolic proces...	1590	483	447.08	0.00272
GO:0044238	primary metabolic process	2408	708	677.09	0.00276
GO:0006359	regulation of transcription by RNA polym...	9	7	2.53	0.00281
GO:0016070	RNA metabolic process	971	306	273.03	0.00289
GO:0009416	response to light stimulus	166	63	46.68	0.00308
GO:0071704	organic substance metabolic process	2537	742	713.36	0.00312
GO:0090304	nucleic acid metabolic process	1156	359	325.05	0.00321
GO:0051603	proteolysis involved in cellular protein...	242	87	68.05	0.00355
GO:0015893	drug transport	52	24	14.62	0.00395
GO:0032091	negative regulation of protein binding	16	10	4.5	0.00419
GO:1904589	regulation of protein import	16	10	4.5	0.00419
GO:0071559	response to transforming growth factor b...	21	12	5.9	0.00481
GO:0071560	cellular response to transforming growth...	21	12	5.9	0.00481
GO:0009163	nucleoside biosynthetic process	26	14	7.31	0.00488
GO:0043928	exonucleolytic nuclear-transcribed mRNA ...	26	14	7.31	0.00488
GO:1900180	regulation of protein localization to nu...	26	14	7.31	0.00488
GO:0051241	negative regulation of multicellular org...	117	46	32.9	0.00506
GO:0009314	response to radiation	213	77	59.89	0.00509
GO:0030163	protein catabolic process	287	100	80.7	0.00545
GO:0051100	negative regulation of binding	29	15	8.15	0.00591
GO:0002573	myeloid leukocyte differentiation	12	8	3.37	0.00609
GO:0008616	queuosine biosynthetic process	4	4	1.12	0.00622
GO:0043367	CD4-positive, alpha-beta T cell differen...	4	4	1.12	0.00622
GO:0046037	GMP metabolic process	4	4	1.12	0.00622
GO:0046116	queuosine metabolic process	4	4	1.12	0.00622
GO:0097720	calcineurin-mediated signaling	4	4	1.12	0.00622
GO:1902298	cell cycle DNA replication maintenance o...	4	4	1.12	0.00622
GO:1990426	mitotic recombination-dependent replicat...	4	4	1.12	0.00622
GO:1990505	mitotic DNA replication maintenance of f...	4	4	1.12	0.00622
GO:0044257	cellular protein catabolic process	256	90	71.98	0.00627
GO:0043632	modification-dependent macromolecule cat...	231	82	64.95	0.00675
GO:0009116	nucleoside metabolic process	54	24	15.18	0.00710
GO:0046460	neutral lipid biosynthetic process	10	7	2.81	0.00710
GO:0046463	acylglycerol biosynthetic process	10	7	2.81	0.00710
GO:0070534	protein K63-linked ubiquitination	10	7	2.81	0.00710
GO:0045732	positive regulation of protein catabolic...	86	35	24.18	0.00737
GO:0019432	triglyceride biosynthetic process	8	6	2.25	0.00792
GO:0042307	positive regulation of protein import in...	8	6	2.25	0.00792
GO:0051590	positive regulation of neurotransmitter ...	8	6	2.25	0.00792
GO:0002286	T cell activation involved in immune res...	6	5	1.69	0.00802
GO:0045945	positive regulation of transcription by ...	6	5	1.69	0.00802
GO:1904669	ATP export	6	5	1.69	0.00802
GO:2000678	negative regulation of transcription reg...	6	5	1.69	0.00802
GO:0006807	nitrogen compound metabolic process	2316	679	651.22	0.00822
GO:0000462	maturation of SSU-rRNA from tricistronic...	69	29	19.4	0.00844
GO:0008033	tRNA processing	72	30	20.25	0.00861
GO:1901657	glycosyl compound metabolic process	72	30	20.25	0.00861
GO:0010467	gene expression	1148	352	322.8	0.00956
GO:0031297	replication fork processing	15	9	4.22	0.00958
GO:0090316	positive regulation of intracellular pro...	25	13	7.03	0.00967
GO:0001933	negative regulation of protein phosphory...	61	26	17.15	0.00998
GO:0009119	ribonucleoside metabolic process	47	21	13.22	0.01068
GO:1901659	glycosyl compound biosynthetic process	36	17	10.12	0.01100
GO:0006479	protein methylation	79	32	22.21	0.01100
GO:0008213	protein alkylation	79	32	22.21	0.01100
GO:0050678	regulation of epithelial cell proliferat...	23	12	6.47	0.01240
GO:0019941	modification-dependent protein catabolic...	220	77	61.86	0.01257
GO:1904951	positive regulation of establishment of ...	62	26	17.43	0.01271
GO:0018991	oviposition	18	10	5.06	0.01291
GO:0042326	negative regulation of phosphorylation	65	27	18.28	0.01295
GO:0042274	ribosomal small subunit biogenesis	107	41	30.09	0.01299
GO:0015931	nucleobase-containing compound transport	123	46	34.59	0.01439
GO:0006511	ubiquitin-dependent protein catabolic pr...	218	76	61.3	0.01454
GO:0000469	cleavage involved in rRNA processing	51	22	14.34	0.01462
GO:0051222	positive regulation of protein transport	51	22	14.34	0.01462
GO:1903825	organic acid transmembrane transport	51	22	14.34	0.01462
GO:0034698	response to gonadotropin	11	7	3.09	0.01482
GO:0042059	negative regulation of epidermal growth ...	11	7	3.09	0.01482
GO:1901185	negative regulation of ERBB signaling pa...	11	7	3.09	0.01482
GO:0006400	tRNA modification	60	25	16.87	0.01577
GO:0044237	cellular metabolic process	2619	758	736.42	0.01593
GO:0006641	triglyceride metabolic process	21	11	5.9	0.01593
GO:0031060	regulation of histone methylation	21	11	5.9	0.01593
GO:0051347	positive regulation of transferase activ...	99	38	27.84	0.01595
GO:0009908	flower development	40	18	11.25	0.01613
GO:0006638	neutral lipid metabolic process	29	14	8.15	0.01629
GO:0006639	acylglycerol metabolic process	29	14	8.15	0.01629
GO:0050673	epithelial cell proliferation	29	14	8.15	0.01629
GO:0007179	transforming growth factor beta receptor...	16	9	4.5	0.01650
GO:0032201	telomere maintenance via semi-conservati...	16	9	4.5	0.01650
GO:0030490	maturation of SSU-rRNA	81	32	22.78	0.01653
GO:0006364	rRNA processing	200	70	56.24	0.01694
GO:1905039	carboxylic acid transmembrane transport	46	20	12.93	0.01770
GO:0000911	cytokinesis by cell plate formation	9	6	2.53	0.01813
GO:0097529	myeloid leukocyte migration	9	6	2.53	0.01813
GO:0051047	positive regulation of secretion	49	21	13.78	0.01830
GO:1990823	response to leukemia inhibitory factor	24	12	6.75	0.01859
GO:1990830	cellular response to leukemia inhibitory...	24	12	6.75	0.01859
GO:0000466	maturation of 5.8S rRNA from tricistroni...	55	23	15.47	0.01921
GO:0031123	RNA 3'-end processing	55	23	15.47	0.01921
GO:0033674	positive regulation of kinase activity	64	26	18	0.01997
GO:0042176	regulation of protein catabolic process	122	45	34.3	0.01999
GO:0048580	regulation of post-embryonic development	67	27	18.84	0.02009
GO:0006303	double-strand break repair via nonhomolo...	27	13	7.59	0.02088
GO:0017015	regulation of transforming growth factor...	14	8	3.94	0.02112
GO:0048573	photoperiodism, flowering	14	8	3.94	0.02112
GO:1903844	regulation of cellular response to trans...	14	8	3.94	0.02112
GO:0090567	reproductive shoot system development	41	18	11.53	0.02140
GO:0000492	box C/D snoRNP assembly	7	5	1.97	0.02158
GO:0007176	regulation of epidermal growth factor-ac...	7	5	1.97	0.02158
GO:0014072	response to isoquinoline alkaloid	7	5	1.97	0.02158
GO:0043278	response to morphine	7	5	1.97	0.02158
GO:0050435	amyloid-beta metabolic process	7	5	1.97	0.02158
GO:0051570	regulation of histone H3-K9 methylation	7	5	1.97	0.02158
GO:0071514	genetic imprinting	7	5	1.97	0.02158
GO:1902295	synthesis of RNA primer involved in cell...	7	5	1.97	0.02158
GO:1902318	synthesis of RNA primer involved in nucl...	7	5	1.97	0.02158
GO:1902981	synthesis of RNA primer involved in mito...	7	5	1.97	0.02158
GO:2000677	regulation of transcription regulatory r...	7	5	1.97	0.02158
GO:0000389	mRNA 3'-splice site recognition	3	3	0.84	0.02218
GO:0002287	alpha-beta T cell activation involved in...	3	3	0.84	0.02218
GO:0002292	T cell differentiation involved in immun...	3	3	0.84	0.02218
GO:0002293	alpha-beta T cell differentiation involv...	3	3	0.84	0.02218
GO:0002294	CD4-positive, alpha-beta T cell differen...	3	3	0.84	0.02218
GO:0002544	chronic inflammatory response	3	3	0.84	0.02218
GO:0006438	valyl-tRNA aminoacylation	3	3	0.84	0.02218
GO:0008216	spermidine metabolic process	3	3	0.84	0.02218
GO:0010573	vascular endothelial growth factor produ...	3	3	0.84	0.02218
GO:0010574	regulation of vascular endothelial growt...	3	3	0.84	0.02218
GO:0010826	negative regulation of centrosome duplic...	3	3	0.84	0.02218
GO:0015677	copper ion import	3	3	0.84	0.02218
GO:0016048	detection of temperature stimulus	3	3	0.84	0.02218
GO:0030325	adrenal gland development	3	3	0.84	0.02218
GO:0033158	regulation of protein import into nucleu...	3	3	0.84	0.02218
GO:0035149	lumen formation, open tracheal system	3	3	0.84	0.02218
GO:0042093	T-helper cell differentiation	3	3	0.84	0.02218
GO:0045670	regulation of osteoclast differentiation	3	3	0.84	0.02218
GO:0046348	amino sugar catabolic process	3	3	0.84	0.02218
GO:0046606	negative regulation of centrosome cycle	3	3	0.84	0.02218
GO:0060065	uterus development	3	3	0.84	0.02218
GO:0061180	mammary gland epithelium development	3	3	0.84	0.02218
GO:0090313	regulation of protein targeting to membr...	3	3	0.84	0.02218
GO:0140042	lipid droplet formation	3	3	0.84	0.02218
GO:1900409	positive regulation of cellular response...	3	3	0.84	0.02218
GO:1905267	endonucleolytic cleavage involved in tRN...	3	3	0.84	0.02218
GO:1990000	amyloid fibril formation	3	3	0.84	0.02218
GO:0000291	nuclear-transcribed mRNA catabolic proce...	30	14	8.44	0.02283
GO:1903532	positive regulation of secretion by cell	47	20	13.22	0.02289
GO:0044265	cellular macromolecule catabolic process	404	131	113.6	0.02370
GO:0051270	regulation of cellular component movemen...	86	33	24.18	0.02385
GO:0000746	conjugation	22	11	6.19	0.02394
GO:0000747	conjugation with cellular fusion	22	11	6.19	0.02394
GO:0032259	methylation	139	50	39.08	0.02409
GO:0000742	karyogamy involved in conjugation with c...	5	4	1.41	0.02413
GO:0001837	epithelial to mesenchymal transition	5	4	1.41	0.02413
GO:0014015	positive regulation of gliogenesis	5	4	1.41	0.02413
GO:0031641	regulation of myelination	5	4	1.41	0.02413
GO:0034205	amyloid-beta formation	5	4	1.41	0.02413
GO:0044058	regulation of digestive system process	5	4	1.41	0.02413
GO:0050729	positive regulation of inflammatory resp...	5	4	1.41	0.02413
GO:0051036	regulation of endosome size	5	4	1.41	0.02413
GO:0051195	negative regulation of cofactor metaboli...	5	4	1.41	0.02413
GO:0051571	positive regulation of histone H3-K4 met...	5	4	1.41	0.02413
GO:0071371	cellular response to gonadotropin stimul...	5	4	1.41	0.02413
GO:0071372	cellular response to follicle-stimulatin...	5	4	1.41	0.02413
GO:1902224	ketone body metabolic process	5	4	1.41	0.02413
GO:2000012	regulation of auxin polar transport	5	4	1.41	0.02413
GO:0044786	cell cycle DNA replication	71	28	19.96	0.02463
GO:0030334	regulation of cell migration	65	26	18.28	0.02465
GO:0051098	regulation of binding	65	26	18.28	0.02465
GO:0015849	organic acid transport	68	27	19.12	0.02467
GO:0000393	spliceosomal conformational changes to g...	17	9	4.78	0.02649
GO:0043414	macromolecule methylation	124	45	34.87	0.02684
GO:0006606	protein import into nucleus	39	17	10.97	0.02697
GO:0046618	drug export	12	7	3.37	0.02706
GO:1904591	positive regulation of protein import	12	7	3.37	0.02706
GO:1901565	organonitrogen compound catabolic proces...	389	126	109.38	0.02728
GO:0071702	organic substance transport	596	187	167.58	0.02884
GO:0000447	endonucleolytic cleavage in ITS1 to sepa...	28	13	7.87	0.02920
GO:1901800	positive regulation of proteasomal prote...	75	29	21.09	0.02962
GO:1903052	positive regulation of proteolysis invol...	75	29	21.09	0.02962
GO:1903364	positive regulation of cellular protein ...	75	29	21.09	0.02962
GO:0016571	histone methylation	54	22	15.18	0.02989
GO:0090502	RNA phosphodiester bond hydrolysis, endo...	54	22	15.18	0.02989
GO:0000460	maturation of 5.8S rRNA	60	24	16.87	0.03018
GO:0046942	carboxylic acid transport	63	25	17.71	0.03019
GO:0006576	cellular biogenic amine metabolic proces...	20	10	5.62	0.03091
GO:0016072	rRNA metabolic process	222	75	62.42	0.03236
GO:0006855	drug transmembrane transport	34	15	9.56	0.03274
GO:0030879	mammary gland development	15	8	4.22	0.03432
GO:0006862	nucleotide transport	23	11	6.47	0.03451
GO:0009309	amine biosynthetic process	10	6	2.81	0.03467
GO:0010029	regulation of seed germination	10	6	2.81	0.03467
GO:0016078	tRNA catabolic process	10	6	2.81	0.03467
GO:0031062	positive regulation of histone methylati...	10	6	2.81	0.03467
GO:0032196	transposition	10	6	2.81	0.03467
GO:0042401	cellular biogenic amine biosynthetic pro...	10	6	2.81	0.03467
GO:0045638	negative regulation of myeloid cell diff...	10	6	2.81	0.03467
GO:1900140	regulation of seedling development	10	6	2.81	0.03467
GO:1903707	negative regulation of hemopoiesis	10	6	2.81	0.03467
GO:2000028	regulation of photoperiodism, flowering	10	6	2.81	0.03467
GO:0050821	protein stabilization	43	18	12.09	0.03574
GO:0009057	macromolecule catabolic process	443	141	124.56	0.03585
GO:2000145	regulation of cell motility	73	28	20.53	0.03585
GO:0016477	cell migration	104	38	29.24	0.03586
GO:0006913	nucleocytoplasmic transport	123	44	34.59	0.03626
GO:0051169	nuclear transport	123	44	34.59	0.03626
GO:0018022	peptidyl-lysine methylation	46	19	12.93	0.03630
GO:0010498	proteasomal protein catabolic process	194	66	54.55	0.03729
GO:0009073	aromatic amino acid family biosynthetic ...	26	12	7.31	0.03740
GO:0043170	macromolecule metabolic process	1961	574	551.4	0.03749
GO:2000058	regulation of ubiquitin-dependent protei...	92	34	25.87	0.03874
GO:0009793	embryo development ending in seed dorman...	89	33	25.03	0.03944
GO:0009308	amine metabolic process	29	13	8.15	0.03969
GO:0043488	regulation of mRNA stability	29	13	8.15	0.03969
GO:0044106	cellular amine metabolic process	29	13	8.15	0.03969
GO:0022613	ribonucleoprotein complex biogenesis	347	112	97.57	0.04030
GO:0007530	sex determination	32	14	9	0.04148
GO:0043393	regulation of protein binding	32	14	9	0.04148
GO:0043161	proteasome-mediated ubiquitin-dependent ...	182	62	51.18	0.04158
GO:0070848	response to growth factor	77	29	21.65	0.04211
GO:0071363	cellular response to growth factor stimu...	77	29	21.65	0.04211
GO:0000726	non-recombinational repair	35	15	9.84	0.04285
GO:0002521	leukocyte differentiation	35	15	9.84	0.04285
GO:0048608	reproductive structure development	238	79	66.92	0.04289
GO:0061136	regulation of proteasomal protein catabo...	99	36	27.84	0.04331
GO:0051050	positive regulation of transport	134	47	37.68	0.04373
GO:0000478	endonucleolytic cleavage involved in rRN...	38	16	10.68	0.04388
GO:0001667	ameboidal-type cell migration	38	16	10.68	0.04388
GO:0000350	generation of catalytic spliceosome for ...	8	5	2.25	0.04434
GO:0000491	small nucleolar ribonucleoprotein comple...	8	5	2.25	0.04434
GO:0006269	DNA replication, synthesis of RNA primer	8	5	2.25	0.04434
GO:0009650	UV protection	8	5	2.25	0.04434
GO:0010087	phloem or xylem histogenesis	8	5	2.25	0.04434
GO:0021953	central nervous system neuron differenti...	8	5	2.25	0.04434
GO:0035270	endocrine system development	8	5	2.25	0.04434
GO:0048764	trichoblast maturation	8	5	2.25	0.04434
GO:0048765	root hair cell differentiation	8	5	2.25	0.04434
GO:1900182	positive regulation of protein localizat...	21	10	5.9	0.04454
GO:0030336	negative regulation of cell migration	13	7	3.66	0.04468
GO:0042755	eating behavior	13	7	3.66	0.04468
GO:0051271	negative regulation of cellular componen...	13	7	3.66	0.04468
GO:2000146	negative regulation of cell motility	13	7	3.66	0.04468
GO:0045860	positive regulation of protein kinase ac...	62	24	17.43	0.04472
GO:0008152	metabolic process	2736	785	769.31	0.04609
GO:0061458	reproductive system development	239	79	67.2	0.04706
GO:0015711	organic anion transport	106	38	29.81	0.04777
GO:1903050	regulation of proteolysis involved in ce...	106	38	29.81	0.04777
GO:1903362	regulation of cellular protein catabolic...	106	38	29.81	0.04777
GO:0046486	glycerolipid metabolic process	84	31	23.62	0.04788
GO:0010563	negative regulation of phosphorus metabo...	81	30	22.78	0.04878
GO:0045936	negative regulation of phosphate metabol...	81	30	22.78	0.04878
GO:0070201	regulation of establishment of protein l...	103	37	28.96	0.04888
GO:0003006	developmental process involved in reprod...	417	132	117.25	0.04914
GO:0045596	negative regulation of cell differentiat...	72	27	20.25	0.05137
GO:0031401	positive regulation of protein modificat...	158	54	44.43	0.05169
GO:0001906	cell killing	16	8	4.5	0.05214
GO:0070481	nuclear-transcribed mRNA catabolic proce...	16	8	4.5	0.05214
GO:0031349	positive regulation of defense response	69	26	19.4	0.05218
GO:0002283	neutrophil activation involved in immune...	63	24	17.71	0.05366
GO:0002446	neutrophil mediated immunity	63	24	17.71	0.05366
GO:0036230	granulocyte activation	63	24	17.71	0.05366
GO:0042119	neutrophil activation	63	24	17.71	0.05366
GO:0043312	neutrophil degranulation	63	24	17.71	0.05366
GO:0006271	DNA strand elongation involved in DNA re...	33	14	9.28	0.05400
GO:0009581	detection of external stimulus	33	14	9.28	0.05400
GO:0031124	mRNA 3'-end processing	33	14	9.28	0.05400
GO:0090130	tissue migration	33	14	9.28	0.05400
GO:0051046	regulation of secretion	88	32	24.74	0.05463
GO:0051223	regulation of protein transport	88	32	24.74	0.05463
GO:0006469	negative regulation of protein kinase ac...	39	16	10.97	0.05564
GO:0008593	regulation of Notch signaling pathway	39	16	10.97	0.05564
GO:0009072	aromatic amino acid family metabolic pro...	39	16	10.97	0.05564
GO:0032388	positive regulation of intracellular tra...	39	16	10.97	0.05564
GO:0033673	negative regulation of kinase activity	39	16	10.97	0.05564
GO:0034968	histone lysine methylation	39	16	10.97	0.05564
GO:0043410	positive regulation of MAPK cascade	39	16	10.97	0.05564
GO:0006954	inflammatory response	51	20	14.34	0.05577
GO:0007219	Notch signaling pathway	51	20	14.34	0.05577
GO:0031056	regulation of histone modification	48	19	13.5	0.05602
GO:0033157	regulation of intracellular protein tran...	45	18	12.65	0.05610
GO:0001833	inner cell mass cell proliferation	6	4	1.69	0.05635
GO:0002761	regulation of myeloid leukocyte differen...	6	4	1.69	0.05635
GO:0006089	lactate metabolic process	6	4	1.69	0.05635
GO:0006825	copper ion transport	6	4	1.69	0.05635
GO:0016259	selenocysteine metabolic process	6	4	1.69	0.05635
GO:0019747	regulation of isoprenoid metabolic proce...	6	4	1.69	0.05635
GO:0032354	response to follicle-stimulating hormone	6	4	1.69	0.05635
GO:0035167	larval lymph gland hemopoiesis	6	4	1.69	0.05635
GO:0042987	amyloid precursor protein catabolic proc...	6	4	1.69	0.05635
GO:0048440	carpel development	6	4	1.69	0.05635
GO:0048747	muscle fiber development	6	4	1.69	0.05635
GO:0050728	negative regulation of inflammatory resp...	6	4	1.69	0.05635
GO:0071233	cellular response to leucine	6	4	1.69	0.05635
GO:1901070	guanosine-containing compound biosynthet...	6	4	1.69	0.05635
GO:1905898	positive regulation of response to endop...	6	4	1.69	0.05635
GO:0010883	regulation of lipid storage	19	9	5.34	0.05766
GO:0015865	purine nucleotide transport	19	9	5.34	0.05766
GO:0072347	response to anesthetic	19	9	5.34	0.05766
GO:0090287	regulation of cellular response to growt...	19	9	5.34	0.05766
GO:0009926	auxin polar transport	11	6	3.09	0.05848
GO:0015867	ATP transport	11	6	3.09	0.05848
GO:0035196	production of miRNAs involved in gene si...	11	6	3.09	0.05848
GO:0043392	negative regulation of DNA binding	11	6	3.09	0.05848
GO:0045176	apical protein localization	11	6	3.09	0.05848
GO:0046339	diacylglycerol metabolic process	11	6	3.09	0.05848
GO:0046940	nucleoside monophosphate phosphorylation	11	6	3.09	0.05848
GO:0061097	regulation of protein tyrosine kinase ac...	11	6	3.09	0.05848
GO:0090070	positive regulation of ribosome biogenes...	11	6	3.09	0.05848
GO:0098927	vesicle-mediated transport between endos...	11	6	3.09	0.05848
GO:1901998	toxin transport	11	6	3.09	0.05848
GO:1903533	regulation of protein targeting	11	6	3.09	0.05848
GO:1903998	regulation of eating behavior	11	6	3.09	0.05848
GO:0032879	regulation of localization	369	117	103.76	0.05949
GO:0008104	protein localization	646	198	181.64	0.06097
GO:0042254	ribosome biogenesis	262	85	73.67	0.06157
GO:0042180	cellular ketone metabolic process	70	26	19.68	0.06162
GO:2000060	positive regulation of ubiquitin-depende...	70	26	19.68	0.06162
GO:0050730	regulation of peptidyl-tyrosine phosphor...	22	10	6.19	0.06170
GO:0052173	response to defenses of other organism i...	22	10	6.19	0.06170
GO:0052200	response to host defenses	22	10	6.19	0.06170
GO:0075136	response to host	22	10	6.19	0.06170
GO:0043299	leukocyte degranulation	67	25	18.84	0.06273
GO:0032940	secretion by cell	196	65	55.11	0.06345
GO:0034504	protein localization to nucleus	64	24	18	0.06381
GO:0016074	snoRNA metabolic process	25	11	7.03	0.06462
GO:0032103	positive regulation of response to exter...	25	11	7.03	0.06462
GO:0045017	glycerolipid biosynthetic process	61	23	17.15	0.06485
GO:0043408	regulation of MAPK cascade	58	22	16.31	0.06583
GO:0032434	regulation of proteasomal ubiquitin-depe...	83	30	23.34	0.06613
GO:0043279	response to alkaloid	28	12	7.87	0.06667
GO:1905952	regulation of lipid localization	28	12	7.87	0.06667
GO:0043549	regulation of kinase activity	115	40	32.34	0.06715
GO:0010631	epithelial cell migration	31	13	8.72	0.06804
GO:0090132	epithelium migration	31	13	8.72	0.06804
GO:0006835	dicarboxylic acid transport	14	7	3.94	0.06823
GO:0009909	regulation of flower development	14	7	3.94	0.06823
GO:0060326	cell chemotaxis	14	7	3.94	0.06823
GO:2000177	regulation of neural precursor cell prol...	14	7	3.94	0.06823
GO:0009914	hormone transport	49	19	13.78	0.06826
GO:0001510	RNA methylation	34	14	9.56	0.06889
GO:0009582	detection of abiotic stimulus	34	14	9.56	0.06889
GO:0006006	glucose metabolic process	43	17	12.09	0.06922
GO:1901264	carbohydrate derivative transport	37	15	10.4	0.06931
GO:0048507	meristem development	40	16	11.25	0.06940
GO:0000390	spliceosomal complex disassembly	4	3	1.12	0.07005
GO:0001845	phagolysosome assembly	4	3	1.12	0.07005
GO:0002323	natural killer cell activation involved ...	4	3	1.12	0.07005
GO:0002888	positive regulation of myeloid leukocyte...	4	3	1.12	0.07005
GO:0002949	tRNA threonylcarbamoyladenosine modifica...	4	3	1.12	0.07005
GO:0006595	polyamine metabolic process	4	3	1.12	0.07005
GO:0006848	pyruvate transport	4	3	1.12	0.07005
GO:0007323	peptide pheromone maturation	4	3	1.12	0.07005
GO:0008363	larval chitin-based cuticle development	4	3	1.12	0.07005
GO:0009373	regulation of transcription by pheromone...	4	3	1.12	0.07005
GO:0009902	chloroplast relocation	4	3	1.12	0.07005
GO:0009903	chloroplast avoidance movement	4	3	1.12	0.07005
GO:0010514	induction of conjugation with cellular f...	4	3	1.12	0.07005
GO:0010515	negative regulation of induction of conj...	4	3	1.12	0.07005
GO:0010717	regulation of epithelial to mesenchymal ...	4	3	1.12	0.07005
GO:0010758	regulation of macrophage chemotaxis	4	3	1.12	0.07005
GO:0010866	regulation of triglyceride biosynthetic ...	4	3	1.12	0.07005
GO:0018026	peptidyl-lysine monomethylation	4	3	1.12	0.07005
GO:0019072	viral genome packaging	4	3	1.12	0.07005
GO:0019074	viral RNA genome packaging	4	3	1.12	0.07005
GO:0019750	chloroplast localization	4	3	1.12	0.07005
GO:0021854	hypothalamus development	4	3	1.12	0.07005
GO:0030101	natural killer cell activation	4	3	1.12	0.07005
GO:0030242	autophagy of peroxisome	4	3	1.12	0.07005
GO:0030316	osteoclast differentiation	4	3	1.12	0.07005
GO:0030575	nuclear body organization	4	3	1.12	0.07005
GO:0031590	wybutosine metabolic process	4	3	1.12	0.07005
GO:0031591	wybutosine biosynthetic process	4	3	1.12	0.07005
GO:0032516	positive regulation of phosphoprotein ph...	4	3	1.12	0.07005
GO:0035329	hippo signaling	4	3	1.12	0.07005
GO:0035330	regulation of hippo signaling	4	3	1.12	0.07005
GO:0035331	negative regulation of hippo signaling	4	3	1.12	0.07005
GO:0036159	inner dynein arm assembly	4	3	1.12	0.07005
GO:0042337	cuticle development involved in chitin-b...	4	3	1.12	0.07005
GO:0043320	natural killer cell degranulation	4	3	1.12	0.07005
GO:0044395	protein targeting to vacuolar membrane	4	3	1.12	0.07005
GO:0045453	bone resorption	4	3	1.12	0.07005
GO:0045466	R7 cell differentiation	4	3	1.12	0.07005
GO:0045476	nurse cell apoptotic process	4	3	1.12	0.07005
GO:0045477	regulation of nurse cell apoptotic proce...	4	3	1.12	0.07005
GO:0046019	regulation of transcription from RNA pol...	4	3	1.12	0.07005
GO:0046710	GDP metabolic process	4	3	1.12	0.07005
GO:0048072	compound eye pigmentation	4	3	1.12	0.07005
GO:0048586	regulation of long-day photoperiodism, f...	4	3	1.12	0.07005
GO:0048653	anther development	4	3	1.12	0.07005
GO:0051644	plastid localization	4	3	1.12	0.07005
GO:0051667	establishment of plastid localization	4	3	1.12	0.07005
GO:0060795	cell fate commitment involved in formati...	4	3	1.12	0.07005
GO:0061370	testosterone biosynthetic process	4	3	1.12	0.07005
GO:0071849	G1 cell cycle arrest in response to nitr...	4	3	1.12	0.07005
GO:0071894	histone H2B conserved C-terminal lysine ...	4	3	1.12	0.07005
GO:0072710	response to hydroxyurea	4	3	1.12	0.07005
GO:0072711	cellular response to hydroxyurea	4	3	1.12	0.07005
GO:0090074	negative regulation of protein homodimer...	4	3	1.12	0.07005
GO:1901475	pyruvate transmembrane transport	4	3	1.12	0.07005
GO:1902644	tertiary alcohol metabolic process	4	3	1.12	0.07005
GO:1903026	negative regulation of RNA polymerase II...	4	3	1.12	0.07005
GO:1903332	regulation of protein folding	4	3	1.12	0.07005
GO:1903955	positive regulation of protein targeting...	4	3	1.12	0.07005
GO:1904294	positive regulation of ERAD pathway	4	3	1.12	0.07005
GO:1904874	positive regulation of telomerase RNA lo...	4	3	1.12	0.07005
GO:1905521	regulation of macrophage migration	4	3	1.12	0.07005
GO:1990497	regulation of cytoplasmic translation in...	4	3	1.12	0.07005
GO:0031399	regulation of protein modification proce...	267	86	75.08	0.07044
GO:0051093	negative regulation of developmental pro...	106	37	29.81	0.07271
GO:0009987	cellular process	3003	854	844.39	0.07324
GO:0001932	regulation of protein phosphorylation	168	56	47.24	0.07425
GO:0006273	lagging strand elongation	17	8	4.78	0.07495
GO:0040013	negative regulation of locomotion	17	8	4.78	0.07495
GO:0046887	positive regulation of hormone secretion	17	8	4.78	0.07495
GO:0051952	regulation of amine transport	17	8	4.78	0.07495
GO:0002275	myeloid cell activation involved in immu...	65	24	18.28	0.07523
GO:0002444	myeloid leukocyte mediated immunity	65	24	18.28	0.07523
GO:0001936	regulation of endothelial cell prolifera...	9	5	2.53	0.07711
GO:0006047	UDP-N-acetylglucosamine metabolic proces...	9	5	2.53	0.07711
GO:0006551	leucine metabolic process	9	5	2.53	0.07711
GO:0009186	deoxyribonucleoside diphosphate metaboli...	9	5	2.53	0.07711
GO:0009189	deoxyribonucleoside diphosphate biosynth...	9	5	2.53	0.07711
GO:0010054	trichoblast differentiation	9	5	2.53	0.07711
GO:0015074	DNA integration	9	5	2.53	0.07711
GO:0016101	diterpenoid metabolic process	9	5	2.53	0.07711
GO:0030278	regulation of ossification	9	5	2.53	0.07711
GO:0043328	protein transport to vacuole involved in...	9	5	2.53	0.07711
GO:0043331	response to dsRNA	9	5	2.53	0.07711
GO:0043634	polyadenylation-dependent ncRNA cataboli...	9	5	2.53	0.07711
GO:0045923	positive regulation of fatty acid metabo...	9	5	2.53	0.07711
GO:0048762	mesenchymal cell differentiation	9	5	2.53	0.07711
GO:0050732	negative regulation of peptidyl-tyrosine...	9	5	2.53	0.07711
GO:0071029	nuclear ncRNA surveillance	9	5	2.53	0.07711
GO:0071035	nuclear polyadenylation-dependent rRNA c...	9	5	2.53	0.07711
GO:0071038	nuclear polyadenylation-dependent tRNA c...	9	5	2.53	0.07711
GO:0071046	nuclear polyadenylation-dependent ncRNA ...	9	5	2.53	0.07711
GO:0071359	cellular response to dsRNA	9	5	2.53	0.07711
GO:0090207	regulation of triglyceride metabolic pro...	9	5	2.53	0.07711
GO:0000378	RNA exon ligation	2	2	0.56	0.07900
GO:0000734	gene conversion at mating-type locus, DN...	2	2	0.56	0.07900
GO:0001773	myeloid dendritic cell activation	2	2	0.56	0.07900
GO:0001821	histamine secretion	2	2	0.56	0.07900
GO:0001921	positive regulation of receptor recyclin...	2	2	0.56	0.07900
GO:0001945	lymph vessel development	2	2	0.56	0.07900
GO:0001946	lymphangiogenesis	2	2	0.56	0.07900
GO:0002021	response to dietary excess	2	2	0.56	0.07900
GO:0002038	positive regulation of L-glutamate impor...	2	2	0.56	0.07900
GO:0002265	astrocyte activation involved in immune ...	2	2	0.56	0.07900
GO:0002278	eosinophil activation involved in immune...	2	2	0.56	0.07900
GO:0002295	T-helper cell lineage commitment	2	2	0.56	0.07900
GO:0002349	histamine production involved in inflamm...	2	2	0.56	0.07900
GO:0002360	T cell lineage commitment	2	2	0.56	0.07900
GO:0002363	alpha-beta T cell lineage commitment	2	2	0.56	0.07900
GO:0002441	histamine secretion involved in inflamma...	2	2	0.56	0.07900
GO:0002447	eosinophil mediated immunity	2	2	0.56	0.07900
GO:0002553	histamine secretion by mast cell	2	2	0.56	0.07900
GO:0002676	regulation of chronic inflammatory respo...	2	2	0.56	0.07900
GO:0002677	negative regulation of chronic inflammat...	2	2	0.56	0.07900
GO:0002828	regulation of type 2 immune response	2	2	0.56	0.07900
GO:0006116	NADH oxidation	2	2	0.56	0.07900
GO:0006185	dGDP biosynthetic process	2	2	0.56	0.07900
GO:0006427	histidyl-tRNA aminoacylation	2	2	0.56	0.07900
GO:0006434	seryl-tRNA aminoacylation	2	2	0.56	0.07900
GO:0006597	spermine biosynthetic process	2	2	0.56	0.07900
GO:0006710	androgen catabolic process	2	2	0.56	0.07900
GO:0006728	pteridine biosynthetic process	2	2	0.56	0.07900
GO:0006776	vitamin A metabolic process	2	2	0.56	0.07900
GO:0007212	dopamine receptor signaling pathway	2	2	0.56	0.07900
GO:0007218	neuropeptide signaling pathway	2	2	0.56	0.07900
GO:0007562	eclosion	2	2	0.56	0.07900
GO:0008215	spermine metabolic process	2	2	0.56	0.07900
GO:0008295	spermidine biosynthetic process	2	2	0.56	0.07900
GO:0008612	peptidyl-lysine modification to peptidyl...	2	2	0.56	0.07900
GO:0009170	purine deoxyribonucleoside monophosphate...	2	2	0.56	0.07900
GO:0009182	purine deoxyribonucleoside diphosphate m...	2	2	0.56	0.07900
GO:0009183	purine deoxyribonucleoside diphosphate b...	2	2	0.56	0.07900
GO:0009300	antisense RNA transcription	2	2	0.56	0.07900
GO:0009685	gibberellin metabolic process	2	2	0.56	0.07900
GO:0009686	gibberellin biosynthetic process	2	2	0.56	0.07900
GO:0009900	dehiscence	2	2	0.56	0.07900
GO:0009901	anther dehiscence	2	2	0.56	0.07900
GO:0010164	response to cesium ion	2	2	0.56	0.07900
GO:0010380	regulation of chlorophyll biosynthetic p...	2	2	0.56	0.07900
GO:0010719	negative regulation of epithelial to mes...	2	2	0.56	0.07900
GO:0010796	regulation of multivesicular body size	2	2	0.56	0.07900
GO:0015689	molybdate ion transport	2	2	0.56	0.07900
GO:0015741	fumarate transport	2	2	0.56	0.07900
GO:0015744	succinate transport	2	2	0.56	0.07900
GO:0015871	choline transport	2	2	0.56	0.07900
GO:0016102	diterpenoid biosynthetic process	2	2	0.56	0.07900
GO:0019632	shikimate metabolic process	2	2	0.56	0.07900
GO:0021795	cerebral cortex cell migration	2	2	0.56	0.07900
GO:0021870	Cajal-Retzius cell differentiation	2	2	0.56	0.07900
GO:0021885	forebrain cell migration	2	2	0.56	0.07900
GO:0021895	cerebral cortex neuron differentiation	2	2	0.56	0.07900
GO:0022029	telencephalon cell migration	2	2	0.56	0.07900
GO:0030186	melatonin metabolic process	2	2	0.56	0.07900
GO:0030237	female sex determination	2	2	0.56	0.07900
GO:0030244	cellulose biosynthetic process	2	2	0.56	0.07900
GO:0030656	regulation of vitamin metabolic process	2	2	0.56	0.07900
GO:0030850	prostate gland development	2	2	0.56	0.07900
GO:0030903	notochord development	2	2	0.56	0.07900
GO:0031070	intronic snoRNA processing	2	2	0.56	0.07900
GO:0031619	homologous chromosome orientation involv...	2	2	0.56	0.07900
GO:0032620	interleukin-17 production	2	2	0.56	0.07900
GO:0032660	regulation of interleukin-17 production	2	2	0.56	0.07900
GO:0032682	negative regulation of chemokine product...	2	2	0.56	0.07900
GO:0032700	negative regulation of interleukin-17 pr...	2	2	0.56	0.07900
GO:0033160	positive regulation of protein import in...	2	2	0.56	0.07900
GO:0033173	calcineurin-NFAT signaling cascade	2	2	0.56	0.07900
GO:0033598	mammary gland epithelial cell proliferat...	2	2	0.56	0.07900
GO:0033599	regulation of mammary gland epithelial c...	2	2	0.56	0.07900
GO:0033600	negative regulation of mammary gland epi...	2	2	0.56	0.07900
GO:0033967	box C/D snoRNA metabolic process	2	2	0.56	0.07900
GO:0034092	negative regulation of maintenance of si...	2	2	0.56	0.07900
GO:0034104	negative regulation of tissue remodeling	2	2	0.56	0.07900
GO:0034183	negative regulation of maintenance of mi...	2	2	0.56	0.07900
GO:0034196	acylglycerol transport	2	2	0.56	0.07900
GO:0034197	triglyceride transport	2	2	0.56	0.07900
GO:0034379	very-low-density lipoprotein particle as...	2	2	0.56	0.07900
GO:0034436	glycoprotein transport	2	2	0.56	0.07900
GO:0034462	small-subunit processome assembly	2	2	0.56	0.07900
GO:0034963	box C/D snoRNA processing	2	2	0.56	0.07900
GO:0035073	pupariation	2	2	0.56	0.07900
GO:0035127	post-embryonic limb morphogenesis	2	2	0.56	0.07900
GO:0035128	post-embryonic forelimb morphogenesis	2	2	0.56	0.07900
GO:0035136	forelimb morphogenesis	2	2	0.56	0.07900
GO:0035210	prepupal development	2	2	0.56	0.07900
GO:0035280	miRNA loading onto RISC involved in gene...	2	2	0.56	0.07900
GO:0035733	hepatic stellate cell activation	2	2	0.56	0.07900
GO:0035743	CD4-positive, alpha-beta T cell cytokine...	2	2	0.56	0.07900
GO:0035745	T-helper 2 cell cytokine production	2	2	0.56	0.07900
GO:0035970	peptidyl-threonine dephosphorylation	2	2	0.56	0.07900
GO:0036035	osteoclast development	2	2	0.56	0.07900
GO:0036155	acylglycerol acyl-chain remodeling	2	2	0.56	0.07900
GO:0036269	swimming behavior	2	2	0.56	0.07900
GO:0036303	lymph vessel morphogenesis	2	2	0.56	0.07900
GO:0036480	neuron intrinsic apoptotic signaling pat...	2	2	0.56	0.07900
GO:0042092	type 2 immune response	2	2	0.56	0.07900
GO:0042868	antisense RNA metabolic process	2	2	0.56	0.07900
GO:0042873	aldonate transmembrane transport	2	2	0.56	0.07900
GO:0043011	myeloid dendritic cell differentiation	2	2	0.56	0.07900
GO:0043307	eosinophil activation	2	2	0.56	0.07900
GO:0043308	eosinophil degranulation	2	2	0.56	0.07900
GO:0043368	positive T cell selection	2	2	0.56	0.07900
GO:0043369	CD4-positive or CD8-positive, alpha-beta...	2	2	0.56	0.07900
GO:0043373	CD4-positive, alpha-beta T cell lineage ...	2	2	0.56	0.07900
GO:0043589	skin morphogenesis	2	2	0.56	0.07900
GO:0044030	regulation of DNA methylation	2	2	0.56	0.07900
GO:0044752	response to human chorionic gonadotropin	2	2	0.56	0.07900
GO:0045671	negative regulation of osteoclast differ...	2	2	0.56	0.07900
GO:0045685	regulation of glial cell differentiation	2	2	0.56	0.07900
GO:0045687	positive regulation of glial cell differ...	2	2	0.56	0.07900
GO:0045741	positive regulation of epidermal growth ...	2	2	0.56	0.07900
GO:0045779	negative regulation of bone resorption	2	2	0.56	0.07900
GO:0046054	dGMP metabolic process	2	2	0.56	0.07900
GO:0046066	dGDP metabolic process	2	2	0.56	0.07900
GO:0046108	uridine metabolic process	2	2	0.56	0.07900
GO:0046109	uridine biosynthetic process	2	2	0.56	0.07900
GO:0046600	negative regulation of centriole replica...	2	2	0.56	0.07900
GO:0046711	GDP biosynthetic process	2	2	0.56	0.07900
GO:0046851	negative regulation of bone remodeling	2	2	0.56	0.07900
GO:0048143	astrocyte activation	2	2	0.56	0.07900
GO:0048627	myoblast development	2	2	0.56	0.07900
GO:0048713	regulation of oligodendrocyte differenti...	2	2	0.56	0.07900
GO:0048714	positive regulation of oligodendrocyte d...	2	2	0.56	0.07900
GO:0048791	calcium ion-regulated exocytosis of neur...	2	2	0.56	0.07900
GO:0050710	negative regulation of cytokine secretio...	2	2	0.56	0.07900
GO:0050746	regulation of lipoprotein metabolic proc...	2	2	0.56	0.07900
GO:0050747	positive regulation of lipoprotein metab...	2	2	0.56	0.07900
GO:0050884	neuromuscular process controlling postur...	2	2	0.56	0.07900
GO:0050892	intestinal absorption	2	2	0.56	0.07900
GO:0051563	smooth endoplasmic reticulum calcium ion...	2	2	0.56	0.07900
GO:0051582	positive regulation of neurotransmitter ...	2	2	0.56	0.07900
GO:0051599	response to hydrostatic pressure	2	2	0.56	0.07900
GO:0060101	negative regulation of phagocytosis, eng...	2	2	0.56	0.07900
GO:0060194	regulation of antisense RNA transcriptio...	2	2	0.56	0.07900
GO:0060443	mammary gland morphogenesis	2	2	0.56	0.07900
GO:0060736	prostate gland growth	2	2	0.56	0.07900
GO:0061162	establishment of monopolar cell polarity	2	2	0.56	0.07900
GO:0061339	establishment or maintenance of monopola...	2	2	0.56	0.07900
GO:0070278	extracellular matrix constituent secreti...	2	2	0.56	0.07900
GO:0070863	positive regulation of protein exit from...	2	2	0.56	0.07900
GO:0070884	regulation of calcineurin-NFAT signaling...	2	2	0.56	0.07900
GO:0070995	NADPH oxidation	2	2	0.56	0.07900
GO:0071280	cellular response to copper ion	2	2	0.56	0.07900
GO:0071422	succinate transmembrane transport	2	2	0.56	0.07900
GO:0071464	cellular response to hydrostatic pressur...	2	2	0.56	0.07900
GO:0071586	CAAX-box protein processing	2	2	0.56	0.07900
GO:0071619	phosphorylation of RNA polymerase II C-t...	2	2	0.56	0.07900
GO:0072537	fibroblast activation	2	2	0.56	0.07900
GO:0072615	interleukin-17 secretion	2	2	0.56	0.07900
GO:0080120	CAAX-box protein maturation	2	2	0.56	0.07900
GO:0085020	protein K6-linked ubiquitination	2	2	0.56	0.07900
GO:0090056	regulation of chlorophyll metabolic proc...	2	2	0.56	0.07900
GO:0090383	phagosome acidification	2	2	0.56	0.07900
GO:0090385	phagosome-lysosome fusion	2	2	0.56	0.07900
GO:0090386	phagosome maturation involved in apoptot...	2	2	0.56	0.07900
GO:0090387	phagolysosome assembly involved in apopt...	2	2	0.56	0.07900
GO:0090414	molybdate ion export from vacuole	2	2	0.56	0.07900
GO:0090647	modulation of age-related behavioral dec...	2	2	0.56	0.07900
GO:0097028	dendritic cell differentiation	2	2	0.56	0.07900
GO:0097051	establishment of protein localization to...	2	2	0.56	0.07900
GO:0097339	glycolate transmembrane transport	2	2	0.56	0.07900
GO:0097530	granulocyte migration	2	2	0.56	0.07900
GO:0098751	bone cell development	2	2	0.56	0.07900
GO:0098856	intestinal lipid absorption	2	2	0.56	0.07900
GO:0099403	maintenance of mitotic sister chromatid ...	2	2	0.56	0.07900
GO:0099404	mitotic sister chromatid cohesion, telom...	2	2	0.56	0.07900
GO:0101030	tRNA-guanine transglycosylation	2	2	0.56	0.07900
GO:0106056	regulation of calcineurin-mediated signa...	2	2	0.56	0.07900
GO:0110025	DNA strand resection involved in replica...	2	2	0.56	0.07900
GO:1900036	positive regulation of cellular response...	2	2	0.56	0.07900
GO:1900112	regulation of histone H3-K9 trimethylati...	2	2	0.56	0.07900
GO:1900483	regulation of protein targeting to vacuo...	2	2	0.56	0.07900
GO:1900745	positive regulation of p38MAPK cascade	2	2	0.56	0.07900
GO:1900866	glycolate transport	2	2	0.56	0.07900
GO:1901072	glucosamine-containing compound cataboli...	2	2	0.56	0.07900
GO:1901401	regulation of tetrapyrrole metabolic pro...	2	2	0.56	0.07900
GO:1901402	negative regulation of tetrapyrrole meta...	2	2	0.56	0.07900
GO:1901409	positive regulation of phosphorylation o...	2	2	0.56	0.07900
GO:1901463	regulation of tetrapyrrole biosynthetic ...	2	2	0.56	0.07900
GO:1901464	negative regulation of tetrapyrrole bios...	2	2	0.56	0.07900
GO:1901569	fatty acid derivative catabolic process	2	2	0.56	0.07900
GO:1901580	regulation of telomeric RNA transcriptio...	2	2	0.56	0.07900
GO:1901581	negative regulation of telomeric RNA tra...	2	2	0.56	0.07900
GO:1901582	positive regulation of telomeric RNA tra...	2	2	0.56	0.07900
GO:1901738	regulation of vitamin A metabolic proces...	2	2	0.56	0.07900
GO:1901975	glycerate transmembrane transport	2	2	0.56	0.07900
GO:1902003	regulation of amyloid-beta formation	2	2	0.56	0.07900
GO:1902043	positive regulation of extrinsic apoptot...	2	2	0.56	0.07900
GO:1902177	positive regulation of oxidative stress-...	2	2	0.56	0.07900
GO:1902325	negative regulation of chlorophyll biosy...	2	2	0.56	0.07900
GO:1902415	regulation of mRNA binding	2	2	0.56	0.07900
GO:1902416	positive regulation of mRNA binding	2	2	0.56	0.07900
GO:1902990	mitotic telomere maintenance via semi-co...	2	2	0.56	0.07900
GO:1902991	regulation of amyloid precursor protein ...	2	2	0.56	0.07900
GO:1903011	negative regulation of bone development	2	2	0.56	0.07900
GO:1903059	regulation of protein lipidation	2	2	0.56	0.07900
GO:1903061	positive regulation of protein lipidatio...	2	2	0.56	0.07900
GO:1903209	positive regulation of oxidative stress-...	2	2	0.56	0.07900
GO:1903223	positive regulation of oxidative stress-...	2	2	0.56	0.07900
GO:1903333	negative regulation of protein folding	2	2	0.56	0.07900
GO:1903371	regulation of endoplasmic reticulum tubu...	2	2	0.56	0.07900
GO:1903373	positive regulation of endoplasmic retic...	2	2	0.56	0.07900
GO:1903376	regulation of oxidative stress-induced n...	2	2	0.56	0.07900
GO:1903378	positive regulation of oxidative stress-...	2	2	0.56	0.07900
GO:1903469	removal of RNA primer involved in mitoti...	2	2	0.56	0.07900
GO:1903593	regulation of histamine secretion by mas...	2	2	0.56	0.07900
GO:1903595	positive regulation of histamine secreti...	2	2	0.56	0.07900
GO:1904046	negative regulation of vascular endothel...	2	2	0.56	0.07900
GO:1904478	regulation of intestinal absorption	2	2	0.56	0.07900
GO:1904729	regulation of intestinal lipid absorptio...	2	2	0.56	0.07900
GO:1904796	regulation of core promoter binding	2	2	0.56	0.07900
GO:1904797	negative regulation of core promoter bin...	2	2	0.56	0.07900
GO:1904907	regulation of maintenance of mitotic sis...	2	2	0.56	0.07900
GO:1904908	negative regulation of maintenance of mi...	2	2	0.56	0.07900
GO:1905076	regulation of interleukin-17 secretion	2	2	0.56	0.07900
GO:1905077	negative regulation of interleukin-17 se...	2	2	0.56	0.07900
GO:1905154	negative regulation of membrane invagina...	2	2	0.56	0.07900
GO:1905214	regulation of RNA binding	2	2	0.56	0.07900
GO:1905216	positive regulation of RNA binding	2	2	0.56	0.07900
GO:1905906	regulation of amyloid fibril formation	2	2	0.56	0.07900
GO:1905908	positive regulation of amyloid fibril fo...	2	2	0.56	0.07900
GO:1990266	neutrophil migration	2	2	0.56	0.07900
GO:1990918	double-strand break repair involved in m...	2	2	0.56	0.07900
GO:2000179	positive regulation of neural precursor ...	2	2	0.56	0.07900
GO:2000489	regulation of hepatic stellate cell acti...	2	2	0.56	0.07900
GO:2000491	positive regulation of hepatic stellate ...	2	2	0.56	0.07900
GO:2000514	regulation of CD4-positive, alpha-beta T...	2	2	0.56	0.07900
GO:2000551	regulation of T-helper 2 cell cytokine p...	2	2	0.56	0.07900
GO:2000653	regulation of genetic imprinting	2	2	0.56	0.07900
GO:2001204	regulation of osteoclast development	2	2	0.56	0.07900
GO:2001205	negative regulation of osteoclast develo...	2	2	0.56	0.07900
GO:0000480	endonucleolytic cleavage in 5'-ETS of tr...	20	9	5.62	0.07955
GO:0001522	pseudouridine synthesis	20	9	5.62	0.07955
GO:0010469	regulation of signaling receptor activit...	20	9	5.62	0.07955
GO:0043144	snoRNA processing	20	9	5.62	0.07955
GO:0048437	floral organ development	20	9	5.62	0.07955
GO:0051568	histone H3-K4 methylation	20	9	5.62	0.07955
GO:0051972	regulation of telomerase activity	20	9	5.62	0.07955
GO:0031330	negative regulation of cellular cataboli...	56	21	15.75	0.07959
GO:0034404	nucleobase-containing small molecule bio...	94	33	26.43	0.08082
GO:0006520	cellular amino acid metabolic process	202	66	56.8	0.08111
GO:0019318	hexose metabolic process	50	19	14.06	0.08221
GO:0046903	secretion	209	68	58.77	0.08362
GO:0060541	respiratory system development	44	17	12.37	0.08441
GO:0040012	regulation of locomotion	104	36	29.24	0.08451
GO:0000966	RNA 5'-end processing	26	11	7.31	0.08459
GO:0006312	mitotic recombination	26	11	7.31	0.08459
GO:0034471	ncRNA 5'-end processing	26	11	7.31	0.08459
GO:0072528	pyrimidine-containing compound biosynthe...	41	16	11.53	0.08527
GO:0018108	peptidyl-tyrosine phosphorylation	29	12	8.15	0.08572
GO:0018212	peptidyl-tyrosine modification	29	12	8.15	0.08572
GO:0031348	negative regulation of defense response	29	12	8.15	0.08572
GO:0043270	positive regulation of ion transport	32	13	9	0.08622
GO:0043487	regulation of RNA stability	32	13	9	0.08622
GO:0022616	DNA strand elongation	35	14	9.84	0.08625
GO:0042278	purine nucleoside metabolic process	35	14	9.84	0.08625
GO:0009791	post-embryonic development	361	113	101.51	0.08686
GO:0002274	myeloid leukocyte activation	66	24	18.56	0.08797
GO:0031647	regulation of protein stability	66	24	18.56	0.08797
GO:0042325	regulation of phosphorylation	193	63	54.27	0.08828
GO:0051179	localization	1156	342	325.05	0.08951
GO:0002263	cell activation involved in immune respo...	82	29	23.06	0.08974
GO:1903530	regulation of secretion by cell	82	29	23.06	0.08974
GO:0006040	amino sugar metabolic process	12	6	3.37	0.08989
GO:0009133	nucleoside diphosphate biosynthetic proc...	12	6	3.37	0.08989
GO:0009215	purine deoxyribonucleoside triphosphate ...	12	6	3.37	0.08989
GO:0030595	leukocyte chemotaxis	12	6	3.37	0.08989
GO:0031050	dsRNA processing	12	6	3.37	0.08989
GO:0032350	regulation of hormone metabolic process	12	6	3.37	0.08989
GO:0034656	nucleobase-containing small molecule cat...	12	6	3.37	0.08989
GO:0042451	purine nucleoside biosynthetic process	12	6	3.37	0.08989
GO:0046129	purine ribonucleoside biosynthetic proce...	12	6	3.37	0.08989
GO:0048754	branching morphogenesis of an epithelial...	12	6	3.37	0.08989
GO:0051955	regulation of amino acid transport	12	6	3.37	0.08989
GO:0060918	auxin transport	12	6	3.37	0.08989
GO:0061138	morphogenesis of a branching epithelium	12	6	3.37	0.08989
GO:0070918	production of small RNA involved in gene...	12	6	3.37	0.08989
GO:0043687	post-translational protein modification	60	22	16.87	0.09199
GO:0080134	regulation of response to stress	264	84	74.23	0.09370
GO:0051606	detection of stimulus	57	21	16.03	0.09399
GO:1902533	positive regulation of intracellular sig...	92	32	25.87	0.09432
GO:0080135	regulation of cellular response to stres...	151	50	42.46	0.09714
GO:0032008	positive regulation of TOR signaling	15	7	4.22	0.09789
GO:0032212	positive regulation of telomere maintena...	15	7	4.22	0.09789
GO:0043162	ubiquitin-dependent protein catabolic pr...	15	7	4.22	0.09789
GO:1904358	positive regulation of telomere maintena...	15	7	4.22	0.09789
GO:0033036	macromolecule localization	721	217	202.73	0.09810
GO:0048522	positive regulation of cellular process	847	253	238.16	0.10114
GO:0045893	positive regulation of transcription, DN...	208	67	58.49	0.10163
GO:0000162	tryptophan biosynthetic process	7	4	1.97	0.10272
GO:0002532	production of molecular mediator involve...	7	4	1.97	0.10272
GO:0006207	'de novo' pyrimidine nucleobase biosynth...	7	4	1.97	0.10272
GO:0006531	aspartate metabolic process	7	4	1.97	0.10272
GO:0007297	ovarian follicle cell migration	7	4	1.97	0.10272
GO:0009095	aromatic amino acid family biosynthetic ...	7	4	1.97	0.10272
GO:0009788	negative regulation of abscisic acid-act...	7	4	1.97	0.10272
GO:0010051	xylem and phloem pattern formation	7	4	1.97	0.10272
GO:0010114	response to red light	7	4	1.97	0.10272
GO:0019856	pyrimidine nucleobase biosynthetic proce...	7	4	1.97	0.10272
GO:0021536	diencephalon development	7	4	1.97	0.10272
GO:0030279	negative regulation of ossification	7	4	1.97	0.10272
GO:0033120	positive regulation of RNA splicing	7	4	1.97	0.10272
GO:0033262	regulation of nuclear cell cycle DNA rep...	7	4	1.97	0.10272
GO:0035166	post-embryonic hemopoiesis	7	4	1.97	0.10272
GO:0035722	interleukin-12-mediated signaling pathwa...	7	4	1.97	0.10272
GO:0042982	amyloid precursor protein metabolic proc...	7	4	1.97	0.10272
GO:0046219	indolalkylamine biosynthetic process	7	4	1.97	0.10272
GO:0046321	positive regulation of fatty acid oxidat...	7	4	1.97	0.10272
GO:0046426	negative regulation of JAK-STAT cascade	7	4	1.97	0.10272
GO:0046632	alpha-beta T cell differentiation	7	4	1.97	0.10272
GO:0046849	bone remodeling	7	4	1.97	0.10272
GO:0048542	lymph gland development	7	4	1.97	0.10272
GO:0048767	root hair elongation	7	4	1.97	0.10272
GO:0051274	beta-glucan biosynthetic process	7	4	1.97	0.10272
GO:0051965	positive regulation of synapse assembly	7	4	1.97	0.10272
GO:0070671	response to interleukin-12	7	4	1.97	0.10272
GO:0071349	cellular response to interleukin-12	7	4	1.97	0.10272
GO:0072755	cellular response to benomyl	7	4	1.97	0.10272
GO:0080147	root hair cell development	7	4	1.97	0.10272
GO:1901420	negative regulation of response to alcoh...	7	4	1.97	0.10272
GO:1901561	response to benomyl	7	4	1.97	0.10272
GO:1902742	apoptotic process involved in developmen...	7	4	1.97	0.10272
GO:1904031	positive regulation of cyclin-dependent ...	7	4	1.97	0.10272
GO:1904893	negative regulation of STAT cascade	7	4	1.97	0.10272
GO:1905958	negative regulation of cellular response...	7	4	1.97	0.10272
GO:2000736	regulation of stem cell differentiation	7	4	1.97	0.10272
GO:0007533	mating type switching	18	8	5.06	0.10285
GO:0010507	negative regulation of autophagy	18	8	5.06	0.10285
GO:0015868	purine ribonucleotide transport	18	8	5.06	0.10285
GO:0030323	respiratory tube development	18	8	5.06	0.10285
GO:0030324	lung development	18	8	5.06	0.10285
GO:0033206	meiotic cytokinesis	18	8	5.06	0.10285
GO:0034067	protein localization to Golgi apparatus	18	8	5.06	0.10285
GO:0051503	adenine nucleotide transport	18	8	5.06	0.10285
GO:0030900	forebrain development	42	16	11.81	0.10329
GO:1903508	positive regulation of nucleic acid-temp...	215	69	60.45	0.10416
GO:0003013	circulatory system process	39	15	10.97	0.10482
GO:0008015	blood circulation	39	15	10.97	0.10482
GO:0015748	organophosphate ester transport	39	15	10.97	0.10482
GO:1901575	organic substance catabolic process	653	197	183.61	0.10485
GO:0000472	endonucleolytic cleavage to generate mat...	21	9	5.9	0.10580
GO:0032102	negative regulation of response to exter...	21	9	5.9	0.10580
GO:0048509	regulation of meristem development	21	9	5.9	0.10580
GO:0052031	modulation by symbiont of host defense r...	21	9	5.9	0.10580
GO:0052255	modulation by organism of defense respon...	21	9	5.9	0.10580
GO:0045184	establishment of protein localization	484	148	136.09	0.10593
GO:0060284	regulation of cell development	142	47	39.93	0.10594
GO:0000479	endonucleolytic cleavage of tricistronic...	36	14	10.12	0.10613
GO:0000967	rRNA 5'-end processing	24	10	6.75	0.10736
GO:0006901	vesicle coating	24	10	6.75	0.10736
GO:0009845	seed germination	24	10	6.75	0.10736
GO:0019098	reproductive behavior	24	10	6.75	0.10736
GO:0032006	regulation of TOR signaling	24	10	6.75	0.10736
GO:0032206	positive regulation of telomere maintena...	24	10	6.75	0.10736
GO:0042058	regulation of epidermal growth factor re...	24	10	6.75	0.10736
GO:0043628	ncRNA 3'-end processing	24	10	6.75	0.10736
GO:0070198	protein localization to chromosome, telo...	24	10	6.75	0.10736
GO:1901184	regulation of ERBB signaling pathway	24	10	6.75	0.10736
GO:0051338	regulation of transferase activity	162	53	45.55	0.10741
GO:0006397	mRNA processing	182	59	51.18	0.10784
GO:0050727	regulation of inflammatory response	27	11	7.59	0.10794
GO:0051101	regulation of DNA binding	27	11	7.59	0.10794
GO:0010256	endomembrane system organization	116	39	32.62	0.10916
GO:0007420	brain development	90	31	25.31	0.10974
GO:0050657	nucleic acid transport	90	31	25.31	0.10974
GO:0050658	RNA transport	90	31	25.31	0.10974
GO:0090087	regulation of peptide transport	103	35	28.96	0.10991
GO:0045165	cell fate commitment	74	26	20.81	0.11123
GO:0040007	growth	297	93	83.51	0.11232
GO:0042327	positive regulation of phosphorylation	113	38	31.77	0.11240
GO:0045859	regulation of protein kinase activity	113	38	31.77	0.11240
GO:1902680	positive regulation of RNA biosynthetic ...	216	69	60.74	0.11266
GO:0009894	regulation of catabolic process	270	85	75.92	0.11314
GO:0051254	positive regulation of RNA metabolic pro...	233	74	65.52	0.11425
GO:0006403	RNA localization	123	41	34.59	0.11427
GO:0010562	positive regulation of phosphorus metabo...	133	44	37.4	0.11562
GO:0045937	positive regulation of phosphate metabol...	133	44	37.4	0.11562
GO:0032436	positive regulation of proteasomal ubiqu...	68	24	19.12	0.11751
GO:0031347	regulation of defense response	120	40	33.74	0.11768
GO:0015031	protein transport	455	139	127.94	0.11772
GO:0007062	sister chromatid cohesion	49	18	13.78	0.11811
GO:0051170	import into nucleus	49	18	13.78	0.11811
GO:0009896	positive regulation of catabolic process	130	43	36.55	0.11907
GO:0007417	central nervous system development	107	36	30.09	0.11921
GO:0031400	negative regulation of protein modificat...	107	36	30.09	0.11921
GO:0000467	exonucleolytic trimming to generate matu...	10	5	2.81	0.11955
GO:0001832	blastocyst growth	10	5	2.81	0.11955
GO:0006272	leading strand elongation	10	5	2.81	0.11955
GO:0006622	protein targeting to lysosome	10	5	2.81	0.11955
GO:0007586	digestion	10	5	2.81	0.11955
GO:0008625	extrinsic apoptotic signaling pathway vi...	10	5	2.81	0.11955
GO:0016556	mRNA modification	10	5	2.81	0.11955
GO:0022600	digestive system process	10	5	2.81	0.11955
GO:0033523	histone H2B ubiquitination	10	5	2.81	0.11955
GO:0034088	maintenance of mitotic sister chromatid ...	10	5	2.81	0.11955
GO:0034367	protein-containing complex remodeling	10	5	2.81	0.11955
GO:0035306	positive regulation of dephosphorylation	10	5	2.81	0.11955
GO:0043555	regulation of translation in response to...	10	5	2.81	0.11955
GO:0043633	polyadenylation-dependent RNA catabolic ...	10	5	2.81	0.11955
GO:0044011	single-species biofilm formation on inan...	10	5	2.81	0.11955
GO:0045598	regulation of fat cell differentiation	10	5	2.81	0.11955
GO:0048069	eye pigmentation	10	5	2.81	0.11955
GO:0071042	nuclear polyadenylation-dependent mRNA c...	10	5	2.81	0.11955
GO:0071047	polyadenylation-dependent mRNA catabolic...	10	5	2.81	0.11955
GO:0090382	phagosome maturation	10	5	2.81	0.11955
GO:1904292	regulation of ERAD pathway	10	5	2.81	0.11955
GO:0002366	leukocyte activation involved in immune ...	81	28	22.78	0.11961
GO:0048518	positive regulation of biological proces...	956	283	268.81	0.12020
GO:0048870	cell motility	150	49	42.18	0.12060
GO:0051962	positive regulation of nervous system de...	65	23	18.28	0.12077
GO:0072666	establishment of protein localization to...	46	17	12.93	0.12081
GO:0044281	small molecule metabolic process	736	220	206.95	0.12090
GO:0051234	establishment of localization	981	290	275.84	0.12242
GO:0009628	response to abiotic stimulus	580	175	163.09	0.12243
GO:0048316	seed development	104	35	29.24	0.12280
GO:1901576	organic substance biosynthetic process	1507	439	423.74	0.12300
GO:0051236	establishment of RNA localization	91	31	25.59	0.12357
GO:0009266	response to temperature stimulus	167	54	46.96	0.12441
GO:0045595	regulation of cell differentiation	214	68	60.17	0.12502
GO:0043412	macromolecule modification	929	275	261.22	0.12534
GO:0045088	regulation of innate immune response	75	26	21.09	0.12674
GO:0006914	autophagy	184	59	51.74	0.12731
GO:0005996	monosaccharide metabolic process	59	21	16.59	0.12755
GO:0000722	telomere maintenance via recombination	13	6	3.66	0.12865
GO:0006206	pyrimidine nucleobase metabolic process	13	6	3.66	0.12865
GO:0006568	tryptophan metabolic process	13	6	3.66	0.12865
GO:0006586	indolalkylamine metabolic process	13	6	3.66	0.12865
GO:0009853	photorespiration	13	6	3.66	0.12865
GO:0019236	response to pheromone	13	6	3.66	0.12865
GO:0031126	snoRNA 3'-end processing	13	6	3.66	0.12865
GO:0032988	ribonucleoprotein complex disassembly	13	6	3.66	0.12865
GO:0042435	indole-containing compound biosynthetic ...	13	6	3.66	0.12865
GO:0045921	positive regulation of exocytosis	13	6	3.66	0.12865
GO:0051973	positive regulation of telomerase activi...	13	6	3.66	0.12865
GO:0071444	cellular response to pheromone	13	6	3.66	0.12865
GO:1902105	regulation of leukocyte differentiation	13	6	3.66	0.12865
GO:1903664	regulation of asexual reproduction	13	6	3.66	0.12865
GO:0050793	regulation of developmental process	419	128	117.82	0.12989
GO:0006900	vesicle budding from membrane	34	13	9.56	0.13086
GO:0030010	establishment of cell polarity	34	13	9.56	0.13086
GO:1901699	cellular response to nitrogen compound	131	43	36.83	0.13110
GO:0000723	telomere maintenance	85	29	23.9	0.13112
GO:0051604	protein maturation	85	29	23.9	0.13112
GO:2000241	regulation of reproductive process	108	36	30.37	0.13254
GO:0015850	organic hydroxy compound transport	31	12	8.72	0.13293
GO:0007272	ensheathment of neurons	16	7	4.5	0.13347
GO:0008366	axon ensheathment	16	7	4.5	0.13347
GO:0009200	deoxyribonucleoside triphosphate metabol...	16	7	4.5	0.13347
GO:0031125	rRNA 3'-end processing	16	7	4.5	0.13347
GO:0031167	rRNA methylation	16	7	4.5	0.13347
GO:0048438	floral whorl development	16	7	4.5	0.13347
GO:0071705	nitrogen compound transport	568	171	159.71	0.13379
GO:0001934	positive regulation of protein phosphory...	95	32	26.71	0.13431
GO:0060322	head development	95	32	26.71	0.13431
GO:2001252	positive regulation of chromosome organi...	95	32	26.71	0.13431
GO:0072527	pyrimidine-containing compound metabolic...	53	19	14.9	0.13464
GO:0010332	response to gamma radiation	28	11	7.87	0.13465
GO:0006810	transport	945	279	265.72	0.13561
GO:0052509	positive regulation by symbiont of host ...	19	8	5.34	0.13572
GO:0052510	positive regulation by organism of defen...	19	8	5.34	0.13572
GO:2001235	positive regulation of apoptotic signali...	19	8	5.34	0.13572
GO:0034198	cellular response to amino acid starvati...	25	10	7.03	0.13586
GO:0030307	positive regulation of cell growth	22	9	6.19	0.13633
GO:0044070	regulation of anion transport	22	9	6.19	0.13633
GO:0048831	regulation of shoot system development	22	9	6.19	0.13633
GO:2000059	negative regulation of ubiquitin-depende...	22	9	6.19	0.13633
GO:0042886	amide transport	482	146	135.53	0.13685
GO:0051239	regulation of multicellular organismal p...	396	121	111.35	0.13757
GO:0009409	response to cold	50	18	14.06	0.13830
GO:0001300	chronological cell aging	5	3	1.41	0.13893
GO:0002228	natural killer cell mediated immunity	5	3	1.41	0.13893
GO:0002762	negative regulation of myeloid leukocyte...	5	3	1.41	0.13893
GO:0006183	GTP biosynthetic process	5	3	1.41	0.13893
GO:0006349	regulation of gene expression by genetic...	5	3	1.41	0.13893
GO:0006582	melanin metabolic process	5	3	1.41	0.13893
GO:0006662	glycerol ether metabolic process	5	3	1.41	0.13893
GO:0006978	DNA damage response, signal transduction...	5	3	1.41	0.13893
GO:0007039	protein catabolic process in the vacuole	5	3	1.41	0.13893
GO:0007175	negative regulation of epidermal growth ...	5	3	1.41	0.13893
GO:0007298	border follicle cell migration	5	3	1.41	0.13893
GO:0007339	binding of sperm to zona pellucida	5	3	1.41	0.13893
GO:0008611	ether lipid biosynthetic process	5	3	1.41	0.13893
GO:0009423	chorismate biosynthetic process	5	3	1.41	0.13893
GO:0009713	catechol-containing compound biosyntheti...	5	3	1.41	0.13893
GO:0009825	multidimensional cell growth	5	3	1.41	0.13893
GO:0010922	positive regulation of phosphatase activ...	5	3	1.41	0.13893
GO:0014002	astrocyte development	5	3	1.41	0.13893
GO:0018344	protein geranylgeranylation	5	3	1.41	0.13893
GO:0018963	phthalate metabolic process	5	3	1.41	0.13893
GO:0019405	alditol catabolic process	5	3	1.41	0.13893
GO:0019563	glycerol catabolic process	5	3	1.41	0.13893
GO:0019730	antimicrobial humoral response	5	3	1.41	0.13893
GO:0019835	cytolysis	5	3	1.41	0.13893
GO:0030318	melanocyte differentiation	5	3	1.41	0.13893
GO:0030511	positive regulation of transforming grow...	5	3	1.41	0.13893
GO:0030540	female genitalia development	5	3	1.41	0.13893
GO:0031053	primary miRNA processing	5	3	1.41	0.13893
GO:0031120	snRNA pseudouridine synthesis	5	3	1.41	0.13893
GO:0031135	negative regulation of conjugation	5	3	1.41	0.13893
GO:0031138	negative regulation of conjugation with ...	5	3	1.41	0.13893
GO:0031150	sorocarp stalk development	5	3	1.41	0.13893
GO:0031529	ruffle organization	5	3	1.41	0.13893
GO:0032094	response to food	5	3	1.41	0.13893
GO:0032197	transposition, RNA-mediated	5	3	1.41	0.13893
GO:0034473	U1 snRNA 3'-end processing	5	3	1.41	0.13893
GO:0034476	U5 snRNA 3'-end processing	5	3	1.41	0.13893
GO:0035076	ecdysone receptor-mediated signaling pat...	5	3	1.41	0.13893
GO:0035670	plant-type ovary development	5	3	1.41	0.13893
GO:0035753	maintenance of DNA trinucleotide repeats	5	3	1.41	0.13893
GO:0042267	natural killer cell mediated cytotoxicit...	5	3	1.41	0.13893
GO:0042416	dopamine biosynthetic process	5	3	1.41	0.13893
GO:0042423	catecholamine biosynthetic process	5	3	1.41	0.13893
GO:0042438	melanin biosynthetic process	5	3	1.41	0.13893
GO:0042772	DNA damage response, signal transduction...	5	3	1.41	0.13893
GO:0043052	thermotaxis	5	3	1.41	0.13893
GO:0043174	nucleoside salvage	5	3	1.41	0.13893
GO:0043984	histone H4-K16 acetylation	5	3	1.41	0.13893
GO:0045668	negative regulation of osteoblast differ...	5	3	1.41	0.13893
GO:0046485	ether lipid metabolic process	5	3	1.41	0.13893
GO:0046504	glycerol ether biosynthetic process	5	3	1.41	0.13893
GO:0048246	macrophage chemotaxis	5	3	1.41	0.13893
GO:0048286	lung alveolus development	5	3	1.41	0.13893
GO:0048481	plant ovule development	5	3	1.41	0.13893
GO:0048574	long-day photoperiodism, flowering	5	3	1.41	0.13893
GO:0048708	astrocyte differentiation	5	3	1.41	0.13893
GO:0050922	negative regulation of chemotaxis	5	3	1.41	0.13893
GO:0061099	negative regulation of protein tyrosine ...	5	3	1.41	0.13893
GO:0070741	response to interleukin-6	5	3	1.41	0.13893
GO:0071354	cellular response to interleukin-6	5	3	1.41	0.13893
GO:0071474	cellular hyperosmotic response	5	3	1.41	0.13893
GO:0071475	cellular hyperosmotic salinity response	5	3	1.41	0.13893
GO:0071825	protein-lipid complex subunit organizati...	5	3	1.41	0.13893
GO:0090239	regulation of histone H4 acetylation	5	3	1.41	0.13893
GO:0090666	scaRNA localization to Cajal body	5	3	1.41	0.13893
GO:1901407	regulation of phosphorylation of RNA pol...	5	3	1.41	0.13893
GO:1901503	ether biosynthetic process	5	3	1.41	0.13893
GO:1902106	negative regulation of leukocyte differe...	5	3	1.41	0.13893
GO:1903025	regulation of RNA polymerase II regulato...	5	3	1.41	0.13893
GO:1903846	positive regulation of cellular response...	5	3	1.41	0.13893
GO:1903960	negative regulation of anion transmembra...	5	3	1.41	0.13893
GO:1904748	regulation of apoptotic process involved...	5	3	1.41	0.13893
GO:1904872	regulation of telomerase RNA localizatio...	5	3	1.41	0.13893
GO:1905517	macrophage migration	5	3	1.41	0.13893
GO:1990569	UDP-N-acetylglucosamine transmembrane tr...	5	3	1.41	0.13893
GO:0043085	positive regulation of catalytic activit...	246	77	69.17	0.14000
GO:0034613	cellular protein localization	545	164	153.24	0.14195
GO:0007623	circadian rhythm	44	16	12.37	0.14579
