GO.ID	Term	Annotated	Significant	Expected	classic
GO:0045840	positive regulation of mitotic nuclear d...	46	21	9.77	0.00017
GO:0042304	regulation of fatty acid biosynthetic pr...	13	9	2.76	0.00026
GO:0033866	nucleoside bisphosphate biosynthetic pro...	32	16	6.8	0.00028
GO:0034030	ribonucleoside bisphosphate biosynthetic...	32	16	6.8	0.00028
GO:0034033	purine nucleoside bisphosphate biosynthe...	32	16	6.8	0.00028
GO:0045835	negative regulation of meiotic nuclear d...	11	8	2.34	0.00036
GO:0044770	cell cycle phase transition	214	66	45.46	0.00042
GO:0062012	regulation of small molecule metabolic p...	97	35	20.61	0.00046
GO:0034035	purine ribonucleoside bisphosphate metab...	7	6	1.49	0.00052
GO:0034036	purine ribonucleoside bisphosphate biosy...	7	6	1.49	0.00052
GO:0050427	3'-phosphoadenosine 5'-phosphosulfate me...	7	6	1.49	0.00052
GO:0050428	3'-phosphoadenosine 5'-phosphosulfate bi...	7	6	1.49	0.00052
GO:0045931	positive regulation of mitotic cell cycl...	94	34	19.97	0.00053
GO:0062033	positive regulation of mitotic sister ch...	40	18	8.5	0.00061
GO:1901987	regulation of cell cycle phase transitio...	174	55	36.96	0.00067
GO:0051785	positive regulation of nuclear division	50	21	10.62	0.00068
GO:0009756	carbohydrate mediated signaling	12	8	2.55	0.00087
GO:0010182	sugar mediated signaling pathway	12	8	2.55	0.00087
GO:0045842	positive regulation of mitotic metaphase...	35	16	7.44	0.00099
GO:1901970	positive regulation of mitotic sister ch...	35	16	7.44	0.00099
GO:0051984	positive regulation of chromosome segreg...	48	20	10.2	0.00102
GO:0044772	mitotic cell cycle phase transition	201	61	42.7	0.00111
GO:0071705	nitrogen compound transport	568	148	120.67	0.00143
GO:0017148	negative regulation of translation	36	16	7.65	0.00143
GO:1901990	regulation of mitotic cell cycle phase t...	164	51	34.84	0.00157
GO:0000290	deadenylation-dependent decapping of nuc...	8	6	1.7	0.00170
GO:0051306	mitotic sister chromatid separation	67	25	14.23	0.00173
GO:0044403	symbiont process	126	41	26.77	0.00174
GO:0007346	regulation of mitotic cell cycle	225	66	47.8	0.00187
GO:0015833	peptide transport	472	125	100.27	0.00189
GO:0032787	monocarboxylic acid metabolic process	197	59	41.85	0.00191
GO:0006810	transport	945	232	200.76	0.00196
GO:1902101	positive regulation of metaphase/anaphas...	37	16	7.86	0.00203
GO:1905820	positive regulation of chromosome separa...	37	16	7.86	0.00203
GO:0046963	3'-phosphoadenosine 5'-phosphosulfate tr...	6	5	1.27	0.00211
GO:0050690	regulation of defense response to virus ...	6	5	1.27	0.00211
GO:1902559	3'-phospho-5'-adenylyl sulfate transmemb...	6	5	1.27	0.00211
GO:0042886	amide transport	482	127	102.4	0.00214
GO:0006605	protein targeting	198	59	42.06	0.00218
GO:0008340	determination of adult lifespan	79	28	16.78	0.00230
GO:0002183	cytoplasmic translational initiation	31	14	6.59	0.00235
GO:0045184	establishment of protein localization	484	127	102.82	0.00253
GO:0051234	establishment of localization	981	239	208.41	0.00259
GO:1901992	positive regulation of mitotic cell cycl...	69	25	14.66	0.00277
GO:0033865	nucleoside bisphosphate metabolic proces...	48	19	10.2	0.00278
GO:0033875	ribonucleoside bisphosphate metabolic pr...	48	19	10.2	0.00278
GO:0034032	purine nucleoside bisphosphate metabolic...	48	19	10.2	0.00278
GO:0016032	viral process	91	31	19.33	0.00281
GO:0034249	negative regulation of cellular amide me...	38	16	8.07	0.00284
GO:0051179	localization	1156	277	245.58	0.00286
GO:0072594	establishment of protein localization to...	245	70	52.05	0.00292
GO:0051301	cell division	205	60	43.55	0.00318
GO:0000278	mitotic cell cycle	384	103	81.58	0.00322
GO:0051983	regulation of chromosome segregation	88	30	18.69	0.00323
GO:0071702	organic substance transport	596	152	126.62	0.00325
GO:0043603	cellular amide metabolic process	466	122	99	0.00339
GO:0010259	multicellular organism aging	81	28	17.21	0.00350
GO:0043604	amide biosynthetic process	385	103	81.79	0.00353
GO:1901566	organonitrogen compound biosynthetic pro...	770	191	163.58	0.00357
GO:0006413	translational initiation	115	37	24.43	0.00358
GO:0000956	nuclear-transcribed mRNA catabolic proce...	119	38	25.28	0.00368
GO:0044272	sulfur compound biosynthetic process	74	26	15.72	0.00374
GO:0050896	response to stimulus	1764	406	374.75	0.00378
GO:0000027	ribosomal large subunit assembly	26	12	5.52	0.00384
GO:0015031	protein transport	455	119	96.66	0.00398
GO:0072330	monocarboxylic acid biosynthetic process	108	35	22.94	0.00399
GO:0006402	mRNA catabolic process	139	43	29.53	0.00402
GO:0007091	metaphase/anaphase transition of mitotic...	60	22	12.75	0.00412
GO:0030071	regulation of mitotic metaphase/anaphase...	60	22	12.75	0.00412
GO:0033047	regulation of mitotic sister chromatid s...	75	26	15.93	0.00461
GO:0022618	ribonucleoprotein complex assembly	156	47	33.14	0.00477
GO:0055085	transmembrane transport	308	84	65.43	0.00483
GO:0033045	regulation of sister chromatid segregati...	83	28	17.63	0.00517
GO:0006109	regulation of carbohydrate metabolic pro...	30	13	6.37	0.00518
GO:0010965	regulation of mitotic sister chromatid s...	61	22	12.96	0.00519
GO:0007568	aging	165	49	35.05	0.00546
GO:0044419	interspecies interaction between organis...	161	48	34.2	0.00547
GO:0034220	ion transmembrane transport	218	62	46.31	0.00563
GO:0009108	coenzyme biosynthetic process	118	37	25.07	0.00579
GO:0009152	purine ribonucleotide biosynthetic proce...	118	37	25.07	0.00579
GO:0090068	positive regulation of cell cycle proces...	122	38	25.92	0.00588
GO:0072413	signal transduction involved in mitotic ...	24	11	5.1	0.00598
GO:0033313	meiotic cell cycle checkpoint	7	5	1.49	0.00611
GO:0051085	chaperone cofactor-dependent protein ref...	7	5	1.49	0.00611
GO:0051781	positive regulation of cell division	51	19	10.83	0.00612
GO:0098655	cation transmembrane transport	138	42	29.32	0.00614
GO:0033044	regulation of chromosome organization	178	52	37.81	0.00614
GO:0016246	RNA interference	15	8	3.19	0.00614
GO:0043433	negative regulation of DNA-binding trans...	15	8	3.19	0.00614
GO:1903047	mitotic cell cycle process	353	94	74.99	0.00617
GO:0006401	RNA catabolic process	158	47	33.57	0.00623
GO:1901989	positive regulation of cell cycle phase ...	73	25	15.51	0.00647
GO:0044784	metaphase/anaphase transition of cell cy...	62	22	13.17	0.00648
GO:1902099	regulation of metaphase/anaphase transit...	62	22	13.17	0.00648
GO:0043933	protein-containing complex subunit organ...	624	156	132.56	0.00676
GO:0051783	regulation of nuclear division	123	38	26.13	0.00683
GO:0006732	coenzyme metabolic process	179	52	38.03	0.00694
GO:0008299	isoprenoid biosynthetic process	31	13	6.59	0.00723
GO:0072395	signal transduction involved in cell cyc...	31	13	6.59	0.00723
GO:0006518	peptide metabolic process	368	97	78.18	0.00744
GO:1901988	negative regulation of cell cycle phase ...	85	28	18.06	0.00748
GO:0098662	inorganic cation transmembrane transport	108	34	22.94	0.00748
GO:0016071	mRNA metabolic process	317	85	67.34	0.00753
GO:0035966	response to topologically incorrect prot...	74	25	15.72	0.00787
GO:0045047	protein targeting to ER	74	25	15.72	0.00787
GO:1905818	regulation of chromosome separation	63	22	13.38	0.00802
GO:0001196	regulation of mating-type specific trans...	5	4	1.06	0.00840
GO:0001198	negative regulation of mating-type speci...	5	4	1.06	0.00840
GO:0007532	regulation of mating-type specific trans...	5	4	1.06	0.00840
GO:0032088	negative regulation of NF-kappaB transcr...	5	4	1.06	0.00840
GO:0045894	negative regulation of mating-type speci...	5	4	1.06	0.00840
GO:0072364	regulation of cellular ketone metabolic ...	5	4	1.06	0.00840
GO:0100070	regulation of fatty acid biosynthetic pr...	5	4	1.06	0.00840
GO:1901994	negative regulation of meiotic cell cycl...	5	4	1.06	0.00840
GO:1902103	negative regulation of metaphase/anaphas...	5	4	1.06	0.00840
GO:1902407	assembly of actomyosin apparatus involve...	5	4	1.06	0.00840
GO:1903475	mitotic actomyosin contractile ring asse...	5	4	1.06	0.00840
GO:1905133	negative regulation of meiotic chromosom...	5	4	1.06	0.00840
GO:2000531	regulation of fatty acid biosynthetic pr...	5	4	1.06	0.00840
GO:0006633	fatty acid biosynthetic process	56	20	11.9	0.00853
GO:0009240	isopentenyl diphosphate biosynthetic pro...	10	6	2.12	0.00859
GO:0010466	negative regulation of peptidase activit...	10	6	2.12	0.00859
GO:0010951	negative regulation of endopeptidase act...	10	6	2.12	0.00859
GO:0045912	negative regulation of carbohydrate meta...	10	6	2.12	0.00859
GO:0046490	isopentenyl diphosphate metabolic proces...	10	6	2.12	0.00859
GO:0010033	response to organic substance	708	174	150.41	0.00870
GO:0006886	intracellular protein transport	383	100	81.37	0.00885
GO:0006892	post-Golgi vesicle-mediated transport	42	16	8.92	0.00904
GO:0006164	purine nucleotide biosynthetic process	121	37	25.71	0.00905
GO:0071826	ribonucleoprotein complex subunit organi...	165	48	35.05	0.00907
GO:0051304	chromosome separation	90	29	19.12	0.00920
GO:0046890	regulation of lipid biosynthetic process	60	21	12.75	0.00922
GO:0002181	cytoplasmic translation	145	43	30.8	0.00924
GO:0002188	translation reinitiation	3	3	0.64	0.00955
GO:0035268	protein mannosylation	3	3	0.64	0.00955
GO:0035269	protein O-linked mannosylation	3	3	0.64	0.00955
GO:0060339	negative regulation of type I interferon...	3	3	0.64	0.00955
GO:0071033	nuclear retention of pre-mRNA at the sit...	3	3	0.64	0.00955
GO:0097307	response to farnesol	3	3	0.64	0.00955
GO:0097308	cellular response to farnesol	3	3	0.64	0.00955
GO:1901261	regulation of sorocarp spore cell differ...	3	3	0.64	0.00955
GO:1901562	response to paraquat	3	3	0.64	0.00955
GO:1990151	protein localization to cell tip	3	3	0.64	0.00955
GO:0042026	protein refolding	13	7	2.76	0.00974
GO:0060261	positive regulation of transcription ini...	13	7	2.76	0.00974
GO:2000144	positive regulation of DNA-templated tra...	13	7	2.76	0.00974
GO:0060260	regulation of transcription initiation f...	16	8	3.4	0.01004
GO:0000041	transition metal ion transport	46	17	9.77	0.01018
GO:0019216	regulation of lipid metabolic process	83	27	17.63	0.01025
GO:0010564	regulation of cell cycle process	253	69	53.75	0.01043
GO:0051726	regulation of cell cycle	334	88	70.96	0.01085
GO:0031032	actomyosin structure organization	29	12	6.16	0.01101
GO:0044843	cell cycle G1/S phase transition	95	30	20.18	0.01109
GO:0072599	establishment of protein localization to...	76	25	16.15	0.01139
GO:0006412	translation	309	82	65.64	0.01144
GO:0010565	regulation of cellular ketone metabolic ...	36	14	7.65	0.01166
GO:0019217	regulation of fatty acid metabolic proce...	26	11	5.52	0.01221
GO:1902652	secondary alcohol metabolic process	26	11	5.52	0.01221
GO:0006955	immune response	259	70	55.02	0.01235
GO:0009100	glycoprotein metabolic process	96	30	20.39	0.01297
GO:0030866	cortical actin cytoskeleton organization	40	15	8.5	0.01330
GO:0044182	filamentous growth of a population of un...	40	15	8.5	0.01330
GO:0048639	positive regulation of developmental gro...	23	10	4.89	0.01342
GO:1902653	secondary alcohol biosynthetic process	23	10	4.89	0.01342
GO:0034063	stress granule assembly	8	5	1.7	0.01345
GO:0043154	negative regulation of cysteine-type end...	8	5	1.7	0.01345
GO:0046902	regulation of mitochondrial membrane per...	8	5	1.7	0.01345
GO:0051084	'de novo' posttranslational protein fold...	8	5	1.7	0.01345
GO:2000117	negative regulation of cysteine-type end...	8	5	1.7	0.01345
GO:0009260	ribonucleotide biosynthetic process	124	37	26.34	0.01370
GO:0046390	ribose phosphate biosynthetic process	124	37	26.34	0.01370
GO:0008610	lipid biosynthetic process	214	59	45.46	0.01375
GO:1901576	organic substance biosynthetic process	1507	346	320.15	0.01430
GO:0009751	response to salicylic acid	20	9	4.25	0.01457
GO:0051130	positive regulation of cellular componen...	244	66	51.84	0.01467
GO:0009814	defense response, incompatible interacti...	30	12	6.37	0.01490
GO:0051788	response to misfolded protein	30	12	6.37	0.01490
GO:0045087	innate immune response	153	44	32.5	0.01507
GO:0000281	mitotic cytokinesis	70	23	14.87	0.01511
GO:0043255	regulation of carbohydrate biosynthetic ...	17	8	3.61	0.01550
GO:0051447	negative regulation of meiotic cell cycl...	17	8	3.61	0.01550
GO:2000142	regulation of DNA-templated transcriptio...	17	8	3.61	0.01550
GO:0007088	regulation of mitotic nuclear division	109	33	23.16	0.01551
GO:0090559	regulation of membrane permeability	11	6	2.34	0.01555
GO:0046825	regulation of protein export from nucleu...	14	7	2.97	0.01597
GO:1901991	negative regulation of mitotic cell cycl...	78	25	16.57	0.01609
GO:0043043	peptide biosynthetic process	326	85	69.26	0.01614
GO:0045787	positive regulation of cell cycle	146	42	31.02	0.01724
GO:0010605	negative regulation of macromolecule met...	519	129	110.26	0.01730
GO:0060968	regulation of gene silencing	52	18	11.05	0.01732
GO:0051302	regulation of cell division	94	29	19.97	0.01732
GO:0000910	cytokinesis	98	30	20.82	0.01750
GO:0071310	cellular response to organic substance	440	111	93.47	0.01753
GO:0009408	response to heat	102	31	21.67	0.01764
GO:0042255	ribosome assembly	56	19	11.9	0.01837
GO:0045927	positive regulation of growth	45	16	9.56	0.01857
GO:0072657	protein localization to membrane	151	43	32.08	0.01918
GO:0010629	negative regulation of gene expression	398	101	84.55	0.01974
GO:0006367	transcription initiation from RNA polyme...	49	17	10.41	0.01997
GO:0008104	protein localization	646	157	137.24	0.01999
GO:0006352	DNA-templated transcription, initiation	64	21	13.6	0.02007
GO:0043902	positive regulation of multi-organism pr...	64	21	13.6	0.02007
GO:0036267	invasive filamentous growth	21	9	4.46	0.02080
GO:0006111	regulation of gluconeogenesis	6	4	1.27	0.02098
GO:0006516	glycoprotein catabolic process	6	4	1.27	0.02098
GO:0006828	manganese ion transport	6	4	1.27	0.02098
GO:0019288	isopentenyl diphosphate biosynthetic pro...	6	4	1.27	0.02098
GO:0031291	Ran protein signal transduction	6	4	1.27	0.02098
GO:0031938	regulation of chromatin silencing at tel...	6	4	1.27	0.02098
GO:0032466	negative regulation of cytokinesis	6	4	1.27	0.02098
GO:0033077	T cell differentiation in thymus	6	4	1.27	0.02098
GO:0043243	positive regulation of protein complex d...	6	4	1.27	0.02098
GO:0061014	positive regulation of mRNA catabolic pr...	6	4	1.27	0.02098
GO:0071421	manganese ion transmembrane transport	6	4	1.27	0.02098
GO:0022402	cell cycle process	478	119	101.55	0.02115
GO:0007093	mitotic cell cycle checkpoint	72	23	15.3	0.02133
GO:0010558	negative regulation of macromolecule bio...	261	69	55.45	0.02147
GO:0051172	negative regulation of nitrogen compound...	382	97	81.15	0.02185
GO:0006897	endocytosis	140	40	29.74	0.02218
GO:0006081	cellular aldehyde metabolic process	28	11	5.95	0.02244
GO:0061640	cytoskeleton-dependent cytokinesis	84	26	17.85	0.02254
GO:0072522	purine-containing compound biosynthetic ...	132	38	28.04	0.02258
GO:0001403	invasive growth in response to glucose l...	18	8	3.82	0.02282
GO:0006695	cholesterol biosynthetic process	18	8	3.82	0.02282
GO:0106118	regulation of sterol biosynthetic proces...	18	8	3.82	0.02282
GO:0006720	isoprenoid metabolic process	46	16	9.77	0.02305
GO:0006082	organic acid metabolic process	431	108	91.56	0.02318
GO:0043436	oxoacid metabolic process	431	108	91.56	0.02318
GO:0006631	fatty acid metabolic process	112	33	23.79	0.02321
GO:0019538	protein metabolic process	1299	299	275.96	0.02407
GO:0019682	glyceraldehyde-3-phosphate metabolic pro...	15	7	3.19	0.02457
GO:0097384	cellular lipid biosynthetic process	15	7	3.19	0.02457
GO:0000338	protein deneddylation	9	5	1.91	0.02504
GO:0006029	proteoglycan metabolic process	9	5	1.91	0.02504
GO:0009863	salicylic acid mediated signaling pathwa...	9	5	1.91	0.02504
GO:0015012	heparan sulfate proteoglycan biosyntheti...	9	5	1.91	0.02504
GO:0030166	proteoglycan biosynthetic process	9	5	1.91	0.02504
GO:0030201	heparan sulfate proteoglycan metabolic p...	9	5	1.91	0.02504
GO:0045940	positive regulation of steroid metabolic...	9	5	1.91	0.02504
GO:0098660	inorganic ion transmembrane transport	137	39	29.1	0.02514
GO:0000184	nuclear-transcribed mRNA catabolic proce...	77	24	16.36	0.02554
GO:0016128	phytosteroid metabolic process	12	6	2.55	0.02561
GO:0016129	phytosteroid biosynthetic process	12	6	2.55	0.02561
GO:0016584	nucleosome positioning	12	6	2.55	0.02561
GO:0040018	positive regulation of multicellular org...	12	6	2.55	0.02561
GO:0071446	cellular response to salicylic acid stim...	12	6	2.55	0.02561
GO:0010948	negative regulation of cell cycle proces...	129	37	27.4	0.02563
GO:0051090	regulation of DNA-binding transcription ...	32	12	6.8	0.02566
GO:0043900	regulation of multi-organism process	125	36	26.56	0.02585
GO:0070972	protein localization to endoplasmic reti...	81	25	17.21	0.02589
GO:0009651	response to salt stress	113	33	24.01	0.02636
GO:0030865	cortical cytoskeleton organization	43	15	9.13	0.02661
GO:0032940	secretion by cell	196	53	41.64	0.02744
GO:0032269	negative regulation of cellular protein ...	171	47	36.33	0.02779
GO:0031647	regulation of protein stability	66	21	14.02	0.02832
GO:0046903	secretion	209	56	44.4	0.02834
GO:0040020	regulation of meiotic nuclear division	22	9	4.67	0.02875
GO:0044837	actomyosin contractile ring organization	22	9	4.67	0.02875
GO:0042180	cellular ketone metabolic process	70	22	14.87	0.02891
GO:0065003	protein-containing complex assembly	550	134	116.84	0.02940
GO:0071218	cellular response to misfolded protein	29	11	6.16	0.02943
GO:0090407	organophosphate biosynthetic process	252	66	53.54	0.02948
GO:0009058	biosynthetic process	1547	351	328.65	0.02969
GO:0045930	negative regulation of mitotic cell cycl...	110	32	23.37	0.03002
GO:0044092	negative regulation of molecular functio...	151	42	32.08	0.03011
GO:0006812	cation transport	176	48	37.39	0.03014
GO:0016053	organic acid biosynthetic process	214	57	45.46	0.03034
GO:0046394	carboxylic acid biosynthetic process	214	57	45.46	0.03034
GO:0051248	negative regulation of protein metabolic...	172	47	36.54	0.03068
GO:0032506	cytokinetic process	40	14	8.5	0.03076
GO:0007049	cell cycle	533	130	113.23	0.03083
GO:0070647	protein modification by small protein co...	244	64	51.84	0.03085
GO:0006417	regulation of translation	135	38	28.68	0.03184
GO:0001960	negative regulation of cytokine-mediated...	4	3	0.85	0.03215
GO:0006449	regulation of translational termination	4	3	0.85	0.03215
GO:0006829	zinc ion transport	4	3	0.85	0.03215
GO:0010216	maintenance of DNA methylation	4	3	0.85	0.03215
GO:0010907	positive regulation of glucose metabolic...	4	3	0.85	0.03215
GO:0015985	energy coupled proton transport, down el...	4	3	0.85	0.03215
GO:0015986	ATP synthesis coupled proton transport	4	3	0.85	0.03215
GO:0030212	hyaluronan metabolic process	4	3	0.85	0.03215
GO:0031086	nuclear-transcribed mRNA catabolic proce...	4	3	0.85	0.03215
GO:0031087	deadenylation-independent decapping of n...	4	3	0.85	0.03215
GO:0031638	zymogen activation	4	3	0.85	0.03215
GO:0033316	meiotic spindle assembly checkpoint	4	3	0.85	0.03215
GO:0042262	DNA protection	4	3	0.85	0.03215
GO:0044346	fibroblast apoptotic process	4	3	0.85	0.03215
GO:0044396	actin cortical patch organization	4	3	0.85	0.03215
GO:0044779	meiotic spindle checkpoint	4	3	0.85	0.03215
GO:0045722	positive regulation of gluconeogenesis	4	3	0.85	0.03215
GO:0046635	positive regulation of alpha-beta T cell...	4	3	0.85	0.03215
GO:0051693	actin filament capping	4	3	0.85	0.03215
GO:0060761	negative regulation of response to cytok...	4	3	0.85	0.03215
GO:0043588	skin development	19	8	4.04	0.03228
GO:1902930	regulation of alcohol biosynthetic proce...	19	8	4.04	0.03228
GO:0044249	cellular biosynthetic process	1521	345	323.12	0.03250
GO:1902600	proton transmembrane transport	44	15	9.35	0.03272
GO:0006446	regulation of translational initiation	33	12	7.01	0.03279
GO:0006898	receptor-mediated endocytosis	33	12	7.01	0.03279
GO:0016126	sterol biosynthetic process	26	10	5.52	0.03373
GO:0098657	import into cell	148	41	31.44	0.03394
GO:0071824	protein-DNA complex subunit organization	103	30	21.88	0.03439
GO:0031329	regulation of cellular catabolic process	254	66	53.96	0.03461
GO:2000113	negative regulation of cellular macromol...	254	66	53.96	0.03461
GO:0000082	G1/S transition of mitotic cell cycle	91	27	19.33	0.03472
GO:0031327	negative regulation of cellular biosynth...	276	71	58.63	0.03587
GO:0006493	protein O-linked glycosylation	16	7	3.4	0.03588
GO:0009629	response to gravity	16	7	3.4	0.03588
GO:0030217	T cell differentiation	16	7	3.4	0.03588
GO:0035384	thioester biosynthetic process	16	7	3.4	0.03588
GO:0045540	regulation of cholesterol biosynthetic p...	16	7	3.4	0.03588
GO:0071616	acyl-CoA biosynthetic process	16	7	3.4	0.03588
GO:0034613	cellular protein localization	545	132	115.78	0.03664
GO:0044271	cellular nitrogen compound biosynthetic ...	1091	252	231.77	0.03669
GO:0042221	response to chemical	1068	247	226.89	0.03678
GO:0031331	positive regulation of cellular cataboli...	120	34	25.49	0.03740
GO:0090150	establishment of protein localization to...	116	33	24.64	0.03782
GO:0071322	cellular response to carbohydrate stimul...	30	11	6.37	0.03785
GO:0051649	establishment of localization in cell	568	137	120.67	0.03789
GO:0007265	Ras protein signal transduction	41	14	8.71	0.03790
GO:1903902	positive regulation of viral life cycle	23	9	4.89	0.03860
GO:0070727	cellular macromolecule localization	564	136	119.82	0.03888
GO:0044265	cellular macromolecule catabolic process	404	100	85.83	0.03919
GO:0008637	apoptotic mitochondrial changes	13	6	2.76	0.03921
GO:0030104	water homeostasis	13	6	2.76	0.03921
GO:0044107	cellular alcohol metabolic process	13	6	2.76	0.03921
GO:0052167	modulation by symbiont of host innate im...	13	6	2.76	0.03921
GO:0052306	modulation by organism of innate immune ...	13	6	2.76	0.03921
GO:0052552	modulation by organism of immune respons...	13	6	2.76	0.03921
GO:0052553	modulation by symbiont of host immune re...	13	6	2.76	0.03921
GO:0071028	nuclear mRNA surveillance	13	6	2.76	0.03921
GO:0009101	glycoprotein biosynthetic process	88	26	18.69	0.03970
GO:0044774	mitotic DNA integrity checkpoint	45	15	9.56	0.03980
GO:0044281	small molecule metabolic process	736	174	156.36	0.04016
GO:0044255	cellular lipid metabolic process	282	72	59.91	0.04059
GO:0001113	transcriptional open complex formation a...	7	4	1.49	0.04081
GO:0010603	regulation of cytoplasmic mRNA processin...	7	4	1.49	0.04081
GO:0010677	negative regulation of cellular carbohyd...	7	4	1.49	0.04081
GO:0044785	metaphase/anaphase transition of meiotic...	7	4	1.49	0.04081
GO:0045070	positive regulation of viral genome repl...	7	4	1.49	0.04081
GO:0045580	regulation of T cell differentiation	7	4	1.49	0.04081
GO:0045619	regulation of lymphocyte differentiation	7	4	1.49	0.04081
GO:0046634	regulation of alpha-beta T cell activati...	7	4	1.49	0.04081
GO:0090175	regulation of establishment of planar po...	7	4	1.49	0.04081
GO:1901993	regulation of meiotic cell cycle phase t...	7	4	1.49	0.04081
GO:1902102	regulation of metaphase/anaphase transit...	7	4	1.49	0.04081
GO:1905132	regulation of meiotic chromosome separat...	7	4	1.49	0.04081
GO:1905710	positive regulation of membrane permeabi...	7	4	1.49	0.04081
GO:2001257	regulation of cation channel activity	7	4	1.49	0.04081
GO:0009892	negative regulation of metabolic process	565	136	120.03	0.04101
GO:0006090	pyruvate metabolic process	49	16	10.41	0.04134
GO:0000912	assembly of actomyosin apparatus involve...	10	5	2.12	0.04148
GO:0000915	actomyosin contractile ring assembly	10	5	2.12	0.04148
GO:0006696	ergosterol biosynthetic process	10	5	2.12	0.04148
GO:0008204	ergosterol metabolic process	10	5	2.12	0.04148
GO:0016108	tetraterpenoid metabolic process	10	5	2.12	0.04148
GO:0016116	carotenoid metabolic process	10	5	2.12	0.04148
GO:0030437	ascospore formation	10	5	2.12	0.04148
GO:0044108	cellular alcohol biosynthetic process	10	5	2.12	0.04148
GO:0046015	regulation of transcription by glucose	10	5	2.12	0.04148
GO:0071395	cellular response to jasmonic acid stimu...	10	5	2.12	0.04148
GO:0006887	exocytosis	117	33	24.86	0.04238
GO:0046907	intracellular transport	512	124	108.77	0.04259
GO:0019218	regulation of steroid metabolic process	27	10	5.74	0.04371
GO:1902410	mitotic cytokinetic process	27	10	5.74	0.04371
GO:0006458	'de novo' protein folding	20	8	4.25	0.04408
GO:0008203	cholesterol metabolic process	20	8	4.25	0.04408
GO:0009648	photoperiodism	20	8	4.25	0.04408
GO:0032878	regulation of establishment or maintenan...	20	8	4.25	0.04408
GO:0036260	RNA capping	20	8	4.25	0.04408
GO:0043254	regulation of protein complex assembly	97	28	20.61	0.04464
GO:0009890	negative regulation of biosynthetic proc...	279	71	59.27	0.04471
GO:0006565	L-serine catabolic process	2	2	0.42	0.04508
GO:0006593	ornithine catabolic process	2	2	0.42	0.04508
GO:0006679	glucosylceramide biosynthetic process	2	2	0.42	0.04508
GO:0009125	nucleoside monophosphate catabolic proce...	2	2	0.42	0.04508
GO:0009128	purine nucleoside monophosphate cataboli...	2	2	0.42	0.04508
GO:0009158	ribonucleoside monophosphate catabolic p...	2	2	0.42	0.04508
GO:0009169	purine ribonucleoside monophosphate cata...	2	2	0.42	0.04508
GO:0009789	positive regulation of abscisic acid-act...	2	2	0.42	0.04508
GO:0010207	photosystem II assembly	2	2	0.42	0.04508
GO:0010229	inflorescence development	2	2	0.42	0.04508
GO:0010960	magnesium ion homeostasis	2	2	0.42	0.04508
GO:0015838	amino-acid betaine transport	2	2	0.42	0.04508
GO:0019348	dolichol metabolic process	2	2	0.42	0.04508
GO:0023058	adaptation of signaling pathway	2	2	0.42	0.04508
GO:0031639	plasminogen activation	2	2	0.42	0.04508
GO:0031919	vitamin B6 transport	2	2	0.42	0.04508
GO:0031921	pyridoxal phosphate transport	2	2	0.42	0.04508
GO:0031939	negative regulation of chromatin silenci...	2	2	0.42	0.04508
GO:0033081	regulation of T cell differentiation in ...	2	2	0.42	0.04508
GO:0033489	cholesterol biosynthetic process via des...	2	2	0.42	0.04508
GO:0033490	cholesterol biosynthetic process via lat...	2	2	0.42	0.04508
GO:0035646	endosome to melanosome transport	2	2	0.42	0.04508
GO:0036246	phytochelatin 2 import into vacuole	2	2	0.42	0.04508
GO:0036249	cadmium ion import into vacuole	2	2	0.42	0.04508
GO:0042069	regulation of catecholamine metabolic pr...	2	2	0.42	0.04508
GO:0042178	xenobiotic catabolic process	2	2	0.42	0.04508
GO:0042776	mitochondrial ATP synthesis coupled prot...	2	2	0.42	0.04508
GO:0043335	protein unfolding	2	2	0.42	0.04508
GO:0043418	homocysteine catabolic process	2	2	0.42	0.04508
GO:0046476	glycosylceramide biosynthetic process	2	2	0.42	0.04508
GO:0048668	collateral sprouting	2	2	0.42	0.04508
GO:0048670	regulation of collateral sprouting	2	2	0.42	0.04508
GO:0048671	negative regulation of collateral sprout...	2	2	0.42	0.04508
GO:0050926	regulation of positive chemotaxis	2	2	0.42	0.04508
GO:0051365	cellular response to potassium ion starv...	2	2	0.42	0.04508
GO:0060351	cartilage development involved in endoch...	2	2	0.42	0.04508
GO:0061484	hematopoietic stem cell homeostasis	2	2	0.42	0.04508
GO:0071030	nuclear mRNA surveillance of spliceosoma...	2	2	0.42	0.04508
GO:0071049	nuclear retention of pre-mRNA with aberr...	2	2	0.42	0.04508
GO:0071493	cellular response to UV-B	2	2	0.42	0.04508
GO:0071993	phytochelatin transport	2	2	0.42	0.04508
GO:0071994	phytochelatin transmembrane transport	2	2	0.42	0.04508
GO:0071995	phytochelatin import into vacuole	2	2	0.42	0.04508
GO:0071996	glutathione transmembrane import into va...	2	2	0.42	0.04508
GO:0072416	signal transduction involved in spindle ...	2	2	0.42	0.04508
GO:0072477	signal transduction involved in mitotic ...	2	2	0.42	0.04508
GO:0072480	signal transduction involved in mitotic ...	2	2	0.42	0.04508
GO:0072486	signal transduction involved in spindle ...	2	2	0.42	0.04508
GO:0072676	lymphocyte migration	2	2	0.42	0.04508
GO:0072678	T cell migration	2	2	0.42	0.04508
GO:0090042	tubulin deacetylation	2	2	0.42	0.04508
GO:0090043	regulation of tubulin deacetylation	2	2	0.42	0.04508
GO:0090160	Golgi to lysosome transport	2	2	0.42	0.04508
GO:0090233	negative regulation of spindle checkpoin...	2	2	0.42	0.04508
GO:0090436	leaf pavement cell development	2	2	0.42	0.04508
GO:0097050	type B pancreatic cell apoptotic process	2	2	0.42	0.04508
GO:0099022	vesicle tethering	2	2	0.42	0.04508
GO:0099134	chimeric sorocarp development	2	2	0.42	0.04508
GO:0099135	chimeric colonial development	2	2	0.42	0.04508
GO:0099136	chimeric non-reproductive fruiting body ...	2	2	0.42	0.04508
GO:0099139	cheating during chimeric sorocarp develo...	2	2	0.42	0.04508
GO:0110029	negative regulation of meiosis I	2	2	0.42	0.04508
GO:1900436	positive regulation of filamentous growt...	2	2	0.42	0.04508
GO:1900490	positive regulation of hydroxymethylglut...	2	2	0.42	0.04508
GO:1901421	positive regulation of response to alcoh...	2	2	0.42	0.04508
GO:1901535	regulation of DNA demethylation	2	2	0.42	0.04508
GO:1901537	positive regulation of DNA demethylation	2	2	0.42	0.04508
GO:1902413	negative regulation of mitotic cytokines...	2	2	0.42	0.04508
GO:1902426	deactivation of mitotic spindle assembly...	2	2	0.42	0.04508
GO:1903066	regulation of protein localization to ce...	2	2	0.42	0.04508
GO:1903437	negative regulation of mitotic cytokinet...	2	2	0.42	0.04508
GO:1903499	regulation of mitotic actomyosin contrac...	2	2	0.42	0.04508
GO:1905959	positive regulation of cellular response...	2	2	0.42	0.04508
GO:1990540	mitochondrial manganese ion transmembran...	2	2	0.42	0.04508
GO:2000431	regulation of cytokinesis, actomyosin co...	2	2	0.42	0.04508
GO:2000674	regulation of type B pancreatic cell apo...	2	2	0.42	0.04508
GO:2000676	positive regulation of type B pancreatic...	2	2	0.42	0.04508
GO:2001215	regulation of hydroxymethylglutaryl-CoA ...	2	2	0.42	0.04508
GO:0006612	protein targeting to membrane	89	26	18.91	0.04522
GO:1901362	organic cyclic compound biosynthetic pro...	889	207	188.86	0.04522
GO:0048193	Golgi vesicle transport	126	35	26.77	0.04596
GO:0044267	cellular protein metabolic process	1217	278	258.54	0.04630
GO:0051704	multi-organism process	730	172	155.08	0.04644
GO:0006790	sulfur compound metabolic process	164	44	34.84	0.04752
GO:0006903	vesicle targeting	31	11	6.59	0.04781
GO:0009057	macromolecule catabolic process	443	108	94.11	0.04842
GO:0006366	transcription by RNA polymerase II	302	76	64.16	0.04871
GO:0033365	protein localization to organelle	346	86	73.5	0.04928
GO:0007349	cellularization	17	7	3.61	0.05015
GO:0010016	shoot system morphogenesis	17	7	3.61	0.05015
GO:0044804	autophagy of nucleus	17	7	3.61	0.05015
GO:0045948	positive regulation of translational ini...	17	7	3.61	0.05015
GO:0070784	regulation of growth of unicellular orga...	17	7	3.61	0.05015
GO:0071963	establishment or maintenance of cell pol...	17	7	3.61	0.05015
GO:0090181	regulation of cholesterol metabolic proc...	17	7	3.61	0.05015
GO:1901679	nucleotide transmembrane transport	17	7	3.61	0.05015
GO:0031324	negative regulation of cellular metaboli...	417	102	88.59	0.05025
GO:0007264	small GTPase mediated signal transductio...	54	17	11.47	0.05033
GO:0050810	regulation of steroid biosynthetic proce...	24	9	5.1	0.05052
GO:0070783	growth of unicellular organism as a thre...	24	9	5.1	0.05052
GO:1900428	regulation of filamentous growth of a po...	24	9	5.1	0.05052
GO:0032101	regulation of response to external stimu...	94	27	19.97	0.05084
GO:0031334	positive regulation of protein complex a...	58	18	12.32	0.05110
GO:0006629	lipid metabolic process	329	82	69.89	0.05111
GO:1901564	organonitrogen compound metabolic proces...	1721	385	365.61	0.05113
GO:0033043	regulation of organelle organization	360	89	76.48	0.05178
GO:0006950	response to stress	1141	261	242.4	0.05181
GO:0070646	protein modification by small protein re...	82	24	17.42	0.05192
GO:0034655	nucleobase-containing compound catabolic...	238	61	50.56	0.05298
GO:0042364	water-soluble vitamin biosynthetic proce...	39	13	8.29	0.05361
GO:0043903	regulation of symbiosis, encompassing mu...	39	13	8.29	0.05361
GO:0051784	negative regulation of nuclear division	39	13	8.29	0.05361
GO:0051641	cellular localization	706	166	149.98	0.05396
GO:0019752	carboxylic acid metabolic process	405	99	86.04	0.05421
GO:1901137	carbohydrate derivative biosynthetic pro...	260	66	55.23	0.05427
GO:0030001	metal ion transport	111	31	23.58	0.05434
GO:0009150	purine ribonucleotide metabolic process	187	49	39.73	0.05546
GO:1903900	regulation of viral life cycle	28	10	5.95	0.05553
GO:0006357	regulation of transcription by RNA polym...	256	65	54.39	0.05562
GO:0007283	spermatogenesis	128	35	27.19	0.05650
GO:0043583	ear development	14	6	2.97	0.05664
GO:0052564	response to immune response of other org...	14	6	2.97	0.05664
GO:0052572	response to host immune response	14	6	2.97	0.05664
GO:0060236	regulation of mitotic spindle organizati...	14	6	2.97	0.05664
GO:0071025	RNA surveillance	14	6	2.97	0.05664
GO:0071027	nuclear RNA surveillance	14	6	2.97	0.05664
GO:0090224	regulation of spindle organization	14	6	2.97	0.05664
GO:2000217	regulation of invasive growth in respons...	14	6	2.97	0.05664
GO:0010467	gene expression	1148	262	243.88	0.05684
GO:2001252	positive regulation of chromosome organi...	95	27	20.18	0.05727
GO:0006811	ion transport	287	72	60.97	0.05755
GO:0044248	cellular catabolic process	744	174	158.06	0.05803
GO:0007041	lysosomal transport	51	16	10.83	0.05823
GO:0010675	regulation of cellular carbohydrate meta...	21	8	4.46	0.05841
GO:0072348	sulfur compound transport	21	8	4.46	0.05841
GO:1902403	signal transduction involved in mitotic ...	21	8	4.46	0.05841
GO:0017038	protein import	83	24	17.63	0.05895
GO:2001233	regulation of apoptotic signaling pathwa...	55	17	11.68	0.05902
GO:0009894	regulation of catabolic process	270	68	57.36	0.05940
GO:1902749	regulation of cell cycle G2/M phase tran...	63	19	13.38	0.05984
GO:0000398	mRNA splicing, via spliceosome	137	37	29.1	0.06002
GO:0010638	positive regulation of organelle organiz...	154	41	32.72	0.06067
GO:2000241	regulation of reproductive process	108	30	22.94	0.06148
GO:0044773	mitotic DNA damage checkpoint	36	12	7.65	0.06237
GO:1902750	negative regulation of cell cycle G2/M p...	36	12	7.65	0.06237
GO:0051188	cofactor biosynthetic process	180	47	38.24	0.06306
GO:0001825	blastocyst formation	11	5	2.34	0.06309
GO:0006620	posttranslational protein targeting to e...	11	5	2.34	0.06309
GO:0009630	gravitropism	11	5	2.34	0.06309
GO:0032640	tumor necrosis factor production	11	5	2.34	0.06309
GO:0032680	regulation of tumor necrosis factor prod...	11	5	2.34	0.06309
GO:0046631	alpha-beta T cell activation	11	5	2.34	0.06309
GO:0051205	protein insertion into membrane	11	5	2.34	0.06309
GO:0052166	positive regulation by symbiont of host ...	11	5	2.34	0.06309
GO:0052305	positive regulation by organism of innat...	11	5	2.34	0.06309
GO:0052555	positive regulation by organism of immun...	11	5	2.34	0.06309
GO:0052556	positive regulation by symbiont of host ...	11	5	2.34	0.06309
GO:0061387	regulation of extent of cell growth	11	5	2.34	0.06309
GO:0071706	tumor necrosis factor superfamily cytoki...	11	5	2.34	0.06309
GO:0072530	purine-containing compound transmembrane...	11	5	2.34	0.06309
GO:1903555	regulation of tumor necrosis factor supe...	11	5	2.34	0.06309
GO:1905330	regulation of morphogenesis of an epithe...	11	5	2.34	0.06309
GO:0000375	RNA splicing, via transesterification re...	146	39	31.02	0.06328
GO:0008380	RNA splicing	163	43	34.63	0.06344
GO:0032268	regulation of cellular protein metabolic...	493	118	104.73	0.06453
GO:0010570	regulation of filamentous growth	25	9	5.31	0.06462
GO:0009165	nucleotide biosynthetic process	159	42	33.78	0.06486
GO:0048366	leaf development	44	14	9.35	0.06627
GO:0062013	positive regulation of small molecule me...	44	14	9.35	0.06627
GO:0065002	intracellular protein transmembrane tran...	44	14	9.35	0.06627
GO:0048367	shoot system development	84	24	17.85	0.06664
GO:0006839	mitochondrial transport	80	23	17	0.06730
GO:0009817	defense response to fungus, incompatible...	18	7	3.82	0.06753
GO:0015868	purine ribonucleotide transport	18	7	3.82	0.06753
GO:0016114	terpenoid biosynthetic process	18	7	3.82	0.06753
GO:0050863	regulation of T cell activation	18	7	3.82	0.06753
GO:0051503	adenine nucleotide transport	18	7	3.82	0.06753
GO:0001829	trophectodermal cell differentiation	5	3	1.06	0.06777
GO:0006110	regulation of glycolytic process	5	3	1.06	0.06777
GO:0006501	C-terminal protein lipidation	5	3	1.06	0.06777
GO:0006727	ommochrome biosynthetic process	5	3	1.06	0.06777
GO:0007266	Rho protein signal transduction	5	3	1.06	0.06777
GO:0008055	ocellus pigment biosynthetic process	5	3	1.06	0.06777
GO:0009102	biotin biosynthetic process	5	3	1.06	0.06777
GO:0010676	positive regulation of cellular carbohyd...	5	3	1.06	0.06777
GO:0019081	viral translation	5	3	1.06	0.06777
GO:0030811	regulation of nucleotide catabolic proce...	5	3	1.06	0.06777
GO:0031573	intra-S DNA damage checkpoint	5	3	1.06	0.06777
GO:0032239	regulation of nucleobase-containing comp...	5	3	1.06	0.06777
GO:0032438	melanosome organization	5	3	1.06	0.06777
GO:0033060	ocellus pigmentation	5	3	1.06	0.06777
GO:0034381	plasma lipoprotein particle clearance	5	3	1.06	0.06777
GO:0034383	low-density lipoprotein particle clearan...	5	3	1.06	0.06777
GO:0035794	positive regulation of mitochondrial mem...	5	3	1.06	0.06777
GO:0035977	protein deglycosylation involved in glyc...	5	3	1.06	0.06777
GO:0042471	ear morphogenesis	5	3	1.06	0.06777
GO:0045570	regulation of imaginal disc growth	5	3	1.06	0.06777
GO:0045582	positive regulation of T cell differenti...	5	3	1.06	0.06777
GO:0045621	positive regulation of lymphocyte differ...	5	3	1.06	0.06777
GO:0046152	ommochrome metabolic process	5	3	1.06	0.06777
GO:0046158	ocellus pigment metabolic process	5	3	1.06	0.06777
GO:0046831	regulation of RNA export from nucleus	5	3	1.06	0.06777
GO:0046949	fatty-acyl-CoA biosynthetic process	5	3	1.06	0.06777
GO:0048825	cotyledon development	5	3	1.06	0.06777
GO:0051204	protein insertion into mitochondrial mem...	5	3	1.06	0.06777
GO:0070306	lens fiber cell differentiation	5	3	1.06	0.06777
GO:0071629	cytoplasm protein quality control by the...	5	3	1.06	0.06777
GO:0072520	seminiferous tubule development	5	3	1.06	0.06777
GO:0097466	ubiquitin-dependent glycoprotein ERAD pa...	5	3	1.06	0.06777
GO:0106120	positive regulation of sterol biosynthet...	5	3	1.06	0.06777
GO:1901004	ubiquinone-6 metabolic process	5	3	1.06	0.06777
GO:1901006	ubiquinone-6 biosynthetic process	5	3	1.06	0.06777
GO:1901977	negative regulation of cell cycle checkp...	5	3	1.06	0.06777
GO:1902107	positive regulation of leukocyte differe...	5	3	1.06	0.06777
GO:1902626	assembly of large subunit precursor of p...	5	3	1.06	0.06777
GO:1902686	mitochondrial outer membrane permeabiliz...	5	3	1.06	0.06777
GO:1903510	mucopolysaccharide metabolic process	5	3	1.06	0.06777
GO:0006733	oxidoreduction coenzyme metabolic proces...	76	22	16.15	0.06788
GO:0000430	regulation of transcription from RNA pol...	8	4	1.7	0.06817
GO:0000433	carbon catabolite repression of transcri...	8	4	1.7	0.06817
GO:0001731	formation of translation preinitiation c...	8	4	1.7	0.06817
GO:0001732	formation of cytoplasmic translation ini...	8	4	1.7	0.06817
GO:0006267	pre-replicative complex assembly involve...	8	4	1.7	0.06817
GO:0007009	plasma membrane organization	8	4	1.7	0.06817
GO:0010893	positive regulation of steroid biosynthe...	8	4	1.7	0.06817
GO:0016109	tetraterpenoid biosynthetic process	8	4	1.7	0.06817
GO:0016117	carotenoid biosynthetic process	8	4	1.7	0.06817
GO:0019048	modulation by virus of host morphology o...	8	4	1.7	0.06817
GO:0030516	regulation of axon extension	8	4	1.7	0.06817
GO:0030835	negative regulation of actin filament de...	8	4	1.7	0.06817
GO:0031204	posttranslational protein targeting to m...	8	4	1.7	0.06817
GO:0035088	establishment or maintenance of apical/b...	8	4	1.7	0.06817
GO:0035950	regulation of oligopeptide transport by ...	8	4	1.7	0.06817
GO:0035952	negative regulation of oligopeptide tran...	8	4	1.7	0.06817
GO:0035953	regulation of dipeptide transport by reg...	8	4	1.7	0.06817
GO:0035955	negative regulation of dipeptide transpo...	8	4	1.7	0.06817
GO:0036388	pre-replicative complex assembly	8	4	1.7	0.06817
GO:0042759	long-chain fatty acid biosynthetic proce...	8	4	1.7	0.06817
GO:0042938	dipeptide transport	8	4	1.7	0.06817
GO:0044110	growth involved in symbiotic interaction	8	4	1.7	0.06817
GO:0044116	growth of symbiont involved in interacti...	8	4	1.7	0.06817
GO:0044117	growth of symbiont in host	8	4	1.7	0.06817
GO:0044771	meiotic cell cycle phase transition	8	4	1.7	0.06817
GO:0045013	carbon catabolite repression of transcri...	8	4	1.7	0.06817
GO:0045014	carbon catabolite repression of transcri...	8	4	1.7	0.06817
GO:0045898	regulation of RNA polymerase II transcri...	8	4	1.7	0.06817
GO:0045899	positive regulation of RNA polymerase II...	8	4	1.7	0.06817
GO:0050918	positive chemotaxis	8	4	1.7	0.06817
GO:0061984	catabolite repression	8	4	1.7	0.06817
GO:0061985	carbon catabolite repression	8	4	1.7	0.06817
GO:0061986	negative regulation of transcription by ...	8	4	1.7	0.06817
GO:0061987	negative regulation of transcription fro...	8	4	1.7	0.06817
GO:0090088	regulation of oligopeptide transport	8	4	1.7	0.06817
GO:0090089	regulation of dipeptide transport	8	4	1.7	0.06817
GO:1902299	pre-replicative complex assembly involve...	8	4	1.7	0.06817
GO:2000877	negative regulation of oligopeptide tran...	8	4	1.7	0.06817
GO:2000879	negative regulation of dipeptide transpo...	8	4	1.7	0.06817
GO:0000077	DNA damage checkpoint	52	16	11.05	0.06823
GO:0009889	regulation of biosynthetic process	675	158	143.4	0.06862
GO:0016579	protein deubiquitination	68	20	14.45	0.06870
GO:0032436	positive regulation of proteasomal ubiqu...	68	20	14.45	0.06870
GO:0009411	response to UV	56	17	11.9	0.06870
GO:0009896	positive regulation of catabolic process	130	35	27.62	0.06871
GO:0006368	transcription elongation from RNA polyme...	64	19	13.6	0.06890
GO:0070838	divalent metal ion transport	60	18	12.75	0.06891
GO:0072511	divalent inorganic cation transport	60	18	12.75	0.06891
GO:0034248	regulation of cellular amide metabolic p...	147	39	31.23	0.06926
GO:1901293	nucleoside phosphate biosynthetic proces...	160	42	33.99	0.07068
GO:0040008	regulation of growth	143	38	30.38	0.07078
GO:0009059	macromolecule biosynthetic process	983	225	208.83	0.07178
GO:0034622	cellular protein-containing complex asse...	415	100	88.16	0.07376
GO:0019438	aromatic compound biosynthetic process	823	190	174.84	0.07442
GO:0051168	nuclear export	85	24	18.06	0.07499
GO:0006907	pinocytosis	22	8	4.67	0.07536
GO:0031935	regulation of chromatin silencing	22	8	4.67	0.07536
GO:0090503	RNA phosphodiester bond hydrolysis, exon...	22	8	4.67	0.07536
GO:0019693	ribose phosphate metabolic process	204	52	43.34	0.07645
GO:0007034	vacuolar transport	106	29	22.52	0.07716
GO:0000377	RNA splicing, via transesterification re...	144	38	30.59	0.07735
GO:0044839	cell cycle G2/M phase transition	73	21	15.51	0.07762
GO:0000076	DNA replication checkpoint	15	6	3.19	0.07801
GO:0006857	oligopeptide transport	15	6	3.19	0.07801
GO:0007291	sperm individualization	15	6	3.19	0.07801
GO:0009606	tropism	15	6	3.19	0.07801
GO:0009816	defense response to bacterium, incompati...	15	6	3.19	0.07801
GO:0034293	sexual sporulation	15	6	3.19	0.07801
GO:0034763	negative regulation of transmembrane tra...	15	6	3.19	0.07801
GO:0042552	myelination	15	6	3.19	0.07801
GO:0042710	biofilm formation	15	6	3.19	0.07801
GO:0044010	single-species biofilm formation	15	6	3.19	0.07801
GO:0006283	transcription-coupled nucleotide-excisio...	45	14	9.56	0.07822
GO:0071806	protein transmembrane transport	45	14	9.56	0.07822
GO:0015931	nucleobase-containing compound transport	123	33	26.13	0.07870
GO:0034645	cellular macromolecule biosynthetic proc...	967	221	205.43	0.07878
GO:0009743	response to carbohydrate	61	18	12.96	0.07922
GO:0006754	ATP biosynthetic process	53	16	11.26	0.07933
GO:0030447	filamentous growth	57	17	12.11	0.07940
GO:0052548	regulation of endopeptidase activity	57	17	12.11	0.07940
GO:0031333	negative regulation of protein complex a...	26	9	5.52	0.08098
GO:0010038	response to metal ion	166	43	35.27	0.08148
GO:0000819	sister chromatid segregation	162	42	34.42	0.08344
GO:0033036	macromolecule localization	721	167	153.17	0.08483
GO:0000291	nuclear-transcribed mRNA catabolic proce...	30	10	6.37	0.08498
GO:0019882	antigen processing and presentation	30	10	6.37	0.08498
GO:0043044	ATP-dependent chromatin remodeling	30	10	6.37	0.08498
GO:0048524	positive regulation of viral process	30	10	6.37	0.08498
GO:0061077	chaperone-mediated protein folding	30	10	6.37	0.08498
GO:1902807	negative regulation of cell cycle G1/S p...	30	10	6.37	0.08498
GO:0002376	immune system process	382	92	81.15	0.08523
GO:0044764	multi-organism cellular process	78	22	16.57	0.08654
GO:0051186	cofactor metabolic process	298	73	63.31	0.08730
GO:0006515	protein quality control for misfolded or...	34	11	7.22	0.08778
GO:0009056	catabolic process	786	181	166.98	0.08810
GO:0006370	7-methylguanosine mRNA capping	19	7	4.04	0.08810
GO:0009452	7-methylguanosine RNA capping	19	7	4.04	0.08810
GO:0015865	purine nucleotide transport	19	7	4.04	0.08810
GO:0034427	nuclear-transcribed mRNA catabolic proce...	19	7	4.04	0.08810
GO:0034661	ncRNA catabolic process	19	7	4.04	0.08810
GO:1902402	signal transduction involved in mitotic ...	19	7	4.04	0.08810
GO:2001235	positive regulation of apoptotic signali...	19	7	4.04	0.08810
GO:0010942	positive regulation of cell death	120	32	25.49	0.08828
GO:2000060	positive regulation of ubiquitin-depende...	70	20	14.87	0.08875
GO:0044283	small molecule biosynthetic process	365	88	77.54	0.08917
GO:0016125	sterol metabolic process	38	12	8.07	0.08966
GO:0035967	cellular response to topologically incor...	66	19	14.02	0.08970
GO:0002224	toll-like receptor signaling pathway	12	5	2.55	0.08986
GO:0006743	ubiquinone metabolic process	12	5	2.55	0.08986
GO:0006744	ubiquinone biosynthetic process	12	5	2.55	0.08986
GO:0008089	anterograde axonal transport	12	5	2.55	0.08986
GO:0033962	cytoplasmic mRNA processing body assembl...	12	5	2.55	0.08986
GO:0050870	positive regulation of T cell activation	12	5	2.55	0.08986
GO:0061245	establishment or maintenance of bipolar ...	12	5	2.55	0.08986
GO:1903039	positive regulation of leukocyte cell-ce...	12	5	2.55	0.08986
GO:0043281	regulation of cysteine-type endopeptidas...	42	13	8.92	0.09085
GO:0019439	aromatic compound catabolic process	259	64	55.02	0.09112
GO:0043624	cellular protein complex disassembly	58	17	12.32	0.09113
GO:0051701	interaction with host	58	17	12.32	0.09113
GO:0032508	DNA duplex unwinding	46	14	9.77	0.09148
GO:0035194	posttranscriptional gene silencing by RN...	46	14	9.77	0.09148
GO:0043068	positive regulation of programmed cell d...	112	30	23.79	0.09215
GO:0018130	heterocycle biosynthetic process	838	192	178.03	0.09339
GO:0007165	signal transduction	710	164	150.83	0.09463
GO:0051246	regulation of protein metabolic process	510	120	108.35	0.09489
GO:0043248	proteasome assembly	23	8	4.89	0.09496
GO:0043486	histone exchange	23	8	4.89	0.09496
GO:0032434	regulation of proteasomal ubiquitin-depe...	83	23	17.63	0.09542
GO:0009605	response to external stimulus	560	131	118.97	0.09572
GO:0051049	regulation of transport	260	64	55.23	0.09696
GO:1901800	positive regulation of proteasomal prote...	75	21	15.93	0.09858
GO:1903052	positive regulation of proteolysis invol...	75	21	15.93	0.09858
GO:1903364	positive regulation of cellular protein ...	75	21	15.93	0.09858
GO:0005975	carbohydrate metabolic process	147	38	31.23	0.09957
GO:0071428	rRNA-containing ribonucleoprotein comple...	27	9	5.74	0.09961
GO:0072401	signal transduction involved in DNA inte...	27	9	5.74	0.09961
GO:0009607	response to biotic stimulus	287	70	60.97	0.09981
GO:0072524	pyridine-containing compound metabolic p...	71	20	15.08	0.10007
GO:0051128	regulation of cellular component organiz...	525	123	111.53	0.10116
GO:0006163	purine nucleotide metabolic process	195	49	41.43	0.10216
GO:2000058	regulation of ubiquitin-dependent protei...	92	25	19.54	0.10220
GO:0065008	regulation of biological quality	744	171	158.06	0.10220
GO:0006397	mRNA processing	182	46	38.66	0.10263
GO:0000429	carbon catabolite regulation of transcri...	9	4	1.91	0.10267
GO:0000749	response to pheromone triggering conjuga...	9	4	1.91	0.10267
GO:0001112	DNA-templated transcriptional open compl...	9	4	1.91	0.10267
GO:0001120	protein-DNA complex remodeling	9	4	1.91	0.10267
GO:0001672	regulation of chromatin assembly or disa...	9	4	1.91	0.10267
GO:0006563	L-serine metabolic process	9	4	1.91	0.10267
GO:0007114	cell budding	9	4	1.91	0.10267
GO:0009867	jasmonic acid mediated signaling pathway	9	4	1.91	0.10267
GO:0009988	cell-cell recognition	9	4	1.91	0.10267
GO:0030834	regulation of actin filament depolymeriz...	9	4	1.91	0.10267
GO:0031623	receptor internalization	9	4	1.91	0.10267
GO:0032873	negative regulation of stress-activated ...	9	4	1.91	0.10267
GO:0035036	sperm-egg recognition	9	4	1.91	0.10267
GO:0045069	regulation of viral genome replication	9	4	1.91	0.10267
GO:0045990	carbon catabolite regulation of transcri...	9	4	1.91	0.10267
GO:0048640	negative regulation of developmental gro...	9	4	1.91	0.10267
GO:0051196	regulation of coenzyme metabolic process	9	4	1.91	0.10267
GO:0051278	fungal-type cell wall polysaccharide bio...	9	4	1.91	0.10267
GO:0060337	type I interferon signaling pathway	9	4	1.91	0.10267
GO:0070303	negative regulation of stress-activated ...	9	4	1.91	0.10267
GO:0070475	rRNA base methylation	9	4	1.91	0.10267
GO:0070592	cell wall polysaccharide biosynthetic pr...	9	4	1.91	0.10267
GO:0070670	response to interleukin-4	9	4	1.91	0.10267
GO:0071353	cellular response to interleukin-4	9	4	1.91	0.10267
GO:0071357	cellular response to type I interferon	9	4	1.91	0.10267
GO:0097501	stress response to metal ion	9	4	1.91	0.10267
GO:0110020	regulation of actomyosin structure organ...	9	4	1.91	0.10267
GO:1901880	negative regulation of protein depolymer...	9	4	1.91	0.10267
GO:0032465	regulation of cytokinesis	31	10	6.59	0.10268
GO:0010556	regulation of macromolecule biosynthetic...	598	139	127.04	0.10275
GO:0006613	cotranslational protein targeting to mem...	63	18	13.38	0.10277
GO:0031570	DNA integrity checkpoint	63	18	13.38	0.10277
GO:0042594	response to starvation	169	43	35.9	0.10282
GO:0006895	Golgi to endosome transport	16	6	3.4	0.10329
GO:0007272	ensheathment of neurons	16	6	3.4	0.10329
GO:0008366	axon ensheathment	16	6	3.4	0.10329
GO:0009627	systemic acquired resistance	16	6	3.4	0.10329
GO:0050770	regulation of axonogenesis	16	6	3.4	0.10329
GO:0051123	RNA polymerase II preinitiation complex ...	16	6	3.4	0.10329
GO:1900076	regulation of cellular response to insul...	16	6	3.4	0.10329
GO:1902806	regulation of cell cycle G1/S phase tran...	59	17	12.53	0.10392
GO:0000070	mitotic sister chromatid segregation	139	36	29.53	0.10452
GO:0044743	protein transmembrane import into intrac...	35	11	7.44	0.10461
GO:0050792	regulation of viral process	35	11	7.44	0.10461
GO:0031047	gene silencing by RNA	55	16	11.68	0.10489
GO:0006970	response to osmotic stress	178	45	37.81	0.10525
GO:0019827	stem cell population maintenance	39	12	8.29	0.10569
GO:0046165	alcohol biosynthetic process	39	12	8.29	0.10569
GO:0044270	cellular nitrogen compound catabolic pro...	257	63	54.6	0.10569
GO:0000288	nuclear-transcribed mRNA catabolic proce...	47	14	9.98	0.10606
GO:0006986	response to unfolded protein	47	14	9.98	0.10606
GO:2000116	regulation of cysteine-type endopeptidas...	43	13	9.13	0.10612
GO:0006611	protein export from nucleus	84	23	17.85	0.10628
GO:0051716	cellular response to stimulus	1273	285	270.44	0.10770
GO:0010639	negative regulation of organelle organiz...	118	31	25.07	0.10820
GO:0045786	negative regulation of cell cycle	183	46	38.88	0.11021
GO:0006289	nucleotide-excision repair	76	21	16.15	0.11030
GO:0070925	organelle assembly	271	66	57.57	0.11033
GO:0007040	lysosome organization	20	7	4.25	0.11180
GO:0009753	response to jasmonic acid	20	7	4.25	0.11180
GO:0080171	lytic vacuole organization	20	7	4.25	0.11180
GO:0022613	ribonucleoprotein complex biogenesis	347	83	73.72	0.11203
GO:0032868	response to insulin	68	19	14.45	0.11418
GO:0002088	lens development in camera-type eye	6	3	1.27	0.11456
GO:0006098	pentose-phosphate shunt	6	3	1.27	0.11456
GO:0006388	tRNA splicing, via endonucleolytic cleav...	6	3	1.27	0.11456
GO:0007446	imaginal disc growth	6	3	1.27	0.11456
GO:0009757	hexose mediated signaling	6	3	1.27	0.11456
GO:0010091	trichome branching	6	3	1.27	0.11456
GO:0010255	glucose mediated signaling pathway	6	3	1.27	0.11456
GO:0015801	aromatic amino acid transport	6	3	1.27	0.11456
GO:0016119	carotene metabolic process	6	3	1.27	0.11456
GO:0016120	carotene biosynthetic process	6	3	1.27	0.11456
GO:0036099	female germ-line stem cell population ma...	6	3	1.27	0.11456
GO:0042819	vitamin B6 biosynthetic process	6	3	1.27	0.11456
GO:0043470	regulation of carbohydrate catabolic pro...	6	3	1.27	0.11456
GO:0043708	cell adhesion involved in biofilm format...	6	3	1.27	0.11456
GO:0043709	cell adhesion involved in single-species...	6	3	1.27	0.11456
GO:0045036	protein targeting to chloroplast	6	3	1.27	0.11456
GO:0045903	positive regulation of translational fid...	6	3	1.27	0.11456
GO:0045913	positive regulation of carbohydrate meta...	6	3	1.27	0.11456
GO:0046246	terpene biosynthetic process	6	3	1.27	0.11456
GO:0046329	negative regulation of JNK cascade	6	3	1.27	0.11456
GO:0048753	pigment granule organization	6	3	1.27	0.11456
GO:0048821	erythrocyte development	6	3	1.27	0.11456
GO:0050891	multicellular organismal water homeostas...	6	3	1.27	0.11456
GO:0051156	glucose 6-phosphate metabolic process	6	3	1.27	0.11456
GO:0060303	regulation of nucleosome density	6	3	1.27	0.11456
GO:0070932	histone H3 deacetylation	6	3	1.27	0.11456
GO:0071044	histone mRNA catabolic process	6	3	1.27	0.11456
GO:0072596	establishment of protein localization to...	6	3	1.27	0.11456
GO:0072598	protein localization to chloroplast	6	3	1.27	0.11456
GO:0090231	regulation of spindle checkpoint	6	3	1.27	0.11456
GO:0090266	regulation of mitotic cell cycle spindle...	6	3	1.27	0.11456
GO:1900187	regulation of cell adhesion involved in ...	6	3	1.27	0.11456
GO:1900189	positive regulation of cell adhesion inv...	6	3	1.27	0.11456
GO:1902932	positive regulation of alcohol biosynthe...	6	3	1.27	0.11456
GO:1903504	regulation of mitotic spindle checkpoint	6	3	1.27	0.11456
GO:1904587	response to glycoprotein	6	3	1.27	0.11456
GO:1904643	response to curcumin	6	3	1.27	0.11456
GO:1901701	cellular response to oxygen-containing c...	254	62	53.96	0.11506
GO:0019637	organophosphate metabolic process	361	86	76.69	0.11529
GO:0000075	cell cycle checkpoint	89	24	18.91	0.11541
GO:0045055	regulated exocytosis	89	24	18.91	0.11541
GO:1903050	regulation of proteolysis involved in ce...	106	28	22.52	0.11606
GO:1903362	regulation of cellular protein catabolic...	106	28	22.52	0.11606
GO:0000147	actin cortical patch assembly	3	2	0.64	0.11613
GO:0001844	protein insertion into mitochondrial mem...	3	2	0.64	0.11613
GO:0002100	tRNA wobble adenosine to inosine editing	3	2	0.64	0.11613
GO:0003014	renal system process	3	2	0.64	0.11613
GO:0005991	trehalose metabolic process	3	2	0.64	0.11613
GO:0006058	mannoprotein catabolic process	3	2	0.64	0.11613
GO:0006382	adenosine to inosine editing	3	2	0.64	0.11613
GO:0006677	glycosylceramide metabolic process	3	2	0.64	0.11613
GO:0006678	glucosylceramide metabolic process	3	2	0.64	0.11613
GO:0006723	cuticle hydrocarbon biosynthetic process	3	2	0.64	0.11613
GO:0006868	glutamine transport	3	2	0.64	0.11613
GO:0006882	cellular zinc ion homeostasis	3	2	0.64	0.11613
GO:0007105	cytokinesis, site selection	3	2	0.64	0.11613
GO:0007342	fusion of sperm to egg plasma membrane i...	3	2	0.64	0.11613
GO:0008615	pyridoxine biosynthetic process	3	2	0.64	0.11613
GO:0009443	pyridoxal 5'-phosphate salvage	3	2	0.64	0.11613
GO:0009694	jasmonic acid metabolic process	3	2	0.64	0.11613
GO:0010045	response to nickel cation	3	2	0.64	0.11613
GO:0010148	transpiration	3	2	0.64	0.11613
GO:0010375	stomatal complex patterning	3	2	0.64	0.11613
GO:0010793	regulation of mRNA export from nucleus	3	2	0.64	0.11613
GO:0010829	negative regulation of glucose transmemb...	3	2	0.64	0.11613
GO:0014819	regulation of skeletal muscle contractio...	3	2	0.64	0.11613
GO:0015697	quaternary ammonium group transport	3	2	0.64	0.11613
GO:0016093	polyprenol metabolic process	3	2	0.64	0.11613
GO:0016122	xanthophyll metabolic process	3	2	0.64	0.11613
GO:0016553	base conversion or substitution editing	3	2	0.64	0.11613
GO:0016558	protein import into peroxisome matrix	3	2	0.64	0.11613
GO:0019054	modulation by virus of host process	3	2	0.64	0.11613
GO:0019626	short-chain fatty acid catabolic process	3	2	0.64	0.11613
GO:0021517	ventral spinal cord development	3	2	0.64	0.11613
GO:0021522	spinal cord motor neuron differentiation	3	2	0.64	0.11613
GO:0030213	hyaluronan biosynthetic process	3	2	0.64	0.11613
GO:0030836	positive regulation of actin filament de...	3	2	0.64	0.11613
GO:0031536	positive regulation of exit from mitosis	3	2	0.64	0.11613
GO:0031990	mRNA export from nucleus in response to ...	3	2	0.64	0.11613
GO:0032720	negative regulation of tumor necrosis fa...	3	2	0.64	0.11613
GO:0032802	low-density lipoprotein particle recepto...	3	2	0.64	0.11613
GO:0034428	nuclear-transcribed mRNA catabolic proce...	3	2	0.64	0.11613
GO:0034775	glutathione transmembrane transport	3	2	0.64	0.11613
GO:0035002	liquid clearance, open tracheal system	3	2	0.64	0.11613
GO:0035090	maintenance of apical/basal cell polarit...	3	2	0.64	0.11613
GO:0035443	tripeptide transmembrane transport	3	2	0.64	0.11613
GO:0035616	histone H2B conserved C-terminal lysine ...	3	2	0.64	0.11613
GO:0035767	endothelial cell chemotaxis	3	2	0.64	0.11613
GO:0036353	histone H2A-K119 monoubiquitination	3	2	0.64	0.11613
GO:0036499	PERK-mediated unfolded protein response	3	2	0.64	0.11613
GO:0040016	embryonic cleavage	3	2	0.64	0.11613
GO:0042476	odontogenesis	3	2	0.64	0.11613
GO:0042780	tRNA 3'-end processing	3	2	0.64	0.11613
GO:0043029	T cell homeostasis	3	2	0.64	0.11613
GO:0043149	stress fiber assembly	3	2	0.64	0.11613
GO:0043153	entrainment of circadian clock by photop...	3	2	0.64	0.11613
GO:0043461	proton-transporting ATP synthase complex...	3	2	0.64	0.11613
GO:0043485	endosome to pigment granule transport	3	2	0.64	0.11613
GO:0043617	cellular response to sucrose starvation	3	2	0.64	0.11613
GO:0043651	linoleic acid metabolic process	3	2	0.64	0.11613
GO:0044068	modulation by symbiont of host cellular ...	3	2	0.64	0.11613
GO:0045037	protein import into chloroplast stroma	3	2	0.64	0.11613
GO:0045572	positive regulation of imaginal disc gro...	3	2	0.64	0.11613
GO:0045773	positive regulation of axon extension	3	2	0.64	0.11613
GO:0046325	negative regulation of glucose import	3	2	0.64	0.11613
GO:0046637	regulation of alpha-beta T cell differen...	3	2	0.64	0.11613
GO:0046638	positive regulation of alpha-beta T cell...	3	2	0.64	0.11613
GO:0047484	regulation of response to osmotic stress	3	2	0.64	0.11613
GO:0048142	germarium-derived cystoblast division	3	2	0.64	0.11613
GO:0048268	clathrin coat assembly	3	2	0.64	0.11613
GO:0048490	anterograde synaptic vesicle transport	3	2	0.64	0.11613
GO:0048757	pigment granule maturation	3	2	0.64	0.11613
GO:0048820	hair follicle maturation	3	2	0.64	0.11613
GO:0050779	RNA destabilization	3	2	0.64	0.11613
GO:0050849	negative regulation of calcium-mediated ...	3	2	0.64	0.11613
GO:0051016	barbed-end actin filament capping	3	2	0.64	0.11613
GO:0051127	positive regulation of actin nucleation	3	2	0.64	0.11613
GO:0051598	meiotic recombination checkpoint	3	2	0.64	0.11613
GO:0051643	endoplasmic reticulum localization	3	2	0.64	0.11613
GO:0051686	establishment of ER localization	3	2	0.64	0.11613
GO:0055069	zinc ion homeostasis	3	2	0.64	0.11613
GO:0060049	regulation of protein glycosylation	3	2	0.64	0.11613
GO:0060071	Wnt signaling pathway, planar cell polar...	3	2	0.64	0.11613
GO:0060349	bone morphogenesis	3	2	0.64	0.11613
GO:0060350	endochondral bone morphogenesis	3	2	0.64	0.11613
GO:0061157	mRNA destabilization	3	2	0.64	0.11613
GO:0070071	proton-transporting two-sector ATPase co...	3	2	0.64	0.11613
GO:0070791	cleistothecium development	3	2	0.64	0.11613
GO:0070813	hydrogen sulfide metabolic process	3	2	0.64	0.11613
GO:0070814	hydrogen sulfide biosynthetic process	3	2	0.64	0.11613
GO:0071243	cellular response to arsenic-containing ...	3	2	0.64	0.11613
GO:0071577	zinc ion transmembrane transport	3	2	0.64	0.11613
GO:0075525	viral translational termination-reinitia...	3	2	0.64	0.11613
GO:0080022	primary root development	3	2	0.64	0.11613
GO:0099514	synaptic vesicle cytoskeletal transport	3	2	0.64	0.11613
GO:0099517	synaptic vesicle transport along microtu...	3	2	0.64	0.11613
GO:1900119	positive regulation of execution phase o...	3	2	0.64	0.11613
GO:1900125	regulation of hyaluronan biosynthetic pr...	3	2	0.64	0.11613
GO:1900126	negative regulation of hyaluronan biosyn...	3	2	0.64	0.11613
GO:1900739	regulation of protein insertion into mit...	3	2	0.64	0.11613
GO:1900740	positive regulation of protein insertion...	3	2	0.64	0.11613
GO:1901021	positive regulation of calcium ion trans...	3	2	0.64	0.11613
GO:1901028	regulation of mitochondrial outer membra...	3	2	0.64	0.11613
GO:1901030	positive regulation of mitochondrial out...	3	2	0.64	0.11613
GO:1901881	positive regulation of protein depolymer...	3	2	0.64	0.11613
GO:1901888	regulation of cell junction assembly	3	2	0.64	0.11613
GO:1901889	negative regulation of cell junction ass...	3	2	0.64	0.11613
GO:1903077	negative regulation of protein localizat...	3	2	0.64	0.11613
GO:1903556	negative regulation of tumor necrosis fa...	3	2	0.64	0.11613
GO:1904376	negative regulation of protein localizat...	3	2	0.64	0.11613
GO:1905476	negative regulation of protein localizat...	3	2	0.64	0.11613
GO:2000197	regulation of ribonucleoprotein complex ...	3	2	0.64	0.11613
GO:2000269	regulation of fibroblast apoptotic proce...	3	2	0.64	0.11613
GO:2000601	positive regulation of Arp2/3 complex-me...	3	2	0.64	0.11613
GO:2001259	positive regulation of cation channel ac...	3	2	0.64	0.11613
GO:0032968	positive regulation of transcription elo...	24	8	5.1	0.11718
GO:0045785	positive regulation of cell adhesion	24	8	5.1	0.11718
GO:0051129	negative regulation of cellular componen...	184	46	39.09	0.11814
GO:0051259	protein complex oligomerization	102	27	21.67	0.11879
GO:0010389	regulation of G2/M transition of mitotic...	56	16	11.9	0.11936
GO:0019058	viral life cycle	56	16	11.9	0.11936
GO:0031497	chromatin assembly	56	16	11.9	0.11936
GO:0048827	phyllome development	56	16	11.9	0.11936
GO:0071236	cellular response to antibiotic	56	16	11.9	0.11936
GO:0006415	translational termination	28	9	5.95	0.12049
GO:0010972	negative regulation of G2/M transition o...	28	9	5.95	0.12049
GO:0016073	snRNA metabolic process	28	9	5.95	0.12049
GO:0019079	viral genome replication	28	9	5.95	0.12049
GO:0046031	ADP metabolic process	28	9	5.95	0.12049
GO:0046822	regulation of nucleocytoplasmic transpor...	28	9	5.95	0.12049
GO:0001736	establishment of planar polarity	13	5	2.76	0.12151
GO:0006517	protein deglycosylation	13	5	2.76	0.12151
GO:0006971	hypotonic response	13	5	2.76	0.12151
GO:0007164	establishment of tissue polarity	13	5	2.76	0.12151
GO:0009301	snRNA transcription	13	5	2.76	0.12151
GO:0019080	viral gene expression	13	5	2.76	0.12151
GO:0030837	negative regulation of actin filament po...	13	5	2.76	0.12151
GO:0031156	regulation of sorocarp development	13	5	2.76	0.12151
GO:0042795	snRNA transcription by RNA polymerase II	13	5	2.76	0.12151
GO:0043935	sexual sporulation resulting in formatio...	13	5	2.76	0.12151
GO:0048839	inner ear development	13	5	2.76	0.12151
GO:0080090	regulation of primary metabolic process	933	211	198.21	0.12172
GO:0000096	sulfur amino acid metabolic process	32	10	6.8	0.12236
GO:0051346	negative regulation of hydrolase activit...	32	10	6.8	0.12236
GO:0030111	regulation of Wnt signaling pathway	44	13	9.35	0.12283
GO:0043207	response to external biotic stimulus	264	64	56.08	0.12289
GO:0051707	response to other organism	264	64	56.08	0.12289
GO:0061013	regulation of mRNA catabolic process	36	11	7.65	0.12320
GO:0008361	regulation of cell size	40	12	8.5	0.12329
GO:0098727	maintenance of cell number	40	12	8.5	0.12329
GO:0006396	RNA processing	448	105	95.17	0.12335
GO:0009259	ribonucleotide metabolic process	198	49	42.06	0.12504
GO:0071496	cellular response to external stimulus	185	46	39.3	0.12643
GO:0032984	protein-containing complex disassembly	107	28	22.73	0.12694
GO:0006508	proteolysis	399	94	84.76	0.12718
GO:0048522	positive regulation of cellular process	847	192	179.94	0.12913
GO:0043065	positive regulation of apoptotic process	103	27	21.88	0.13007
GO:0090087	regulation of peptide transport	103	27	21.88	0.13007
GO:0016192	vesicle-mediated transport	341	81	72.44	0.13015
GO:0000086	G2/M transition of mitotic cell cycle	65	18	13.81	0.13026
GO:0010906	regulation of glucose metabolic process	17	6	3.61	0.13228
GO:0016075	rRNA catabolic process	17	6	3.61	0.13228
GO:0031145	anaphase-promoting complex-dependent cat...	17	6	3.61	0.13228
GO:0046824	positive regulation of nucleocytoplasmic...	17	6	3.61	0.13228
