GO:0043433	0.00029
GO:0051152	0.00052
GO:1905065	0.00052
GO:0051090	0.00070
GO:0010020	0.00154
GO:0043572	0.00154
GO:0051150	0.00154
GO:1905063	0.00154
GO:0009086	0.00169
GO:0051147	0.00284
GO:0031100	0.00304
GO:0009092	0.00304
GO:1904706	0.00304
GO:0006555	0.00437
GO:1904018	0.00437
GO:1904705	0.00500
GO:1990874	0.00500
GO:0097421	0.00529
GO:0000096	0.00571
GO:0043393	0.00571
GO:0046777	0.00581
GO:0000097	0.00631
GO:0044272	0.00651
GO:0042981	0.00724
GO:0035886	0.00738
GO:0051145	0.00738
GO:0009067	0.00745
GO:0032092	0.00745
GO:0042554	0.00870
GO:0031099	0.00873
GO:1901342	0.01007
GO:0006790	0.01190
GO:0006915	0.01211
GO:0006575	0.01259
GO:0042743	0.01264
GO:0043067	0.01306
GO:0000098	0.01338
GO:0014013	0.01338
GO:0019083	0.01338
GO:0046782	0.01338
GO:0048662	0.01338
GO:0051149	0.01338
GO:0071265	0.01338
GO:0097755	0.01338
GO:0097237	0.01416
GO:0008630	0.01489
GO:0051098	0.01592
GO:0006797	0.01695
GO:0071281	0.01695
GO:0015695	0.01872
GO:0042398	0.01872
GO:0010941	0.01947
GO:0001889	0.02035
GO:0061008	0.02035
GO:0090626	0.02087
GO:0018105	0.02257
GO:0002043	0.02302
GO:0002246	0.02302
GO:0002887	0.02302
GO:0003032	0.02302
GO:0003068	0.02302
GO:0003069	0.02302
GO:0003070	0.02302
GO:0003085	0.02302
GO:0003299	0.02302
GO:0006788	0.02302
GO:0007256	0.02302
GO:0007439	0.02302
GO:0007555	0.02302
GO:0008062	0.02302
GO:0009090	0.02302
GO:0009660	0.02302
GO:0010227	0.02302
GO:0014834	0.02302
GO:0014887	0.02302
GO:0014898	0.02302
GO:0015847	0.02302
GO:0015848	0.02302
GO:0018272	0.02302
GO:0019988	0.02302
GO:0030153	0.02302
GO:0030857	0.02302
GO:0030974	0.02302
GO:0032232	0.02302
GO:0032762	0.02302
GO:0032763	0.02302
GO:0032764	0.02302
GO:0033004	0.02302
GO:0033007	0.02302
GO:0034021	0.02302
GO:0035523	0.02302
GO:0036333	0.02302
GO:0038001	0.02302
GO:0042033	0.02302
GO:0042035	0.02302
GO:0042067	0.02302
GO:0042089	0.02302
GO:0042107	0.02302
GO:0042108	0.02302
GO:0042167	0.02302
GO:0043301	0.02302
GO:0043305	0.02302
GO:0043619	0.02302
GO:0043922	0.02302
GO:0044524	0.02302
GO:0045073	0.02302
GO:0045080	0.02302
GO:0045457	0.02302
GO:0045605	0.02302
GO:0045683	0.02302
GO:0046167	0.02302
GO:0046900	0.02302
GO:0046901	0.02302
GO:0048611	0.02302
GO:0048759	0.02302
GO:0048773	0.02302
GO:0050755	0.02302
GO:0070314	0.02302
GO:0071266	0.02302
GO:0071569	0.02302
GO:0071934	0.02302
GO:0090410	0.02302
GO:0090677	0.02302
GO:0090679	0.02302
GO:1900241	0.02302
GO:1902004	0.02302
GO:1902616	0.02302
GO:1902993	0.02302
GO:1903587	0.02302
GO:1903589	0.02302
GO:1903711	0.02302
GO:1904772	0.02302
GO:1904829	0.02302
GO:1904831	0.02302
GO:1904948	0.02302
GO:1904953	0.02302
GO:1904956	0.02302
GO:1904958	0.02302
GO:1905420	0.02302
GO:1905424	0.02302
GO:1905426	0.02302
GO:1905499	0.02302
GO:1905915	0.02302
GO:1905917	0.02302
GO:1905930	0.02302
GO:1905932	0.02302
GO:1990167	0.02302
GO:1990168	0.02302
GO:1990545	0.02302
GO:1990564	0.02302
GO:1990575	0.02302
GO:1990592	0.02302
GO:2000050	0.02302
GO:2000052	0.02302
GO:0006801	0.02304
GO:0043066	0.02442
GO:0008219	0.02475
GO:0021549	0.02513
GO:0022037	0.02513
GO:0032387	0.02513
GO:0043500	0.02513
GO:0046339	0.02513
GO:0097746	0.02513
GO:1901607	0.02648
GO:0006638	0.02786
GO:0006639	0.02786
GO:0050665	0.02786
GO:0009070	0.02972
GO:0035296	0.02972
GO:0042144	0.02972
GO:0045117	0.02972
GO:0050880	0.02972
GO:0072488	0.02972
GO:0097576	0.02972
GO:0043065	0.02976
GO:0034614	0.03046
GO:1990748	0.03234
GO:0012501	0.03261
GO:0009066	0.03317
GO:0090558	0.03317
GO:0043069	0.03399
GO:0098869	0.03438
GO:0010039	0.03460
GO:0019080	0.03460
GO:0009826	0.03601
GO:2001233	0.03645
GO:0016049	0.03767
GO:0019221	0.03859
GO:0097193	0.03859
GO:0009581	0.03897
GO:0003018	0.03978
GO:0009396	0.03978
GO:0010660	0.03978
GO:0030902	0.03978
GO:0098754	0.04074
GO:0051606	0.04080
GO:0044248	0.04130
GO:0009582	0.04206
GO:0043068	0.04238
GO:0018209	0.04256
GO:0048732	0.04256
GO:0008217	0.04523
GO:0010657	0.04523
GO:0035065	0.04523
GO:0035150	0.04523
GO:2001234	0.04526
GO:0001315	0.04551
GO:0001737	0.04551
GO:0006072	0.04551
GO:0006651	0.04551
GO:0006844	0.04551
GO:0007562	0.04551
GO:0009590	0.04551
GO:0009911	0.04551
GO:0009959	0.04551
GO:0009969	0.04551
GO:0010089	0.04551
GO:0010376	0.04551
GO:0010410	0.04551
GO:0010411	0.04551
GO:0010668	0.04551
GO:0010718	0.04551
GO:0010845	0.04551
GO:0019343	0.04551
GO:0019346	0.04551
GO:0030302	0.04551
GO:0030901	0.04551
GO:0032897	0.04551
GO:0033169	0.04551
GO:0034395	0.04551
GO:0035338	0.04551
GO:0035871	0.04551
GO:0035983	0.04551
GO:0035984	0.04551
GO:0038083	0.04551
GO:0043157	0.04551
GO:0043403	0.04551
GO:0043419	0.04551
GO:0043507	0.04551
GO:0044414	0.04551
GO:0045599	0.04551
GO:0046506	0.04551
GO:0048387	0.04551
GO:0051833	0.04551
GO:0052037	0.04551
GO:0052170	0.04551
GO:0052261	0.04551
GO:0052309	0.04551
GO:0052561	0.04551
GO:0052562	0.04551
GO:0052646	0.04551
GO:0060903	0.04551
GO:0061082	0.04551
GO:0072531	0.04551
GO:0072719	0.04551
GO:0090050	0.04551
GO:0090594	0.04551
GO:0098532	0.04551
GO:1901999	0.04551
GO:1902000	0.04551
GO:1902003	0.04551
GO:1902022	0.04551
GO:1902176	0.04551
GO:1902991	0.04551
GO:1903306	0.04551
GO:1903401	0.04551
GO:1903650	0.04551
GO:1904338	0.04551
GO:1904340	0.04551
GO:1904569	0.04551
GO:1904571	0.04551
GO:1904810	0.04551
GO:1905177	0.04551
GO:2000037	0.04551
GO:2001159	0.04551
GO:0000902	0.04582
GO:0000302	0.04636
GO:0009657	0.04786
GO:0060548	0.04844
GO:0007626	0.04858
GO:0018958	0.04858
GO:0042335	0.04858
