GO:0008299	0.00037
GO:0051085	0.00038
GO:0071705	0.00052
GO:0040018	0.00060
GO:0016246	0.00081
GO:0051179	0.00084
GO:0007568	0.00096
GO:0008340	0.00099
GO:0006886	0.00103
GO:0006810	0.00110
GO:0071702	0.00117
GO:0000290	0.00127
GO:0051084	0.00127
GO:0042026	0.00128
GO:0051234	0.00132
GO:0015833	0.00152
GO:0010259	0.00154
GO:0030727	0.00164
GO:0048134	0.00164
GO:0048135	0.00164
GO:0042886	0.00165
GO:0015031	0.00165
GO:0062012	0.00177
GO:0006892	0.00193
GO:0090559	0.00202
GO:1905330	0.00202
GO:0006401	0.00209
GO:0006720	0.00225
GO:0045840	0.00225
GO:0016071	0.00243
GO:0017148	0.00251
GO:0048639	0.00257
GO:0006402	0.00259
GO:0006839	0.00276
GO:0045184	0.00282
GO:0006605	0.00292
GO:0072594	0.00295
GO:0001112	0.00315
GO:0001120	0.00315
GO:0006109	0.00320
GO:0055085	0.00365
GO:0051301	0.00407
GO:0034220	0.00415
GO:0042552	0.00437
GO:0051649	0.00449
GO:0034249	0.00467
GO:0034035	0.00479
GO:0034036	0.00479
GO:0050427	0.00479
GO:0050428	0.00479
GO:0006081	0.00511
GO:0006415	0.00511
GO:0043902	0.00516
GO:0008104	0.00582
GO:0046907	0.00589
GO:0006412	0.00604
GO:0046903	0.00638
GO:0051785	0.00641
GO:0007588	0.00655
GO:0009240	0.00655
GO:0034367	0.00655
GO:0046490	0.00655
GO:1902930	0.00686
GO:0006727	0.00688
GO:0007266	0.00688
GO:0008055	0.00688
GO:0033060	0.00688
GO:0046152	0.00688
GO:0046158	0.00688
GO:0031032	0.00715
GO:0042304	0.00721
GO:0007272	0.00721
GO:0008366	0.00721
GO:0030217	0.00721
GO:0072657	0.00766
GO:1902652	0.00815
GO:0002188	0.00816
GO:0007105	0.00816
GO:0008615	0.00816
GO:0009694	0.00816
GO:0031536	0.00816
GO:0035268	0.00816
GO:0035269	0.00816
GO:0043149	0.00816
GO:0048142	0.00816
GO:0048490	0.00816
GO:0070893	0.00816
GO:0099514	0.00816
GO:0099517	0.00816
GO:1901562	0.00816
GO:1990151	0.00816
GO:2000767	0.00816
GO:0000956	0.00911
GO:1902653	0.00921
GO:0006518	0.00943
GO:0051306	0.00946
GO:0017038	0.00989
GO:0032940	0.01008
GO:0046902	0.01067
GO:0098662	0.01103
GO:1903311	0.01120
GO:0045948	0.01126
GO:0045927	0.01132
GO:0034613	0.01153
GO:0061640	0.01168
GO:0006812	0.01190
GO:0046631	0.01197
GO:0043043	0.01203
GO:0043604	0.01223
GO:0098655	0.01236
GO:0032968	0.01301
GO:0006811	0.01342
GO:0022618	0.01396
GO:0045842	0.01462
GO:1901970	0.01462
GO:0043933	0.01502
GO:0043603	0.01522
GO:0000910	0.01541
GO:0015931	0.01553
GO:0046165	0.01586
GO:0042180	0.01627
GO:0006413	0.01631
GO:0006695	0.01677
GO:0016114	0.01677
GO:0106118	0.01677
GO:0016119	0.01735
GO:0016120	0.01735
GO:0019288	0.01735
GO:0030421	0.01735
GO:0031291	0.01735
GO:0033077	0.01735
GO:0042819	0.01735
GO:0046246	0.01735
GO:0046963	0.01735
GO:0050690	0.01735
GO:0061014	0.01735
GO:1902559	0.01735
GO:1902932	0.01735
GO:0006955	0.01764
GO:0032786	0.01787
GO:1901576	0.01824
GO:0098660	0.01824
GO:0090150	0.01855
GO:0019682	0.01858
GO:0043433	0.01858
GO:0010565	0.01879
GO:0061013	0.01879
GO:0009756	0.01993
GO:0010182	0.01993
GO:0016128	0.01993
GO:0016129	0.01993
GO:0071446	0.01993
GO:0032506	0.02002
GO:0062033	0.02002
GO:0000749	0.02007
GO:0009863	0.02007
GO:0015074	0.02007
GO:0045940	0.02007
GO:0099518	0.02007
GO:0034243	0.02032
GO:0043488	0.02032
GO:0070727	0.02078
GO:0006887	0.02104
GO:0051984	0.02168
GO:0007088	0.02217
GO:0072599	0.02245
GO:0006352	0.02279
GO:0071826	0.02315
GO:1902101	0.02379
GO:1905820	0.02379
GO:0016126	0.02394
GO:0015865	0.02397
GO:0034427	0.02397
GO:2001235	0.02397
GO:1901566	0.02420
GO:0044770	0.02472
GO:0007569	0.02579
GO:0051783	0.02599
GO:0000184	0.02614
GO:0006367	0.02637
GO:0000291	0.02643
GO:0009814	0.02643
GO:0009408	0.02652
GO:1901992	0.02673
GO:0009627	0.02742
GO:0045540	0.02742
GO:0002181	0.02755
GO:0051641	0.02756
GO:0006449	0.02772
GO:0006829	0.02772
GO:0007008	0.02772
GO:0007282	0.02772
GO:0008614	0.02772
GO:0010884	0.02772
GO:0010928	0.02772
GO:0015985	0.02772
GO:0015986	0.02772
GO:0030212	0.02772
GO:0031086	0.02772
GO:0031087	0.02772
GO:0035023	0.02772
GO:0042262	0.02772
GO:0045040	0.02772
GO:0046635	0.02772
GO:0051176	0.02772
GO:0090074	0.02772
GO:1902255	0.02772
GO:1902644	0.02772
GO:0045931	0.02785
GO:1903902	0.02818
GO:0051304	0.02850
GO:0010942	0.03010
GO:0010033	0.03045
GO:0035264	0.03072
GO:0045047	0.03077
GO:0071028	0.03084
GO:0000281	0.03121
GO:0019218	0.03138
GO:0050896	0.03188
GO:0043624	0.03198
GO:0043900	0.03262
GO:0000028	0.03309
GO:0008203	0.03309
GO:0009648	0.03309
GO:0009751	0.03309
GO:0009753	0.03309
GO:0036260	0.03309
GO:0006696	0.03360
GO:0008204	0.03360
GO:0010466	0.03360
GO:0010951	0.03360
GO:0016108	0.03360
GO:0016116	0.03360
GO:0030437	0.03360
GO:0044108	0.03360
GO:0045912	0.03360
GO:0071395	0.03360
GO:0090626	0.03360
GO:0002183	0.03375
GO:0001109	0.03408
GO:0001111	0.03408
GO:0001113	0.03408
GO:0010603	0.03408
GO:0014003	0.03408
GO:0042816	0.03408
GO:0045070	0.03408
GO:0045580	0.03408
GO:0045619	0.03408
GO:0046632	0.03408
GO:0046634	0.03408
GO:0050667	0.03408
GO:0090175	0.03408
GO:1905710	0.03408
GO:0033036	0.03605
GO:0008610	0.03616
GO:0048193	0.03638
GO:0044419	0.03690
GO:0033365	0.03692
GO:0050810	0.03728
GO:0044772	0.03738
GO:1990542	0.03741
GO:0000288	0.03784
GO:0051781	0.03799
GO:0043255	0.03872
GO:0046824	0.03872
GO:0071963	0.03872
GO:0090181	0.03872
GO:1901679	0.03872
GO:0032787	0.03886
GO:0016073	0.04029
GO:1903900	0.04029
GO:0006357	0.04053
GO:0006679	0.04057
GO:0009688	0.04057
GO:0010037	0.04057
GO:0010112	0.04057
GO:0010360	0.04057
GO:0010361	0.04057
GO:0010362	0.04057
GO:0010960	0.04057
GO:0015741	0.04057
GO:0015744	0.04057
GO:0015838	0.04057
GO:0016106	0.04057
GO:0019348	0.04057
GO:0023058	0.04057
GO:0031919	0.04057
GO:0031921	0.04057
GO:0033081	0.04057
GO:0033240	0.04057
GO:0033489	0.04057
GO:0033490	0.04057
GO:0035646	0.04057
GO:0042069	0.04057
GO:0042776	0.04057
GO:0043289	0.04057
GO:0043335	0.04057
GO:0043418	0.04057
GO:0046476	0.04057
GO:0046855	0.04057
GO:0048521	0.04057
GO:0048668	0.04057
GO:0048670	0.04057
GO:0048671	0.04057
GO:0050926	0.04057
GO:0051492	0.04057
GO:0060351	0.04057
GO:0060688	0.04057
GO:0070901	0.04057
GO:0071030	0.04057
GO:0071244	0.04057
GO:0071422	0.04057
GO:0071493	0.04057
GO:0071545	0.04057
GO:0072676	0.04057
GO:0072678	0.04057
GO:0090042	0.04057
GO:0090043	0.04057
GO:0090233	0.04057
GO:0090436	0.04057
GO:0099022	0.04057
GO:1900436	0.04057
GO:1900490	0.04057
GO:1902167	0.04057
GO:1902408	0.04057
GO:1902426	0.04057
GO:1902645	0.04057
GO:1903066	0.04057
GO:1903745	0.04057
GO:1903999	0.04057
GO:1905332	0.04057
GO:1990540	0.04057
GO:2000252	0.04057
GO:2001215	0.04057
GO:0034655	0.04082
GO:0006366	0.04182
GO:0000096	0.04240
GO:0032784	0.04240
GO:0033866	0.04240
GO:0034030	0.04240
GO:0034033	0.04240
GO:0043487	0.04240
GO:0007346	0.04252
GO:0006368	0.04344
GO:0007091	0.04410
GO:0030071	0.04410
GO:0046890	0.04410
GO:0051168	0.04442
GO:0030866	0.04466
GO:0010150	0.04501
GO:0031136	0.04501
GO:0031139	0.04501
GO:0046825	0.04501
GO:0071025	0.04501
GO:0071027	0.04501
GO:0090693	0.04501
GO:2000027	0.04501
GO:0007623	0.04509
GO:0065002	0.04509
GO:1902600	0.04509
GO:0070972	0.04565
GO:0044281	0.04641
GO:0044249	0.04779
GO:1901989	0.04804
GO:0040014	0.04819
GO:0009628	0.04876
GO:0019748	0.04918
GO:0043065	0.04979
