GO:0051603	7.5e-05
GO:0043632	9.2e-05
GO:0019941	0.00020
GO:0006511	0.00024
GO:1902969	0.00029
GO:0044257	0.00030
GO:0006807	0.00039
GO:0034641	0.00043
GO:0030163	0.00048
GO:1901565	0.00052
GO:0042455	0.00055
GO:0033260	0.00060
GO:0044248	0.00072
GO:0009056	0.00114
GO:0010498	0.00128
GO:0043161	0.00134
GO:0009163	0.00148
GO:0034404	0.00174
GO:0007176	0.00265
GO:0006139	0.00270
GO:0051972	0.00285
GO:0046483	0.00360
GO:0032259	0.00363
GO:0044238	0.00394
GO:0045732	0.00407
GO:1901575	0.00422
GO:2001252	0.00428
GO:0042176	0.00447
GO:1901800	0.00466
GO:1903052	0.00466
GO:1903364	0.00466
GO:0071704	0.00470
GO:0031060	0.00496
GO:0071559	0.00496
GO:0071560	0.00496
GO:0009894	0.00543
GO:0045934	0.00584
GO:0006595	0.00630
GO:0008616	0.00630
GO:0010866	0.00630
GO:0019072	0.00630
GO:0019074	0.00630
GO:0046116	0.00630
GO:0070198	0.00641
GO:0043414	0.00645
GO:1904951	0.00650
GO:0009451	0.00655
GO:1903050	0.00658
GO:1903362	0.00658
GO:0006508	0.00698
GO:0009309	0.00725
GO:0042401	0.00725
GO:0070534	0.00725
GO:0036503	0.00733
GO:0006325	0.00746
GO:0019725	0.00756
GO:1901360	0.00765
GO:0050821	0.00771
GO:0006725	0.00774
GO:0009057	0.00775
GO:0000393	0.00783
GO:2000058	0.00791
GO:0031329	0.00801
GO:0019432	0.00806
GO:0031938	0.00815
GO:2000678	0.00815
GO:0044265	0.00823
GO:1901564	0.00919
GO:0061136	0.00967
GO:0006576	0.01038
GO:0009890	0.01060
GO:1901659	0.01139
GO:0006479	0.01158
GO:0008213	0.01158
GO:0080134	0.01207
GO:0006914	0.01212
GO:0051973	0.01222
GO:0006399	0.01268
GO:0009416	0.01376
GO:0006515	0.01448
GO:0009073	0.01489
GO:0034698	0.01511
GO:0061097	0.01511
GO:1901998	0.01511
GO:0051222	0.01521
GO:1903825	0.01521
GO:0031327	0.01542
GO:0009908	0.01670
GO:0051347	0.01683
GO:0007179	0.01688
GO:0031167	0.01688
GO:0070199	0.01688
GO:0031647	0.01694
GO:0031349	0.01711
GO:0018022	0.01835
GO:1905039	0.01835
GO:0019627	0.01843
GO:0045923	0.01843
GO:0050732	0.01843
GO:0090207	0.01843
GO:0009314	0.01864
GO:0009845	0.01909
GO:0032206	0.01909
GO:0015893	0.01954
GO:0070201	0.01977
GO:0000154	0.01987
GO:0000723	0.02089
GO:0030433	0.02098
GO:2000060	0.02107
GO:0044281	0.02125
GO:0017015	0.02155
GO:0048532	0.02155
GO:1903844	0.02155
GO:0000050	0.02189
GO:0033262	0.02189
GO:0046321	0.02189
GO:0051274	0.02189
GO:0051570	0.02189
GO:0051974	0.02189
GO:0070207	0.02189
GO:2000677	0.02189
GO:0051253	0.02198
GO:0090567	0.02213
GO:0051172	0.02234
GO:0000389	0.02240
GO:0006438	0.02240
GO:0006596	0.02240
GO:0008216	0.02240
GO:0010305	0.02240
GO:0010573	0.02240
GO:0010574	0.02240
GO:0010867	0.02240
GO:0018364	0.02240
GO:0030325	0.02240
GO:0033158	0.02240
GO:0046348	0.02240
GO:0050820	0.02240
GO:0051598	0.02240
GO:0060065	0.02240
GO:1900409	0.02240
GO:1903463	0.02240
GO:1904289	0.02240
GO:1904290	0.02240
GO:1990000	0.02240
GO:2000002	0.02240
GO:0061919	0.02274
GO:0048522	0.02289
GO:0044237	0.02301
GO:2000113	0.02346
GO:0009119	0.02372
GO:0006662	0.02443
GO:0007175	0.02443
GO:0007339	0.02443
GO:0008611	0.02443
GO:0008655	0.02443
GO:0009713	0.02443
GO:0009825	0.02443
GO:0035710	0.02443
GO:0042416	0.02443
GO:0042423	0.02443
GO:0043174	0.02443
GO:0043984	0.02443
GO:0044058	0.02443
GO:0046485	0.02443
GO:0046504	0.02443
GO:0051036	0.02443
GO:0051571	0.02443
GO:0061099	0.02443
GO:0071371	0.02443
GO:0071372	0.02443
GO:1901503	0.02443
GO:1902224	0.02443
GO:0040007	0.02443
GO:0006644	0.02451
GO:2000059	0.02453
GO:0010558	0.02460
GO:0032200	0.02500
GO:0031330	0.02512
GO:0043038	0.02521
GO:0043039	0.02521
GO:0032434	0.02522
GO:0031324	0.02559
GO:1902275	0.02571
GO:1902679	0.02622
GO:1903507	0.02622
GO:2000241	0.02686
GO:0045892	0.02688
GO:0009896	0.02725
GO:0016074	0.02751
GO:0002573	0.02755
GO:0042306	0.02755
GO:1903725	0.02755
GO:0008593	0.02784
GO:0009072	0.02784
GO:0043085	0.02812
GO:0051338	0.02829
GO:0044283	0.02863
GO:0034976	0.02927
GO:0090351	0.02998
GO:0046486	0.03007
GO:0031056	0.03020
GO:0007219	0.03066
GO:0045088	0.03091
GO:0008033	0.03111
GO:0034728	0.03122
GO:0048518	0.03123
GO:0043144	0.03161
GO:0051568	0.03161
GO:0015711	0.03183
GO:0006418	0.03202
GO:0000122	0.03352
GO:0001510	0.03368
GO:0006855	0.03368
GO:0031297	0.03499
GO:0032212	0.03499
GO:0043162	0.03499
GO:0070206	0.03499
GO:1904358	0.03499
GO:1901264	0.03502
GO:0051046	0.03512
GO:0051223	0.03512
GO:0016078	0.03522
GO:0031062	0.03522
GO:0034088	0.03522
GO:0043555	0.03522
GO:0046460	0.03522
GO:0046463	0.03522
GO:0070200	0.03522
GO:0071073	0.03522
GO:0071941	0.03522
GO:1903727	0.03522
GO:0043248	0.03533
GO:0019637	0.03557
GO:0048507	0.03607
GO:1903530	0.03609
GO:0006006	0.03688
GO:0051047	0.03792
GO:0033674	0.03816
GO:0045089	0.03819
GO:0009895	0.03831
GO:1900180	0.03832
GO:0031331	0.03908
GO:0044093	0.03912
GO:0043412	0.03922
GO:0051241	0.03994
GO:0009308	0.04071
GO:0044106	0.04071
GO:0033044	0.04078
GO:0034654	0.04088
GO:0019068	0.04088
GO:0008152	0.04160
GO:0006334	0.04259
GO:0007530	0.04259
GO:0043270	0.04259
GO:0060070	0.04259
GO:0060828	0.04259
GO:0006338	0.04323
GO:0045893	0.04399
GO:0009658	0.04404
GO:0022616	0.04404
GO:0006396	0.04460
GO:0000349	0.04495
GO:0000430	0.04495
GO:0000433	0.04495
GO:0006107	0.04495
GO:0009650	0.04495
GO:0031146	0.04495
GO:0035270	0.04495
GO:0042307	0.04495
GO:0045013	0.04495
GO:0045014	0.04495
GO:0045898	0.04495
GO:0045899	0.04495
GO:0051590	0.04495
GO:0061984	0.04495
GO:0061985	0.04495
GO:0061986	0.04495
GO:0061987	0.04495
GO:0070202	0.04495
GO:0070979	0.04495
GO:0032204	0.04514
GO:0030336	0.04544
GO:0042537	0.04544
GO:0051271	0.04544
GO:2000146	0.04544
GO:0006641	0.04550
GO:0015849	0.04551
GO:0032436	0.04551
GO:0072528	0.04594
GO:1903508	0.04602
GO:0009145	0.04636
GO:0006520	0.04641
GO:0016485	0.04683
GO:1903532	0.04683
GO:0009411	0.04689
GO:0072527	0.04701
GO:0031328	0.04759
GO:0090304	0.04834
