GO.ID	Term	Annotated	Significant	Expected	classic
GO:0051603	proteolysis involved in cellular protein...	242	95	68.27	7.5e-05
GO:0043632	modification-dependent macromolecule cat...	231	91	65.17	9.2e-05
GO:0019941	modification-dependent protein catabolic...	220	86	62.07	0.00020
GO:0006511	ubiquitin-dependent protein catabolic pr...	218	85	61.5	0.00024
GO:1902969	mitotic DNA replication	35	20	9.87	0.00029
GO:0044257	cellular protein catabolic process	256	97	72.22	0.00030
GO:0006807	nitrogen compound metabolic process	2316	692	653.38	0.00039
GO:0034641	cellular nitrogen compound metabolic pro...	1691	520	477.06	0.00043
GO:0030163	protein catabolic process	287	106	80.97	0.00048
GO:1901565	organonitrogen compound catabolic proces...	389	138	109.74	0.00052
GO:0042455	ribonucleoside biosynthetic process	22	14	6.21	0.00055
GO:0033260	nuclear DNA replication	44	23	12.41	0.00060
GO:0044248	cellular catabolic process	744	245	209.89	0.00072
GO:0009056	catabolic process	786	256	221.74	0.00114
GO:0010498	proteasomal protein catabolic process	194	74	54.73	0.00128
GO:0043161	proteasome-mediated ubiquitin-dependent ...	182	70	51.34	0.00134
GO:0009163	nucleoside biosynthetic process	26	15	7.33	0.00148
GO:0034404	nucleobase-containing small molecule bio...	94	40	26.52	0.00174
GO:0007176	regulation of epidermal growth factor-ac...	7	6	1.97	0.00265
GO:0006139	nucleobase-containing compound metabolic...	1401	431	395.24	0.00270
GO:0051972	regulation of telomerase activity	20	12	5.64	0.00285
GO:0046483	heterocycle metabolic process	1518	463	428.25	0.00360
GO:0032259	methylation	139	54	39.21	0.00363
GO:0044238	primary metabolic process	2408	709	679.33	0.00394
GO:0045732	positive regulation of protein catabolic...	86	36	24.26	0.00407
GO:1901575	organic substance catabolic process	653	212	184.22	0.00422
GO:2001252	positive regulation of chromosome organi...	95	39	26.8	0.00428
GO:0042176	regulation of protein catabolic process	122	48	34.42	0.00447
GO:1901800	positive regulation of proteasomal prote...	75	32	21.16	0.00466
GO:1903052	positive regulation of proteolysis invol...	75	32	21.16	0.00466
GO:1903364	positive regulation of cellular protein ...	75	32	21.16	0.00466
GO:0071704	organic substance metabolic process	2537	743	715.73	0.00470
GO:0031060	regulation of histone methylation	21	12	5.92	0.00496
GO:0071559	response to transforming growth factor b...	21	12	5.92	0.00496
GO:0071560	cellular response to transforming growth...	21	12	5.92	0.00496
GO:0009894	regulation of catabolic process	270	95	76.17	0.00543
GO:0045934	negative regulation of nucleobase-contai...	261	92	73.63	0.00584
GO:0006595	polyamine metabolic process	4	4	1.13	0.00630
GO:0008616	queuosine biosynthetic process	4	4	1.13	0.00630
GO:0010866	regulation of triglyceride biosynthetic ...	4	4	1.13	0.00630
GO:0019072	viral genome packaging	4	4	1.13	0.00630
GO:0019074	viral RNA genome packaging	4	4	1.13	0.00630
GO:0046116	queuosine metabolic process	4	4	1.13	0.00630
GO:0070198	protein localization to chromosome, telo...	24	13	6.77	0.00641
GO:0043414	macromolecule methylation	124	48	34.98	0.00645
GO:1904951	positive regulation of establishment of ...	62	27	17.49	0.00650
GO:0009451	RNA modification	100	40	28.21	0.00655
GO:1903050	regulation of proteolysis involved in ce...	106	42	29.9	0.00658
GO:1903362	regulation of cellular protein catabolic...	106	42	29.9	0.00658
GO:0006508	proteolysis	399	134	112.56	0.00698
GO:0009309	amine biosynthetic process	10	7	2.82	0.00725
GO:0042401	cellular biogenic amine biosynthetic pro...	10	7	2.82	0.00725
GO:0070534	protein K63-linked ubiquitination	10	7	2.82	0.00725
GO:0036503	ERAD pathway	74	31	20.88	0.00733
GO:0006325	chromatin organization	247	87	69.68	0.00746
GO:0019725	cellular homeostasis	190	69	53.6	0.00756
GO:1901360	organic cyclic compound metabolic proces...	1590	480	448.56	0.00765
GO:0050821	protein stabilization	43	20	12.13	0.00771
GO:0006725	cellular aromatic compound metabolic pro...	1530	463	431.64	0.00774
GO:0009057	macromolecule catabolic process	443	147	124.98	0.00775
GO:0000393	spliceosomal conformational changes to g...	17	10	4.8	0.00783
GO:2000058	regulation of ubiquitin-dependent protei...	92	37	25.95	0.00791
GO:0031329	regulation of cellular catabolic process	254	89	71.66	0.00801
GO:0019432	triglyceride biosynthetic process	8	6	2.26	0.00806
GO:0031938	regulation of chromatin silencing at tel...	6	5	1.69	0.00815
GO:2000678	negative regulation of transcription reg...	6	5	1.69	0.00815
GO:0044265	cellular macromolecule catabolic process	404	135	113.97	0.00823
GO:1901564	organonitrogen compound metabolic proces...	1721	516	485.52	0.00919
GO:0061136	regulation of proteasomal protein catabo...	99	39	27.93	0.00967
GO:0006576	cellular biogenic amine metabolic proces...	20	11	5.64	0.01038
GO:0009890	negative regulation of biosynthetic proc...	279	96	78.71	0.01060
GO:1901659	glycosyl compound biosynthetic process	36	17	10.16	0.01139
GO:0006479	protein methylation	79	32	22.29	0.01158
GO:0008213	protein alkylation	79	32	22.29	0.01158
GO:0080134	regulation of response to stress	264	91	74.48	0.01207
GO:0006914	autophagy	184	66	51.91	0.01212
GO:0051973	positive regulation of telomerase activi...	13	8	3.67	0.01222
GO:0006399	tRNA metabolic process	128	48	36.11	0.01268
GO:0009416	response to light stimulus	166	60	46.83	0.01376
GO:0006515	protein quality control for misfolded or...	34	16	9.59	0.01448
GO:0009073	aromatic amino acid family biosynthetic ...	26	13	7.33	0.01489
GO:0034698	response to gonadotropin	11	7	3.1	0.01511
GO:0061097	regulation of protein tyrosine kinase ac...	11	7	3.1	0.01511
GO:1901998	toxin transport	11	7	3.1	0.01511
GO:0051222	positive regulation of protein transport	51	22	14.39	0.01521
GO:1903825	organic acid transmembrane transport	51	22	14.39	0.01521
GO:0031327	negative regulation of cellular biosynth...	276	94	77.86	0.01542
GO:0009908	flower development	40	18	11.28	0.01670
GO:0051347	positive regulation of transferase activ...	99	38	27.93	0.01683
GO:0007179	transforming growth factor beta receptor...	16	9	4.51	0.01688
GO:0031167	rRNA methylation	16	9	4.51	0.01688
GO:0070199	establishment of protein localization to...	16	9	4.51	0.01688
GO:0031647	regulation of protein stability	66	27	18.62	0.01694
GO:0031349	positive regulation of defense response	69	28	19.47	0.01711
GO:0018022	peptidyl-lysine methylation	46	20	12.98	0.01835
GO:1905039	carboxylic acid transmembrane transport	46	20	12.98	0.01835
GO:0019627	urea metabolic process	9	6	2.54	0.01843
GO:0045923	positive regulation of fatty acid metabo...	9	6	2.54	0.01843
GO:0050732	negative regulation of peptidyl-tyrosine...	9	6	2.54	0.01843
GO:0090207	regulation of triglyceride metabolic pro...	9	6	2.54	0.01843
GO:0009314	response to radiation	213	74	60.09	0.01864
GO:0009845	seed germination	24	12	6.77	0.01909
GO:0032206	positive regulation of telomere maintena...	24	12	6.77	0.01909
GO:0015893	drug transport	52	22	14.67	0.01954
GO:0070201	regulation of establishment of protein l...	103	39	29.06	0.01977
GO:0000154	rRNA modification	35	16	9.87	0.01987
GO:0000723	telomere maintenance	85	33	23.98	0.02089
GO:0030433	ubiquitin-dependent ERAD pathway	67	27	18.9	0.02098
GO:2000060	positive regulation of ubiquitin-depende...	70	28	19.75	0.02107
GO:0044281	small molecule metabolic process	736	230	207.64	0.02125
GO:0017015	regulation of transforming growth factor...	14	8	3.95	0.02155
GO:0048532	anatomical structure arrangement	14	8	3.95	0.02155
GO:1903844	regulation of cellular response to trans...	14	8	3.95	0.02155
GO:0000050	urea cycle	7	5	1.97	0.02189
GO:0033262	regulation of nuclear cell cycle DNA rep...	7	5	1.97	0.02189
GO:0046321	positive regulation of fatty acid oxidat...	7	5	1.97	0.02189
GO:0051274	beta-glucan biosynthetic process	7	5	1.97	0.02189
GO:0051570	regulation of histone H3-K9 methylation	7	5	1.97	0.02189
GO:0051974	negative regulation of telomerase activi...	7	5	1.97	0.02189
GO:0070207	protein homotrimerization	7	5	1.97	0.02189
GO:2000677	regulation of transcription regulatory r...	7	5	1.97	0.02189
GO:0051253	negative regulation of RNA metabolic pro...	208	72	58.68	0.02198
GO:0090567	reproductive shoot system development	41	18	11.57	0.02213
GO:0051172	negative regulation of nitrogen compound...	382	125	107.77	0.02234
GO:0000389	mRNA 3'-splice site recognition	3	3	0.85	0.02240
GO:0006438	valyl-tRNA aminoacylation	3	3	0.85	0.02240
GO:0006596	polyamine biosynthetic process	3	3	0.85	0.02240
GO:0008216	spermidine metabolic process	3	3	0.85	0.02240
GO:0010305	leaf vascular tissue pattern formation	3	3	0.85	0.02240
GO:0010573	vascular endothelial growth factor produ...	3	3	0.85	0.02240
GO:0010574	regulation of vascular endothelial growt...	3	3	0.85	0.02240
GO:0010867	positive regulation of triglyceride bios...	3	3	0.85	0.02240
GO:0018364	peptidyl-glutamine methylation	3	3	0.85	0.02240
GO:0030325	adrenal gland development	3	3	0.85	0.02240
GO:0033158	regulation of protein import into nucleu...	3	3	0.85	0.02240
GO:0046348	amino sugar catabolic process	3	3	0.85	0.02240
GO:0050820	positive regulation of coagulation	3	3	0.85	0.02240
GO:0051598	meiotic recombination checkpoint	3	3	0.85	0.02240
GO:0060065	uterus development	3	3	0.85	0.02240
GO:1900409	positive regulation of cellular response...	3	3	0.85	0.02240
GO:1903463	regulation of mitotic cell cycle DNA rep...	3	3	0.85	0.02240
GO:1904289	regulation of mitotic DNA damage checkpo...	3	3	0.85	0.02240
GO:1904290	negative regulation of mitotic DNA damag...	3	3	0.85	0.02240
GO:1990000	amyloid fibril formation	3	3	0.85	0.02240
GO:2000002	negative regulation of DNA damage checkp...	3	3	0.85	0.02240
GO:0061919	process utilizing autophagic mechanism	189	66	53.32	0.02274
GO:0048522	positive regulation of cellular process	847	262	238.95	0.02289
GO:0044237	cellular metabolic process	2619	759	738.86	0.02301
GO:2000113	negative regulation of cellular macromol...	254	86	71.66	0.02346
GO:0009119	ribonucleoside metabolic process	47	20	13.26	0.02372
GO:0006662	glycerol ether metabolic process	5	4	1.41	0.02443
GO:0007175	negative regulation of epidermal growth ...	5	4	1.41	0.02443
GO:0007339	binding of sperm to zona pellucida	5	4	1.41	0.02443
GO:0008611	ether lipid biosynthetic process	5	4	1.41	0.02443
GO:0008655	pyrimidine-containing compound salvage	5	4	1.41	0.02443
GO:0009713	catechol-containing compound biosyntheti...	5	4	1.41	0.02443
GO:0009825	multidimensional cell growth	5	4	1.41	0.02443
GO:0035710	CD4-positive, alpha-beta T cell activati...	5	4	1.41	0.02443
GO:0042416	dopamine biosynthetic process	5	4	1.41	0.02443
GO:0042423	catecholamine biosynthetic process	5	4	1.41	0.02443
GO:0043174	nucleoside salvage	5	4	1.41	0.02443
GO:0043984	histone H4-K16 acetylation	5	4	1.41	0.02443
GO:0044058	regulation of digestive system process	5	4	1.41	0.02443
GO:0046485	ether lipid metabolic process	5	4	1.41	0.02443
GO:0046504	glycerol ether biosynthetic process	5	4	1.41	0.02443
GO:0051036	regulation of endosome size	5	4	1.41	0.02443
GO:0051571	positive regulation of histone H3-K4 met...	5	4	1.41	0.02443
GO:0061099	negative regulation of protein tyrosine ...	5	4	1.41	0.02443
GO:0071371	cellular response to gonadotropin stimul...	5	4	1.41	0.02443
GO:0071372	cellular response to follicle-stimulatin...	5	4	1.41	0.02443
GO:1901503	ether biosynthetic process	5	4	1.41	0.02443
GO:1902224	ketone body metabolic process	5	4	1.41	0.02443
GO:0040007	growth	297	99	83.79	0.02443
GO:0006644	phospholipid metabolic process	92	35	25.95	0.02451
GO:2000059	negative regulation of ubiquitin-depende...	22	11	6.21	0.02453
GO:0010558	negative regulation of macromolecule bio...	261	88	73.63	0.02460
GO:0032200	telomere organization	86	33	24.26	0.02500
GO:0031330	negative regulation of cellular cataboli...	56	23	15.8	0.02512
GO:0043038	amino acid activation	33	15	9.31	0.02521
GO:0043039	tRNA aminoacylation	33	15	9.31	0.02521
GO:0032434	regulation of proteasomal ubiquitin-depe...	83	32	23.42	0.02522
GO:0031324	negative regulation of cellular metaboli...	417	135	117.64	0.02559
GO:1902275	regulation of chromatin organization	71	28	20.03	0.02571
GO:1902679	negative regulation of RNA biosynthetic ...	187	65	52.76	0.02622
GO:1903507	negative regulation of nucleic acid-temp...	187	65	52.76	0.02622
GO:2000241	regulation of reproductive process	108	40	30.47	0.02686
GO:0045892	negative regulation of transcription, DN...	184	64	51.91	0.02688
GO:0009896	positive regulation of catabolic process	130	47	36.67	0.02725
GO:0016074	snoRNA metabolic process	25	12	7.05	0.02751
GO:0002573	myeloid leukocyte differentiation	12	7	3.39	0.02755
GO:0042306	regulation of protein import into nucleu...	12	7	3.39	0.02755
GO:1903725	regulation of phospholipid metabolic pro...	12	7	3.39	0.02755
GO:0008593	regulation of Notch signaling pathway	39	17	11	0.02784
GO:0009072	aromatic amino acid family metabolic pro...	39	17	11	0.02784
GO:0043085	positive regulation of catalytic activit...	246	83	69.4	0.02812
GO:0051338	regulation of transferase activity	162	57	45.7	0.02829
GO:0044283	small molecule biosynthetic process	365	119	102.97	0.02863
GO:0034976	response to endoplasmic reticulum stress	140	50	39.5	0.02927
GO:0090351	seedling development	28	13	7.9	0.02998
GO:0046486	glycerolipid metabolic process	84	32	23.7	0.03007
GO:0031056	regulation of histone modification	48	20	13.54	0.03020
GO:0007219	Notch signaling pathway	51	21	14.39	0.03066
GO:0045088	regulation of innate immune response	75	29	21.16	0.03091
GO:0008033	tRNA processing	72	28	20.31	0.03111
GO:0034728	nucleosome organization	57	23	16.08	0.03122
GO:0048518	positive regulation of biological proces...	956	292	269.7	0.03123
GO:0043144	snoRNA processing	20	10	5.64	0.03161
GO:0051568	histone H3-K4 methylation	20	10	5.64	0.03161
GO:0015711	organic anion transport	106	39	29.9	0.03183
GO:0006418	tRNA aminoacylation for protein translat...	31	14	8.75	0.03202
GO:0000122	negative regulation of transcription by ...	97	36	27.37	0.03352
GO:0001510	RNA methylation	34	15	9.59	0.03368
GO:0006855	drug transmembrane transport	34	15	9.59	0.03368
GO:0031297	replication fork processing	15	8	4.23	0.03499
GO:0032212	positive regulation of telomere maintena...	15	8	4.23	0.03499
GO:0043162	ubiquitin-dependent protein catabolic pr...	15	8	4.23	0.03499
GO:0070206	protein trimerization	15	8	4.23	0.03499
GO:1904358	positive regulation of telomere maintena...	15	8	4.23	0.03499
GO:1901264	carbohydrate derivative transport	37	16	10.44	0.03502
GO:0051046	regulation of secretion	88	33	24.83	0.03512
GO:0051223	regulation of protein transport	88	33	24.83	0.03512
GO:0016078	tRNA catabolic process	10	6	2.82	0.03522
GO:0031062	positive regulation of histone methylati...	10	6	2.82	0.03522
GO:0034088	maintenance of mitotic sister chromatid ...	10	6	2.82	0.03522
GO:0043555	regulation of translation in response to...	10	6	2.82	0.03522
GO:0046460	neutral lipid biosynthetic process	10	6	2.82	0.03522
GO:0046463	acylglycerol biosynthetic process	10	6	2.82	0.03522
GO:0070200	establishment of protein localization to...	10	6	2.82	0.03522
GO:0071073	positive regulation of phospholipid bios...	10	6	2.82	0.03522
GO:0071941	nitrogen cycle metabolic process	10	6	2.82	0.03522
GO:1903727	positive regulation of phospholipid meta...	10	6	2.82	0.03522
GO:0043248	proteasome assembly	23	11	6.49	0.03533
GO:0019637	organophosphate metabolic process	361	117	101.84	0.03557
GO:0048507	meristem development	40	17	11.28	0.03607
GO:1903530	regulation of secretion by cell	82	31	23.13	0.03609
GO:0006006	glucose metabolic process	43	18	12.13	0.03688
GO:0051047	positive regulation of secretion	49	20	13.82	0.03792
GO:0033674	positive regulation of kinase activity	64	25	18.06	0.03816
GO:0045089	positive regulation of innate immune res...	52	21	14.67	0.03819
GO:0009895	negative regulation of catabolic process	61	24	17.21	0.03831
GO:1900180	regulation of protein localization to nu...	26	12	7.33	0.03832
GO:0031331	positive regulation of cellular cataboli...	120	43	33.85	0.03908
GO:0044093	positive regulation of molecular functio...	289	95	81.53	0.03912
GO:0043412	macromolecule modification	929	283	262.08	0.03922
GO:0051241	negative regulation of multicellular org...	117	42	33.01	0.03994
GO:0009308	amine metabolic process	29	13	8.18	0.04071
GO:0044106	cellular amine metabolic process	29	13	8.18	0.04071
GO:0033044	regulation of chromosome organization	178	61	50.22	0.04078
GO:0034654	nucleobase-containing compound biosynthe...	733	226	206.79	0.04088
GO:0019068	virion assembly	18	9	5.08	0.04088
GO:0008152	metabolic process	2736	788	771.87	0.04160
GO:0006334	nucleosome assembly	32	14	9.03	0.04259
GO:0007530	sex determination	32	14	9.03	0.04259
GO:0043270	positive regulation of ion transport	32	14	9.03	0.04259
GO:0060070	canonical Wnt signaling pathway	32	14	9.03	0.04259
GO:0060828	regulation of canonical Wnt signaling pa...	32	14	9.03	0.04259
GO:0006338	chromatin remodeling	80	30	22.57	0.04323
GO:0045893	positive regulation of transcription, DN...	208	70	58.68	0.04399
GO:0009658	chloroplast organization	35	15	9.87	0.04404
GO:0022616	DNA strand elongation	35	15	9.87	0.04404
GO:0006396	RNA processing	448	142	126.39	0.04460
GO:0000349	generation of catalytic spliceosome for ...	8	5	2.26	0.04495
GO:0000430	regulation of transcription from RNA pol...	8	5	2.26	0.04495
GO:0000433	carbon catabolite repression of transcri...	8	5	2.26	0.04495
GO:0006107	oxaloacetate metabolic process	8	5	2.26	0.04495
GO:0009650	UV protection	8	5	2.26	0.04495
GO:0031146	SCF-dependent proteasomal ubiquitin-depe...	8	5	2.26	0.04495
GO:0035270	endocrine system development	8	5	2.26	0.04495
GO:0042307	positive regulation of protein import in...	8	5	2.26	0.04495
GO:0045013	carbon catabolite repression of transcri...	8	5	2.26	0.04495
GO:0045014	carbon catabolite repression of transcri...	8	5	2.26	0.04495
GO:0045898	regulation of RNA polymerase II transcri...	8	5	2.26	0.04495
GO:0045899	positive regulation of RNA polymerase II...	8	5	2.26	0.04495
GO:0051590	positive regulation of neurotransmitter ...	8	5	2.26	0.04495
GO:0061984	catabolite repression	8	5	2.26	0.04495
GO:0061985	carbon catabolite repression	8	5	2.26	0.04495
GO:0061986	negative regulation of transcription by ...	8	5	2.26	0.04495
GO:0061987	negative regulation of transcription fro...	8	5	2.26	0.04495
GO:0070202	regulation of establishment of protein l...	8	5	2.26	0.04495
GO:0070979	protein K11-linked ubiquitination	8	5	2.26	0.04495
GO:0032204	regulation of telomere maintenance	38	16	10.72	0.04514
GO:0030336	negative regulation of cell migration	13	7	3.67	0.04544
GO:0042537	benzene-containing compound metabolic pr...	13	7	3.67	0.04544
GO:0051271	negative regulation of cellular componen...	13	7	3.67	0.04544
GO:2000146	negative regulation of cell motility	13	7	3.67	0.04544
GO:0006641	triglyceride metabolic process	21	10	5.92	0.04550
GO:0015849	organic acid transport	68	26	19.18	0.04551
GO:0032436	positive regulation of proteasomal ubiqu...	68	26	19.18	0.04551
GO:0072528	pyrimidine-containing compound biosynthe...	41	17	11.57	0.04594
GO:1903508	positive regulation of nucleic acid-temp...	215	72	60.65	0.04602
GO:0009145	purine nucleoside triphosphate biosynthe...	62	24	17.49	0.04636
GO:0006520	cellular amino acid metabolic process	202	68	56.99	0.04641
GO:0016485	protein processing	47	19	13.26	0.04683
GO:1903532	positive regulation of secretion by cell	47	19	13.26	0.04683
GO:0009411	response to UV	56	22	15.8	0.04689
GO:0072527	pyrimidine-containing compound metabolic...	53	21	14.95	0.04701
GO:0031328	positive regulation of cellular biosynth...	348	112	98.18	0.04759
GO:0090304	nucleic acid metabolic process	1156	347	326.13	0.04834
GO:1902680	positive regulation of RNA biosynthetic ...	216	72	60.94	0.05068
GO:0051276	chromosome organization	477	150	134.57	0.05079
GO:0060249	anatomical structure homeostasis	122	43	34.42	0.05082
GO:0080135	regulation of cellular response to stres...	151	52	42.6	0.05151
GO:0006303	double-strand break repair via nonhomolo...	27	12	7.62	0.05181
GO:0008156	negative regulation of DNA replication	27	12	7.62	0.05181
GO:0007063	regulation of sister chromatid cohesion	16	8	4.51	0.05310
GO:0032201	telomere maintenance via semi-conservati...	16	8	4.51	0.05310
GO:0070651	nonfunctional rRNA decay	16	8	4.51	0.05310
GO:1904589	regulation of protein import	16	8	4.51	0.05310
GO:0051254	positive regulation of RNA metabolic pro...	233	77	65.73	0.05331
GO:0046434	organophosphate catabolic process	72	27	20.31	0.05334
GO:0051788	response to misfolded protein	30	13	8.46	0.05387
GO:0010605	negative regulation of macromolecule met...	519	162	146.42	0.05494
GO:1901576	organic substance biosynthetic process	1507	446	425.15	0.05503
GO:0006271	DNA strand elongation involved in DNA re...	33	14	9.31	0.05539
GO:0046942	carboxylic acid transport	63	24	17.77	0.05557
GO:0006400	tRNA modification	60	23	16.93	0.05619
GO:0051053	negative regulation of DNA metabolic pro...	57	22	16.08	0.05674
GO:0016070	RNA metabolic process	971	293	273.93	0.05691
GO:0002286	T cell activation involved in immune res...	6	4	1.69	0.05700
GO:0006089	lactate metabolic process	6	4	1.69	0.05700
GO:0006658	phosphatidylserine metabolic process	6	4	1.69	0.05700
GO:0018904	ether metabolic process	6	4	1.69	0.05700
GO:0032354	response to follicle-stimulating hormone	6	4	1.69	0.05700
GO:0035103	sterol regulatory element binding protei...	6	4	1.69	0.05700
GO:0035167	larval lymph gland hemopoiesis	6	4	1.69	0.05700
GO:0045875	negative regulation of sister chromatid ...	6	4	1.69	0.05700
GO:0048440	carpel development	6	4	1.69	0.05700
GO:0048747	muscle fiber development	6	4	1.69	0.05700
GO:1901070	guanosine-containing compound biosynthet...	6	4	1.69	0.05700
GO:1904669	ATP export	6	4	1.69	0.05700
GO:1905898	positive regulation of response to endop...	6	4	1.69	0.05700
GO:0034968	histone lysine methylation	39	16	11	0.05718
GO:0009116	nucleoside metabolic process	54	21	15.23	0.05720
GO:0050790	regulation of catalytic activity	374	119	105.51	0.05727
GO:0006301	postreplication repair	42	17	11.85	0.05760
GO:1903322	positive regulation of protein modificat...	42	17	11.85	0.05760
GO:0031399	regulation of protein modification proce...	267	87	75.32	0.05760
GO:0034502	protein localization to chromosome	45	18	12.7	0.05777
GO:0034661	ncRNA catabolic process	19	9	5.36	0.05878
GO:0043966	histone H3 acetylation	19	9	5.36	0.05878
GO:0052509	positive regulation by symbiont of host ...	19	9	5.36	0.05878
GO:0052510	positive regulation by organism of defen...	19	9	5.36	0.05878
GO:0090287	regulation of cellular response to growt...	19	9	5.36	0.05878
GO:0031347	regulation of defense response	120	42	33.85	0.05905
GO:0000060	protein import into nucleus, translocati...	11	6	3.1	0.05935
GO:0009933	meristem structural organization	11	6	3.1	0.05935
GO:0034086	maintenance of sister chromatid cohesion	11	6	3.1	0.05935
GO:0042059	negative regulation of epidermal growth ...	11	6	3.1	0.05935
GO:0050680	negative regulation of epithelial cell p...	11	6	3.1	0.05935
GO:0051569	regulation of histone H3-K4 methylation	11	6	3.1	0.05935
GO:0071071	regulation of phospholipid biosynthetic ...	11	6	3.1	0.05935
GO:1901185	negative regulation of ERBB signaling pa...	11	6	3.1	0.05935
GO:0019752	carboxylic acid metabolic process	405	128	114.26	0.05991
GO:0009892	negative regulation of metabolic process	565	175	159.4	0.06070
GO:0050730	regulation of peptidyl-tyrosine phosphor...	22	10	6.21	0.06297
GO:0052173	response to defenses of other organism i...	22	10	6.21	0.06297
GO:0052200	response to host defenses	22	10	6.21	0.06297
GO:0075136	response to host	22	10	6.21	0.06297
GO:0009142	nucleoside triphosphate biosynthetic pro...	70	26	19.75	0.06385
GO:0034660	ncRNA metabolic process	359	114	101.28	0.06525
GO:0016567	protein ubiquitination	163	55	45.98	0.06583
GO:0007338	single fertilization	25	11	7.05	0.06602
GO:0090316	positive regulation of intracellular pro...	25	11	7.05	0.06602
GO:0031323	regulation of cellular metabolic process	1030	309	290.58	0.06648
GO:0009201	ribonucleoside triphosphate biosynthetic...	61	23	17.21	0.06702
GO:0009206	purine ribonucleoside triphosphate biosy...	58	22	16.36	0.06797
GO:0043279	response to alkaloid	28	12	7.9	0.06818
GO:0019216	regulation of lipid metabolic process	83	30	23.42	0.06870
GO:1903047	mitotic cell cycle process	353	112	99.59	0.06873
GO:0006336	DNA replication-independent nucleosome a...	14	7	3.95	0.06933
GO:0048573	photoperiodism, flowering	14	7	3.95	0.06933
GO:1902975	mitotic DNA replication initiation	14	7	3.95	0.06933
GO:2000177	regulation of neural precursor cell prol...	14	7	3.95	0.06933
GO:0097352	autophagosome maturation	31	13	8.75	0.06965
GO:0006090	pyruvate metabolic process	49	19	13.82	0.07028
GO:0055086	nucleobase-containing small molecule met...	313	100	88.3	0.07052
GO:0002949	tRNA threonylcarbamoyladenosine modifica...	4	3	1.13	0.07069
GO:0006108	malate metabolic process	4	3	1.13	0.07069
GO:0006848	pyruvate transport	4	3	1.13	0.07069
GO:0008090	retrograde axonal transport	4	3	1.13	0.07069
GO:0008363	larval chitin-based cuticle development	4	3	1.13	0.07069
GO:0009229	thiamine diphosphate biosynthetic proces...	4	3	1.13	0.07069
GO:0009373	regulation of transcription by pheromone...	4	3	1.13	0.07069
GO:0018026	peptidyl-lysine monomethylation	4	3	1.13	0.07069
GO:0021854	hypothalamus development	4	3	1.13	0.07069
GO:0035329	hippo signaling	4	3	1.13	0.07069
GO:0035330	regulation of hippo signaling	4	3	1.13	0.07069
GO:0035331	negative regulation of hippo signaling	4	3	1.13	0.07069
GO:0035336	long-chain fatty-acyl-CoA metabolic proc...	4	3	1.13	0.07069
GO:0042337	cuticle development involved in chitin-b...	4	3	1.13	0.07069
GO:0042357	thiamine diphosphate metabolic process	4	3	1.13	0.07069
GO:0043367	CD4-positive, alpha-beta T cell differen...	4	3	1.13	0.07069
GO:0044789	modulation by host of viral release from...	4	3	1.13	0.07069
GO:0044791	positive regulation by host of viral rel...	4	3	1.13	0.07069
GO:0045476	nurse cell apoptotic process	4	3	1.13	0.07069
GO:0045477	regulation of nurse cell apoptotic proce...	4	3	1.13	0.07069
GO:0046019	regulation of transcription from RNA pol...	4	3	1.13	0.07069
GO:0046037	GMP metabolic process	4	3	1.13	0.07069
GO:0046621	negative regulation of organ growth	4	3	1.13	0.07069
GO:0048653	anther development	4	3	1.13	0.07069
GO:0060323	head morphogenesis	4	3	1.13	0.07069
GO:0060324	face development	4	3	1.13	0.07069
GO:0060325	face morphogenesis	4	3	1.13	0.07069
GO:0060795	cell fate commitment involved in formati...	4	3	1.13	0.07069
GO:0070682	proteasome regulatory particle assembly	4	3	1.13	0.07069
GO:0071312	cellular response to alkaloid	4	3	1.13	0.07069
GO:0071894	histone H2B conserved C-terminal lysine ...	4	3	1.13	0.07069
GO:0072710	response to hydroxyurea	4	3	1.13	0.07069
GO:0072711	cellular response to hydroxyurea	4	3	1.13	0.07069
GO:0097720	calcineurin-mediated signaling	4	3	1.13	0.07069
GO:1900424	regulation of defense response to bacter...	4	3	1.13	0.07069
GO:1901475	pyruvate transmembrane transport	4	3	1.13	0.07069
GO:1902298	cell cycle DNA replication maintenance o...	4	3	1.13	0.07069
GO:1902906	proteasome storage granule assembly	4	3	1.13	0.07069
GO:1903026	negative regulation of RNA polymerase II...	4	3	1.13	0.07069
GO:1903332	regulation of protein folding	4	3	1.13	0.07069
GO:1903955	positive regulation of protein targeting...	4	3	1.13	0.07069
GO:1904294	positive regulation of ERAD pathway	4	3	1.13	0.07069
GO:1904874	positive regulation of telomerase RNA lo...	4	3	1.13	0.07069
GO:1990116	ribosome-associated ubiquitin-dependent ...	4	3	1.13	0.07069
GO:1990426	mitotic recombination-dependent replicat...	4	3	1.13	0.07069
GO:1990497	regulation of cytoplasmic translation in...	4	3	1.13	0.07069
GO:1990505	mitotic DNA replication maintenance of f...	4	3	1.13	0.07069
GO:2000070	regulation of response to water deprivat...	4	3	1.13	0.07069
GO:2000615	regulation of histone H3-K9 acetylation	4	3	1.13	0.07069
GO:0043170	macromolecule metabolic process	1961	572	553.23	0.07082
GO:0051187	cofactor catabolic process	37	15	10.44	0.07109
GO:0045165	cell fate commitment	74	27	20.88	0.07323
GO:1901137	carbohydrate derivative biosynthetic pro...	260	84	73.35	0.07353
GO:0044786	cell cycle DNA replication	71	26	20.03	0.07474
GO:0055082	cellular chemical homeostasis	135	46	38.09	0.07546
GO:0016075	rRNA catabolic process	17	8	4.8	0.07624
GO:0040013	negative regulation of locomotion	17	8	4.8	0.07624
GO:0051447	negative regulation of meiotic cell cycl...	17	8	4.8	0.07624
GO:0051952	regulation of amine transport	17	8	4.8	0.07624
GO:1901292	nucleoside phosphate catabolic process	68	25	19.18	0.07625
GO:0045595	regulation of cell differentiation	214	70	60.37	0.07699
GO:0034470	ncRNA processing	274	88	77.3	0.07728
GO:0071824	protein-DNA complex subunit organization	103	36	29.06	0.07781
GO:0090087	regulation of peptide transport	103	36	29.06	0.07781
GO:0000429	carbon catabolite regulation of transcri...	9	5	2.54	0.07809
GO:0000911	cytokinesis by cell plate formation	9	5	2.54	0.07809
GO:0006047	UDP-N-acetylglucosamine metabolic proces...	9	5	2.54	0.07809
GO:0006551	leucine metabolic process	9	5	2.54	0.07809
GO:0009186	deoxyribonucleoside diphosphate metaboli...	9	5	2.54	0.07809
GO:0009189	deoxyribonucleoside diphosphate biosynth...	9	5	2.54	0.07809
GO:0016101	diterpenoid metabolic process	9	5	2.54	0.07809
GO:0030278	regulation of ossification	9	5	2.54	0.07809
GO:0032411	positive regulation of transporter activ...	9	5	2.54	0.07809
GO:0032414	positive regulation of ion transmembrane...	9	5	2.54	0.07809
GO:0043171	peptide catabolic process	9	5	2.54	0.07809
GO:0043634	polyadenylation-dependent ncRNA cataboli...	9	5	2.54	0.07809
GO:0045990	carbon catabolite regulation of transcri...	9	5	2.54	0.07809
GO:0048640	negative regulation of developmental gro...	9	5	2.54	0.07809
GO:0051273	beta-glucan metabolic process	9	5	2.54	0.07809
GO:0051954	positive regulation of amine transport	9	5	2.54	0.07809
GO:0070475	rRNA base methylation	9	5	2.54	0.07809
GO:0071029	nuclear ncRNA surveillance	9	5	2.54	0.07809
GO:0071035	nuclear polyadenylation-dependent rRNA c...	9	5	2.54	0.07809
GO:0071038	nuclear polyadenylation-dependent tRNA c...	9	5	2.54	0.07809
GO:0071046	nuclear polyadenylation-dependent ncRNA ...	9	5	2.54	0.07809
GO:0097529	myeloid leukocyte migration	9	5	2.54	0.07809
GO:0045860	positive regulation of protein kinase ac...	62	23	17.49	0.07920
GO:0001773	myeloid dendritic cell activation	2	2	0.56	0.07953
GO:0001921	positive regulation of receptor recyclin...	2	2	0.56	0.07953
GO:0001945	lymph vessel development	2	2	0.56	0.07953
GO:0001946	lymphangiogenesis	2	2	0.56	0.07953
GO:0002021	response to dietary excess	2	2	0.56	0.07953
GO:0002038	positive regulation of L-glutamate impor...	2	2	0.56	0.07953
GO:0002265	astrocyte activation involved in immune ...	2	2	0.56	0.07953
GO:0002676	regulation of chronic inflammatory respo...	2	2	0.56	0.07953
GO:0002677	negative regulation of chronic inflammat...	2	2	0.56	0.07953
GO:0002828	regulation of type 2 immune response	2	2	0.56	0.07953
GO:0006116	NADH oxidation	2	2	0.56	0.07953
GO:0006185	dGDP biosynthetic process	2	2	0.56	0.07953
GO:0006427	histidyl-tRNA aminoacylation	2	2	0.56	0.07953
GO:0006434	seryl-tRNA aminoacylation	2	2	0.56	0.07953
GO:0006597	spermine biosynthetic process	2	2	0.56	0.07953
GO:0006710	androgen catabolic process	2	2	0.56	0.07953
GO:0006728	pteridine biosynthetic process	2	2	0.56	0.07953
GO:0006776	vitamin A metabolic process	2	2	0.56	0.07953
GO:0006808	regulation of nitrogen utilization	2	2	0.56	0.07953
GO:0007212	dopamine receptor signaling pathway	2	2	0.56	0.07953
GO:0008065	establishment of blood-nerve barrier	2	2	0.56	0.07953
GO:0008215	spermine metabolic process	2	2	0.56	0.07953
GO:0008295	spermidine biosynthetic process	2	2	0.56	0.07953
GO:0008612	peptidyl-lysine modification to peptidyl...	2	2	0.56	0.07953
GO:0009170	purine deoxyribonucleoside monophosphate...	2	2	0.56	0.07953
GO:0009173	pyrimidine ribonucleoside monophosphate ...	2	2	0.56	0.07953
GO:0009182	purine deoxyribonucleoside diphosphate m...	2	2	0.56	0.07953
GO:0009183	purine deoxyribonucleoside diphosphate b...	2	2	0.56	0.07953
GO:0009300	antisense RNA transcription	2	2	0.56	0.07953
GO:0009685	gibberellin metabolic process	2	2	0.56	0.07953
GO:0009686	gibberellin biosynthetic process	2	2	0.56	0.07953
GO:0009900	dehiscence	2	2	0.56	0.07953
GO:0009901	anther dehiscence	2	2	0.56	0.07953
GO:0010164	response to cesium ion	2	2	0.56	0.07953
GO:0010207	photosystem II assembly	2	2	0.56	0.07953
GO:0010358	leaf shaping	2	2	0.56	0.07953
GO:0010719	negative regulation of epithelial to mes...	2	2	0.56	0.07953
GO:0010796	regulation of multivesicular body size	2	2	0.56	0.07953
GO:0015689	molybdate ion transport	2	2	0.56	0.07953
GO:0015871	choline transport	2	2	0.56	0.07953
GO:0015996	chlorophyll catabolic process	2	2	0.56	0.07953
GO:0016102	diterpenoid biosynthetic process	2	2	0.56	0.07953
GO:0019632	shikimate metabolic process	2	2	0.56	0.07953
GO:0021795	cerebral cortex cell migration	2	2	0.56	0.07953
GO:0021870	Cajal-Retzius cell differentiation	2	2	0.56	0.07953
GO:0021885	forebrain cell migration	2	2	0.56	0.07953
GO:0021895	cerebral cortex neuron differentiation	2	2	0.56	0.07953
GO:0022029	telencephalon cell migration	2	2	0.56	0.07953
GO:0030186	melatonin metabolic process	2	2	0.56	0.07953
GO:0030237	female sex determination	2	2	0.56	0.07953
GO:0030244	cellulose biosynthetic process	2	2	0.56	0.07953
GO:0030656	regulation of vitamin metabolic process	2	2	0.56	0.07953
GO:0030850	prostate gland development	2	2	0.56	0.07953
GO:0030903	notochord development	2	2	0.56	0.07953
GO:0031070	intronic snoRNA processing	2	2	0.56	0.07953
GO:0031619	homologous chromosome orientation involv...	2	2	0.56	0.07953
GO:0031939	negative regulation of chromatin silenci...	2	2	0.56	0.07953
GO:0032055	negative regulation of translation in re...	2	2	0.56	0.07953
GO:0032057	negative regulation of translational ini...	2	2	0.56	0.07953
GO:0032468	Golgi calcium ion homeostasis	2	2	0.56	0.07953
GO:0032472	Golgi calcium ion transport	2	2	0.56	0.07953
GO:0032620	interleukin-17 production	2	2	0.56	0.07953
GO:0032660	regulation of interleukin-17 production	2	2	0.56	0.07953
GO:0032682	negative regulation of chemokine product...	2	2	0.56	0.07953
GO:0032700	negative regulation of interleukin-17 pr...	2	2	0.56	0.07953
GO:0033160	positive regulation of protein import in...	2	2	0.56	0.07953
GO:0033967	box C/D snoRNA metabolic process	2	2	0.56	0.07953
GO:0034092	negative regulation of maintenance of si...	2	2	0.56	0.07953
GO:0034104	negative regulation of tissue remodeling	2	2	0.56	0.07953
GO:0034183	negative regulation of maintenance of mi...	2	2	0.56	0.07953
GO:0034379	very-low-density lipoprotein particle as...	2	2	0.56	0.07953
GO:0034436	glycoprotein transport	2	2	0.56	0.07953
GO:0034462	small-subunit processome assembly	2	2	0.56	0.07953
GO:0034963	box C/D snoRNA processing	2	2	0.56	0.07953
GO:0035092	sperm chromatin condensation	2	2	0.56	0.07953
GO:0035127	post-embryonic limb morphogenesis	2	2	0.56	0.07953
GO:0035128	post-embryonic forelimb morphogenesis	2	2	0.56	0.07953
GO:0035136	forelimb morphogenesis	2	2	0.56	0.07953
GO:0035733	hepatic stellate cell activation	2	2	0.56	0.07953
GO:0035743	CD4-positive, alpha-beta T cell cytokine...	2	2	0.56	0.07953
GO:0035745	T-helper 2 cell cytokine production	2	2	0.56	0.07953
GO:0035970	peptidyl-threonine dephosphorylation	2	2	0.56	0.07953
GO:0036035	osteoclast development	2	2	0.56	0.07953
GO:0036155	acylglycerol acyl-chain remodeling	2	2	0.56	0.07953
GO:0036269	swimming behavior	2	2	0.56	0.07953
GO:0036303	lymph vessel morphogenesis	2	2	0.56	0.07953
GO:0036480	neuron intrinsic apoptotic signaling pat...	2	2	0.56	0.07953
GO:0039532	negative regulation of viral-induced cyt...	2	2	0.56	0.07953
GO:0042092	type 2 immune response	2	2	0.56	0.07953
GO:0042178	xenobiotic catabolic process	2	2	0.56	0.07953
GO:0042868	antisense RNA metabolic process	2	2	0.56	0.07953
GO:0042873	aldonate transmembrane transport	2	2	0.56	0.07953
GO:0043011	myeloid dendritic cell differentiation	2	2	0.56	0.07953
GO:0043097	pyrimidine nucleoside salvage	2	2	0.56	0.07953
GO:0043589	skin morphogenesis	2	2	0.56	0.07953
GO:0044030	regulation of DNA methylation	2	2	0.56	0.07953
GO:0044752	response to human chorionic gonadotropin	2	2	0.56	0.07953
GO:0045671	negative regulation of osteoclast differ...	2	2	0.56	0.07953
GO:0045741	positive regulation of epidermal growth ...	2	2	0.56	0.07953
GO:0045779	negative regulation of bone resorption	2	2	0.56	0.07953
GO:0045886	negative regulation of synaptic growth a...	2	2	0.56	0.07953
GO:0046054	dGMP metabolic process	2	2	0.56	0.07953
GO:0046066	dGDP metabolic process	2	2	0.56	0.07953
GO:0046108	uridine metabolic process	2	2	0.56	0.07953
GO:0046109	uridine biosynthetic process	2	2	0.56	0.07953
GO:0046711	GDP biosynthetic process	2	2	0.56	0.07953
GO:0046851	negative regulation of bone remodeling	2	2	0.56	0.07953
GO:0048143	astrocyte activation	2	2	0.56	0.07953
GO:0048627	myoblast development	2	2	0.56	0.07953
GO:0048791	calcium ion-regulated exocytosis of neur...	2	2	0.56	0.07953
GO:0048829	root cap development	2	2	0.56	0.07953
GO:0050710	negative regulation of cytokine secretio...	2	2	0.56	0.07953
GO:0050892	intestinal absorption	2	2	0.56	0.07953
GO:0051563	smooth endoplasmic reticulum calcium ion...	2	2	0.56	0.07953
GO:0051582	positive regulation of neurotransmitter ...	2	2	0.56	0.07953
GO:0051599	response to hydrostatic pressure	2	2	0.56	0.07953
GO:0051684	maintenance of Golgi location	2	2	0.56	0.07953
GO:0051964	negative regulation of synapse assembly	2	2	0.56	0.07953
GO:0060101	negative regulation of phagocytosis, eng...	2	2	0.56	0.07953
GO:0060194	regulation of antisense RNA transcriptio...	2	2	0.56	0.07953
GO:0060736	prostate gland growth	2	2	0.56	0.07953
GO:0061162	establishment of monopolar cell polarity	2	2	0.56	0.07953
GO:0061339	establishment or maintenance of monopola...	2	2	0.56	0.07953
GO:0061856	Golgi calcium ion transmembrane transpor...	2	2	0.56	0.07953
GO:0070278	extracellular matrix constituent secreti...	2	2	0.56	0.07953
GO:0070476	rRNA (guanine-N7)-methylation	2	2	0.56	0.07953
GO:0070995	NADPH oxidation	2	2	0.56	0.07953
GO:0071280	cellular response to copper ion	2	2	0.56	0.07953
GO:0071464	cellular response to hydrostatic pressur...	2	2	0.56	0.07953
GO:0071586	CAAX-box protein processing	2	2	0.56	0.07953
GO:0072537	fibroblast activation	2	2	0.56	0.07953
GO:0072615	interleukin-17 secretion	2	2	0.56	0.07953
GO:0080001	mucilage extrusion from seed coat	2	2	0.56	0.07953
GO:0080120	CAAX-box protein maturation	2	2	0.56	0.07953
GO:0085020	protein K6-linked ubiquitination	2	2	0.56	0.07953
GO:0090414	molybdate ion export from vacuole	2	2	0.56	0.07953
GO:0090647	modulation of age-related behavioral dec...	2	2	0.56	0.07953
GO:0097028	dendritic cell differentiation	2	2	0.56	0.07953
GO:0097167	circadian regulation of translation	2	2	0.56	0.07953
GO:0097339	glycolate transmembrane transport	2	2	0.56	0.07953
GO:0097530	granulocyte migration	2	2	0.56	0.07953
GO:0098751	bone cell development	2	2	0.56	0.07953
GO:0098856	intestinal lipid absorption	2	2	0.56	0.07953
GO:0099134	chimeric sorocarp development	2	2	0.56	0.07953
GO:0099135	chimeric colonial development	2	2	0.56	0.07953
GO:0099136	chimeric non-reproductive fruiting body ...	2	2	0.56	0.07953
GO:0099139	cheating during chimeric sorocarp develo...	2	2	0.56	0.07953
GO:0099403	maintenance of mitotic sister chromatid ...	2	2	0.56	0.07953
GO:0099404	mitotic sister chromatid cohesion, telom...	2	2	0.56	0.07953
GO:0101030	tRNA-guanine transglycosylation	2	2	0.56	0.07953
GO:0110029	negative regulation of meiosis I	2	2	0.56	0.07953
GO:0120029	proton export across plasma membrane	2	2	0.56	0.07953
GO:1900036	positive regulation of cellular response...	2	2	0.56	0.07953
GO:1900112	regulation of histone H3-K9 trimethylati...	2	2	0.56	0.07953
GO:1900866	glycolate transport	2	2	0.56	0.07953
GO:1901072	glucosamine-containing compound cataboli...	2	2	0.56	0.07953
GO:1901096	regulation of autophagosome maturation	2	2	0.56	0.07953
GO:1901098	positive regulation of autophagosome mat...	2	2	0.56	0.07953
GO:1901409	positive regulation of phosphorylation o...	2	2	0.56	0.07953
GO:1901569	fatty acid derivative catabolic process	2	2	0.56	0.07953
GO:1901580	regulation of telomeric RNA transcriptio...	2	2	0.56	0.07953
GO:1901581	negative regulation of telomeric RNA tra...	2	2	0.56	0.07953
GO:1901582	positive regulation of telomeric RNA tra...	2	2	0.56	0.07953
GO:1901738	regulation of vitamin A metabolic proces...	2	2	0.56	0.07953
GO:1901975	glycerate transmembrane transport	2	2	0.56	0.07953
GO:1902043	positive regulation of extrinsic apoptot...	2	2	0.56	0.07953
GO:1902177	positive regulation of oxidative stress-...	2	2	0.56	0.07953
GO:1902990	mitotic telomere maintenance via semi-co...	2	2	0.56	0.07953
GO:1903011	negative regulation of bone development	2	2	0.56	0.07953
GO:1903209	positive regulation of oxidative stress-...	2	2	0.56	0.07953
GO:1903223	positive regulation of oxidative stress-...	2	2	0.56	0.07953
GO:1903333	negative regulation of protein folding	2	2	0.56	0.07953
GO:1903361	protein localization to basolateral plas...	2	2	0.56	0.07953
GO:1903376	regulation of oxidative stress-induced n...	2	2	0.56	0.07953
GO:1903378	positive regulation of oxidative stress-...	2	2	0.56	0.07953
GO:1903469	removal of RNA primer involved in mitoti...	2	2	0.56	0.07953
GO:1904046	negative regulation of vascular endothel...	2	2	0.56	0.07953
GO:1904355	positive regulation of telomere capping	2	2	0.56	0.07953
GO:1904397	negative regulation of neuromuscular jun...	2	2	0.56	0.07953
GO:1904478	regulation of intestinal absorption	2	2	0.56	0.07953
GO:1904729	regulation of intestinal lipid absorptio...	2	2	0.56	0.07953
GO:1904796	regulation of core promoter binding	2	2	0.56	0.07953
GO:1904797	negative regulation of core promoter bin...	2	2	0.56	0.07953
GO:1904907	regulation of maintenance of mitotic sis...	2	2	0.56	0.07953
GO:1904908	negative regulation of maintenance of mi...	2	2	0.56	0.07953
GO:1905076	regulation of interleukin-17 secretion	2	2	0.56	0.07953
GO:1905077	negative regulation of interleukin-17 se...	2	2	0.56	0.07953
GO:1905098	negative regulation of guanyl-nucleotide...	2	2	0.56	0.07953
GO:1905154	negative regulation of membrane invagina...	2	2	0.56	0.07953
GO:1905661	regulation of telomerase RNA reverse tra...	2	2	0.56	0.07953
GO:1905663	positive regulation of telomerase RNA re...	2	2	0.56	0.07953
GO:1905809	negative regulation of synapse organizat...	2	2	0.56	0.07953
GO:1905906	regulation of amyloid fibril formation	2	2	0.56	0.07953
GO:1905908	positive regulation of amyloid fibril fo...	2	2	0.56	0.07953
GO:1990266	neutrophil migration	2	2	0.56	0.07953
GO:2000179	positive regulation of neural precursor ...	2	2	0.56	0.07953
GO:2000395	regulation of ubiquitin-dependent endocy...	2	2	0.56	0.07953
GO:2000397	positive regulation of ubiquitin-depende...	2	2	0.56	0.07953
GO:2000489	regulation of hepatic stellate cell acti...	2	2	0.56	0.07953
GO:2000491	positive regulation of hepatic stellate ...	2	2	0.56	0.07953
GO:2000514	regulation of CD4-positive, alpha-beta T...	2	2	0.56	0.07953
GO:2000551	regulation of T-helper 2 cell cytokine p...	2	2	0.56	0.07953
GO:2000617	positive regulation of histone H3-K9 ace...	2	2	0.56	0.07953
GO:2001204	regulation of osteoclast development	2	2	0.56	0.07953
GO:2001205	negative regulation of osteoclast develo...	2	2	0.56	0.07953
GO:0051239	regulation of multicellular organismal p...	396	124	111.72	0.08088
GO:0034767	positive regulation of ion transmembrane...	20	9	5.64	0.08101
GO:0043967	histone H4 acetylation	20	9	5.64	0.08101
GO:0048437	floral organ development	20	9	5.64	0.08101
GO:0032879	regulation of localization	369	116	104.1	0.08145
GO:0045944	positive regulation of transcription by ...	139	47	39.21	0.08180
GO:0044403	symbiont process	126	43	35.55	0.08183
GO:0031497	chromatin assembly	56	21	15.8	0.08201
GO:0006862	nucleotide transport	23	10	6.49	0.08423
GO:0007531	mating type determination	23	10	6.49	0.08423
GO:0042726	flavin-containing compound metabolic pro...	23	10	6.49	0.08423
GO:0043486	histone exchange	23	10	6.49	0.08423
GO:0009891	positive regulation of biosynthetic proc...	356	112	100.43	0.08438
GO:0019318	hexose metabolic process	50	19	14.11	0.08456
GO:0019438	aromatic compound biosynthetic process	823	248	232.18	0.08488
GO:0000209	protein polyubiquitination	47	18	13.26	0.08568
GO:0016236	macroautophagy	146	49	41.19	0.08591
GO:0000082	G1/S transition of mitotic cell cycle	91	32	25.67	0.08616
GO:0031398	positive regulation of protein ubiquitin...	26	11	7.33	0.08632
GO:0043928	exonucleolytic nuclear-transcribed mRNA ...	26	11	7.33	0.08632
GO:1903051	negative regulation of proteolysis invol...	26	11	7.33	0.08632
GO:1903363	negative regulation of cellular protein ...	26	11	7.33	0.08632
GO:0062013	positive regulation of small molecule me...	44	17	12.41	0.08666
GO:0009124	nucleoside monophosphate biosynthetic pr...	72	26	20.31	0.08684
GO:0045596	negative regulation of cell differentiat...	72	26	20.31	0.08684
GO:0071985	multivesicular body sorting pathway	41	16	11.57	0.08745
GO:0006638	neutral lipid metabolic process	29	12	8.18	0.08757
GO:0006639	acylglycerol metabolic process	29	12	8.18	0.08757
GO:0043488	regulation of mRNA stability	29	12	8.18	0.08757
GO:0071218	cellular response to misfolded protein	29	12	8.18	0.08757
GO:0045935	positive regulation of nucleobase-contai...	306	97	86.33	0.08812
GO:0002521	leukocyte differentiation	35	14	9.87	0.08829
GO:0009889	regulation of biosynthetic process	675	205	190.43	0.08836
GO:0010628	positive regulation of gene expression	323	102	91.12	0.08899
GO:0000278	mitotic cell cycle	384	120	108.33	0.08940
GO:0051604	protein maturation	85	30	23.98	0.09064
GO:0009156	ribonucleoside monophosphate biosyntheti...	66	24	18.62	0.09080
GO:0035967	cellular response to topologically incor...	66	24	18.62	0.09080
GO:0002168	instar larval development	12	6	3.39	0.09115
GO:0006040	amino sugar metabolic process	12	6	3.39	0.09115
GO:0009133	nucleoside diphosphate biosynthetic proc...	12	6	3.39	0.09115
GO:0009215	purine deoxyribonucleoside triphosphate ...	12	6	3.39	0.09115
GO:0032350	regulation of hormone metabolic process	12	6	3.39	0.09115
GO:0034656	nucleobase-containing small molecule cat...	12	6	3.39	0.09115
GO:0042451	purine nucleoside biosynthetic process	12	6	3.39	0.09115
GO:0046129	purine ribonucleoside biosynthetic proce...	12	6	3.39	0.09115
GO:0046618	drug export	12	6	3.39	0.09115
GO:0051702	interaction with symbiont	12	6	3.39	0.09115
GO:0051851	modification by host of symbiont morphol...	12	6	3.39	0.09115
GO:1903426	regulation of reactive oxygen species bi...	12	6	3.39	0.09115
GO:1904591	positive regulation of protein import	12	6	3.39	0.09115
GO:0002283	neutrophil activation involved in immune...	63	23	17.77	0.09279
GO:0002446	neutrophil mediated immunity	63	23	17.77	0.09279
GO:0036230	granulocyte activation	63	23	17.77	0.09279
GO:0042119	neutrophil activation	63	23	17.77	0.09279
GO:0043312	neutrophil degranulation	63	23	17.77	0.09279
GO:0080090	regulation of primary metabolic process	933	279	263.21	0.09373
GO:0042592	homeostatic process	361	113	101.84	0.09376
GO:0009657	plastid organization	60	22	16.93	0.09478
GO:0043687	post-translational protein modification	60	22	16.93	0.09478
GO:0051050	positive regulation of transport	134	45	37.8	0.09597
GO:0031326	regulation of cellular biosynthetic proc...	656	199	185.07	0.09621
GO:0030447	filamentous growth	57	21	16.08	0.09675
GO:0044271	cellular nitrogen compound biosynthetic ...	1091	324	307.79	0.09693
GO:0006733	oxidoreduction coenzyme metabolic proces...	76	27	21.44	0.09772
GO:0016571	histone methylation	54	20	15.23	0.09870
GO:0000076	DNA replication checkpoint	15	7	4.23	0.09938
GO:0030879	mammary gland development	15	7	4.23	0.09938
GO:0032008	positive regulation of TOR signaling	15	7	4.23	0.09938
GO:0050707	regulation of cytokine secretion	15	7	4.23	0.09938
GO:0060348	bone development	15	7	4.23	0.09938
GO:1902292	cell cycle DNA replication initiation	15	7	4.23	0.09938
GO:1902315	nuclear cell cycle DNA replication initi...	15	7	4.23	0.09938
GO:0000469	cleavage involved in rRNA processing	51	19	14.39	0.10060
GO:0010467	gene expression	1148	340	323.87	0.10071
GO:0043549	regulation of kinase activity	115	39	32.44	0.10198
GO:0042180	cellular ketone metabolic process	70	25	19.75	0.10269
GO:0016049	cell growth	138	46	38.93	0.10328
GO:0000162	tryptophan biosynthetic process	7	4	1.97	0.10380
GO:0006290	pyrimidine dimer repair	7	4	1.97	0.10380
GO:0006884	cell volume homeostasis	7	4	1.97	0.10380
GO:0009068	aspartate family amino acid catabolic pr...	7	4	1.97	0.10380
GO:0009095	aromatic amino acid family biosynthetic ...	7	4	1.97	0.10380
GO:0010051	xylem and phloem pattern formation	7	4	1.97	0.10380
GO:0010114	response to red light	7	4	1.97	0.10380
GO:0010288	response to lead ion	7	4	1.97	0.10380
GO:0014072	response to isoquinoline alkaloid	7	4	1.97	0.10380
GO:0021536	diencephalon development	7	4	1.97	0.10380
GO:0030279	negative regulation of ossification	7	4	1.97	0.10380
GO:0033313	meiotic cell cycle checkpoint	7	4	1.97	0.10380
GO:0034091	regulation of maintenance of sister chro...	7	4	1.97	0.10380
GO:0034182	regulation of maintenance of mitotic sis...	7	4	1.97	0.10380
GO:0035166	post-embryonic hemopoiesis	7	4	1.97	0.10380
GO:0043278	response to morphine	7	4	1.97	0.10380
GO:0043981	histone H4-K5 acetylation	7	4	1.97	0.10380
GO:0046219	indolalkylamine biosynthetic process	7	4	1.97	0.10380
GO:0046426	negative regulation of JAK-STAT cascade	7	4	1.97	0.10380
GO:0046718	viral entry into host cell	7	4	1.97	0.10380
GO:0048542	lymph gland development	7	4	1.97	0.10380
GO:0070203	regulation of establishment of protein l...	7	4	1.97	0.10380
GO:0071514	genetic imprinting	7	4	1.97	0.10380
GO:1902295	synthesis of RNA primer involved in cell...	7	4	1.97	0.10380
GO:1902318	synthesis of RNA primer involved in nucl...	7	4	1.97	0.10380
GO:1902981	synthesis of RNA primer involved in mito...	7	4	1.97	0.10380
GO:1904851	positive regulation of establishment of ...	7	4	1.97	0.10380
GO:1904893	negative regulation of STAT cascade	7	4	1.97	0.10380
GO:0044774	mitotic DNA integrity checkpoint	45	17	12.7	0.10420
GO:0001403	invasive growth in response to glucose l...	18	8	5.08	0.10453
GO:0015868	purine ribonucleotide transport	18	8	5.08	0.10453
GO:0018991	oviposition	18	8	5.08	0.10453
GO:0051503	adenine nucleotide transport	18	8	5.08	0.10453
GO:1900034	regulation of cellular response to heat	18	8	5.08	0.10453
GO:2000104	negative regulation of DNA-dependent DNA...	18	8	5.08	0.10453
GO:0051234	establishment of localization	981	292	276.75	0.10499
GO:0043299	leukocyte degranulation	67	24	18.9	0.10523
GO:0009746	response to hexose	42	16	11.85	0.10583
GO:0050708	regulation of protein secretion	42	16	11.85	0.10583
GO:0097164	ammonium ion metabolic process	42	16	11.85	0.10583
GO:2000278	regulation of DNA biosynthetic process	42	16	11.85	0.10583
GO:0006888	ER to Golgi vesicle-mediated transport	83	29	23.42	0.10597
GO:0071702	organic substance transport	596	181	168.14	0.10675
GO:0006469	negative regulation of protein kinase ac...	39	15	11	0.10729
GO:0009185	ribonucleoside diphosphate metabolic pro...	39	15	11	0.10729
GO:0009749	response to glucose	39	15	11	0.10729
GO:0015748	organophosphate ester transport	39	15	11	0.10729
GO:0033673	negative regulation of kinase activity	39	15	11	0.10729
GO:0045862	positive regulation of proteolysis	122	41	34.42	0.10733
GO:0036267	invasive filamentous growth	21	9	5.92	0.10765
GO:0052031	modulation by symbiont of host defense r...	21	9	5.92	0.10765
GO:0052255	modulation by organism of defense respon...	21	9	5.92	0.10765
GO:0071712	ER-associated misfolded protein cataboli...	21	9	5.92	0.10765
GO:1900182	positive regulation of protein localizat...	21	9	5.92	0.10765
GO:0009127	purine nucleoside monophosphate biosynth...	64	23	18.06	0.10782
GO:0009168	purine ribonucleoside monophosphate bios...	64	23	18.06	0.10782
GO:0010565	regulation of cellular ketone metabolic ...	36	14	10.16	0.10853
GO:0044773	mitotic DNA damage checkpoint	36	14	10.16	0.10853
GO:0050778	positive regulation of immune response	80	28	22.57	0.10883
GO:0006901	vesicle coating	24	10	6.77	0.10935
GO:0019098	reproductive behavior	24	10	6.77	0.10935
GO:0030970	retrograde protein transport, ER to cyto...	24	10	6.77	0.10935
GO:0031058	positive regulation of histone modificat...	24	10	6.77	0.10935
GO:0042058	regulation of epidermal growth factor re...	24	10	6.77	0.10935
GO:0070783	growth of unicellular organism as a thre...	24	10	6.77	0.10935
GO:1901184	regulation of ERBB signaling pathway	24	10	6.77	0.10935
GO:1903513	endoplasmic reticulum to cytosol transpo...	24	10	6.77	0.10935
GO:1990823	response to leukemia inhibitory factor	24	10	6.77	0.10935
GO:1990830	cellular response to leukemia inhibitory...	24	10	6.77	0.10935
GO:0001819	positive regulation of cytokine producti...	33	13	9.31	0.10948
GO:2000242	negative regulation of reproductive proc...	33	13	9.31	0.10948
GO:0019220	regulation of phosphate metabolic proces...	225	72	63.48	0.10970
GO:0051174	regulation of phosphorus metabolic proce...	225	72	63.48	0.10970
GO:0006796	phosphate-containing compound metabolic ...	728	219	205.38	0.10996
GO:0042177	negative regulation of protein catabolic...	30	12	8.46	0.11003
GO:0043044	ATP-dependent chromatin remodeling	30	12	8.46	0.11003
GO:1901568	fatty acid derivative metabolic process	30	12	8.46	0.11003
GO:0006094	gluconeogenesis	27	11	7.62	0.11005
GO:0019319	hexose biosynthetic process	27	11	7.62	0.11005
GO:0051101	regulation of DNA binding	27	11	7.62	0.11005
GO:2000573	positive regulation of DNA biosynthetic ...	27	11	7.62	0.11005
GO:0001933	negative regulation of protein phosphory...	61	22	17.21	0.11044
GO:0045017	glycerolipid biosynthetic process	61	22	17.21	0.11044
GO:0060284	regulation of cell development	142	47	40.06	0.11073
GO:0090407	organophosphate biosynthetic process	252	80	71.09	0.11090
GO:0051171	regulation of nitrogen compound metaboli...	892	266	251.65	0.11289
GO:0006650	glycerophospholipid metabolic process	58	21	16.36	0.11309
GO:0035966	response to topologically incorrect prot...	74	26	20.88	0.11478
GO:1901362	organic cyclic compound biosynthetic pro...	889	265	250.8	0.11523
GO:0006810	transport	945	281	266.6	0.11608
GO:0009651	response to salt stress	113	38	31.88	0.11684
GO:0006333	chromatin assembly or disassembly	71	25	20.03	0.11787
GO:0072524	pyridine-containing compound metabolic p...	71	25	20.03	0.11787
GO:0009058	biosynthetic process	1547	452	436.43	0.11865
GO:0051052	regulation of DNA metabolic process	156	51	44.01	0.11909
GO:0032940	secretion by cell	196	63	55.29	0.11968
GO:0010557	positive regulation of macromolecule bio...	297	93	83.79	0.11975
GO:0050776	regulation of immune response	110	37	31.03	0.12022
GO:0010562	positive regulation of phosphorus metabo...	133	44	37.52	0.12055
GO:0045937	positive regulation of phosphate metabol...	133	44	37.52	0.12055
GO:0030097	hemopoiesis	97	33	27.37	0.12072
GO:0000467	exonucleolytic trimming to generate matu...	10	5	2.82	0.12096
GO:0001832	blastocyst growth	10	5	2.82	0.12096
GO:0007586	digestion	10	5	2.82	0.12096
GO:0010029	regulation of seed germination	10	5	2.82	0.12096
GO:0010224	response to UV-B	10	5	2.82	0.12096
GO:0010992	ubiquitin recycling	10	5	2.82	0.12096
GO:0022600	digestive system process	10	5	2.82	0.12096
GO:0033523	histone H2B ubiquitination	10	5	2.82	0.12096
GO:0034085	establishment of sister chromatid cohesi...	10	5	2.82	0.12096
GO:0035306	positive regulation of dephosphorylation	10	5	2.82	0.12096
GO:0036523	positive regulation by symbiont of host ...	10	5	2.82	0.12096
GO:0043633	polyadenylation-dependent RNA catabolic ...	10	5	2.82	0.12096
GO:0044033	multi-organism metabolic process	10	5	2.82	0.12096
GO:0044035	multi-organism catabolic process	10	5	2.82	0.12096
GO:0045638	negative regulation of myeloid cell diff...	10	5	2.82	0.12096
GO:0046015	regulation of transcription by glucose	10	5	2.82	0.12096
GO:0052002	metabolism by symbiont of substance in h...	10	5	2.82	0.12096
GO:0052006	catabolism by symbiont of substance in h...	10	5	2.82	0.12096
GO:0052013	catabolism by symbiont of host macromole...	10	5	2.82	0.12096
GO:0052014	catabolism by symbiont of host protein	10	5	2.82	0.12096
GO:0052032	modulation by symbiont of host inflammat...	10	5	2.82	0.12096
GO:0052174	metabolism by symbiont of host macromole...	10	5	2.82	0.12096
GO:0052214	metabolism of substance in other organis...	10	5	2.82	0.12096
GO:0052227	catabolism of substance in other organis...	10	5	2.82	0.12096
GO:0052228	metabolism by symbiont of host protein	10	5	2.82	0.12096
GO:0052229	metabolism of macromolecule in other org...	10	5	2.82	0.12096
GO:0052256	modulation by organism of inflammatory r...	10	5	2.82	0.12096
GO:0052361	catabolism by organism of macromolecule ...	10	5	2.82	0.12096
GO:0052363	catabolism by organism of protein in oth...	10	5	2.82	0.12096
GO:0052418	metabolism by organism of protein in oth...	10	5	2.82	0.12096
GO:0070734	histone H3-K27 methylation	10	5	2.82	0.12096
GO:0071042	nuclear polyadenylation-dependent mRNA c...	10	5	2.82	0.12096
GO:0071047	polyadenylation-dependent mRNA catabolic...	10	5	2.82	0.12096
GO:1900140	regulation of seedling development	10	5	2.82	0.12096
GO:1902884	positive regulation of response to oxida...	10	5	2.82	0.12096
GO:1903707	negative regulation of hemopoiesis	10	5	2.82	0.12096
GO:1904292	regulation of ERAD pathway	10	5	2.82	0.12096
GO:2000028	regulation of photoperiodism, flowering	10	5	2.82	0.12096
GO:0007062	sister chromatid cohesion	49	18	13.82	0.12112
GO:0051049	regulation of transport	260	82	73.35	0.12128
GO:0010563	negative regulation of phosphorus metabo...	81	28	22.85	0.12352
GO:0045936	negative regulation of phosphate metabol...	81	28	22.85	0.12352
GO:0006793	phosphorus metabolic process	748	224	211.02	0.12380
GO:0002275	myeloid cell activation involved in immu...	65	23	18.34	0.12429
GO:0002444	myeloid leukocyte mediated immunity	65	23	18.34	0.12429
GO:0030334	regulation of cell migration	65	23	18.34	0.12429
GO:0042326	negative regulation of phosphorylation	65	23	18.34	0.12429
GO:0051962	positive regulation of nervous system de...	65	23	18.34	0.12429
GO:1903320	regulation of protein modification by sm...	78	27	22	0.12703
GO:0006909	phagocytosis	40	15	11.28	0.12891
GO:0032509	endosome transport via multivesicular bo...	40	15	11.28	0.12891
GO:0062033	positive regulation of mitotic sister ch...	40	15	11.28	0.12891
GO:0006206	pyrimidine nucleobase metabolic process	13	6	3.67	0.13033
GO:0006568	tryptophan metabolic process	13	6	3.67	0.13033
GO:0006586	indolalkylamine metabolic process	13	6	3.67	0.13033
GO:0016233	telomere capping	13	6	3.67	0.13033
GO:0031126	snoRNA 3'-end processing	13	6	3.67	0.13033
GO:0032435	negative regulation of proteasomal ubiqu...	13	6	3.67	0.13033
GO:0042435	indole-containing compound biosynthetic ...	13	6	3.67	0.13033
GO:0043627	response to estrogen	13	6	3.67	0.13033
GO:0045739	positive regulation of DNA repair	13	6	3.67	0.13033
GO:1904814	regulation of protein localization to ch...	13	6	3.67	0.13033
GO:0001817	regulation of cytokine production	59	21	16.64	0.13103
GO:0031396	regulation of protein ubiquitination	59	21	16.64	0.13103
GO:0051348	negative regulation of transferase activ...	59	21	16.64	0.13103
GO:0031345	negative regulation of cell projection o...	37	14	10.44	0.13132
GO:1901605	alpha-amino acid metabolic process	144	47	40.62	0.13335
GO:0061351	neural precursor cell proliferation	34	13	9.59	0.13356
GO:1990138	neuron projection extension	34	13	9.59	0.13356
GO:0016570	histone modification	164	53	46.27	0.13394
GO:0019058	viral life cycle	56	20	15.8	0.13451
GO:0000187	activation of MAPK activity	16	7	4.51	0.13537
GO:0009200	deoxyribonucleoside triphosphate metabol...	16	7	4.51	0.13537
GO:0009263	deoxyribonucleotide biosynthetic process	16	7	4.51	0.13537
GO:0009265	2'-deoxyribonucleotide biosynthetic proc...	16	7	4.51	0.13537
GO:0046385	deoxyribose phosphate biosynthetic proce...	16	7	4.51	0.13537
GO:0048438	floral whorl development	16	7	4.51	0.13537
GO:0050770	regulation of axonogenesis	16	7	4.51	0.13537
GO:0051123	RNA polymerase II preinitiation complex ...	16	7	4.51	0.13537
GO:0060260	regulation of transcription initiation f...	16	7	4.51	0.13537
GO:0061647	histone H3-K9 modification	16	7	4.51	0.13537
GO:0070481	nuclear-transcribed mRNA catabolic proce...	16	7	4.51	0.13537
GO:0048675	axon extension	31	12	8.75	0.13554
GO:0048608	reproductive structure development	238	75	67.14	0.13578
GO:1901699	cellular response to nitrogen compound	131	43	36.96	0.13643
GO:0006734	NADH metabolic process	28	11	7.9	0.13715
GO:0010332	response to gamma radiation	28	11	7.9	0.13715
GO:0015865	purine nucleotide transport	19	8	5.36	0.13781
GO:0006754	ATP biosynthetic process	53	19	14.95	0.13807
GO:0009262	deoxyribonucleotide metabolic process	25	10	7.05	0.13824
GO:0009394	2'-deoxyribonucleotide metabolic process	25	10	7.05	0.13824
GO:0019692	deoxyribose phosphate metabolic process	25	10	7.05	0.13824
GO:0032103	positive regulation of response to exter...	25	10	7.05	0.13824
GO:0032210	regulation of telomere maintenance via t...	25	10	7.05	0.13824
GO:0034198	cellular response to amino acid starvati...	25	10	7.05	0.13824
GO:1905897	regulation of response to endoplasmic re...	25	10	7.05	0.13824
GO:0000746	conjugation	22	9	6.21	0.13858
GO:0000747	conjugation with cellular fusion	22	9	6.21	0.13858
GO:0015718	monocarboxylic acid transport	22	9	6.21	0.13858
GO:0043406	positive regulation of MAP kinase activi...	22	9	6.21	0.13858
GO:0050714	positive regulation of protein secretion	22	9	6.21	0.13858
GO:0070536	protein K63-linked deubiquitination	22	9	6.21	0.13858
GO:0044843	cell cycle G1/S phase transition	95	32	26.8	0.13890
GO:0000742	karyogamy involved in conjugation with c...	5	3	1.41	0.14007
GO:0001196	regulation of mating-type specific trans...	5	3	1.41	0.14007
GO:0001198	negative regulation of mating-type speci...	5	3	1.41	0.14007
GO:0002762	negative regulation of myeloid leukocyte...	5	3	1.41	0.14007
GO:0002833	positive regulation of response to bioti...	5	3	1.41	0.14007
GO:0006183	GTP biosynthetic process	5	3	1.41	0.14007
GO:0006582	melanin metabolic process	5	3	1.41	0.14007
GO:0006978	DNA damage response, signal transduction...	5	3	1.41	0.14007
GO:0007494	midgut development	5	3	1.41	0.14007
GO:0007532	regulation of mating-type specific trans...	5	3	1.41	0.14007
GO:0010676	positive regulation of cellular carbohyd...	5	3	1.41	0.14007
GO:0010922	positive regulation of phosphatase activ...	5	3	1.41	0.14007
GO:0014002	astrocyte development	5	3	1.41	0.14007
GO:0018963	phthalate metabolic process	5	3	1.41	0.14007
GO:0019405	alditol catabolic process	5	3	1.41	0.14007
GO:0019563	glycerol catabolic process	5	3	1.41	0.14007
GO:0019730	antimicrobial humoral response	5	3	1.41	0.14007
GO:0030318	melanocyte differentiation	5	3	1.41	0.14007
GO:0030511	positive regulation of transforming grow...	5	3	1.41	0.14007
GO:0031150	sorocarp stalk development	5	3	1.41	0.14007
GO:0031573	intra-S DNA damage checkpoint	5	3	1.41	0.14007
GO:0032197	transposition, RNA-mediated	5	3	1.41	0.14007
GO:0032515	negative regulation of phosphoprotein ph...	5	3	1.41	0.14007
GO:0035076	ecdysone receptor-mediated signaling pat...	5	3	1.41	0.14007
GO:0035670	plant-type ovary development	5	3	1.41	0.14007
GO:0042438	melanin biosynthetic process	5	3	1.41	0.14007
GO:0042772	DNA damage response, signal transduction...	5	3	1.41	0.14007
GO:0043052	thermotaxis	5	3	1.41	0.14007
GO:0043970	histone H3-K9 acetylation	5	3	1.41	0.14007
GO:0044788	modulation by host of viral process	5	3	1.41	0.14007
GO:0044794	positive regulation by host of viral pro...	5	3	1.41	0.14007
GO:0045446	endothelial cell differentiation	5	3	1.41	0.14007
GO:0045668	negative regulation of osteoblast differ...	5	3	1.41	0.14007
GO:0045894	negative regulation of mating-type speci...	5	3	1.41	0.14007
GO:0045947	negative regulation of translational ini...	5	3	1.41	0.14007
GO:0048286	lung alveolus development	5	3	1.41	0.14007
GO:0048481	plant ovule development	5	3	1.41	0.14007
GO:0048708	astrocyte differentiation	5	3	1.41	0.14007
GO:0050818	regulation of coagulation	5	3	1.41	0.14007
GO:0050922	negative regulation of chemotaxis	5	3	1.41	0.14007
GO:0051195	negative regulation of cofactor metaboli...	5	3	1.41	0.14007
GO:0051238	sequestering of metal ion	5	3	1.41	0.14007
GO:0051340	regulation of ligase activity	5	3	1.41	0.14007
GO:0070741	response to interleukin-6	5	3	1.41	0.14007
GO:0071354	cellular response to interleukin-6	5	3	1.41	0.14007
GO:0071474	cellular hyperosmotic response	5	3	1.41	0.14007
GO:0071475	cellular hyperosmotic salinity response	5	3	1.41	0.14007
GO:0071629	cytoplasm protein quality control by the...	5	3	1.41	0.14007
GO:0071825	protein-lipid complex subunit organizati...	5	3	1.41	0.14007
GO:0072364	regulation of cellular ketone metabolic ...	5	3	1.41	0.14007
