GO.ID	Term	Annotated	Significant	Expected	classic
GO:0008299	isoprenoid biosynthetic process	31	15	6.25	0.00037
GO:0051085	chaperone cofactor-dependent protein ref...	7	6	1.41	0.00038
GO:0071705	nitrogen compound transport	568	144	114.48	0.00052
GO:0040018	positive regulation of multicellular org...	12	8	2.42	0.00060
GO:0016246	RNA interference	15	9	3.02	0.00081
GO:0051179	localization	1156	268	233	0.00084
GO:0007568	aging	165	50	33.26	0.00096
GO:0008340	determination of adult lifespan	79	28	15.92	0.00099
GO:0006886	intracellular protein transport	383	101	77.2	0.00103
GO:0006810	transport	945	223	190.47	0.00110
GO:0071702	organic substance transport	596	148	120.13	0.00117
GO:0000290	deadenylation-dependent decapping of nuc...	8	6	1.61	0.00127
GO:0051084	'de novo' posttranslational protein fold...	8	6	1.61	0.00127
GO:0042026	protein refolding	13	8	2.62	0.00128
GO:0051234	establishment of localization	981	230	197.73	0.00132
GO:0015833	peptide transport	472	120	95.13	0.00152
GO:0010259	multicellular organism aging	81	28	16.33	0.00154
GO:0030727	germarium-derived female germ-line cyst ...	4	4	0.81	0.00164
GO:0048134	germ-line cyst formation	4	4	0.81	0.00164
GO:0048135	female germ-line cyst formation	4	4	0.81	0.00164
GO:0042886	amide transport	482	122	97.15	0.00165
GO:0015031	protein transport	455	116	91.71	0.00165
GO:0062012	regulation of small molecule metabolic p...	97	32	19.55	0.00177
GO:0006892	post-Golgi vesicle-mediated transport	42	17	8.47	0.00193
GO:0090559	regulation of membrane permeability	11	7	2.22	0.00202
GO:1905330	regulation of morphogenesis of an epithe...	11	7	2.22	0.00202
GO:0006401	RNA catabolic process	158	47	31.85	0.00209
GO:0006720	isoprenoid metabolic process	46	18	9.27	0.00225
GO:0045840	positive regulation of mitotic nuclear d...	46	18	9.27	0.00225
GO:0016071	mRNA metabolic process	317	84	63.89	0.00243
GO:0017148	negative regulation of translation	36	15	7.26	0.00251
GO:0048639	positive regulation of developmental gro...	23	11	4.64	0.00257
GO:0006402	mRNA catabolic process	139	42	28.02	0.00259
GO:0006839	mitochondrial transport	80	27	16.12	0.00276
GO:0045184	establishment of protein localization	484	121	97.55	0.00282
GO:0006605	protein targeting	198	56	39.91	0.00292
GO:0072594	establishment of protein localization to...	245	67	49.38	0.00295
GO:0001112	DNA-templated transcriptional open compl...	9	6	1.81	0.00315
GO:0001120	protein-DNA complex remodeling	9	6	1.81	0.00315
GO:0006109	regulation of carbohydrate metabolic pro...	30	13	6.05	0.00320
GO:0055085	transmembrane transport	308	81	62.08	0.00365
GO:0051301	cell division	205	57	41.32	0.00407
GO:0034220	ion transmembrane transport	218	60	43.94	0.00415
GO:0042552	myelination	15	8	3.02	0.00437
GO:0051649	establishment of localization in cell	568	138	114.48	0.00449
GO:0034249	negative regulation of cellular amide me...	38	15	7.66	0.00467
GO:0034035	purine ribonucleoside bisphosphate metab...	7	5	1.41	0.00479
GO:0034036	purine ribonucleoside bisphosphate biosy...	7	5	1.41	0.00479
GO:0050427	3'-phosphoadenosine 5'-phosphosulfate me...	7	5	1.41	0.00479
GO:0050428	3'-phosphoadenosine 5'-phosphosulfate bi...	7	5	1.41	0.00479
GO:0006081	cellular aldehyde metabolic process	28	12	5.64	0.00511
GO:0006415	translational termination	28	12	5.64	0.00511
GO:0043902	positive regulation of multi-organism pr...	64	22	12.9	0.00516
GO:0008104	protein localization	646	154	130.2	0.00582
GO:0046907	intracellular transport	512	125	103.2	0.00589
GO:0006412	translation	309	80	62.28	0.00604
GO:0046903	secretion	209	57	42.13	0.00638
GO:0051785	positive regulation of nuclear division	50	18	10.08	0.00641
GO:0007588	excretion	10	6	2.02	0.00655
GO:0009240	isopentenyl diphosphate biosynthetic pro...	10	6	2.02	0.00655
GO:0034367	protein-containing complex remodeling	10	6	2.02	0.00655
GO:0046490	isopentenyl diphosphate metabolic proces...	10	6	2.02	0.00655
GO:1902930	regulation of alcohol biosynthetic proce...	19	9	3.83	0.00686
GO:0006727	ommochrome biosynthetic process	5	4	1.01	0.00688
GO:0007266	Rho protein signal transduction	5	4	1.01	0.00688
GO:0008055	ocellus pigment biosynthetic process	5	4	1.01	0.00688
GO:0033060	ocellus pigmentation	5	4	1.01	0.00688
GO:0046152	ommochrome metabolic process	5	4	1.01	0.00688
GO:0046158	ocellus pigment metabolic process	5	4	1.01	0.00688
GO:0031032	actomyosin structure organization	29	12	5.85	0.00715
GO:0042304	regulation of fatty acid biosynthetic pr...	13	7	2.62	0.00721
GO:0007272	ensheathment of neurons	16	8	3.22	0.00721
GO:0008366	axon ensheathment	16	8	3.22	0.00721
GO:0030217	T cell differentiation	16	8	3.22	0.00721
GO:0072657	protein localization to membrane	151	43	30.43	0.00766
GO:1902652	secondary alcohol metabolic process	26	11	5.24	0.00815
GO:0002188	translation reinitiation	3	3	0.6	0.00816
GO:0007105	cytokinesis, site selection	3	3	0.6	0.00816
GO:0008615	pyridoxine biosynthetic process	3	3	0.6	0.00816
GO:0009694	jasmonic acid metabolic process	3	3	0.6	0.00816
GO:0031536	positive regulation of exit from mitosis	3	3	0.6	0.00816
GO:0035268	protein mannosylation	3	3	0.6	0.00816
GO:0035269	protein O-linked mannosylation	3	3	0.6	0.00816
GO:0043149	stress fiber assembly	3	3	0.6	0.00816
GO:0048142	germarium-derived cystoblast division	3	3	0.6	0.00816
GO:0048490	anterograde synaptic vesicle transport	3	3	0.6	0.00816
GO:0070893	transposon integration	3	3	0.6	0.00816
GO:0099514	synaptic vesicle cytoskeletal transport	3	3	0.6	0.00816
GO:0099517	synaptic vesicle transport along microtu...	3	3	0.6	0.00816
GO:1901562	response to paraquat	3	3	0.6	0.00816
GO:1990151	protein localization to cell tip	3	3	0.6	0.00816
GO:2000767	positive regulation of cytoplasmic trans...	3	3	0.6	0.00816
GO:0000956	nuclear-transcribed mRNA catabolic proce...	119	35	23.99	0.00911
GO:1902653	secondary alcohol biosynthetic process	23	10	4.64	0.00921
GO:0006518	peptide metabolic process	368	92	74.17	0.00943
GO:0051306	mitotic sister chromatid separation	67	22	13.5	0.00946
GO:0017038	protein import	83	26	16.73	0.00989
GO:0032940	secretion by cell	196	53	39.5	0.01008
GO:0046902	regulation of mitochondrial membrane per...	8	5	1.61	0.01067
GO:0098662	inorganic cation transmembrane transport	108	32	21.77	0.01103
GO:1903311	regulation of mRNA metabolic process	64	21	12.9	0.01120
GO:0045948	positive regulation of translational ini...	17	8	3.43	0.01126
GO:0045927	positive regulation of growth	45	16	9.07	0.01132
GO:0034613	cellular protein localization	545	130	109.85	0.01153
GO:0061640	cytoskeleton-dependent cytokinesis	84	26	16.93	0.01168
GO:0006812	cation transport	176	48	35.47	0.01190
GO:0046631	alpha-beta T cell activation	11	6	2.22	0.01197
GO:0043043	peptide biosynthetic process	326	82	65.71	0.01203
GO:0043604	amide biosynthetic process	385	95	77.6	0.01223
GO:0098655	cation transmembrane transport	138	39	27.81	0.01236
GO:0032968	positive regulation of transcription elo...	24	10	4.84	0.01301
GO:0006811	ion transport	287	73	57.85	0.01342
GO:0022618	ribonucleoprotein complex assembly	156	43	31.44	0.01396
GO:0045842	positive regulation of mitotic metaphase...	35	13	7.05	0.01462
GO:1901970	positive regulation of mitotic sister ch...	35	13	7.05	0.01462
GO:0043933	protein-containing complex subunit organ...	624	146	125.77	0.01502
GO:0043603	cellular amide metabolic process	466	112	93.92	0.01522
GO:0000910	cytokinesis	98	29	19.75	0.01541
GO:0015931	nucleobase-containing compound transport	123	35	24.79	0.01553
GO:0046165	alcohol biosynthetic process	39	14	7.86	0.01586
GO:0042180	cellular ketone metabolic process	70	22	14.11	0.01627
GO:0006413	translational initiation	115	33	23.18	0.01631
GO:0006695	cholesterol biosynthetic process	18	8	3.63	0.01677
GO:0016114	terpenoid biosynthetic process	18	8	3.63	0.01677
GO:0106118	regulation of sterol biosynthetic proces...	18	8	3.63	0.01677
GO:0016119	carotene metabolic process	6	4	1.21	0.01735
GO:0016120	carotene biosynthetic process	6	4	1.21	0.01735
GO:0019288	isopentenyl diphosphate biosynthetic pro...	6	4	1.21	0.01735
GO:0030421	defecation	6	4	1.21	0.01735
GO:0031291	Ran protein signal transduction	6	4	1.21	0.01735
GO:0033077	T cell differentiation in thymus	6	4	1.21	0.01735
GO:0042819	vitamin B6 biosynthetic process	6	4	1.21	0.01735
GO:0046246	terpene biosynthetic process	6	4	1.21	0.01735
GO:0046963	3'-phosphoadenosine 5'-phosphosulfate tr...	6	4	1.21	0.01735
GO:0050690	regulation of defense response to virus ...	6	4	1.21	0.01735
GO:0061014	positive regulation of mRNA catabolic pr...	6	4	1.21	0.01735
GO:1902559	3'-phospho-5'-adenylyl sulfate transmemb...	6	4	1.21	0.01735
GO:1902932	positive regulation of alcohol biosynthe...	6	4	1.21	0.01735
GO:0006955	immune response	259	66	52.2	0.01764
GO:0032786	positive regulation of DNA-templated tra...	25	10	5.04	0.01787
GO:1901576	organic substance biosynthetic process	1507	328	303.74	0.01824
GO:0098660	inorganic ion transmembrane transport	137	38	27.61	0.01824
GO:0090150	establishment of protein localization to...	116	33	23.38	0.01855
GO:0019682	glyceraldehyde-3-phosphate metabolic pro...	15	7	3.02	0.01858
GO:0043433	negative regulation of DNA-binding trans...	15	7	3.02	0.01858
GO:0010565	regulation of cellular ketone metabolic ...	36	13	7.26	0.01879
GO:0061013	regulation of mRNA catabolic process	36	13	7.26	0.01879
GO:0009756	carbohydrate mediated signaling	12	6	2.42	0.01993
GO:0010182	sugar mediated signaling pathway	12	6	2.42	0.01993
GO:0016128	phytosteroid metabolic process	12	6	2.42	0.01993
GO:0016129	phytosteroid biosynthetic process	12	6	2.42	0.01993
GO:0071446	cellular response to salicylic acid stim...	12	6	2.42	0.01993
GO:0032506	cytokinetic process	40	14	8.06	0.02002
GO:0062033	positive regulation of mitotic sister ch...	40	14	8.06	0.02002
GO:0000749	response to pheromone triggering conjuga...	9	5	1.81	0.02007
GO:0009863	salicylic acid mediated signaling pathwa...	9	5	1.81	0.02007
GO:0015074	DNA integration	9	5	1.81	0.02007
GO:0045940	positive regulation of steroid metabolic...	9	5	1.81	0.02007
GO:0099518	vesicle cytoskeletal trafficking	9	5	1.81	0.02007
GO:0034243	regulation of transcription elongation f...	29	11	5.85	0.02032
GO:0043488	regulation of mRNA stability	29	11	5.85	0.02032
GO:0070727	cellular macromolecule localization	564	132	113.68	0.02078
GO:0006887	exocytosis	117	33	23.58	0.02104
GO:0051984	positive regulation of chromosome segreg...	48	16	9.67	0.02168
GO:0007088	regulation of mitotic nuclear division	109	31	21.97	0.02217
GO:0072599	establishment of protein localization to...	76	23	15.32	0.02245
GO:0006352	DNA-templated transcription, initiation	64	20	12.9	0.02279
GO:0071826	ribonucleoprotein complex subunit organi...	165	44	33.26	0.02315
GO:1902101	positive regulation of metaphase/anaphas...	37	13	7.46	0.02379
GO:1905820	positive regulation of chromosome separa...	37	13	7.46	0.02379
GO:0016126	sterol biosynthetic process	26	10	5.24	0.02394
GO:0015865	purine nucleotide transport	19	8	3.83	0.02397
GO:0034427	nuclear-transcribed mRNA catabolic proce...	19	8	3.83	0.02397
GO:2001235	positive regulation of apoptotic signali...	19	8	3.83	0.02397
GO:1901566	organonitrogen compound biosynthetic pro...	770	175	155.2	0.02420
GO:0044770	cell cycle phase transition	214	55	43.13	0.02472
GO:0007569	cell aging	45	15	9.07	0.02579
GO:0051783	regulation of nuclear division	123	34	24.79	0.02599
GO:0000184	nuclear-transcribed mRNA catabolic proce...	77	23	15.52	0.02614
GO:0006367	transcription initiation from RNA polyme...	49	16	9.88	0.02637
GO:0000291	nuclear-transcribed mRNA catabolic proce...	30	11	6.05	0.02643
GO:0009814	defense response, incompatible interacti...	30	11	6.05	0.02643
GO:0009408	response to heat	102	29	20.56	0.02652
GO:1901992	positive regulation of mitotic cell cycl...	69	21	13.91	0.02673
GO:0009627	systemic acquired resistance	16	7	3.22	0.02742
GO:0045540	regulation of cholesterol biosynthetic p...	16	7	3.22	0.02742
GO:0002181	cytoplasmic translation	145	39	29.23	0.02755
GO:0051641	cellular localization	706	161	142.3	0.02756
GO:0006449	regulation of translational termination	4	3	0.81	0.02772
GO:0006829	zinc ion transport	4	3	0.81	0.02772
GO:0007008	outer mitochondrial membrane organizatio...	4	3	0.81	0.02772
GO:0007282	cystoblast division	4	3	0.81	0.02772
GO:0008614	pyridoxine metabolic process	4	3	0.81	0.02772
GO:0010884	positive regulation of lipid storage	4	3	0.81	0.02772
GO:0010928	regulation of auxin mediated signaling p...	4	3	0.81	0.02772
GO:0015985	energy coupled proton transport, down el...	4	3	0.81	0.02772
GO:0015986	ATP synthesis coupled proton transport	4	3	0.81	0.02772
GO:0030212	hyaluronan metabolic process	4	3	0.81	0.02772
GO:0031086	nuclear-transcribed mRNA catabolic proce...	4	3	0.81	0.02772
GO:0031087	deadenylation-independent decapping of n...	4	3	0.81	0.02772
GO:0035023	regulation of Rho protein signal transdu...	4	3	0.81	0.02772
GO:0042262	DNA protection	4	3	0.81	0.02772
GO:0045040	protein import into mitochondrial outer ...	4	3	0.81	0.02772
GO:0046635	positive regulation of alpha-beta T cell...	4	3	0.81	0.02772
GO:0051176	positive regulation of sulfur metabolic ...	4	3	0.81	0.02772
GO:0090074	negative regulation of protein homodimer...	4	3	0.81	0.02772
GO:1902255	positive regulation of intrinsic apoptot...	4	3	0.81	0.02772
GO:1902644	tertiary alcohol metabolic process	4	3	0.81	0.02772
GO:0045931	positive regulation of mitotic cell cycl...	94	27	18.95	0.02785
GO:1903902	positive regulation of viral life cycle	23	9	4.64	0.02818
GO:0051304	chromosome separation	90	26	18.14	0.02850
GO:0010942	positive regulation of cell death	120	33	24.19	0.03010
GO:0010033	response to organic substance	708	161	142.7	0.03045
GO:0035264	multicellular organism growth	42	14	8.47	0.03072
GO:0045047	protein targeting to ER	74	22	14.92	0.03077
GO:0071028	nuclear mRNA surveillance	13	6	2.62	0.03084
GO:0000281	mitotic cytokinesis	70	21	14.11	0.03121
GO:0019218	regulation of steroid metabolic process	27	10	5.44	0.03138
GO:0050896	response to stimulus	1764	377	355.54	0.03188
GO:0043624	cellular protein complex disassembly	58	18	11.69	0.03198
GO:0043900	regulation of multi-organism process	125	34	25.19	0.03262
GO:0000028	ribosomal small subunit assembly	20	8	4.03	0.03309
GO:0008203	cholesterol metabolic process	20	8	4.03	0.03309
GO:0009648	photoperiodism	20	8	4.03	0.03309
GO:0009751	response to salicylic acid	20	8	4.03	0.03309
GO:0009753	response to jasmonic acid	20	8	4.03	0.03309
GO:0036260	RNA capping	20	8	4.03	0.03309
GO:0006696	ergosterol biosynthetic process	10	5	2.02	0.03360
GO:0008204	ergosterol metabolic process	10	5	2.02	0.03360
GO:0010466	negative regulation of peptidase activit...	10	5	2.02	0.03360
GO:0010951	negative regulation of endopeptidase act...	10	5	2.02	0.03360
GO:0016108	tetraterpenoid metabolic process	10	5	2.02	0.03360
GO:0016116	carotenoid metabolic process	10	5	2.02	0.03360
GO:0030437	ascospore formation	10	5	2.02	0.03360
GO:0044108	cellular alcohol biosynthetic process	10	5	2.02	0.03360
GO:0045912	negative regulation of carbohydrate meta...	10	5	2.02	0.03360
GO:0071395	cellular response to jasmonic acid stimu...	10	5	2.02	0.03360
GO:0090626	plant epidermis morphogenesis	10	5	2.02	0.03360
GO:0002183	cytoplasmic translational initiation	31	11	6.25	0.03375
GO:0001109	promoter clearance during DNA-templated ...	7	4	1.41	0.03408
GO:0001111	promoter clearance from RNA polymerase I...	7	4	1.41	0.03408
GO:0001113	transcriptional open complex formation a...	7	4	1.41	0.03408
GO:0010603	regulation of cytoplasmic mRNA processin...	7	4	1.41	0.03408
GO:0014003	oligodendrocyte development	7	4	1.41	0.03408
GO:0042816	vitamin B6 metabolic process	7	4	1.41	0.03408
GO:0045070	positive regulation of viral genome repl...	7	4	1.41	0.03408
GO:0045580	regulation of T cell differentiation	7	4	1.41	0.03408
GO:0045619	regulation of lymphocyte differentiation	7	4	1.41	0.03408
GO:0046632	alpha-beta T cell differentiation	7	4	1.41	0.03408
GO:0046634	regulation of alpha-beta T cell activati...	7	4	1.41	0.03408
GO:0050667	homocysteine metabolic process	7	4	1.41	0.03408
GO:0090175	regulation of establishment of planar po...	7	4	1.41	0.03408
GO:1905710	positive regulation of membrane permeabi...	7	4	1.41	0.03408
GO:0033036	macromolecule localization	721	163	145.32	0.03605
GO:0008610	lipid biosynthetic process	214	54	43.13	0.03616
GO:0048193	Golgi vesicle transport	126	34	25.4	0.03638
GO:0044419	interspecies interaction between organis...	161	42	32.45	0.03690
GO:0033365	protein localization to organelle	346	83	69.74	0.03692
GO:0050810	regulation of steroid biosynthetic proce...	24	9	4.84	0.03728
GO:0044772	mitotic cell cycle phase transition	201	51	40.51	0.03738
GO:1990542	mitochondrial transmembrane transport	43	14	8.67	0.03741
GO:0000288	nuclear-transcribed mRNA catabolic proce...	47	15	9.47	0.03784
GO:0051781	positive regulation of cell division	51	16	10.28	0.03799
GO:0043255	regulation of carbohydrate biosynthetic ...	17	7	3.43	0.03872
GO:0046824	positive regulation of nucleocytoplasmic...	17	7	3.43	0.03872
GO:0071963	establishment or maintenance of cell pol...	17	7	3.43	0.03872
GO:0090181	regulation of cholesterol metabolic proc...	17	7	3.43	0.03872
GO:1901679	nucleotide transmembrane transport	17	7	3.43	0.03872
GO:0032787	monocarboxylic acid metabolic process	197	50	39.71	0.03886
GO:0016073	snRNA metabolic process	28	10	5.64	0.04029
GO:1903900	regulation of viral life cycle	28	10	5.64	0.04029
GO:0006357	regulation of transcription by RNA polym...	256	63	51.6	0.04053
GO:0006679	glucosylceramide biosynthetic process	2	2	0.4	0.04057
GO:0009688	abscisic acid biosynthetic process	2	2	0.4	0.04057
GO:0010037	response to carbon dioxide	2	2	0.4	0.04057
GO:0010112	regulation of systemic acquired resistan...	2	2	0.4	0.04057
GO:0010360	negative regulation of anion channel act...	2	2	0.4	0.04057
GO:0010361	regulation of anion channel activity by ...	2	2	0.4	0.04057
GO:0010362	negative regulation of anion channel act...	2	2	0.4	0.04057
GO:0010960	magnesium ion homeostasis	2	2	0.4	0.04057
GO:0015741	fumarate transport	2	2	0.4	0.04057
GO:0015744	succinate transport	2	2	0.4	0.04057
GO:0015838	amino-acid betaine transport	2	2	0.4	0.04057
GO:0016106	sesquiterpenoid biosynthetic process	2	2	0.4	0.04057
GO:0019348	dolichol metabolic process	2	2	0.4	0.04057
GO:0023058	adaptation of signaling pathway	2	2	0.4	0.04057
GO:0031919	vitamin B6 transport	2	2	0.4	0.04057
GO:0031921	pyridoxal phosphate transport	2	2	0.4	0.04057
GO:0033081	regulation of T cell differentiation in ...	2	2	0.4	0.04057
GO:0033240	positive regulation of cellular amine me...	2	2	0.4	0.04057
GO:0033489	cholesterol biosynthetic process via des...	2	2	0.4	0.04057
GO:0033490	cholesterol biosynthetic process via lat...	2	2	0.4	0.04057
GO:0035646	endosome to melanosome transport	2	2	0.4	0.04057
GO:0042069	regulation of catecholamine metabolic pr...	2	2	0.4	0.04057
GO:0042776	mitochondrial ATP synthesis coupled prot...	2	2	0.4	0.04057
GO:0043289	apocarotenoid biosynthetic process	2	2	0.4	0.04057
GO:0043335	protein unfolding	2	2	0.4	0.04057
GO:0043418	homocysteine catabolic process	2	2	0.4	0.04057
GO:0046476	glycosylceramide biosynthetic process	2	2	0.4	0.04057
GO:0046855	inositol phosphate dephosphorylation	2	2	0.4	0.04057
GO:0048521	negative regulation of behavior	2	2	0.4	0.04057
GO:0048668	collateral sprouting	2	2	0.4	0.04057
GO:0048670	regulation of collateral sprouting	2	2	0.4	0.04057
GO:0048671	negative regulation of collateral sprout...	2	2	0.4	0.04057
GO:0050926	regulation of positive chemotaxis	2	2	0.4	0.04057
GO:0051492	regulation of stress fiber assembly	2	2	0.4	0.04057
GO:0060351	cartilage development involved in endoch...	2	2	0.4	0.04057
GO:0060688	regulation of morphogenesis of a branchi...	2	2	0.4	0.04057
GO:0070901	mitochondrial tRNA methylation	2	2	0.4	0.04057
GO:0071030	nuclear mRNA surveillance of spliceosoma...	2	2	0.4	0.04057
GO:0071244	cellular response to carbon dioxide	2	2	0.4	0.04057
GO:0071422	succinate transmembrane transport	2	2	0.4	0.04057
GO:0071493	cellular response to UV-B	2	2	0.4	0.04057
GO:0071545	inositol phosphate catabolic process	2	2	0.4	0.04057
GO:0072676	lymphocyte migration	2	2	0.4	0.04057
GO:0072678	T cell migration	2	2	0.4	0.04057
GO:0090042	tubulin deacetylation	2	2	0.4	0.04057
GO:0090043	regulation of tubulin deacetylation	2	2	0.4	0.04057
GO:0090233	negative regulation of spindle checkpoin...	2	2	0.4	0.04057
GO:0090436	leaf pavement cell development	2	2	0.4	0.04057
GO:0099022	vesicle tethering	2	2	0.4	0.04057
GO:1900436	positive regulation of filamentous growt...	2	2	0.4	0.04057
GO:1900490	positive regulation of hydroxymethylglut...	2	2	0.4	0.04057
GO:1902167	positive regulation of intrinsic apoptot...	2	2	0.4	0.04057
GO:1902408	mitotic cytokinesis, site selection	2	2	0.4	0.04057
GO:1902426	deactivation of mitotic spindle assembly...	2	2	0.4	0.04057
GO:1902645	tertiary alcohol biosynthetic process	2	2	0.4	0.04057
GO:1903066	regulation of protein localization to ce...	2	2	0.4	0.04057
GO:1903745	negative regulation of pharyngeal pumpin...	2	2	0.4	0.04057
GO:1903999	negative regulation of eating behavior	2	2	0.4	0.04057
GO:1905332	positive regulation of morphogenesis of ...	2	2	0.4	0.04057
GO:1990540	mitochondrial manganese ion transmembran...	2	2	0.4	0.04057
GO:2000252	negative regulation of feeding behavior	2	2	0.4	0.04057
GO:2001215	regulation of hydroxymethylglutaryl-CoA ...	2	2	0.4	0.04057
GO:0034655	nucleobase-containing compound catabolic...	238	59	47.97	0.04082
GO:0006366	transcription by RNA polymerase II	302	73	60.87	0.04182
GO:0000096	sulfur amino acid metabolic process	32	11	6.45	0.04240
GO:0032784	regulation of DNA-templated transcriptio...	32	11	6.45	0.04240
GO:0033866	nucleoside bisphosphate biosynthetic pro...	32	11	6.45	0.04240
GO:0034030	ribonucleoside bisphosphate biosynthetic...	32	11	6.45	0.04240
GO:0034033	purine nucleoside bisphosphate biosynthe...	32	11	6.45	0.04240
GO:0043487	regulation of RNA stability	32	11	6.45	0.04240
GO:0007346	regulation of mitotic cell cycle	225	56	45.35	0.04252
GO:0006368	transcription elongation from RNA polyme...	64	19	12.9	0.04344
GO:0007091	metaphase/anaphase transition of mitotic...	60	18	12.09	0.04410
GO:0030071	regulation of mitotic metaphase/anaphase...	60	18	12.09	0.04410
GO:0046890	regulation of lipid biosynthetic process	60	18	12.09	0.04410
GO:0051168	nuclear export	85	24	17.13	0.04442
GO:0030866	cortical actin cytoskeleton organization	40	13	8.06	0.04466
GO:0010150	leaf senescence	14	6	2.82	0.04501
GO:0031136	positive regulation of conjugation	14	6	2.82	0.04501
GO:0031139	positive regulation of conjugation with ...	14	6	2.82	0.04501
GO:0046825	regulation of protein export from nucleu...	14	6	2.82	0.04501
GO:0071025	RNA surveillance	14	6	2.82	0.04501
GO:0071027	nuclear RNA surveillance	14	6	2.82	0.04501
GO:0090693	plant organ senescence	14	6	2.82	0.04501
GO:2000027	regulation of animal organ morphogenesis	14	6	2.82	0.04501
GO:0007623	circadian rhythm	44	14	8.87	0.04509
GO:0065002	intracellular protein transmembrane tran...	44	14	8.87	0.04509
GO:1902600	proton transmembrane transport	44	14	8.87	0.04509
GO:0070972	protein localization to endoplasmic reti...	81	23	16.33	0.04565
GO:0044281	small molecule metabolic process	736	165	148.34	0.04641
GO:0044249	cellular biosynthetic process	1521	326	306.57	0.04779
GO:1901989	positive regulation of cell cycle phase ...	73	21	14.71	0.04804
GO:0040014	regulation of multicellular organism gro...	25	9	5.04	0.04819
GO:0009628	response to abiotic stimulus	580	132	116.9	0.04876
GO:0019748	secondary metabolic process	69	20	13.91	0.04918
GO:0043065	positive regulation of apoptotic process	103	28	20.76	0.04979
GO:0009058	biosynthetic process	1547	331	311.81	0.05003
GO:0044255	cellular lipid metabolic process	282	68	56.84	0.05082
GO:0010965	regulation of mitotic sister chromatid s...	61	18	12.29	0.05127
GO:0006620	posttranslational protein targeting to e...	11	5	2.22	0.05163
GO:0006636	unsaturated fatty acid biosynthetic proc...	11	5	2.22	0.05163
GO:0021510	spinal cord development	11	5	2.22	0.05163
GO:0042044	fluid transport	11	5	2.22	0.05163
GO:0051205	protein insertion into membrane	11	5	2.22	0.05163
GO:0072530	purine-containing compound transmembrane...	11	5	2.22	0.05163
GO:0061024	membrane organization	205	51	41.32	0.05175
GO:0005975	carbohydrate metabolic process	147	38	29.63	0.05176
GO:0043068	positive regulation of programmed cell d...	112	30	22.57	0.05181
GO:0006446	regulation of translational initiation	33	11	6.65	0.05246
GO:0006898	receptor-mediated endocytosis	33	11	6.65	0.05246
GO:0009817	defense response to fungus, incompatible...	18	7	3.63	0.05270
GO:0015868	purine ribonucleotide transport	18	7	3.63	0.05270
GO:0040001	establishment of mitotic spindle localiz...	18	7	3.63	0.05270
GO:0050863	regulation of T cell activation	18	7	3.63	0.05270
GO:0051503	adenine nucleotide transport	18	7	3.63	0.05270
GO:0006082	organic acid metabolic process	431	100	86.87	0.05312
GO:0043436	oxoacid metabolic process	431	100	86.87	0.05312
GO:0044764	multi-organism cellular process	78	22	15.72	0.05338
GO:1901987	regulation of cell cycle phase transitio...	174	44	35.07	0.05342
GO:0072330	monocarboxylic acid biosynthetic process	108	29	21.77	0.05368
GO:0071806	protein transmembrane transport	45	14	9.07	0.05381
GO:0007265	Ras protein signal transduction	41	13	8.26	0.05381
GO:0044272	sulfur compound biosynthetic process	74	21	14.92	0.05488
GO:0016032	viral process	91	25	18.34	0.05501
GO:0006732	coenzyme metabolic process	179	45	36.08	0.05582
GO:0098657	import into cell	148	38	29.83	0.05671
GO:0065003	protein-containing complex assembly	550	125	110.86	0.05682
GO:0044403	symbiont process	126	33	25.4	0.05691
GO:0001731	formation of translation preinitiation c...	8	4	1.61	0.05749
GO:0006265	DNA topological change	8	4	1.61	0.05749
GO:0009734	auxin-activated signaling pathway	8	4	1.61	0.05749
GO:0010893	positive regulation of steroid biosynthe...	8	4	1.61	0.05749
GO:0016109	tetraterpenoid biosynthetic process	8	4	1.61	0.05749
GO:0016117	carotenoid biosynthetic process	8	4	1.61	0.05749
GO:0021953	central nervous system neuron differenti...	8	4	1.61	0.05749
GO:0030509	BMP signaling pathway	8	4	1.61	0.05749
GO:0031204	posttranslational protein targeting to m...	8	4	1.61	0.05749
GO:0034063	stress granule assembly	8	4	1.61	0.05749
GO:0042214	terpene metabolic process	8	4	1.61	0.05749
GO:0043154	negative regulation of cysteine-type end...	8	4	1.61	0.05749
GO:0047496	vesicle transport along microtubule	8	4	1.61	0.05749
GO:0048571	long-day photoperiodism	8	4	1.61	0.05749
GO:0071365	cellular response to auxin stimulus	8	4	1.61	0.05749
GO:0071772	response to BMP	8	4	1.61	0.05749
GO:0071773	cellular response to BMP stimulus	8	4	1.61	0.05749
GO:2000117	negative regulation of cysteine-type end...	8	4	1.61	0.05749
GO:0014706	striated muscle tissue development	22	8	4.43	0.05778
GO:0044837	actomyosin contractile ring organization	22	8	4.43	0.05778
GO:0051017	actin filament bundle assembly	22	8	4.43	0.05778
GO:0061572	actin filament bundle organization	22	8	4.43	0.05778
GO:0090503	RNA phosphodiester bond hydrolysis, exon...	22	8	4.43	0.05778
GO:0031647	regulation of protein stability	66	19	13.3	0.05782
GO:0019216	regulation of lipid metabolic process	83	23	16.73	0.05865
GO:0006110	regulation of glycolytic process	5	3	1.01	0.05898
GO:0009102	biotin biosynthetic process	5	3	1.01	0.05898
GO:0009626	plant-type hypersensitive response	5	3	1.01	0.05898
GO:0019835	cytolysis	5	3	1.01	0.05898
GO:0030811	regulation of nucleotide catabolic proce...	5	3	1.01	0.05898
GO:0032088	negative regulation of NF-kappaB transcr...	5	3	1.01	0.05898
GO:0034050	host programmed cell death induced by sy...	5	3	1.01	0.05898
GO:0034381	plasma lipoprotein particle clearance	5	3	1.01	0.05898
GO:0034383	low-density lipoprotein particle clearan...	5	3	1.01	0.05898
GO:0035794	positive regulation of mitochondrial mem...	5	3	1.01	0.05898
GO:0042045	epithelial fluid transport	5	3	1.01	0.05898
GO:0042822	pyridoxal phosphate metabolic process	5	3	1.01	0.05898
GO:0042823	pyridoxal phosphate biosynthetic process	5	3	1.01	0.05898
GO:0045582	positive regulation of T cell differenti...	5	3	1.01	0.05898
GO:0045621	positive regulation of lymphocyte differ...	5	3	1.01	0.05898
GO:0051204	protein insertion into mitochondrial mem...	5	3	1.01	0.05898
GO:0070633	transepithelial transport	5	3	1.01	0.05898
GO:0072520	seminiferous tubule development	5	3	1.01	0.05898
GO:0106120	positive regulation of sterol biosynthet...	5	3	1.01	0.05898
GO:1901994	negative regulation of meiotic cell cycl...	5	3	1.01	0.05898
GO:1902103	negative regulation of metaphase/anaphas...	5	3	1.01	0.05898
GO:1902107	positive regulation of leukocyte differe...	5	3	1.01	0.05898
GO:1902686	mitochondrial outer membrane permeabiliz...	5	3	1.01	0.05898
GO:1903510	mucopolysaccharide metabolic process	5	3	1.01	0.05898
GO:1903960	negative regulation of anion transmembra...	5	3	1.01	0.05898
GO:1905133	negative regulation of meiotic chromosom...	5	3	1.01	0.05898
GO:0044784	metaphase/anaphase transition of cell cy...	62	18	12.5	0.05922
GO:1902099	regulation of metaphase/anaphase transit...	62	18	12.5	0.05922
GO:0009100	glycoprotein metabolic process	96	26	19.35	0.05962
GO:0007163	establishment or maintenance of cell pol...	79	22	15.92	0.06051
GO:0009733	response to auxin	26	9	5.24	0.06103
GO:0019217	regulation of fatty acid metabolic proce...	26	9	5.24	0.06103
GO:0006897	endocytosis	140	36	28.22	0.06128
GO:0009108	coenzyme biosynthetic process	118	31	23.78	0.06136
GO:0007264	small GTPase mediated signal transductio...	54	16	10.88	0.06173
GO:0044550	secondary metabolite biosynthetic proces...	54	16	10.88	0.06173
GO:0033047	regulation of mitotic sister chromatid s...	75	21	15.12	0.06239
GO:1901617	organic hydroxy compound biosynthetic pr...	75	21	15.12	0.06239
GO:0009304	tRNA transcription	15	6	3.02	0.06263
GO:0009606	tropism	15	6	3.02	0.06263
GO:0031137	regulation of conjugation with cellular ...	15	6	3.02	0.06263
GO:0034293	sexual sporulation	15	6	3.02	0.06263
GO:0034763	negative regulation of transmembrane tra...	15	6	3.02	0.06263
GO:0042710	biofilm formation	15	6	3.02	0.06263
GO:0044010	single-species biofilm formation	15	6	3.02	0.06263
GO:0046999	regulation of conjugation	15	6	3.02	0.06263
GO:0097384	cellular lipid biosynthetic process	15	6	3.02	0.06263
GO:0046148	pigment biosynthetic process	50	15	10.08	0.06278
GO:0006721	terpenoid metabolic process	30	10	6.05	0.06299
GO:0061077	chaperone-mediated protein folding	30	10	6.05	0.06299
GO:0035194	posttranscriptional gene silencing by RN...	46	14	9.27	0.06361
GO:0072666	establishment of protein localization to...	46	14	9.27	0.06361
GO:0016192	vesicle-mediated transport	341	80	68.73	0.06379
GO:0051983	regulation of chromosome segregation	88	24	17.74	0.06386
GO:0007006	mitochondrial membrane organization	34	11	6.85	0.06401
GO:0008360	regulation of cell shape	42	13	8.47	0.06417
GO:0016125	sterol metabolic process	38	12	7.66	0.06434
GO:0006913	nucleocytoplasmic transport	123	32	24.79	0.06513
GO:0051169	nuclear transport	123	32	24.79	0.06513
GO:0008380	RNA splicing	163	41	32.85	0.06536
GO:0006611	protein export from nucleus	84	23	16.93	0.06605
GO:0071310	cellular response to organic substance	440	101	88.68	0.06675
GO:1905818	regulation of chromosome separation	63	18	12.7	0.06798
GO:0006370	7-methylguanosine mRNA capping	19	7	3.83	0.06945
GO:0009452	7-methylguanosine RNA capping	19	7	3.83	0.06945
GO:0034661	ncRNA catabolic process	19	7	3.83	0.06945
GO:0000398	mRNA splicing, via spliceosome	137	35	27.61	0.06974
GO:0000375	RNA splicing, via transesterification re...	146	37	29.43	0.07036
GO:0006397	mRNA processing	182	45	36.68	0.07089
GO:1901990	regulation of mitotic cell cycle phase t...	164	41	33.06	0.07095
GO:0006629	lipid metabolic process	329	77	66.31	0.07139
GO:0045055	regulated exocytosis	89	24	17.94	0.07149
GO:0031047	gene silencing by RNA	55	16	11.09	0.07150
GO:2001233	regulation of apoptotic signaling pathwa...	55	16	11.09	0.07150
GO:0016053	organic acid biosynthetic process	214	52	43.13	0.07217
GO:0046394	carboxylic acid biosynthetic process	214	52	43.13	0.07217
GO:0044265	cellular macromolecule catabolic process	404	93	81.43	0.07242
GO:0030001	metal ion transport	111	29	22.37	0.07308
GO:0032870	cellular response to hormone stimulus	187	46	37.69	0.07352
GO:0006862	nucleotide transport	23	8	4.64	0.07356
GO:0010118	stomatal movement	23	8	4.64	0.07356
GO:0030038	contractile actin filament bundle assemb...	12	5	2.42	0.07426
GO:0032922	circadian regulation of gene expression	12	5	2.42	0.07426
GO:0033962	cytoplasmic mRNA processing body assembl...	12	5	2.42	0.07426
GO:0040019	positive regulation of embryonic develop...	12	5	2.42	0.07426
GO:0048709	oligodendrocyte differentiation	12	5	2.42	0.07426
GO:0050870	positive regulation of T cell activation	12	5	2.42	0.07426
GO:0090151	establishment of protein localization to...	12	5	2.42	0.07426
GO:1903039	positive regulation of leukocyte cell-ce...	12	5	2.42	0.07426
GO:0015672	monovalent inorganic cation transport	68	19	13.71	0.07524
GO:0030865	cortical cytoskeleton organization	43	13	8.67	0.07576
GO:0072655	establishment of protein localization to...	43	13	8.67	0.07576
GO:0006383	transcription by RNA polymerase III	27	9	5.44	0.07586
GO:1902410	mitotic cytokinetic process	27	9	5.44	0.07586
GO:0042364	water-soluble vitamin biosynthetic proce...	39	12	7.86	0.07665
GO:0043903	regulation of symbiosis, encompassing mu...	39	12	7.86	0.07665
GO:0051302	regulation of cell division	94	25	18.95	0.07681
GO:0006903	vesicle targeting	31	10	6.25	0.07691
GO:0032465	regulation of cytokinesis	31	10	6.25	0.07691
GO:0042110	T cell activation	31	10	6.25	0.07691
GO:0044743	protein transmembrane import into intrac...	35	11	7.05	0.07709
GO:0042221	response to chemical	1068	231	215.26	0.07789
GO:0034622	cellular protein-containing complex asse...	415	95	83.65	0.07866
GO:0050657	nucleic acid transport	90	24	18.14	0.07973
GO:0050658	RNA transport	90	24	18.14	0.07973
GO:1901362	organic cyclic compound biosynthetic pro...	889	194	179.18	0.08027
GO:0006631	fatty acid metabolic process	112	29	22.57	0.08051
GO:0051704	multi-organism process	730	161	147.14	0.08116
GO:0006633	fatty acid biosynthetic process	56	16	11.29	0.08224
GO:0042255	ribosome assembly	56	16	11.29	0.08224
GO:0006066	alcohol metabolic process	73	20	14.71	0.08228
GO:0045321	leukocyte activation	108	28	21.77	0.08374
GO:0006493	protein O-linked glycosylation	16	6	3.22	0.08376
GO:0009624	response to nematode	16	6	3.22	0.08376
GO:0009629	response to gravity	16	6	3.22	0.08376
GO:0033227	dsRNA transport	16	6	3.22	0.08376
GO:0040024	dauer larval development	16	6	3.22	0.08376
GO:0090627	plant epidermal cell differentiation	16	6	3.22	0.08376
GO:1900076	regulation of cellular response to insul...	16	6	3.22	0.08376
GO:0022402	cell cycle process	478	108	96.34	0.08512
GO:0051130	positive regulation of cellular componen...	244	58	49.18	0.08536
GO:0070647	protein modification by small protein co...	244	58	49.18	0.08536
GO:0009059	macromolecule biosynthetic process	983	213	198.13	0.08561
GO:0000819	sister chromatid segregation	162	40	32.65	0.08655
GO:0033865	nucleoside bisphosphate metabolic proces...	48	14	9.67	0.08664
GO:0033875	ribonucleoside bisphosphate metabolic pr...	48	14	9.67	0.08664
GO:0034032	purine nucleoside bisphosphate metabolic...	48	14	9.67	0.08664
GO:0000377	RNA splicing, via transesterification re...	144	36	29.02	0.08666
GO:0045087	innate immune response	153	38	30.84	0.08670
GO:0000338	protein deneddylation	9	4	1.81	0.08742
GO:0006029	proteoglycan metabolic process	9	4	1.81	0.08742
GO:0006563	L-serine metabolic process	9	4	1.81	0.08742
GO:0006726	eye pigment biosynthetic process	9	4	1.81	0.08742
GO:0007114	cell budding	9	4	1.81	0.08742
GO:0009867	jasmonic acid mediated signaling pathway	9	4	1.81	0.08742
GO:0010054	trichoblast differentiation	9	4	1.81	0.08742
GO:0015012	heparan sulfate proteoglycan biosyntheti...	9	4	1.81	0.08742
GO:0030166	proteoglycan biosynthetic process	9	4	1.81	0.08742
GO:0030201	heparan sulfate proteoglycan metabolic p...	9	4	1.81	0.08742
GO:0031623	receptor internalization	9	4	1.81	0.08742
GO:0032873	negative regulation of stress-activated ...	9	4	1.81	0.08742
GO:0042441	eye pigment metabolic process	9	4	1.81	0.08742
GO:0043050	pharyngeal pumping	9	4	1.81	0.08742
GO:0043324	pigment metabolic process involved in de...	9	4	1.81	0.08742
GO:0043474	pigment metabolic process involved in pi...	9	4	1.81	0.08742
GO:0045069	regulation of viral genome replication	9	4	1.81	0.08742
GO:0045472	response to ether	9	4	1.81	0.08742
GO:0051196	regulation of coenzyme metabolic process	9	4	1.81	0.08742
GO:0051278	fungal-type cell wall polysaccharide bio...	9	4	1.81	0.08742
GO:0070303	negative regulation of stress-activated ...	9	4	1.81	0.08742
GO:0070592	cell wall polysaccharide biosynthetic pr...	9	4	1.81	0.08742
GO:0070670	response to interleukin-4	9	4	1.81	0.08742
GO:0071353	cellular response to interleukin-4	9	4	1.81	0.08742
GO:0090277	positive regulation of peptide hormone s...	9	4	1.81	0.08742
GO:0097734	extracellular exosome biogenesis	9	4	1.81	0.08742
GO:0110020	regulation of actomyosin structure organ...	9	4	1.81	0.08742
GO:0140112	extracellular vesicle biogenesis	9	4	1.81	0.08742
GO:1990182	exosomal secretion	9	4	1.81	0.08742
GO:0051236	establishment of RNA localization	91	24	18.34	0.08858
GO:0048366	leaf development	44	13	8.87	0.08862
GO:0062013	positive regulation of small molecule me...	44	13	8.87	0.08862
GO:0070585	protein localization to mitochondrion	44	13	8.87	0.08862
GO:0098781	ncRNA transcription	44	13	8.87	0.08862
GO:0006458	'de novo' protein folding	20	7	4.03	0.08903
GO:0007040	lysosome organization	20	7	4.03	0.08903
GO:0007159	leukocyte cell-cell adhesion	20	7	4.03	0.08903
GO:0032878	regulation of establishment or maintenan...	20	7	4.03	0.08903
GO:0051293	establishment of spindle localization	20	7	4.03	0.08903
GO:0051653	spindle localization	20	7	4.03	0.08903
GO:0080171	lytic vacuole organization	20	7	4.03	0.08903
GO:0090068	positive regulation of cell cycle proces...	122	31	24.59	0.08937
GO:0051656	establishment of organelle localization	158	39	31.85	0.09010
GO:0009743	response to carbohydrate	61	17	12.29	0.09101
GO:0019439	aromatic compound catabolic process	259	61	52.2	0.09165
GO:0007029	endoplasmic reticulum organization	24	8	4.84	0.09171
GO:0045785	positive regulation of cell adhesion	24	8	4.84	0.09171
GO:0035966	response to topologically incorrect prot...	74	20	14.92	0.09242
GO:0051090	regulation of DNA-binding transcription ...	32	10	6.45	0.09260
GO:0051402	neuron apoptotic process	32	10	6.45	0.09260
GO:0046822	regulation of nucleocytoplasmic transpor...	28	9	5.64	0.09271
GO:0071495	cellular response to endogenous stimulus	264	62	53.21	0.09370
GO:0051726	regulation of cell cycle	334	77	67.32	0.09424
GO:0019538	protein metabolic process	1299	277	261.82	0.09442
GO:0033045	regulation of sister chromatid segregati...	83	22	16.73	0.09568
GO:0007049	cell cycle	533	119	107.43	0.09619
GO:0019752	carboxylic acid metabolic process	405	92	81.63	0.09658
GO:0034645	cellular macromolecule biosynthetic proc...	967	209	194.9	0.09665
GO:0008202	steroid metabolic process	53	15	10.68	0.09696
GO:0009057	macromolecule catabolic process	443	100	89.29	0.09740
GO:0051648	vesicle localization	79	21	15.92	0.09944
GO:0051650	establishment of vesicle localization	79	21	15.92	0.09944
GO:0000022	mitotic spindle elongation	6	3	1.21	0.10061
GO:0006098	pentose-phosphate shunt	6	3	1.21	0.10061
GO:0006111	regulation of gluconeogenesis	6	3	1.21	0.10061
GO:0006516	glycoprotein catabolic process	6	3	1.21	0.10061
GO:0009313	oligosaccharide catabolic process	6	3	1.21	0.10061
GO:0010091	trichome branching	6	3	1.21	0.10061
GO:0015801	aromatic amino acid transport	6	3	1.21	0.10061
GO:0019747	regulation of isoprenoid metabolic proce...	6	3	1.21	0.10061
GO:0036099	female germ-line stem cell population ma...	6	3	1.21	0.10061
GO:0043470	regulation of carbohydrate catabolic pro...	6	3	1.21	0.10061
GO:0045945	positive regulation of transcription by ...	6	3	1.21	0.10061
GO:0046329	negative regulation of JNK cascade	6	3	1.21	0.10061
GO:0048821	erythrocyte development	6	3	1.21	0.10061
GO:0050891	multicellular organismal water homeostas...	6	3	1.21	0.10061
GO:0051156	glucose 6-phosphate metabolic process	6	3	1.21	0.10061
GO:0070932	histone H3 deacetylation	6	3	1.21	0.10061
GO:0071044	histone mRNA catabolic process	6	3	1.21	0.10061
GO:1901798	positive regulation of signal transducti...	6	3	1.21	0.10061
GO:1902253	regulation of intrinsic apoptotic signal...	6	3	1.21	0.10061
GO:1903792	negative regulation of anion transport	6	3	1.21	0.10061
GO:1904643	response to curcumin	6	3	1.21	0.10061
GO:0001736	establishment of planar polarity	13	5	2.62	0.10141
GO:0006517	protein deglycosylation	13	5	2.62	0.10141
GO:0006971	hypotonic response	13	5	2.62	0.10141
GO:0007164	establishment of tissue polarity	13	5	2.62	0.10141
GO:0008637	apoptotic mitochondrial changes	13	5	2.62	0.10141
GO:0009301	snRNA transcription	13	5	2.62	0.10141
GO:0010053	root epidermal cell differentiation	13	5	2.62	0.10141
GO:0019236	response to pheromone	13	5	2.62	0.10141
GO:0030104	water homeostasis	13	5	2.62	0.10141
GO:0030431	sleep	13	5	2.62	0.10141
GO:0042755	eating behavior	13	5	2.62	0.10141
GO:0042795	snRNA transcription by RNA polymerase II	13	5	2.62	0.10141
GO:0043935	sexual sporulation resulting in formatio...	13	5	2.62	0.10141
GO:0044107	cellular alcohol metabolic process	13	5	2.62	0.10141
GO:0051147	regulation of muscle cell differentiatio...	13	5	2.62	0.10141
GO:0070126	mitochondrial translational termination	13	5	2.62	0.10141
GO:0071444	cellular response to pheromone	13	5	2.62	0.10141
GO:1902105	regulation of leukocyte differentiation	13	5	2.62	0.10141
GO:0001775	cell activation	119	30	23.99	0.10160
GO:0006283	transcription-coupled nucleotide-excisio...	45	13	9.07	0.10276
GO:0090407	organophosphate biosynthetic process	252	59	50.79	0.10499
GO:0007034	vacuolar transport	106	27	21.36	0.10511
GO:0000147	actin cortical patch assembly	3	2	0.6	0.10541
GO:0001844	protein insertion into mitochondrial mem...	3	2	0.6	0.10541
GO:0002437	inflammatory response to antigenic stimu...	3	2	0.6	0.10541
GO:0003014	renal system process	3	2	0.6	0.10541
GO:0003382	epithelial cell morphogenesis	3	2	0.6	0.10541
GO:0005991	trehalose metabolic process	3	2	0.6	0.10541
GO:0006592	ornithine biosynthetic process	3	2	0.6	0.10541
GO:0006677	glycosylceramide metabolic process	3	2	0.6	0.10541
GO:0006678	glucosylceramide metabolic process	3	2	0.6	0.10541
GO:0006714	sesquiterpenoid metabolic process	3	2	0.6	0.10541
GO:0006723	cuticle hydrocarbon biosynthetic process	3	2	0.6	0.10541
GO:0006868	glutamine transport	3	2	0.6	0.10541
GO:0006882	cellular zinc ion homeostasis	3	2	0.6	0.10541
GO:0007342	fusion of sperm to egg plasma membrane i...	3	2	0.6	0.10541
GO:0009407	toxin catabolic process	3	2	0.6	0.10541
GO:0009443	pyridoxal 5'-phosphate salvage	3	2	0.6	0.10541
GO:0009638	phototropism	3	2	0.6	0.10541
GO:0009687	abscisic acid metabolic process	3	2	0.6	0.10541
GO:0009785	blue light signaling pathway	3	2	0.6	0.10541
GO:0009904	chloroplast accumulation movement	3	2	0.6	0.10541
GO:0010045	response to nickel cation	3	2	0.6	0.10541
GO:0010103	stomatal complex morphogenesis	3	2	0.6	0.10541
GO:0010148	transpiration	3	2	0.6	0.10541
GO:0010359	regulation of anion channel activity	3	2	0.6	0.10541
GO:0010829	negative regulation of glucose transmemb...	3	2	0.6	0.10541
GO:0015697	quaternary ammonium group transport	3	2	0.6	0.10541
GO:0015740	C4-dicarboxylate transport	3	2	0.6	0.10541
GO:0016093	polyprenol metabolic process	3	2	0.6	0.10541
GO:0016122	xanthophyll metabolic process	3	2	0.6	0.10541
GO:0016558	protein import into peroxisome matrix	3	2	0.6	0.10541
GO:0018201	peptidyl-glycine modification	3	2	0.6	0.10541
GO:0019626	short-chain fatty acid catabolic process	3	2	0.6	0.10541
GO:0021517	ventral spinal cord development	3	2	0.6	0.10541
GO:0021522	spinal cord motor neuron differentiation	3	2	0.6	0.10541
GO:0030213	hyaluronan biosynthetic process	3	2	0.6	0.10541
GO:0031001	response to brefeldin A	3	2	0.6	0.10541
GO:0032720	negative regulation of tumor necrosis fa...	3	2	0.6	0.10541
GO:0032802	low-density lipoprotein particle recepto...	3	2	0.6	0.10541
GO:0033353	S-adenosylmethionine cycle	3	2	0.6	0.10541
GO:0034402	recruitment of 3'-end processing factors...	3	2	0.6	0.10541
GO:0034428	nuclear-transcribed mRNA catabolic proce...	3	2	0.6	0.10541
GO:0035002	liquid clearance, open tracheal system	3	2	0.6	0.10541
GO:0036353	histone H2A-K119 monoubiquitination	3	2	0.6	0.10541
GO:0040016	embryonic cleavage	3	2	0.6	0.10541
GO:0042476	odontogenesis	3	2	0.6	0.10541
GO:0042632	cholesterol homeostasis	3	2	0.6	0.10541
GO:0042780	tRNA 3'-end processing	3	2	0.6	0.10541
GO:0043029	T cell homeostasis	3	2	0.6	0.10541
GO:0043153	entrainment of circadian clock by photop...	3	2	0.6	0.10541
GO:0043288	apocarotenoid metabolic process	3	2	0.6	0.10541
GO:0043461	proton-transporting ATP synthase complex...	3	2	0.6	0.10541
GO:0043485	endosome to pigment granule transport	3	2	0.6	0.10541
GO:0043617	cellular response to sucrose starvation	3	2	0.6	0.10541
GO:0045056	transcytosis	3	2	0.6	0.10541
GO:0045572	positive regulation of imaginal disc gro...	3	2	0.6	0.10541
GO:0045792	negative regulation of cell size	3	2	0.6	0.10541
GO:0045828	positive regulation of isoprenoid metabo...	3	2	0.6	0.10541
GO:0045879	negative regulation of smoothened signal...	3	2	0.6	0.10541
GO:0046325	negative regulation of glucose import	3	2	0.6	0.10541
GO:0046637	regulation of alpha-beta T cell differen...	3	2	0.6	0.10541
GO:0046638	positive regulation of alpha-beta T cell...	3	2	0.6	0.10541
GO:0046838	phosphorylated carbohydrate dephosphoryl...	3	2	0.6	0.10541
GO:0047484	regulation of response to osmotic stress	3	2	0.6	0.10541
GO:0048219	inter-Golgi cisterna vesicle-mediated tr...	3	2	0.6	0.10541
GO:0048268	clathrin coat assembly	3	2	0.6	0.10541
GO:0048757	pigment granule maturation	3	2	0.6	0.10541
GO:0048768	root hair cell tip growth	3	2	0.6	0.10541
GO:0048820	hair follicle maturation	3	2	0.6	0.10541
GO:0050779	RNA destabilization	3	2	0.6	0.10541
GO:0051643	endoplasmic reticulum localization	3	2	0.6	0.10541
GO:0051686	establishment of ER localization	3	2	0.6	0.10541
GO:0055024	regulation of cardiac muscle tissue deve...	3	2	0.6	0.10541
GO:0055069	zinc ion homeostasis	3	2	0.6	0.10541
GO:0060071	Wnt signaling pathway, planar cell polar...	3	2	0.6	0.10541
GO:0060339	negative regulation of type I interferon...	3	2	0.6	0.10541
GO:0060349	bone morphogenesis	3	2	0.6	0.10541
GO:0060350	endochondral bone morphogenesis	3	2	0.6	0.10541
GO:0060378	regulation of brood size	3	2	0.6	0.10541
GO:0061157	mRNA destabilization	3	2	0.6	0.10541
GO:0070071	proton-transporting two-sector ATPase co...	3	2	0.6	0.10541
GO:0070791	cleistothecium development	3	2	0.6	0.10541
GO:0070813	hydrogen sulfide metabolic process	3	2	0.6	0.10541
GO:0070814	hydrogen sulfide biosynthetic process	3	2	0.6	0.10541
GO:0071033	nuclear retention of pre-mRNA at the sit...	3	2	0.6	0.10541
GO:0071243	cellular response to arsenic-containing ...	3	2	0.6	0.10541
GO:0071483	cellular response to blue light	3	2	0.6	0.10541
GO:0071577	zinc ion transmembrane transport	3	2	0.6	0.10541
GO:0071786	endoplasmic reticulum tubular network or...	3	2	0.6	0.10541
GO:0071851	mitotic G1 cell cycle arrest in response...	3	2	0.6	0.10541
GO:0080022	primary root development	3	2	0.6	0.10541
GO:0098711	iron ion import across plasma membrane	3	2	0.6	0.10541
GO:1900125	regulation of hyaluronan biosynthetic pr...	3	2	0.6	0.10541
GO:1900126	negative regulation of hyaluronan biosyn...	3	2	0.6	0.10541
GO:1900739	regulation of protein insertion into mit...	3	2	0.6	0.10541
GO:1900740	positive regulation of protein insertion...	3	2	0.6	0.10541
GO:1901028	regulation of mitochondrial outer membra...	3	2	0.6	0.10541
GO:1901030	positive regulation of mitochondrial out...	3	2	0.6	0.10541
GO:1901888	regulation of cell junction assembly	3	2	0.6	0.10541
GO:1901889	negative regulation of cell junction ass...	3	2	0.6	0.10541
GO:1902165	regulation of intrinsic apoptotic signal...	3	2	0.6	0.10541
GO:1903077	negative regulation of protein localizat...	3	2	0.6	0.10541
GO:1903556	negative regulation of tumor necrosis fa...	3	2	0.6	0.10541
GO:1904376	negative regulation of protein localizat...	3	2	0.6	0.10541
GO:1904688	regulation of cytoplasmic translational ...	3	2	0.6	0.10541
GO:1905207	regulation of cardiocyte differentiation	3	2	0.6	0.10541
GO:1905476	negative regulation of protein localizat...	3	2	0.6	0.10541
GO:2000725	regulation of cardiac muscle cell differ...	3	2	0.6	0.10541
GO:2000738	positive regulation of stem cell differe...	3	2	0.6	0.10541
GO:0030155	regulation of cell adhesion	41	12	8.26	0.10548
GO:0072525	pyridine-containing compound biosyntheti...	41	12	8.26	0.10548
GO:0002443	leukocyte mediated immunity	84	22	16.93	0.10619
GO:0048367	shoot system development	84	22	16.93	0.10619
GO:0044270	cellular nitrogen compound catabolic pro...	257	60	51.8	0.10720
GO:0072524	pyridine-containing compound metabolic p...	71	19	14.31	0.10740
GO:0009405	pathogenesis	37	11	7.46	0.10795
GO:1901264	carbohydrate derivative transport	37	11	7.46	0.10795
GO:0000097	sulfur amino acid biosynthetic process	17	6	3.43	0.10833
GO:0006363	termination of RNA polymerase I transcri...	17	6	3.43	0.10833
GO:0009744	response to sucrose	17	6	3.43	0.10833
GO:0010016	shoot system morphogenesis	17	6	3.43	0.10833
GO:0016075	rRNA catabolic process	17	6	3.43	0.10833
GO:0034285	response to disaccharide	17	6	3.43	0.10833
GO:0044804	autophagy of nucleus	17	6	3.43	0.10833
GO:0070478	nuclear-transcribed mRNA catabolic proce...	17	6	3.43	0.10833
GO:1901661	quinone metabolic process	17	6	3.43	0.10833
GO:1901983	regulation of protein acetylation	17	6	3.43	0.10833
GO:2000756	regulation of peptidyl-lysine acetylatio...	17	6	3.43	0.10833
GO:0000278	mitotic cell cycle	384	87	77.4	0.10951
GO:0140253	cell-cell fusion	33	10	6.65	0.11005
GO:0016441	posttranscriptional gene silencing	54	15	10.88	0.11051
GO:0045292	mRNA cis splicing, via spliceosome	54	15	10.88	0.11051
GO:0007051	spindle organization	80	21	16.12	0.11052
GO:0010675	regulation of cellular carbohydrate meta...	21	7	4.23	0.11139
GO:0022898	regulation of transmembrane transporter ...	21	7	4.23	0.11139
GO:0032409	regulation of transporter activity	21	7	4.23	0.11139
GO:0032412	regulation of ion transmembrane transpor...	21	7	4.23	0.11139
GO:0048278	vesicle docking	21	7	4.23	0.11139
GO:1905475	regulation of protein localization to me...	21	7	4.23	0.11139
GO:2001242	regulation of intrinsic apoptotic signal...	29	9	5.85	0.11156
GO:0043299	leukocyte degranulation	67	18	13.5	0.11160
GO:0030098	lymphocyte differentiation	25	8	5.04	0.11218
GO:0006612	protein targeting to membrane	89	23	17.94	0.11269
GO:0009719	response to endogenous stimulus	432	97	87.07	0.11290
GO:0032984	protein-containing complex disassembly	107	27	21.57	0.11495
GO:0044267	cellular protein metabolic process	1217	259	245.29	0.11580
GO:0002283	neutrophil activation involved in immune...	63	17	12.7	0.11596
GO:0002446	neutrophil mediated immunity	63	17	12.7	0.11596
GO:0036230	granulocyte activation	63	17	12.7	0.11596
GO:0042119	neutrophil activation	63	17	12.7	0.11596
GO:0043312	neutrophil degranulation	63	17	12.7	0.11596
GO:1902749	regulation of cell cycle G2/M phase tran...	63	17	12.7	0.11596
GO:0006457	protein folding	85	22	17.13	0.11740
GO:0000041	transition metal ion transport	46	13	9.27	0.11818
GO:0032101	regulation of response to external stimu...	94	24	18.95	0.11894
GO:0071824	protein-DNA complex subunit organization	103	26	20.76	0.11983
GO:0046700	heterocycle catabolic process	259	60	52.2	0.12016
GO:0048477	oogenesis	121	30	24.39	0.12020
GO:0044271	cellular nitrogen compound biosynthetic ...	1091	233	219.9	0.12117
GO:0002366	leukocyte activation involved in immune ...	81	21	16.33	0.12234
GO:0000381	regulation of alternative mRNA splicing,...	10	4	2.02	0.12330
GO:0031648	protein destabilization	10	4	2.02	0.12330
GO:0032196	transposition	10	4	2.02	0.12330
GO:0042149	cellular response to glucose starvation	10	4	2.02	0.12330
GO:0044011	single-species biofilm formation on inan...	10	4	2.02	0.12330
GO:0046834	lipid phosphorylation	10	4	2.02	0.12330
GO:0048069	eye pigmentation	10	4	2.02	0.12330
GO:0051231	spindle elongation	10	4	2.02	0.12330
GO:0080027	response to herbivore	10	4	2.02	0.12330
GO:0090169	regulation of spindle assembly	10	4	2.02	0.12330
GO:0090382	phagosome maturation	10	4	2.02	0.12330
GO:1901673	regulation of mitotic spindle assembly	10	4	2.02	0.12330
GO:1903429	regulation of cell maturation	10	4	2.02	0.12330
GO:0006417	regulation of translation	135	33	27.21	0.12426
GO:0002376	immune system process	382	86	76.99	0.12454
GO:0009266	response to temperature stimulus	167	40	33.66	0.12466
GO:0032436	positive regulation of proteasomal ubiqu...	68	18	13.71	0.12469
GO:0006487	protein N-linked glycosylation	55	15	11.09	0.12513
GO:2000241	regulation of reproductive process	108	27	21.77	0.12535
GO:0006694	steroid biosynthetic process	38	11	7.66	0.12572
GO:0012501	programmed cell death	326	74	65.71	0.12880
GO:0006900	vesicle budding from membrane	34	10	6.85	0.12923
GO:0007041	lysosomal transport	51	14	10.28	0.12994
GO:0044843	cell cycle G1/S phase transition	95	24	19.15	0.13033
GO:0010638	positive regulation of organelle organiz...	154	37	31.04	0.13132
GO:0002757	immune response-activating signal transd...	30	9	6.05	0.13238
GO:0002764	immune response-regulating signaling pat...	30	9	6.05	0.13238
GO:0043523	regulation of neuron apoptotic process	30	9	6.05	0.13238
GO:0048524	positive regulation of viral process	30	9	6.05	0.13238
GO:0001738	morphogenesis of a polarized epithelium	14	5	2.82	0.13274
GO:0006022	aminoglycan metabolic process	14	5	2.82	0.13274
GO:0008334	histone mRNA metabolic process	14	5	2.82	0.13274
GO:0010383	cell wall polysaccharide metabolic proce...	14	5	2.82	0.13274
GO:0022409	positive regulation of cell-cell adhesio...	14	5	2.82	0.13274
GO:0032456	endocytic recycling	14	5	2.82	0.13274
GO:0043583	ear development	14	5	2.82	0.13274
GO:0048868	pollen tube development	14	5	2.82	0.13274
GO:0060236	regulation of mitotic spindle organizati...	14	5	2.82	0.13274
GO:0061448	connective tissue development	14	5	2.82	0.13274
GO:0070816	phosphorylation of RNA polymerase II C-t...	14	5	2.82	0.13274
GO:0090224	regulation of spindle organization	14	5	2.82	0.13274
GO:0090605	submerged biofilm formation	14	5	2.82	0.13274
GO:0090609	single-species submerged biofilm formati...	14	5	2.82	0.13274
GO:1903313	positive regulation of mRNA metabolic pr...	14	5	2.82	0.13274
GO:2000769	regulation of establishment or maintenan...	14	5	2.82	0.13274
GO:0044839	cell cycle G2/M phase transition	73	19	14.71	0.13295
GO:0006986	response to unfolded protein	47	13	9.47	0.13487
GO:0002263	cell activation involved in immune respo...	82	21	16.53	0.13490
GO:0002793	positive regulation of peptide secretion	26	8	5.24	0.13492
GO:0043928	exonucleolytic nuclear-transcribed mRNA ...	26	8	5.24	0.13492
GO:0048511	rhythmic process	60	16	12.09	0.13521
GO:0070838	divalent metal ion transport	60	16	12.09	0.13521
GO:0072511	divalent inorganic cation transport	60	16	12.09	0.13521
GO:0009152	purine ribonucleotide biosynthetic proce...	118	29	23.78	0.13583
GO:0000920	septum digestion after cytokinesis	18	6	3.63	0.13614
GO:0001302	replicative cell aging	18	6	3.63	0.13614
GO:0006896	Golgi to vacuole transport	18	6	3.63	0.13614
GO:0009226	nucleotide-sugar biosynthetic process	18	6	3.63	0.13614
GO:0062014	negative regulation of small molecule me...	18	6	3.63	0.13614
GO:0009725	response to hormone	365	82	73.57	0.13624
GO:0000746	conjugation	22	7	4.43	0.13641
GO:0000747	conjugation with cellular fusion	22	7	4.43	0.13641
GO:0042981	regulation of apoptotic process	238	55	47.97	0.13695
GO:1901135	carbohydrate derivative metabolic proces...	389	87	78.4	0.13795
GO:0006623	protein targeting to vacuole	43	12	8.67	0.13990
GO:0033044	regulation of chromosome organization	178	42	35.88	0.14034
GO:0002790	peptide secretion	78	20	15.72	0.14077
GO:0006354	DNA-templated transcription, elongation	78	20	15.72	0.14077
GO:0010389	regulation of G2/M transition of mitotic...	56	15	11.29	0.14083
GO:0048827	phyllome development	56	15	11.29	0.14083
GO:0071236	cellular response to antibiotic	56	15	11.29	0.14083
GO:0098656	anion transmembrane transport	105	26	21.16	0.14223
GO:0019438	aromatic compound biosynthetic process	823	177	165.88	0.14249
GO:0010564	regulation of cell cycle process	253	58	50.99	0.14435
GO:0000086	G2/M transition of mitotic cell cycle	65	17	13.1	0.14464
GO:0002275	myeloid cell activation involved in immu...	65	17	13.1	0.14464
GO:0002444	myeloid leukocyte mediated immunity	65	17	13.1	0.14464
GO:0006606	protein import into nucleus	39	11	7.86	0.14500
GO:0006626	protein targeting to mitochondrion	39	11	7.86	0.14500
GO:0015748	organophosphate ester transport	39	11	7.86	0.14500
GO:1901361	organic cyclic compound catabolic proces...	272	62	54.82	0.14601
GO:0042157	lipoprotein metabolic process	35	10	7.05	0.15009
GO:0050792	regulation of viral process	35	10	7.05	0.15009
GO:0001836	release of cytochrome c from mitochondri...	7	3	1.41	0.15050
GO:0002456	T cell mediated immunity	7	3	1.41	0.15050
GO:0006491	N-glycan processing	7	3	1.41	0.15050
GO:0007111	meiosis II cytokinesis	7	3	1.41	0.15050
GO:0009794	regulation of mitotic cell cycle, embryo...	7	3	1.41	0.15050
GO:0010090	trichome morphogenesis	7	3	1.41	0.15050
GO:0010677	negative regulation of cellular carbohyd...	7	3	1.41	0.15050
GO:0015693	magnesium ion transport	7	3	1.41	0.15050
GO:0015976	carbon utilization	7	3	1.41	0.15050
GO:0016081	synaptic vesicle docking	7	3	1.41	0.15050
GO:0016202	regulation of striated muscle tissue dev...	7	3	1.41	0.15050
GO:0019852	L-ascorbic acid metabolic process	7	3	1.41	0.15050
GO:0019853	L-ascorbic acid biosynthetic process	7	3	1.41	0.15050
GO:0022612	gland morphogenesis	7	3	1.41	0.15050
GO:0032106	positive regulation of response to extra...	7	3	1.41	0.15050
GO:0032109	positive regulation of response to nutri...	7	3	1.41	0.15050
GO:0033120	positive regulation of RNA splicing	7	3	1.41	0.15050
GO:0035051	cardiocyte differentiation	7	3	1.41	0.15050
GO:0035973	aggrephagy	7	3	1.41	0.15050
GO:0043525	positive regulation of neuron apoptotic ...	7	3	1.41	0.15050
GO:0043545	molybdopterin cofactor metabolic process	7	3	1.41	0.15050
GO:0044785	metaphase/anaphase transition of meiotic...	7	3	1.41	0.15050
GO:0046439	L-cysteine metabolic process	7	3	1.41	0.15050
GO:0046827	positive regulation of protein export fr...	7	3	1.41	0.15050
GO:0046854	phosphatidylinositol phosphorylation	7	3	1.41	0.15050
GO:0048634	regulation of muscle organ development	7	3	1.41	0.15050
GO:0048767	root hair elongation	7	3	1.41	0.15050
GO:0051189	prosthetic group metabolic process	7	3	1.41	0.15050
GO:0051899	membrane depolarization	7	3	1.41	0.15050
GO:0060142	regulation of syncytium formation by pla...	7	3	1.41	0.15050
GO:0071260	cellular response to mechanical stimulus	7	3	1.41	0.15050
GO:0080147	root hair cell development	7	3	1.41	0.15050
GO:0086010	membrane depolarization during action po...	7	3	1.41	0.15050
GO:1900078	positive regulation of cellular response...	7	3	1.41	0.15050
GO:1901861	regulation of muscle tissue development	7	3	1.41	0.15050
GO:1901993	regulation of meiotic cell cycle phase t...	7	3	1.41	0.15050
GO:1902102	regulation of metaphase/anaphase transit...	7	3	1.41	0.15050
GO:1902742	apoptotic process involved in developmen...	7	3	1.41	0.15050
GO:1903749	positive regulation of establishment of ...	7	3	1.41	0.15050
GO:1905132	regulation of meiotic chromosome separat...	7	3	1.41	0.15050
GO:2000736	regulation of stem cell differentiation	7	3	1.41	0.15050
GO:2001257	regulation of cation channel activity	7	3	1.41	0.15050
GO:1903047	mitotic cell cycle process	353	79	71.15	0.15076
GO:0061061	muscle structure development	61	16	12.29	0.15093
GO:0034248	regulation of cellular amide metabolic p...	147	35	29.63	0.15270
GO:0051225	spindle assembly	48	13	9.67	0.15278
GO:0071375	cellular response to peptide hormone sti...	70	18	14.11	0.15347
GO:2000060	positive regulation of ubiquitin-depende...	70	18	14.11	0.15347
GO:0006497	protein lipidation	31	9	6.25	0.15508
GO:0016226	iron-sulfur cluster assembly	31	9	6.25	0.15508
GO:0030435	sporulation resulting in formation of a ...	31	9	6.25	0.15508
GO:0031163	metallo-sulfur cluster assembly	31	9	6.25	0.15508
GO:0042158	lipoprotein biosynthetic process	31	9	6.25	0.15508
GO:0050684	regulation of mRNA processing	31	9	6.25	0.15508
GO:0060537	muscle tissue development	31	9	6.25	0.15508
GO:0072395	signal transduction involved in cell cyc...	31	9	6.25	0.15508
GO:0009101	glycoprotein biosynthetic process	88	22	17.74	0.15522
GO:0042440	pigment metabolic process	57	15	11.49	0.15756
GO:0007059	chromosome segregation	208	48	41.92	0.15936
GO:0007165	signal transduction	710	153	143.1	0.15965
GO:0009225	nucleotide-sugar metabolic process	27	8	5.44	0.15978
GO:0065008	regulation of biological quality	744	160	149.96	0.15989
GO:0002274	myeloid leukocyte activation	66	17	13.3	0.16034
GO:1902850	microtubule cytoskeleton organization in...	66	17	13.3	0.16034
GO:0051259	protein complex oligomerization	102	25	20.56	0.16111
GO:0051050	positive regulation of transport	134	32	27.01	0.16131
GO:0016051	carbohydrate biosynthetic process	75	19	15.12	0.16175
GO:0032269	negative regulation of cellular protein ...	171	40	34.47	0.16179
GO:0006407	rRNA export from nucleus	11	4	2.22	0.16426
GO:0009630	gravitropism	11	4	2.22	0.16426
GO:0009860	pollen tube growth	11	4	2.22	0.16426
GO:0015804	neutral amino acid transport	11	4	2.22	0.16426
GO:0019673	GDP-mannose metabolic process	11	4	2.22	0.16426
GO:0021549	cerebellum development	11	4	2.22	0.16426
GO:0021782	glial cell development	11	4	2.22	0.16426
GO:0022037	metencephalon development	11	4	2.22	0.16426
GO:0032640	tumor necrosis factor production	11	4	2.22	0.16426
GO:0032680	regulation of tumor necrosis factor prod...	11	4	2.22	0.16426
GO:0032881	regulation of polysaccharide metabolic p...	11	4	2.22	0.16426
GO:0032885	regulation of polysaccharide biosyntheti...	11	4	2.22	0.16426
GO:0032954	regulation of cytokinetic process	11	4	2.22	0.16426
GO:0045176	apical protein localization	11	4	2.22	0.16426
GO:0045835	negative regulation of meiotic nuclear d...	11	4	2.22	0.16426
GO:0046940	nucleoside monophosphate phosphorylation	11	4	2.22	0.16426
GO:0051029	rRNA transport	11	4	2.22	0.16426
GO:0052166	positive regulation by symbiont of host ...	11	4	2.22	0.16426
GO:0052305	positive regulation by organism of innat...	11	4	2.22	0.16426
GO:0052555	positive regulation by organism of immun...	11	4	2.22	0.16426
GO:0052556	positive regulation by symbiont of host ...	11	4	2.22	0.16426
GO:0071706	tumor necrosis factor superfamily cytoki...	11	4	2.22	0.16426
GO:0071966	fungal-type cell wall polysaccharide met...	11	4	2.22	0.16426
GO:1901216	positive regulation of neuron death	11	4	2.22	0.16426
GO:1902412	regulation of mitotic cytokinesis	11	4	2.22	0.16426
GO:1903436	regulation of mitotic cytokinetic proces...	11	4	2.22	0.16426
GO:1903555	regulation of tumor necrosis factor supe...	11	4	2.22	0.16426
GO:1903998	regulation of eating behavior	11	4	2.22	0.16426
GO:2001244	positive regulation of intrinsic apoptot...	11	4	2.22	0.16426
GO:0006767	water-soluble vitamin metabolic process	53	14	10.68	0.16453
GO:0010256	endomembrane system organization	116	28	23.38	0.16528
