GO.ID	Term	Annotated	Significant	Expected	classic
GO:0043433	negative regulation of DNA-binding trans...	15	4	0.35	0.00029
GO:0051152	positive regulation of smooth muscle cel...	2	2	0.05	0.00052
GO:1905065	positive regulation of vascular smooth m...	2	2	0.05	0.00052
GO:0051090	regulation of DNA-binding transcription ...	32	5	0.74	0.00070
GO:0010020	chloroplast fission	3	2	0.07	0.00154
GO:0043572	plastid fission	3	2	0.07	0.00154
GO:0051150	regulation of smooth muscle cell differe...	3	2	0.07	0.00154
GO:1905063	regulation of vascular smooth muscle cel...	3	2	0.07	0.00154
GO:0009086	methionine biosynthetic process	11	3	0.25	0.00169
GO:0051147	regulation of muscle cell differentiatio...	13	3	0.3	0.00284
GO:0031100	animal organ regeneration	27	4	0.62	0.00304
GO:0009092	homoserine metabolic process	4	2	0.09	0.00304
GO:1904706	negative regulation of vascular smooth m...	4	2	0.09	0.00304
GO:0006555	methionine metabolic process	15	3	0.35	0.00437
GO:1904018	positive regulation of vasculature devel...	15	3	0.35	0.00437
GO:1904705	regulation of vascular smooth muscle cel...	5	2	0.12	0.00500
GO:1990874	vascular smooth muscle cell proliferatio...	5	2	0.12	0.00500
GO:0097421	liver regeneration	16	3	0.37	0.00529
GO:0000096	sulfur amino acid metabolic process	32	4	0.74	0.00571
GO:0043393	regulation of protein binding	32	4	0.74	0.00571
GO:0046777	protein autophosphorylation	51	5	1.17	0.00581
GO:0000097	sulfur amino acid biosynthetic process	17	3	0.39	0.00631
GO:0044272	sulfur compound biosynthetic process	74	6	1.7	0.00651
GO:0042981	regulation of apoptotic process	238	12	5.48	0.00724
GO:0035886	vascular smooth muscle cell differentiat...	6	2	0.14	0.00738
GO:0051145	smooth muscle cell differentiation	6	2	0.14	0.00738
GO:0009067	aspartate family amino acid biosynthetic...	18	3	0.41	0.00745
GO:0032092	positive regulation of protein binding	18	3	0.41	0.00745
GO:0042554	superoxide anion generation	19	3	0.44	0.00870
GO:0031099	regeneration	36	4	0.83	0.00873
GO:1901342	regulation of vasculature development	20	3	0.46	0.01007
GO:0006790	sulfur compound metabolic process	164	9	3.77	0.01190
GO:0006915	apoptotic process	286	13	6.58	0.01211
GO:0006575	cellular modified amino acid metabolic p...	85	6	1.96	0.01259
GO:0042743	hydrogen peroxide metabolic process	40	4	0.92	0.01264
GO:0043067	regulation of programmed cell death	257	12	5.92	0.01306
GO:0000098	sulfur amino acid catabolic process	8	2	0.18	0.01338
GO:0014013	regulation of gliogenesis	8	2	0.18	0.01338
GO:0019083	viral transcription	8	2	0.18	0.01338
GO:0046782	regulation of viral transcription	8	2	0.18	0.01338
GO:0048662	negative regulation of smooth muscle cel...	8	2	0.18	0.01338
GO:0051149	positive regulation of muscle cell diffe...	8	2	0.18	0.01338
GO:0071265	L-methionine biosynthetic process	8	2	0.18	0.01338
GO:0097755	positive regulation of blood vessel diam...	8	2	0.18	0.01338
GO:0097237	cellular response to toxic substance	113	7	2.6	0.01416
GO:0008630	intrinsic apoptotic signaling pathway in...	23	3	0.53	0.01489
GO:0051098	regulation of binding	65	5	1.5	0.01592
GO:0006797	polyphosphate metabolic process	9	2	0.21	0.01695
GO:0071281	cellular response to iron ion	9	2	0.21	0.01695
GO:0015695	organic cation transport	25	3	0.58	0.01872
GO:0042398	cellular modified amino acid biosyntheti...	25	3	0.58	0.01872
GO:0010941	regulation of cell death	304	13	7	0.01947
GO:0001889	liver development	46	4	1.06	0.02035
GO:0061008	hepaticobiliary system development	46	4	1.06	0.02035
GO:0090626	plant epidermis morphogenesis	10	2	0.23	0.02087
GO:0018105	peptidyl-serine phosphorylation	71	5	1.63	0.02257
GO:0002043	blood vessel endothelial cell proliferat...	1	1	0.02	0.02302
GO:0002246	wound healing involved in inflammatory r...	1	1	0.02	0.02302
GO:0002887	negative regulation of myeloid leukocyte...	1	1	0.02	0.02302
GO:0003032	detection of oxygen	1	1	0.02	0.02302
GO:0003068	regulation of systemic arterial blood pr...	1	1	0.02	0.02302
GO:0003069	acetylcholine-mediated vasodilation invo...	1	1	0.02	0.02302
GO:0003070	regulation of systemic arterial blood pr...	1	1	0.02	0.02302
GO:0003085	negative regulation of systemic arterial...	1	1	0.02	0.02302
GO:0003299	muscle hypertrophy in response to stress	1	1	0.02	0.02302
GO:0006788	heme oxidation	1	1	0.02	0.02302
GO:0007256	activation of JNKK activity	1	1	0.02	0.02302
GO:0007439	ectodermal digestive tract development	1	1	0.02	0.02302
GO:0007555	regulation of ecdysteroid secretion	1	1	0.02	0.02302
GO:0008062	eclosion rhythm	1	1	0.02	0.02302
GO:0009090	homoserine biosynthetic process	1	1	0.02	0.02302
GO:0009660	amyloplast organization	1	1	0.02	0.02302
GO:0010227	floral organ abscission	1	1	0.02	0.02302
GO:0014834	skeletal muscle satellite cell maintenan...	1	1	0.02	0.02302
GO:0014887	cardiac muscle adaptation	1	1	0.02	0.02302
GO:0014898	cardiac muscle hypertrophy in response t...	1	1	0.02	0.02302
GO:0015847	putrescine transport	1	1	0.02	0.02302
GO:0015848	spermidine transport	1	1	0.02	0.02302
GO:0018272	protein-pyridoxal-5-phosphate linkage vi...	1	1	0.02	0.02302
GO:0019988	charged-tRNA amino acid modification	1	1	0.02	0.02302
GO:0030153	bacteriocin immunity	1	1	0.02	0.02302
GO:0030857	negative regulation of epithelial cell d...	1	1	0.02	0.02302
GO:0030974	thiamine pyrophosphate transmembrane tra...	1	1	0.02	0.02302
GO:0032232	negative regulation of actin filament bu...	1	1	0.02	0.02302
GO:0032762	mast cell cytokine production	1	1	0.02	0.02302
GO:0032763	regulation of mast cell cytokine product...	1	1	0.02	0.02302
GO:0032764	negative regulation of mast cell cytokin...	1	1	0.02	0.02302
GO:0033004	negative regulation of mast cell activat...	1	1	0.02	0.02302
GO:0033007	negative regulation of mast cell activat...	1	1	0.02	0.02302
GO:0034021	response to silicon dioxide	1	1	0.02	0.02302
GO:0035523	protein K29-linked deubiquitination	1	1	0.02	0.02302
GO:0036333	hepatocyte homeostasis	1	1	0.02	0.02302
GO:0038001	paracrine signaling	1	1	0.02	0.02302
GO:0042033	chemokine biosynthetic process	1	1	0.02	0.02302
GO:0042035	regulation of cytokine biosynthetic proc...	1	1	0.02	0.02302
GO:0042067	establishment of ommatidial planar polar...	1	1	0.02	0.02302
GO:0042089	cytokine biosynthetic process	1	1	0.02	0.02302
GO:0042107	cytokine metabolic process	1	1	0.02	0.02302
GO:0042108	positive regulation of cytokine biosynth...	1	1	0.02	0.02302
GO:0042167	heme catabolic process	1	1	0.02	0.02302
GO:0043301	negative regulation of leukocyte degranu...	1	1	0.02	0.02302
GO:0043305	negative regulation of mast cell degranu...	1	1	0.02	0.02302
GO:0043619	regulation of transcription from RNA pol...	1	1	0.02	0.02302
GO:0043922	negative regulation by host of viral tra...	1	1	0.02	0.02302
GO:0044524	protein sulfhydration	1	1	0.02	0.02302
GO:0045073	regulation of chemokine biosynthetic pro...	1	1	0.02	0.02302
GO:0045080	positive regulation of chemokine biosynt...	1	1	0.02	0.02302
GO:0045457	ecdysteroid secretion	1	1	0.02	0.02302
GO:0045605	negative regulation of epidermal cell di...	1	1	0.02	0.02302
GO:0045683	negative regulation of epidermis develop...	1	1	0.02	0.02302
GO:0046167	glycerol-3-phosphate biosynthetic proces...	1	1	0.02	0.02302
GO:0046900	tetrahydrofolylpolyglutamate metabolic p...	1	1	0.02	0.02302
GO:0046901	tetrahydrofolylpolyglutamate biosyntheti...	1	1	0.02	0.02302
GO:0048611	embryonic ectodermal digestive tract dev...	1	1	0.02	0.02302
GO:0048759	xylem vessel member cell differentiation	1	1	0.02	0.02302
GO:0048773	erythrophore differentiation	1	1	0.02	0.02302
GO:0050755	chemokine metabolic process	1	1	0.02	0.02302
GO:0070314	G1 to G0 transition	1	1	0.02	0.02302
GO:0071266	'de novo' L-methionine biosynthetic proc...	1	1	0.02	0.02302
GO:0071569	protein ufmylation	1	1	0.02	0.02302
GO:0071934	thiamine transmembrane transport	1	1	0.02	0.02302
GO:0090410	malonate catabolic process	1	1	0.02	0.02302
GO:0090677	reversible differentiation	1	1	0.02	0.02302
GO:0090679	cell differentiation involved in phenoty...	1	1	0.02	0.02302
GO:1900241	positive regulation of phenotypic switch...	1	1	0.02	0.02302
GO:1902004	positive regulation of amyloid-beta form...	1	1	0.02	0.02302
GO:1902616	acyl carnitine transmembrane transport	1	1	0.02	0.02302
GO:1902993	positive regulation of amyloid precursor...	1	1	0.02	0.02302
GO:1903587	regulation of blood vessel endothelial c...	1	1	0.02	0.02302
GO:1903589	positive regulation of blood vessel endo...	1	1	0.02	0.02302
GO:1903711	spermidine transmembrane transport	1	1	0.02	0.02302
GO:1904772	response to tetrachloromethane	1	1	0.02	0.02302
GO:1904829	regulation of aortic smooth muscle cell ...	1	1	0.02	0.02302
GO:1904831	positive regulation of aortic smooth mus...	1	1	0.02	0.02302
GO:1904948	midbrain dopaminergic neuron differentia...	1	1	0.02	0.02302
GO:1904953	Wnt signaling pathway involved in midbra...	1	1	0.02	0.02302
GO:1904956	regulation of midbrain dopaminergic neur...	1	1	0.02	0.02302
GO:1904958	positive regulation of midbrain dopamine...	1	1	0.02	0.02302
GO:1905420	vascular smooth muscle cell differentiat...	1	1	0.02	0.02302
GO:1905424	regulation of Wnt-mediated midbrain dopa...	1	1	0.02	0.02302
GO:1905426	positive regulation of Wnt-mediated midb...	1	1	0.02	0.02302
GO:1905499	trichome papilla formation	1	1	0.02	0.02302
GO:1905915	regulation of cell differentiation invol...	1	1	0.02	0.02302
GO:1905917	positive regulation of cell differentiat...	1	1	0.02	0.02302
GO:1905930	regulation of vascular smooth muscle cel...	1	1	0.02	0.02302
GO:1905932	positive regulation of vascular smooth m...	1	1	0.02	0.02302
GO:1990167	protein K27-linked deubiquitination	1	1	0.02	0.02302
GO:1990168	protein K33-linked deubiquitination	1	1	0.02	0.02302
GO:1990545	mitochondrial thiamine pyrophosphate tra...	1	1	0.02	0.02302
GO:1990564	protein polyufmylation	1	1	0.02	0.02302
GO:1990575	mitochondrial L-ornithine transmembrane ...	1	1	0.02	0.02302
GO:1990592	protein K69-linked ufmylation	1	1	0.02	0.02302
GO:2000050	regulation of non-canonical Wnt signalin...	1	1	0.02	0.02302
GO:2000052	positive regulation of non-canonical Wnt...	1	1	0.02	0.02302
GO:0006801	superoxide metabolic process	27	3	0.62	0.02304
GO:0043066	negative regulation of apoptotic process	126	7	2.9	0.02442
GO:0008219	cell death	382	15	8.79	0.02475
GO:0021549	cerebellum development	11	2	0.25	0.02513
GO:0022037	metencephalon development	11	2	0.25	0.02513
GO:0032387	negative regulation of intracellular tra...	11	2	0.25	0.02513
GO:0043500	muscle adaptation	11	2	0.25	0.02513
GO:0046339	diacylglycerol metabolic process	11	2	0.25	0.02513
GO:0097746	regulation of blood vessel diameter	11	2	0.25	0.02513
GO:1901607	alpha-amino acid biosynthetic process	74	5	1.7	0.02648
GO:0006638	neutral lipid metabolic process	29	3	0.67	0.02786
GO:0006639	acylglycerol metabolic process	29	3	0.67	0.02786
GO:0050665	hydrogen peroxide biosynthetic process	29	3	0.67	0.02786
GO:0009070	serine family amino acid biosynthetic pr...	12	2	0.28	0.02972
GO:0035296	regulation of tube diameter	12	2	0.28	0.02972
GO:0042144	vacuole fusion, non-autophagic	12	2	0.28	0.02972
GO:0045117	azole transport	12	2	0.28	0.02972
GO:0050880	regulation of blood vessel size	12	2	0.28	0.02972
GO:0072488	ammonium transmembrane transport	12	2	0.28	0.02972
GO:0097576	vacuole fusion	12	2	0.28	0.02972
GO:0043065	positive regulation of apoptotic process	103	6	2.37	0.02976
GO:0034614	cellular response to reactive oxygen spe...	52	4	1.2	0.03046
GO:1990748	cellular detoxification	78	5	1.8	0.03234
GO:0012501	programmed cell death	326	13	7.5	0.03261
GO:0009066	aspartate family amino acid metabolic pr...	31	3	0.71	0.03317
GO:0090558	plant epidermis development	31	3	0.71	0.03317
GO:0043069	negative regulation of programmed cell d...	135	7	3.11	0.03399
GO:0098869	cellular oxidant detoxification	54	4	1.24	0.03438
GO:0010039	response to iron ion	13	2	0.3	0.03460
GO:0019080	viral gene expression	13	2	0.3	0.03460
GO:0009826	unidimensional cell growth	32	3	0.74	0.03601
GO:2001233	regulation of apoptotic signaling pathwa...	55	4	1.27	0.03645
GO:0016049	cell growth	138	7	3.18	0.03767
GO:0019221	cytokine-mediated signaling pathway	56	4	1.29	0.03859
GO:0097193	intrinsic apoptotic signaling pathway	56	4	1.29	0.03859
GO:0009581	detection of external stimulus	33	3	0.76	0.03897
GO:0003018	vascular process in circulatory system	14	2	0.32	0.03978
GO:0009396	folic acid-containing compound biosynthe...	14	2	0.32	0.03978
GO:0010660	regulation of muscle cell apoptotic proc...	14	2	0.32	0.03978
GO:0030902	hindbrain development	14	2	0.32	0.03978
GO:0098754	detoxification	83	5	1.91	0.04074
GO:0051606	detection of stimulus	57	4	1.31	0.04080
GO:0044248	cellular catabolic process	744	24	17.12	0.04130
GO:0009582	detection of abiotic stimulus	34	3	0.78	0.04206
GO:0043068	positive regulation of programmed cell d...	112	6	2.58	0.04238
GO:0018209	peptidyl-serine modification	84	5	1.93	0.04256
GO:0048732	gland development	84	5	1.93	0.04256
GO:0008217	regulation of blood pressure	15	2	0.35	0.04523
GO:0010657	muscle cell apoptotic process	15	2	0.35	0.04523
GO:0035065	regulation of histone acetylation	15	2	0.35	0.04523
GO:0035150	regulation of tube size	15	2	0.35	0.04523
GO:2001234	negative regulation of apoptotic signali...	35	3	0.81	0.04526
GO:0001315	age-dependent response to reactive oxyge...	2	1	0.05	0.04551
GO:0001737	establishment of imaginal disc-derived w...	2	1	0.05	0.04551
GO:0006072	glycerol-3-phosphate metabolic process	2	1	0.05	0.04551
GO:0006651	diacylglycerol biosynthetic process	2	1	0.05	0.04551
GO:0006844	acyl carnitine transport	2	1	0.05	0.04551
GO:0007562	eclosion	2	1	0.05	0.04551
GO:0009590	detection of gravity	2	1	0.05	0.04551
GO:0009911	positive regulation of flower developmen...	2	1	0.05	0.04551
GO:0009959	negative gravitropism	2	1	0.05	0.04551
GO:0009969	xyloglucan biosynthetic process	2	1	0.05	0.04551
GO:0010089	xylem development	2	1	0.05	0.04551
GO:0010376	stomatal complex formation	2	1	0.05	0.04551
GO:0010410	hemicellulose metabolic process	2	1	0.05	0.04551
GO:0010411	xyloglucan metabolic process	2	1	0.05	0.04551
GO:0010668	ectodermal cell differentiation	2	1	0.05	0.04551
GO:0010718	positive regulation of epithelial to mes...	2	1	0.05	0.04551
GO:0010845	positive regulation of reciprocal meioti...	2	1	0.05	0.04551
GO:0019343	cysteine biosynthetic process via cystat...	2	1	0.05	0.04551
GO:0019346	transsulfuration	2	1	0.05	0.04551
GO:0030302	deoxynucleotide transport	2	1	0.05	0.04551
GO:0030901	midbrain development	2	1	0.05	0.04551
GO:0032897	negative regulation of viral transcripti...	2	1	0.05	0.04551
GO:0033169	histone H3-K9 demethylation	2	1	0.05	0.04551
GO:0034395	regulation of transcription from RNA pol...	2	1	0.05	0.04551
GO:0035338	long-chain fatty-acyl-CoA biosynthetic p...	2	1	0.05	0.04551
GO:0035871	protein K11-linked deubiquitination	2	1	0.05	0.04551
GO:0035983	response to trichostatin A	2	1	0.05	0.04551
GO:0035984	cellular response to trichostatin A	2	1	0.05	0.04551
GO:0038083	peptidyl-tyrosine autophosphorylation	2	1	0.05	0.04551
GO:0043157	response to cation stress	2	1	0.05	0.04551
GO:0043403	skeletal muscle tissue regeneration	2	1	0.05	0.04551
GO:0043419	urea catabolic process	2	1	0.05	0.04551
GO:0043507	positive regulation of JUN kinase activi...	2	1	0.05	0.04551
GO:0044414	suppression of host defenses	2	1	0.05	0.04551
GO:0045599	negative regulation of fat cell differen...	2	1	0.05	0.04551
GO:0046506	sulfolipid biosynthetic process	2	1	0.05	0.04551
GO:0048387	negative regulation of retinoic acid rec...	2	1	0.05	0.04551
GO:0051833	suppression of defenses of other organis...	2	1	0.05	0.04551
GO:0052037	negative regulation by symbiont of host ...	2	1	0.05	0.04551
GO:0052170	negative regulation by symbiont of host ...	2	1	0.05	0.04551
GO:0052261	suppression of defense response of other...	2	1	0.05	0.04551
GO:0052309	negative regulation by organism of innat...	2	1	0.05	0.04551
GO:0052561	negative regulation by organism of immun...	2	1	0.05	0.04551
GO:0052562	negative regulation by symbiont of host ...	2	1	0.05	0.04551
GO:0052646	alditol phosphate metabolic process	2	1	0.05	0.04551
GO:0060903	positive regulation of meiosis I	2	1	0.05	0.04551
GO:0061082	myeloid leukocyte cytokine production	2	1	0.05	0.04551
GO:0072531	pyrimidine-containing compound transmemb...	2	1	0.05	0.04551
GO:0072719	cellular response to cisplatin	2	1	0.05	0.04551
GO:0090050	positive regulation of cell migration in...	2	1	0.05	0.04551
GO:0090594	inflammatory response to wounding	2	1	0.05	0.04551
GO:0098532	histone H3-K27 trimethylation	2	1	0.05	0.04551
GO:1901999	homogentisate metabolic process	2	1	0.05	0.04551
GO:1902000	homogentisate catabolic process	2	1	0.05	0.04551
GO:1902003	regulation of amyloid-beta formation	2	1	0.05	0.04551
GO:1902022	L-lysine transport	2	1	0.05	0.04551
GO:1902176	negative regulation of oxidative stress-...	2	1	0.05	0.04551
GO:1902991	regulation of amyloid precursor protein ...	2	1	0.05	0.04551
GO:1903306	negative regulation of regulated secreto...	2	1	0.05	0.04551
GO:1903401	L-lysine transmembrane transport	2	1	0.05	0.04551
GO:1903650	negative regulation of cytoplasmic trans...	2	1	0.05	0.04551
GO:1904338	regulation of dopaminergic neuron differ...	2	1	0.05	0.04551
GO:1904340	positive regulation of dopaminergic neur...	2	1	0.05	0.04551
GO:1904569	regulation of selenocysteine incorporati...	2	1	0.05	0.04551
GO:1904571	positive regulation of selenocysteine in...	2	1	0.05	0.04551
GO:1904810	negative regulation of dense core granul...	2	1	0.05	0.04551
GO:1905177	tracheary element differentiation	2	1	0.05	0.04551
GO:2000037	regulation of stomatal complex patternin...	2	1	0.05	0.04551
GO:2001159	regulation of protein localization by th...	2	1	0.05	0.04551
GO:0000902	cell morphogenesis	207	9	4.76	0.04582
GO:0000302	response to reactive oxygen species	86	5	1.98	0.04636
GO:0009657	plastid organization	60	4	1.38	0.04786
GO:0060548	negative regulation of cell death	177	8	4.07	0.04844
GO:0007626	locomotory behavior	36	3	0.83	0.04858
GO:0018958	phenol-containing compound metabolic pro...	36	3	0.83	0.04858
GO:0042335	cuticle development	36	3	0.83	0.04858
GO:0097190	apoptotic signaling pathway	88	5	2.03	0.05035
GO:0042559	pteridine-containing compound biosynthet...	16	2	0.37	0.05093
GO:0051289	protein homotetramerization	16	2	0.37	0.05093
GO:0090627	plant epidermal cell differentiation	16	2	0.37	0.05093
GO:0017000	antibiotic biosynthetic process	37	3	0.85	0.05202
GO:0051187	cofactor catabolic process	37	3	0.85	0.05202
GO:0008652	cellular amino acid biosynthetic process	89	5	2.05	0.05242
GO:0051188	cofactor biosynthetic process	180	8	4.14	0.05259
GO:0042692	muscle cell differentiation	38	3	0.87	0.05557
GO:0051099	positive regulation of binding	38	3	0.87	0.05557
GO:0010942	positive regulation of cell death	120	6	2.76	0.05608
GO:0006590	thyroid hormone generation	17	2	0.39	0.05688
GO:0007602	phototransduction	17	2	0.39	0.05688
GO:0008365	adult chitin-based cuticle development	17	2	0.39	0.05688
GO:0009583	detection of light stimulus	17	2	0.39	0.05688
GO:0018149	peptide cross-linking	17	2	0.39	0.05688
GO:0042403	thyroid hormone metabolic process	17	2	0.39	0.05688
GO:0048659	smooth muscle cell proliferation	17	2	0.39	0.05688
GO:0048660	regulation of smooth muscle cell prolife...	17	2	0.39	0.05688
GO:1901616	organic hydroxy compound catabolic proce...	17	2	0.39	0.05688
GO:1901983	regulation of protein acetylation	17	2	0.39	0.05688
GO:2000756	regulation of peptidyl-lysine acetylatio...	17	2	0.39	0.05688
GO:0007584	response to nutrient	64	4	1.47	0.05826
GO:0035556	intracellular signal transduction	322	12	7.41	0.06142
GO:0048066	developmental pigmentation	40	3	0.92	0.06302
GO:0006760	folic acid-containing compound metabolic...	18	2	0.41	0.06306
GO:0033002	muscle cell proliferation	18	2	0.41	0.06306
GO:0040032	post-embryonic body morphogenesis	18	2	0.41	0.06306
GO:0042338	cuticle development involved in collagen...	18	2	0.41	0.06306
GO:0034599	cellular response to oxidative stress	124	6	2.85	0.06384
GO:0000101	sulfur amino acid transport	3	1	0.07	0.06749
GO:0000186	activation of MAPKK activity	3	1	0.07	0.06749
GO:0001100	negative regulation of exit from mitosis	3	1	0.07	0.06749
GO:0001306	age-dependent response to oxidative stre...	3	1	0.07	0.06749
GO:0001976	neurological system process involved in ...	3	1	0.07	0.06749
GO:0003360	brainstem development	3	1	0.07	0.06749
GO:0006553	lysine metabolic process	3	1	0.07	0.06749
GO:0006723	cuticle hydrocarbon biosynthetic process	3	1	0.07	0.06749
GO:0006787	porphyrin-containing compound catabolic ...	3	1	0.07	0.06749
GO:0006798	polyphosphate catabolic process	3	1	0.07	0.06749
GO:0007398	ectoderm development	3	1	0.07	0.06749
GO:0007571	age-dependent general metabolic decline	3	1	0.07	0.06749
GO:0009085	lysine biosynthetic process	3	1	0.07	0.06749
GO:0009088	threonine biosynthetic process	3	1	0.07	0.06749
GO:0009089	lysine biosynthetic process via diaminop...	3	1	0.07	0.06749
GO:0009585	red, far-red light phototransduction	3	1	0.07	0.06749
GO:0010103	stomatal complex morphogenesis	3	1	0.07	0.06749
GO:0010375	stomatal complex patterning	3	1	0.07	0.06749
GO:0010444	guard mother cell differentiation	3	1	0.07	0.06749
GO:0014805	smooth muscle adaptation	3	1	0.07	0.06749
GO:0014806	smooth muscle hyperplasia	3	1	0.07	0.06749
GO:0014900	muscle hyperplasia	3	1	0.07	0.06749
GO:0015697	quaternary ammonium group transport	3	1	0.07	0.06749
GO:0015811	L-cystine transport	3	1	0.07	0.06749
GO:0015822	ornithine transport	3	1	0.07	0.06749
GO:0018345	protein palmitoylation	3	1	0.07	0.06749
GO:0019336	phenol-containing compound catabolic pro...	3	1	0.07	0.06749
GO:0019344	cysteine biosynthetic process	3	1	0.07	0.06749
GO:0030999	linear element assembly	3	1	0.07	0.06749
GO:0032253	dense core granule localization	3	1	0.07	0.06749
GO:0032364	oxygen homeostasis	3	1	0.07	0.06749
GO:0032722	positive regulation of chemokine product...	3	1	0.07	0.06749
GO:0032785	negative regulation of DNA-templated tra...	3	1	0.07	0.06749
GO:0033015	tetrapyrrole catabolic process	3	1	0.07	0.06749
GO:0033483	gas homeostasis	3	1	0.07	0.06749
GO:0033591	response to L-ascorbic acid	3	1	0.07	0.06749
GO:0034244	negative regulation of transcription elo...	3	1	0.07	0.06749
GO:0034390	smooth muscle cell apoptotic process	3	1	0.07	0.06749
GO:0034391	regulation of smooth muscle cell apoptot...	3	1	0.07	0.06749
GO:0034393	positive regulation of smooth muscle cel...	3	1	0.07	0.06749
GO:0035186	syncytial blastoderm mitotic cell cycle	3	1	0.07	0.06749
GO:0035206	regulation of hemocyte proliferation	3	1	0.07	0.06749
GO:0035461	vitamin transmembrane transport	3	1	0.07	0.06749
GO:0035900	response to isolation stress	3	1	0.07	0.06749
GO:0035929	steroid hormone secretion	3	1	0.07	0.06749
GO:0036065	fucosylation	3	1	0.07	0.06749
GO:0043268	positive regulation of potassium ion tra...	3	1	0.07	0.06749
GO:0043605	cellular amide catabolic process	3	1	0.07	0.06749
GO:0044413	avoidance of host defenses	3	1	0.07	0.06749
GO:0046149	pigment catabolic process	3	1	0.07	0.06749
GO:0046451	diaminopimelate metabolic process	3	1	0.07	0.06749
GO:0046505	sulfolipid metabolic process	3	1	0.07	0.06749
GO:0048148	behavioral response to cocaine	3	1	0.07	0.06749
GO:0048385	regulation of retinoic acid receptor sig...	3	1	0.07	0.06749
GO:0051832	avoidance of defenses of other organism ...	3	1	0.07	0.06749
GO:0060252	positive regulation of glial cell prolif...	3	1	0.07	0.06749
GO:0070813	hydrogen sulfide metabolic process	3	1	0.07	0.06749
GO:0070814	hydrogen sulfide biosynthetic process	3	1	0.07	0.06749
GO:0071243	cellular response to arsenic-containing ...	3	1	0.07	0.06749
GO:0071542	dopaminergic neuron differentiation	3	1	0.07	0.06749
GO:0071918	urea transmembrane transport	3	1	0.07	0.06749
GO:0080022	primary root development	3	1	0.07	0.06749
GO:0089709	L-histidine transmembrane transport	3	1	0.07	0.06749
GO:0090326	positive regulation of locomotion involv...	3	1	0.07	0.06749
GO:1900239	regulation of phenotypic switching	3	1	0.07	0.06749
GO:1901950	dense core granule transport	3	1	0.07	0.06749
GO:1902065	response to L-glutamate	3	1	0.07	0.06749
GO:1903352	L-ornithine transmembrane transport	3	1	0.07	0.06749
GO:1903400	L-arginine transmembrane transport	3	1	0.07	0.06749
GO:1903826	arginine transmembrane transport	3	1	0.07	0.06749
GO:1904809	regulation of dense core granule transpo...	3	1	0.07	0.06749
GO:1904811	positive regulation of dense core granul...	3	1	0.07	0.06749
GO:1905288	vascular associated smooth muscle cell a...	3	1	0.07	0.06749
GO:1905459	regulation of vascular associated smooth...	3	1	0.07	0.06749
GO:1905461	positive regulation of vascular associat...	3	1	0.07	0.06749
GO:2000269	regulation of fibroblast apoptotic proce...	3	1	0.07	0.06749
GO:2000434	regulation of protein neddylation	3	1	0.07	0.06749
GO:2000435	negative regulation of protein neddylati...	3	1	0.07	0.06749
GO:2000831	regulation of steroid hormone secretion	3	1	0.07	0.06749
GO:0007593	chitin-based cuticle sclerotization	19	2	0.44	0.06946
GO:0048085	adult chitin-containing cuticle pigmenta...	19	2	0.44	0.06946
GO:0051181	cofactor transport	19	2	0.44	0.06946
GO:0016999	antibiotic metabolic process	68	4	1.57	0.06978
GO:0042060	wound healing	42	3	0.97	0.07090
GO:0009056	catabolic process	786	24	18.09	0.07240
GO:0044419	interspecies interaction between organis...	161	7	3.71	0.07475
GO:1903409	reactive oxygen species biosynthetic pro...	43	3	0.99	0.07501
GO:0051260	protein homooligomerization	70	4	1.61	0.07596
GO:0002251	organ or tissue specific immune response	20	2	0.46	0.07606
GO:0002385	mucosal immune response	20	2	0.46	0.07606
GO:0006749	glutathione metabolic process	20	2	0.46	0.07606
GO:0009084	glutamine family amino acid biosynthetic...	20	2	0.46	0.07606
GO:0018996	molting cycle, collagen and cuticulin-ba...	20	2	0.46	0.07606
GO:0042136	neurotransmitter biosynthetic process	20	2	0.46	0.07606
GO:0044273	sulfur compound catabolic process	20	2	0.46	0.07606
GO:0050777	negative regulation of immune response	20	2	0.46	0.07606
GO:0051881	regulation of mitochondrial membrane pot...	20	2	0.46	0.07606
GO:0051186	cofactor metabolic process	298	11	6.86	0.07626
GO:0008285	negative regulation of cell proliferatio...	71	4	1.63	0.07914
GO:0042742	defense response to bacterium	101	5	2.32	0.08113
GO:0060560	developmental growth involved in morphog...	72	4	1.66	0.08240
GO:0009404	toxin metabolic process	21	2	0.48	0.08284
GO:0016239	positive regulation of macroautophagy	21	2	0.48	0.08284
GO:0048067	cuticle pigmentation	21	2	0.48	0.08284
GO:0072348	sulfur compound transport	21	2	0.48	0.08284
GO:0051259	protein complex oligomerization	102	5	2.35	0.08384
GO:0002042	cell migration involved in sprouting ang...	4	1	0.09	0.08898
GO:0002701	negative regulation of production of mol...	4	1	0.09	0.08898
GO:0002719	negative regulation of cytokine producti...	4	1	0.09	0.08898
GO:0003300	cardiac muscle hypertrophy	4	1	0.09	0.08898
GO:0006561	proline biosynthetic process	4	1	0.09	0.08898
GO:0009838	abscission	4	1	0.09	0.08898
GO:0010661	positive regulation of muscle cell apopt...	4	1	0.09	0.08898
GO:0010717	regulation of epithelial to mesenchymal ...	4	1	0.09	0.08898
GO:0014888	striated muscle adaptation	4	1	0.09	0.08898
GO:0014897	striated muscle hypertrophy	4	1	0.09	0.08898
GO:0015840	urea transport	4	1	0.09	0.08898
GO:0018352	protein-pyridoxal-5-phosphate linkage	4	1	0.09	0.08898
GO:0030242	autophagy of peroxisome	4	1	0.09	0.08898
GO:0032231	regulation of actin filament bundle asse...	4	1	0.09	0.08898
GO:0032252	secretory granule localization	4	1	0.09	0.08898
GO:0035316	non-sensory hair organization	4	1	0.09	0.08898
GO:0035317	imaginal disc-derived wing hair organiza...	4	1	0.09	0.08898
GO:0035336	long-chain fatty-acyl-CoA metabolic proc...	4	1	0.09	0.08898
GO:0035513	oxidative RNA demethylation	4	1	0.09	0.08898
GO:0035553	oxidative single-stranded RNA demethylat...	4	1	0.09	0.08898
GO:0035887	aortic smooth muscle cell differentiatio...	4	1	0.09	0.08898
GO:0043506	regulation of JUN kinase activity	4	1	0.09	0.08898
GO:0044060	regulation of endocrine process	4	1	0.09	0.08898
GO:0044346	fibroblast apoptotic process	4	1	0.09	0.08898
GO:0045007	depurination	4	1	0.09	0.08898
GO:0045475	locomotor rhythm	4	1	0.09	0.08898
GO:0045776	negative regulation of blood pressure	4	1	0.09	0.08898
GO:0045836	positive regulation of meiotic nuclear d...	4	1	0.09	0.08898
GO:0046452	dihydrofolate metabolic process	4	1	0.09	0.08898
GO:0048147	negative regulation of fibroblast prolif...	4	1	0.09	0.08898
GO:0051154	negative regulation of striated muscle c...	4	1	0.09	0.08898
GO:0061844	antimicrobial humoral immune response me...	4	1	0.09	0.08898
GO:0070076	histone lysine demethylation	4	1	0.09	0.08898
GO:0090049	regulation of cell migration involved in...	4	1	0.09	0.08898
GO:0090156	cellular sphingolipid homeostasis	4	1	0.09	0.08898
GO:0090325	regulation of locomotion involved in loc...	4	1	0.09	0.08898
GO:1902023	L-arginine transport	4	1	0.09	0.08898
GO:1902047	polyamine transmembrane transport	4	1	0.09	0.08898
GO:1902255	positive regulation of intrinsic apoptot...	4	1	0.09	0.08898
GO:1903672	positive regulation of sprouting angioge...	4	1	0.09	0.08898
GO:1990822	basic amino acid transmembrane transport	4	1	0.09	0.08898
GO:2000369	regulation of clathrin-dependent endocyt...	4	1	0.09	0.08898
GO:2000370	positive regulation of clathrin-dependen...	4	1	0.09	0.08898
GO:0030308	negative regulation of cell growth	22	2	0.51	0.08981
GO:0040002	collagen and cuticulin-based cuticle dev...	22	2	0.51	0.08981
GO:0042558	pteridine-containing compound metabolic ...	22	2	0.51	0.08981
GO:0042752	regulation of circadian rhythm	22	2	0.51	0.08981
GO:0043406	positive regulation of MAP kinase activi...	22	2	0.51	0.08981
GO:0043524	negative regulation of neuron apoptotic ...	22	2	0.51	0.08981
GO:0048565	digestive tract development	22	2	0.51	0.08981
GO:0070988	demethylation	22	2	0.51	0.08981
GO:1902475	L-alpha-amino acid transmembrane transpo...	22	2	0.51	0.08981
GO:0006979	response to oxidative stress	273	10	6.28	0.09282
GO:0032989	cellular component morphogenesis	238	9	5.48	0.09312
GO:0042127	regulation of cell proliferation	171	7	3.94	0.09593
GO:0072593	reactive oxygen species metabolic proces...	76	4	1.75	0.09606
GO:0015807	L-amino acid transport	23	2	0.53	0.09695
GO:0051262	protein tetramerization	23	2	0.53	0.09695
GO:0007476	imaginal disc-derived wing morphogenesis	48	3	1.1	0.09703
GO:0031056	regulation of histone modification	48	3	1.1	0.09703
GO:0035114	imaginal disc-derived appendage morphoge...	48	3	1.1	0.09703
GO:0006950	response to stress	1141	32	26.26	0.10006
GO:0007472	wing disc morphogenesis	49	3	1.13	0.10172
GO:0043473	pigmentation	49	3	1.13	0.10172
GO:0048737	imaginal disc-derived appendage developm...	49	3	1.13	0.10172
GO:0016482	cytosolic transport	78	4	1.8	0.10328
GO:0045597	positive regulation of cell differentiat...	109	5	2.51	0.10415
GO:0009913	epidermal cell differentiation	24	2	0.55	0.10424
GO:0010821	regulation of mitochondrion organization	24	2	0.55	0.10424
GO:0031058	positive regulation of histone modificat...	24	2	0.55	0.10424
GO:0040003	chitin-based cuticle development	24	2	0.55	0.10424
GO:0050830	defense response to Gram-positive bacter...	24	2	0.55	0.10424
GO:0035120	post-embryonic appendage morphogenesis	50	3	1.15	0.10650
GO:0051648	vesicle localization	79	4	1.82	0.10698
GO:0051650	establishment of vesicle localization	79	4	1.82	0.10698
GO:0051094	positive regulation of developmental pro...	176	7	4.05	0.10767
GO:0044282	small molecule catabolic process	143	6	3.29	0.10897
GO:0001837	epithelial to mesenchymal transition	5	1	0.12	0.10997
GO:0002686	negative regulation of leukocyte migrati...	5	1	0.12	0.10997
GO:0002704	negative regulation of leukocyte mediate...	5	1	0.12	0.10997
GO:0003044	regulation of systemic arterial blood pr...	5	1	0.12	0.10997
GO:0006307	DNA dealkylation involved in DNA repair	5	1	0.12	0.10997
GO:0006572	tyrosine catabolic process	5	1	0.12	0.10997
GO:0006799	polyphosphate biosynthetic process	5	1	0.12	0.10997
GO:0007216	G protein-coupled glutamate receptor sig...	5	1	0.12	0.10997
GO:0009102	biotin biosynthetic process	5	1	0.12	0.10997
GO:0009235	cobalamin metabolic process	5	1	0.12	0.10997
GO:0009934	regulation of meristem structural organi...	5	1	0.12	0.10997
GO:0010440	stomatal lineage progression	5	1	0.12	0.10997
GO:0010520	regulation of reciprocal meiotic recombi...	5	1	0.12	0.10997
GO:0014015	positive regulation of gliogenesis	5	1	0.12	0.10997
GO:0014896	muscle hypertrophy	5	1	0.12	0.10997
GO:0015809	arginine transport	5	1	0.12	0.10997
GO:0015846	polyamine transport	5	1	0.12	0.10997
GO:0016242	negative regulation of macroautophagy	5	1	0.12	0.10997
GO:0018065	protein-cofactor linkage	5	1	0.12	0.10997
GO:0019405	alditol catabolic process	5	1	0.12	0.10997
GO:0019509	L-methionine salvage from methylthioaden...	5	1	0.12	0.10997
GO:0019563	glycerol catabolic process	5	1	0.12	0.10997
GO:0019730	antimicrobial humoral response	5	1	0.12	0.10997
GO:0021695	cerebellar cortex development	5	1	0.12	0.10997
GO:0031101	fin regeneration	5	1	0.12	0.10997
GO:0031987	locomotion involved in locomotory behavi...	5	1	0.12	0.10997
GO:0032088	negative regulation of NF-kappaB transcr...	5	1	0.12	0.10997
GO:0032602	chemokine production	5	1	0.12	0.10997
GO:0032642	regulation of chemokine production	5	1	0.12	0.10997
GO:0033301	cell cycle comprising mitosis without cy...	5	1	0.12	0.10997
GO:0034205	amyloid-beta formation	5	1	0.12	0.10997
GO:0034381	plasma lipoprotein particle clearance	5	1	0.12	0.10997
GO:0034383	low-density lipoprotein particle clearan...	5	1	0.12	0.10997
GO:0035067	negative regulation of histone acetylati...	5	1	0.12	0.10997
GO:0038171	cannabinoid signaling pathway	5	1	0.12	0.10997
GO:0043266	regulation of potassium ion transport	5	1	0.12	0.10997
GO:0045429	positive regulation of nitric oxide bios...	5	1	0.12	0.10997
GO:0046340	diacylglycerol catabolic process	5	1	0.12	0.10997
GO:0046949	fatty-acyl-CoA biosynthetic process	5	1	0.12	0.10997
GO:0048025	negative regulation of mRNA splicing, vi...	5	1	0.12	0.10997
GO:0048384	retinoic acid receptor signaling pathway	5	1	0.12	0.10997
GO:0048566	embryonic digestive tract development	5	1	0.12	0.10997
GO:0048825	cotyledon development	5	1	0.12	0.10997
GO:0051148	negative regulation of muscle cell diffe...	5	1	0.12	0.10997
GO:0051180	vitamin transport	5	1	0.12	0.10997
GO:0060251	regulation of glial cell proliferation	5	1	0.12	0.10997
GO:0060986	endocrine hormone secretion	5	1	0.12	0.10997
GO:0070989	oxidative demethylation	5	1	0.12	0.10997
GO:0071000	response to magnetism	5	1	0.12	0.10997
GO:0071361	cellular response to ethanol	5	1	0.12	0.10997
GO:0071926	endocannabinoid signaling pathway	5	1	0.12	0.10997
GO:0072718	response to cisplatin	5	1	0.12	0.10997
GO:0090140	regulation of mitochondrial fission	5	1	0.12	0.10997
GO:0098920	retrograde trans-synaptic signaling by l...	5	1	0.12	0.10997
GO:0098921	retrograde trans-synaptic signaling by e...	5	1	0.12	0.10997
GO:0099541	trans-synaptic signaling by lipid	5	1	0.12	0.10997
GO:0099542	trans-synaptic signaling by endocannabin...	5	1	0.12	0.10997
GO:1904036	negative regulation of epithelial cell a...	5	1	0.12	0.10997
GO:1904407	positive regulation of nitric oxide meta...	5	1	0.12	0.10997
GO:0006082	organic acid metabolic process	431	14	9.92	0.11123
GO:0043436	oxoacid metabolic process	431	14	9.92	0.11123
GO:0007041	lysosomal transport	51	3	1.17	0.11137
GO:0042542	response to hydrogen peroxide	51	3	1.17	0.11137
GO:0010171	body morphogenesis	25	2	0.58	0.11168
GO:0055123	digestive system development	25	2	0.58	0.11168
GO:1901605	alpha-amino acid metabolic process	144	6	3.31	0.11171
GO:0042493	response to drug	284	10	6.54	0.11322
GO:0016053	organic acid biosynthetic process	214	8	4.93	0.11590
GO:0046394	carboxylic acid biosynthetic process	214	8	4.93	0.11590
GO:0040017	positive regulation of locomotion	52	3	1.2	0.11633
GO:0035690	cellular response to drug	113	5	2.6	0.11677
GO:0042327	positive regulation of phosphorylation	113	5	2.6	0.11677
GO:0090263	positive regulation of canonical Wnt sig...	26	2	0.6	0.11925
GO:0110053	regulation of actin filament organizatio...	26	2	0.6	0.11925
GO:0018193	peptidyl-amino acid modification	324	11	7.46	0.11998
GO:0006767	water-soluble vitamin metabolic process	53	3	1.22	0.12136
GO:0007560	imaginal disc morphogenesis	53	3	1.22	0.12136
GO:0035821	modification of morphology or physiology...	53	3	1.22	0.12136
GO:0006888	ER to Golgi vesicle-mediated transport	83	4	1.91	0.12236
GO:0009611	response to wounding	83	4	1.91	0.12236
GO:0032434	regulation of proteasomal ubiquitin-depe...	83	4	1.91	0.12236
GO:0007033	vacuole organization	115	5	2.65	0.12334
GO:0071345	cellular response to cytokine stimulus	115	5	2.65	0.12334
GO:0048367	shoot system development	84	4	1.93	0.12635
GO:0007405	neuroblast proliferation	27	2	0.62	0.12694
GO:0007591	molting cycle, chitin-based cuticle	27	2	0.62	0.12694
GO:0022404	molting cycle process	27	2	0.62	0.12694
GO:0042063	gliogenesis	27	2	0.62	0.12694
GO:1901796	regulation of signal transduction by p53...	27	2	0.62	0.12694
GO:0006914	autophagy	184	7	4.24	0.12801
GO:0000128	flocculation	6	1	0.14	0.13049
GO:0001514	selenocysteine incorporation	6	1	0.14	0.13049
GO:0002279	mast cell activation involved in immune ...	6	1	0.14	0.13049
GO:0002448	mast cell mediated immunity	6	1	0.14	0.13049
GO:0002695	negative regulation of leukocyte activat...	6	1	0.14	0.13049
GO:0006071	glycerol metabolic process	6	1	0.14	0.13049
GO:0006451	translational readthrough	6	1	0.14	0.13049
GO:0006566	threonine metabolic process	6	1	0.14	0.13049
GO:0006750	glutathione biosynthetic process	6	1	0.14	0.13049
GO:0007446	imaginal disc growth	6	1	0.14	0.13049
GO:0010017	red or far-red light signaling pathway	6	1	0.14	0.13049
GO:0010091	trichome branching	6	1	0.14	0.13049
GO:0010218	response to far red light	6	1	0.14	0.13049
GO:0010269	response to selenium ion	6	1	0.14	0.13049
GO:0015801	aromatic amino acid transport	6	1	0.14	0.13049
GO:0015802	basic amino acid transport	6	1	0.14	0.13049
GO:0030178	negative regulation of Wnt signaling pat...	6	1	0.14	0.13049
GO:0033003	regulation of mast cell activation	6	1	0.14	0.13049
GO:0033006	regulation of mast cell activation invol...	6	1	0.14	0.13049
GO:0033119	negative regulation of RNA splicing	6	1	0.14	0.13049
GO:0033146	regulation of intracellular estrogen rec...	6	1	0.14	0.13049
GO:0035172	hemocyte proliferation	6	1	0.14	0.13049
GO:0042311	vasodilation	6	1	0.14	0.13049
GO:0042987	amyloid precursor protein catabolic proc...	6	1	0.14	0.13049
GO:0043300	regulation of leukocyte degranulation	6	1	0.14	0.13049
GO:0043303	mast cell degranulation	6	1	0.14	0.13049
GO:0043304	regulation of mast cell degranulation	6	1	0.14	0.13049
GO:0043536	positive regulation of blood vessel endo...	6	1	0.14	0.13049
GO:0043921	modulation by host of viral transcriptio...	6	1	0.14	0.13049
GO:0045116	protein neddylation	6	1	0.14	0.13049
GO:0045576	mast cell activation	6	1	0.14	0.13049
GO:0046330	positive regulation of JNK cascade	6	1	0.14	0.13049
GO:0048525	negative regulation of viral process	6	1	0.14	0.13049
GO:0050434	positive regulation of viral transcripti...	6	1	0.14	0.13049
GO:0050686	negative regulation of mRNA processing	6	1	0.14	0.13049
GO:0052472	modulation by host of symbiont transcrip...	6	1	0.14	0.13049
GO:0055093	response to hyperoxia	6	1	0.14	0.13049
GO:0060256	regulation of flocculation	6	1	0.14	0.13049
GO:0060257	negative regulation of flocculation	6	1	0.14	0.13049
GO:0071489	cellular response to red or far red ligh...	6	1	0.14	0.13049
GO:0071684	organism emergence from protective struc...	6	1	0.14	0.13049
GO:1900460	negative regulation of invasive growth i...	6	1	0.14	0.13049
GO:1900462	negative regulation of pseudohyphal grow...	6	1	0.14	0.13049
GO:1901798	positive regulation of signal transducti...	6	1	0.14	0.13049
GO:1901984	negative regulation of protein acetylati...	6	1	0.14	0.13049
GO:1902175	regulation of oxidative stress-induced i...	6	1	0.14	0.13049
GO:1902253	regulation of intrinsic apoptotic signal...	6	1	0.14	0.13049
GO:1903146	regulation of autophagy of mitochondrion	6	1	0.14	0.13049
GO:1903428	positive regulation of reactive oxygen s...	6	1	0.14	0.13049
GO:1903576	response to L-arginine	6	1	0.14	0.13049
GO:1903651	positive regulation of cytoplasmic trans...	6	1	0.14	0.13049
GO:1903901	negative regulation of viral life cycle	6	1	0.14	0.13049
GO:2000218	negative regulation of invasive growth i...	6	1	0.14	0.13049
GO:2000757	negative regulation of peptidyl-lysine a...	6	1	0.14	0.13049
GO:0042147	retrograde transport, endosome to Golgi	55	3	1.27	0.13167
GO:0048563	post-embryonic animal organ morphogenesi...	55	3	1.27	0.13167
GO:1901215	negative regulation of neuron death	55	3	1.27	0.13167
GO:0017144	drug metabolic process	293	10	6.74	0.13170
GO:0009605	response to external stimulus	560	17	12.89	0.13264
GO:0003333	amino acid transmembrane transport	28	2	0.64	0.13476
GO:0043279	response to alkaloid	28	2	0.64	0.13476
GO:0099402	plant organ development	119	5	2.74	0.13700
GO:0070085	glycosylation	87	4	2	0.13865
GO:0061919	process utilizing autophagic mechanism	189	7	4.35	0.14166
GO:0009063	cellular amino acid catabolic process	57	3	1.31	0.14228
GO:2000026	regulation of multicellular organismal d...	298	10	6.86	0.14265
GO:0003012	muscle system process	29	2	0.67	0.14267
GO:0015696	ammonium transport	29	2	0.67	0.14267
GO:0051100	negative regulation of binding	29	2	0.67	0.14267
GO:2000134	negative regulation of G1/S transition o...	29	2	0.67	0.14267
GO:2001242	regulation of intrinsic apoptotic signal...	29	2	0.67	0.14267
GO:0051240	positive regulation of multicellular org...	190	7	4.37	0.14448
GO:0046686	response to cadmium ion	89	4	2.05	0.14711
GO:0022603	regulation of anatomical structure morph...	156	6	3.59	0.14737
GO:0001836	release of cytochrome c from mitochondri...	7	1	0.16	0.15054
GO:0002367	cytokine production involved in immune r...	7	1	0.16	0.15054
GO:0002718	regulation of cytokine production involv...	7	1	0.16	0.15054
GO:0002886	regulation of myeloid leukocyte mediated...	7	1	0.16	0.15054
GO:0003073	regulation of systemic arterial blood pr...	7	1	0.16	0.15054
GO:0006188	IMP biosynthetic process	7	1	0.16	0.15054
GO:0006189	'de novo' IMP biosynthetic process	7	1	0.16	0.15054
GO:0006207	'de novo' pyrimidine nucleobase biosynth...	7	1	0.16	0.15054
GO:0006482	protein demethylation	7	1	0.16	0.15054
GO:0006531	aspartate metabolic process	7	1	0.16	0.15054
GO:0007595	lactation	7	1	0.16	0.15054
GO:0008214	protein dealkylation	7	1	0.16	0.15054
GO:0009220	pyrimidine ribonucleotide biosynthetic p...	7	1	0.16	0.15054
GO:0010090	trichome morphogenesis	7	1	0.16	0.15054
GO:0010114	response to red light	7	1	0.16	0.15054
GO:0014009	glial cell proliferation	7	1	0.16	0.15054
GO:0016577	histone demethylation	7	1	0.16	0.15054
GO:0019400	alditol metabolic process	7	1	0.16	0.15054
GO:0019856	pyrimidine nucleobase biosynthetic proce...	7	1	0.16	0.15054
GO:0035066	positive regulation of histone acetylati...	7	1	0.16	0.15054
GO:0035722	interleukin-12-mediated signaling pathwa...	7	1	0.16	0.15054
GO:0035902	response to immobilization stress	7	1	0.16	0.15054
GO:0036166	phenotypic switching	7	1	0.16	0.15054
GO:0042220	response to cocaine	7	1	0.16	0.15054
GO:0042246	tissue regeneration	7	1	0.16	0.15054
GO:0042982	amyloid precursor protein metabolic proc...	7	1	0.16	0.15054
GO:0043102	amino acid salvage	7	1	0.16	0.15054
GO:0043123	positive regulation of I-kappaB kinase/N...	7	1	0.16	0.15054
GO:0043137	DNA replication, removal of RNA primer	7	1	0.16	0.15054
GO:0043649	dicarboxylic acid catabolic process	7	1	0.16	0.15054
GO:0045428	regulation of nitric oxide biosynthetic ...	7	1	0.16	0.15054
GO:0045901	positive regulation of translational elo...	7	1	0.16	0.15054
GO:0045920	negative regulation of exocytosis	7	1	0.16	0.15054
GO:0048661	positive regulation of smooth muscle cel...	7	1	0.16	0.15054
GO:0050435	amyloid-beta metabolic process	7	1	0.16	0.15054
GO:0050667	homocysteine metabolic process	7	1	0.16	0.15054
GO:0051455	attachment of spindle microtubules to ki...	7	1	0.16	0.15054
GO:0052312	modulation of transcription in other org...	7	1	0.16	0.15054
GO:0060631	regulation of meiosis I	7	1	0.16	0.15054
GO:0061064	negative regulation of nematode larval d...	7	1	0.16	0.15054
GO:0070671	response to interleukin-12	7	1	0.16	0.15054
GO:0070785	negative regulation of growth of unicell...	7	1	0.16	0.15054
GO:0071267	L-methionine salvage	7	1	0.16	0.15054
GO:0071349	cellular response to interleukin-12	7	1	0.16	0.15054
GO:0072583	clathrin-dependent endocytosis	7	1	0.16	0.15054
GO:0098917	retrograde trans-synaptic signaling	7	1	0.16	0.15054
GO:1902041	regulation of extrinsic apoptotic signal...	7	1	0.16	0.15054
GO:1902042	negative regulation of extrinsic apoptot...	7	1	0.16	0.15054
GO:1903670	regulation of sprouting angiogenesis	7	1	0.16	0.15054
GO:2000221	negative regulation of pseudohyphal grow...	7	1	0.16	0.15054
GO:0010508	positive regulation of autophagy	30	2	0.69	0.15069
GO:0032418	lysosome localization	30	2	0.69	0.15069
GO:0043523	regulation of neuron apoptotic process	30	2	0.69	0.15069
GO:1901568	fatty acid derivative metabolic process	30	2	0.69	0.15069
GO:1902807	negative regulation of cell cycle G1/S p...	30	2	0.69	0.15069
GO:0007420	brain development	90	4	2.07	0.15142
GO:0008283	cell proliferation	265	9	6.1	0.15184
GO:0034250	positive regulation of cellular amide me...	59	3	1.36	0.15317
GO:1902806	regulation of cell cycle G1/S phase tran...	59	3	1.36	0.15317
GO:0031401	positive regulation of protein modificat...	158	6	3.64	0.15378
GO:1901575	organic substance catabolic process	653	19	15.03	0.15510
GO:0031399	regulation of protein modification proce...	267	9	6.15	0.15681
GO:0001944	vasculature development	60	3	1.38	0.15872
GO:0006400	tRNA modification	60	3	1.38	0.15872
GO:0035107	appendage morphogenesis	60	3	1.38	0.15872
GO:0050769	positive regulation of neurogenesis	60	3	1.38	0.15872
GO:0006903	vesicle targeting	31	2	0.71	0.15879
GO:1905269	positive regulation of chromatin organiz...	31	2	0.71	0.15879
GO:1902533	positive regulation of intracellular sig...	92	4	2.12	0.16017
GO:2000058	regulation of ubiquitin-dependent protei...	92	4	2.12	0.16017
GO:0048193	Golgi vesicle transport	126	5	2.9	0.16245
GO:0098542	defense response to other organism	161	6	3.71	0.16363
GO:0006614	SRP-dependent cotranslational protein ta...	61	3	1.4	0.16432
GO:0009410	response to xenobiotic stimulus	61	3	1.4	0.16432
GO:0061061	muscle structure development	61	3	1.4	0.16432
GO:0030335	positive regulation of cell migration	32	2	0.74	0.16698
GO:0031397	negative regulation of protein ubiquitin...	32	2	0.74	0.16698
GO:0033013	tetrapyrrole metabolic process	32	2	0.74	0.16698
GO:0051402	neuron apoptotic process	32	2	0.74	0.16698
GO:0055072	iron ion homeostasis	32	2	0.74	0.16698
GO:0060070	canonical Wnt signaling pathway	32	2	0.74	0.16698
GO:0060828	regulation of canonical Wnt signaling pa...	32	2	0.74	0.16698
GO:0072089	stem cell proliferation	32	2	0.74	0.16698
GO:0009636	response to toxic substance	198	7	4.56	0.16795
GO:0000303	response to superoxide	8	1	0.18	0.17014
GO:0001938	positive regulation of endothelial cell ...	8	1	0.18	0.17014
GO:0006285	base-excision repair, AP site formation	8	1	0.18	0.17014
GO:0006768	biotin metabolic process	8	1	0.18	0.17014
GO:0007215	glutamate receptor signaling pathway	8	1	0.18	0.17014
GO:0007622	rhythmic behavior	8	1	0.18	0.17014
GO:0008631	intrinsic apoptotic signaling pathway in...	8	1	0.18	0.17014
GO:0009832	plant-type cell wall biogenesis	8	1	0.18	0.17014
GO:0010087	phloem or xylem histogenesis	8	1	0.18	0.17014
GO:0010374	stomatal complex development	8	1	0.18	0.17014
GO:0019184	nonribosomal peptide biosynthetic proces...	8	1	0.18	0.17014
GO:0019369	arachidonic acid metabolic process	8	1	0.18	0.17014
GO:0019430	removal of superoxide radicals	8	1	0.18	0.17014
GO:0021953	central nervous system neuron differenti...	8	1	0.18	0.17014
GO:0030520	intracellular estrogen receptor signalin...	8	1	0.18	0.17014
GO:0030838	positive regulation of actin filament po...	8	1	0.18	0.17014
GO:0031640	killing of cells of other organism	8	1	0.18	0.17014
GO:0035337	fatty-acyl-CoA metabolic process	8	1	0.18	0.17014
GO:0043534	blood vessel endothelial cell migration	8	1	0.18	0.17014
GO:0043535	regulation of blood vessel endothelial c...	8	1	0.18	0.17014
GO:0044364	disruption of cells of other organism	8	1	0.18	0.17014
GO:0045022	early endosome to late endosome transpor...	8	1	0.18	0.17014
GO:0046040	IMP metabolic process	8	1	0.18	0.17014
GO:0046174	polyol catabolic process	8	1	0.18	0.17014
GO:0048512	circadian behavior	8	1	0.18	0.17014
GO:0048520	positive regulation of behavior	8	1	0.18	0.17014
GO:0050866	negative regulation of cell activation	8	1	0.18	0.17014
GO:0051316	attachment of spindle microtubules to ki...	8	1	0.18	0.17014
GO:0051602	response to electrical stimulus	8	1	0.18	0.17014
GO:0060628	regulation of ER to Golgi vesicle-mediat...	8	1	0.18	0.17014
GO:0061512	protein localization to cilium	8	1	0.18	0.17014
GO:0071450	cellular response to oxygen radical	8	1	0.18	0.17014
GO:0071451	cellular response to superoxide	8	1	0.18	0.17014
GO:0097006	regulation of plasma lipoprotein particl...	8	1	0.18	0.17014
GO:1901985	positive regulation of protein acetylati...	8	1	0.18	0.17014
GO:1903649	regulation of cytoplasmic transport	8	1	0.18	0.17014
GO:2000234	positive regulation of rRNA processing	8	1	0.18	0.17014
GO:2000379	positive regulation of reactive oxygen s...	8	1	0.18	0.17014
GO:2000758	positive regulation of peptidyl-lysine a...	8	1	0.18	0.17014
GO:0031328	positive regulation of cellular biosynth...	348	11	8.01	0.17097
GO:0001934	positive regulation of protein phosphory...	95	4	2.19	0.17365
GO:0060322	head development	95	4	2.19	0.17365
GO:0016570	histone modification	164	6	3.77	0.17374
GO:0043200	response to amino acid	33	2	0.76	0.17524
GO:0043405	regulation of MAP kinase activity	33	2	0.76	0.17524
GO:0043603	cellular amide metabolic process	466	14	10.73	0.17528
GO:0006613	cotranslational protein targeting to mem...	63	3	1.45	0.17571
GO:0048284	organelle fusion	63	3	1.45	0.17571
GO:0048736	appendage development	63	3	1.45	0.17571
GO:0061025	membrane fusion	63	3	1.45	0.17571
GO:1901565	organonitrogen compound catabolic proces...	389	12	8.95	0.17697
GO:1901564	organonitrogen compound metabolic proces...	1721	44	39.61	0.17981
GO:0006520	cellular amino acid metabolic process	202	7	4.65	0.18031
GO:0016569	covalent chromatin modification	166	6	3.82	0.18063
GO:0001666	response to hypoxia	64	3	1.47	0.18148
GO:0006304	DNA modification	34	2	0.78	0.18356
GO:0006855	drug transmembrane transport	34	2	0.78	0.18356
GO:0006865	amino acid transport	34	2	0.78	0.18356
GO:0008544	epidermis development	34	2	0.78	0.18356
GO:0061351	neural precursor cell proliferation	34	2	0.78	0.18356
GO:2000147	positive regulation of cell motility	34	2	0.78	0.18356
GO:0007165	signal transduction	710	20	16.34	0.18385
GO:0048707	instar larval or pupal morphogenesis	65	3	1.5	0.18731
GO:0051962	positive regulation of nervous system de...	65	3	1.5	0.18731
GO:0016054	organic acid catabolic process	98	4	2.26	0.18752
GO:0046395	carboxylic acid catabolic process	98	4	2.26	0.18752
GO:0000305	response to oxygen radical	9	1	0.21	0.18929
GO:0001936	regulation of endothelial cell prolifera...	9	1	0.21	0.18929
GO:0002685	regulation of leukocyte migration	9	1	0.21	0.18929
GO:0006560	proline metabolic process	9	1	0.21	0.18929
GO:0009867	jasmonic acid mediated signaling pathway	9	1	0.21	0.18929
GO:0010595	positive regulation of endothelial cell ...	9	1	0.21	0.18929
GO:0019627	urea metabolic process	9	1	0.21	0.18929
GO:0030856	regulation of epithelial cell differenti...	9	1	0.21	0.18929
GO:0032874	positive regulation of stress-activated ...	9	1	0.21	0.18929
GO:0033567	DNA replication, Okazaki fragment proces...	9	1	0.21	0.18929
GO:0035094	response to nicotine	9	1	0.21	0.18929
GO:0035315	hair cell differentiation	9	1	0.21	0.18929
GO:0036244	cellular response to neutral pH	9	1	0.21	0.18929
GO:0042723	thiamine-containing compound metabolic p...	9	1	0.21	0.18929
GO:0043122	regulation of I-kappaB kinase/NF-kappaB ...	9	1	0.21	0.18929
GO:0045604	regulation of epidermal cell differentia...	9	1	0.21	0.18929
GO:0045682	regulation of epidermis development	9	1	0.21	0.18929
GO:0046461	neutral lipid catabolic process	9	1	0.21	0.18929
GO:0046464	acylglycerol catabolic process	9	1	0.21	0.18929
GO:0046654	tetrahydrofolate biosynthetic process	9	1	0.21	0.18929
GO:0048762	mesenchymal cell differentiation	9	1	0.21	0.18929
GO:0051153	regulation of striated muscle cell diffe...	9	1	0.21	0.18929
GO:0060258	negative regulation of filamentous growt...	9	1	0.21	0.18929
GO:0070304	positive regulation of stress-activated ...	9	1	0.21	0.18929
GO:1900429	negative regulation of filamentous growt...	9	1	0.21	0.18929
GO:1903305	regulation of regulated secretory pathwa...	9	1	0.21	0.18929
GO:1904019	epithelial cell apoptotic process	9	1	0.21	0.18929
GO:1904035	regulation of epithelial cell apoptotic ...	9	1	0.21	0.18929
GO:2000220	regulation of pseudohyphal growth	9	1	0.21	0.18929
GO:0010562	positive regulation of phosphorus metabo...	133	5	3.06	0.18969
GO:0045937	positive regulation of phosphate metabol...	133	5	3.06	0.18969
GO:0009891	positive regulation of biosynthetic proc...	356	11	8.19	0.19009
GO:0009658	chloroplast organization	35	2	0.81	0.19194
GO:0030177	positive regulation of Wnt signaling pat...	35	2	0.81	0.19194
GO:0050792	regulation of viral process	35	2	0.81	0.19194
GO:0061136	regulation of proteasomal protein catabo...	99	4	2.28	0.19222
GO:0043543	protein acylation	66	3	1.52	0.19319
GO:0009451	RNA modification	100	4	2.3	0.19696
GO:0010506	regulation of autophagy	100	4	2.3	0.19696
GO:0035295	tube development	171	6	3.94	0.19833
GO:0006766	vitamin metabolic process	67	3	1.54	0.19911
GO:0007552	metamorphosis	67	3	1.54	0.19911
GO:0014074	response to purine-containing compound	67	3	1.54	0.19911
GO:0035220	wing disc development	67	3	1.54	0.19911
GO:0043648	dicarboxylic acid metabolic process	67	3	1.54	0.19911
GO:1901214	regulation of neuron death	67	3	1.54	0.19911
GO:0006508	proteolysis	399	12	9.18	0.20024
GO:0042133	neurotransmitter metabolic process	36	2	0.83	0.20038
GO:0045926	negative regulation of growth	36	2	0.83	0.20038
GO:0140056	organelle localization by membrane tethe...	36	2	0.83	0.20038
GO:1903321	negative regulation of protein modificat...	36	2	0.83	0.20038
GO:0015980	energy derivation by oxidation of organi...	101	4	2.32	0.20173
GO:0018205	peptidyl-lysine modification	136	5	3.13	0.20185
GO:0009653	anatomical structure morphogenesis	559	16	12.87	0.20374
GO:0050832	defense response to fungus	68	3	1.57	0.20508
GO:1902531	regulation of intracellular signal trans...	173	6	3.98	0.20559
GO:0043412	macromolecule modification	929	25	21.38	0.20761
GO:0002040	sprouting angiogenesis	10	1	0.23	0.20800
GO:0002698	negative regulation of immune effector p...	10	1	0.23	0.20800
GO:0006959	humoral immune response	10	1	0.23	0.20800
GO:0007020	microtubule nucleation	10	1	0.23	0.20800
GO:0007588	excretion	10	1	0.23	0.20800
GO:0007589	body fluid secretion	10	1	0.23	0.20800
GO:0008625	extrinsic apoptotic signaling pathway vi...	10	1	0.23	0.20800
GO:0009561	megagametogenesis	10	1	0.23	0.20800
GO:0030437	ascospore formation	10	1	0.23	0.20800
GO:0031062	positive regulation of histone methylati...	10	1	0.23	0.20800
GO:0035510	DNA dealkylation	10	1	0.23	0.20800
GO:0036177	filamentous growth of a population of un...	10	1	0.23	0.20800
GO:0036178	filamentous growth of a population of un...	10	1	0.23	0.20800
GO:0036296	response to increased oxygen levels	10	1	0.23	0.20800
GO:0042744	hydrogen peroxide catabolic process	10	1	0.23	0.20800
GO:0045598	regulation of fat cell differentiation	10	1	0.23	0.20800
GO:0046460	neutral lipid biosynthetic process	10	1	0.23	0.20800
GO:0046463	acylglycerol biosynthetic process	10	1	0.23	0.20800
GO:0046503	glycerolipid catabolic process	10	1	0.23	0.20800
GO:0050886	endocrine process	10	1	0.23	0.20800
GO:0051092	positive regulation of NF-kappaB transcr...	10	1	0.23	0.20800
GO:0070734	histone H3-K27 methylation	10	1	0.23	0.20800
GO:0071395	cellular response to jasmonic acid stimu...	10	1	0.23	0.20800
GO:0071732	cellular response to nitric oxide	10	1	0.23	0.20800
GO:0071941	nitrogen cycle metabolic process	10	1	0.23	0.20800
GO:0022406	membrane docking	37	2	0.85	0.20886
GO:0036293	response to decreased oxygen levels	69	3	1.59	0.21109
GO:0072358	cardiovascular system development	69	3	1.59	0.21109
GO:0010817	regulation of hormone levels	104	4	2.39	0.21627
GO:0016197	endosomal transport	104	4	2.39	0.21627
GO:0001558	regulation of cell growth	70	3	1.61	0.21714
GO:0032386	regulation of intracellular transport	70	3	1.61	0.21714
GO:0070997	neuron death	70	3	1.61	0.21714
GO:0008333	endosome to lysosome transport	38	2	0.87	0.21737
GO:0034976	response to endoplasmic reticulum stress	140	5	3.22	0.21847
GO:0098656	anion transmembrane transport	105	4	2.42	0.22118
GO:0009620	response to fungus	71	3	1.63	0.22323
GO:1902275	regulation of chromatin organization	71	3	1.63	0.22323
GO:0007399	nervous system development	330	10	7.6	0.22333
GO:0002683	negative regulation of immune system pro...	39	2	0.9	0.22592
GO:0003013	circulatory system process	39	2	0.9	0.22592
GO:0008015	blood circulation	39	2	0.9	0.22592
GO:0009069	serine family amino acid metabolic proce...	39	2	0.9	0.22592
GO:0034968	histone lysine methylation	39	2	0.9	0.22592
GO:0042303	molting cycle	39	2	0.9	0.22592
GO:0043410	positive regulation of MAPK cascade	39	2	0.9	0.22592
GO:0043901	negative regulation of multi-organism pr...	39	2	0.9	0.22592
GO:0043903	regulation of symbiosis, encompassing mu...	39	2	0.9	0.22592
GO:0051272	positive regulation of cellular componen...	39	2	0.9	0.22592
GO:0007034	vacuolar transport	106	4	2.44	0.22613
GO:0051093	negative regulation of developmental pro...	106	4	2.44	0.22613
GO:1903050	regulation of proteolysis involved in ce...	106	4	2.44	0.22613
GO:1903362	regulation of cellular protein catabolic...	106	4	2.44	0.22613
GO:0001935	endothelial cell proliferation	11	1	0.25	0.22628
GO:0006526	arginine biosynthetic process	11	1	0.25	0.22628
GO:0006809	nitric oxide biosynthetic process	11	1	0.25	0.22628
GO:0007124	pseudohyphal growth	11	1	0.25	0.22628
GO:0007249	I-kappaB kinase/NF-kappaB signaling	11	1	0.25	0.22628
GO:0009630	gravitropism	11	1	0.25	0.22628
GO:0009860	pollen tube growth	11	1	0.25	0.22628
GO:0009926	auxin polar transport	11	1	0.25	0.22628
GO:0009933	meristem structural organization	11	1	0.25	0.22628
GO:0010042	response to manganese ion	11	1	0.25	0.22628
GO:0010594	regulation of endothelial cell migration	11	1	0.25	0.22628
GO:0010634	positive regulation of epithelial cell m...	11	1	0.25	0.22628
GO:0010656	negative regulation of muscle cell apopt...	11	1	0.25	0.22628
GO:0015804	neutral amino acid transport	11	1	0.25	0.22628
GO:0035567	non-canonical Wnt signaling pathway	11	1	0.25	0.22628
GO:0036176	response to neutral pH	11	1	0.25	0.22628
GO:0043392	negative regulation of DNA binding	11	1	0.25	0.22628
GO:0045911	positive regulation of DNA recombination	11	1	0.25	0.22628
GO:0046164	alcohol catabolic process	11	1	0.25	0.22628
GO:0046653	tetrahydrofolate metabolic process	11	1	0.25	0.22628
GO:0070317	negative regulation of G0 to G1 transiti...	11	1	0.25	0.22628
GO:0090070	positive regulation of ribosome biogenes...	11	1	0.25	0.22628
GO:0098927	vesicle-mediated transport between endos...	11	1	0.25	0.22628
GO:1903202	negative regulation of oxidative stress-...	11	1	0.25	0.22628
GO:2001244	positive regulation of intrinsic apoptot...	11	1	0.25	0.22628
GO:0031329	regulation of cellular catabolic process	254	8	5.85	0.22661
GO:0008033	tRNA processing	72	3	1.66	0.22935
GO:0009886	post-embryonic animal morphogenesis	72	3	1.66	0.22935
GO:0010720	positive regulation of cell development	72	3	1.66	0.22935
GO:0016241	regulation of macroautophagy	72	3	1.66	0.22935
GO:0045596	negative regulation of cell differentiat...	72	3	1.66	0.22935
GO:0007417	central nervous system development	107	4	2.46	0.23110
GO:0031400	negative regulation of protein modificat...	107	4	2.46	0.23110
GO:0034097	response to cytokine	143	5	3.29	0.23122
GO:0006511	ubiquitin-dependent protein catabolic pr...	218	7	5.02	0.23336
GO:0007015	actin filament organization	40	2	0.92	0.23449
GO:0009908	flower development	40	2	0.92	0.23449
GO:0043161	proteasome-mediated ubiquitin-dependent ...	182	6	4.19	0.23943
GO:0019941	modification-dependent protein catabolic...	220	7	5.06	0.24035
GO:0010557	positive regulation of macromolecule bio...	297	9	6.84	0.24044
GO:0040007	growth	297	9	6.84	0.24044
GO:0045047	protein targeting to ER	74	3	1.7	0.24170
GO:0048569	post-embryonic animal organ development	74	3	1.7	0.24170
GO:0006906	vesicle fusion	41	2	0.94	0.24309
GO:0032956	regulation of actin cytoskeleton organiz...	41	2	0.94	0.24309
GO:0042391	regulation of membrane potential	41	2	0.94	0.24309
GO:0048872	homeostasis of number of cells	41	2	0.94	0.24309
GO:0090567	reproductive shoot system development	41	2	0.94	0.24309
GO:0000266	mitochondrial fission	12	1	0.28	0.24415
GO:0006534	cysteine metabolic process	12	1	0.28	0.24415
GO:0009074	aromatic amino acid family catabolic pro...	12	1	0.28	0.24415
GO:0009403	toxin biosynthetic process	12	1	0.28	0.24415
GO:0009635	response to herbicide	12	1	0.28	0.24415
GO:0010026	trichome differentiation	12	1	0.28	0.24415
GO:0019755	one-carbon compound transport	12	1	0.28	0.24415
GO:0021987	cerebral cortex development	12	1	0.28	0.24415
GO:0032273	positive regulation of protein polymeriz...	12	1	0.28	0.24415
GO:0032922	circadian regulation of gene expression	12	1	0.28	0.24415
GO:0042306	regulation of protein import into nucleu...	12	1	0.28	0.24415
GO:0045023	G0 to G1 transition	12	1	0.28	0.24415
GO:0046134	pyrimidine nucleoside biosynthetic proce...	12	1	0.28	0.24415
GO:0046328	regulation of JNK cascade	12	1	0.28	0.24415
GO:0048280	vesicle fusion with Golgi apparatus	12	1	0.28	0.24415
GO:0050679	positive regulation of epithelial cell p...	12	1	0.28	0.24415
GO:0051702	interaction with symbiont	12	1	0.28	0.24415
GO:0051851	modification by host of symbiont morphol...	12	1	0.28	0.24415
GO:0060918	auxin transport	12	1	0.28	0.24415
GO:0070316	regulation of G0 to G1 transition	12	1	0.28	0.24415
GO:0071539	protein localization to centrosome	12	1	0.28	0.24415
GO:0071669	plant-type cell wall organization or bio...	12	1	0.28	0.24415
GO:0097711	ciliary basal body-plasma membrane docki...	12	1	0.28	0.24415
GO:1900408	negative regulation of cellular response...	12	1	0.28	0.24415
GO:1902692	regulation of neuroblast proliferation	12	1	0.28	0.24415
GO:1903426	regulation of reactive oxygen species bi...	12	1	0.28	0.24415
GO:1904667	negative regulation of ubiquitin protein...	12	1	0.28	0.24415
GO:2000232	regulation of rRNA processing	12	1	0.28	0.24415
GO:0016236	macroautophagy	146	5	3.36	0.24418
GO:1901137	carbohydrate derivative biosynthetic pro...	260	8	5.98	0.24598
GO:0035239	tube morphogenesis	110	4	2.53	0.24618
GO:0048589	developmental growth	184	6	4.24	0.24718
GO:0050896	response to stimulus	1764	44	40.6	0.24746
