GO:0014002	0.00097
GO:0048708	0.00097
GO:0043171	0.00132
GO:0050821	0.00168
GO:0009314	0.00182
GO:0051093	0.00215
GO:0090287	0.00223
GO:0006303	0.00236
GO:0009416	0.00365
GO:0045476	0.00389
GO:0045477	0.00389
GO:0048147	0.00389
GO:0019432	0.00419
GO:2001233	0.00433
GO:0008630	0.00452
GO:1902175	0.00461
GO:0006638	0.00546
GO:0006639	0.00546
GO:0009411	0.00565
GO:0043270	0.00575
GO:0009108	0.00588
GO:0000726	0.00594
GO:1902969	0.00594
GO:0033260	0.00608
GO:0071559	0.00628
GO:0071560	0.00628
GO:0007179	0.00735
GO:0050680	0.00748
GO:2001235	0.00874
GO:0006047	0.00991
GO:0045923	0.00991
GO:0010165	0.01018
GO:0017015	0.01018
GO:1903844	0.01018
GO:1905039	0.01067
GO:0000393	0.01220
GO:0051347	0.01279
GO:0007176	0.01281
GO:0042816	0.01281
GO:1902742	0.01281
GO:1903749	0.01281
GO:0034220	0.01310
GO:0031647	0.01322
GO:0006732	0.01336
GO:0006749	0.01363
GO:0034767	0.01363
GO:0006040	0.01412
GO:0044283	0.01456
GO:0031398	0.01514
GO:0043928	0.01514
GO:0043488	0.01541
GO:0006030	0.01557
GO:0007216	0.01557
GO:0008655	0.01557
GO:0031641	0.01557
GO:0033301	0.01557
GO:0038171	0.01557
GO:0042822	0.01557
GO:0042823	0.01557
GO:0046340	0.01557
GO:0048286	0.01557
GO:0051571	0.01557
GO:0071825	0.01557
GO:0071926	0.01557
GO:0098920	0.01557
GO:0098921	0.01557
GO:0099541	0.01557
GO:0099542	0.01557
GO:1904748	0.01557
GO:0000186	0.01560
GO:0000389	0.01560
GO:0009443	0.01560
GO:0009694	0.01560
GO:0010573	0.01560
GO:0010574	0.01560
GO:0010826	0.01560
GO:0010867	0.01560
GO:0015677	0.01560
GO:0033158	0.01560
GO:0042659	0.01560
GO:0046348	0.01560
GO:0046606	0.01560
GO:0050820	0.01560
GO:0061180	0.01560
GO:0061900	0.01560
GO:0150076	0.01560
GO:1900409	0.01560
GO:1901021	0.01560
GO:1903463	0.01560
GO:1990000	0.01560
GO:2001259	0.01560
GO:0048580	0.01623
GO:0006260	0.01657
GO:0007219	0.01692
GO:1903825	0.01692
GO:0000076	0.01710
GO:0042552	0.01710
GO:0044786	0.01863
GO:0001302	0.01909
GO:0030323	0.01909
GO:0030324	0.01909
GO:2000104	0.01909
GO:0098656	0.01941
GO:0097190	0.01951
GO:0010224	0.01959
GO:0031062	0.01959
GO:0034085	0.01959
GO:0046460	0.01959
GO:0046463	0.01959
GO:0006641	0.02032
GO:1901568	0.02113
GO:1901575	0.02118
GO:0007405	0.02121
GO:0008156	0.02121
GO:0045860	0.02222
GO:0045596	0.02245
GO:0032988	0.02409
GO:0042755	0.02409
GO:0048144	0.02409
GO:0048145	0.02409
GO:0071480	0.02409
GO:0097193	0.02490
GO:0017038	0.02622
GO:0007272	0.02686
GO:0008366	0.02686
GO:0032201	0.02686
GO:0035384	0.02686
GO:0070481	0.02686
GO:0071616	0.02686
GO:0006275	0.02698
GO:0000349	0.02717
GO:0007215	0.02717
GO:0008631	0.02717
GO:0019369	0.02717
GO:0032892	0.02717
GO:0035337	0.02717
GO:0042307	0.02717
GO:0046184	0.02717
GO:0048443	0.02717
GO:0048466	0.02717
GO:1901071	0.02717
GO:0006508	0.02730
GO:0006855	0.02750
GO:0061351	0.02750
GO:0006839	0.02798
GO:0009657	0.02867
GO:0006081	0.02890
GO:0010332	0.02890
GO:0043279	0.02890
GO:0003015	0.02922
GO:0060047	0.02922
GO:1903508	0.02970
GO:1901565	0.02993
GO:0060541	0.03090
GO:0007568	0.03154
GO:0033674	0.03249
GO:1902680	0.03272
GO:0009628	0.03318
GO:0000398	0.03360
GO:0051603	0.03394
GO:0072524	0.03404
GO:0000060	0.03413
GO:0021782	0.03413
GO:0046339	0.03413
GO:1903998	0.03413
GO:0006486	0.03519
GO:0043413	0.03519
GO:0009658	0.03561
GO:0044743	0.03561
GO:0043487	0.03709
GO:0051402	0.03709
GO:0002286	0.03750
GO:0006048	0.03750
GO:0006825	0.03750
GO:0031938	0.03750
GO:0034087	0.03750
GO:0042819	0.03750
GO:0045041	0.03750
GO:0045445	0.03750
GO:0046349	0.03750
GO:0051928	0.03750
GO:0051957	0.03750
GO:0097695	0.03750
GO:2000678	0.03750
GO:0032456	0.03800
GO:0048581	0.03800
GO:0051052	0.03831
GO:0071902	0.03848
GO:0000075	0.03906
GO:0051241	0.03916
GO:0009100	0.03937
GO:0051443	0.03989
GO:0033559	0.04029
GO:0090092	0.04029
GO:0000083	0.04051
GO:0008016	0.04051
GO:0010623	0.04051
GO:0051972	0.04051
GO:1900407	0.04051
GO:0030900	0.04070
GO:0045893	0.04325
GO:0055085	0.04367
GO:0031396	0.04424
GO:0010557	0.04431
GO:0031401	0.04745
GO:0009581	0.04765
GO:2000241	0.04791
GO:0070085	0.04829
GO:0030163	0.04855
GO:0015800	0.04875
GO:0032411	0.04875
GO:0032414	0.04875
GO:0043050	0.04875
GO:0043331	0.04875
GO:0046461	0.04875
GO:0046464	0.04875
GO:0051954	0.04875
GO:0071359	0.04875
GO:1903793	0.04875
GO:0050793	0.04975
GO:0000291	0.04995
GO:0043523	0.04995
