GO:0000278	7.2e-11
GO:0007049	9.0e-11
GO:1903047	9.4e-11
GO:0022402	1.2e-10
GO:0007059	1.2e-09
GO:0000280	3.0e-09
GO:0000819	8.3e-09
GO:0048285	1.1e-08
GO:0098813	1.4e-08
GO:0140014	1.5e-08
GO:0000070	1.9e-08
GO:0044770	8.4e-08
GO:0051983	9.6e-08
GO:0051304	2.1e-07
GO:0044772	2.3e-07
GO:0051306	2.6e-07
GO:0051783	4.0e-07
GO:0045840	4.6e-07
GO:0033045	4.7e-07
GO:0007088	7.5e-07
GO:0051276	7.6e-07
GO:0045931	9.3e-07
GO:0051225	1.4e-06
GO:0051984	1.4e-06
GO:0062033	1.4e-06
GO:0033047	2.3e-06
GO:0010564	3.6e-06
GO:0051785	3.9e-06
GO:0007051	4.7e-06
GO:0044403	6.3e-06
GO:0007091	7.2e-06
GO:0030071	7.2e-06
GO:1902850	7.3e-06
GO:0045842	8.0e-06
GO:1901970	8.0e-06
GO:0007346	8.6e-06
GO:0010965	1.1e-05
GO:0051231	1.1e-05
GO:0051301	1.2e-05
GO:0046903	1.3e-05
GO:1901987	1.4e-05
GO:0006259	1.4e-05
GO:0033044	1.6e-05
GO:0044784	1.6e-05
GO:1902099	1.6e-05
GO:1901992	2.2e-05
GO:0007052	2.3e-05
GO:1905818	2.4e-05
GO:1902101	2.5e-05
GO:1905820	2.5e-05
GO:0032506	2.8e-05
GO:0090068	3.0e-05
GO:0051179	3.3e-05
GO:1901990	3.4e-05
GO:0051726	3.4e-05
GO:0090307	3.7e-05
GO:1903532	5.0e-05
GO:0033043	5.1e-05
GO:0032940	6.5e-05
GO:0051321	7.1e-05
GO:0051781	7.7e-05
GO:0044419	7.8e-05
GO:1901989	8.6e-05
GO:0009142	9.1e-05
GO:0051047	0.00011
GO:0031032	0.00012
GO:0051130	0.00012
GO:0061640	0.00013
GO:0022414	0.00013
GO:0045787	0.00014
GO:0016032	0.00014
GO:1903046	0.00014
GO:0051234	0.00015
GO:0016192	0.00015
GO:0006754	0.00016
GO:0000003	0.00017
GO:1902410	0.00018
GO:0061136	0.00019
GO:0032504	0.00019
GO:0031145	0.00021
GO:0007017	0.00023
GO:1902750	0.00024
GO:0009201	0.00030
GO:0009606	0.00030
GO:0009206	0.00031
GO:0000910	0.00034
GO:0030865	0.00037
GO:1901800	0.00040
GO:1903052	0.00040
GO:1903364	0.00040
GO:0048609	0.00040
GO:0009145	0.00040
GO:0044703	0.00043
GO:0070646	0.00043
GO:0022412	0.00044
GO:0051172	0.00047
GO:0032787	0.00049
GO:0006887	0.00049
GO:0051310	0.00049
GO:0051704	0.00050
GO:0051303	0.00053
GO:0140013	0.00053
GO:0032434	0.00056
GO:0019953	0.00059
GO:0007292	0.00060
GO:0009152	0.00061
GO:0010638	0.00061
GO:0000281	0.00062
GO:0008608	0.00063
GO:0003006	0.00065
GO:0090407	0.00066
GO:0051302	0.00067
GO:0045321	0.00068
GO:0016321	0.00070
GO:0001775	0.00074
GO:0051046	0.00082
GO:0051223	0.00082
GO:0044843	0.00084
GO:2001252	0.00084
GO:0007127	0.00087
GO:0016579	0.00088
GO:0032436	0.00088
GO:1901988	0.00091
GO:0006810	0.00091
GO:1903050	0.00094
GO:1903362	0.00094
GO:0009260	0.00098
GO:0046390	0.00098
GO:0032879	0.00099
GO:1901565	0.00099
GO:0002495	0.00099
GO:0002504	0.00099
GO:0019886	0.00099
GO:0044837	0.00099
GO:0050714	0.00099
GO:0007062	0.00103
GO:0070201	0.00104
GO:0090087	0.00104
GO:0070647	0.00105
GO:0006164	0.00109
GO:0030163	0.00109
GO:0019884	0.00111
GO:0032103	0.00111
GO:0045732	0.00114
GO:0030866	0.00118
GO:0005975	0.00121
GO:0046939	0.00121
GO:0042176	0.00131
GO:0048193	0.00141
GO:0006629	0.00148
GO:2000060	0.00148
GO:0002443	0.00159
GO:0000082	0.00160
GO:0030155	0.00167
GO:0010498	0.00168
GO:0006811	0.00173
GO:0032196	0.00174
GO:0090626	0.00174
GO:0050000	0.00174
GO:0051128	0.00176
GO:0002793	0.00177
GO:0007080	0.00177
GO:0048002	0.00177
GO:0034763	0.00181
GO:0051222	0.00190
GO:0045132	0.00195
GO:1901991	0.00196
GO:0009056	0.00205
GO:0007276	0.00206
GO:0048477	0.00211
GO:0072522	0.00213
GO:0007281	0.00214
GO:0031324	0.00216
GO:0061982	0.00218
GO:0046686	0.00220
GO:0032880	0.00223
GO:0006107	0.00228
GO:0051315	0.00228
GO:0070193	0.00228
GO:0010948	0.00238
GO:0007093	0.00240
GO:0006996	0.00242
GO:0006595	0.00250
GO:0006829	0.00250
GO:0009902	0.00250
GO:0009903	0.00250
GO:0019750	0.00250
GO:0030727	0.00250
GO:0048134	0.00250
GO:0048135	0.00250
GO:0051644	0.00250
GO:0051667	0.00250
GO:0009165	0.00250
GO:0019941	0.00252
GO:1904951	0.00253
GO:0016043	0.00255
GO:0045921	0.00265
GO:0002478	0.00265
GO:0006109	0.00272
GO:0019882	0.00272
GO:0050727	0.00272
GO:0000022	0.00272
GO:0006833	0.00272
GO:0007130	0.00272
GO:0050891	0.00272
GO:1903792	0.00272
GO:0006090	0.00274
GO:0098662	0.00277
GO:0044257	0.00284
GO:0044248	0.00284
GO:1901293	0.00290
GO:0019058	0.00304
GO:0008610	0.00313
GO:0006511	0.00318
GO:1902749	0.00324
GO:0007063	0.00332
GO:0030217	0.00332
GO:0031331	0.00334
GO:0051603	0.00344
GO:0006914	0.00345
GO:0044255	0.00369
GO:0007034	0.00371
GO:0043632	0.00374
GO:0006165	0.00380
GO:0009630	0.00386
GO:0032954	0.00386
GO:0042044	0.00386
GO:0045835	0.00386
GO:0046631	0.00386
GO:1902412	0.00386
GO:1903436	0.00386
GO:0045930	0.00395
GO:0032465	0.00396
GO:0042110	0.00396
GO:0010038	0.00398
GO:0002449	0.00399
GO:0007143	0.00399
GO:0040020	0.00399
GO:0006644	0.00402
GO:2000058	0.00402
GO:0010972	0.00406
GO:0046031	0.00406
GO:0007338	0.00408
GO:0009127	0.00412
GO:0009168	0.00412
GO:0062013	0.00429
GO:0043161	0.00440
GO:0051049	0.00444
GO:1901137	0.00444
GO:1903530	0.00461
GO:0007265	0.00463
GO:0007041	0.00475
GO:0040012	0.00496
GO:0008333	0.00497
GO:0046825	0.00498
GO:0060236	0.00498
GO:0071168	0.00498
GO:0090224	0.00498
GO:0006650	0.00504
GO:0009896	0.00508
GO:0034220	0.00508
GO:0042326	0.00518
GO:0009124	0.00521
GO:0002791	0.00521
GO:0072330	0.00525
GO:0051050	0.00529
GO:0048522	0.00533
GO:0006812	0.00547
GO:0000338	0.00554
GO:0110020	0.00554
GO:0009566	0.00562
GO:0010016	0.00568
GO:0046887	0.00568
GO:0051447	0.00568
GO:1901983	0.00568
GO:2000756	0.00568
GO:0009132	0.00569
GO:0072665	0.00575
GO:0032101	0.00583
GO:0009308	0.00588
GO:0044106	0.00588
GO:0048518	0.00588
GO:0006096	0.00607
GO:0006757	0.00607
GO:0006862	0.00613
GO:0019693	0.00614
GO:0050708	0.00620
GO:0051656	0.00637
GO:0044839	0.00641
GO:0009156	0.00646
GO:0061919	0.00655
GO:0009185	0.00672
GO:0043903	0.00672
GO:0051784	0.00672
GO:0048469	0.00677
GO:0055085	0.00678
GO:0008654	0.00702
GO:0019637	0.00704
GO:0000226	0.00718
GO:0002283	0.00719
GO:0002446	0.00719
GO:0009166	0.00719
GO:0036230	0.00719
GO:0042119	0.00719
GO:0043312	0.00719
GO:0072666	0.00744
GO:0034766	0.00749
GO:0010035	0.00754
GO:0009259	0.00758
GO:0002366	0.00761
GO:1901575	0.00777
GO:0002456	0.00777
GO:0045580	0.00777
GO:0045619	0.00777
GO:0046634	0.00777
GO:0051255	0.00777
GO:0060631	0.00777
GO:1904668	0.00777
GO:2000736	0.00777
GO:0009135	0.00779
GO:0009179	0.00779
GO:0035966	0.00785
GO:0043299	0.00799
GO:0045786	0.00811
GO:0098660	0.00819
GO:0009150	0.00823
GO:0051788	0.00829
GO:0002790	0.00851
GO:0016050	0.00857
GO:0035065	0.00861
GO:0070206	0.00861
GO:0042866	0.00874
GO:0045143	0.00874
GO:0071702	0.00888
GO:0043902	0.00892
GO:0000212	0.00908
GO:0050863	0.00913
GO:0002263	0.00916
GO:0098655	0.00941
GO:1901135	0.00947
GO:2000241	0.00959
GO:0071695	0.00974
GO:0062012	0.00978
GO:0034654	0.00983
GO:0007264	0.00991
GO:0046649	0.00991
GO:0031327	0.01010
GO:0071103	0.01022
GO:0006110	0.01027
GO:0007266	0.01027
GO:0010676	0.01027
GO:0015939	0.01027
GO:0030811	0.01027
GO:0032024	0.01027
GO:0032088	0.01027
GO:0032197	0.01027
GO:0044788	0.01027
GO:0044794	0.01027
GO:0051238	0.01027
GO:0070262	0.01027
GO:0072520	0.01027
GO:1901994	0.01027
GO:1902103	0.01027
GO:1902407	0.01027
GO:1903475	0.01027
GO:1903960	0.01027
GO:1905133	0.01027
GO:0006515	0.01058
GO:1902600	0.01061
GO:0009306	0.01067
GO:0048869	0.01081
GO:0002275	0.01097
GO:0002444	0.01097
GO:0016052	0.01102
GO:0051701	0.01111
GO:0006533	0.01120
GO:0006596	0.01120
GO:0006882	0.01120
GO:0007105	0.01120
GO:0007342	0.01120
GO:0008216	0.01120
GO:0009638	0.01120
GO:0009904	0.01120
GO:0010103	0.01120
GO:0010148	0.01120
GO:0010359	0.01120
GO:0010375	0.01120
GO:0019626	0.01120
GO:0032720	0.01120
GO:0035268	0.01120
GO:0035269	0.01120
GO:0043149	0.01120
GO:0043485	0.01120
GO:0045828	0.01120
GO:0048142	0.01120
GO:0048757	0.01120
GO:0051256	0.01120
GO:0055069	0.01120
GO:0071577	0.01120
GO:0071851	0.01120
GO:1901562	0.01120
GO:1903335	0.01120
GO:1903556	0.01120
GO:1990151	0.01120
GO:0000912	0.01126
GO:0000915	0.01126
GO:0007020	0.01126
GO:0010971	0.01126
GO:0071395	0.01126
GO:0090169	0.01126
GO:1901673	0.01126
GO:1902751	0.01126
GO:0007283	0.01143
GO:0008299	0.01143
GO:0090558	0.01143
GO:0097352	0.01143
GO:0006323	0.01164
GO:0051259	0.01204
GO:0033865	0.01224
GO:0033875	0.01224
GO:0034032	0.01224
GO:0009894	0.01225
GO:0046822	0.01225
GO:0051307	0.01225
GO:1903900	0.01225
GO:0031329	0.01232
GO:0032269	0.01241
GO:0015711	0.01253
GO:0045841	0.01301
GO:1902100	0.01301
GO:1905819	0.01301
GO:2000816	0.01301
GO:0048232	0.01304
GO:0046486	0.01305
GO:0030104	0.01313
GO:0009890	0.01336
GO:0002274	0.01339
GO:0034502	0.01359
GO:0051017	0.01362
GO:0061572	0.01362
GO:0010639	0.01387
GO:0000916	0.01390
GO:0009629	0.01390
GO:0036213	0.01390
GO:0051248	0.01395
GO:0002460	0.01397
GO:0015865	0.01397
GO:0071824	0.01404
GO:0033046	0.01410
GO:0051640	0.01463
GO:0010563	0.01464
GO:0045936	0.01464
GO:0065008	0.01472
GO:0009117	0.01493
GO:0010389	0.01535
GO:0002694	0.01540
GO:0006334	0.01540
GO:0009826	0.01540
GO:0033048	0.01540
GO:0006260	0.01591
GO:0016236	0.01617
GO:0000075	0.01621
GO:0010558	0.01631
GO:0061024	0.01640
GO:0015748	0.01669
GO:0019827	0.01669
GO:0071218	0.01675
GO:0043687	0.01680
GO:0000290	0.01693
GO:0006269	0.01693
GO:0006768	0.01693
GO:0010374	0.01693
GO:0032410	0.01693
GO:0035088	0.01693
GO:0051316	0.01693
GO:0060628	0.01693
GO:0070979	0.01693
GO:0071705	0.01706
GO:0007131	0.01720
GO:0035825	0.01720
GO:0043254	0.01761
GO:0009057	0.01804
GO:0007064	0.01810
GO:0019362	0.01818
GO:0046496	0.01818
GO:0048584	0.01821
GO:2001251	0.01843
GO:0010565	0.01845
GO:0044092	0.01850
GO:0034728	0.01883
GO:0008104	0.01898
GO:0016567	0.01910
GO:0006623	0.01916
GO:0051641	0.01934
GO:0031577	0.01938
GO:0071174	0.01938
GO:2001169	0.01938
GO:0031399	0.01944
GO:0007163	0.01944
GO:1901292	0.01947
GO:0006732	0.01965
GO:0006753	0.01969
GO:0006163	0.01997
GO:0006897	0.02004
GO:0009860	0.02014
GO:0034086	0.02014
GO:0035493	0.02014
GO:0045176	0.02014
GO:0061462	0.02014
GO:0090559	0.02014
GO:1905330	0.02014
GO:0045839	0.02035
GO:0051651	0.02035
GO:0006888	0.02040
GO:0001933	0.02040
GO:0002250	0.02047
GO:0006576	0.02047
GO:0007040	0.02047
GO:0051293	0.02047
GO:0051653	0.02047
GO:0080171	0.02047
GO:0019438	0.02063
GO:0046434	0.02069
GO:0046824	0.02121
GO:1901679	0.02121
GO:0043900	0.02126
GO:0048532	0.02127
GO:0048868	0.02127
GO:0051668	0.02127
GO:0061448	0.02127
GO:1902975	0.02127
GO:0006909	0.02134
GO:0032509	0.02134
GO:0051445	0.02134
GO:0098727	0.02134
GO:0055086	0.02144
GO:0007018	0.02170
GO:0006733	0.02182
GO:0000086	0.02186
GO:0046488	0.02239
GO:0065004	0.02289
GO:0051985	0.02375
GO:1901264	0.02375
GO:0007623	0.02405
GO:0033260	0.02405
GO:0070192	0.02405
GO:0019220	0.02423
GO:0051174	0.02423
GO:0072521	0.02429
GO:0042325	0.02440
GO:0006066	0.02451
GO:2000145	0.02451
GO:0007032	0.02453
GO:0032984	0.02488
GO:0002709	0.02535
GO:0006828	0.02535
GO:0009757	0.02535
GO:0010091	0.02535
GO:0010255	0.02535
GO:0010528	0.02535
GO:0016119	0.02535
GO:0016120	0.02535
GO:0019747	0.02535
GO:0031291	0.02535
GO:0032466	0.02535
GO:0033077	0.02535
GO:0035103	0.02535
GO:0036099	0.02535
GO:0043470	0.02535
GO:0043954	0.02535
GO:0045913	0.02535
GO:0046246	0.02535
GO:0046329	0.02535
GO:0048753	0.02535
GO:0050690	0.02535
GO:0070827	0.02535
GO:0070932	0.02535
GO:0071421	0.02535
GO:0071988	0.02535
GO:0090231	0.02535
GO:0090266	0.02535
GO:1903504	0.02535
GO:2000105	0.02535
GO:2000113	0.02575
GO:0050793	0.02583
GO:0006900	0.02640
GO:0007286	0.02657
GO:0022407	0.02673
GO:0045785	0.02673
GO:0051495	0.02673
GO:0016053	0.02678
GO:0046394	0.02678
GO:0048583	0.02686
GO:0032956	0.02691
GO:0071985	0.02691
GO:0032502	0.02729
GO:0006508	0.02738
GO:1901362	0.02740
GO:0042180	0.02753
GO:0097435	0.02753
GO:0050896	0.02800
GO:0022411	0.02823
GO:0045055	0.02873
GO:0007129	0.02890
GO:0046578	0.02890
GO:0071712	0.02890
GO:0046474	0.02890
GO:0072395	0.02931
GO:0006283	0.02982
GO:0007569	0.02982
GO:0044774	0.02982
GO:0034249	0.03011
GO:0009892	0.03072
GO:0044281	0.03086
GO:0015868	0.03087
GO:0019068	0.03087
GO:0032511	0.03087
GO:0040001	0.03087
GO:0043409	0.03087
GO:0051503	0.03087
GO:0070841	0.03087
GO:1903828	0.03087
GO:0031497	0.03104
GO:0051493	0.03108
GO:0000741	0.03116
GO:0006730	0.03116
GO:0009186	0.03116
GO:0009189	0.03116
GO:0009867	0.03116
GO:0009988	0.03116
GO:0010032	0.03116
GO:0032873	0.03116
GO:0035036	0.03116
GO:0043328	0.03116
GO:0051196	0.03116
GO:0070303	0.03116
GO:0090277	0.03116
GO:0090306	0.03116
GO:0099518	0.03116
GO:1901880	0.03116
GO:0010605	0.03186
GO:0022607	0.03208
GO:0002705	0.03234
GO:0006672	0.03234
GO:0009932	0.03234
GO:0043162	0.03234
GO:0043433	0.03234
GO:1902292	0.03234
GO:1902315	0.03234
GO:0072524	0.03241
GO:0019079	0.03248
GO:0051249	0.03248
GO:1903578	0.03248
GO:0048515	0.03249
GO:0006366	0.03276
GO:0000727	0.03279
GO:0009133	0.03279
GO:0009635	0.03279
GO:0009756	0.03279
GO:0010026	0.03279
GO:0010182	0.03279
GO:0018107	0.03279
GO:0031122	0.03279
GO:0031572	0.03279
GO:0040018	0.03279
GO:0051702	0.03279
GO:0051851	0.03279
GO:0061245	0.03279
GO:1902186	0.03279
GO:1903725	0.03279
GO:0006082	0.03282
GO:0043436	0.03282
GO:0045934	0.03289
GO:0006892	0.03349
GO:0019359	0.03367
GO:0019363	0.03367
GO:0022616	0.03367
GO:0050792	0.03367
GO:1902969	0.03367
GO:0034404	0.03398
GO:0006281	0.03453
GO:0043269	0.03479
GO:0006820	0.03569
GO:0030098	0.03588
GO:0044728	0.03588
GO:0061983	0.03588
GO:0010154	0.03608
GO:0019216	0.03609
GO:0015672	0.03643
GO:0051051	0.03643
GO:0000041	0.03656
GO:0006720	0.03656
GO:0051817	0.03656
GO:0001960	0.03729
GO:0002323	0.03729
GO:0002369	0.03729
GO:0002724	0.03729
GO:0002888	0.03729
GO:0006235	0.03729
GO:0006538	0.03729
GO:0007144	0.03729
GO:0007282	0.03729
GO:0010216	0.03729
GO:0010525	0.03729
GO:0010907	0.03729
GO:0015940	0.03729
GO:0015985	0.03729
GO:0015986	0.03729
GO:0030101	0.03729
GO:0030541	0.03729
GO:0030953	0.03729
GO:0031086	0.03729
GO:0031087	0.03729
GO:0032231	0.03729
GO:0032799	0.03729
GO:0033316	0.03729
GO:0035023	0.03729
GO:0035520	0.03729
GO:0043320	0.03729
GO:0044396	0.03729
GO:0044779	0.03729
GO:0044789	0.03729
GO:0044791	0.03729
GO:0045038	0.03729
GO:0045722	0.03729
GO:0046075	0.03729
GO:0046635	0.03729
GO:0048138	0.03729
GO:0048140	0.03729
GO:0051176	0.03729
GO:0051197	0.03729
GO:0051661	0.03729
GO:0060761	0.03729
GO:0070933	0.03729
GO:0071849	0.03729
GO:0071921	0.03729
GO:1902644	0.03729
GO:1903431	0.03729
GO:1904037	0.03729
GO:0032388	0.03762
GO:0051090	0.03766
GO:0006464	0.03844
GO:0036211	0.03844
GO:0051239	0.03914
GO:0045017	0.03915
GO:0006310	0.03916
GO:0048878	0.03920
GO:0006289	0.03925
GO:0042752	0.03947
GO:0045981	0.03947
GO:1900544	0.03947
GO:0006928	0.03952
GO:0019752	0.04070
GO:0006661	0.04208
GO:0050865	0.04228
GO:0006357	0.04243
GO:0045814	0.04255
GO:0033036	0.04290
GO:0006536	0.04315
GO:0035304	0.04315
GO:0043271	0.04315
GO:0043588	0.04315
GO:1902883	0.04315
GO:1903580	0.04315
GO:2001171	0.04315
GO:0055082	0.04340
GO:0018130	0.04359
GO:1901564	0.04413
GO:0046034	0.04423
GO:0009888	0.04467
GO:0050794	0.04483
GO:0060627	0.04493
GO:0006793	0.04533
GO:0048316	0.04555
GO:0044182	0.04638
GO:0007272	0.04669
GO:0008366	0.04669
GO:0009263	0.04669
GO:0009265	0.04669
GO:0046385	0.04669
GO:0060260	0.04669
GO:1900076	0.04669
GO:0043933	0.04698
GO:0010256	0.04699
GO:0030029	0.04699
GO:0006890	0.04699
GO:0051494	0.04699
GO:0007010	0.04717
GO:0010646	0.04731
GO:0006271	0.04754
GO:0006898	0.04754
GO:0042593	0.04754
GO:1900542	0.04754
GO:2000242	0.04754
GO:0016310	0.04756
GO:0006342	0.04764
GO:0035967	0.04790
GO:0051094	0.04798
GO:0016458	0.04842
GO:0098657	0.04848
GO:0002532	0.04880
GO:0006103	0.04880
GO:0009068	0.04880
GO:0009139	0.04880
GO:0009196	0.04880
GO:0009197	0.04880
GO:0009212	0.04880
GO:0009794	0.04880
GO:0010090	0.04880
GO:0015693	0.04880
GO:0032413	0.04880
GO:0033313	0.04880
GO:0034035	0.04880
GO:0034036	0.04880
GO:0034091	0.04880
GO:0034182	0.04880
GO:0035722	0.04880
GO:0043102	0.04880
GO:0043649	0.04880
GO:0044785	0.04880
GO:0046632	0.04880
GO:0046827	0.04880
GO:0046854	0.04880
GO:0050427	0.04880
GO:0050428	0.04880
GO:0051455	0.04880
GO:0055059	0.04880
GO:0061085	0.04880
GO:0070208	0.04880
GO:0070671	0.04880
GO:0071267	0.04880
GO:0071349	0.04880
GO:0090175	0.04880
GO:1901993	0.04880
GO:1902102	0.04880
GO:1902295	0.04880
GO:1902318	0.04880
GO:1902981	0.04880
GO:1905132	0.04880
GO:0045184	0.04882
GO:0006796	0.04888
GO:0006971	0.04964
GO:0009221	0.04964
GO:0018210	0.04964
GO:0019076	0.04964
GO:0032875	0.04964
GO:0035890	0.04964
GO:0035891	0.04964
GO:0042026	0.04964
GO:0050775	0.04964
GO:0052126	0.04964
GO:0052192	0.04964
GO:1902105	0.04964
GO:0044265	0.04968
