GO:0031330	0.0010
GO:0006614	0.0016
GO:0009895	0.0016
GO:0006613	0.0019
GO:0044270	0.0023
GO:0019439	0.0025
GO:0046700	0.0025
GO:1903312	0.0034
GO:0018105	0.0035
GO:0034655	0.0036
GO:1901361	0.0038
GO:0097421	0.0042
GO:0045047	0.0043
GO:0072599	0.0049
GO:0006401	0.0054
GO:0070972	0.0067
GO:0051187	0.0071
GO:0018209	0.0080
GO:0006402	0.0082
GO:0034976	0.0086
GO:0032675	0.0086
GO:0050900	0.0092
GO:0006612	0.0105
GO:0006691	0.0114
GO:0044351	0.0114
GO:0048010	0.0114
GO:0030433	0.0128
GO:0000305	0.0144
GO:0001936	0.0144
GO:0010032	0.0144
GO:0032635	0.0144
GO:0035924	0.0144
GO:0070935	0.0144
GO:0044248	0.0148
GO:0040011	0.0152
GO:0035556	0.0155
GO:0051656	0.0170
GO:0042744	0.0178
GO:0048255	0.0178
GO:1902373	0.0178
GO:0031100	0.0184
GO:0044265	0.0190
GO:0036503	0.0191
GO:0051640	0.0207
GO:0000755	0.0212
GO:0001937	0.0212
GO:0002043	0.0212
GO:0002246	0.0212
GO:0002887	0.0212
GO:0006788	0.0212
GO:0006864	0.0212
GO:0007439	0.0212
GO:0008315	0.0212
GO:0010088	0.0212
GO:0010981	0.0212
GO:0017062	0.0212
GO:0030153	0.0212
GO:0032762	0.0212
GO:0032763	0.0212
GO:0032764	0.0212
GO:0032950	0.0212
GO:0032951	0.0212
GO:0032952	0.0212
GO:0032953	0.0212
GO:0032995	0.0212
GO:0033004	0.0212
GO:0033007	0.0212
GO:0034551	0.0212
GO:0035523	0.0212
GO:0042033	0.0212
GO:0042035	0.0212
GO:0042089	0.0212
GO:0042107	0.0212
GO:0042108	0.0212
GO:0042167	0.0212
GO:0042395	0.0212
GO:0043301	0.0212
GO:0043305	0.0212
GO:0043619	0.0212
GO:0043922	0.0212
GO:0045073	0.0212
GO:0045080	0.0212
GO:0046443	0.0212
GO:0048317	0.0212
GO:0048445	0.0212
GO:0048482	0.0212
GO:0048611	0.0212
GO:0050755	0.0212
GO:0051078	0.0212
GO:0060231	0.0212
GO:0070091	0.0212
GO:0070092	0.0212
GO:0070094	0.0212
GO:0070276	0.0212
GO:0090334	0.0212
GO:1900057	0.0212
GO:1903587	0.0212
GO:1903589	0.0212
GO:1905499	0.0212
GO:1905623	0.0212
GO:1990167	0.0212
GO:1990168	0.0212
GO:1990314	0.0212
GO:1990519	0.0212
GO:0072593	0.0212
GO:0001935	0.0214
GO:0032387	0.0214
GO:0032640	0.0214
GO:0032680	0.0214
GO:0043392	0.0214
GO:0043489	0.0214
GO:0071706	0.0214
GO:1902369	0.0214
GO:1903555	0.0214
GO:0006954	0.0217
GO:0046777	0.0217
GO:0000184	0.0223
GO:0032418	0.0244
GO:0002224	0.0254
GO:0006390	0.0254
GO:0098869	0.0262
GO:0009056	0.0282
GO:0048519	0.0295
GO:0032435	0.0296
GO:0051716	0.0298
GO:0007165	0.0315
GO:0006413	0.0331
GO:0010383	0.0341
GO:2000217	0.0341
GO:0090150	0.0344
GO:0006928	0.0361
GO:0048311	0.0366
GO:0009117	0.0370
GO:0000956	0.0383
GO:0031329	0.0387
GO:0043433	0.0388
GO:0031099	0.0393
GO:0010942	0.0396
GO:0006753	0.0396
GO:0009057	0.0400
GO:0006075	0.0419
GO:0007065	0.0419
GO:0009911	0.0419
GO:0009969	0.0419
GO:0010229	0.0419
GO:0010410	0.0419
GO:0010411	0.0419
GO:0010668	0.0419
GO:0015962	0.0419
GO:0015964	0.0419
GO:0021846	0.0419
GO:0022027	0.0419
GO:0030302	0.0419
GO:0030397	0.0419
GO:0032897	0.0419
GO:0034395	0.0419
GO:0034407	0.0419
GO:0034410	0.0419
GO:0034411	0.0419
GO:0035024	0.0419
GO:0035871	0.0419
GO:0043157	0.0419
GO:0044414	0.0419
GO:0051081	0.0419
GO:0051833	0.0419
GO:0052037	0.0419
GO:0052170	0.0419
GO:0052261	0.0419
GO:0052309	0.0419
GO:0052561	0.0419
GO:0052562	0.0419
GO:0061082	0.0419
GO:0070995	0.0419
GO:0071280	0.0419
GO:0071455	0.0419
GO:0072531	0.0419
GO:0072719	0.0419
GO:0090050	0.0419
GO:0090594	0.0419
GO:1903306	0.0419
GO:1903650	0.0419
GO:1904569	0.0419
GO:1904571	0.0419
GO:1904810	0.0419
GO:0031345	0.0421
GO:0000187	0.0437
GO:0006952	0.0449
GO:0001667	0.0451
GO:0032147	0.0451
GO:0044036	0.0489
GO:0070784	0.0489
GO:0072332	0.0489
GO:0072387	0.0489
GO:1901799	0.0489
