GO.ID	Term	Annotated	Significant	Expected	classic
GO:0031330	negative regulation of cellular cataboli...	56	6	1.18	0.0010
GO:0006614	SRP-dependent cotranslational protein ta...	61	6	1.29	0.0016
GO:0009895	negative regulation of catabolic process	61	6	1.29	0.0016
GO:0006613	cotranslational protein targeting to mem...	63	6	1.33	0.0019
GO:0044270	cellular nitrogen compound catabolic pro...	257	13	5.44	0.0023
GO:0019439	aromatic compound catabolic process	259	13	5.48	0.0025
GO:0046700	heterocycle catabolic process	259	13	5.48	0.0025
GO:1903312	negative regulation of mRNA metabolic pr...	15	3	0.32	0.0034
GO:0018105	peptidyl-serine phosphorylation	71	6	1.5	0.0035
GO:0034655	nucleobase-containing compound catabolic...	238	12	5.03	0.0036
GO:1901361	organic cyclic compound catabolic proces...	272	13	5.75	0.0038
GO:0097421	liver regeneration	16	3	0.34	0.0042
GO:0045047	protein targeting to ER	74	6	1.57	0.0043
GO:0072599	establishment of protein localization to...	76	6	1.61	0.0049
GO:0006401	RNA catabolic process	158	9	3.34	0.0054
GO:0070972	protein localization to endoplasmic reti...	81	6	1.71	0.0067
GO:0051187	cofactor catabolic process	37	4	0.78	0.0071
GO:0018209	peptidyl-serine modification	84	6	1.78	0.0080
GO:0006402	mRNA catabolic process	139	8	2.94	0.0082
GO:0034976	response to endoplasmic reticulum stress	140	8	2.96	0.0086
GO:0032675	regulation of interleukin-6 production	7	2	0.15	0.0086
GO:0050900	leukocyte migration	21	3	0.44	0.0092
GO:0006612	protein targeting to membrane	89	6	1.88	0.0105
GO:0006691	leukotriene metabolic process	8	2	0.17	0.0114
GO:0044351	macropinocytosis	8	2	0.17	0.0114
GO:0048010	vascular endothelial growth factor recep...	8	2	0.17	0.0114
GO:0030433	ubiquitin-dependent ERAD pathway	67	5	1.42	0.0128
GO:0000305	response to oxygen radical	9	2	0.19	0.0144
GO:0001936	regulation of endothelial cell prolifera...	9	2	0.19	0.0144
GO:0010032	meiotic chromosome condensation	9	2	0.19	0.0144
GO:0032635	interleukin-6 production	9	2	0.19	0.0144
GO:0035924	cellular response to vascular endothelia...	9	2	0.19	0.0144
GO:0070935	3'-UTR-mediated mRNA stabilization	9	2	0.19	0.0144
GO:0044248	cellular catabolic process	744	24	15.74	0.0148
GO:0040011	locomotion	252	11	5.33	0.0152
GO:0035556	intracellular signal transduction	322	13	6.81	0.0155
GO:0051656	establishment of organelle localization	158	8	3.34	0.0170
GO:0042744	hydrogen peroxide catabolic process	10	2	0.21	0.0178
GO:0048255	mRNA stabilization	10	2	0.21	0.0178
GO:1902373	negative regulation of mRNA catabolic pr...	10	2	0.21	0.0178
GO:0031100	animal organ regeneration	27	3	0.57	0.0184
GO:0044265	cellular macromolecule catabolic process	404	15	8.54	0.0190
GO:0036503	ERAD pathway	74	5	1.57	0.0191
GO:0051640	organelle localization	196	9	4.15	0.0207
GO:0000755	cytogamy	1	1	0.02	0.0212
GO:0001937	negative regulation of endothelial cell ...	1	1	0.02	0.0212
GO:0002043	blood vessel endothelial cell proliferat...	1	1	0.02	0.0212
GO:0002246	wound healing involved in inflammatory r...	1	1	0.02	0.0212
GO:0002887	negative regulation of myeloid leukocyte...	1	1	0.02	0.0212
GO:0006788	heme oxidation	1	1	0.02	0.0212
GO:0006864	pyrimidine nucleotide transport	1	1	0.02	0.0212
GO:0007439	ectodermal digestive tract development	1	1	0.02	0.0212
GO:0008315	G2/MI transition of meiotic cell cycle	1	1	0.02	0.0212
GO:0010088	phloem development	1	1	0.02	0.0212
GO:0010981	regulation of cell wall macromolecule me...	1	1	0.02	0.0212
GO:0017062	respiratory chain complex III assembly	1	1	0.02	0.0212
GO:0030153	bacteriocin immunity	1	1	0.02	0.0212
GO:0032762	mast cell cytokine production	1	1	0.02	0.0212
GO:0032763	regulation of mast cell cytokine product...	1	1	0.02	0.0212
GO:0032764	negative regulation of mast cell cytokin...	1	1	0.02	0.0212
GO:0032950	regulation of beta-glucan metabolic proc...	1	1	0.02	0.0212
GO:0032951	regulation of beta-glucan biosynthetic p...	1	1	0.02	0.0212
GO:0032952	regulation of (1->3)-beta-D-glucan metab...	1	1	0.02	0.0212
GO:0032953	regulation of (1->3)-beta-D-glucan biosy...	1	1	0.02	0.0212
GO:0032995	regulation of fungal-type cell wall biog...	1	1	0.02	0.0212
GO:0033004	negative regulation of mast cell activat...	1	1	0.02	0.0212
GO:0033007	negative regulation of mast cell activat...	1	1	0.02	0.0212
GO:0034551	mitochondrial respiratory chain complex ...	1	1	0.02	0.0212
GO:0035523	protein K29-linked deubiquitination	1	1	0.02	0.0212
GO:0042033	chemokine biosynthetic process	1	1	0.02	0.0212
GO:0042035	regulation of cytokine biosynthetic proc...	1	1	0.02	0.0212
GO:0042089	cytokine biosynthetic process	1	1	0.02	0.0212
GO:0042107	cytokine metabolic process	1	1	0.02	0.0212
GO:0042108	positive regulation of cytokine biosynth...	1	1	0.02	0.0212
GO:0042167	heme catabolic process	1	1	0.02	0.0212
GO:0042395	ecdysis, collagen and cuticulin-based cu...	1	1	0.02	0.0212
GO:0043301	negative regulation of leukocyte degranu...	1	1	0.02	0.0212
GO:0043305	negative regulation of mast cell degranu...	1	1	0.02	0.0212
GO:0043619	regulation of transcription from RNA pol...	1	1	0.02	0.0212
GO:0043922	negative regulation by host of viral tra...	1	1	0.02	0.0212
GO:0045073	regulation of chemokine biosynthetic pro...	1	1	0.02	0.0212
GO:0045080	positive regulation of chemokine biosynt...	1	1	0.02	0.0212
GO:0046443	FAD metabolic process	1	1	0.02	0.0212
GO:0048317	seed morphogenesis	1	1	0.02	0.0212
GO:0048445	carpel morphogenesis	1	1	0.02	0.0212
GO:0048482	plant ovule morphogenesis	1	1	0.02	0.0212
GO:0048611	embryonic ectodermal digestive tract dev...	1	1	0.02	0.0212
GO:0050755	chemokine metabolic process	1	1	0.02	0.0212
GO:0051078	meiotic nuclear envelope disassembly	1	1	0.02	0.0212
GO:0060231	mesenchymal to epithelial transition	1	1	0.02	0.0212
GO:0070091	glucagon secretion	1	1	0.02	0.0212
GO:0070092	regulation of glucagon secretion	1	1	0.02	0.0212
GO:0070094	positive regulation of glucagon secretio...	1	1	0.02	0.0212
GO:0070276	halogen metabolic process	1	1	0.02	0.0212
GO:0090334	regulation of cell wall (1->3)-beta-D-gl...	1	1	0.02	0.0212
GO:1900057	positive regulation of leaf senescence	1	1	0.02	0.0212
GO:1903587	regulation of blood vessel endothelial c...	1	1	0.02	0.0212
GO:1903589	positive regulation of blood vessel endo...	1	1	0.02	0.0212
GO:1905499	trichome papilla formation	1	1	0.02	0.0212
GO:1905623	positive regulation of leaf development	1	1	0.02	0.0212
GO:1990167	protein K27-linked deubiquitination	1	1	0.02	0.0212
GO:1990168	protein K33-linked deubiquitination	1	1	0.02	0.0212
GO:1990314	cellular response to insulin-like growth...	1	1	0.02	0.0212
GO:1990519	pyrimidine nucleotide import into mitoch...	1	1	0.02	0.0212
GO:0072593	reactive oxygen species metabolic proces...	76	5	1.61	0.0212
GO:0001935	endothelial cell proliferation	11	2	0.23	0.0214
GO:0032387	negative regulation of intracellular tra...	11	2	0.23	0.0214
GO:0032640	tumor necrosis factor production	11	2	0.23	0.0214
GO:0032680	regulation of tumor necrosis factor prod...	11	2	0.23	0.0214
GO:0043392	negative regulation of DNA binding	11	2	0.23	0.0214
GO:0043489	RNA stabilization	11	2	0.23	0.0214
GO:0071706	tumor necrosis factor superfamily cytoki...	11	2	0.23	0.0214
GO:1902369	negative regulation of RNA catabolic pro...	11	2	0.23	0.0214
GO:1903555	regulation of tumor necrosis factor supe...	11	2	0.23	0.0214
GO:0006954	inflammatory response	51	4	1.08	0.0217
GO:0046777	protein autophosphorylation	51	4	1.08	0.0217
GO:0000184	nuclear-transcribed mRNA catabolic proce...	77	5	1.63	0.0223
GO:0032418	lysosome localization	30	3	0.63	0.0244
GO:0002224	toll-like receptor signaling pathway	12	2	0.25	0.0254
GO:0006390	mitochondrial transcription	12	2	0.25	0.0254
GO:0098869	cellular oxidant detoxification	54	4	1.14	0.0262
GO:0009056	catabolic process	786	24	16.62	0.0282
GO:0048519	negative regulation of biological proces...	917	27	19.4	0.0295
GO:0032435	negative regulation of proteasomal ubiqu...	13	2	0.27	0.0296
GO:0051716	cellular response to stimulus	1273	35	26.93	0.0298
GO:0007165	signal transduction	710	22	15.02	0.0315
GO:0006413	translational initiation	115	6	2.43	0.0331
GO:0010383	cell wall polysaccharide metabolic proce...	14	2	0.3	0.0341
GO:2000217	regulation of invasive growth in respons...	14	2	0.3	0.0341
GO:0090150	establishment of protein localization to...	116	6	2.45	0.0344
GO:0006928	movement of cell or subcellular componen...	251	10	5.31	0.0361
GO:0048311	mitochondrion distribution	35	3	0.74	0.0366
GO:0009117	nucleotide metabolic process	252	10	5.33	0.0370
GO:0000956	nuclear-transcribed mRNA catabolic proce...	119	6	2.52	0.0383
GO:0031329	regulation of cellular catabolic process	254	10	5.37	0.0387
GO:0043433	negative regulation of DNA-binding trans...	15	2	0.32	0.0388
GO:0031099	regeneration	36	3	0.76	0.0393
GO:0010942	positive regulation of cell death	120	6	2.54	0.0396
GO:0006753	nucleoside phosphate metabolic process	255	10	5.39	0.0396
GO:0009057	macromolecule catabolic process	443	15	9.37	0.0400
GO:0006075	(1->3)-beta-D-glucan biosynthetic proces...	2	1	0.04	0.0419
GO:0007065	male meiosis sister chromatid cohesion	2	1	0.04	0.0419
GO:0009911	positive regulation of flower developmen...	2	1	0.04	0.0419
GO:0009969	xyloglucan biosynthetic process	2	1	0.04	0.0419
GO:0010229	inflorescence development	2	1	0.04	0.0419
GO:0010410	hemicellulose metabolic process	2	1	0.04	0.0419
GO:0010411	xyloglucan metabolic process	2	1	0.04	0.0419
GO:0010668	ectodermal cell differentiation	2	1	0.04	0.0419
GO:0015962	diadenosine triphosphate metabolic proce...	2	1	0.04	0.0419
GO:0015964	diadenosine triphosphate catabolic proce...	2	1	0.04	0.0419
GO:0021846	cell proliferation in forebrain	2	1	0.04	0.0419
GO:0022027	interkinetic nuclear migration	2	1	0.04	0.0419
GO:0030302	deoxynucleotide transport	2	1	0.04	0.0419
GO:0030397	membrane disassembly	2	1	0.04	0.0419
GO:0032897	negative regulation of viral transcripti...	2	1	0.04	0.0419
GO:0034395	regulation of transcription from RNA pol...	2	1	0.04	0.0419
GO:0034407	cell wall (1->3)-beta-D-glucan metabolic...	2	1	0.04	0.0419
GO:0034410	cell wall beta-glucan biosynthetic proce...	2	1	0.04	0.0419
GO:0034411	cell wall (1->3)-beta-D-glucan biosynthe...	2	1	0.04	0.0419
GO:0035024	negative regulation of Rho protein signa...	2	1	0.04	0.0419
GO:0035871	protein K11-linked deubiquitination	2	1	0.04	0.0419
GO:0043157	response to cation stress	2	1	0.04	0.0419
GO:0044414	suppression of host defenses	2	1	0.04	0.0419
GO:0051081	nuclear envelope disassembly	2	1	0.04	0.0419
GO:0051833	suppression of defenses of other organis...	2	1	0.04	0.0419
GO:0052037	negative regulation by symbiont of host ...	2	1	0.04	0.0419
GO:0052170	negative regulation by symbiont of host ...	2	1	0.04	0.0419
GO:0052261	suppression of defense response of other...	2	1	0.04	0.0419
GO:0052309	negative regulation by organism of innat...	2	1	0.04	0.0419
GO:0052561	negative regulation by organism of immun...	2	1	0.04	0.0419
GO:0052562	negative regulation by symbiont of host ...	2	1	0.04	0.0419
GO:0061082	myeloid leukocyte cytokine production	2	1	0.04	0.0419
GO:0070995	NADPH oxidation	2	1	0.04	0.0419
GO:0071280	cellular response to copper ion	2	1	0.04	0.0419
GO:0071455	cellular response to hyperoxia	2	1	0.04	0.0419
GO:0072531	pyrimidine-containing compound transmemb...	2	1	0.04	0.0419
GO:0072719	cellular response to cisplatin	2	1	0.04	0.0419
GO:0090050	positive regulation of cell migration in...	2	1	0.04	0.0419
GO:0090594	inflammatory response to wounding	2	1	0.04	0.0419
GO:1903306	negative regulation of regulated secreto...	2	1	0.04	0.0419
GO:1903650	negative regulation of cytoplasmic trans...	2	1	0.04	0.0419
GO:1904569	regulation of selenocysteine incorporati...	2	1	0.04	0.0419
GO:1904571	positive regulation of selenocysteine in...	2	1	0.04	0.0419
GO:1904810	negative regulation of dense core granul...	2	1	0.04	0.0419
GO:0031345	negative regulation of cell projection o...	37	3	0.78	0.0421
GO:0000187	activation of MAPK activity	16	2	0.34	0.0437
GO:0006952	defense response	297	11	6.28	0.0449
GO:0001667	ameboidal-type cell migration	38	3	0.8	0.0451
GO:0032147	activation of protein kinase activity	38	3	0.8	0.0451
GO:0044036	cell wall macromolecule metabolic proces...	17	2	0.36	0.0489
GO:0070784	regulation of growth of unicellular orga...	17	2	0.36	0.0489
GO:0072332	intrinsic apoptotic signaling pathway by...	17	2	0.36	0.0489
GO:0072387	flavin adenine dinucleotide metabolic pr...	17	2	0.36	0.0489
GO:1901799	negative regulation of proteasomal prote...	17	2	0.36	0.0489
GO:0006163	purine nucleotide metabolic process	195	8	4.12	0.0511
GO:0009908	flower development	40	3	0.85	0.0513
GO:0042743	hydrogen peroxide metabolic process	40	3	0.85	0.0513
GO:0051646	mitochondrion localization	40	3	0.85	0.0513
GO:0048523	negative regulation of cellular process	747	22	15.8	0.0527
GO:0001403	invasive growth in response to glucose l...	18	2	0.38	0.0542
GO:0006690	icosanoid metabolic process	18	2	0.38	0.0542
GO:0009190	cyclic nucleotide biosynthetic process	18	2	0.38	0.0542
GO:0009250	glucan biosynthetic process	18	2	0.38	0.0542
GO:0010507	negative regulation of autophagy	18	2	0.38	0.0542
GO:0017001	antibiotic catabolic process	18	2	0.38	0.0542
GO:0052652	cyclic purine nucleotide metabolic proce...	18	2	0.38	0.0542
GO:1900034	regulation of cellular response to heat	18	2	0.38	0.0542
GO:0090567	reproductive shoot system development	41	3	0.87	0.0545
GO:0009894	regulation of catabolic process	270	10	5.71	0.0551
GO:0010506	regulation of autophagy	100	5	2.12	0.0586
GO:0034605	cellular response to heat	43	3	0.91	0.0612
GO:0007154	cell communication	845	24	17.87	0.0616
GO:0008285	negative regulation of cell proliferatio...	71	4	1.5	0.0617
GO:0000451	rRNA 2'-O-methylation	3	1	0.06	0.0621
GO:0001887	selenium compound metabolic process	3	1	0.06	0.0621
GO:0006074	(1->3)-beta-D-glucan metabolic process	3	1	0.06	0.0621
GO:0006203	dGTP catabolic process	3	1	0.06	0.0621
GO:0006425	glutaminyl-tRNA aminoacylation	3	1	0.06	0.0621
GO:0006787	porphyrin-containing compound catabolic ...	3	1	0.06	0.0621
GO:0007300	ovarian nurse cell to oocyte transport	3	1	0.06	0.0621
GO:0007303	cytoplasmic transport, nurse cell to ooc...	3	1	0.06	0.0621
GO:0007398	ectoderm development	3	1	0.06	0.0621
GO:0009585	red, far-red light phototransduction	3	1	0.06	0.0621
GO:0014805	smooth muscle adaptation	3	1	0.06	0.0621
GO:0014806	smooth muscle hyperplasia	3	1	0.06	0.0621
GO:0014900	muscle hyperplasia	3	1	0.06	0.0621
GO:0015839	cadaverine transport	3	1	0.06	0.0621
GO:0015961	diadenosine polyphosphate catabolic proc...	3	1	0.06	0.0621
GO:0030513	positive regulation of BMP signaling pat...	3	1	0.06	0.0621
GO:0032253	dense core granule localization	3	1	0.06	0.0621
GO:0032722	positive regulation of chemokine product...	3	1	0.06	0.0621
GO:0033015	tetrapyrrole catabolic process	3	1	0.06	0.0621
GO:0043268	positive regulation of potassium ion tra...	3	1	0.06	0.0621
GO:0044413	avoidance of host defenses	3	1	0.06	0.0621
GO:0046070	dGTP metabolic process	3	1	0.06	0.0621
GO:0046149	pigment catabolic process	3	1	0.06	0.0621
GO:0048132	female germ-line stem cell asymmetric di...	3	1	0.06	0.0621
GO:0051832	avoidance of defenses of other organism ...	3	1	0.06	0.0621
GO:0070550	rDNA condensation	3	1	0.06	0.0621
GO:0070966	nuclear-transcribed mRNA catabolic proce...	3	1	0.06	0.0621
GO:0071243	cellular response to arsenic-containing ...	3	1	0.06	0.0621
GO:0071816	tail-anchored membrane protein insertion...	3	1	0.06	0.0621
GO:0090036	regulation of protein kinase C signaling	3	1	0.06	0.0621
GO:0090038	negative regulation of protein kinase C ...	3	1	0.06	0.0621
GO:0090326	positive regulation of locomotion involv...	3	1	0.06	0.0621
GO:1901950	dense core granule transport	3	1	0.06	0.0621
GO:1903341	regulation of meiotic DNA double-strand ...	3	1	0.06	0.0621
GO:1903342	negative regulation of meiotic DNA doubl...	3	1	0.06	0.0621
GO:1904809	regulation of dense core granule transpo...	3	1	0.06	0.0621
GO:1904811	positive regulation of dense core granul...	3	1	0.06	0.0621
GO:2000434	regulation of protein neddylation	3	1	0.06	0.0621
GO:2000435	negative regulation of protein neddylati...	3	1	0.06	0.0621
GO:0050789	regulation of biological process	1716	43	36.29	0.0629
GO:0016241	regulation of macroautophagy	72	4	1.52	0.0644
GO:0043065	positive regulation of apoptotic process	103	5	2.18	0.0650
GO:0002221	pattern recognition receptor signaling p...	20	2	0.42	0.0656
GO:0002758	innate immune response-activating signal...	20	2	0.42	0.0656
GO:0009187	cyclic nucleotide metabolic process	20	2	0.42	0.0656
GO:0018996	molting cycle, collagen and cuticulin-ba...	20	2	0.42	0.0656
GO:0045454	cell redox homeostasis	20	2	0.42	0.0656
GO:0050777	negative regulation of immune response	20	2	0.42	0.0656
GO:0051881	regulation of mitochondrial membrane pot...	20	2	0.42	0.0656
GO:0016477	cell migration	104	5	2.2	0.0672
GO:0071902	positive regulation of protein serine/th...	45	3	0.95	0.0684
GO:0002082	regulation of oxidative phosphorylation	21	2	0.44	0.0715
GO:0016239	positive regulation of macroautophagy	21	2	0.44	0.0715
GO:0036267	invasive filamentous growth	21	2	0.44	0.0715
GO:0001889	liver development	46	3	0.97	0.0721
GO:0061008	hepaticobiliary system development	46	3	0.97	0.0721
GO:0010628	positive regulation of gene expression	323	11	6.83	0.0738
GO:0009607	response to biotic stimulus	287	10	6.07	0.0769
GO:0006907	pinocytosis	22	2	0.47	0.0776
GO:0043406	positive regulation of MAP kinase activi...	22	2	0.47	0.0776
GO:0048831	regulation of shoot system development	22	2	0.47	0.0776
GO:0120032	regulation of plasma membrane bounded ce...	22	2	0.47	0.0776
GO:2000059	negative regulation of ubiquitin-depende...	22	2	0.47	0.0776
GO:0050794	regulation of cellular process	1547	39	32.72	0.0781
GO:0023052	signaling	779	22	16.48	0.0783
GO:0016482	cytosolic transport	78	4	1.65	0.0813
GO:1990748	cellular detoxification	78	4	1.65	0.0813
GO:0000282	cellular bud site selection	4	1	0.08	0.0820
GO:0002042	cell migration involved in sprouting ang...	4	1	0.08	0.0820
GO:0002701	negative regulation of production of mol...	4	1	0.08	0.0820
GO:0002719	negative regulation of cytokine producti...	4	1	0.08	0.0820
GO:0007079	mitotic chromosome movement towards spin...	4	1	0.08	0.0820
GO:0009155	purine deoxyribonucleotide catabolic pro...	4	1	0.08	0.0820
GO:0015959	diadenosine polyphosphate metabolic proc...	4	1	0.08	0.0820
GO:0019287	isopentenyl diphosphate biosynthetic pro...	4	1	0.08	0.0820
GO:0030510	regulation of BMP signaling pathway	4	1	0.08	0.0820
GO:0030953	astral microtubule organization	4	1	0.08	0.0820
GO:0031269	pseudopodium assembly	4	1	0.08	0.0820
GO:0031271	lateral pseudopodium assembly	4	1	0.08	0.0820
GO:0031272	regulation of pseudopodium assembly	4	1	0.08	0.0820
GO:0031273	negative regulation of pseudopodium asse...	4	1	0.08	0.0820
GO:0031275	regulation of lateral pseudopodium assem...	4	1	0.08	0.0820
GO:0031276	negative regulation of lateral pseudopod...	4	1	0.08	0.0820
GO:0031930	mitochondria-nucleus signaling pathway	4	1	0.08	0.0820
GO:0032252	secretory granule localization	4	1	0.08	0.0820
GO:0034406	cell wall beta-glucan metabolic process	4	1	0.08	0.0820
GO:0035023	regulation of Rho protein signal transdu...	4	1	0.08	0.0820
GO:0045724	positive regulation of cilium assembly	4	1	0.08	0.0820
GO:0046621	negative regulation of organ growth	4	1	0.08	0.0820
GO:0051257	meiotic spindle midzone assembly	4	1	0.08	0.0820
GO:0060237	regulation of fungal-type cell wall orga...	4	1	0.08	0.0820
GO:0060323	head morphogenesis	4	1	0.08	0.0820
GO:0060324	face development	4	1	0.08	0.0820
GO:0060325	face morphogenesis	4	1	0.08	0.0820
GO:0061844	antimicrobial humoral immune response me...	4	1	0.08	0.0820
GO:0090049	regulation of cell migration involved in...	4	1	0.08	0.0820
GO:0090156	cellular sphingolipid homeostasis	4	1	0.08	0.0820
GO:0090325	regulation of locomotion involved in loc...	4	1	0.08	0.0820
GO:0098728	germline stem cell asymmetric division	4	1	0.08	0.0820
GO:1900055	regulation of leaf senescence	4	1	0.08	0.0820
GO:1902047	polyamine transmembrane transport	4	1	0.08	0.0820
GO:1902255	positive regulation of intrinsic apoptot...	4	1	0.08	0.0820
GO:1903026	negative regulation of RNA polymerase II...	4	1	0.08	0.0820
GO:1903338	regulation of cell wall organization or ...	4	1	0.08	0.0820
GO:1903672	positive regulation of sprouting angioge...	4	1	0.08	0.0820
GO:1904706	negative regulation of vascular smooth m...	4	1	0.08	0.0820
GO:0042726	flavin-containing compound metabolic pro...	23	2	0.49	0.0839
GO:0048846	axon extension involved in axon guidance	23	2	0.49	0.0839
GO:0050678	regulation of epithelial cell proliferat...	23	2	0.49	0.0839
GO:0050774	negative regulation of dendrite morphoge...	23	2	0.49	0.0839
GO:0051683	establishment of Golgi localization	23	2	0.49	0.0839
GO:0060491	regulation of cell projection assembly	23	2	0.49	0.0839
GO:1902284	neuron projection extension involved in ...	23	2	0.49	0.0839
GO:0002181	cytoplasmic translation	145	6	3.07	0.0839
GO:0043068	positive regulation of programmed cell d...	112	5	2.37	0.0863
GO:0043161	proteasome-mediated ubiquitin-dependent ...	182	7	3.85	0.0873
GO:0072331	signal transduction by p53 class mediato...	50	3	1.06	0.0877
GO:0097237	cellular response to toxic substance	113	5	2.39	0.0888
GO:0000212	meiotic spindle organization	24	2	0.51	0.0903
GO:0030970	retrograde protein transport, ER to cyto...	24	2	0.51	0.0903
GO:0070783	growth of unicellular organism as a thre...	24	2	0.51	0.0903
GO:0090697	post-embryonic plant organ morphogenesis	24	2	0.51	0.0903
GO:1900242	regulation of synaptic vesicle endocytos...	24	2	0.51	0.0903
GO:1900428	regulation of filamentous growth of a po...	24	2	0.51	0.0903
GO:1903513	endoplasmic reticulum to cytosol transpo...	24	2	0.51	0.0903
GO:2000171	negative regulation of dendrite developm...	24	2	0.51	0.0903
GO:0006914	autophagy	184	7	3.89	0.0913
GO:0072521	purine-containing compound metabolic pro...	221	8	4.67	0.0919
GO:0045727	positive regulation of translation	51	3	1.08	0.0919
GO:1905392	plant organ morphogenesis	51	3	1.08	0.0919
GO:0009617	response to bacterium	150	6	3.17	0.0952
GO:0048870	cell motility	150	6	3.17	0.0952
GO:0010171	body morphogenesis	25	2	0.53	0.0969
GO:0010570	regulation of filamentous growth	25	2	0.53	0.0969
GO:0015695	organic cation transport	25	2	0.53	0.0969
GO:0031670	cellular response to nutrient	25	2	0.53	0.0969
GO:0090128	regulation of synapse maturation	25	2	0.53	0.0969
GO:0098754	detoxification	83	4	1.76	0.0970
GO:0072657	protein localization to membrane	151	6	3.19	0.0975
GO:0050896	response to stimulus	1764	43	37.31	0.1000
GO:0035821	modification of morphology or physiology...	53	3	1.12	0.1004
GO:0043207	response to external biotic stimulus	264	9	5.58	0.1014
GO:0051707	response to other organism	264	9	5.58	0.1014
GO:0001196	regulation of mating-type specific trans...	5	1	0.11	0.1014
GO:0001198	negative regulation of mating-type speci...	5	1	0.11	0.1014
GO:0002686	negative regulation of leukocyte migrati...	5	1	0.11	0.1014
GO:0002704	negative regulation of leukocyte mediate...	5	1	0.11	0.1014
GO:0006392	transcription elongation from mitochondr...	5	1	0.11	0.1014
GO:0006799	polyphosphate biosynthetic process	5	1	0.11	0.1014
GO:0007056	spindle assembly involved in female meio...	5	1	0.11	0.1014
GO:0007266	Rho protein signal transduction	5	1	0.11	0.1014
GO:0007532	regulation of mating-type specific trans...	5	1	0.11	0.1014
GO:0009146	purine nucleoside triphosphate catabolic...	5	1	0.11	0.1014
GO:0009204	deoxyribonucleoside triphosphate catabol...	5	1	0.11	0.1014
GO:0009217	purine deoxyribonucleoside triphosphate ...	5	1	0.11	0.1014
GO:0010825	positive regulation of centrosome duplic...	5	1	0.11	0.1014
GO:0015846	polyamine transport	5	1	0.11	0.1014
GO:0016242	negative regulation of macroautophagy	5	1	0.11	0.1014
GO:0019730	antimicrobial humoral response	5	1	0.11	0.1014
GO:0031035	myosin filament disassembly	5	1	0.11	0.1014
GO:0031037	myosin II filament disassembly	5	1	0.11	0.1014
GO:0031987	locomotion involved in locomotory behavi...	5	1	0.11	0.1014
GO:0032602	chemokine production	5	1	0.11	0.1014
GO:0032642	regulation of chemokine production	5	1	0.11	0.1014
GO:0034381	plasma lipoprotein particle clearance	5	1	0.11	0.1014
GO:0034383	low-density lipoprotein particle clearan...	5	1	0.11	0.1014
GO:0035670	plant-type ovary development	5	1	0.11	0.1014
GO:0042078	germ-line stem cell division	5	1	0.11	0.1014
GO:0043266	regulation of potassium ion transport	5	1	0.11	0.1014
GO:0045894	negative regulation of mating-type speci...	5	1	0.11	0.1014
GO:0048025	negative regulation of mRNA splicing, vi...	5	1	0.11	0.1014
GO:0048481	plant ovule development	5	1	0.11	0.1014
GO:0048566	embryonic digestive tract development	5	1	0.11	0.1014
GO:0051305	chromosome movement towards spindle pole	5	1	0.11	0.1014
GO:0055090	acylglycerol homeostasis	5	1	0.11	0.1014
GO:0070328	triglyceride homeostasis	5	1	0.11	0.1014
GO:0070528	protein kinase C signaling	5	1	0.11	0.1014
GO:0072364	regulation of cellular ketone metabolic ...	5	1	0.11	0.1014
GO:0072718	response to cisplatin	5	1	0.11	0.1014
GO:0090615	mitochondrial mRNA processing	5	1	0.11	0.1014
GO:0100070	regulation of fatty acid biosynthetic pr...	5	1	0.11	0.1014
GO:1903025	regulation of RNA polymerase II regulato...	5	1	0.11	0.1014
GO:1904036	negative regulation of epithelial cell a...	5	1	0.11	0.1014
GO:1904705	regulation of vascular smooth muscle cel...	5	1	0.11	0.1014
GO:1990874	vascular smooth muscle cell proliferatio...	5	1	0.11	0.1014
GO:2000001	regulation of DNA damage checkpoint	5	1	0.11	0.1014
GO:2000531	regulation of fatty acid biosynthetic pr...	5	1	0.11	0.1014
GO:0061919	process utilizing autophagic mechanism	189	7	4	0.1018
GO:0051674	localization of cell	153	6	3.24	0.1023
GO:0008283	cell proliferation	265	9	5.6	0.1032
GO:0000959	mitochondrial RNA metabolic process	26	2	0.55	0.1035
GO:0060074	synapse maturation	26	2	0.55	0.1035
GO:1903051	negative regulation of proteolysis invol...	26	2	0.55	0.1035
GO:1903363	negative regulation of cellular protein ...	26	2	0.55	0.1035
GO:0051234	establishment of localization	981	26	20.75	0.1045
GO:0007264	small GTPase mediated signal transductio...	54	3	1.14	0.1047
GO:0000302	response to reactive oxygen species	86	4	1.82	0.1070
GO:0065007	biological regulation	1870	45	39.55	0.1087
GO:0042147	retrograde transport, endosome to Golgi	55	3	1.16	0.1092
GO:1901215	negative regulation of neuron death	55	3	1.16	0.1092
GO:0002218	activation of innate immune response	27	2	0.57	0.1103
GO:0006801	superoxide metabolic process	27	2	0.57	0.1103
GO:0008356	asymmetric cell division	27	2	0.57	0.1103
GO:0009668	plastid membrane organization	27	2	0.57	0.1103
GO:0010027	thylakoid membrane organization	27	2	0.57	0.1103
GO:0022404	molting cycle process	27	2	0.57	0.1103
GO:0042546	cell wall biogenesis	27	2	0.57	0.1103
GO:0048312	intracellular distribution of mitochondr...	27	2	0.57	0.1103
GO:0051101	regulation of DNA binding	27	2	0.57	0.1103
GO:1901796	regulation of signal transduction by p53...	27	2	0.57	0.1103
GO:0010498	proteasomal protein catabolic process	194	7	4.1	0.1129
GO:0097193	intrinsic apoptotic signaling pathway	56	3	1.18	0.1137
GO:0010977	negative regulation of neuron projection...	28	2	0.59	0.1173
GO:0099174	regulation of presynapse organization	28	2	0.59	0.1173
GO:1903421	regulation of synaptic vesicle recycling	28	2	0.59	0.1173
GO:1903578	regulation of ATP metabolic process	28	2	0.59	0.1173
GO:2000331	regulation of terminal button organizati...	28	2	0.59	0.1173
GO:0009653	anatomical structure morphogenesis	559	16	11.82	0.1193
GO:0055086	nucleobase-containing small molecule met...	313	10	6.62	0.1197
GO:0034599	cellular response to oxidative stress	124	5	2.62	0.1197
GO:0000128	flocculation	6	1	0.13	0.1205
GO:0000372	Group I intron splicing	6	1	0.13	0.1205
GO:0000376	RNA splicing, via transesterification re...	6	1	0.13	0.1205
GO:0000917	division septum assembly	6	1	0.13	0.1205
GO:0001514	selenocysteine incorporation	6	1	0.13	0.1205
GO:0001890	placenta development	6	1	0.13	0.1205
GO:0002279	mast cell activation involved in immune ...	6	1	0.13	0.1205
GO:0002448	mast cell mediated immunity	6	1	0.13	0.1205
GO:0002695	negative regulation of leukocyte activat...	6	1	0.13	0.1205
GO:0006451	translational readthrough	6	1	0.13	0.1205
GO:0006571	tyrosine biosynthetic process	6	1	0.13	0.1205
GO:0006771	riboflavin metabolic process	6	1	0.13	0.1205
GO:0007130	synaptonemal complex assembly	6	1	0.13	0.1205
GO:0009231	riboflavin biosynthetic process	6	1	0.13	0.1205
GO:0010017	red or far-red light signaling pathway	6	1	0.13	0.1205
GO:0010091	trichome branching	6	1	0.13	0.1205
GO:0010218	response to far red light	6	1	0.13	0.1205
GO:0010269	response to selenium ion	6	1	0.13	0.1205
GO:0016259	selenocysteine metabolic process	6	1	0.13	0.1205
GO:0019374	galactolipid metabolic process	6	1	0.13	0.1205
GO:0019934	cGMP-mediated signaling	6	1	0.13	0.1205
GO:0033003	regulation of mast cell activation	6	1	0.13	0.1205
GO:0033006	regulation of mast cell activation invol...	6	1	0.13	0.1205
GO:0033119	negative regulation of RNA splicing	6	1	0.13	0.1205
GO:0034337	RNA folding	6	1	0.13	0.1205
GO:0036295	cellular response to increased oxygen le...	6	1	0.13	0.1205
GO:0042074	cell migration involved in gastrulation	6	1	0.13	0.1205
GO:0042138	meiotic DNA double-strand break formatio...	6	1	0.13	0.1205
GO:0042727	flavin-containing compound biosynthetic ...	6	1	0.13	0.1205
GO:0043300	regulation of leukocyte degranulation	6	1	0.13	0.1205
GO:0043303	mast cell degranulation	6	1	0.13	0.1205
GO:0043304	regulation of mast cell degranulation	6	1	0.13	0.1205
GO:0043536	positive regulation of blood vessel endo...	6	1	0.13	0.1205
GO:0043921	modulation by host of viral transcriptio...	6	1	0.13	0.1205
GO:0045048	protein insertion into ER membrane	6	1	0.13	0.1205
GO:0045116	protein neddylation	6	1	0.13	0.1205
GO:0045576	mast cell activation	6	1	0.13	0.1205
GO:0046607	positive regulation of centrosome cycle	6	1	0.13	0.1205
GO:0048440	carpel development	6	1	0.13	0.1205
GO:0048525	negative regulation of viral process	6	1	0.13	0.1205
GO:0050686	negative regulation of mRNA processing	6	1	0.13	0.1205
GO:0052472	modulation by host of symbiont transcrip...	6	1	0.13	0.1205
GO:0055093	response to hyperoxia	6	1	0.13	0.1205
GO:0060256	regulation of flocculation	6	1	0.13	0.1205
GO:0060257	negative regulation of flocculation	6	1	0.13	0.1205
GO:0070058	tRNA gene clustering	6	1	0.13	0.1205
GO:0071489	cellular response to red or far red ligh...	6	1	0.13	0.1205
GO:0090529	cell septum assembly	6	1	0.13	0.1205
GO:0120034	positive regulation of plasma membrane b...	6	1	0.13	0.1205
GO:1900460	negative regulation of invasive growth i...	6	1	0.13	0.1205
GO:1900462	negative regulation of pseudohyphal grow...	6	1	0.13	0.1205
GO:1901798	positive regulation of signal transducti...	6	1	0.13	0.1205
GO:1902253	regulation of intrinsic apoptotic signal...	6	1	0.13	0.1205
GO:1903651	positive regulation of cytoplasmic trans...	6	1	0.13	0.1205
GO:1903901	negative regulation of viral life cycle	6	1	0.13	0.1205
GO:2000218	negative regulation of invasive growth i...	6	1	0.13	0.1205
GO:2000678	negative regulation of transcription reg...	6	1	0.13	0.1205
GO:0009605	response to external stimulus	560	16	11.84	0.1207
GO:0048588	developmental cell growth	58	3	1.23	0.1229
GO:0002440	production of molecular mediator of immu...	29	2	0.61	0.1243
GO:0010771	negative regulation of cell morphogenesi...	29	2	0.61	0.1243
GO:0015696	ammonium transport	29	2	0.61	0.1243
GO:0032527	protein exit from endoplasmic reticulum	29	2	0.61	0.1243
GO:0043488	regulation of mRNA stability	29	2	0.61	0.1243
GO:0050673	epithelial cell proliferation	29	2	0.61	0.1243
GO:0051100	negative regulation of binding	29	2	0.61	0.1243
GO:0051645	Golgi localization	29	2	0.61	0.1243
GO:0055088	lipid homeostasis	29	2	0.61	0.1243
GO:0090698	post-embryonic plant morphogenesis	29	2	0.61	0.1243
GO:0016071	mRNA metabolic process	317	10	6.7	0.1273
GO:0010629	negative regulation of gene expression	398	12	8.42	0.1276
GO:0001817	regulation of cytokine production	59	3	1.25	0.1276
GO:0034250	positive regulation of cellular amide me...	59	3	1.25	0.1276
GO:0009892	negative regulation of metabolic process	565	16	11.95	0.1280
GO:0002757	immune response-activating signal transd...	30	2	0.63	0.1314
GO:0002764	immune response-regulating signaling pat...	30	2	0.63	0.1314
GO:0010508	positive regulation of autophagy	30	2	0.63	0.1314
GO:0042177	negative regulation of protein catabolic...	30	2	0.63	0.1314
GO:0072553	terminal button organization	30	2	0.63	0.1314
GO:0099172	presynapse organization	30	2	0.63	0.1314
GO:1901568	fatty acid derivative metabolic process	30	2	0.63	0.1314
GO:1901575	organic substance catabolic process	653	18	13.81	0.1317
GO:0006950	response to stress	1141	29	24.13	0.1321
GO:0009657	plastid organization	60	3	1.27	0.1324
GO:0043467	regulation of generation of precursor me...	60	3	1.27	0.1324
GO:0051649	establishment of localization in cell	568	16	12.01	0.1325
GO:0019637	organophosphate metabolic process	361	11	7.64	0.1344
GO:0010631	epithelial cell migration	31	2	0.66	0.1387
GO:0048675	axon extension	31	2	0.66	0.1387
GO:0090132	epithelium migration	31	2	0.66	0.1387
GO:0090558	plant epidermis development	31	2	0.66	0.1387
GO:0098693	regulation of synaptic vesicle cycle	31	2	0.66	0.1387
GO:0000373	Group II intron splicing	7	1	0.15	0.1391
GO:0002367	cytokine production involved in immune r...	7	1	0.15	0.1391
GO:0002718	regulation of cytokine production involv...	7	1	0.15	0.1391
GO:0002886	regulation of myeloid leukocyte mediated...	7	1	0.15	0.1391
GO:0006182	cGMP biosynthetic process	7	1	0.15	0.1391
GO:0007297	ovarian follicle cell migration	7	1	0.15	0.1391
GO:0009095	aromatic amino acid family biosynthetic ...	7	1	0.15	0.1391
GO:0009143	nucleoside triphosphate catabolic proces...	7	1	0.15	0.1391
GO:0010090	trichome morphogenesis	7	1	0.15	0.1391
GO:0010114	response to red light	7	1	0.15	0.1391
GO:0035066	positive regulation of histone acetylati...	7	1	0.15	0.1391
GO:0043137	DNA replication, removal of RNA primer	7	1	0.15	0.1391
GO:0045901	positive regulation of translational elo...	7	1	0.15	0.1391
GO:0045920	negative regulation of exocytosis	7	1	0.15	0.1391
GO:0046068	cGMP metabolic process	7	1	0.15	0.1391
GO:0046580	negative regulation of Ras protein signa...	7	1	0.15	0.1391
GO:0048444	floral organ morphogenesis	7	1	0.15	0.1391
GO:0048661	positive regulation of smooth muscle cel...	7	1	0.15	0.1391
GO:0051255	spindle midzone assembly	7	1	0.15	0.1391
GO:0051274	beta-glucan biosynthetic process	7	1	0.15	0.1391
GO:0052312	modulation of transcription in other org...	7	1	0.15	0.1391
GO:0070785	negative regulation of growth of unicell...	7	1	0.15	0.1391
GO:0120033	negative regulation of plasma membrane b...	7	1	0.15	0.1391
GO:1902041	regulation of extrinsic apoptotic signal...	7	1	0.15	0.1391
GO:1902042	negative regulation of extrinsic apoptot...	7	1	0.15	0.1391
GO:1903670	regulation of sprouting angiogenesis	7	1	0.15	0.1391
GO:2000221	negative regulation of pseudohyphal grow...	7	1	0.15	0.1391
GO:2000677	regulation of transcription regulatory r...	7	1	0.15	0.1391
GO:0022604	regulation of cell morphogenesis	95	4	2.01	0.1398
GO:0018193	peptidyl-amino acid modification	324	10	6.85	0.1413
GO:0045860	positive regulation of protein kinase ac...	62	3	1.31	0.1422
GO:0006793	phosphorus metabolic process	748	20	15.82	0.1434
GO:0000902	cell morphogenesis	207	7	4.38	0.1447
GO:0006073	cellular glucan metabolic process	32	2	0.68	0.1460
GO:0030261	chromosome condensation	32	2	0.68	0.1460
GO:0033692	cellular polysaccharide biosynthetic pro...	32	2	0.68	0.1460
GO:0043487	regulation of RNA stability	32	2	0.68	0.1460
GO:0051090	regulation of DNA-binding transcription ...	32	2	0.68	0.1460
GO:0009166	nucleotide catabolic process	63	3	1.33	0.1471
GO:0070507	regulation of microtubule cytoskeleton o...	63	3	1.33	0.1471
GO:0006518	peptide metabolic process	368	11	7.78	0.1479
GO:0051179	localization	1156	29	24.45	0.1506
GO:0033674	positive regulation of kinase activity	64	3	1.35	0.1522
GO:1903311	regulation of mRNA metabolic process	64	3	1.35	0.1522
GO:0043405	regulation of MAP kinase activity	33	2	0.7	0.1534
GO:0045665	negative regulation of neuron differenti...	33	2	0.7	0.1534
GO:0090130	tissue migration	33	2	0.7	0.1534
GO:0090696	post-embryonic plant organ development	33	2	0.7	0.1534
GO:1900542	regulation of purine nucleotide metaboli...	33	2	0.7	0.1534
GO:0042221	response to chemical	1068	27	22.59	0.1544
GO:0120035	regulation of plasma membrane bounded ce...	99	4	2.09	0.1556
GO:0001816	cytokine production	65	3	1.37	0.1572
GO:0051098	regulation of binding	65	3	1.37	0.1572
GO:0000098	sulfur amino acid catabolic process	8	1	0.17	0.1574
GO:0000303	response to superoxide	8	1	0.17	0.1574
GO:0000430	regulation of transcription from RNA pol...	8	1	0.17	0.1574
GO:0000433	carbon catabolite repression of transcri...	8	1	0.17	0.1574
GO:0001707	mesoderm formation	8	1	0.17	0.1574
GO:0001938	positive regulation of endothelial cell ...	8	1	0.17	0.1574
GO:0009151	purine deoxyribonucleotide metabolic pro...	8	1	0.17	0.1574
GO:0009832	plant-type cell wall biogenesis	8	1	0.17	0.1574
GO:0010087	phloem or xylem histogenesis	8	1	0.17	0.1574
GO:0010962	regulation of glucan biosynthetic proces...	8	1	0.17	0.1574
GO:0015843	methylammonium transport	8	1	0.17	0.1574
GO:0019083	viral transcription	8	1	0.17	0.1574
GO:0019430	removal of superoxide radicals	8	1	0.17	0.1574
GO:0030509	BMP signaling pathway	8	1	0.17	0.1574
GO:0031038	myosin II filament organization	8	1	0.17	0.1574
GO:0031204	posttranslational protein targeting to m...	8	1	0.17	0.1574
GO:0031640	killing of cells of other organism	8	1	0.17	0.1574
GO:0032790	ribosome disassembly	8	1	0.17	0.1574
GO:0035950	regulation of oligopeptide transport by ...	8	1	0.17	0.1574
GO:0035952	negative regulation of oligopeptide tran...	8	1	0.17	0.1574
GO:0035953	regulation of dipeptide transport by reg...	8	1	0.17	0.1574
GO:0035955	negative regulation of dipeptide transpo...	8	1	0.17	0.1574
GO:0042938	dipeptide transport	8	1	0.17	0.1574
GO:0043534	blood vessel endothelial cell migration	8	1	0.17	0.1574
GO:0043535	regulation of blood vessel endothelial c...	8	1	0.17	0.1574
GO:0044364	disruption of cells of other organism	8	1	0.17	0.1574
GO:0044771	meiotic cell cycle phase transition	8	1	0.17	0.1574
GO:0045013	carbon catabolite repression of transcri...	8	1	0.17	0.1574
GO:0045014	carbon catabolite repression of transcri...	8	1	0.17	0.1574
GO:0046782	regulation of viral transcription	8	1	0.17	0.1574
GO:0048137	spermatocyte division	8	1	0.17	0.1574
GO:0048467	gynoecium development	8	1	0.17	0.1574
GO:0048520	positive regulation of behavior	8	1	0.17	0.1574
GO:0048662	negative regulation of smooth muscle cel...	8	1	0.17	0.1574
GO:0050866	negative regulation of cell activation	8	1	0.17	0.1574
GO:0051058	negative regulation of small GTPase medi...	8	1	0.17	0.1574
GO:0051666	actin cortical patch localization	8	1	0.17	0.1574
GO:0061984	catabolite repression	8	1	0.17	0.1574
GO:0061985	carbon catabolite repression	8	1	0.17	0.1574
GO:0061986	negative regulation of transcription by ...	8	1	0.17	0.1574
GO:0061987	negative regulation of transcription fro...	8	1	0.17	0.1574
GO:0070193	synaptonemal complex organization	8	1	0.17	0.1574
GO:0071450	cellular response to oxygen radical	8	1	0.17	0.1574
GO:0071451	cellular response to superoxide	8	1	0.17	0.1574
GO:0071772	response to BMP	8	1	0.17	0.1574
GO:0071773	cellular response to BMP stimulus	8	1	0.17	0.1574
GO:0080181	lateral root branching	8	1	0.17	0.1574
GO:0090088	regulation of oligopeptide transport	8	1	0.17	0.1574
GO:0090089	regulation of dipeptide transport	8	1	0.17	0.1574
GO:0097006	regulation of plasma lipoprotein particl...	8	1	0.17	0.1574
GO:0097755	positive regulation of blood vessel diam...	8	1	0.17	0.1574
GO:1901985	positive regulation of protein acetylati...	8	1	0.17	0.1574
GO:1903649	regulation of cytoplasmic transport	8	1	0.17	0.1574
GO:2000024	regulation of leaf development	8	1	0.17	0.1574
GO:2000758	positive regulation of peptidyl-lysine a...	8	1	0.17	0.1574
GO:2000877	negative regulation of oligopeptide tran...	8	1	0.17	0.1574
GO:2000879	negative regulation of dipeptide transpo...	8	1	0.17	0.1574
GO:0031344	regulation of cell projection organizati...	100	4	2.12	0.1596
GO:0006140	regulation of nucleotide metabolic proce...	34	2	0.72	0.1608
GO:0030010	establishment of cell polarity	34	2	0.72	0.1608
GO:0044042	glucan metabolic process	34	2	0.72	0.1608
GO:1990138	neuron projection extension	34	2	0.72	0.1608
GO:0035967	cellular response to topologically incor...	66	3	1.4	0.1624
GO:1902115	regulation of organelle assembly	66	3	1.4	0.1624
GO:0031324	negative regulation of cellular metaboli...	417	12	8.82	0.1630
GO:0006935	chemotaxis	101	4	2.14	0.1637
GO:0042742	defense response to bacterium	101	4	2.14	0.1637
GO:0016049	cell growth	138	5	2.92	0.1654
GO:0070887	cellular response to chemical stimulus	632	17	13.37	0.1662
GO:1901214	regulation of neuron death	67	3	1.42	0.1675
GO:0009408	response to heat	102	4	2.16	0.1678
GO:0034637	cellular carbohydrate biosynthetic proce...	35	2	0.74	0.1684
GO:0048488	synaptic vesicle endocytosis	35	2	0.74	0.1684
GO:0140238	presynaptic endocytosis	35	2	0.74	0.1684
GO:2000785	regulation of autophagosome assembly	35	2	0.74	0.1684
GO:0010557	positive regulation of macromolecule bio...	297	9	6.28	0.1714
GO:0006810	transport	945	24	19.99	0.1718
GO:0006897	endocytosis	140	5	2.96	0.1724
GO:0016999	antibiotic metabolic process	68	3	1.44	0.1728
GO:0051051	negative regulation of transport	68	3	1.44	0.1728
GO:1901292	nucleoside phosphate catabolic process	68	3	1.44	0.1728
GO:0048583	regulation of response to stimulus	550	15	11.63	0.1739
GO:0006511	ubiquitin-dependent protein catabolic pr...	218	7	4.61	0.1747
GO:0000395	mRNA 5'-splice site recognition	9	1	0.19	0.1752
GO:0000429	carbon catabolite regulation of transcri...	9	1	0.19	0.1752
GO:0002184	cytoplasmic translational termination	9	1	0.19	0.1752
GO:0002685	regulation of leukocyte migration	9	1	0.19	0.1752
GO:0006616	SRP-dependent cotranslational protein ta...	9	1	0.19	0.1752
GO:0006797	polyphosphate metabolic process	9	1	0.19	0.1752
GO:0007492	endoderm development	9	1	0.19	0.1752
GO:0009264	deoxyribonucleotide catabolic process	9	1	0.19	0.1752
GO:0009867	jasmonic acid mediated signaling pathway	9	1	0.19	0.1752
GO:0010595	positive regulation of endothelial cell ...	9	1	0.19	0.1752
GO:0015936	coenzyme A metabolic process	9	1	0.19	0.1752
GO:0015937	coenzyme A biosynthetic process	9	1	0.19	0.1752
GO:0033567	DNA replication, Okazaki fragment proces...	9	1	0.19	0.1752
GO:0035094	response to nicotine	9	1	0.19	0.1752
GO:0036244	cellular response to neutral pH	9	1	0.19	0.1752
GO:0045990	carbon catabolite regulation of transcri...	9	1	0.19	0.1752
GO:0046386	deoxyribose phosphate catabolic process	9	1	0.19	0.1752
GO:0048332	mesoderm morphogenesis	9	1	0.19	0.1752
GO:0048640	negative regulation of developmental gro...	9	1	0.19	0.1752
GO:0051273	beta-glucan metabolic process	9	1	0.19	0.1752
GO:0051278	fungal-type cell wall polysaccharide bio...	9	1	0.19	0.1752
GO:0060258	negative regulation of filamentous growt...	9	1	0.19	0.1752
GO:0070592	cell wall polysaccharide biosynthetic pr...	9	1	0.19	0.1752
GO:0071281	cellular response to iron ion	9	1	0.19	0.1752
GO:0090277	positive regulation of peptide hormone s...	9	1	0.19	0.1752
GO:0090306	spindle assembly involved in meiosis	9	1	0.19	0.1752
GO:1900429	negative regulation of filamentous growt...	9	1	0.19	0.1752
GO:1903305	regulation of regulated secretory pathwa...	9	1	0.19	0.1752
GO:1904019	epithelial cell apoptotic process	9	1	0.19	0.1752
GO:1904035	regulation of epithelial cell apoptotic ...	9	1	0.19	0.1752
GO:2000220	regulation of pseudohyphal growth	9	1	0.19	0.1752
GO:0000271	polysaccharide biosynthetic process	36	2	0.76	0.1760
GO:0045926	negative regulation of growth	36	2	0.76	0.1760
GO:0061013	regulation of mRNA catabolic process	36	2	0.76	0.1760
GO:0016197	endosomal transport	104	4	2.2	0.1762
GO:0031349	positive regulation of defense response	69	3	1.46	0.1781
GO:0019941	modification-dependent protein catabolic...	220	7	4.65	0.1804
GO:0006796	phosphate-containing compound metabolic ...	728	19	15.4	0.1805
GO:0034097	response to cytokine	143	5	3.02	0.1832
GO:0046907	intracellular transport	512	14	10.83	0.1833
GO:0000281	mitotic cytokinesis	70	3	1.48	0.1834
GO:0022622	root system development	70	3	1.48	0.1834
GO:0048364	root development	70	3	1.48	0.1834
GO:0070997	neuron death	70	3	1.48	0.1834
GO:0007369	gastrulation	37	2	0.78	0.1836
GO:0030968	endoplasmic reticulum unfolded protein r...	37	2	0.78	0.1836
GO:0051247	positive regulation of protein metabolic...	302	9	6.39	0.1836
GO:0051704	multi-organism process	730	19	15.44	0.1839
GO:0007018	microtubule-based movement	106	4	2.24	0.1847
GO:0000226	microtubule cytoskeleton organization	182	6	3.85	0.1847
GO:0010941	regulation of cell death	304	9	6.43	0.1886
GO:0010015	root morphogenesis	38	2	0.8	0.1913
GO:0048814	regulation of dendrite morphogenesis	38	2	0.8	0.1913
GO:0002040	sprouting angiogenesis	10	1	0.21	0.1927
GO:0002698	negative regulation of immune effector p...	10	1	0.21	0.1927
GO:0006959	humoral immune response	10	1	0.21	0.1927
GO:0007141	male meiosis I	10	1	0.21	0.1927
GO:0007588	excretion	10	1	0.21	0.1927
GO:0008625	extrinsic apoptotic signaling pathway vi...	10	1	0.21	0.1927
GO:0009240	isopentenyl diphosphate biosynthetic pro...	10	1	0.21	0.1927
GO:0030183	B cell differentiation	10	1	0.21	0.1927
GO:0036177	filamentous growth of a population of un...	10	1	0.21	0.1927
GO:0036178	filamentous growth of a population of un...	10	1	0.21	0.1927
GO:0036296	response to increased oxygen levels	10	1	0.21	0.1927
GO:0046015	regulation of transcription by glucose	10	1	0.21	0.1927
GO:0046490	isopentenyl diphosphate metabolic proces...	10	1	0.21	0.1927
GO:0051177	meiotic sister chromatid cohesion	10	1	0.21	0.1927
GO:0071395	cellular response to jasmonic acid stimu...	10	1	0.21	0.1927
GO:0090626	plant epidermis morphogenesis	10	1	0.21	0.1927
GO:1900101	regulation of endoplasmic reticulum unfo...	10	1	0.21	0.1927
GO:1900102	negative regulation of endoplasmic retic...	10	1	0.21	0.1927
GO:1903894	regulation of IRE1-mediated unfolded pro...	10	1	0.21	0.1927
GO:1903895	negative regulation of IRE1-mediated unf...	10	1	0.21	0.1927
GO:0046434	organophosphate catabolic process	72	3	1.52	0.1941
GO:0060560	developmental growth involved in morphog...	72	3	1.52	0.1941
GO:0044281	small molecule metabolic process	736	19	15.57	0.1941
GO:0016236	macroautophagy	146	5	3.09	0.1942
GO:0031328	positive regulation of cellular biosynth...	348	10	7.36	0.1949
GO:0010605	negative regulation of macromolecule met...	519	14	10.98	0.1972
GO:0002253	activation of immune response	39	2	0.82	0.1990
GO:0002683	negative regulation of immune system pro...	39	2	0.82	0.1990
GO:0034968	histone lysine methylation	39	2	0.82	0.1990
GO:0042303	molting cycle	39	2	0.82	0.1990
GO:0043410	positive regulation of MAPK cascade	39	2	0.82	0.1990
GO:0043901	negative regulation of multi-organism pr...	39	2	0.82	0.1990
GO:0044088	regulation of vacuole organization	39	2	0.82	0.1990
GO:0048731	system development	828	21	17.51	0.1994
GO:0009150	purine ribonucleotide metabolic process	187	6	3.96	0.2011
GO:0006412	translation	309	9	6.54	0.2015
GO:0098657	import into cell	148	5	3.13	0.2017
GO:0050776	regulation of immune response	110	4	2.33	0.2021
GO:0035966	response to topologically incorrect prot...	74	3	1.57	0.2051
GO:0071241	cellular response to inorganic substance	74	3	1.57	0.2051
GO:0016310	phosphorylation	437	12	9.24	0.2054
GO:0034620	cellular response to unfolded protein	40	2	0.85	0.2068
GO:0044182	filamentous growth of a population of un...	40	2	0.85	0.2068
GO:0000055	ribosomal large subunit export from nucl...	11	1	0.23	0.2098
GO:0000060	protein import into nucleus, translocati...	11	1	0.23	0.2098
GO:0006620	posttranslational protein targeting to e...	11	1	0.23	0.2098
GO:0006739	NADP metabolic process	11	1	0.23	0.2098
GO:0007124	pseudohyphal growth	11	1	0.23	0.2098
GO:0009860	pollen tube growth	11	1	0.23	0.2098
GO:0010594	regulation of endothelial cell migration	11	1	0.23	0.2098
GO:0010634	positive regulation of epithelial cell m...	11	1	0.23	0.2098
GO:0010656	negative regulation of muscle cell apopt...	11	1	0.23	0.2098
GO:0032881	regulation of polysaccharide metabolic p...	11	1	0.23	0.2098
GO:0032885	regulation of polysaccharide biosyntheti...	11	1	0.23	0.2098
GO:0036176	response to neutral pH	11	1	0.23	0.2098
GO:0043500	muscle adaptation	11	1	0.23	0.2098
GO:0050680	negative regulation of epithelial cell p...	11	1	0.23	0.2098
GO:0051205	protein insertion into membrane	11	1	0.23	0.2098
GO:0070317	negative regulation of G0 to G1 transiti...	11	1	0.23	0.2098
GO:0071966	fungal-type cell wall polysaccharide met...	11	1	0.23	0.2098
GO:0097746	regulation of blood vessel diameter	11	1	0.23	0.2098
GO:0098722	asymmetric stem cell division	11	1	0.23	0.2098
GO:1901976	regulation of cell cycle checkpoint	11	1	0.23	0.2098
GO:1902017	regulation of cilium assembly	11	1	0.23	0.2098
GO:2001244	positive regulation of intrinsic apoptot...	11	1	0.23	0.2098
GO:0045088	regulation of innate immune response	75	3	1.59	0.2106
GO:0080135	regulation of cellular response to stres...	151	5	3.19	0.2131
GO:0043632	modification-dependent macromolecule cat...	231	7	4.89	0.2134
GO:0007528	neuromuscular junction development	41	2	0.87	0.2146
GO:0036465	synaptic vesicle recycling	41	2	0.87	0.2146
GO:0042391	regulation of membrane potential	41	2	0.87	0.2146
GO:0009891	positive regulation of biosynthetic proc...	356	10	7.53	0.2147
GO:0042327	positive regulation of phosphorylation	113	4	2.39	0.2154
GO:0042330	taxis	113	4	2.39	0.2154
GO:0006508	proteolysis	399	11	8.44	0.2162
GO:0032886	regulation of microtubule-based process	76	3	1.61	0.2162
GO:0006979	response to oxidative stress	273	8	5.77	0.2162
GO:0051641	cellular localization	706	18	14.93	0.2202
GO:0070848	response to growth factor	77	3	1.63	0.2217
GO:0071363	cellular response to growth factor stimu...	77	3	1.63	0.2217
GO:0071900	regulation of protein serine/threonine k...	77	3	1.63	0.2217
GO:0009966	regulation of signal transduction	359	10	7.59	0.2223
GO:0008360	regulation of cell shape	42	2	0.89	0.2225
GO:0050807	regulation of synapse organization	42	2	0.89	0.2225
GO:0033554	cellular response to stress	752	19	15.91	0.2231
GO:1901564	organonitrogen compound metabolic proces...	1721	40	36.4	0.2236
GO:0009215	purine deoxyribonucleoside triphosphate ...	12	1	0.25	0.2266
GO:0010026	trichome differentiation	12	1	0.25	0.2266
GO:0016584	nucleosome positioning	12	1	0.25	0.2266
GO:0019755	one-carbon compound transport	12	1	0.25	0.2266
GO:0021987	cerebral cortex development	12	1	0.25	0.2266
GO:0030718	germ-line stem cell population maintenan...	12	1	0.25	0.2266
GO:0031122	cytoplasmic microtubule organization	12	1	0.25	0.2266
GO:0035296	regulation of tube diameter	12	1	0.25	0.2266
GO:0042144	vacuole fusion, non-autophagic	12	1	0.25	0.2266
GO:0044038	cell wall macromolecule biosynthetic pro...	12	1	0.25	0.2266
GO:0045023	G0 to G1 transition	12	1	0.25	0.2266
GO:0050679	positive regulation of epithelial cell p...	12	1	0.25	0.2266
GO:0050880	regulation of blood vessel size	12	1	0.25	0.2266
GO:0051702	interaction with symbiont	12	1	0.25	0.2266
GO:0051851	modification by host of symbiont morphol...	12	1	0.25	0.2266
GO:0070316	regulation of G0 to G1 transition	12	1	0.25	0.2266
GO:0070589	cellular component macromolecule biosynt...	12	1	0.25	0.2266
GO:0071669	plant-type cell wall organization or bio...	12	1	0.25	0.2266
GO:0072488	ammonium transmembrane transport	12	1	0.25	0.2266
GO:0097576	vacuole fusion	12	1	0.25	0.2266
GO:1903426	regulation of reactive oxygen species bi...	12	1	0.25	0.2266
GO:1904667	negative regulation of ubiquitin protein...	12	1	0.25	0.2266
GO:0032496	response to lipopolysaccharide	43	2	0.91	0.2303
GO:0045861	negative regulation of proteolysis	43	2	0.91	0.2303
GO:1903409	reactive oxygen species biosynthetic pro...	43	2	0.91	0.2303
GO:0007010	cytoskeleton organization	278	8	5.88	0.2308
GO:0007017	microtubule-based process	237	7	5.01	0.2323
GO:0022603	regulation of anatomical structure morph...	156	5	3.3	0.2326
GO:0048522	positive regulation of cellular process	847	21	17.91	0.2329
GO:0007163	establishment or maintenance of cell pol...	79	3	1.67	0.2330
GO:0051648	vesicle localization	79	3	1.67	0.2330
GO:0051650	establishment of vesicle localization	79	3	1.67	0.2330
GO:0048729	tissue morphogenesis	117	4	2.47	0.2336
GO:0051241	negative regulation of multicellular org...	117	4	2.47	0.2336
GO:0032989	cellular component morphogenesis	238	7	5.03	0.2355
GO:0009152	purine ribonucleotide biosynthetic proce...	118	4	2.5	0.2382
GO:0002237	response to molecule of bacterial origin	44	2	0.93	0.2382
GO:0007411	axon guidance	44	2	0.93	0.2382
GO:0008088	axo-dendritic transport	44	2	0.93	0.2382
GO:0048489	synaptic vesicle transport	44	2	0.93	0.2382
GO:0070192	chromosome organization involved in meio...	44	2	0.93	0.2382
GO:0097479	synaptic vesicle localization	44	2	0.93	0.2382
GO:0097480	establishment of synaptic vesicle locali...	44	2	0.93	0.2382
GO:0007051	spindle organization	80	3	1.69	0.2387
GO:0006605	protein targeting	198	6	4.19	0.2390
GO:0009259	ribonucleotide metabolic process	198	6	4.19	0.2390
GO:0031401	positive regulation of protein modificat...	158	5	3.34	0.2405
GO:0000132	establishment of mitotic spindle orienta...	13	1	0.27	0.2430
GO:0001704	formation of primary germ layer	13	1	0.27	0.2430
GO:0006195	purine nucleotide catabolic process	13	1	0.27	0.2430
GO:0006570	tyrosine metabolic process	13	1	0.27	0.2430
GO:0009644	response to high light intensity	13	1	0.27	0.2430
GO:0010039	response to iron ion	13	1	0.27	0.2430
GO:0010053	root epidermal cell differentiation	13	1	0.27	0.2430
GO:0010824	regulation of centrosome duplication	13	1	0.27	0.2430
GO:0019080	viral gene expression	13	1	0.27	0.2430
GO:0030336	negative regulation of cell migration	13	1	0.27	0.2430
GO:0032988	ribonucleoprotein complex disassembly	13	1	0.27	0.2430
GO:0036180	filamentous growth of a population of un...	13	1	0.27	0.2430
GO:0042168	heme metabolic process	13	1	0.27	0.2430
GO:0042304	regulation of fatty acid biosynthetic pr...	13	1	0.27	0.2430
GO:0042537	benzene-containing compound metabolic pr...	13	1	0.27	0.2430
GO:0043627	response to estrogen	13	1	0.27	0.2430
GO:0045144	meiotic sister chromatid segregation	13	1	0.27	0.2430
GO:0045766	positive regulation of angiogenesis	13	1	0.27	0.2430
GO:0046688	response to copper ion	13	1	0.27	0.2430
GO:0048678	response to axon injury	13	1	0.27	0.2430
GO:0051271	negative regulation of cellular componen...	13	1	0.27	0.2430
GO:0052167	modulation by symbiont of host innate im...	13	1	0.27	0.2430
GO:0052306	modulation by organism of innate immune ...	13	1	0.27	0.2430
GO:0052552	modulation by organism of immune respons...	13	1	0.27	0.2430
GO:0052553	modulation by symbiont of host immune re...	13	1	0.27	0.2430
GO:0071276	cellular response to cadmium ion	13	1	0.27	0.2430
GO:2000146	negative regulation of cell motility	13	1	0.27	0.2430
GO:2001237	negative regulation of extrinsic apoptot...	13	1	0.27	0.2430
GO:0050803	regulation of synapse structure or activ...	45	2	0.95	0.2461
GO:0071248	cellular response to metal ion	45	2	0.95	0.2461
GO:0071453	cellular response to oxygen levels	45	2	0.95	0.2461
GO:0031347	regulation of defense response	120	4	2.54	0.2475
GO:0043043	peptide biosynthetic process	326	9	6.9	0.2477
GO:0051603	proteolysis involved in cellular protein...	242	7	5.12	0.2484
GO:0030031	cell projection assembly	82	3	1.73	0.2501
GO:0006164	purine nucleotide biosynthetic process	121	4	2.56	0.2522
GO:0044419	interspecies interaction between organis...	161	5	3.41	0.2526
GO:0098542	defense response to other organism	161	5	3.41	0.2526
GO:0018022	peptidyl-lysine methylation	46	2	0.97	0.2540
GO:0042737	drug catabolic process	46	2	0.97	0.2540
GO:0044264	cellular polysaccharide metabolic proces...	46	2	0.97	0.2540
GO:0050768	negative regulation of neurogenesis	46	2	0.97	0.2540
GO:0050773	regulation of dendrite development	46	2	0.97	0.2540
GO:0051817	modification of morphology or physiology...	46	2	0.97	0.2540
GO:0009611	response to wounding	83	3	1.76	0.2558
GO:0032434	regulation of proteasomal ubiquitin-depe...	83	3	1.76	0.2558
GO:0003018	vascular process in circulatory system	14	1	0.3	0.2591
GO:0006171	cAMP biosynthetic process	14	1	0.3	0.2591
GO:0009909	regulation of flower development	14	1	0.3	0.2591
GO:0010150	leaf senescence	14	1	0.3	0.2591
GO:0010660	regulation of muscle cell apoptotic proc...	14	1	0.3	0.2591
GO:0031268	pseudopodium organization	14	1	0.3	0.2591
GO:0032456	endocytic recycling	14	1	0.3	0.2591
GO:0043542	endothelial cell migration	14	1	0.3	0.2591
GO:0043618	regulation of transcription from RNA pol...	14	1	0.3	0.2591
GO:0043620	regulation of DNA-templated transcriptio...	14	1	0.3	0.2591
GO:0048868	pollen tube development	14	1	0.3	0.2591
GO:0050829	defense response to Gram-negative bacter...	14	1	0.3	0.2591
GO:0052564	response to immune response of other org...	14	1	0.3	0.2591
GO:0052572	response to host immune response	14	1	0.3	0.2591
GO:0090100	positive regulation of transmembrane rec...	14	1	0.3	0.2591
GO:0090693	plant organ senescence	14	1	0.3	0.2591
GO:2000769	regulation of establishment or maintenan...	14	1	0.3	0.2591
GO:0044237	cellular metabolic process	2619	58	55.39	0.2592
GO:0019693	ribose phosphate metabolic process	204	6	4.31	0.2605
GO:0048367	shoot system development	84	3	1.78	0.2616
GO:0048732	gland development	84	3	1.78	0.2616
GO:0061640	cytoskeleton-dependent cytokinesis	84	3	1.78	0.2616
GO:0006986	response to unfolded protein	47	2	0.99	0.2619
GO:0048513	animal organ development	461	12	9.75	0.2622
GO:0009260	ribonucleotide biosynthetic process	124	4	2.62	0.2663
GO:0046390	ribose phosphate biosynthetic process	124	4	2.62	0.2663
GO:0048518	positive regulation of biological proces...	956	23	20.22	0.2670
GO:0032270	positive regulation of cellular protein ...	290	8	6.13	0.2671
GO:0030030	cell projection organization	206	6	4.36	0.2679
GO:0007476	imaginal disc-derived wing morphogenesis	48	2	1.02	0.2699
GO:0033865	nucleoside bisphosphate metabolic proces...	48	2	1.02	0.2699
GO:0033875	ribonucleoside bisphosphate metabolic pr...	48	2	1.02	0.2699
GO:0034032	purine nucleoside bisphosphate metabolic...	48	2	1.02	0.2699
GO:0035114	imaginal disc-derived appendage morphoge...	48	2	1.02	0.2699
GO:0043603	cellular amide metabolic process	466	12	9.86	0.2747
GO:0000963	mitochondrial RNA processing	15	1	0.32	0.2748
GO:0006376	mRNA splice site selection	15	1	0.32	0.2748
GO:0006857	oligopeptide transport	15	1	0.32	0.2748
GO:0007097	nuclear migration	15	1	0.32	0.2748
GO:0007422	peripheral nervous system development	15	1	0.32	0.2748
GO:0008217	regulation of blood pressure	15	1	0.32	0.2748
GO:0009272	fungal-type cell wall biogenesis	15	1	0.32	0.2748
GO:0009932	cell tip growth	15	1	0.32	0.2748
GO:0010311	lateral root formation	15	1	0.32	0.2748
GO:0010657	muscle cell apoptotic process	15	1	0.32	0.2748
GO:0035065	regulation of histone acetylation	15	1	0.32	0.2748
GO:0035150	regulation of tube size	15	1	0.32	0.2748
GO:0045824	negative regulation of innate immune res...	15	1	0.32	0.2748
GO:0046685	response to arsenic-containing substance	15	1	0.32	0.2748
GO:0051294	establishment of spindle orientation	15	1	0.32	0.2748
GO:0051647	nucleus localization	15	1	0.32	0.2748
GO:1904018	positive regulation of vasculature devel...	15	1	0.32	0.2748
GO:2001236	regulation of extrinsic apoptotic signal...	15	1	0.32	0.2748
GO:0051253	negative regulation of RNA metabolic pro...	208	6	4.4	0.2752
GO:0009266	response to temperature stimulus	167	5	3.53	0.2771
GO:0006119	oxidative phosphorylation	49	2	1.04	0.2778
GO:0007472	wing disc morphogenesis	49	2	1.04	0.2778
GO:0010501	RNA secondary structure unwinding	49	2	1.04	0.2778
GO:0048737	imaginal disc-derived appendage developm...	49	2	1.04	0.2778
GO:0006323	DNA packaging	87	3	1.84	0.2790
GO:0023056	positive regulation of signaling	210	6	4.44	0.2826
GO:0044085	cellular component biogenesis	1010	24	21.36	0.2827
GO:0008219	cell death	382	10	8.08	0.2841
GO:0051172	negative regulation of nitrogen compound...	382	10	8.08	0.2841
GO:0097190	apoptotic signaling pathway	88	3	1.86	0.2848
GO:0007140	male meiotic nuclear division	50	2	1.06	0.2857
GO:0035120	post-embryonic appendage morphogenesis	50	2	1.06	0.2857
GO:0051961	negative regulation of nervous system de...	50	2	1.06	0.2857
GO:0097485	neuron projection guidance	50	2	1.06	0.2857
GO:0010604	positive regulation of macromolecule met...	559	14	11.82	0.2858
GO:0040007	growth	297	8	6.28	0.2891
GO:0001818	negative regulation of cytokine producti...	16	1	0.34	0.2903
GO:0001906	cell killing	16	1	0.34	0.2903
GO:0006821	chloride transport	16	1	0.34	0.2903
GO:0007135	meiosis II	16	1	0.34	0.2903
GO:0009200	deoxyribonucleoside triphosphate metabol...	16	1	0.34	0.2903
GO:0009624	response to nematode	16	1	0.34	0.2903
GO:0010102	lateral root morphogenesis	16	1	0.34	0.2903
GO:0031167	rRNA methylation	16	1	0.34	0.2903
GO:0042548	regulation of photosynthesis, light reac...	16	1	0.34	0.2903
GO:0042728	flavin-containing compound catabolic pro...	16	1	0.34	0.2903
GO:0046058	cAMP metabolic process	16	1	0.34	0.2903
GO:0046605	regulation of centrosome cycle	16	1	0.34	0.2903
GO:0048438	floral whorl development	16	1	0.34	0.2903
GO:0051444	negative regulation of ubiquitin-protein...	16	1	0.34	0.2903
GO:0061857	endoplasmic reticulum stress-induced pre...	16	1	0.34	0.2903
GO:0070481	nuclear-transcribed mRNA catabolic proce...	16	1	0.34	0.2903
GO:0070651	nonfunctional rRNA decay	16	1	0.34	0.2903
GO:0070842	aggresome assembly	16	1	0.34	0.2903
GO:0072389	flavin adenine dinucleotide catabolic pr...	16	1	0.34	0.2903
GO:0090627	plant epidermal cell differentiation	16	1	0.34	0.2903
GO:1902476	chloride transmembrane transport	16	1	0.34	0.2903
GO:1903003	positive regulation of protein deubiquit...	16	1	0.34	0.2903
GO:1903004	regulation of protein K63-linked deubiqu...	16	1	0.34	0.2903
GO:1903006	positive regulation of protein K63-linke...	16	1	0.34	0.2903
GO:1903007	positive regulation of Lys63-specific de...	16	1	0.34	0.2903
GO:1903715	regulation of aerobic respiration	16	1	0.34	0.2903
GO:1903862	positive regulation of oxidative phospho...	16	1	0.34	0.2903
GO:0006468	protein phosphorylation	298	8	6.3	0.2923
GO:0051186	cofactor metabolic process	298	8	6.3	0.2923
GO:0007041	lysosomal transport	51	2	1.08	0.2936
GO:0042127	regulation of cell proliferation	171	5	3.62	0.2938
GO:0044257	cellular protein catabolic process	256	7	5.41	0.2955
GO:0008152	metabolic process	2736	60	57.87	0.2968
GO:0010647	positive regulation of cell communicatio...	215	6	4.55	0.3014
GO:0034614	cellular response to reactive oxygen spe...	52	2	1.1	0.3015
GO:0040017	positive regulation of locomotion	52	2	1.1	0.3015
