GO.ID	Term	Annotated	Significant	Expected	classic
GO:0000278	mitotic cell cycle	384	138	86	7.2e-11
GO:0007049	cell cycle	533	178	119.37	9.0e-11
GO:1903047	mitotic cell cycle process	353	129	79.05	9.4e-11
GO:0022402	cell cycle process	478	163	107.05	1.2e-10
GO:0007059	chromosome segregation	208	84	46.58	1.2e-09
GO:0000280	nuclear division	252	96	56.44	3.0e-09
GO:0000819	sister chromatid segregation	162	68	36.28	8.3e-09
GO:0048285	organelle fission	268	99	60.02	1.1e-08
GO:0098813	nuclear chromosome segregation	190	76	42.55	1.4e-08
GO:0140014	mitotic nuclear division	177	72	39.64	1.5e-08
GO:0000070	mitotic sister chromatid segregation	139	60	31.13	1.9e-08
GO:0044770	cell cycle phase transition	214	81	47.93	8.4e-08
GO:0051983	regulation of chromosome segregation	88	42	19.71	9.6e-08
GO:0051304	chromosome separation	90	42	20.16	2.1e-07
GO:0044772	mitotic cell cycle phase transition	201	76	45.01	2.3e-07
GO:0051306	mitotic sister chromatid separation	67	34	15	2.6e-07
GO:0051783	regulation of nuclear division	123	52	27.55	4.0e-07
GO:0045840	positive regulation of mitotic nuclear d...	46	26	10.3	4.6e-07
GO:0033045	regulation of sister chromatid segregati...	83	39	18.59	4.7e-07
GO:0007088	regulation of mitotic nuclear division	109	47	24.41	7.5e-07
GO:0051276	chromosome organization	477	149	106.82	7.6e-07
GO:0045931	positive regulation of mitotic cell cycl...	94	42	21.05	9.3e-07
GO:0051225	spindle assembly	48	26	10.75	1.4e-06
GO:0051984	positive regulation of chromosome segreg...	48	26	10.75	1.4e-06
GO:0062033	positive regulation of mitotic sister ch...	40	23	8.96	1.4e-06
GO:0033047	regulation of mitotic sister chromatid s...	75	35	16.8	2.3e-06
GO:0010564	regulation of cell cycle process	253	87	56.66	3.6e-06
GO:0051785	positive regulation of nuclear division	50	26	11.2	3.9e-06
GO:0007051	spindle organization	80	36	17.92	4.7e-06
GO:0044403	symbiont process	126	50	28.22	6.3e-06
GO:0007091	metaphase/anaphase transition of mitotic...	60	29	13.44	7.2e-06
GO:0030071	regulation of mitotic metaphase/anaphase...	60	29	13.44	7.2e-06
GO:1902850	microtubule cytoskeleton organization in...	66	31	14.78	7.3e-06
GO:0045842	positive regulation of mitotic metaphase...	35	20	7.84	8.0e-06
GO:1901970	positive regulation of mitotic sister ch...	35	20	7.84	8.0e-06
GO:0007346	regulation of mitotic cell cycle	225	78	50.39	8.6e-06
GO:0010965	regulation of mitotic sister chromatid s...	61	29	13.66	1.1e-05
GO:0051231	spindle elongation	10	9	2.24	1.1e-05
GO:0051301	cell division	205	72	45.91	1.2e-05
GO:0046903	secretion	209	73	46.81	1.3e-05
GO:1901987	regulation of cell cycle phase transitio...	174	63	38.97	1.4e-05
GO:0006259	DNA metabolic process	440	134	98.54	1.4e-05
GO:0033044	regulation of chromosome organization	178	64	39.86	1.6e-05
GO:0044784	metaphase/anaphase transition of cell cy...	62	29	13.88	1.6e-05
GO:1902099	regulation of metaphase/anaphase transit...	62	29	13.88	1.6e-05
GO:1901992	positive regulation of mitotic cell cycl...	69	31	15.45	2.2e-05
GO:0007052	mitotic spindle organization	51	25	11.42	2.3e-05
GO:1905818	regulation of chromosome separation	63	29	14.11	2.4e-05
GO:1902101	positive regulation of metaphase/anaphas...	37	20	8.29	2.5e-05
GO:1905820	positive regulation of chromosome separa...	37	20	8.29	2.5e-05
GO:0032506	cytokinetic process	40	21	8.96	2.8e-05
GO:0090068	positive regulation of cell cycle proces...	122	47	27.32	3.0e-05
GO:0051179	localization	1156	305	258.89	3.3e-05
GO:1901990	regulation of mitotic cell cycle phase t...	164	59	36.73	3.4e-05
GO:0051726	regulation of cell cycle	334	105	74.8	3.4e-05
GO:0090307	mitotic spindle assembly	35	19	7.84	3.7e-05
GO:1903532	positive regulation of secretion by cell	47	23	10.53	5.0e-05
GO:0033043	regulation of organelle organization	360	111	80.62	5.1e-05
GO:0032940	secretion by cell	196	67	43.89	6.5e-05
GO:0051321	meiotic cell cycle	182	63	40.76	7.1e-05
GO:0051781	positive regulation of cell division	51	24	11.42	7.7e-05
GO:0044419	interspecies interaction between organis...	161	57	36.06	7.8e-05
GO:1901989	positive regulation of cell cycle phase ...	73	31	16.35	8.6e-05
GO:0009142	nucleoside triphosphate biosynthetic pro...	70	30	15.68	9.1e-05
GO:0051047	positive regulation of secretion	49	23	10.97	0.00011
GO:0031032	actomyosin structure organization	29	16	6.49	0.00012
GO:0051130	positive regulation of cellular componen...	244	79	54.64	0.00012
GO:0061640	cytoskeleton-dependent cytokinesis	84	34	18.81	0.00013
GO:0022414	reproductive process	636	178	142.43	0.00013
GO:0045787	positive regulation of cell cycle	146	52	32.7	0.00014
GO:0016032	viral process	91	36	20.38	0.00014
GO:1903046	meiotic cell cycle process	157	55	35.16	0.00014
GO:0051234	establishment of localization	981	260	219.7	0.00015
GO:0016192	vesicle-mediated transport	341	104	76.37	0.00015
GO:0006754	ATP biosynthetic process	53	24	11.87	0.00016
GO:0000003	reproduction	668	185	149.6	0.00017
GO:1902410	mitotic cytokinetic process	27	15	6.05	0.00018
GO:0061136	regulation of proteasomal protein catabo...	99	38	22.17	0.00019
GO:0032504	multicellular organism reproduction	316	97	70.77	0.00019
GO:0031145	anaphase-promoting complex-dependent cat...	17	11	3.81	0.00021
GO:0007017	microtubule-based process	237	76	53.08	0.00023
GO:1902750	negative regulation of cell cycle G2/M p...	36	18	8.06	0.00024
GO:0009201	ribonucleoside triphosphate biosynthetic...	61	26	13.66	0.00030
GO:0009606	tropism	15	10	3.36	0.00030
GO:0009206	purine ribonucleoside triphosphate biosy...	58	25	12.99	0.00031
GO:0000910	cytokinesis	98	37	21.95	0.00034
GO:0030865	cortical cytoskeleton organization	43	20	9.63	0.00037
GO:1901800	positive regulation of proteasomal prote...	75	30	16.8	0.00040
GO:1903052	positive regulation of proteolysis invol...	75	30	16.8	0.00040
GO:1903364	positive regulation of cellular protein ...	75	30	16.8	0.00040
GO:0048609	multicellular organismal reproductive pr...	310	94	69.42	0.00040
GO:0009145	purine nucleoside triphosphate biosynthe...	62	26	13.88	0.00040
GO:0044703	multi-organism reproductive process	338	101	75.7	0.00043
GO:0070646	protein modification by small protein re...	82	32	18.36	0.00043
GO:0022412	cellular process involved in reproductio...	215	69	48.15	0.00044
GO:0051172	negative regulation of nitrogen compound...	382	112	85.55	0.00047
GO:0032787	monocarboxylic acid metabolic process	197	64	44.12	0.00049
GO:0006887	exocytosis	117	42	26.2	0.00049
GO:0051310	metaphase plate congression	29	15	6.49	0.00049
GO:0051704	multi-organism process	730	197	163.48	0.00050
GO:0051303	establishment of chromosome localization	32	16	7.17	0.00053
GO:0140013	meiotic nuclear division	128	45	28.67	0.00053
GO:0032434	regulation of proteasomal ubiquitin-depe...	83	32	18.59	0.00056
GO:0019953	sexual reproduction	321	96	71.89	0.00059
GO:0007292	female gamete generation	143	49	32.02	0.00060
GO:0009152	purine ribonucleotide biosynthetic proce...	118	42	26.43	0.00061
GO:0010638	positive regulation of organelle organiz...	154	52	34.49	0.00061
GO:0000281	mitotic cytokinesis	70	28	15.68	0.00062
GO:0008608	attachment of spindle microtubules to ki...	16	10	3.58	0.00063
GO:0003006	developmental process involved in reprod...	417	120	93.39	0.00065
GO:0090407	organophosphate biosynthetic process	252	78	56.44	0.00066
GO:0051302	regulation of cell division	94	35	21.05	0.00067
GO:0045321	leukocyte activation	108	39	24.19	0.00068
GO:0016321	female meiosis chromosome segregation	7	6	1.57	0.00070
GO:0001775	cell activation	119	42	26.65	0.00074
GO:0051046	regulation of secretion	88	33	19.71	0.00082
GO:0051223	regulation of protein transport	88	33	19.71	0.00082
GO:0044843	cell cycle G1/S phase transition	95	35	21.28	0.00084
GO:2001252	positive regulation of chromosome organi...	95	35	21.28	0.00084
GO:0007127	meiosis I	78	30	17.47	0.00087
GO:0016579	protein deubiquitination	68	27	15.23	0.00088
GO:0032436	positive regulation of proteasomal ubiqu...	68	27	15.23	0.00088
GO:1901988	negative regulation of cell cycle phase ...	85	32	19.04	0.00091
GO:0006810	transport	945	246	211.63	0.00091
GO:1903050	regulation of proteolysis involved in ce...	106	38	23.74	0.00094
GO:1903362	regulation of cellular protein catabolic...	106	38	23.74	0.00094
GO:0009260	ribonucleotide biosynthetic process	124	43	27.77	0.00098
GO:0046390	ribose phosphate biosynthetic process	124	43	27.77	0.00098
GO:0032879	regulation of localization	369	107	82.64	0.00099
GO:1901565	organonitrogen compound catabolic proces...	389	112	87.12	0.00099
GO:0002495	antigen processing and presentation of p...	22	12	4.93	0.00099
GO:0002504	antigen processing and presentation of p...	22	12	4.93	0.00099
GO:0019886	antigen processing and presentation of e...	22	12	4.93	0.00099
GO:0044837	actomyosin contractile ring organization	22	12	4.93	0.00099
GO:0050714	positive regulation of protein secretion	22	12	4.93	0.00099
GO:0007062	sister chromatid cohesion	49	21	10.97	0.00103
GO:0070201	regulation of establishment of protein l...	103	37	23.07	0.00104
GO:0090087	regulation of peptide transport	103	37	23.07	0.00104
GO:0070647	protein modification by small protein co...	244	75	54.64	0.00105
GO:0006164	purine nucleotide biosynthetic process	121	42	27.1	0.00109
GO:0030163	protein catabolic process	287	86	64.27	0.00109
GO:0019884	antigen processing and presentation of e...	25	13	5.6	0.00111
GO:0032103	positive regulation of response to exter...	25	13	5.6	0.00111
GO:0045732	positive regulation of protein catabolic...	86	32	19.26	0.00114
GO:0030866	cortical actin cytoskeleton organization	40	18	8.96	0.00118
GO:0005975	carbohydrate metabolic process	147	49	32.92	0.00121
GO:0046939	nucleotide phosphorylation	37	17	8.29	0.00121
GO:0042176	regulation of protein catabolic process	122	42	27.32	0.00131
GO:0048193	Golgi vesicle transport	126	43	28.22	0.00141
GO:0006629	lipid metabolic process	329	96	73.68	0.00148
GO:2000060	positive regulation of ubiquitin-depende...	70	27	15.68	0.00148
GO:0002443	leukocyte mediated immunity	84	31	18.81	0.00159
GO:0000082	G1/S transition of mitotic cell cycle	91	33	20.38	0.00160
GO:0030155	regulation of cell adhesion	41	18	9.18	0.00167
GO:0010498	proteasomal protein catabolic process	194	61	43.45	0.00168
GO:0006811	ion transport	287	85	64.27	0.00173
GO:0032196	transposition	10	7	2.24	0.00174
GO:0090626	plant epidermis morphogenesis	10	7	2.24	0.00174
GO:0050000	chromosome localization	38	17	8.51	0.00174
GO:0051128	regulation of cellular component organiz...	525	144	117.57	0.00176
GO:0002793	positive regulation of peptide secretion	26	13	5.82	0.00177
GO:0007080	mitotic metaphase plate congression	26	13	5.82	0.00177
GO:0048002	antigen processing and presentation of p...	26	13	5.82	0.00177
GO:0034763	negative regulation of transmembrane tra...	15	9	3.36	0.00181
GO:0051222	positive regulation of protein transport	51	21	11.42	0.00190
GO:0045132	meiotic chromosome segregation	61	24	13.66	0.00195
GO:1901991	negative regulation of mitotic cell cycl...	78	29	17.47	0.00196
GO:0009056	catabolic process	786	206	176.02	0.00205
GO:0007276	gamete generation	265	79	59.35	0.00206
GO:0048477	oogenesis	121	41	27.1	0.00211
GO:0072522	purine-containing compound biosynthetic ...	132	44	29.56	0.00213
GO:0007281	germ cell development	173	55	38.74	0.00214
GO:0031324	negative regulation of cellular metaboli...	417	117	93.39	0.00216
GO:0061982	meiosis I cell cycle process	96	34	21.5	0.00218
GO:0046686	response to cadmium ion	89	32	19.93	0.00220
GO:0032880	regulation of protein localization	162	52	36.28	0.00223
GO:0006107	oxaloacetate metabolic process	8	6	1.79	0.00228
GO:0051315	attachment of mitotic spindle microtubul...	8	6	1.79	0.00228
GO:0070193	synaptonemal complex organization	8	6	1.79	0.00228
GO:0010948	negative regulation of cell cycle proces...	129	43	28.89	0.00238
GO:0007093	mitotic cell cycle checkpoint	72	27	16.12	0.00240
GO:0006996	organelle organization	1119	283	250.6	0.00242
GO:0006595	polyamine metabolic process	4	4	0.9	0.00250
GO:0006829	zinc ion transport	4	4	0.9	0.00250
GO:0009902	chloroplast relocation	4	4	0.9	0.00250
GO:0009903	chloroplast avoidance movement	4	4	0.9	0.00250
GO:0019750	chloroplast localization	4	4	0.9	0.00250
GO:0030727	germarium-derived female germ-line cyst ...	4	4	0.9	0.00250
GO:0048134	germ-line cyst formation	4	4	0.9	0.00250
GO:0048135	female germ-line cyst formation	4	4	0.9	0.00250
GO:0051644	plastid localization	4	4	0.9	0.00250
GO:0051667	establishment of plastid localization	4	4	0.9	0.00250
GO:0009165	nucleotide biosynthetic process	159	51	35.61	0.00250
GO:0019941	modification-dependent protein catabolic...	220	67	49.27	0.00252
GO:1904951	positive regulation of establishment of ...	62	24	13.88	0.00253
GO:0016043	cellular component organization	1489	367	333.46	0.00255
GO:0045921	positive regulation of exocytosis	13	8	2.91	0.00265
GO:0002478	antigen processing and presentation of e...	24	12	5.37	0.00265
GO:0006109	regulation of carbohydrate metabolic pro...	30	14	6.72	0.00272
GO:0019882	antigen processing and presentation	30	14	6.72	0.00272
GO:0050727	regulation of inflammatory response	27	13	6.05	0.00272
GO:0000022	mitotic spindle elongation	6	5	1.34	0.00272
GO:0006833	water transport	6	5	1.34	0.00272
GO:0007130	synaptonemal complex assembly	6	5	1.34	0.00272
GO:0050891	multicellular organismal water homeostas...	6	5	1.34	0.00272
GO:1903792	negative regulation of anion transport	6	5	1.34	0.00272
GO:0006090	pyruvate metabolic process	49	20	10.97	0.00274
GO:0098662	inorganic cation transmembrane transport	108	37	24.19	0.00277
GO:0044257	cellular protein catabolic process	256	76	57.33	0.00284
GO:0044248	cellular catabolic process	744	195	166.62	0.00284
GO:1901293	nucleoside phosphate biosynthetic proces...	160	51	35.83	0.00290
GO:0019058	viral life cycle	56	22	12.54	0.00304
GO:0008610	lipid biosynthetic process	214	65	47.93	0.00313
GO:0006511	ubiquitin-dependent protein catabolic pr...	218	66	48.82	0.00318
GO:1902749	regulation of cell cycle G2/M phase tran...	63	24	14.11	0.00324
GO:0007063	regulation of sister chromatid cohesion	16	9	3.58	0.00332
GO:0030217	T cell differentiation	16	9	3.58	0.00332
GO:0031331	positive regulation of cellular cataboli...	120	40	26.87	0.00334
GO:0051603	proteolysis involved in cellular protein...	242	72	54.2	0.00344
GO:0006914	autophagy	184	57	41.21	0.00345
GO:0044255	cellular lipid metabolic process	282	82	63.15	0.00369
GO:0007034	vacuolar transport	106	36	23.74	0.00371
GO:0043632	modification-dependent macromolecule cat...	231	69	51.73	0.00374
GO:0006165	nucleoside diphosphate phosphorylation	34	15	7.61	0.00380
GO:0009630	gravitropism	11	7	2.46	0.00386
GO:0032954	regulation of cytokinetic process	11	7	2.46	0.00386
GO:0042044	fluid transport	11	7	2.46	0.00386
GO:0045835	negative regulation of meiotic nuclear d...	11	7	2.46	0.00386
GO:0046631	alpha-beta T cell activation	11	7	2.46	0.00386
GO:1902412	regulation of mitotic cytokinesis	11	7	2.46	0.00386
GO:1903436	regulation of mitotic cytokinetic proces...	11	7	2.46	0.00386
GO:0045930	negative regulation of mitotic cell cycl...	110	37	24.63	0.00395
GO:0032465	regulation of cytokinesis	31	14	6.94	0.00396
GO:0042110	T cell activation	31	14	6.94	0.00396
GO:0010038	response to metal ion	166	52	37.18	0.00398
GO:0002449	lymphocyte mediated immunity	22	11	4.93	0.00399
GO:0007143	female meiotic nuclear division	22	11	4.93	0.00399
GO:0040020	regulation of meiotic nuclear division	22	11	4.93	0.00399
GO:0006644	phospholipid metabolic process	92	32	20.6	0.00402
GO:2000058	regulation of ubiquitin-dependent protei...	92	32	20.6	0.00402
GO:0010972	negative regulation of G2/M transition o...	28	13	6.27	0.00406
GO:0046031	ADP metabolic process	28	13	6.27	0.00406
GO:0007338	single fertilization	25	12	5.6	0.00408
GO:0009127	purine nucleoside monophosphate biosynth...	64	24	14.33	0.00412
GO:0009168	purine ribonucleoside monophosphate bios...	64	24	14.33	0.00412
GO:0062013	positive regulation of small molecule me...	44	18	9.85	0.00429
GO:0043161	proteasome-mediated ubiquitin-dependent ...	182	56	40.76	0.00440
GO:0051049	regulation of transport	260	76	58.23	0.00444
GO:1901137	carbohydrate derivative biosynthetic pro...	260	76	58.23	0.00444
GO:1903530	regulation of secretion by cell	82	29	18.36	0.00461
GO:0007265	Ras protein signal transduction	41	17	9.18	0.00463
GO:0007041	lysosomal transport	51	20	11.42	0.00475
GO:0040012	regulation of locomotion	104	35	23.29	0.00496
GO:0008333	endosome to lysosome transport	38	16	8.51	0.00497
GO:0046825	regulation of protein export from nucleu...	14	8	3.14	0.00498
GO:0060236	regulation of mitotic spindle organizati...	14	8	3.14	0.00498
GO:0071168	protein localization to chromatin	14	8	3.14	0.00498
GO:0090224	regulation of spindle organization	14	8	3.14	0.00498
GO:0006650	glycerophospholipid metabolic process	58	22	12.99	0.00504
GO:0009896	positive regulation of catabolic process	130	42	29.11	0.00508
GO:0034220	ion transmembrane transport	218	65	48.82	0.00508
GO:0042326	negative regulation of phosphorylation	65	24	14.56	0.00518
GO:0009124	nucleoside monophosphate biosynthetic pr...	72	26	16.12	0.00521
GO:0002791	regulation of peptide secretion	48	19	10.75	0.00521
GO:0072330	monocarboxylic acid biosynthetic process	108	36	24.19	0.00525
GO:0051050	positive regulation of transport	134	43	30.01	0.00529
GO:0048522	positive regulation of cellular process	847	217	189.69	0.00533
GO:0006812	cation transport	176	54	39.42	0.00547
GO:0000338	protein deneddylation	9	6	2.02	0.00554
GO:0110020	regulation of actomyosin structure organ...	9	6	2.02	0.00554
GO:0009566	fertilization	32	14	7.17	0.00562
GO:0010016	shoot system morphogenesis	17	9	3.81	0.00568
GO:0046887	positive regulation of hormone secretion	17	9	3.81	0.00568
GO:0051447	negative regulation of meiotic cell cycl...	17	9	3.81	0.00568
GO:1901983	regulation of protein acetylation	17	9	3.81	0.00568
GO:2000756	regulation of peptidyl-lysine acetylatio...	17	9	3.81	0.00568
GO:0009132	nucleoside diphosphate metabolic process	45	18	10.08	0.00569
GO:0072665	protein localization to vacuole	62	23	13.88	0.00575
GO:0032101	regulation of response to external stimu...	94	32	21.05	0.00583
GO:0009308	amine metabolic process	29	13	6.49	0.00588
GO:0044106	cellular amine metabolic process	29	13	6.49	0.00588
GO:0048518	positive regulation of biological proces...	956	242	214.1	0.00588
GO:0006096	glycolytic process	26	12	5.82	0.00607
GO:0006757	ATP generation from ADP	26	12	5.82	0.00607
GO:0006862	nucleotide transport	23	11	5.15	0.00613
GO:0019693	ribose phosphate metabolic process	204	61	45.69	0.00614
GO:0050708	regulation of protein secretion	42	17	9.41	0.00620
GO:0051656	establishment of organelle localization	158	49	35.38	0.00637
GO:0044839	cell cycle G2/M phase transition	73	26	16.35	0.00641
GO:0009156	ribonucleoside monophosphate biosyntheti...	66	24	14.78	0.00646
GO:0061919	process utilizing autophagic mechanism	189	57	42.33	0.00655
GO:0009185	ribonucleoside diphosphate metabolic pro...	39	16	8.73	0.00672
GO:0043903	regulation of symbiosis, encompassing mu...	39	16	8.73	0.00672
GO:0051784	negative regulation of nuclear division	39	16	8.73	0.00672
GO:0048469	cell maturation	49	19	10.97	0.00677
GO:0055085	transmembrane transport	308	87	68.98	0.00678
GO:0008654	phospholipid biosynthetic process	77	27	17.24	0.00702
GO:0019637	organophosphate metabolic process	361	100	80.85	0.00704
GO:0000226	microtubule cytoskeleton organization	182	55	40.76	0.00718
GO:0002283	neutrophil activation involved in immune...	63	23	14.11	0.00719
GO:0002446	neutrophil mediated immunity	63	23	14.11	0.00719
GO:0009166	nucleotide catabolic process	63	23	14.11	0.00719
GO:0036230	granulocyte activation	63	23	14.11	0.00719
GO:0042119	neutrophil activation	63	23	14.11	0.00719
GO:0043312	neutrophil degranulation	63	23	14.11	0.00719
GO:0072666	establishment of protein localization to...	46	18	10.3	0.00744
GO:0034766	negative regulation of ion transmembrane...	12	7	2.69	0.00749
GO:0010035	response to inorganic substance	281	80	62.93	0.00754
GO:0009259	ribonucleotide metabolic process	198	59	44.34	0.00758
GO:0002366	leukocyte activation involved in immune ...	81	28	18.14	0.00761
GO:1901575	organic substance catabolic process	653	170	146.24	0.00777
GO:0002456	T cell mediated immunity	7	5	1.57	0.00777
GO:0045580	regulation of T cell differentiation	7	5	1.57	0.00777
GO:0045619	regulation of lymphocyte differentiation	7	5	1.57	0.00777
GO:0046634	regulation of alpha-beta T cell activati...	7	5	1.57	0.00777
GO:0051255	spindle midzone assembly	7	5	1.57	0.00777
GO:0060631	regulation of meiosis I	7	5	1.57	0.00777
GO:1904668	positive regulation of ubiquitin protein...	7	5	1.57	0.00777
GO:2000736	regulation of stem cell differentiation	7	5	1.57	0.00777
GO:0009135	purine nucleoside diphosphate metabolic ...	33	14	7.39	0.00779
GO:0009179	purine ribonucleoside diphosphate metabo...	33	14	7.39	0.00779
GO:0035966	response to topologically incorrect prot...	74	26	16.57	0.00785
GO:0043299	leukocyte degranulation	67	24	15	0.00799
GO:0045786	negative regulation of cell cycle	183	55	40.98	0.00811
GO:0098660	inorganic ion transmembrane transport	137	43	30.68	0.00819
GO:0009150	purine ribonucleotide metabolic process	187	56	41.88	0.00823
GO:0051788	response to misfolded protein	30	13	6.72	0.00829
GO:0002790	peptide secretion	78	27	17.47	0.00851
GO:0016050	vesicle organization	111	36	24.86	0.00857
GO:0035065	regulation of histone acetylation	15	8	3.36	0.00861
GO:0070206	protein trimerization	15	8	3.36	0.00861
GO:0042866	pyruvate biosynthetic process	27	12	6.05	0.00874
GO:0045143	homologous chromosome segregation	27	12	6.05	0.00874
GO:0071702	organic substance transport	596	156	133.47	0.00888
GO:0043902	positive regulation of multi-organism pr...	64	23	14.33	0.00892
GO:0000212	meiotic spindle organization	24	11	5.37	0.00908
GO:0050863	regulation of T cell activation	18	9	4.03	0.00913
GO:0002263	cell activation involved in immune respo...	82	28	18.36	0.00916
GO:0098655	cation transmembrane transport	138	43	30.91	0.00941
GO:1901135	carbohydrate derivative metabolic proces...	389	106	87.12	0.00947
GO:2000241	regulation of reproductive process	108	35	24.19	0.00959
GO:0071695	anatomical structure maturation	37	15	8.29	0.00974
GO:0062012	regulation of small molecule metabolic p...	97	32	21.72	0.00978
GO:0034654	nucleobase-containing compound biosynthe...	733	188	164.16	0.00983
GO:0007264	small GTPase mediated signal transductio...	54	20	12.09	0.00991
GO:0046649	lymphocyte activation	54	20	12.09	0.00991
GO:0031327	negative regulation of cellular biosynth...	276	78	61.81	0.01010
GO:0071103	DNA conformation change	131	41	29.34	0.01022
GO:0006110	regulation of glycolytic process	5	4	1.12	0.01027
GO:0007266	Rho protein signal transduction	5	4	1.12	0.01027
GO:0010676	positive regulation of cellular carbohyd...	5	4	1.12	0.01027
GO:0015939	pantothenate metabolic process	5	4	1.12	0.01027
GO:0030811	regulation of nucleotide catabolic proce...	5	4	1.12	0.01027
GO:0032024	positive regulation of insulin secretion	5	4	1.12	0.01027
GO:0032088	negative regulation of NF-kappaB transcr...	5	4	1.12	0.01027
GO:0032197	transposition, RNA-mediated	5	4	1.12	0.01027
GO:0044788	modulation by host of viral process	5	4	1.12	0.01027
GO:0044794	positive regulation by host of viral pro...	5	4	1.12	0.01027
GO:0051238	sequestering of metal ion	5	4	1.12	0.01027
GO:0070262	peptidyl-serine dephosphorylation	5	4	1.12	0.01027
GO:0072520	seminiferous tubule development	5	4	1.12	0.01027
GO:1901994	negative regulation of meiotic cell cycl...	5	4	1.12	0.01027
GO:1902103	negative regulation of metaphase/anaphas...	5	4	1.12	0.01027
GO:1902407	assembly of actomyosin apparatus involve...	5	4	1.12	0.01027
GO:1903475	mitotic actomyosin contractile ring asse...	5	4	1.12	0.01027
GO:1903960	negative regulation of anion transmembra...	5	4	1.12	0.01027
GO:1905133	negative regulation of meiotic chromosom...	5	4	1.12	0.01027
GO:0006515	protein quality control for misfolded or...	34	14	7.61	0.01058
GO:1902600	proton transmembrane transport	44	17	9.85	0.01061
GO:0009306	protein secretion	72	25	16.12	0.01067
GO:0048869	cellular developmental process	692	178	154.97	0.01081
GO:0002275	myeloid cell activation involved in immu...	65	23	14.56	0.01097
GO:0002444	myeloid leukocyte mediated immunity	65	23	14.56	0.01097
GO:0016052	carbohydrate catabolic process	51	19	11.42	0.01102
GO:0051701	interaction with host	58	21	12.99	0.01111
GO:0006533	aspartate catabolic process	3	3	0.67	0.01120
GO:0006596	polyamine biosynthetic process	3	3	0.67	0.01120
GO:0006882	cellular zinc ion homeostasis	3	3	0.67	0.01120
GO:0007105	cytokinesis, site selection	3	3	0.67	0.01120
GO:0007342	fusion of sperm to egg plasma membrane i...	3	3	0.67	0.01120
GO:0008216	spermidine metabolic process	3	3	0.67	0.01120
GO:0009638	phototropism	3	3	0.67	0.01120
GO:0009904	chloroplast accumulation movement	3	3	0.67	0.01120
GO:0010103	stomatal complex morphogenesis	3	3	0.67	0.01120
GO:0010148	transpiration	3	3	0.67	0.01120
GO:0010359	regulation of anion channel activity	3	3	0.67	0.01120
GO:0010375	stomatal complex patterning	3	3	0.67	0.01120
GO:0019626	short-chain fatty acid catabolic process	3	3	0.67	0.01120
GO:0032720	negative regulation of tumor necrosis fa...	3	3	0.67	0.01120
GO:0035268	protein mannosylation	3	3	0.67	0.01120
GO:0035269	protein O-linked mannosylation	3	3	0.67	0.01120
GO:0043149	stress fiber assembly	3	3	0.67	0.01120
GO:0043485	endosome to pigment granule transport	3	3	0.67	0.01120
GO:0045828	positive regulation of isoprenoid metabo...	3	3	0.67	0.01120
GO:0048142	germarium-derived cystoblast division	3	3	0.67	0.01120
GO:0048757	pigment granule maturation	3	3	0.67	0.01120
GO:0051256	mitotic spindle midzone assembly	3	3	0.67	0.01120
GO:0055069	zinc ion homeostasis	3	3	0.67	0.01120
GO:0071577	zinc ion transmembrane transport	3	3	0.67	0.01120
GO:0071851	mitotic G1 cell cycle arrest in response...	3	3	0.67	0.01120
GO:1901562	response to paraquat	3	3	0.67	0.01120
GO:1903335	regulation of vacuolar transport	3	3	0.67	0.01120
GO:1903556	negative regulation of tumor necrosis fa...	3	3	0.67	0.01120
GO:1990151	protein localization to cell tip	3	3	0.67	0.01120
GO:0000912	assembly of actomyosin apparatus involve...	10	6	2.24	0.01126
GO:0000915	actomyosin contractile ring assembly	10	6	2.24	0.01126
GO:0007020	microtubule nucleation	10	6	2.24	0.01126
GO:0010971	positive regulation of G2/M transition o...	10	6	2.24	0.01126
GO:0071395	cellular response to jasmonic acid stimu...	10	6	2.24	0.01126
GO:0090169	regulation of spindle assembly	10	6	2.24	0.01126
GO:1901673	regulation of mitotic spindle assembly	10	6	2.24	0.01126
GO:1902751	positive regulation of cell cycle G2/M p...	10	6	2.24	0.01126
GO:0007283	spermatogenesis	128	40	28.67	0.01143
GO:0008299	isoprenoid biosynthetic process	31	13	6.94	0.01143
GO:0090558	plant epidermis development	31	13	6.94	0.01143
GO:0097352	autophagosome maturation	31	13	6.94	0.01143
GO:0006323	DNA packaging	87	29	19.48	0.01164
GO:0051259	protein complex oligomerization	102	33	22.84	0.01204
GO:0033865	nucleoside bisphosphate metabolic proces...	48	18	10.75	0.01224
GO:0033875	ribonucleoside bisphosphate metabolic pr...	48	18	10.75	0.01224
GO:0034032	purine nucleoside bisphosphate metabolic...	48	18	10.75	0.01224
GO:0009894	regulation of catabolic process	270	76	60.47	0.01225
GO:0046822	regulation of nucleocytoplasmic transpor...	28	12	6.27	0.01225
GO:0051307	meiotic chromosome separation	28	12	6.27	0.01225
GO:1903900	regulation of viral life cycle	28	12	6.27	0.01225
GO:0031329	regulation of cellular catabolic process	254	72	56.88	0.01232
GO:0032269	negative regulation of cellular protein ...	171	51	38.3	0.01241
GO:0015711	organic anion transport	106	34	23.74	0.01253
GO:0045841	negative regulation of mitotic metaphase...	25	11	5.6	0.01301
GO:1902100	negative regulation of metaphase/anaphas...	25	11	5.6	0.01301
GO:1905819	negative regulation of chromosome separa...	25	11	5.6	0.01301
GO:2000816	negative regulation of mitotic sister ch...	25	11	5.6	0.01301
GO:0048232	male gamete generation	152	46	34.04	0.01304
GO:0046486	glycerolipid metabolic process	84	28	18.81	0.01305
GO:0030104	water homeostasis	13	7	2.91	0.01313
GO:0009890	negative regulation of biosynthetic proc...	279	78	62.48	0.01336
GO:0002274	myeloid leukocyte activation	66	23	14.78	0.01339
GO:0034502	protein localization to chromosome	45	17	10.08	0.01359
GO:0051017	actin filament bundle assembly	22	10	4.93	0.01362
GO:0061572	actin filament bundle organization	22	10	4.93	0.01362
GO:0010639	negative regulation of organelle organiz...	118	37	26.43	0.01387
GO:0000916	actomyosin contractile ring contraction	16	8	3.58	0.01390
GO:0009629	response to gravity	16	8	3.58	0.01390
GO:0036213	contractile ring contraction	16	8	3.58	0.01390
GO:0051248	negative regulation of protein metabolic...	172	51	38.52	0.01395
GO:0002460	adaptive immune response based on somati...	19	9	4.26	0.01397
GO:0015865	purine nucleotide transport	19	9	4.26	0.01397
GO:0071824	protein-DNA complex subunit organization	103	33	23.07	0.01404
GO:0033046	negative regulation of sister chromatid ...	35	14	7.84	0.01410
GO:0051640	organelle localization	196	57	43.89	0.01463
GO:0010563	negative regulation of phosphorus metabo...	81	27	18.14	0.01464
GO:0045936	negative regulation of phosphate metabol...	81	27	18.14	0.01464
GO:0065008	regulation of biological quality	744	189	166.62	0.01472
GO:0009117	nucleotide metabolic process	252	71	56.44	0.01493
GO:0010389	regulation of G2/M transition of mitotic...	56	20	12.54	0.01535
GO:0002694	regulation of leukocyte activation	32	13	7.17	0.01540
GO:0006334	nucleosome assembly	32	13	7.17	0.01540
GO:0009826	unidimensional cell growth	32	13	7.17	0.01540
GO:0033048	negative regulation of mitotic sister ch...	32	13	7.17	0.01540
GO:0006260	DNA replication	142	43	31.8	0.01591
GO:0016236	macroautophagy	146	44	32.7	0.01617
GO:0000075	cell cycle checkpoint	89	29	19.93	0.01621
GO:0010558	negative regulation of macromolecule bio...	261	73	58.45	0.01631
GO:0061024	membrane organization	205	59	45.91	0.01640
GO:0015748	organophosphate ester transport	39	15	8.73	0.01669
GO:0019827	stem cell population maintenance	39	15	8.73	0.01669
GO:0071218	cellular response to misfolded protein	29	12	6.49	0.01675
GO:0043687	post-translational protein modification	60	21	13.44	0.01680
GO:0000290	deadenylation-dependent decapping of nuc...	8	5	1.79	0.01693
GO:0006269	DNA replication, synthesis of RNA primer	8	5	1.79	0.01693
GO:0006768	biotin metabolic process	8	5	1.79	0.01693
GO:0010374	stomatal complex development	8	5	1.79	0.01693
GO:0032410	negative regulation of transporter activ...	8	5	1.79	0.01693
GO:0035088	establishment or maintenance of apical/b...	8	5	1.79	0.01693
GO:0051316	attachment of spindle microtubules to ki...	8	5	1.79	0.01693
GO:0060628	regulation of ER to Golgi vesicle-mediat...	8	5	1.79	0.01693
GO:0070979	protein K11-linked ubiquitination	8	5	1.79	0.01693
GO:0071705	nitrogen compound transport	568	147	127.2	0.01706
GO:0007131	reciprocal meiotic recombination	46	17	10.3	0.01720
GO:0035825	homologous recombination	46	17	10.3	0.01720
GO:0043254	regulation of protein complex assembly	97	31	21.72	0.01761
GO:0009057	macromolecule catabolic process	443	117	99.21	0.01804
GO:0007064	mitotic sister chromatid cohesion	26	11	5.82	0.01810
GO:0019362	pyridine nucleotide metabolic process	64	22	14.33	0.01818
GO:0046496	nicotinamide nucleotide metabolic proces...	64	22	14.33	0.01818
GO:0048584	positive regulation of response to stimu...	311	85	69.65	0.01821
GO:2001251	negative regulation of chromosome organi...	75	25	16.8	0.01843
GO:0010565	regulation of cellular ketone metabolic ...	36	14	8.06	0.01845
GO:0044092	negative regulation of molecular functio...	151	45	33.82	0.01850
GO:0034728	nucleosome organization	57	20	12.77	0.01883
GO:0008104	protein localization	646	165	144.67	0.01898
GO:0016567	protein ubiquitination	163	48	36.5	0.01910
GO:0006623	protein targeting to vacuole	43	16	9.63	0.01916
GO:0051641	cellular localization	706	179	158.11	0.01934
GO:0031577	spindle checkpoint	23	10	5.15	0.01938
GO:0071174	mitotic spindle checkpoint	23	10	5.15	0.01938
GO:2001169	regulation of ATP biosynthetic process	23	10	5.15	0.01938
GO:0031399	regulation of protein modification proce...	267	74	59.79	0.01944
GO:0007163	establishment or maintenance of cell pol...	79	26	17.69	0.01944
GO:1901292	nucleoside phosphate catabolic process	68	23	15.23	0.01947
GO:0006732	coenzyme metabolic process	179	52	40.09	0.01965
GO:0006753	nucleoside phosphate metabolic process	255	71	57.11	0.01969
GO:0006163	purine nucleotide metabolic process	195	56	43.67	0.01997
GO:0006897	endocytosis	140	42	31.35	0.02004
GO:0009860	pollen tube growth	11	6	2.46	0.02014
GO:0034086	maintenance of sister chromatid cohesion	11	6	2.46	0.02014
GO:0035493	SNARE complex assembly	11	6	2.46	0.02014
GO:0045176	apical protein localization	11	6	2.46	0.02014
GO:0061462	protein localization to lysosome	11	6	2.46	0.02014
GO:0090559	regulation of membrane permeability	11	6	2.46	0.02014
GO:1905330	regulation of morphogenesis of an epithe...	11	6	2.46	0.02014
GO:0045839	negative regulation of mitotic nuclear d...	33	13	7.39	0.02035
GO:0051651	maintenance of location in cell	33	13	7.39	0.02035
GO:0006888	ER to Golgi vesicle-mediated transport	83	27	18.59	0.02040
GO:0001933	negative regulation of protein phosphory...	61	21	13.66	0.02040
GO:0002250	adaptive immune response	20	9	4.48	0.02047
GO:0006576	cellular biogenic amine metabolic proces...	20	9	4.48	0.02047
GO:0007040	lysosome organization	20	9	4.48	0.02047
GO:0051293	establishment of spindle localization	20	9	4.48	0.02047
GO:0051653	spindle localization	20	9	4.48	0.02047
GO:0080171	lytic vacuole organization	20	9	4.48	0.02047
GO:0019438	aromatic compound biosynthetic process	823	206	184.31	0.02063
GO:0046434	organophosphate catabolic process	72	24	16.12	0.02069
GO:0046824	positive regulation of nucleocytoplasmic...	17	8	3.81	0.02121
GO:1901679	nucleotide transmembrane transport	17	8	3.81	0.02121
GO:0043900	regulation of multi-organism process	125	38	27.99	0.02126
GO:0048532	anatomical structure arrangement	14	7	3.14	0.02127
GO:0048868	pollen tube development	14	7	3.14	0.02127
GO:0051668	localization within membrane	14	7	3.14	0.02127
GO:0061448	connective tissue development	14	7	3.14	0.02127
GO:1902975	mitotic DNA replication initiation	14	7	3.14	0.02127
GO:0006909	phagocytosis	40	15	8.96	0.02134
GO:0032509	endosome transport via multivesicular bo...	40	15	8.96	0.02134
GO:0051445	regulation of meiotic cell cycle	40	15	8.96	0.02134
GO:0098727	maintenance of cell number	40	15	8.96	0.02134
GO:0055086	nucleobase-containing small molecule met...	313	85	70.1	0.02144
GO:0007018	microtubule-based movement	106	33	23.74	0.02170
GO:0006733	oxidoreduction coenzyme metabolic proces...	76	25	17.02	0.02182
GO:0000086	G2/M transition of mitotic cell cycle	65	22	14.56	0.02186
GO:0046488	phosphatidylinositol metabolic process	30	12	6.72	0.02239
GO:0065004	protein-DNA complex assembly	80	26	17.92	0.02289
GO:0051985	negative regulation of chromosome segreg...	37	14	8.29	0.02375
GO:1901264	carbohydrate derivative transport	37	14	8.29	0.02375
GO:0007623	circadian rhythm	44	16	9.85	0.02405
GO:0033260	nuclear DNA replication	44	16	9.85	0.02405
GO:0070192	chromosome organization involved in meio...	44	16	9.85	0.02405
GO:0019220	regulation of phosphate metabolic proces...	225	63	50.39	0.02423
GO:0051174	regulation of phosphorus metabolic proce...	225	63	50.39	0.02423
GO:0072521	purine-containing compound metabolic pro...	221	62	49.49	0.02429
GO:0042325	regulation of phosphorylation	193	55	43.22	0.02440
GO:0006066	alcohol metabolic process	73	24	16.35	0.02451
GO:2000145	regulation of cell motility	73	24	16.35	0.02451
GO:0007032	endosome organization	27	11	6.05	0.02453
GO:0032984	protein-containing complex disassembly	107	33	23.96	0.02488
GO:0002709	regulation of T cell mediated immunity	6	4	1.34	0.02535
GO:0006828	manganese ion transport	6	4	1.34	0.02535
GO:0009757	hexose mediated signaling	6	4	1.34	0.02535
GO:0010091	trichome branching	6	4	1.34	0.02535
GO:0010255	glucose mediated signaling pathway	6	4	1.34	0.02535
GO:0010528	regulation of transposition	6	4	1.34	0.02535
GO:0016119	carotene metabolic process	6	4	1.34	0.02535
GO:0016120	carotene biosynthetic process	6	4	1.34	0.02535
GO:0019747	regulation of isoprenoid metabolic proce...	6	4	1.34	0.02535
GO:0031291	Ran protein signal transduction	6	4	1.34	0.02535
GO:0032466	negative regulation of cytokinesis	6	4	1.34	0.02535
GO:0033077	T cell differentiation in thymus	6	4	1.34	0.02535
GO:0035103	sterol regulatory element binding protei...	6	4	1.34	0.02535
GO:0036099	female germ-line stem cell population ma...	6	4	1.34	0.02535
GO:0043470	regulation of carbohydrate catabolic pro...	6	4	1.34	0.02535
GO:0043954	cellular component maintenance	6	4	1.34	0.02535
GO:0045913	positive regulation of carbohydrate meta...	6	4	1.34	0.02535
GO:0046246	terpene biosynthetic process	6	4	1.34	0.02535
GO:0046329	negative regulation of JNK cascade	6	4	1.34	0.02535
GO:0048753	pigment granule organization	6	4	1.34	0.02535
GO:0050690	regulation of defense response to virus ...	6	4	1.34	0.02535
GO:0070827	chromatin maintenance	6	4	1.34	0.02535
GO:0070932	histone H3 deacetylation	6	4	1.34	0.02535
GO:0071421	manganese ion transmembrane transport	6	4	1.34	0.02535
GO:0071988	protein localization to spindle pole bod...	6	4	1.34	0.02535
GO:0090231	regulation of spindle checkpoint	6	4	1.34	0.02535
GO:0090266	regulation of mitotic cell cycle spindle...	6	4	1.34	0.02535
GO:1903504	regulation of mitotic spindle checkpoint	6	4	1.34	0.02535
GO:2000105	positive regulation of DNA-dependent DNA...	6	4	1.34	0.02535
GO:2000113	negative regulation of cellular macromol...	254	70	56.88	0.02575
GO:0050793	regulation of developmental process	419	110	93.84	0.02583
GO:0006900	vesicle budding from membrane	34	13	7.61	0.02640
GO:0007286	spermatid development	48	17	10.75	0.02657
GO:0022407	regulation of cell-cell adhesion	24	10	5.37	0.02673
GO:0045785	positive regulation of cell adhesion	24	10	5.37	0.02673
GO:0051495	positive regulation of cytoskeleton orga...	24	10	5.37	0.02673
GO:0016053	organic acid biosynthetic process	214	60	47.93	0.02678
GO:0046394	carboxylic acid biosynthetic process	214	60	47.93	0.02678
GO:0048583	regulation of response to stimulus	550	141	123.17	0.02686
GO:0032956	regulation of actin cytoskeleton organiz...	41	15	9.18	0.02691
GO:0071985	multivesicular body sorting pathway	41	15	9.18	0.02691
GO:0032502	developmental process	1256	304	281.28	0.02729
GO:0006508	proteolysis	399	105	89.36	0.02738
GO:1901362	organic cyclic compound biosynthetic pro...	889	220	199.09	0.02740
GO:0042180	cellular ketone metabolic process	70	23	15.68	0.02753
GO:0097435	supramolecular fiber organization	70	23	15.68	0.02753
GO:0050896	response to stimulus	1764	418	395.05	0.02800
GO:0022411	cellular component disassembly	139	41	31.13	0.02823
GO:0045055	regulated exocytosis	89	28	19.93	0.02873
GO:0007129	synapsis	21	9	4.7	0.02890
GO:0046578	regulation of Ras protein signal transdu...	21	9	4.7	0.02890
GO:0071712	ER-associated misfolded protein cataboli...	21	9	4.7	0.02890
GO:0046474	glycerophospholipid biosynthetic process	52	18	11.65	0.02890
GO:0072395	signal transduction involved in cell cyc...	31	12	6.94	0.02931
GO:0006283	transcription-coupled nucleotide-excisio...	45	16	10.08	0.02982
GO:0007569	cell aging	45	16	10.08	0.02982
GO:0044774	mitotic DNA integrity checkpoint	45	16	10.08	0.02982
GO:0034249	negative regulation of cellular amide me...	38	14	8.51	0.03011
GO:0009892	negative regulation of metabolic process	565	144	126.53	0.03072
GO:0044281	small molecule metabolic process	736	184	164.83	0.03086
GO:0015868	purine ribonucleotide transport	18	8	4.03	0.03087
GO:0019068	virion assembly	18	8	4.03	0.03087
GO:0032511	late endosome to vacuole transport via m...	18	8	4.03	0.03087
GO:0040001	establishment of mitotic spindle localiz...	18	8	4.03	0.03087
GO:0043409	negative regulation of MAPK cascade	18	8	4.03	0.03087
GO:0051503	adenine nucleotide transport	18	8	4.03	0.03087
GO:0070841	inclusion body assembly	18	8	4.03	0.03087
GO:1903828	negative regulation of cellular protein ...	18	8	4.03	0.03087
GO:0031497	chromatin assembly	56	19	12.54	0.03104
GO:0051493	regulation of cytoskeleton organization	101	31	22.62	0.03108
GO:0000741	karyogamy	9	5	2.02	0.03116
GO:0006730	one-carbon metabolic process	9	5	2.02	0.03116
GO:0009186	deoxyribonucleoside diphosphate metaboli...	9	5	2.02	0.03116
GO:0009189	deoxyribonucleoside diphosphate biosynth...	9	5	2.02	0.03116
GO:0009867	jasmonic acid mediated signaling pathway	9	5	2.02	0.03116
GO:0009988	cell-cell recognition	9	5	2.02	0.03116
GO:0010032	meiotic chromosome condensation	9	5	2.02	0.03116
GO:0032873	negative regulation of stress-activated ...	9	5	2.02	0.03116
GO:0035036	sperm-egg recognition	9	5	2.02	0.03116
GO:0043328	protein transport to vacuole involved in...	9	5	2.02	0.03116
GO:0051196	regulation of coenzyme metabolic process	9	5	2.02	0.03116
GO:0070303	negative regulation of stress-activated ...	9	5	2.02	0.03116
GO:0090277	positive regulation of peptide hormone s...	9	5	2.02	0.03116
GO:0090306	spindle assembly involved in meiosis	9	5	2.02	0.03116
GO:0099518	vesicle cytoskeletal trafficking	9	5	2.02	0.03116
GO:1901880	negative regulation of protein depolymer...	9	5	2.02	0.03116
GO:0010605	negative regulation of macromolecule met...	519	133	116.23	0.03186
GO:0022607	cellular component assembly	810	201	181.4	0.03208
GO:0002705	positive regulation of leukocyte mediate...	15	7	3.36	0.03234
GO:0006672	ceramide metabolic process	15	7	3.36	0.03234
GO:0009932	cell tip growth	15	7	3.36	0.03234
GO:0043162	ubiquitin-dependent protein catabolic pr...	15	7	3.36	0.03234
GO:0043433	negative regulation of DNA-binding trans...	15	7	3.36	0.03234
GO:1902292	cell cycle DNA replication initiation	15	7	3.36	0.03234
GO:1902315	nuclear cell cycle DNA replication initi...	15	7	3.36	0.03234
GO:0072524	pyridine-containing compound metabolic p...	71	23	15.9	0.03241
GO:0019079	viral genome replication	28	11	6.27	0.03248
GO:0051249	regulation of lymphocyte activation	28	11	6.27	0.03248
GO:1903578	regulation of ATP metabolic process	28	11	6.27	0.03248
GO:0048515	spermatid differentiation	49	17	10.97	0.03249
GO:0006366	transcription by RNA polymerase II	302	81	67.63	0.03276
GO:0000727	double-strand break repair via break-ind...	12	6	2.69	0.03279
GO:0009133	nucleoside diphosphate biosynthetic proc...	12	6	2.69	0.03279
GO:0009635	response to herbicide	12	6	2.69	0.03279
GO:0009756	carbohydrate mediated signaling	12	6	2.69	0.03279
GO:0010026	trichome differentiation	12	6	2.69	0.03279
GO:0010182	sugar mediated signaling pathway	12	6	2.69	0.03279
GO:0018107	peptidyl-threonine phosphorylation	12	6	2.69	0.03279
GO:0031122	cytoplasmic microtubule organization	12	6	2.69	0.03279
GO:0031572	G2 DNA damage checkpoint	12	6	2.69	0.03279
GO:0040018	positive regulation of multicellular org...	12	6	2.69	0.03279
GO:0051702	interaction with symbiont	12	6	2.69	0.03279
GO:0051851	modification by host of symbiont morphol...	12	6	2.69	0.03279
GO:0061245	establishment or maintenance of bipolar ...	12	6	2.69	0.03279
GO:1902186	regulation of viral release from host ce...	12	6	2.69	0.03279
GO:1903725	regulation of phospholipid metabolic pro...	12	6	2.69	0.03279
GO:0006082	organic acid metabolic process	431	112	96.52	0.03282
GO:0043436	oxoacid metabolic process	431	112	96.52	0.03282
GO:0045934	negative regulation of nucleobase-contai...	261	71	58.45	0.03289
GO:0006892	post-Golgi vesicle-mediated transport	42	15	9.41	0.03349
GO:0019359	nicotinamide nucleotide biosynthetic pro...	35	13	7.84	0.03367
GO:0019363	pyridine nucleotide biosynthetic process	35	13	7.84	0.03367
GO:0022616	DNA strand elongation	35	13	7.84	0.03367
GO:0050792	regulation of viral process	35	13	7.84	0.03367
GO:1902969	mitotic DNA replication	35	13	7.84	0.03367
GO:0034404	nucleobase-containing small molecule bio...	94	29	21.05	0.03398
GO:0006281	DNA repair	278	75	62.26	0.03453
GO:0043269	regulation of ion transport	64	21	14.33	0.03479
GO:0006820	anion transport	149	43	33.37	0.03569
GO:0030098	lymphocyte differentiation	25	10	5.6	0.03588
GO:0044728	DNA methylation or demethylation	25	10	5.6	0.03588
GO:0061983	meiosis II cell cycle process	25	10	5.6	0.03588
GO:0010154	fruit development	106	32	23.74	0.03608
GO:0019216	regulation of lipid metabolic process	83	26	18.59	0.03609
GO:0015672	monovalent inorganic cation transport	68	22	15.23	0.03643
GO:0051051	negative regulation of transport	68	22	15.23	0.03643
GO:0000041	transition metal ion transport	46	16	10.3	0.03656
GO:0006720	isoprenoid metabolic process	46	16	10.3	0.03656
GO:0051817	modification of morphology or physiology...	46	16	10.3	0.03656
GO:0001960	negative regulation of cytokine-mediated...	4	3	0.9	0.03729
GO:0002323	natural killer cell activation involved ...	4	3	0.9	0.03729
GO:0002369	T cell cytokine production	4	3	0.9	0.03729
GO:0002724	regulation of T cell cytokine production	4	3	0.9	0.03729
GO:0002888	positive regulation of myeloid leukocyte...	4	3	0.9	0.03729
GO:0006235	dTTP biosynthetic process	4	3	0.9	0.03729
GO:0006538	glutamate catabolic process	4	3	0.9	0.03729
GO:0007144	female meiosis I	4	3	0.9	0.03729
GO:0007282	cystoblast division	4	3	0.9	0.03729
GO:0010216	maintenance of DNA methylation	4	3	0.9	0.03729
GO:0010525	regulation of transposition, RNA-mediate...	4	3	0.9	0.03729
GO:0010907	positive regulation of glucose metabolic...	4	3	0.9	0.03729
GO:0015940	pantothenate biosynthetic process	4	3	0.9	0.03729
GO:0015985	energy coupled proton transport, down el...	4	3	0.9	0.03729
GO:0015986	ATP synthesis coupled proton transport	4	3	0.9	0.03729
GO:0030101	natural killer cell activation	4	3	0.9	0.03729
GO:0030541	plasmid partitioning	4	3	0.9	0.03729
GO:0030953	astral microtubule organization	4	3	0.9	0.03729
GO:0031086	nuclear-transcribed mRNA catabolic proce...	4	3	0.9	0.03729
GO:0031087	deadenylation-independent decapping of n...	4	3	0.9	0.03729
GO:0032231	regulation of actin filament bundle asse...	4	3	0.9	0.03729
GO:0032799	low-density lipoprotein receptor particl...	4	3	0.9	0.03729
GO:0033316	meiotic spindle assembly checkpoint	4	3	0.9	0.03729
GO:0035023	regulation of Rho protein signal transdu...	4	3	0.9	0.03729
GO:0035520	monoubiquitinated protein deubiquitinati...	4	3	0.9	0.03729
GO:0043320	natural killer cell degranulation	4	3	0.9	0.03729
GO:0044396	actin cortical patch organization	4	3	0.9	0.03729
GO:0044779	meiotic spindle checkpoint	4	3	0.9	0.03729
GO:0044789	modulation by host of viral release from...	4	3	0.9	0.03729
GO:0044791	positive regulation by host of viral rel...	4	3	0.9	0.03729
GO:0045038	protein import into chloroplast thylakoi...	4	3	0.9	0.03729
GO:0045722	positive regulation of gluconeogenesis	4	3	0.9	0.03729
GO:0046075	dTTP metabolic process	4	3	0.9	0.03729
GO:0046635	positive regulation of alpha-beta T cell...	4	3	0.9	0.03729
GO:0048138	germ-line cyst encapsulation	4	3	0.9	0.03729
GO:0048140	male germ-line cyst encapsulation	4	3	0.9	0.03729
GO:0051176	positive regulation of sulfur metabolic ...	4	3	0.9	0.03729
GO:0051197	positive regulation of coenzyme metaboli...	4	3	0.9	0.03729
GO:0051661	maintenance of centrosome location	4	3	0.9	0.03729
GO:0060761	negative regulation of response to cytok...	4	3	0.9	0.03729
GO:0070933	histone H4 deacetylation	4	3	0.9	0.03729
GO:0071849	G1 cell cycle arrest in response to nitr...	4	3	0.9	0.03729
GO:0071921	cohesin loading	4	3	0.9	0.03729
GO:1902644	tertiary alcohol metabolic process	4	3	0.9	0.03729
GO:1903431	positive regulation of cell maturation	4	3	0.9	0.03729
GO:1904037	positive regulation of epithelial cell a...	4	3	0.9	0.03729
GO:0032388	positive regulation of intracellular tra...	39	14	8.73	0.03762
GO:0051090	regulation of DNA-binding transcription ...	32	12	7.17	0.03766
GO:0006464	cellular protein modification process	831	205	186.1	0.03844
GO:0036211	protein modification process	831	205	186.1	0.03844
GO:0051239	regulation of multicellular organismal p...	396	103	88.68	0.03914
GO:0045017	glycerolipid biosynthetic process	61	20	13.66	0.03915
GO:0006310	DNA recombination	138	40	30.91	0.03916
GO:0048878	chemical homeostasis	198	55	44.34	0.03920
GO:0006289	nucleotide-excision repair	76	24	17.02	0.03925
GO:0042752	regulation of circadian rhythm	22	9	4.93	0.03947
GO:0045981	positive regulation of nucleotide metabo...	22	9	4.93	0.03947
GO:1900544	positive regulation of purine nucleotide...	22	9	4.93	0.03947
GO:0006928	movement of cell or subcellular componen...	251	68	56.21	0.03952
GO:0019752	carboxylic acid metabolic process	405	105	90.7	0.04070
GO:0006661	phosphatidylinositol biosynthetic proces...	29	11	6.49	0.04208
GO:0050865	regulation of cell activation	36	13	8.06	0.04228
GO:0006357	regulation of transcription by RNA polym...	256	69	57.33	0.04243
GO:0045814	negative regulation of gene expression, ...	88	27	19.71	0.04255
GO:0033036	macromolecule localization	721	179	161.47	0.04290
GO:0006536	glutamate metabolic process	19	8	4.26	0.04315
GO:0035304	regulation of protein dephosphorylation	19	8	4.26	0.04315
GO:0043271	negative regulation of ion transport	19	8	4.26	0.04315
GO:0043588	skin development	19	8	4.26	0.04315
GO:1902883	negative regulation of response to oxida...	19	8	4.26	0.04315
GO:1903580	positive regulation of ATP metabolic pro...	19	8	4.26	0.04315
GO:2001171	positive regulation of ATP biosynthetic ...	19	8	4.26	0.04315
GO:0055082	cellular chemical homeostasis	135	39	30.23	0.04340
GO:0018130	heterocycle biosynthetic process	838	206	187.67	0.04359
GO:1901564	organonitrogen compound metabolic proces...	1721	406	385.42	0.04413
GO:0046034	ATP metabolic process	96	29	21.5	0.04423
GO:0009888	tissue development	327	86	73.23	0.04467
GO:0050794	regulation of cellular process	1547	367	346.45	0.04483
GO:0060627	regulation of vesicle-mediated transport	100	30	22.4	0.04493
GO:0006793	phosphorus metabolic process	748	185	167.51	0.04533
GO:0048316	seed development	104	31	23.29	0.04555
GO:0044182	filamentous growth of a population of un...	40	14	8.96	0.04638
GO:0007272	ensheathment of neurons	16	7	3.58	0.04669
GO:0008366	axon ensheathment	16	7	3.58	0.04669
GO:0009263	deoxyribonucleotide biosynthetic process	16	7	3.58	0.04669
GO:0009265	2'-deoxyribonucleotide biosynthetic proc...	16	7	3.58	0.04669
GO:0046385	deoxyribose phosphate biosynthetic proce...	16	7	3.58	0.04669
GO:0060260	regulation of transcription initiation f...	16	7	3.58	0.04669
GO:1900076	regulation of cellular response to insul...	16	7	3.58	0.04669
GO:0043933	protein-containing complex subunit organ...	624	156	139.74	0.04698
GO:0010256	endomembrane system organization	116	34	25.98	0.04699
GO:0030029	actin filament-based process	116	34	25.98	0.04699
GO:0006890	retrograde vesicle-mediated transport, G...	26	10	5.82	0.04699
GO:0051494	negative regulation of cytoskeleton orga...	26	10	5.82	0.04699
GO:0007010	cytoskeleton organization	278	74	62.26	0.04717
GO:0010646	regulation of cell communication	399	103	89.36	0.04731
GO:0006271	DNA strand elongation involved in DNA re...	33	12	7.39	0.04754
GO:0006898	receptor-mediated endocytosis	33	12	7.39	0.04754
GO:0042593	glucose homeostasis	33	12	7.39	0.04754
GO:1900542	regulation of purine nucleotide metaboli...	33	12	7.39	0.04754
GO:2000242	negative regulation of reproductive proc...	33	12	7.39	0.04754
GO:0016310	phosphorylation	437	112	97.87	0.04756
GO:0006342	chromatin silencing	85	26	19.04	0.04764
GO:0035967	cellular response to topologically incor...	66	21	14.78	0.04790
GO:0051094	positive regulation of developmental pro...	176	49	39.42	0.04798
GO:0016458	gene silencing	160	45	35.83	0.04842
GO:0098657	import into cell	148	42	33.14	0.04848
GO:0002532	production of molecular mediator involve...	7	4	1.57	0.04880
GO:0006103	2-oxoglutarate metabolic process	7	4	1.57	0.04880
GO:0009068	aspartate family amino acid catabolic pr...	7	4	1.57	0.04880
GO:0009139	pyrimidine nucleoside diphosphate biosyn...	7	4	1.57	0.04880
GO:0009196	pyrimidine deoxyribonucleoside diphospha...	7	4	1.57	0.04880
GO:0009197	pyrimidine deoxyribonucleoside diphospha...	7	4	1.57	0.04880
GO:0009212	pyrimidine deoxyribonucleoside triphosph...	7	4	1.57	0.04880
GO:0009794	regulation of mitotic cell cycle, embryo...	7	4	1.57	0.04880
GO:0010090	trichome morphogenesis	7	4	1.57	0.04880
GO:0015693	magnesium ion transport	7	4	1.57	0.04880
GO:0032413	negative regulation of ion transmembrane...	7	4	1.57	0.04880
GO:0033313	meiotic cell cycle checkpoint	7	4	1.57	0.04880
GO:0034035	purine ribonucleoside bisphosphate metab...	7	4	1.57	0.04880
GO:0034036	purine ribonucleoside bisphosphate biosy...	7	4	1.57	0.04880
GO:0034091	regulation of maintenance of sister chro...	7	4	1.57	0.04880
GO:0034182	regulation of maintenance of mitotic sis...	7	4	1.57	0.04880
GO:0035722	interleukin-12-mediated signaling pathwa...	7	4	1.57	0.04880
GO:0043102	amino acid salvage	7	4	1.57	0.04880
GO:0043649	dicarboxylic acid catabolic process	7	4	1.57	0.04880
GO:0044785	metaphase/anaphase transition of meiotic...	7	4	1.57	0.04880
GO:0046632	alpha-beta T cell differentiation	7	4	1.57	0.04880
GO:0046827	positive regulation of protein export fr...	7	4	1.57	0.04880
GO:0046854	phosphatidylinositol phosphorylation	7	4	1.57	0.04880
GO:0050427	3'-phosphoadenosine 5'-phosphosulfate me...	7	4	1.57	0.04880
GO:0050428	3'-phosphoadenosine 5'-phosphosulfate bi...	7	4	1.57	0.04880
GO:0051455	attachment of spindle microtubules to ki...	7	4	1.57	0.04880
GO:0055059	asymmetric neuroblast division	7	4	1.57	0.04880
GO:0061085	regulation of histone H3-K27 methylation	7	4	1.57	0.04880
GO:0070208	protein heterotrimerization	7	4	1.57	0.04880
GO:0070671	response to interleukin-12	7	4	1.57	0.04880
GO:0071267	L-methionine salvage	7	4	1.57	0.04880
GO:0071349	cellular response to interleukin-12	7	4	1.57	0.04880
GO:0090175	regulation of establishment of planar po...	7	4	1.57	0.04880
GO:1901993	regulation of meiotic cell cycle phase t...	7	4	1.57	0.04880
GO:1902102	regulation of metaphase/anaphase transit...	7	4	1.57	0.04880
GO:1902295	synthesis of RNA primer involved in cell...	7	4	1.57	0.04880
GO:1902318	synthesis of RNA primer involved in nucl...	7	4	1.57	0.04880
GO:1902981	synthesis of RNA primer involved in mito...	7	4	1.57	0.04880
GO:1905132	regulation of meiotic chromosome separat...	7	4	1.57	0.04880
GO:0045184	establishment of protein localization	484	123	108.39	0.04882
GO:0006796	phosphate-containing compound metabolic ...	728	180	163.04	0.04888
GO:0006971	hypotonic response	13	6	2.91	0.04964
GO:0009221	pyrimidine deoxyribonucleotide biosynthe...	13	6	2.91	0.04964
GO:0018210	peptidyl-threonine modification	13	6	2.91	0.04964
GO:0019076	viral release from host cell	13	6	2.91	0.04964
GO:0032875	regulation of DNA endoreduplication	13	6	2.91	0.04964
GO:0035890	exit from host	13	6	2.91	0.04964
GO:0035891	exit from host cell	13	6	2.91	0.04964
GO:0042026	protein refolding	13	6	2.91	0.04964
GO:0050775	positive regulation of dendrite morphoge...	13	6	2.91	0.04964
GO:0052126	movement in host environment	13	6	2.91	0.04964
GO:0052192	movement in environment of other organis...	13	6	2.91	0.04964
GO:1902105	regulation of leukocyte differentiation	13	6	2.91	0.04964
GO:0044265	cellular macromolecule catabolic process	404	104	90.48	0.04968
GO:0048366	leaf development	44	15	9.85	0.05001
GO:0000073	mitotic spindle pole body separation	2	2	0.45	0.05010
GO:0001821	histamine secretion	2	2	0.45	0.05010
GO:0002278	eosinophil activation involved in immune...	2	2	0.45	0.05010
GO:0002349	histamine production involved in inflamm...	2	2	0.45	0.05010
GO:0002441	histamine secretion involved in inflamma...	2	2	0.45	0.05010
GO:0002447	eosinophil mediated immunity	2	2	0.45	0.05010
GO:0002553	histamine secretion by mast cell	2	2	0.45	0.05010
GO:0002828	regulation of type 2 immune response	2	2	0.45	0.05010
GO:0006072	glycerol-3-phosphate metabolic process	2	2	0.45	0.05010
GO:0006227	dUDP biosynthetic process	2	2	0.45	0.05010
GO:0006233	dTDP biosynthetic process	2	2	0.45	0.05010
GO:0006532	aspartate biosynthetic process	2	2	0.45	0.05010
GO:0006597	spermine biosynthetic process	2	2	0.45	0.05010
GO:0006679	glucosylceramide biosynthetic process	2	2	0.45	0.05010
GO:0007057	spindle assembly involved in female meio...	2	2	0.45	0.05010
GO:0008215	spermine metabolic process	2	2	0.45	0.05010
GO:0008295	spermidine biosynthetic process	2	2	0.45	0.05010
GO:0009789	positive regulation of abscisic acid-act...	2	2	0.45	0.05010
GO:0010018	far-red light signaling pathway	2	2	0.45	0.05010
GO:0010121	arginine catabolic process to proline vi...	2	2	0.45	0.05010
GO:0010191	mucilage metabolic process	2	2	0.45	0.05010
GO:0010207	photosystem II assembly	2	2	0.45	0.05010
GO:0010360	negative regulation of anion channel act...	2	2	0.45	0.05010
GO:0010361	regulation of anion channel activity by ...	2	2	0.45	0.05010
GO:0010362	negative regulation of anion channel act...	2	2	0.45	0.05010
GO:0010376	stomatal complex formation	2	2	0.45	0.05010
GO:0010695	regulation of mitotic spindle pole body ...	2	2	0.45	0.05010
GO:0010960	magnesium ion homeostasis	2	2	0.45	0.05010
GO:0015741	fumarate transport	2	2	0.45	0.05010
GO:0015744	succinate transport	2	2	0.45	0.05010
GO:0019266	asparagine biosynthetic process from oxa...	2	2	0.45	0.05010
GO:0019348	dolichol metabolic process	2	2	0.45	0.05010
GO:0019493	arginine catabolic process to proline	2	2	0.45	0.05010
GO:0019543	propionate catabolic process	2	2	0.45	0.05010
GO:0019629	propionate catabolic process, 2-methylci...	2	2	0.45	0.05010
GO:0030812	negative regulation of nucleotide catabo...	2	2	0.45	0.05010
GO:0030903	notochord development	2	2	0.45	0.05010
GO:0031029	regulation of septation initiation signa...	2	2	0.45	0.05010
GO:0031111	negative regulation of microtubule polym...	2	2	0.45	0.05010
GO:0031578	mitotic spindle orientation checkpoint	2	2	0.45	0.05010
GO:0031919	vitamin B6 transport	2	2	0.45	0.05010
GO:0031921	pyridoxal phosphate transport	2	2	0.45	0.05010
GO:0032119	sequestering of zinc ion	2	2	0.45	0.05010
GO:0032233	positive regulation of actin filament bu...	2	2	0.45	0.05010
GO:0032769	negative regulation of monooxygenase act...	2	2	0.45	0.05010
GO:0032877	positive regulation of DNA endoreduplica...	2	2	0.45	0.05010
GO:0032963	collagen metabolic process	2	2	0.45	0.05010
GO:0032964	collagen biosynthetic process	2	2	0.45	0.05010
GO:0033081	regulation of T cell differentiation in ...	2	2	0.45	0.05010
GO:0033240	positive regulation of cellular amine me...	2	2	0.45	0.05010
GO:0034123	positive regulation of toll-like recepto...	2	2	0.45	0.05010
GO:0034196	acylglycerol transport	2	2	0.45	0.05010
GO:0034197	triglyceride transport	2	2	0.45	0.05010
GO:0035646	endosome to melanosome transport	2	2	0.45	0.05010
GO:0035743	CD4-positive, alpha-beta T cell cytokine...	2	2	0.45	0.05010
GO:0035745	T-helper 2 cell cytokine production	2	2	0.45	0.05010
GO:0039535	regulation of RIG-I signaling pathway	2	2	0.45	0.05010
GO:0042069	regulation of catecholamine metabolic pr...	2	2	0.45	0.05010
GO:0042092	type 2 immune response	2	2	0.45	0.05010
GO:0042753	positive regulation of circadian rhythm	2	2	0.45	0.05010
GO:0042776	mitochondrial ATP synthesis coupled prot...	2	2	0.45	0.05010
GO:0043307	eosinophil activation	2	2	0.45	0.05010
GO:0043308	eosinophil degranulation	2	2	0.45	0.05010
GO:0045820	negative regulation of glycolytic proces...	2	2	0.45	0.05010
GO:0045852	pH elevation	2	2	0.45	0.05010
GO:0046072	dTDP metabolic process	2	2	0.45	0.05010
GO:0046077	dUDP metabolic process	2	2	0.45	0.05010
GO:0046476	glycosylceramide biosynthetic process	2	2	0.45	0.05010
GO:0046823	negative regulation of nucleocytoplasmic...	2	2	0.45	0.05010
GO:0048290	isotype switching to IgA isotypes	2	2	0.45	0.05010
GO:0048291	isotype switching to IgG isotypes	2	2	0.45	0.05010
GO:0048296	regulation of isotype switching to IgA i...	2	2	0.45	0.05010
GO:0048298	positive regulation of isotype switching...	2	2	0.45	0.05010
GO:0048302	regulation of isotype switching to IgG i...	2	2	0.45	0.05010
GO:0048304	positive regulation of isotype switching...	2	2	0.45	0.05010
GO:0048829	root cap development	2	2	0.45	0.05010
GO:0048881	mechanosensory lateral line system devel...	2	2	0.45	0.05010
GO:0048915	posterior lateral line system developmen...	2	2	0.45	0.05010
GO:0048916	posterior lateral line development	2	2	0.45	0.05010
GO:0051001	negative regulation of nitric-oxide synt...	2	2	0.45	0.05010
GO:0051198	negative regulation of coenzyme metaboli...	2	2	0.45	0.05010
GO:0051454	intracellular pH elevation	2	2	0.45	0.05010
GO:0051492	regulation of stress fiber assembly	2	2	0.45	0.05010
GO:0051754	meiotic sister chromatid cohesion, centr...	2	2	0.45	0.05010
GO:0052646	alditol phosphate metabolic process	2	2	0.45	0.05010
GO:0060192	negative regulation of lipase activity	2	2	0.45	0.05010
GO:0060351	cartilage development involved in endoch...	2	2	0.45	0.05010
GO:0061088	regulation of sequestering of zinc ion	2	2	0.45	0.05010
GO:0070863	positive regulation of protein exit from...	2	2	0.45	0.05010
GO:0071422	succinate transmembrane transport	2	2	0.45	0.05010
GO:0071490	cellular response to far red light	2	2	0.45	0.05010
GO:0072416	signal transduction involved in spindle ...	2	2	0.45	0.05010
GO:0072477	signal transduction involved in mitotic ...	2	2	0.45	0.05010
GO:0072480	signal transduction involved in mitotic ...	2	2	0.45	0.05010
GO:0072486	signal transduction involved in spindle ...	2	2	0.45	0.05010
GO:0080001	mucilage extrusion from seed coat	2	2	0.45	0.05010
GO:0090042	tubulin deacetylation	2	2	0.45	0.05010
GO:0090043	regulation of tubulin deacetylation	2	2	0.45	0.05010
GO:0090083	regulation of inclusion body assembly	2	2	0.45	0.05010
GO:0090155	negative regulation of sphingolipid bios...	2	2	0.45	0.05010
GO:0090232	positive regulation of spindle checkpoin...	2	2	0.45	0.05010
GO:0090233	negative regulation of spindle checkpoin...	2	2	0.45	0.05010
GO:0090267	positive regulation of mitotic cell cycl...	2	2	0.45	0.05010
GO:0090436	leaf pavement cell development	2	2	0.45	0.05010
GO:0097120	receptor localization to synapse	2	2	0.45	0.05010
GO:0099515	actin filament-based transport	2	2	0.45	0.05010
GO:0110029	negative regulation of meiosis I	2	2	0.45	0.05010
GO:0110100	spindle pole body separation	2	2	0.45	0.05010
GO:1900060	negative regulation of ceramide biosynth...	2	2	0.45	0.05010
GO:1900436	positive regulation of filamentous growt...	2	2	0.45	0.05010
GO:1900483	regulation of protein targeting to vacuo...	2	2	0.45	0.05010
GO:1900490	positive regulation of hydroxymethylglut...	2	2	0.45	0.05010
GO:1901421	positive regulation of response to alcoh...	2	2	0.45	0.05010
GO:1901535	regulation of DNA demethylation	2	2	0.45	0.05010
GO:1901537	positive regulation of DNA demethylation	2	2	0.45	0.05010
GO:1901569	fatty acid derivative catabolic process	2	2	0.45	0.05010
GO:1901978	positive regulation of cell cycle checkp...	2	2	0.45	0.05010
GO:1902408	mitotic cytokinesis, site selection	2	2	0.45	0.05010
GO:1902413	negative regulation of mitotic cytokines...	2	2	0.45	0.05010
GO:1902426	deactivation of mitotic spindle assembly...	2	2	0.45	0.05010
GO:1902953	positive regulation of ER to Golgi vesic...	2	2	0.45	0.05010
GO:1903066	regulation of protein localization to ce...	2	2	0.45	0.05010
GO:1903437	negative regulation of mitotic cytokinet...	2	2	0.45	0.05010
GO:1903499	regulation of mitotic actomyosin contrac...	2	2	0.45	0.05010
GO:1903593	regulation of histamine secretion by mas...	2	2	0.45	0.05010
GO:1903595	positive regulation of histamine secreti...	2	2	0.45	0.05010
GO:1904823	purine nucleobase transmembrane transpor...	2	2	0.45	0.05010
GO:1905047	mitotic spindle pole body organization	2	2	0.45	0.05010
GO:1905332	positive regulation of morphogenesis of ...	2	2	0.45	0.05010
GO:1905959	positive regulation of cellular response...	2	2	0.45	0.05010
GO:1990540	mitochondrial manganese ion transmembran...	2	2	0.45	0.05010
GO:2000036	regulation of stem cell population maint...	2	2	0.45	0.05010
GO:2000037	regulation of stomatal complex patternin...	2	2	0.45	0.05010
GO:2000431	regulation of cytokinesis, actomyosin co...	2	2	0.45	0.05010
GO:2000551	regulation of T-helper 2 cell cytokine p...	2	2	0.45	0.05010
GO:2001215	regulation of hydroxymethylglutaryl-CoA ...	2	2	0.45	0.05010
GO:0048856	anatomical structure development	1178	283	263.81	0.05078
GO:0006622	protein targeting to lysosome	10	5	2.24	0.05106
GO:0007110	meiosis I cytokinesis	10	5	2.24	0.05106
GO:0009240	isopentenyl diphosphate biosynthetic pro...	10	5	2.24	0.05106
GO:0009309	amine biosynthetic process	10	5	2.24	0.05106
GO:0010466	negative regulation of peptidase activit...	10	5	2.24	0.05106
GO:0010951	negative regulation of endopeptidase act...	10	5	2.24	0.05106
GO:0016108	tetraterpenoid metabolic process	10	5	2.24	0.05106
GO:0016116	carotenoid metabolic process	10	5	2.24	0.05106
