GO.ID	Term	Annotated	Significant	Expected	classic
GO:0014002	astrocyte development	5	5	1.25	0.00097
GO:0048708	astrocyte differentiation	5	5	1.25	0.00097
GO:0043171	peptide catabolic process	9	7	2.25	0.00132
GO:0050821	protein stabilization	43	20	10.75	0.00168
GO:0009314	response to radiation	213	72	53.27	0.00182
GO:0051093	negative regulation of developmental pro...	106	40	26.51	0.00215
GO:0090287	regulation of cellular response to growt...	19	11	4.75	0.00223
GO:0006303	double-strand break repair via nonhomolo...	27	14	6.75	0.00236
GO:0009416	response to light stimulus	166	57	41.51	0.00365
GO:0045476	nurse cell apoptotic process	4	4	1	0.00389
GO:0045477	regulation of nurse cell apoptotic proce...	4	4	1	0.00389
GO:0048147	negative regulation of fibroblast prolif...	4	4	1	0.00389
GO:0019432	triglyceride biosynthetic process	8	6	2	0.00419
GO:2001233	regulation of apoptotic signaling pathwa...	55	23	13.75	0.00433
GO:0008630	intrinsic apoptotic signaling pathway in...	23	12	5.75	0.00452
GO:1902175	regulation of oxidative stress-induced i...	6	5	1.5	0.00461
GO:0006638	neutral lipid metabolic process	29	14	7.25	0.00546
GO:0006639	acylglycerol metabolic process	29	14	7.25	0.00546
GO:0009411	response to UV	56	23	14	0.00565
GO:0043270	positive regulation of ion transport	32	15	8	0.00575
GO:0009108	coenzyme biosynthetic process	118	42	29.51	0.00588
GO:0000726	non-recombinational repair	35	16	8.75	0.00594
GO:1902969	mitotic DNA replication	35	16	8.75	0.00594
GO:0033260	nuclear DNA replication	44	19	11	0.00608
GO:0071559	response to transforming growth factor b...	21	11	5.25	0.00628
GO:0071560	cellular response to transforming growth...	21	11	5.25	0.00628
GO:0007179	transforming growth factor beta receptor...	16	9	4	0.00735
GO:0050680	negative regulation of epithelial cell p...	11	7	2.75	0.00748
GO:2001235	positive regulation of apoptotic signali...	19	10	4.75	0.00874
GO:0006047	UDP-N-acetylglucosamine metabolic proces...	9	6	2.25	0.00991
GO:0045923	positive regulation of fatty acid metabo...	9	6	2.25	0.00991
GO:0010165	response to X-ray	14	8	3.5	0.01018
GO:0017015	regulation of transforming growth factor...	14	8	3.5	0.01018
GO:1903844	regulation of cellular response to trans...	14	8	3.5	0.01018
GO:1905039	carboxylic acid transmembrane transport	46	19	11.5	0.01067
GO:0000393	spliceosomal conformational changes to g...	17	9	4.25	0.01220
GO:0051347	positive regulation of transferase activ...	99	35	24.76	0.01279
GO:0007176	regulation of epidermal growth factor-ac...	7	5	1.75	0.01281
GO:0042816	vitamin B6 metabolic process	7	5	1.75	0.01281
GO:1902742	apoptotic process involved in developmen...	7	5	1.75	0.01281
GO:1903749	positive regulation of establishment of ...	7	5	1.75	0.01281
GO:0034220	ion transmembrane transport	218	69	54.52	0.01310
GO:0031647	regulation of protein stability	66	25	16.51	0.01322
GO:0006732	coenzyme metabolic process	179	58	44.76	0.01336
GO:0006749	glutathione metabolic process	20	10	5	0.01363
GO:0034767	positive regulation of ion transmembrane...	20	10	5	0.01363
GO:0006040	amino sugar metabolic process	12	7	3	0.01412
GO:0044283	small molecule biosynthetic process	365	109	91.28	0.01456
GO:0031398	positive regulation of protein ubiquitin...	26	12	6.5	0.01514
GO:0043928	exonucleolytic nuclear-transcribed mRNA ...	26	12	6.5	0.01514
GO:0043488	regulation of mRNA stability	29	13	7.25	0.01541
GO:0006030	chitin metabolic process	5	4	1.25	0.01557
GO:0007216	G protein-coupled glutamate receptor sig...	5	4	1.25	0.01557
GO:0008655	pyrimidine-containing compound salvage	5	4	1.25	0.01557
GO:0031641	regulation of myelination	5	4	1.25	0.01557
GO:0033301	cell cycle comprising mitosis without cy...	5	4	1.25	0.01557
GO:0038171	cannabinoid signaling pathway	5	4	1.25	0.01557
GO:0042822	pyridoxal phosphate metabolic process	5	4	1.25	0.01557
GO:0042823	pyridoxal phosphate biosynthetic process	5	4	1.25	0.01557
GO:0046340	diacylglycerol catabolic process	5	4	1.25	0.01557
GO:0048286	lung alveolus development	5	4	1.25	0.01557
GO:0051571	positive regulation of histone H3-K4 met...	5	4	1.25	0.01557
GO:0071825	protein-lipid complex subunit organizati...	5	4	1.25	0.01557
GO:0071926	endocannabinoid signaling pathway	5	4	1.25	0.01557
GO:0098920	retrograde trans-synaptic signaling by l...	5	4	1.25	0.01557
GO:0098921	retrograde trans-synaptic signaling by e...	5	4	1.25	0.01557
GO:0099541	trans-synaptic signaling by lipid	5	4	1.25	0.01557
GO:0099542	trans-synaptic signaling by endocannabin...	5	4	1.25	0.01557
GO:1904748	regulation of apoptotic process involved...	5	4	1.25	0.01557
GO:0000186	activation of MAPKK activity	3	3	0.75	0.01560
GO:0000389	mRNA 3'-splice site recognition	3	3	0.75	0.01560
GO:0009443	pyridoxal 5'-phosphate salvage	3	3	0.75	0.01560
GO:0009694	jasmonic acid metabolic process	3	3	0.75	0.01560
GO:0010573	vascular endothelial growth factor produ...	3	3	0.75	0.01560
GO:0010574	regulation of vascular endothelial growt...	3	3	0.75	0.01560
GO:0010826	negative regulation of centrosome duplic...	3	3	0.75	0.01560
GO:0010867	positive regulation of triglyceride bios...	3	3	0.75	0.01560
GO:0015677	copper ion import	3	3	0.75	0.01560
GO:0033158	regulation of protein import into nucleu...	3	3	0.75	0.01560
GO:0042659	regulation of cell fate specification	3	3	0.75	0.01560
GO:0046348	amino sugar catabolic process	3	3	0.75	0.01560
GO:0046606	negative regulation of centrosome cycle	3	3	0.75	0.01560
GO:0050820	positive regulation of coagulation	3	3	0.75	0.01560
GO:0061180	mammary gland epithelium development	3	3	0.75	0.01560
GO:0061900	glial cell activation	3	3	0.75	0.01560
GO:0150076	neuroinflammatory response	3	3	0.75	0.01560
GO:1900409	positive regulation of cellular response...	3	3	0.75	0.01560
GO:1901021	positive regulation of calcium ion trans...	3	3	0.75	0.01560
GO:1903463	regulation of mitotic cell cycle DNA rep...	3	3	0.75	0.01560
GO:1990000	amyloid fibril formation	3	3	0.75	0.01560
GO:2001259	positive regulation of cation channel ac...	3	3	0.75	0.01560
GO:0048580	regulation of post-embryonic development	67	25	16.76	0.01623
GO:0006260	DNA replication	142	47	35.51	0.01657
GO:0007219	Notch signaling pathway	51	20	12.75	0.01692
GO:1903825	organic acid transmembrane transport	51	20	12.75	0.01692
GO:0000076	DNA replication checkpoint	15	8	3.75	0.01710
GO:0042552	myelination	15	8	3.75	0.01710
GO:0044786	cell cycle DNA replication	71	26	17.76	0.01863
GO:0001302	replicative cell aging	18	9	4.5	0.01909
GO:0030323	respiratory tube development	18	9	4.5	0.01909
GO:0030324	lung development	18	9	4.5	0.01909
GO:2000104	negative regulation of DNA-dependent DNA...	18	9	4.5	0.01909
GO:0098656	anion transmembrane transport	105	36	26.26	0.01941
GO:0097190	apoptotic signaling pathway	88	31	22.01	0.01951
GO:0010224	response to UV-B	10	6	2.5	0.01959
GO:0031062	positive regulation of histone methylati...	10	6	2.5	0.01959
GO:0034085	establishment of sister chromatid cohesi...	10	6	2.5	0.01959
GO:0046460	neutral lipid biosynthetic process	10	6	2.5	0.01959
GO:0046463	acylglycerol biosynthetic process	10	6	2.5	0.01959
GO:0006641	triglyceride metabolic process	21	10	5.25	0.02032
GO:1901568	fatty acid derivative metabolic process	30	13	7.5	0.02113
GO:1901575	organic substance catabolic process	653	184	163.3	0.02118
GO:0007405	neuroblast proliferation	27	12	6.75	0.02121
GO:0008156	negative regulation of DNA replication	27	12	6.75	0.02121
GO:0045860	positive regulation of protein kinase ac...	62	23	15.5	0.02222
GO:0045596	negative regulation of cell differentiat...	72	26	18.01	0.02245
GO:0032988	ribonucleoprotein complex disassembly	13	7	3.25	0.02409
GO:0042755	eating behavior	13	7	3.25	0.02409
GO:0048144	fibroblast proliferation	13	7	3.25	0.02409
GO:0048145	regulation of fibroblast proliferation	13	7	3.25	0.02409
GO:0071480	cellular response to gamma radiation	13	7	3.25	0.02409
GO:0097193	intrinsic apoptotic signaling pathway	56	21	14	0.02490
GO:0017038	protein import	83	29	20.76	0.02622
GO:0007272	ensheathment of neurons	16	8	4	0.02686
GO:0008366	axon ensheathment	16	8	4	0.02686
GO:0032201	telomere maintenance via semi-conservati...	16	8	4	0.02686
GO:0035384	thioester biosynthetic process	16	8	4	0.02686
GO:0070481	nuclear-transcribed mRNA catabolic proce...	16	8	4	0.02686
GO:0071616	acyl-CoA biosynthetic process	16	8	4	0.02686
GO:0006275	regulation of DNA replication	63	23	15.75	0.02698
GO:0000349	generation of catalytic spliceosome for ...	8	5	2	0.02717
GO:0007215	glutamate receptor signaling pathway	8	5	2	0.02717
GO:0008631	intrinsic apoptotic signaling pathway in...	8	5	2	0.02717
GO:0019369	arachidonic acid metabolic process	8	5	2	0.02717
GO:0032892	positive regulation of organic acid tran...	8	5	2	0.02717
GO:0035337	fatty-acyl-CoA metabolic process	8	5	2	0.02717
GO:0042307	positive regulation of protein import in...	8	5	2	0.02717
GO:0046184	aldehyde biosynthetic process	8	5	2	0.02717
GO:0048443	stamen development	8	5	2	0.02717
GO:0048466	androecium development	8	5	2	0.02717
GO:1901071	glucosamine-containing compound metaboli...	8	5	2	0.02717
GO:0006508	proteolysis	399	116	99.78	0.02730
GO:0006855	drug transmembrane transport	34	14	8.5	0.02750
GO:0061351	neural precursor cell proliferation	34	14	8.5	0.02750
GO:0006839	mitochondrial transport	80	28	20.01	0.02798
GO:0009657	plastid organization	60	22	15	0.02867
GO:0006081	cellular aldehyde metabolic process	28	12	7	0.02890
GO:0010332	response to gamma radiation	28	12	7	0.02890
GO:0043279	response to alkaloid	28	12	7	0.02890
GO:0003015	heart process	25	11	6.25	0.02922
GO:0060047	heart contraction	25	11	6.25	0.02922
GO:1903508	positive regulation of nucleic acid-temp...	215	66	53.77	0.02970
GO:1901565	organonitrogen compound catabolic proces...	389	113	97.28	0.02993
GO:0060541	respiratory system development	44	17	11	0.03090
GO:0007568	aging	165	52	41.26	0.03154
GO:0033674	positive regulation of kinase activity	64	23	16	0.03249
GO:1902680	positive regulation of RNA biosynthetic ...	216	66	54.02	0.03272
GO:0009628	response to abiotic stimulus	580	163	145.05	0.03318
GO:0000398	mRNA splicing, via spliceosome	137	44	34.26	0.03360
GO:0051603	proteolysis involved in cellular protein...	242	73	60.52	0.03394
GO:0072524	pyridine-containing compound metabolic p...	71	25	17.76	0.03404
GO:0000060	protein import into nucleus, translocati...	11	6	2.75	0.03413
GO:0021782	glial cell development	11	6	2.75	0.03413
GO:0046339	diacylglycerol metabolic process	11	6	2.75	0.03413
GO:1903998	regulation of eating behavior	11	6	2.75	0.03413
GO:0006486	protein glycosylation	78	27	19.51	0.03519
GO:0043413	macromolecule glycosylation	78	27	19.51	0.03519
GO:0009658	chloroplast organization	35	14	8.75	0.03561
GO:0044743	protein transmembrane import into intrac...	35	14	8.75	0.03561
GO:0043487	regulation of RNA stability	32	13	8	0.03709
GO:0051402	neuron apoptotic process	32	13	8	0.03709
GO:0002286	T cell activation involved in immune res...	6	4	1.5	0.03750
GO:0006048	UDP-N-acetylglucosamine biosynthetic pro...	6	4	1.5	0.03750
GO:0006825	copper ion transport	6	4	1.5	0.03750
GO:0031938	regulation of chromatin silencing at tel...	6	4	1.5	0.03750
GO:0034087	establishment of mitotic sister chromati...	6	4	1.5	0.03750
GO:0042819	vitamin B6 biosynthetic process	6	4	1.5	0.03750
GO:0045041	protein import into mitochondrial interm...	6	4	1.5	0.03750
GO:0045445	myoblast differentiation	6	4	1.5	0.03750
GO:0046349	amino sugar biosynthetic process	6	4	1.5	0.03750
GO:0051928	positive regulation of calcium ion trans...	6	4	1.5	0.03750
GO:0051957	positive regulation of amino acid transp...	6	4	1.5	0.03750
GO:0097695	establishment of protein-containing comp...	6	4	1.5	0.03750
GO:2000678	negative regulation of transcription reg...	6	4	1.5	0.03750
GO:0032456	endocytic recycling	14	7	3.5	0.03800
GO:0048581	negative regulation of post-embryonic de...	14	7	3.5	0.03800
GO:0051052	regulation of DNA metabolic process	156	49	39.01	0.03831
GO:0071902	positive regulation of protein serine/th...	45	17	11.25	0.03848
GO:0000075	cell cycle checkpoint	89	30	22.26	0.03906
GO:0051241	negative regulation of multicellular org...	117	38	29.26	0.03916
GO:0009100	glycoprotein metabolic process	96	32	24.01	0.03937
GO:0051443	positive regulation of ubiquitin-protein...	17	8	4.25	0.03989
GO:0033559	unsaturated fatty acid metabolic process	23	10	5.75	0.04029
GO:0090092	regulation of transmembrane receptor pro...	23	10	5.75	0.04029
GO:0000083	regulation of transcription involved in ...	20	9	5	0.04051
GO:0008016	regulation of heart contraction	20	9	5	0.04051
GO:0010623	programmed cell death involved in cell d...	20	9	5	0.04051
GO:0051972	regulation of telomerase activity	20	9	5	0.04051
GO:1900407	regulation of cellular response to oxida...	20	9	5	0.04051
GO:0030900	forebrain development	42	16	10.5	0.04070
GO:0045893	positive regulation of transcription, DN...	208	63	52.02	0.04325
GO:0055085	transmembrane transport	308	90	77.02	0.04367
GO:0031396	regulation of protein ubiquitination	59	21	14.75	0.04424
GO:0010557	positive regulation of macromolecule bio...	297	87	74.27	0.04431
GO:0031401	positive regulation of protein modificat...	158	49	39.51	0.04745
GO:0009581	detection of external stimulus	33	13	8.25	0.04765
GO:2000241	regulation of reproductive process	108	35	27.01	0.04791
GO:0070085	glycosylation	87	29	21.76	0.04829
GO:0030163	protein catabolic process	287	84	71.77	0.04855
GO:0015800	acidic amino acid transport	9	5	2.25	0.04875
GO:0032411	positive regulation of transporter activ...	9	5	2.25	0.04875
GO:0032414	positive regulation of ion transmembrane...	9	5	2.25	0.04875
GO:0043050	pharyngeal pumping	9	5	2.25	0.04875
GO:0043331	response to dsRNA	9	5	2.25	0.04875
GO:0046461	neutral lipid catabolic process	9	5	2.25	0.04875
GO:0046464	acylglycerol catabolic process	9	5	2.25	0.04875
GO:0051954	positive regulation of amine transport	9	5	2.25	0.04875
GO:0071359	cellular response to dsRNA	9	5	2.25	0.04875
GO:1903793	positive regulation of anion transport	9	5	2.25	0.04875
GO:0050793	regulation of developmental process	419	119	104.78	0.04975
GO:0000291	nuclear-transcribed mRNA catabolic proce...	30	12	7.5	0.04995
GO:0043523	regulation of neuron apoptotic process	30	12	7.5	0.04995
GO:0072655	establishment of protein localization to...	43	16	10.75	0.05031
GO:0001881	receptor recycling	4	3	1	0.05072
GO:0006031	chitin biosynthetic process	4	3	1	0.05072
GO:0006037	cell wall chitin metabolic process	4	3	1	0.05072
GO:0006038	cell wall chitin biosynthetic process	4	3	1	0.05072
GO:0006041	glucosamine metabolic process	4	3	1	0.05072
GO:0006108	malate metabolic process	4	3	1	0.05072
GO:0006449	regulation of translational termination	4	3	1	0.05072
GO:0006777	Mo-molybdopterin cofactor biosynthetic p...	4	3	1	0.05072
GO:0008090	retrograde axonal transport	4	3	1	0.05072
GO:0008614	pyridoxine metabolic process	4	3	1	0.05072
GO:0009229	thiamine diphosphate biosynthetic proces...	4	3	1	0.05072
GO:0009299	mRNA transcription	4	3	1	0.05072
GO:0010866	regulation of triglyceride biosynthetic ...	4	3	1	0.05072
GO:0019720	Mo-molybdopterin cofactor metabolic proc...	4	3	1	0.05072
GO:0034221	fungal-type cell wall chitin biosyntheti...	4	3	1	0.05072
GO:0034247	snoRNA splicing	4	3	1	0.05072
GO:0035010	encapsulation of foreign target	4	3	1	0.05072
GO:0035336	long-chain fatty-acyl-CoA metabolic proc...	4	3	1	0.05072
GO:0042357	thiamine diphosphate metabolic process	4	3	1	0.05072
GO:0045719	negative regulation of glycogen biosynth...	4	3	1	0.05072
GO:0048653	anther development	4	3	1	0.05072
GO:0050771	negative regulation of axonogenesis	4	3	1	0.05072
GO:0051790	short-chain fatty acid biosynthetic proc...	4	3	1	0.05072
GO:0060795	cell fate commitment involved in formati...	4	3	1	0.05072
GO:0065005	protein-lipid complex assembly	4	3	1	0.05072
GO:0070874	negative regulation of glycogen metaboli...	4	3	1	0.05072
GO:0071312	cellular response to alkaloid	4	3	1	0.05072
GO:0071894	histone H2B conserved C-terminal lysine ...	4	3	1	0.05072
GO:0098742	cell-cell adhesion via plasma-membrane a...	4	3	1	0.05072
GO:1901073	glucosamine-containing compound biosynth...	4	3	1	0.05072
GO:1902906	proteasome storage granule assembly	4	3	1	0.05072
GO:1903955	positive regulation of protein targeting...	4	3	1	0.05072
GO:0034764	positive regulation of transmembrane tra...	27	11	6.75	0.05214
GO:0042063	gliogenesis	27	11	6.75	0.05214
GO:0031328	positive regulation of cellular biosynth...	348	100	87.03	0.05242
GO:0006766	vitamin metabolic process	67	23	16.76	0.05408
GO:0010821	regulation of mitochondrion organization	24	10	6	0.05409
GO:0031058	positive regulation of histone modificat...	24	10	6	0.05409
GO:0071479	cellular response to ionizing radiation	24	10	6	0.05409
GO:0002168	instar larval development	12	6	3	0.05414
GO:0006743	ubiquinone metabolic process	12	6	3	0.05414
GO:0006744	ubiquinone biosynthetic process	12	6	3	0.05414
GO:0016128	phytosteroid metabolic process	12	6	3	0.05414
GO:0016129	phytosteroid biosynthetic process	12	6	3	0.05414
GO:0042306	regulation of protein import into nucleu...	12	6	3	0.05414
GO:0045023	G0 to G1 transition	12	6	3	0.05414
GO:0070316	regulation of G0 to G1 transition	12	6	3	0.05414
GO:1904591	positive regulation of protein import	12	6	3	0.05414
GO:0009056	catabolic process	786	214	196.56	0.05490
GO:0009101	glycoprotein biosynthetic process	88	29	22.01	0.05548
GO:0031060	regulation of histone methylation	21	9	5.25	0.05565
GO:0072348	sulfur compound transport	21	9	5.25	0.05565
GO:1903522	regulation of blood circulation	21	9	5.25	0.05565
GO:0030150	protein import into mitochondrial matrix	15	7	3.75	0.05628
GO:0048167	regulation of synaptic plasticity	15	7	3.75	0.05628
GO:0097384	cellular lipid biosynthetic process	15	7	3.75	0.05628
GO:1903201	regulation of oxidative stress-induced c...	15	7	3.75	0.05628
GO:1904064	positive regulation of cation transmembr...	15	7	3.75	0.05628
GO:0051606	detection of stimulus	57	20	14.25	0.05632
GO:0052548	regulation of endopeptidase activity	57	20	14.25	0.05632
GO:0006690	icosanoid metabolic process	18	8	4.5	0.05653
GO:0006760	folic acid-containing compound metabolic...	18	8	4.5	0.05653
GO:0009250	glucan biosynthetic process	18	8	4.5	0.05653
GO:0018991	oviposition	18	8	4.5	0.05653
GO:0036473	cell death in response to oxidative stre...	18	8	4.5	0.05653
GO:0044248	cellular catabolic process	744	203	186.06	0.05687
GO:0016485	protein processing	47	17	11.75	0.05751
GO:0006261	DNA-dependent DNA replication	106	34	26.51	0.05805
GO:0008285	negative regulation of cell proliferatio...	71	24	17.76	0.05890
GO:0060284	regulation of cell development	142	44	35.51	0.05894
GO:0044257	cellular protein catabolic process	256	75	64.02	0.05909
GO:0009582	detection of abiotic stimulus	34	13	8.5	0.06013
GO:0010212	response to ionizing radiation	54	19	13.5	0.06028
GO:0050776	regulation of immune response	110	35	27.51	0.06121
GO:0000375	RNA splicing, via transesterification re...	146	45	36.51	0.06130
GO:0065002	intracellular protein transmembrane tran...	44	16	11	0.06140
GO:0070585	protein localization to mitochondrion	44	16	11	0.06140
GO:0009743	response to carbohydrate	61	21	15.25	0.06208
GO:0001315	age-dependent response to reactive oxyge...	2	2	0.5	0.06248
GO:0001773	myeloid dendritic cell activation	2	2	0.5	0.06248
GO:0001921	positive regulation of receptor recyclin...	2	2	0.5	0.06248
GO:0001945	lymph vessel development	2	2	0.5	0.06248
GO:0001946	lymphangiogenesis	2	2	0.5	0.06248
GO:0002021	response to dietary excess	2	2	0.5	0.06248
GO:0002038	positive regulation of L-glutamate impor...	2	2	0.5	0.06248
GO:0002265	astrocyte activation involved in immune ...	2	2	0.5	0.06248
GO:0006434	seryl-tRNA aminoacylation	2	2	0.5	0.06248
GO:0006776	vitamin A metabolic process	2	2	0.5	0.06248
GO:0009173	pyrimidine ribonucleoside monophosphate ...	2	2	0.5	0.06248
GO:0009590	detection of gravity	2	2	0.5	0.06248
GO:0010112	regulation of systemic acquired resistan...	2	2	0.5	0.06248
GO:0010815	bradykinin catabolic process	2	2	0.5	0.06248
GO:0015871	choline transport	2	2	0.5	0.06248
GO:0016339	calcium-dependent cell-cell adhesion via...	2	2	0.5	0.06248
GO:0018117	protein adenylylation	2	2	0.5	0.06248
GO:0018175	protein nucleotidylation	2	2	0.5	0.06248
GO:0019418	sulfide oxidation	2	2	0.5	0.06248
GO:0019632	shikimate metabolic process	2	2	0.5	0.06248
GO:0021795	cerebral cortex cell migration	2	2	0.5	0.06248
GO:0021870	Cajal-Retzius cell differentiation	2	2	0.5	0.06248
GO:0021885	forebrain cell migration	2	2	0.5	0.06248
GO:0021895	cerebral cortex neuron differentiation	2	2	0.5	0.06248
GO:0022029	telencephalon cell migration	2	2	0.5	0.06248
GO:0030656	regulation of vitamin metabolic process	2	2	0.5	0.06248
GO:0031048	chromatin silencing by small RNA	2	2	0.5	0.06248
GO:0032461	positive regulation of protein oligomeri...	2	2	0.5	0.06248
GO:0033160	positive regulation of protein import in...	2	2	0.5	0.06248
GO:0033598	mammary gland epithelial cell proliferat...	2	2	0.5	0.06248
GO:0033599	regulation of mammary gland epithelial c...	2	2	0.5	0.06248
GO:0033600	negative regulation of mammary gland epi...	2	2	0.5	0.06248
GO:0034349	glial cell apoptotic process	2	2	0.5	0.06248
GO:0034379	very-low-density lipoprotein particle as...	2	2	0.5	0.06248
GO:0035070	salivary gland histolysis	2	2	0.5	0.06248
GO:0035071	salivary gland cell autophagic cell deat...	2	2	0.5	0.06248
GO:0035185	preblastoderm mitotic cell cycle	2	2	0.5	0.06248
GO:0035209	pupal development	2	2	0.5	0.06248
GO:0035733	hepatic stellate cell activation	2	2	0.5	0.06248
GO:0035864	response to potassium ion	2	2	0.5	0.06248
GO:0036035	osteoclast development	2	2	0.5	0.06248
GO:0036155	acylglycerol acyl-chain remodeling	2	2	0.5	0.06248
GO:0036269	swimming behavior	2	2	0.5	0.06248
GO:0036303	lymph vessel morphogenesis	2	2	0.5	0.06248
GO:0036480	neuron intrinsic apoptotic signaling pat...	2	2	0.5	0.06248
GO:0042178	xenobiotic catabolic process	2	2	0.5	0.06248
GO:0042873	aldonate transmembrane transport	2	2	0.5	0.06248
GO:0043011	myeloid dendritic cell differentiation	2	2	0.5	0.06248
GO:0043097	pyrimidine nucleoside salvage	2	2	0.5	0.06248
GO:0043403	skeletal muscle tissue regeneration	2	2	0.5	0.06248
GO:0043419	urea catabolic process	2	2	0.5	0.06248
GO:0043589	skin morphogenesis	2	2	0.5	0.06248
GO:0044030	regulation of DNA methylation	2	2	0.5	0.06248
GO:0044752	response to human chorionic gonadotropin	2	2	0.5	0.06248
GO:0044806	G-quadruplex DNA unwinding	2	2	0.5	0.06248
GO:0045671	negative regulation of osteoclast differ...	2	2	0.5	0.06248
GO:0045723	positive regulation of fatty acid biosyn...	2	2	0.5	0.06248
GO:0045741	positive regulation of epidermal growth ...	2	2	0.5	0.06248
GO:0046600	negative regulation of centriole replica...	2	2	0.5	0.06248
GO:0048143	astrocyte activation	2	2	0.5	0.06248
GO:0048627	myoblast development	2	2	0.5	0.06248
GO:0048791	calcium ion-regulated exocytosis of neur...	2	2	0.5	0.06248
GO:0050892	intestinal absorption	2	2	0.5	0.06248
GO:0051152	positive regulation of smooth muscle cel...	2	2	0.5	0.06248
GO:0051563	smooth endoplasmic reticulum calcium ion...	2	2	0.5	0.06248
GO:0051582	positive regulation of neurotransmitter ...	2	2	0.5	0.06248
GO:0060101	negative regulation of phagocytosis, eng...	2	2	0.5	0.06248
GO:0071619	phosphorylation of RNA polymerase II C-t...	2	2	0.5	0.06248
GO:0072537	fibroblast activation	2	2	0.5	0.06248
GO:0090160	Golgi to lysosome transport	2	2	0.5	0.06248
GO:0090647	modulation of age-related behavioral dec...	2	2	0.5	0.06248
GO:0097028	dendritic cell differentiation	2	2	0.5	0.06248
GO:0097167	circadian regulation of translation	2	2	0.5	0.06248
GO:0097242	amyloid-beta clearance	2	2	0.5	0.06248
GO:0097339	glycolate transmembrane transport	2	2	0.5	0.06248
GO:0098532	histone H3-K27 trimethylation	2	2	0.5	0.06248
GO:0098751	bone cell development	2	2	0.5	0.06248
GO:0098856	intestinal lipid absorption	2	2	0.5	0.06248
GO:0101030	tRNA-guanine transglycosylation	2	2	0.5	0.06248
GO:0120029	proton export across plasma membrane	2	2	0.5	0.06248
GO:1900866	glycolate transport	2	2	0.5	0.06248
GO:1901072	glucosamine-containing compound cataboli...	2	2	0.5	0.06248
GO:1901143	insulin catabolic process	2	2	0.5	0.06248
GO:1901409	positive regulation of phosphorylation o...	2	2	0.5	0.06248
GO:1901738	regulation of vitamin A metabolic proces...	2	2	0.5	0.06248
GO:1901975	glycerate transmembrane transport	2	2	0.5	0.06248
GO:1902001	fatty acid transmembrane transport	2	2	0.5	0.06248
GO:1902043	positive regulation of extrinsic apoptot...	2	2	0.5	0.06248
GO:1902177	positive regulation of oxidative stress-...	2	2	0.5	0.06248
GO:1902855	regulation of non-motile cilium assembly	2	2	0.5	0.06248
GO:1902990	mitotic telomere maintenance via semi-co...	2	2	0.5	0.06248
GO:1903011	negative regulation of bone development	2	2	0.5	0.06248
GO:1903209	positive regulation of oxidative stress-...	2	2	0.5	0.06248
GO:1903223	positive regulation of oxidative stress-...	2	2	0.5	0.06248
GO:1903361	protein localization to basolateral plas...	2	2	0.5	0.06248
GO:1903376	regulation of oxidative stress-induced n...	2	2	0.5	0.06248
GO:1903378	positive regulation of oxidative stress-...	2	2	0.5	0.06248
GO:1903469	removal of RNA primer involved in mitoti...	2	2	0.5	0.06248
GO:1903608	protein localization to cytoplasmic stre...	2	2	0.5	0.06248
GO:1903624	regulation of DNA catabolic process	2	2	0.5	0.06248
GO:1904046	negative regulation of vascular endothel...	2	2	0.5	0.06248
GO:1904355	positive regulation of telomere capping	2	2	0.5	0.06248
GO:1904478	regulation of intestinal absorption	2	2	0.5	0.06248
GO:1904729	regulation of intestinal lipid absorptio...	2	2	0.5	0.06248
GO:1904796	regulation of core promoter binding	2	2	0.5	0.06248
GO:1904797	negative regulation of core promoter bin...	2	2	0.5	0.06248
GO:1905065	positive regulation of vascular smooth m...	2	2	0.5	0.06248
GO:1905154	negative regulation of membrane invagina...	2	2	0.5	0.06248
GO:1905661	regulation of telomerase RNA reverse tra...	2	2	0.5	0.06248
GO:1905663	positive regulation of telomerase RNA re...	2	2	0.5	0.06248
GO:1905906	regulation of amyloid fibril formation	2	2	0.5	0.06248
GO:1905908	positive regulation of amyloid fibril fo...	2	2	0.5	0.06248
GO:2000395	regulation of ubiquitin-dependent endocy...	2	2	0.5	0.06248
GO:2000397	positive regulation of ubiquitin-depende...	2	2	0.5	0.06248
GO:2000489	regulation of hepatic stellate cell acti...	2	2	0.5	0.06248
GO:2000491	positive regulation of hepatic stellate ...	2	2	0.5	0.06248
GO:2001204	regulation of osteoclast development	2	2	0.5	0.06248
GO:2001205	negative regulation of osteoclast develo...	2	2	0.5	0.06248
GO:0006903	vesicle targeting	31	12	7.75	0.06363
GO:0045088	regulation of innate immune response	75	25	18.76	0.06364
GO:1901617	organic hydroxy compound biosynthetic pr...	75	25	18.76	0.06364
GO:0043632	modification-dependent macromolecule cat...	231	68	57.77	0.06412
GO:0044057	regulation of system process	51	18	12.75	0.06454
GO:0006415	translational termination	28	11	7	0.06717
GO:0001836	release of cytochrome c from mitochondri...	7	4	1.75	0.07041
GO:0010051	xylem and phloem pattern formation	7	4	1.75	0.07041
GO:0033262	regulation of nuclear cell cycle DNA rep...	7	4	1.75	0.07041
GO:0042246	tissue regeneration	7	4	1.75	0.07041
GO:0043123	positive regulation of I-kappaB kinase/N...	7	4	1.75	0.07041
GO:0043525	positive regulation of neuron apoptotic ...	7	4	1.75	0.07041
GO:0043545	molybdopterin cofactor metabolic process	7	4	1.75	0.07041
GO:0046321	positive regulation of fatty acid oxidat...	7	4	1.75	0.07041
GO:0046718	viral entry into host cell	7	4	1.75	0.07041
GO:0050435	amyloid-beta metabolic process	7	4	1.75	0.07041
GO:0051189	prosthetic group metabolic process	7	4	1.75	0.07041
GO:0098917	retrograde trans-synaptic signaling	7	4	1.75	0.07041
GO:1902041	regulation of extrinsic apoptotic signal...	7	4	1.75	0.07041
GO:1902042	negative regulation of extrinsic apoptot...	7	4	1.75	0.07041
GO:2000677	regulation of transcription regulatory r...	7	4	1.75	0.07041
GO:2001257	regulation of cation channel activity	7	4	1.75	0.07041
GO:0000377	RNA splicing, via transesterification re...	144	44	36.01	0.07226
GO:0016053	organic acid biosynthetic process	214	63	53.52	0.07276
GO:0046394	carboxylic acid biosynthetic process	214	63	53.52	0.07276
GO:0006733	oxidoreduction coenzyme metabolic proces...	76	25	19.01	0.07323
GO:0042558	pteridine-containing compound metabolic ...	22	9	5.5	0.07402
GO:0080167	response to karrikin	22	9	5.5	0.07402
GO:1902475	L-alpha-amino acid transmembrane transpo...	22	9	5.5	0.07402
GO:0071806	protein transmembrane transport	45	16	11.25	0.07404
GO:0006511	ubiquitin-dependent protein catabolic pr...	218	64	54.52	0.07445
GO:0051254	positive regulation of RNA metabolic pro...	233	68	58.27	0.07507
GO:0000278	mitotic cell cycle	384	108	96.03	0.07600
GO:0001676	long-chain fatty acid metabolic process	19	8	4.75	0.07697
GO:0036297	interstrand cross-link repair	19	8	4.75	0.07697
GO:0016567	protein ubiquitination	163	49	40.76	0.07733
GO:0006272	leading strand elongation	10	5	2.5	0.07790
GO:0006696	ergosterol biosynthetic process	10	5	2.5	0.07790
GO:0008204	ergosterol metabolic process	10	5	2.5	0.07790
GO:0008625	extrinsic apoptotic signaling pathway vi...	10	5	2.5	0.07790
GO:0033523	histone H2B ubiquitination	10	5	2.5	0.07790
GO:0034367	protein-containing complex remodeling	10	5	2.5	0.07790
GO:0044108	cellular alcohol biosynthetic process	10	5	2.5	0.07790
GO:0045638	negative regulation of myeloid cell diff...	10	5	2.5	0.07790
GO:0046503	glycerolipid catabolic process	10	5	2.5	0.07790
GO:0048069	eye pigmentation	10	5	2.5	0.07790
GO:1903707	negative regulation of hemopoiesis	10	5	2.5	0.07790
GO:2000028	regulation of photoperiodism, flowering	10	5	2.5	0.07790
GO:0043543	protein acylation	66	22	16.51	0.07859
GO:0051239	regulation of multicellular organismal p...	396	111	99.03	0.07869
GO:0009627	systemic acquired resistance	16	7	4	0.07916
GO:0044818	mitotic G2/M transition checkpoint	16	7	4	0.07916
GO:0051289	protein homotetramerization	16	7	4	0.07916
GO:0060259	regulation of feeding behavior	16	7	4	0.07916
GO:1901663	quinone biosynthetic process	16	7	4	0.07916
GO:1904589	regulation of protein import	16	7	4	0.07916
GO:0035264	multicellular organism growth	42	15	10.5	0.07934
GO:1903322	positive regulation of protein modificat...	42	15	10.5	0.07934
GO:0006348	chromatin silencing at telomere	32	12	8	0.07955
GO:0072089	stem cell proliferation	32	12	8	0.07955
GO:0006517	protein deglycosylation	13	6	3.25	0.07990
GO:0008637	apoptotic mitochondrial changes	13	6	3.25	0.07990
GO:0016233	telomere capping	13	6	3.25	0.07990
GO:0030336	negative regulation of cell migration	13	6	3.25	0.07990
GO:0031000	response to caffeine	13	6	3.25	0.07990
GO:0036270	response to diuretic	13	6	3.25	0.07990
GO:0042026	protein refolding	13	6	3.25	0.07990
GO:0042276	error-prone translesion synthesis	13	6	3.25	0.07990
GO:0050931	pigment cell differentiation	13	6	3.25	0.07990
GO:0051271	negative regulation of cellular componen...	13	6	3.25	0.07990
GO:1905879	regulation of oogenesis	13	6	3.25	0.07990
GO:2000146	negative regulation of cell motility	13	6	3.25	0.07990
GO:1903506	regulation of nucleic acid-templated tra...	423	118	105.78	0.08003
GO:0006397	mRNA processing	182	54	45.51	0.08136
GO:2000026	regulation of multicellular organismal d...	298	85	74.52	0.08185
GO:0042127	regulation of cell proliferation	171	51	42.76	0.08189
GO:0046486	glycerolipid metabolic process	84	27	21.01	0.08284
GO:0032446	protein modification by small protein co...	186	55	46.51	0.08345
GO:0031570	DNA integrity checkpoint	63	21	15.75	0.08439
GO:1901699	cellular response to nitrogen compound	131	40	32.76	0.08446
GO:2001141	regulation of RNA biosynthetic process	424	118	106.03	0.08472
GO:0050673	epithelial cell proliferation	29	11	7.25	0.08474
GO:2001242	regulation of intrinsic apoptotic signal...	29	11	7.25	0.08474
GO:0003013	circulatory system process	39	14	9.75	0.08504
GO:0006626	protein targeting to mitochondrion	39	14	9.75	0.08504
GO:0008015	blood circulation	39	14	9.75	0.08504
GO:0008593	regulation of Notch signaling pathway	39	14	9.75	0.08504
GO:0090329	regulation of DNA-dependent DNA replicat...	39	14	9.75	0.08504
GO:0043085	positive regulation of catalytic activit...	246	71	61.52	0.08578
GO:0001934	positive regulation of protein phosphory...	95	30	23.76	0.08588
GO:0019941	modification-dependent protein catabolic...	220	64	55.02	0.08704
GO:0003008	system process	146	44	36.51	0.08759
GO:0015711	organic anion transport	106	33	26.51	0.08796
GO:0009891	positive regulation of biosynthetic proc...	356	100	89.03	0.08810
GO:0018022	peptidyl-lysine methylation	46	16	11.5	0.08830
GO:0044272	sulfur compound biosynthetic process	74	24	18.51	0.08990
GO:0009073	aromatic amino acid family biosynthetic ...	26	10	6.5	0.09014
GO:0001505	regulation of neurotransmitter levels	67	22	16.76	0.09057
GO:0007626	locomotory behavior	36	13	9	0.09118
GO:0061013	regulation of mRNA catabolic process	36	13	9	0.09118
GO:1903047	mitotic cell cycle process	353	99	88.28	0.09248
GO:0006457	protein folding	85	27	21.26	0.09374
GO:0006006	glucose metabolic process	43	15	10.75	0.09490
GO:2000116	regulation of cysteine-type endopeptidas...	43	15	10.75	0.09490
GO:1903320	regulation of protein modification by sm...	78	25	19.51	0.09529
GO:0044093	positive regulation of molecular functio...	289	82	72.27	0.09554
GO:0015807	L-amino acid transport	23	9	5.75	0.09570
GO:0050678	regulation of epithelial cell proliferat...	23	9	5.75	0.09570
GO:0051262	protein tetramerization	23	9	5.75	0.09570
GO:0044281	small molecule metabolic process	736	198	184.06	0.09677
GO:0007030	Golgi organization	50	17	12.5	0.09681
GO:0009110	vitamin biosynthetic process	50	17	12.5	0.09681
GO:0019318	hexose metabolic process	50	17	12.5	0.09681
GO:1903311	regulation of mRNA metabolic process	64	21	16	0.09732
GO:0051053	negative regulation of DNA metabolic pro...	57	19	14.25	0.09749
GO:0006271	DNA strand elongation involved in DNA re...	33	12	8.25	0.09778
GO:0031124	mRNA 3'-end processing	33	12	8.25	0.09778
GO:0051438	regulation of ubiquitin-protein transfer...	33	12	8.25	0.09778
GO:0007417	central nervous system development	107	33	26.76	0.09799
GO:0010948	negative regulation of cell cycle proces...	129	39	32.26	0.09929
GO:0000413	protein peptidyl-prolyl isomerization	20	8	5	0.10128
GO:0009648	photoperiodism	20	8	5	0.10128
GO:0043144	snoRNA processing	20	8	5	0.10128
GO:0048437	floral organ development	20	8	5	0.10128
GO:0009908	flower development	40	14	10	0.10206
GO:0002762	negative regulation of myeloid leukocyte...	5	3	1.25	0.10343
GO:0006582	melanin metabolic process	5	3	1.25	0.10343
GO:0006978	DNA damage response, signal transduction...	5	3	1.25	0.10343
GO:0007039	protein catabolic process in the vacuole	5	3	1.25	0.10343
GO:0007175	negative regulation of epidermal growth ...	5	3	1.25	0.10343
GO:0009235	cobalamin metabolic process	5	3	1.25	0.10343
GO:0009713	catechol-containing compound biosyntheti...	5	3	1.25	0.10343
GO:0009825	multidimensional cell growth	5	3	1.25	0.10343
GO:0009910	negative regulation of flower developmen...	5	3	1.25	0.10343
GO:0010440	stomatal lineage progression	5	3	1.25	0.10343
GO:0014015	positive regulation of gliogenesis	5	3	1.25	0.10343
GO:0015706	nitrate transport	5	3	1.25	0.10343
GO:0015707	nitrite transport	5	3	1.25	0.10343
GO:0019730	antimicrobial humoral response	5	3	1.25	0.10343
GO:0021695	cerebellar cortex development	5	3	1.25	0.10343
GO:0030318	melanocyte differentiation	5	3	1.25	0.10343
GO:0030511	positive regulation of transforming grow...	5	3	1.25	0.10343
GO:0031053	primary miRNA processing	5	3	1.25	0.10343
GO:0031101	fin regeneration	5	3	1.25	0.10343
GO:0032324	molybdopterin cofactor biosynthetic proc...	5	3	1.25	0.10343
GO:0042219	cellular modified amino acid catabolic p...	5	3	1.25	0.10343
GO:0042416	dopamine biosynthetic process	5	3	1.25	0.10343
GO:0042423	catecholamine biosynthetic process	5	3	1.25	0.10343
GO:0042438	melanin biosynthetic process	5	3	1.25	0.10343
GO:0042772	DNA damage response, signal transduction...	5	3	1.25	0.10343
GO:0043174	nucleoside salvage	5	3	1.25	0.10343
GO:0043984	histone H4-K16 acetylation	5	3	1.25	0.10343
GO:0044058	regulation of digestive system process	5	3	1.25	0.10343
GO:0044381	glucose import in response to insulin st...	5	3	1.25	0.10343
GO:0046596	regulation of viral entry into host cell	5	3	1.25	0.10343
GO:0046598	positive regulation of viral entry into ...	5	3	1.25	0.10343
GO:0046949	fatty-acyl-CoA biosynthetic process	5	3	1.25	0.10343
GO:0050818	regulation of coagulation	5	3	1.25	0.10343
GO:0051204	protein insertion into mitochondrial mem...	5	3	1.25	0.10343
GO:0051340	regulation of ligase activity	5	3	1.25	0.10343
GO:0061099	negative regulation of protein tyrosine ...	5	3	1.25	0.10343
GO:0071249	cellular response to nitrate	5	3	1.25	0.10343
GO:0071481	cellular response to X-ray	5	3	1.25	0.10343
GO:0090199	regulation of release of cytochrome c fr...	5	3	1.25	0.10343
GO:0090208	positive regulation of triglyceride meta...	5	3	1.25	0.10343
GO:1901004	ubiquinone-6 metabolic process	5	3	1.25	0.10343
GO:1901006	ubiquinone-6 biosynthetic process	5	3	1.25	0.10343
GO:1901407	regulation of phosphorylation of RNA pol...	5	3	1.25	0.10343
GO:1902106	negative regulation of leukocyte differe...	5	3	1.25	0.10343
GO:1903846	positive regulation of cellular response...	5	3	1.25	0.10343
GO:1903961	positive regulation of anion transmembra...	5	3	1.25	0.10343
GO:1904427	positive regulation of calcium ion trans...	5	3	1.25	0.10343
GO:0032200	telomere organization	86	27	21.51	0.10554
GO:0044262	cellular carbohydrate metabolic process	86	27	21.51	0.10554
GO:0007349	cellularization	17	7	4.25	0.10664
GO:0010906	regulation of glucose metabolic process	17	7	4.25	0.10664
GO:0016036	cellular response to phosphate starvatio...	17	7	4.25	0.10664
GO:0044036	cell wall macromolecule metabolic proces...	17	7	4.25	0.10664
GO:0070478	nuclear-transcribed mRNA catabolic proce...	17	7	4.25	0.10664
GO:1901661	quinone metabolic process	17	7	4.25	0.10664
GO:2001022	positive regulation of response to DNA d...	17	7	4.25	0.10664
GO:0006811	ion transport	287	81	71.77	0.10718
GO:0030097	hemopoiesis	97	30	24.26	0.10760
GO:0071310	cellular response to organic substance	440	121	110.03	0.10813
GO:0009266	response to temperature stimulus	167	49	41.76	0.10934
GO:0009968	negative regulation of signal transducti...	167	49	41.76	0.10934
GO:0007093	mitotic cell cycle checkpoint	72	23	18.01	0.10980
GO:0030968	endoplasmic reticulum unfolded protein r...	37	13	9.25	0.10984
GO:0034765	regulation of ion transmembrane transpor...	37	13	9.25	0.10984
GO:0007420	brain development	90	28	22.51	0.11041
GO:0032787	monocarboxylic acid metabolic process	197	57	49.27	0.11068
GO:0010033	response to organic substance	708	190	177.06	0.11106
GO:0006022	aminoglycan metabolic process	14	6	3.5	0.11133
GO:0006835	dicarboxylic acid transport	14	6	3.5	0.11133
GO:0009909	regulation of flower development	14	6	3.5	0.11133
GO:0010383	cell wall polysaccharide metabolic proce...	14	6	3.5	0.11133
GO:0031136	positive regulation of conjugation	14	6	3.5	0.11133
GO:0031139	positive regulation of conjugation with ...	14	6	3.5	0.11133
GO:0048573	photoperiodism, flowering	14	6	3.5	0.11133
GO:0050851	antigen receptor-mediated signaling path...	14	6	3.5	0.11133
GO:0050852	T cell receptor signaling pathway	14	6	3.5	0.11133
GO:0070816	phosphorylation of RNA polymerase II C-t...	14	6	3.5	0.11133
GO:0008283	cell proliferation	265	75	66.27	0.11234
GO:0006891	intra-Golgi vesicle-mediated transport	27	10	6.75	0.11250
GO:0019218	regulation of steroid metabolic process	27	10	6.75	0.11250
GO:0050795	regulation of behavior	27	10	6.75	0.11250
GO:2000573	positive regulation of DNA biosynthetic ...	27	10	6.75	0.11250
GO:0044772	mitotic cell cycle phase transition	201	58	50.27	0.11280
GO:0000350	generation of catalytic spliceosome for ...	8	4	2	0.11365
GO:0001504	neurotransmitter uptake	8	4	2	0.11365
GO:0005978	glycogen biosynthetic process	8	4	2	0.11365
GO:0007220	Notch receptor processing	8	4	2	0.11365
GO:0009650	UV protection	8	4	2	0.11365
GO:0009850	auxin metabolic process	8	4	2	0.11365
GO:0010453	regulation of cell fate commitment	8	4	2	0.11365
GO:0014013	regulation of gliogenesis	8	4	2	0.11365
GO:0021953	central nervous system neuron differenti...	8	4	2	0.11365
GO:0030260	entry into host cell	8	4	2	0.11365
GO:0030520	intracellular estrogen receptor signalin...	8	4	2	0.11365
GO:0031146	SCF-dependent proteasomal ubiquitin-depe...	8	4	2	0.11365
GO:0032790	ribosome disassembly	8	4	2	0.11365
GO:0033314	mitotic DNA replication checkpoint	8	4	2	0.11365
GO:0035075	response to ecdysone	8	4	2	0.11365
GO:0042771	intrinsic apoptotic signaling pathway in...	8	4	2	0.11365
GO:0043051	regulation of pharyngeal pumping	8	4	2	0.11365
GO:0044409	entry into host	8	4	2	0.11365
GO:0048538	thymus development	8	4	2	0.11365
GO:0051149	positive regulation of muscle cell diffe...	8	4	2	0.11365
GO:0051806	entry into cell of other organism involv...	8	4	2	0.11365
GO:0051828	entry into other organism involved in sy...	8	4	2	0.11365
GO:0070371	ERK1 and ERK2 cascade	8	4	2	0.11365
GO:0070372	regulation of ERK1 and ERK2 cascade	8	4	2	0.11365
GO:2000378	negative regulation of reactive oxygen s...	8	4	2	0.11365
GO:0006085	acetyl-CoA biosynthetic process	11	5	2.75	0.11438
GO:0006775	fat-soluble vitamin metabolic process	11	5	2.75	0.11438
GO:0007249	I-kappaB kinase/NF-kappaB signaling	11	5	2.75	0.11438
GO:0021549	cerebellum development	11	5	2.75	0.11438
GO:0022037	metencephalon development	11	5	2.75	0.11438
GO:0032796	uropod organization	11	5	2.75	0.11438
GO:0035196	production of miRNAs involved in gene si...	11	5	2.75	0.11438
GO:0036314	response to sterol	11	5	2.75	0.11438
GO:0042059	negative regulation of epidermal growth ...	11	5	2.75	0.11438
GO:0043392	negative regulation of DNA binding	11	5	2.75	0.11438
GO:0046189	phenol-containing compound biosynthetic ...	11	5	2.75	0.11438
GO:0060048	cardiac muscle contraction	11	5	2.75	0.11438
GO:0061097	regulation of protein tyrosine kinase ac...	11	5	2.75	0.11438
GO:0070317	negative regulation of G0 to G1 transiti...	11	5	2.75	0.11438
GO:0071966	fungal-type cell wall polysaccharide met...	11	5	2.75	0.11438
GO:1901185	negative regulation of ERBB signaling pa...	11	5	2.75	0.11438
GO:2001244	positive regulation of intrinsic apoptot...	11	5	2.75	0.11438
GO:0098655	cation transmembrane transport	138	41	34.51	0.11555
GO:0010256	endomembrane system organization	116	35	29.01	0.11646
GO:0009791	post-embryonic development	361	100	90.28	0.11773
GO:0044042	glucan metabolic process	34	12	8.5	0.11831
GO:1904951	positive regulation of establishment of ...	62	20	15.5	0.11985
GO:0018208	peptidyl-proline modification	24	9	6	0.12066
GO:0019098	reproductive behavior	24	9	6	0.12066
GO:0032206	positive regulation of telomere maintena...	24	9	6	0.12066
GO:0050810	regulation of steroid biosynthetic proce...	24	9	6	0.12066
GO:0072525	pyridine-containing compound biosyntheti...	41	14	10.25	0.12099
GO:0090567	reproductive shoot system development	41	14	10.25	0.12099
GO:0006487	protein N-linked glycosylation	55	18	13.75	0.12120
GO:0030258	lipid modification	55	18	13.75	0.12120
GO:0031123	RNA 3'-end processing	55	18	13.75	0.12120
GO:0050778	positive regulation of immune response	80	25	20.01	0.12129
GO:1902679	negative regulation of RNA biosynthetic ...	187	54	46.76	0.12144
GO:1903507	negative regulation of nucleic acid-temp...	187	54	46.76	0.12144
GO:0044265	cellular macromolecule catabolic process	404	111	101.03	0.12285
GO:0048534	hematopoietic or lymphoid organ developm...	102	31	25.51	0.12408
GO:0007346	regulation of mitotic cell cycle	225	64	56.27	0.12483
GO:0009057	macromolecule catabolic process	443	121	110.78	0.12593
GO:0000724	double-strand break repair via homologou...	84	26	21.01	0.12669
GO:0000725	recombinational repair	84	26	21.01	0.12669
GO:0048638	regulation of developmental growth	66	21	16.51	0.12677
GO:1905269	positive regulation of chromatin organiz...	31	11	7.75	0.12756
GO:0044770	cell cycle phase transition	214	61	53.52	0.12759
GO:0045595	regulation of cell differentiation	214	61	53.52	0.12759
GO:0044843	cell cycle G1/S phase transition	95	29	23.76	0.12797
GO:0060322	head development	95	29	23.76	0.12797
GO:0045892	negative regulation of transcription, DN...	184	53	46.01	0.12843
GO:0005996	monosaccharide metabolic process	59	19	14.75	0.12899
GO:0044282	small molecule catabolic process	143	42	35.76	0.12921
GO:0019752	carboxylic acid metabolic process	405	111	101.28	0.12935
GO:0043094	cellular metabolic compound salvage	38	13	9.5	0.13058
GO:0000077	DNA damage checkpoint	52	17	13	0.13061
GO:0015893	drug transport	52	17	13	0.13061
GO:0007569	cell aging	45	15	11.25	0.13131
GO:0044774	mitotic DNA integrity checkpoint	45	15	11.25	0.13131
GO:0051173	positive regulation of nitrogen compound...	529	143	132.29	0.13138
GO:0005975	carbohydrate metabolic process	147	43	36.76	0.13226
GO:0006355	regulation of transcription, DNA-templat...	417	114	104.28	0.13229
GO:0051338	regulation of transferase activity	162	47	40.51	0.13309
GO:0045935	positive regulation of nucleobase-contai...	306	85	76.52	0.13457
GO:0065008	regulation of biological quality	744	198	186.06	0.13479
GO:0046942	carboxylic acid transport	63	20	15.75	0.13635
GO:0071702	organic substance transport	596	160	149.05	0.13686
GO:1902533	positive regulation of intracellular sig...	92	28	23.01	0.13687
GO:0034976	response to endoplasmic reticulum stress	140	41	35.01	0.13721
GO:0003333	amino acid transmembrane transport	28	10	7	0.13768
GO:0007269	neurotransmitter secretion	28	10	7	0.13768
GO:0034644	cellular response to UV	28	10	7	0.13768
GO:0099643	signal release from synapse	28	10	7	0.13768
GO:0006277	DNA amplification	18	7	4.5	0.13854
GO:0007533	mating type switching	18	7	4.5	0.13854
GO:0106118	regulation of sterol biosynthetic proces...	18	7	4.5	0.13854
GO:0071478	cellular response to radiation	74	23	18.51	0.13961
GO:0007062	sister chromatid cohesion	49	16	12.25	0.14088
GO:0002521	leukocyte differentiation	35	12	8.75	0.14111
GO:0022616	DNA strand elongation	35	12	8.75	0.14111
GO:0034637	cellular carbohydrate biosynthetic proce...	35	12	8.75	0.14111
GO:2001234	negative regulation of apoptotic signali...	35	12	8.75	0.14111
GO:0000723	telomere maintenance	85	26	21.26	0.14121
GO:0006575	cellular modified amino acid metabolic p...	85	26	21.26	0.14121
GO:0043281	regulation of cysteine-type endopeptidas...	42	14	10.5	0.14181
GO:2000278	regulation of DNA biosynthetic process	42	14	10.5	0.14181
GO:0010562	positive regulation of phosphorus metabo...	133	39	33.26	0.14236
GO:0045937	positive regulation of phosphate metabol...	133	39	33.26	0.14236
GO:0043648	dicarboxylic acid metabolic process	67	21	16.76	0.14330
GO:0008380	RNA splicing	163	47	40.76	0.14375
GO:0051726	regulation of cell cycle	334	92	83.53	0.14381
GO:0060249	anatomical structure homeostasis	122	36	30.51	0.14408
GO:0002520	immune system development	111	33	27.76	0.14544
GO:1901701	cellular response to oxygen-containing c...	254	71	63.52	0.14619
GO:0002244	hematopoietic progenitor cell differenti...	15	6	3.75	0.14802
GO:0002429	immune response-activating cell surface ...	15	6	3.75	0.14802
GO:0002768	immune response-regulating cell surface ...	15	6	3.75	0.14802
GO:0006555	methionine metabolic process	15	6	3.75	0.14802
GO:0007291	sperm individualization	15	6	3.75	0.14802
GO:0009272	fungal-type cell wall biogenesis	15	6	3.75	0.14802
GO:0031137	regulation of conjugation with cellular ...	15	6	3.75	0.14802
GO:0031297	replication fork processing	15	6	3.75	0.14802
GO:0032008	positive regulation of TOR signaling	15	6	3.75	0.14802
GO:0032212	positive regulation of telomere maintena...	15	6	3.75	0.14802
GO:0046999	regulation of conjugation	15	6	3.75	0.14802
GO:0070987	error-free translesion synthesis	15	6	3.75	0.14802
GO:1902170	cellular response to reactive nitrogen s...	15	6	3.75	0.14802
GO:1904358	positive regulation of telomere maintena...	15	6	3.75	0.14802
GO:0016074	snoRNA metabolic process	25	9	6.25	0.14878
GO:0042398	cellular modified amino acid biosyntheti...	25	9	6.25	0.14878
GO:0090316	positive regulation of intracellular pro...	25	9	6.25	0.14878
GO:0006767	water-soluble vitamin metabolic process	53	17	13.25	0.14977
GO:0010721	negative regulation of cell development	53	17	13.25	0.14977
GO:1902275	regulation of chromatin organization	71	22	17.76	0.14989
GO:0006950	response to stress	1141	298	285.34	0.15035
GO:0006302	double-strand break repair	130	38	32.51	0.15124
GO:0007186	G protein-coupled receptor signaling pat...	46	15	11.5	0.15212
GO:0072329	monocarboxylic acid catabolic process	46	15	11.5	0.15212
GO:0006073	cellular glucan metabolic process	32	11	8	0.15271
GO:0033692	cellular polysaccharide biosynthetic pro...	32	11	8	0.15271
GO:0060070	canonical Wnt signaling pathway	32	11	8	0.15271
GO:0060828	regulation of canonical Wnt signaling pa...	32	11	8	0.15271
GO:0002253	activation of immune response	39	13	9.75	0.15335
GO:0006606	protein import into nucleus	39	13	9.75	0.15335
GO:0009072	aromatic amino acid family metabolic pro...	39	13	9.75	0.15335
GO:0042364	water-soluble vitamin biosynthetic proce...	39	13	9.75	0.15335
GO:0051784	negative regulation of nuclear division	39	13	9.75	0.15335
GO:0043902	positive regulation of multi-organism pr...	64	20	16	0.15409
GO:0010648	negative regulation of cell communicatio...	179	51	44.76	0.15420
GO:0023057	negative regulation of signaling	179	51	44.76	0.15420
GO:1901362	organic cyclic compound biosynthetic pro...	889	234	222.32	0.15435
GO:0006820	anion transport	149	43	37.26	0.15513
GO:0016051	carbohydrate biosynthetic process	75	23	18.76	0.15613
GO:0000255	allantoin metabolic process	3	2	0.75	0.15625
GO:0001306	age-dependent response to oxidative stre...	3	2	0.75	0.15625
GO:0001523	retinoid metabolic process	3	2	0.75	0.15625
GO:0001711	endodermal cell fate commitment	3	2	0.75	0.15625
GO:0001844	protein insertion into mitochondrial mem...	3	2	0.75	0.15625
GO:0001919	regulation of receptor recycling	3	2	0.75	0.15625
GO:0001952	regulation of cell-matrix adhesion	3	2	0.75	0.15625
GO:0001975	response to amphetamine	3	2	0.75	0.15625
GO:0005982	starch metabolic process	3	2	0.75	0.15625
GO:0005991	trehalose metabolic process	3	2	0.75	0.15625
GO:0006042	glucosamine biosynthetic process	3	2	0.75	0.15625
GO:0006058	mannoprotein catabolic process	3	2	0.75	0.15625
GO:0006067	ethanol metabolic process	3	2	0.75	0.15625
GO:0006069	ethanol oxidation	3	2	0.75	0.15625
GO:0006113	fermentation	3	2	0.75	0.15625
GO:0006266	DNA ligation	3	2	0.75	0.15625
GO:0006481	C-terminal protein methylation	3	2	0.75	0.15625
GO:0006509	membrane protein ectodomain proteolysis	3	2	0.75	0.15625
GO:0006553	lysine metabolic process	3	2	0.75	0.15625
GO:0006567	threonine catabolic process	3	2	0.75	0.15625
GO:0006585	dopamine biosynthetic process from tyros...	3	2	0.75	0.15625
GO:0006642	triglyceride mobilization	3	2	0.75	0.15625
GO:0006684	sphingomyelin metabolic process	3	2	0.75	0.15625
GO:0006751	glutathione catabolic process	3	2	0.75	0.15625
GO:0007193	adenylate cyclase-inhibiting G protein-c...	3	2	0.75	0.15625
GO:0007571	age-dependent general metabolic decline	3	2	0.75	0.15625
GO:0008053	mitochondrial fusion	3	2	0.75	0.15625
GO:0008258	head involution	3	2	0.75	0.15625
GO:0008272	sulfate transport	3	2	0.75	0.15625
GO:0008407	chaeta morphogenesis	3	2	0.75	0.15625
GO:0008615	pyridoxine biosynthetic process	3	2	0.75	0.15625
GO:0009048	dosage compensation by inactivation of X...	3	2	0.75	0.15625
GO:0009085	lysine biosynthetic process	3	2	0.75	0.15625
GO:0009089	lysine biosynthetic process via diaminop...	3	2	0.75	0.15625
GO:0010020	chloroplast fission	3	2	0.75	0.15625
GO:0010030	positive regulation of seed germination	3	2	0.75	0.15625
GO:0010235	guard mother cell cytokinesis	3	2	0.75	0.15625
GO:0010305	leaf vascular tissue pattern formation	3	2	0.75	0.15625
GO:0010633	negative regulation of epithelial cell m...	3	2	0.75	0.15625
GO:0010812	negative regulation of cell-substrate ad...	3	2	0.75	0.15625
GO:0014047	glutamate secretion	3	2	0.75	0.15625
GO:0014819	regulation of skeletal muscle contractio...	3	2	0.75	0.15625
GO:0015697	quaternary ammonium group transport	3	2	0.75	0.15625
GO:0015791	polyol transport	3	2	0.75	0.15625
GO:0015798	myo-inositol transport	3	2	0.75	0.15625
GO:0015822	ornithine transport	3	2	0.75	0.15625
GO:0015842	aminergic neurotransmitter loading into ...	3	2	0.75	0.15625
GO:0016048	detection of temperature stimulus	3	2	0.75	0.15625
GO:0016080	synaptic vesicle targeting	3	2	0.75	0.15625
GO:0016319	mushroom body development	3	2	0.75	0.15625
GO:0016558	protein import into peroxisome matrix	3	2	0.75	0.15625
GO:0018345	protein palmitoylation	3	2	0.75	0.15625
GO:0019413	acetate biosynthetic process	3	2	0.75	0.15625
GO:0019464	glycine decarboxylation via glycine clea...	3	2	0.75	0.15625
GO:0019542	propionate biosynthetic process	3	2	0.75	0.15625
GO:0019654	acetate fermentation	3	2	0.75	0.15625
GO:0021538	epithalamus development	3	2	0.75	0.15625
GO:0021680	cerebellar Purkinje cell layer developme...	3	2	0.75	0.15625
GO:0021986	habenula development	3	2	0.75	0.15625
GO:0031001	response to brefeldin A	3	2	0.75	0.15625
GO:0031293	membrane protein intracellular domain pr...	3	2	0.75	0.15625
GO:0032364	oxygen homeostasis	3	2	0.75	0.15625
GO:0032469	endoplasmic reticulum calcium ion homeos...	3	2	0.75	0.15625
GO:0033184	positive regulation of histone ubiquitin...	3	2	0.75	0.15625
GO:0033306	phytol metabolic process	3	2	0.75	0.15625
GO:0033353	S-adenosylmethionine cycle	3	2	0.75	0.15625
GO:0033483	gas homeostasis	3	2	0.75	0.15625
GO:0033619	membrane protein proteolysis	3	2	0.75	0.15625
GO:0033621	nuclear-transcribed mRNA catabolic proce...	3	2	0.75	0.15625
GO:0034377	plasma lipoprotein particle assembly	3	2	0.75	0.15625
GO:0034402	recruitment of 3'-end processing factors...	3	2	0.75	0.15625
GO:0034758	positive regulation of iron ion transpor...	3	2	0.75	0.15625
GO:0034759	regulation of iron ion transmembrane tra...	3	2	0.75	0.15625
GO:0034761	positive regulation of iron ion transmem...	3	2	0.75	0.15625
GO:0034775	glutathione transmembrane transport	3	2	0.75	0.15625
GO:0035149	lumen formation, open tracheal system	3	2	0.75	0.15625
GO:0035186	syncytial blastoderm mitotic cell cycle	3	2	0.75	0.15625
GO:0035333	Notch receptor processing, ligand-depend...	3	2	0.75	0.15625
GO:0035443	tripeptide transmembrane transport	3	2	0.75	0.15625
GO:0035900	response to isolation stress	3	2	0.75	0.15625
GO:0036065	fucosylation	3	2	0.75	0.15625
GO:0036172	thiamine salvage	3	2	0.75	0.15625
GO:0036292	DNA rewinding	3	2	0.75	0.15625
GO:0039019	pronephric nephron development	3	2	0.75	0.15625
GO:0040027	negative regulation of vulval developmen...	3	2	0.75	0.15625
GO:0042427	serotonin biosynthetic process	3	2	0.75	0.15625
GO:0042789	mRNA transcription by RNA polymerase II	3	2	0.75	0.15625
GO:0043029	T cell homeostasis	3	2	0.75	0.15625
GO:0043572	plastid fission	3	2	0.75	0.15625
GO:0043605	cellular amide catabolic process	3	2	0.75	0.15625
GO:0043651	linoleic acid metabolic process	3	2	0.75	0.15625
GO:0044849	estrous cycle	3	2	0.75	0.15625
GO:0045670	regulation of osteoclast differentiation	3	2	0.75	0.15625
GO:0046451	diaminopimelate metabolic process	3	2	0.75	0.15625
GO:0046838	phosphorylated carbohydrate dephosphoryl...	3	2	0.75	0.15625
GO:0046958	nonassociative learning	3	2	0.75	0.15625
GO:0046959	habituation	3	2	0.75	0.15625
GO:0047484	regulation of response to osmotic stress	3	2	0.75	0.15625
GO:0048102	autophagic cell death	3	2	0.75	0.15625
GO:0048168	regulation of neuronal synaptic plastici...	3	2	0.75	0.15625
GO:0048385	regulation of retinoic acid receptor sig...	3	2	0.75	0.15625
GO:0050849	negative regulation of calcium-mediated ...	3	2	0.75	0.15625
GO:0050850	positive regulation of calcium-mediated ...	3	2	0.75	0.15625
GO:0051150	regulation of smooth muscle cell differe...	3	2	0.75	0.15625
GO:0051598	meiotic recombination checkpoint	3	2	0.75	0.15625
GO:0051715	cytolysis in other organism	3	2	0.75	0.15625
GO:0060749	mammary gland alveolus development	3	2	0.75	0.15625
GO:0061377	mammary gland lobule development	3	2	0.75	0.15625
GO:0061732	mitochondrial acetyl-CoA biosynthetic pr...	3	2	0.75	0.15625
GO:0070086	ubiquitin-dependent endocytosis	3	2	0.75	0.15625
GO:0070341	fat cell proliferation	3	2	0.75	0.15625
GO:0070344	regulation of fat cell proliferation	3	2	0.75	0.15625
GO:0070509	calcium ion import	3	2	0.75	0.15625
GO:0070813	hydrogen sulfide metabolic process	3	2	0.75	0.15625
GO:0070814	hydrogen sulfide biosynthetic process	3	2	0.75	0.15625
GO:0070843	misfolded protein transport	3	2	0.75	0.15625
GO:0071432	peptide mating pheromone maturation invo...	3	2	0.75	0.15625
GO:0071827	plasma lipoprotein particle organization	3	2	0.75	0.15625
GO:0071960	maintenance of mitotic sister chromatid ...	3	2	0.75	0.15625
GO:0089709	L-histidine transmembrane transport	3	2	0.75	0.15625
GO:0090399	replicative senescence	3	2	0.75	0.15625
GO:0097307	response to farnesol	3	2	0.75	0.15625
GO:0097308	cellular response to farnesol	3	2	0.75	0.15625
GO:0098700	neurotransmitter loading into synaptic v...	3	2	0.75	0.15625
GO:0140042	lipid droplet formation	3	2	0.75	0.15625
GO:1900739	regulation of protein insertion into mit...	3	2	0.75	0.15625
GO:1900740	positive regulation of protein insertion...	3	2	0.75	0.15625
GO:1901028	regulation of mitochondrial outer membra...	3	2	0.75	0.15625
GO:1901030	positive regulation of mitochondrial out...	3	2	0.75	0.15625
GO:1901142	insulin metabolic process	3	2	0.75	0.15625
GO:1901162	primary amino compound biosynthetic proc...	3	2	0.75	0.15625
GO:1901563	response to camptothecin	3	2	0.75	0.15625
GO:1901888	regulation of cell junction assembly	3	2	0.75	0.15625
GO:1901889	negative regulation of cell junction ass...	3	2	0.75	0.15625
GO:1902065	response to L-glutamate	3	2	0.75	0.15625
GO:1902358	sulfate transmembrane transport	3	2	0.75	0.15625
GO:1903173	fatty alcohol metabolic process	3	2	0.75	0.15625
GO:1903352	L-ornithine transmembrane transport	3	2	0.75	0.15625
GO:1903358	regulation of Golgi organization	3	2	0.75	0.15625
GO:1903461	Okazaki fragment processing involved in ...	3	2	0.75	0.15625
GO:1904289	regulation of mitotic DNA damage checkpo...	3	2	0.75	0.15625
GO:1904290	negative regulation of mitotic DNA damag...	3	2	0.75	0.15625
GO:1904359	regulation of spore germination	3	2	0.75	0.15625
GO:1904360	negative regulation of spore germination	3	2	0.75	0.15625
GO:1904381	Golgi apparatus mannose trimming	3	2	0.75	0.15625
GO:1905063	regulation of vascular smooth muscle cel...	3	2	0.75	0.15625
GO:1990834	response to odorant	3	2	0.75	0.15625
GO:2000002	negative regulation of DNA damage checkp...	3	2	0.75	0.15625
GO:2000269	regulation of fibroblast apoptotic proce...	3	2	0.75	0.15625
GO:2000434	regulation of protein neddylation	3	2	0.75	0.15625
GO:2000435	negative regulation of protein neddylati...	3	2	0.75	0.15625
GO:2000481	positive regulation of cAMP-dependent pr...	3	2	0.75	0.15625
GO:2001168	positive regulation of histone H2B ubiqu...	3	2	0.75	0.15625
GO:2001228	regulation of response to gamma radiatio...	3	2	0.75	0.15625
GO:2001238	positive regulation of extrinsic apoptot...	3	2	0.75	0.15625
GO:2001293	malonyl-CoA metabolic process	3	2	0.75	0.15625
GO:0071705	nitrogen compound transport	568	152	142.04	0.15633
GO:0001700	embryonic development via the syncytial ...	12	5	3	0.15740
GO:0002573	myeloid leukocyte differentiation	12	5	3	0.15740
GO:0006023	aminoglycan biosynthetic process	12	5	3	0.15740
GO:0008089	anterograde axonal transport	12	5	3	0.15740
GO:0010822	positive regulation of mitochondrion org...	12	5	3	0.15740
GO:0021987	cerebral cortex development	12	5	3	0.15740
GO:0031050	dsRNA processing	12	5	3	0.15740
GO:0044038	cell wall macromolecule biosynthetic pro...	12	5	3	0.15740
GO:0048754	branching morphogenesis of an epithelial...	12	5	3	0.15740
GO:0061138	morphogenesis of a branching epithelium	12	5	3	0.15740
GO:0070589	cellular component macromolecule biosynt...	12	5	3	0.15740
GO:0070918	production of small RNA involved in gene...	12	5	3	0.15740
GO:1903747	regulation of establishment of protein l...	12	5	3	0.15740
GO:0033554	cellular response to stress	752	199	188.06	0.15756
GO:0006475	internal protein amino acid acetylation	57	18	14.25	0.15806
GO:0007178	transmembrane receptor protein serine/th...	57	18	14.25	0.15806
GO:0019438	aromatic compound biosynthetic process	823	217	205.81	0.15932
GO:0006464	cellular protein modification process	831	219	207.81	0.16010
GO:0036211	protein modification process	831	219	207.81	0.16010
GO:0031399	regulation of protein modification proce...	267	74	66.77	0.16026
GO:0015980	energy derivation by oxidation of organi...	101	30	25.26	0.16079
GO:0000746	conjugation	22	8	5.5	0.16098
GO:0000747	conjugation with cellular fusion	22	8	5.5	0.16098
GO:0006936	muscle contraction	22	8	5.5	0.16098
GO:0015718	monocarboxylic acid transport	22	8	5.5	0.16098
GO:0043406	positive regulation of MAP kinase activi...	22	8	5.5	0.16098
GO:0043524	negative regulation of neuron apoptotic ...	22	8	5.5	0.16098
GO:0050730	regulation of peptidyl-tyrosine phosphor...	22	8	5.5	0.16098
GO:0052173	response to defenses of other organism i...	22	8	5.5	0.16098
GO:0052200	response to host defenses	22	8	5.5	0.16098
GO:0075136	response to host	22	8	5.5	0.16098
GO:0015849	organic acid transport	68	21	17.01	0.16100
GO:0009409	response to cold	50	16	12.5	0.16162
GO:0051961	negative regulation of nervous system de...	50	16	12.5	0.16162
GO:0051252	regulation of RNA metabolic process	491	132	122.79	0.16193
GO:0051186	cofactor metabolic process	298	82	74.52	0.16347
GO:0003012	muscle system process	29	10	7.25	0.16555
GO:0010771	negative regulation of cell morphogenesi...	29	10	7.25	0.16555
GO:0051100	negative regulation of binding	29	10	7.25	0.16555
GO:0000749	response to pheromone triggering conjuga...	9	4	2.25	0.16558
GO:0001112	DNA-templated transcriptional open compl...	9	4	2.25	0.16558
GO:0001120	protein-DNA complex remodeling	9	4	2.25	0.16558
GO:0002184	cytoplasmic translational termination	9	4	2.25	0.16558
GO:0006547	histidine metabolic process	9	4	2.25	0.16558
GO:0006726	eye pigment biosynthetic process	9	4	2.25	0.16558
GO:0010054	trichoblast differentiation	9	4	2.25	0.16558
GO:0015780	nucleotide-sugar transmembrane transport	9	4	2.25	0.16558
GO:0016101	diterpenoid metabolic process	9	4	2.25	0.16558
GO:0016180	snRNA processing	9	4	2.25	0.16558
GO:0019627	urea metabolic process	9	4	2.25	0.16558
GO:0030717	oocyte karyosome formation	9	4	2.25	0.16558
GO:0031270	pseudopodium retraction	9	4	2.25	0.16558
GO:0032060	bleb assembly	9	4	2.25	0.16558
GO:0032876	negative regulation of DNA endoreduplica...	9	4	2.25	0.16558
GO:0033275	actin-myosin filament sliding	9	4	2.25	0.16558
GO:0033567	DNA replication, Okazaki fragment proces...	9	4	2.25	0.16558
GO:0034461	uropod retraction	9	4	2.25	0.16558
GO:0034472	snRNA 3'-end processing	9	4	2.25	0.16558
GO:0034982	mitochondrial protein processing	9	4	2.25	0.16558
GO:0042441	eye pigment metabolic process	9	4	2.25	0.16558
GO:0043122	regulation of I-kappaB kinase/NF-kappaB ...	9	4	2.25	0.16558
GO:0043324	pigment metabolic process involved in de...	9	4	2.25	0.16558
