GO:0045840	5.7e-06
GO:0062033	2.4e-05
GO:0051785	3.3e-05
GO:0071705	3.7e-05
GO:0045842	3.7e-05
GO:1901970	3.7e-05
GO:0051306	4.1e-05
GO:0051984	5.2e-05
GO:0006810	7.5e-05
GO:0045184	9.0e-05
GO:1902101	9.6e-05
GO:1905820	9.6e-05
GO:0051234	9.7e-05
GO:0007091	0.00011
GO:0030071	0.00011
GO:0009057	0.00012
GO:0051179	0.00014
GO:0044403	0.00015
GO:0071702	0.00016
GO:0010965	0.00016
GO:0033047	0.00016
GO:0015031	0.00017
GO:0044265	0.00020
GO:0044784	0.00021
GO:1902099	0.00021
GO:0016032	0.00025
GO:0015833	0.00025
GO:0042886	0.00028
GO:0016071	0.00028
GO:1905818	0.00029
GO:0051983	0.00029
GO:0044770	0.00034
GO:0034035	0.00040
GO:0034036	0.00040
GO:0050427	0.00040
GO:0050428	0.00040
GO:0072594	0.00046
GO:0051304	0.00046
GO:0051781	0.00048
GO:0045931	0.00049
GO:0033045	0.00050
GO:0022618	0.00051
GO:0008104	0.00052
GO:0006886	0.00054
GO:0043933	0.00055
GO:0044419	0.00060
GO:0019538	0.00066
GO:1901987	0.00069
GO:0006401	0.00070
GO:0009894	0.00075
GO:0000956	0.00076
GO:0006402	0.00082
GO:0016246	0.00085
GO:0044772	0.00099
GO:0007088	0.00103
GO:1901566	0.00104
GO:0051130	0.00116
GO:0046907	0.00128
GO:0090068	0.00130
GO:0000290	0.00131
GO:0006839	0.00137
GO:0031329	0.00139
GO:1901992	0.00140
GO:0034613	0.00144
GO:0051649	0.00148
GO:0015931	0.00155
GO:0051783	0.00155
GO:0044267	0.00163
GO:0007008	0.00168
GO:0045040	0.00168
GO:0051301	0.00168
GO:0043243	0.00169
GO:0046963	0.00169
GO:0050690	0.00169
GO:1902559	0.00169
GO:1901990	0.00175
GO:0034220	0.00178
GO:0071826	0.00202
GO:0006412	0.00203
GO:0033866	0.00213
GO:0034030	0.00213
GO:0034033	0.00213
GO:0070727	0.00220
GO:0010629	0.00228
GO:0043604	0.00234
GO:0010638	0.00242
GO:0007346	0.00248
GO:0017038	0.00257
GO:0032434	0.00257
GO:0017148	0.00268
GO:0072657	0.00283
GO:0043043	0.00300
GO:0010605	0.00323
GO:0006605	0.00337
GO:1901989	0.00341
GO:0098662	0.00347
GO:1901564	0.00362
GO:0033044	0.00380
GO:0051641	0.00402
GO:0009056	0.00421
GO:0065003	0.00424
GO:0032940	0.00440
GO:0046903	0.00455
GO:0009896	0.00468
GO:0051302	0.00472
GO:0006811	0.00473
GO:0000910	0.00476
GO:1901575	0.00480
GO:0045927	0.00486
GO:0070647	0.00493
GO:0034249	0.00497
GO:0008340	0.00526
GO:0006518	0.00544
GO:1903311	0.00558
GO:0061136	0.00563
GO:0044248	0.00567
GO:0033036	0.00579
GO:0032436	0.00582
GO:0007568	0.00608
GO:0051726	0.00623
GO:0000041	0.00630
GO:0009892	0.00639
GO:0031331	0.00646
GO:0034655	0.00648
GO:0090150	0.00652
GO:0055085	0.00653
GO:2000058	0.00659
GO:0009100	0.00662
GO:0000278	0.00674
GO:0010466	0.00676
GO:0010951	0.00676
GO:1903047	0.00691
GO:1901994	0.00704
GO:1902103	0.00704
GO:1902407	0.00704
GO:1903475	0.00704
GO:1905133	0.00704
GO:0015865	0.00716
GO:0071028	0.00747
GO:0031032	0.00752
GO:0010259	0.00760
GO:0043632	0.00766
GO:0051168	0.00769
GO:1901988	0.00769
GO:0010564	0.00788
GO:0008380	0.00796
GO:0098655	0.00803
GO:0006812	0.00828
GO:0002188	0.00831
GO:0008615	0.00831
GO:0035268	0.00831
GO:0035269	0.00831
GO:0060339	0.00831
GO:0071033	0.00831
GO:0097307	0.00831
GO:0097308	0.00831
GO:1901562	0.00831
GO:1990151	0.00831
GO:1902652	0.00855
GO:0042176	0.00860
GO:0000281	0.00862
GO:2000060	0.00862
GO:0030866	0.00863
GO:0009152	0.00873
GO:0044272	0.00881
GO:0006898	0.00889
GO:1903050	0.00902
GO:1903362	0.00902
GO:1901576	0.00911
GO:0045732	0.00911
GO:0010498	0.00921
GO:0032268	0.00961
GO:0048639	0.00963
GO:1902653	0.00963
GO:0043603	0.00989
GO:0006397	0.01009
GO:0043161	0.01009
GO:0033865	0.01018
GO:0033875	0.01018
GO:0034032	0.01018
GO:0006413	0.01019
GO:0000291	0.01028
GO:1901800	0.01055
GO:1903052	0.01055
GO:1903364	0.01055
GO:2001252	0.01071
GO:0030260	0.01097
GO:0031204	0.01097
GO:0043154	0.01097
GO:0044409	0.01097
GO:0046902	0.01097
GO:0051806	0.01097
GO:0051828	0.01097
GO:2000117	0.01097
GO:0042255	0.01129
GO:0031145	0.01169
GO:1901679	0.01169
GO:0006511	0.01184
GO:0051246	0.01195
GO:0043902	0.01201
GO:0022402	0.01205
GO:0000398	0.01207
GO:0098660	0.01207
GO:0033043	0.01212
GO:0006366	0.01229
GO:0006620	0.01235
GO:0006636	0.01235
GO:0045835	0.01235
GO:0072530	0.01235
GO:0090559	0.01235
GO:0046825	0.01236
GO:0071025	0.01236
GO:0071027	0.01236
GO:0072599	0.01255
GO:0006611	0.01264
GO:0061640	0.01264
GO:0080090	0.01269
GO:0000375	0.01299
GO:0045787	0.01299
GO:0006164	0.01316
GO:0006887	0.01341
GO:0009165	0.01345
GO:0002183	0.01376
GO:0006903	0.01376
GO:0051050	0.01400
GO:0019941	0.01438
GO:0062012	0.01448
GO:0000184	0.01486
GO:1901293	0.01505
GO:0035194	0.01505
GO:0009108	0.01531
GO:0010467	0.01540
GO:0030163	0.01551
GO:0006357	0.01557
GO:0006417	0.01582
GO:0016192	0.01584
GO:0006415	0.01604
GO:0090407	0.01615
GO:0010558	0.01637
GO:0098657	0.01642
GO:0033365	0.01644
GO:0043624	0.01677
GO:0000377	0.01688
GO:0044270	0.01698
GO:0006913	0.01703
GO:0051169	0.01703
GO:0006897	0.01736
GO:0006695	0.01739
GO:0015868	0.01739
GO:0051503	0.01739
GO:0106118	0.01739
GO:1901991	0.01748
GO:0035966	0.01749
GO:0045047	0.01749
GO:0034622	0.01759
GO:0006516	0.01774
GO:0009313	0.01774
GO:0031291	0.01774
GO:0032466	0.01774
GO:0033077	0.01774
GO:0046329	0.01774
GO:0061014	0.01774
GO:0090231	0.01774
GO:0090266	0.01774
GO:1903504	0.01774
GO:0030865	0.01780
GO:0000096	0.01808
GO:0030001	0.01819
GO:0006732	0.01829
GO:0048199	0.01864
GO:0000288	0.01866
GO:0034763	0.01920
GO:0097384	0.01920
GO:0009260	0.01928
GO:0046390	0.01928
GO:0032269	0.01953
GO:0010942	0.01976
GO:0031047	0.01984
GO:0019439	0.02012
GO:0051648	0.02046
GO:0051650	0.02046
GO:0009756	0.02053
GO:0010182	0.02053
GO:0016128	0.02053
GO:0016129	0.02053
GO:0033962	0.02053
GO:0040018	0.02053
GO:0006029	0.02060
GO:0009863	0.02060
GO:0015012	0.02060
GO:0030166	0.02060
GO:0030201	0.02060
GO:0032873	0.02060
GO:0045940	0.02060
GO:0070303	0.02060
GO:0097734	0.02060
GO:0140112	0.02060
GO:1990182	0.02060
GO:0032506	0.02107
GO:0007049	0.02117
GO:0051603	0.02143
GO:0044837	0.02157
GO:0048207	0.02157
GO:0048208	0.02157
GO:0090503	0.02157
GO:0051248	0.02163
GO:0051049	0.02186
GO:1901137	0.02186
GO:1902600	0.02211
GO:0044257	0.02269
GO:0009058	0.02284
GO:0032446	0.02380
GO:0006633	0.02389
GO:0019058	0.02389
GO:0006352	0.02426
GO:1901362	0.02441
GO:0048193	0.02449
GO:0034427	0.02483
GO:0034661	0.02483
GO:0043588	0.02483
GO:1902930	0.02483
GO:2001235	0.02483
GO:0016126	0.02494
GO:0031333	0.02494
GO:0048194	0.02494
GO:1901264	0.02496
GO:0044271	0.02498
GO:0000070	0.02512
GO:0043254	0.02571
GO:0007265	0.02622
GO:0044249	0.02646
GO:0031327	0.02687
GO:0045930	0.02725
GO:0006109	0.02758
GO:0051788	0.02758
GO:0070972	0.02758
GO:2000113	0.02769
GO:0006367	0.02783
GO:0051171	0.02809
GO:0001960	0.02820
GO:0006449	0.02820
GO:0006829	0.02820
GO:0007391	0.02820
GO:0008614	0.02820
GO:0010216	0.02820
GO:0015985	0.02820
GO:0015986	0.02820
GO:0030212	0.02820
GO:0030727	0.02820
GO:0031086	0.02820
GO:0031087	0.02820
GO:0031638	0.02820
GO:0033316	0.02820
GO:0042262	0.02820
GO:0044346	0.02820
GO:0044396	0.02820
GO:0044779	0.02820
GO:0046635	0.02820
GO:0048134	0.02820
GO:0048135	0.02820
GO:0051693	0.02820
GO:0060761	0.02820
GO:1902255	0.02820
GO:1990641	0.02820
GO:0045540	0.02830
GO:0060260	0.02830
GO:0046700	0.02888
GO:0006862	0.02925
GO:1903902	0.02925
GO:0006900	0.02961
GO:0072522	0.02981
GO:0051172	0.03022
GO:0050657	0.03060
GO:0050658	0.03060
GO:0007283	0.03074
GO:0006517	0.03173
GO:0008637	0.03173
GO:0042026	0.03173
GO:0042304	0.03173
GO:0044107	0.03173
GO:0052167	0.03173
GO:0052306	0.03173
GO:0052552	0.03173
GO:0052553	0.03173
GO:0060261	0.03173
GO:2000144	0.03173
GO:0016567	0.03225
GO:0006892	0.03225
GO:0043281	0.03225
GO:0019218	0.03264
GO:1902410	0.03264
GO:0006396	0.03327
GO:0050896	0.03345
GO:0010256	0.03362
GO:0009890	0.03369
GO:0007264	0.03377
GO:0016441	0.03377
GO:0045292	0.03377
GO:0099003	0.03377
GO:0051701	0.03383
GO:0044843	0.03410
GO:0008203	0.03424
GO:0000912	0.03445
GO:0000915	0.03445
GO:0006696	0.03445
GO:0007588	0.03445
GO:0008204	0.03445
GO:0009240	0.03445
GO:0030437	0.03445
GO:0044108	0.03445
GO:0045912	0.03445
GO:0046490	0.03445
GO:0043068	0.03461
GO:0051704	0.03473
GO:0009059	0.03476
GO:0001113	0.03481
GO:0001836	0.03481
GO:0006083	0.03481
GO:0010603	0.03481
GO:0015693	0.03481
GO:0016081	0.03481
GO:0016322	0.03481
GO:0033120	0.03481
GO:0033313	0.03481
GO:0044785	0.03481
GO:0045580	0.03481
GO:0045619	0.03481
GO:0046634	0.03481
GO:0046718	0.03481
GO:0050667	0.03481
GO:0051085	0.03481
GO:0090175	0.03481
GO:1901993	0.03481
GO:1902102	0.03481
GO:1903749	0.03481
GO:1905132	0.03481
GO:1905710	0.03481
GO:2001257	0.03481
GO:0051236	0.03491
GO:0140014	0.03503
GO:0008299	0.03518
GO:0032465	0.03518
GO:0050684	0.03518
GO:1901135	0.03522
GO:0043900	0.03540
GO:0065007	0.03549
GO:0072330	0.03561
GO:0044092	0.03575
GO:0019693	0.03666
GO:0034248	0.03699
GO:0006508	0.03700
GO:0019222	0.03757
GO:0006606	0.03836
GO:0043903	0.03836
GO:0006405	0.03850
GO:0072524	0.03850
GO:0051128	0.03856
GO:0006901	0.03865
GO:0007029	0.03865
GO:0032968	0.03865
GO:0050810	0.03865
GO:0072413	0.03865
GO:0090114	0.03865
GO:0072655	0.03923
GO:2000116	0.03923
GO:0048522	0.03954
GO:0099504	0.03982
GO:0034645	0.03990
GO:0016075	0.03993
GO:0046824	0.03993
GO:0071963	0.03993
GO:0090181	0.03993
GO:2000142	0.03993
GO:2001233	0.04000
GO:0009101	0.04066
GO:0001569	0.04108
GO:0006565	0.04108
GO:0006679	0.04108
GO:0010207	0.04108
GO:0010360	0.04108
GO:0010361	0.04108
GO:0010362	0.04108
GO:0010960	0.04108
GO:0015838	0.04108
GO:0019348	0.04108
GO:0023058	0.04108
GO:0031639	0.04108
GO:0031919	0.04108
GO:0031921	0.04108
GO:0031939	0.04108
GO:0033081	0.04108
GO:0033489	0.04108
GO:0033490	0.04108
GO:0035646	0.04108
GO:0042069	0.04108
GO:0042776	0.04108
GO:0043418	0.04108
GO:0046476	0.04108
GO:0048668	0.04108
GO:0048670	0.04108
GO:0048671	0.04108
GO:0048829	0.04108
GO:0050926	0.04108
GO:0060351	0.04108
GO:0061484	0.04108
GO:0071030	0.04108
GO:0071049	0.04108
GO:0071493	0.04108
GO:0072416	0.04108
GO:0072477	0.04108
GO:0072480	0.04108
GO:0072486	0.04108
GO:0072676	0.04108
GO:0072678	0.04108
GO:0090042	0.04108
GO:0090043	0.04108
GO:0090200	0.04108
GO:0090233	0.04108
GO:0090436	0.04108
GO:1900436	0.04108
GO:1900490	0.04108
GO:1901096	0.04108
GO:1901098	0.04108
GO:1901535	0.04108
GO:1901537	0.04108
GO:1902167	0.04108
GO:1902413	0.04108
GO:1902426	0.04108
GO:1903066	0.04108
GO:1903437	0.04108
GO:1903499	0.04108
GO:1990540	0.04108
GO:2000431	0.04108
GO:2001215	0.04108
GO:0048367	0.04165
GO:0006081	0.04186
GO:0046822	0.04186
GO:1903900	0.04186
GO:1904062	0.04186
GO:0010468	0.04192
GO:0044260	0.04230
GO:0045087	0.04338
GO:0006733	0.04352
GO:0010959	0.04414
GO:0000819	0.04431
GO:0006403	0.04528
GO:0061013	0.04569
GO:1902750	0.04569
GO:0022898	0.04579
GO:0032409	0.04579
GO:0032412	0.04579
GO:0006368	0.04593
GO:0006612	0.04611
GO:0051252	0.04615
GO:0010150	0.04625
GO:0043583	0.04625
GO:0048260	0.04625
GO:0052564	0.04625
GO:0052572	0.04625
GO:0060236	0.04625
GO:0090224	0.04625
GO:0090693	0.04625
GO:1903313	0.04625
GO:0002181	0.04656
GO:0071310	0.04672
GO:0010033	0.04699
GO:0048827	0.04702
GO:0007623	0.04722
GO:0048489	0.04722
GO:0070585	0.04722
GO:0097479	0.04722
GO:0097480	0.04722
GO:0031324	0.04725
GO:0019438	0.04847
GO:0031323	0.04942
GO:0034654	0.04971
GO:0032103	0.04990
GO:0032786	0.04990
GO:0043244	0.04990
GO:0045841	0.04990
GO:1902100	0.04990
GO:1905819	0.04990
GO:2000816	0.04990
