GO:0033260	2.6e-05
GO:0009416	4.3e-05
GO:1902969	0.00015
GO:0009314	0.00032
GO:0019432	0.00063
GO:0042455	0.00148
GO:0050680	0.00202
GO:0006359	0.00217
GO:0009628	0.00299
GO:0032201	0.00301
GO:0009163	0.00324
GO:1903825	0.00388
GO:0051347	0.00434
GO:1905039	0.00478
GO:0006303	0.00509
GO:0006595	0.00529
GO:0008616	0.00529
GO:0010866	0.00529
GO:0046116	0.00529
GO:1902298	0.00529
GO:1902644	0.00529
GO:1990426	0.00529
GO:1990505	0.00529
GO:0043094	0.00546
GO:0046460	0.00555
GO:0046463	0.00555
GO:0033674	0.00571
GO:0009266	0.00584
GO:0043038	0.00654
GO:0043039	0.00654
GO:0045945	0.00662
GO:1905898	0.00662
GO:1901659	0.00713
GO:0031297	0.00717
GO:0006418	0.00858
GO:0050678	0.00880
GO:0050821	0.01087
GO:0050673	0.01126
GO:0006641	0.01161
GO:0071559	0.01161
GO:0071560	0.01161
GO:0000060	0.01172
GO:1901998	0.01172
GO:0007179	0.01252
GO:0032091	0.01252
GO:0006278	0.01297
GO:0044786	0.01431
GO:0015849	0.01451
GO:0000911	0.01473
GO:0045923	0.01473
GO:0090207	0.01473
GO:0006399	0.01478
GO:0045860	0.01480
GO:0009411	0.01493
GO:0090287	0.01534
GO:0034641	0.01593
GO:0017015	0.01646
GO:0048573	0.01646
GO:1903844	0.01646
GO:0006271	0.01692
GO:0007004	0.01692
GO:0010833	0.01764
GO:0000746	0.01766
GO:0000747	0.01766
GO:0007176	0.01803
GO:0033262	0.01803
GO:0046321	0.01803
GO:1902295	0.01803
GO:1902318	0.01803
GO:1902981	0.01803
GO:0031647	0.01818
GO:0002283	0.01843
GO:0002446	0.01843
GO:0036230	0.01843
GO:0042119	0.01843
GO:0043312	0.01843
GO:0046942	0.01843
GO:0000389	0.01963
GO:0006438	0.01963
GO:0006596	0.01963
GO:0006714	0.01963
GO:0008216	0.01963
GO:0009687	0.01963
GO:0010305	0.01963
GO:0010826	0.01963
GO:0010867	0.01963
GO:0016048	0.01963
GO:0018364	0.01963
GO:0033158	0.01963
GO:0043288	0.01963
GO:0045670	0.01963
GO:0046348	0.01963
GO:0046606	0.01963
GO:0050820	0.01963
GO:0061180	0.01963
GO:0090313	0.01963
GO:0140042	0.01963
GO:1900409	0.01963
GO:1903463	0.01963
GO:1904289	0.01963
GO:1904290	0.01963
GO:1904424	0.01963
GO:1905097	0.01963
GO:1905267	0.01963
GO:2000002	0.01963
GO:0000393	0.02035
GO:0010906	0.02035
GO:0006479	0.02040
GO:0008213	0.02040
GO:0007339	0.02074
GO:0009825	0.02074
GO:0010922	0.02074
GO:0014002	0.02074
GO:0043984	0.02074
GO:0044058	0.02074
GO:0048708	0.02074
GO:1902224	0.02074
GO:2000012	0.02074
GO:0019725	0.02150
GO:0002573	0.02166
GO:0042306	0.02166
GO:0042180	0.02186
GO:0043299	0.02231
GO:0006855	0.02292
GO:0006576	0.02342
GO:0007062	0.02411
GO:0032212	0.02707
GO:1904358	0.02707
GO:0009073	0.02757
GO:0002275	0.02776
GO:0002444	0.02776
GO:0009451	0.02824
GO:0046486	0.02830
GO:1904951	0.02836
GO:0006272	0.02851
GO:0009309	0.02851
GO:0035306	0.02851
GO:0042401	0.02851
GO:0045638	0.02851
GO:0048069	0.02851
GO:0070534	0.02851
GO:1903707	0.02851
GO:2000028	0.02851
GO:0006638	0.02888
GO:0006639	0.02888
GO:0051100	0.02888
GO:0009409	0.03030
GO:0044238	0.03031
GO:0000726	0.03038
GO:0009658	0.03038
GO:0022616	0.03038
GO:0018991	0.03115
GO:0000723	0.03342
GO:0002274	0.03361
GO:0006914	0.03391
GO:0010675	0.03416
GO:0031060	0.03416
GO:0009657	0.03532
GO:0043687	0.03532
GO:2000241	0.03535
GO:0046483	0.03570
GO:0009853	0.03619
GO:0032988	0.03619
GO:0009845	0.03630
GO:0070198	0.03630
GO:0043085	0.03703
GO:0006265	0.03748
GO:0006269	0.03748
GO:0007220	0.03748
GO:0009650	0.03748
GO:0010374	0.03748
GO:0021953	0.03748
GO:0042307	0.03748
GO:0048764	0.03748
GO:0048765	0.03748
GO:0070202	0.03748
GO:2000234	0.03748
GO:0006283	0.03878
GO:0009746	0.03919
GO:0097164	0.03919
GO:0032200	0.03921
GO:0009581	0.03927
GO:0009072	0.03944
GO:0009749	0.03944
GO:0043410	0.03944
GO:0048580	0.04034
GO:0007272	0.04162
GO:0008366	0.04162
GO:0009629	0.04162
GO:0032259	0.04200
GO:0015711	0.04222
GO:0071704	0.04291
GO:0006139	0.04444
GO:0015893	0.04614
GO:0050730	0.04790
GO:0006720	0.04818
GO:0018022	0.04818
GO:0009926	0.04865
GO:0021782	0.04865
GO:0034698	0.04865
GO:0035493	0.04865
GO:0045176	0.04865
GO:0061097	0.04865
GO:0090070	0.04865
GO:1903998	0.04865
GO:0002286	0.04898
GO:0002761	0.04898
GO:0006089	0.04898
GO:0006658	0.04898
GO:0019747	0.04898
GO:0031998	0.04898
GO:0045875	0.04898
GO:0048747	0.04898
GO:1901070	0.04898
GO:2000678	0.04898
GO:0006006	0.04907
GO:0034404	0.04915
GO:0016074	0.04949
GO:0032210	0.04949
GO:0009908	0.04981
