GO:0031328	0.00036
GO:0009891	0.00050
GO:0043433	0.00059
GO:0002367	0.00066
GO:0002718	0.00066
GO:0002720	0.00076
GO:0051152	0.00076
GO:0061082	0.00076
GO:1905065	0.00076
GO:0002685	0.00153
GO:0006797	0.00153
GO:0051090	0.00162
GO:0007584	0.00169
GO:0001976	0.00223
GO:0010020	0.00223
GO:0032722	0.00223
GO:0043268	0.00223
GO:0043572	0.00223
GO:0051150	0.00223
GO:1905063	0.00223
GO:0009086	0.00288
GO:0042144	0.00376
GO:0097576	0.00376
GO:0043901	0.00398
GO:0019221	0.00406
GO:0000282	0.00439
GO:0009092	0.00439
GO:0010758	0.00439
GO:1904706	0.00439
GO:1905521	0.00439
GO:0051147	0.00480
GO:0006082	0.00568
GO:0043436	0.00568
GO:1901796	0.00592
GO:2000217	0.00598
GO:0010557	0.00645
GO:0043900	0.00697
GO:0001196	0.00718
GO:0001198	0.00718
GO:0002686	0.00718
GO:0003044	0.00718
GO:0006799	0.00718
GO:0007532	0.00718
GO:0032602	0.00718
GO:0032642	0.00718
GO:0043266	0.00718
GO:0045894	0.00718
GO:0048246	0.00718
GO:0072364	0.00718
GO:0100070	0.00718
GO:1904705	0.00718
GO:1905517	0.00718
GO:1990874	0.00718
GO:2000531	0.00718
GO:0006555	0.00733
GO:0008217	0.00733
GO:1904018	0.00733
GO:0009605	0.00764
GO:0097421	0.00885
GO:0000097	0.01053
GO:0002700	0.01053
GO:0070784	0.01053
GO:0001514	0.01057
GO:0002688	0.01057
GO:0006451	0.01057
GO:0035886	0.01057
GO:0048525	0.01057
GO:0051145	0.01057
GO:1902253	0.01057
GO:1903901	0.01057
GO:0000096	0.01091
GO:0045893	0.01103
GO:0051260	0.01203
GO:0001819	0.01216
GO:0001403	0.01238
GO:0009067	0.01238
GO:0032092	0.01238
GO:0098542	0.01240
GO:0042981	0.01269
GO:0040017	0.01355
GO:0045944	0.01360
GO:0010628	0.01410
GO:1903508	0.01413
GO:0042554	0.01442
GO:0051240	0.01450
GO:0003073	0.01454
GO:0014009	0.01454
GO:0035066	0.01454
GO:0035722	0.01454
GO:0070671	0.01454
GO:0071349	0.01454
GO:1902680	0.01462
GO:0050792	0.01492
GO:2001234	0.01492
GO:0044272	0.01556
GO:1901607	0.01556
GO:0031326	0.01595
GO:0031099	0.01644
GO:1901342	0.01663
GO:2001233	0.01700
GO:0002697	0.01805
GO:0042127	0.01836
GO:0036267	0.01902
GO:0050900	0.01902
GO:0000098	0.01904
GO:0000430	0.01904
GO:0000433	0.01904
GO:0006768	0.01904
GO:0014013	0.01904
GO:0019083	0.01904
GO:0035950	0.01904
GO:0035952	0.01904
GO:0035953	0.01904
GO:0035955	0.01904
GO:0042938	0.01904
GO:0045013	0.01904
GO:0045014	0.01904
GO:0046782	0.01904
GO:0048662	0.01904
GO:0050918	0.01904
GO:0051149	0.01904
GO:0061984	0.01904
GO:0061985	0.01904
GO:0061986	0.01904
GO:0061987	0.01904
GO:0071265	0.01904
GO:0090088	0.01904
GO:0090089	0.01904
GO:0097755	0.01904
GO:1901985	0.01904
GO:2000758	0.01904
GO:2000877	0.01904
GO:2000879	0.01904
GO:0030447	0.01960
GO:0051606	0.01960
GO:0051259	0.02153
GO:0002683	0.02156
GO:0043903	0.02156
GO:0043406	0.02159
GO:0009889	0.02282
GO:0043067	0.02287
GO:0042743	0.02346
GO:0006915	0.02371
GO:0000429	0.02404
GO:0009867	0.02404
GO:0045990	0.02404
GO:0071281	0.02404
GO:0097529	0.02404
GO:0008630	0.02434
GO:0051254	0.02519
GO:0010821	0.02727
GO:0031058	0.02727
GO:0070783	0.02727
GO:1900428	0.02727
GO:0001782	0.02768
GO:0001783	0.02768
GO:0002016	0.02768
GO:0002024	0.02768
GO:0002035	0.02768
GO:0002043	0.02768
GO:0002246	0.02768
GO:0002675	0.02768
GO:0002726	0.02768
GO:0002830	0.02768
GO:0002887	0.02768
GO:0002901	0.02768
GO:0002902	0.02768
GO:0002903	0.02768
GO:0002905	0.02768
GO:0002906	0.02768
GO:0003032	0.02768
GO:0003068	0.02768
GO:0003069	0.02768
GO:0003070	0.02768
GO:0003085	0.02768
GO:0003299	0.02768
GO:0006077	0.02768
GO:0006078	0.02768
GO:0006437	0.02768
GO:0006788	0.02768
GO:0007256	0.02768
GO:0007439	0.02768
GO:0009090	0.02768
GO:0009660	0.02768
GO:0010227	0.02768
GO:0010637	0.02768
GO:0010739	0.02768
GO:0014010	0.02768
GO:0014834	0.02768
GO:0014887	0.02768
GO:0014898	0.02768
GO:0015847	0.02768
GO:0015848	0.02768
GO:0018272	0.02768
GO:0030153	0.02768
GO:0030857	0.02768
GO:0031666	0.02768
GO:0032232	0.02768
GO:0032303	0.02768
GO:0032305	0.02768
GO:0032306	0.02768
GO:0032308	0.02768
GO:0032572	0.02768
GO:0032760	0.02768
GO:0032762	0.02768
GO:0032763	0.02768
GO:0032764	0.02768
GO:0033004	0.02768
GO:0033007	0.02768
GO:0033033	0.02768
GO:0034021	0.02768
GO:0034154	0.02768
GO:0034155	0.02768
GO:0034157	0.02768
GO:0034162	0.02768
GO:0034163	0.02768
GO:0034165	0.02768
GO:0035523	0.02768
GO:0036333	0.02768
GO:0038001	0.02768
GO:0039536	0.02768
GO:0042033	0.02768
GO:0042035	0.02768
GO:0042089	0.02768
GO:0042107	0.02768
GO:0042108	0.02768
GO:0042167	0.02768
GO:0042756	0.02768
GO:0043301	0.02768
GO:0043305	0.02768
GO:0043619	0.02768
GO:0043922	0.02768
GO:0044154	0.02768
GO:0044524	0.02768
GO:0045073	0.02768
GO:0045080	0.02768
GO:0045605	0.02768
GO:0045683	0.02768
GO:0046167	0.02768
GO:0046900	0.02768
GO:0046901	0.02768
GO:0048611	0.02768
GO:0048759	0.02768
GO:0048773	0.02768
GO:0050482	0.02768
GO:0050755	0.02768
GO:0060215	0.02768
GO:0061078	0.02768
GO:0061081	0.02768
GO:0070314	0.02768
GO:0071266	0.02768
GO:0071440	0.02768
GO:0071442	0.02768
GO:0071569	0.02768
GO:0072567	0.02768
GO:0090237	0.02768
GO:0090238	0.02768
GO:0090323	0.02768
GO:0090410	0.02768
GO:0090677	0.02768
GO:0090679	0.02768
GO:1900241	0.02768
GO:1902166	0.02768
GO:1902230	0.02768
GO:1902616	0.02768
GO:1903557	0.02768
GO:1903587	0.02768
GO:1903589	0.02768
GO:1903711	0.02768
GO:1903963	0.02768
GO:1904772	0.02768
GO:1904829	0.02768
GO:1904831	0.02768
GO:1905420	0.02768
GO:1905499	0.02768
GO:1905915	0.02768
GO:1905917	0.02768
GO:1905930	0.02768
GO:1905932	0.02768
GO:1990167	0.02768
GO:1990168	0.02768
GO:1990564	0.02768
GO:1990575	0.02768
GO:1990592	0.02768
GO:1990845	0.02768
GO:2000341	0.02768
GO:2000343	0.02768
GO:2000553	0.02768
GO:0006575	0.02887
GO:0002698	0.02951
GO:0046015	0.02951
GO:0071073	0.02951
GO:0071395	0.02951
GO:0090626	0.02951
GO:1903727	0.02951
GO:0000302	0.03036
GO:0002699	0.03038
GO:0010570	0.03038
GO:0031670	0.03038
GO:0009058	0.03093
GO:0016053	0.03213
GO:0046394	0.03213
GO:0044419	0.03220
GO:0051098	0.03257
GO:0006355	0.03375
GO:0031325	0.03411
GO:0008652	0.03515
GO:0097237	0.03528
GO:0044249	0.03539
GO:0009933	0.03543
GO:0032387	0.03543
GO:0043392	0.03543
GO:0043500	0.03543
GO:0046339	0.03543
GO:0071071	0.03543
GO:0097746	0.03543
GO:0006790	0.03569
GO:0001889	0.03698
GO:0061008	0.03698
GO:0006801	0.03714
GO:0022404	0.03714
GO:0031100	0.03714
GO:0042063	0.03714
GO:0044281	0.03745
GO:1903506	0.03823
GO:0071345	0.03830
GO:0051051	0.03855
GO:2001141	0.03902
GO:0045935	0.03946
GO:0016485	0.03960
GO:1902533	0.04040
GO:0031349	0.04069
GO:1903900	0.04078
GO:2000112	0.04149
GO:0002702	0.04177
GO:0002821	0.04177
GO:0009070	0.04177
GO:0016584	0.04177
GO:0030595	0.04177
GO:0035296	0.04177
GO:0050880	0.04177
GO:0051702	0.04177
GO:0051851	0.04177
GO:0072488	0.04177
GO:1903725	0.04177
GO:0044248	0.04252
GO:0002440	0.04461
GO:0002831	0.04461
GO:0006638	0.04461
GO:0006639	0.04461
GO:0050665	0.04461
GO:2001242	0.04461
GO:0006357	0.04735
GO:1902531	0.04770
GO:0072331	0.04805
GO:0010039	0.04849
GO:0019080	0.04849
GO:0030336	0.04849
GO:0042304	0.04849
GO:0048144	0.04849
GO:0048145	0.04849
GO:0048678	0.04849
GO:0051271	0.04849
GO:1901570	0.04849
GO:2000146	0.04849
GO:1901568	0.04860
GO:0019752	0.04898
GO:0051173	0.04938
GO:0009607	0.04997
