GO.ID	Term	Annotated	Significant	Expected	classic
GO:0033260	nuclear DNA replication	44	25	11.88	2.6e-05
GO:0009416	response to light stimulus	166	68	44.82	4.3e-05
GO:1902969	mitotic DNA replication	35	20	9.45	0.00015
GO:0009314	response to radiation	213	80	57.51	0.00032
GO:0019432	triglyceride biosynthetic process	8	7	2.16	0.00063
GO:0042455	ribonucleoside biosynthetic process	22	13	5.94	0.00148
GO:0050680	negative regulation of epithelial cell p...	11	8	2.97	0.00202
GO:0006359	regulation of transcription by RNA polym...	9	7	2.43	0.00217
GO:0009628	response to abiotic stimulus	580	184	156.59	0.00299
GO:0032201	telomere maintenance via semi-conservati...	16	10	4.32	0.00301
GO:0009163	nucleoside biosynthetic process	26	14	7.02	0.00324
GO:1903825	organic acid transmembrane transport	51	23	13.77	0.00388
GO:0051347	positive regulation of transferase activ...	99	39	26.73	0.00434
GO:1905039	carboxylic acid transmembrane transport	46	21	12.42	0.00478
GO:0006303	double-strand break repair via nonhomolo...	27	14	7.29	0.00509
GO:0006595	polyamine metabolic process	4	4	1.08	0.00529
GO:0008616	queuosine biosynthetic process	4	4	1.08	0.00529
GO:0010866	regulation of triglyceride biosynthetic ...	4	4	1.08	0.00529
GO:0046116	queuosine metabolic process	4	4	1.08	0.00529
GO:1902298	cell cycle DNA replication maintenance o...	4	4	1.08	0.00529
GO:1902644	tertiary alcohol metabolic process	4	4	1.08	0.00529
GO:1990426	mitotic recombination-dependent replicat...	4	4	1.08	0.00529
GO:1990505	mitotic DNA replication maintenance of f...	4	4	1.08	0.00529
GO:0043094	cellular metabolic compound salvage	38	18	10.26	0.00546
GO:0046460	neutral lipid biosynthetic process	10	7	2.7	0.00555
GO:0046463	acylglycerol biosynthetic process	10	7	2.7	0.00555
GO:0033674	positive regulation of kinase activity	64	27	17.28	0.00571
GO:0009266	response to temperature stimulus	167	60	45.09	0.00584
GO:0043038	amino acid activation	33	16	8.91	0.00654
GO:0043039	tRNA aminoacylation	33	16	8.91	0.00654
GO:0045945	positive regulation of transcription by ...	6	5	1.62	0.00662
GO:1905898	positive regulation of response to endop...	6	5	1.62	0.00662
GO:1901659	glycosyl compound biosynthetic process	36	17	9.72	0.00713
GO:0031297	replication fork processing	15	9	4.05	0.00717
GO:0006418	tRNA aminoacylation for protein translat...	31	15	8.37	0.00858
GO:0050678	regulation of epithelial cell proliferat...	23	12	6.21	0.00880
GO:0050821	protein stabilization	43	19	11.61	0.01087
GO:0050673	epithelial cell proliferation	29	14	7.83	0.01126
GO:0006641	triglyceride metabolic process	21	11	5.67	0.01161
GO:0071559	response to transforming growth factor b...	21	11	5.67	0.01161
GO:0071560	cellular response to transforming growth...	21	11	5.67	0.01161
GO:0000060	protein import into nucleus, translocati...	11	7	2.97	0.01172
GO:1901998	toxin transport	11	7	2.97	0.01172
GO:0007179	transforming growth factor beta receptor...	16	9	4.32	0.01252
GO:0032091	negative regulation of protein binding	16	9	4.32	0.01252
GO:0006278	RNA-dependent DNA biosynthetic process	35	16	9.45	0.01297
GO:0044786	cell cycle DNA replication	71	28	19.17	0.01431
GO:0015849	organic acid transport	68	27	18.36	0.01451
GO:0000911	cytokinesis by cell plate formation	9	6	2.43	0.01473
GO:0045923	positive regulation of fatty acid metabo...	9	6	2.43	0.01473
GO:0090207	regulation of triglyceride metabolic pro...	9	6	2.43	0.01473
GO:0006399	tRNA metabolic process	128	46	34.56	0.01478
GO:0045860	positive regulation of protein kinase ac...	62	25	16.74	0.01480
GO:0009411	response to UV	56	23	15.12	0.01493
GO:0090287	regulation of cellular response to growt...	19	10	5.13	0.01534
GO:0034641	cellular nitrogen compound metabolic pro...	1691	484	456.54	0.01593
GO:0017015	regulation of transforming growth factor...	14	8	3.78	0.01646
GO:0048573	photoperiodism, flowering	14	8	3.78	0.01646
GO:1903844	regulation of cellular response to trans...	14	8	3.78	0.01646
GO:0006271	DNA strand elongation involved in DNA re...	33	15	8.91	0.01692
GO:0007004	telomere maintenance via telomerase	33	15	8.91	0.01692
GO:0010833	telomere maintenance via telomere length...	36	16	9.72	0.01764
GO:0000746	conjugation	22	11	5.94	0.01766
GO:0000747	conjugation with cellular fusion	22	11	5.94	0.01766
GO:0007176	regulation of epidermal growth factor-ac...	7	5	1.89	0.01803
GO:0033262	regulation of nuclear cell cycle DNA rep...	7	5	1.89	0.01803
GO:0046321	positive regulation of fatty acid oxidat...	7	5	1.89	0.01803
GO:1902295	synthesis of RNA primer involved in cell...	7	5	1.89	0.01803
GO:1902318	synthesis of RNA primer involved in nucl...	7	5	1.89	0.01803
GO:1902981	synthesis of RNA primer involved in mito...	7	5	1.89	0.01803
GO:0031647	regulation of protein stability	66	26	17.82	0.01818
GO:0002283	neutrophil activation involved in immune...	63	25	17.01	0.01843
GO:0002446	neutrophil mediated immunity	63	25	17.01	0.01843
GO:0036230	granulocyte activation	63	25	17.01	0.01843
GO:0042119	neutrophil activation	63	25	17.01	0.01843
GO:0043312	neutrophil degranulation	63	25	17.01	0.01843
GO:0046942	carboxylic acid transport	63	25	17.01	0.01843
GO:0000389	mRNA 3'-splice site recognition	3	3	0.81	0.01963
GO:0006438	valyl-tRNA aminoacylation	3	3	0.81	0.01963
GO:0006596	polyamine biosynthetic process	3	3	0.81	0.01963
GO:0006714	sesquiterpenoid metabolic process	3	3	0.81	0.01963
GO:0008216	spermidine metabolic process	3	3	0.81	0.01963
GO:0009687	abscisic acid metabolic process	3	3	0.81	0.01963
GO:0010305	leaf vascular tissue pattern formation	3	3	0.81	0.01963
GO:0010826	negative regulation of centrosome duplic...	3	3	0.81	0.01963
GO:0010867	positive regulation of triglyceride bios...	3	3	0.81	0.01963
GO:0016048	detection of temperature stimulus	3	3	0.81	0.01963
GO:0018364	peptidyl-glutamine methylation	3	3	0.81	0.01963
GO:0033158	regulation of protein import into nucleu...	3	3	0.81	0.01963
GO:0043288	apocarotenoid metabolic process	3	3	0.81	0.01963
GO:0045670	regulation of osteoclast differentiation	3	3	0.81	0.01963
GO:0046348	amino sugar catabolic process	3	3	0.81	0.01963
GO:0046606	negative regulation of centrosome cycle	3	3	0.81	0.01963
GO:0050820	positive regulation of coagulation	3	3	0.81	0.01963
GO:0061180	mammary gland epithelium development	3	3	0.81	0.01963
GO:0090313	regulation of protein targeting to membr...	3	3	0.81	0.01963
GO:0140042	lipid droplet formation	3	3	0.81	0.01963
GO:1900409	positive regulation of cellular response...	3	3	0.81	0.01963
GO:1903463	regulation of mitotic cell cycle DNA rep...	3	3	0.81	0.01963
GO:1904289	regulation of mitotic DNA damage checkpo...	3	3	0.81	0.01963
GO:1904290	negative regulation of mitotic DNA damag...	3	3	0.81	0.01963
GO:1904424	regulation of GTP binding	3	3	0.81	0.01963
GO:1905097	regulation of guanyl-nucleotide exchange...	3	3	0.81	0.01963
GO:1905267	endonucleolytic cleavage involved in tRN...	3	3	0.81	0.01963
GO:2000002	negative regulation of DNA damage checkp...	3	3	0.81	0.01963
GO:0000393	spliceosomal conformational changes to g...	17	9	4.59	0.02035
GO:0010906	regulation of glucose metabolic process	17	9	4.59	0.02035
GO:0006479	protein methylation	79	30	21.33	0.02040
GO:0008213	protein alkylation	79	30	21.33	0.02040
GO:0007339	binding of sperm to zona pellucida	5	4	1.35	0.02074
GO:0009825	multidimensional cell growth	5	4	1.35	0.02074
GO:0010922	positive regulation of phosphatase activ...	5	4	1.35	0.02074
GO:0014002	astrocyte development	5	4	1.35	0.02074
GO:0043984	histone H4-K16 acetylation	5	4	1.35	0.02074
GO:0044058	regulation of digestive system process	5	4	1.35	0.02074
GO:0048708	astrocyte differentiation	5	4	1.35	0.02074
GO:1902224	ketone body metabolic process	5	4	1.35	0.02074
GO:2000012	regulation of auxin polar transport	5	4	1.35	0.02074
GO:0019725	cellular homeostasis	190	64	51.3	0.02150
GO:0002573	myeloid leukocyte differentiation	12	7	3.24	0.02166
GO:0042306	regulation of protein import into nucleu...	12	7	3.24	0.02166
GO:0042180	cellular ketone metabolic process	70	27	18.9	0.02186
GO:0043299	leukocyte degranulation	67	26	18.09	0.02231
GO:0006855	drug transmembrane transport	34	15	9.18	0.02292
GO:0006576	cellular biogenic amine metabolic proces...	20	10	5.4	0.02342
GO:0007062	sister chromatid cohesion	49	20	13.23	0.02411
GO:0032212	positive regulation of telomere maintena...	15	8	4.05	0.02707
GO:1904358	positive regulation of telomere maintena...	15	8	4.05	0.02707
GO:0009073	aromatic amino acid family biosynthetic ...	26	12	7.02	0.02757
GO:0002275	myeloid cell activation involved in immu...	65	25	17.55	0.02776
GO:0002444	myeloid leukocyte mediated immunity	65	25	17.55	0.02776
GO:0009451	RNA modification	100	36	27	0.02824
GO:0046486	glycerolipid metabolic process	84	31	22.68	0.02830
GO:1904951	positive regulation of establishment of ...	62	24	16.74	0.02836
GO:0006272	leading strand elongation	10	6	2.7	0.02851
GO:0009309	amine biosynthetic process	10	6	2.7	0.02851
GO:0035306	positive regulation of dephosphorylation	10	6	2.7	0.02851
GO:0042401	cellular biogenic amine biosynthetic pro...	10	6	2.7	0.02851
GO:0045638	negative regulation of myeloid cell diff...	10	6	2.7	0.02851
GO:0048069	eye pigmentation	10	6	2.7	0.02851
GO:0070534	protein K63-linked ubiquitination	10	6	2.7	0.02851
GO:1903707	negative regulation of hemopoiesis	10	6	2.7	0.02851
GO:2000028	regulation of photoperiodism, flowering	10	6	2.7	0.02851
GO:0006638	neutral lipid metabolic process	29	13	7.83	0.02888
GO:0006639	acylglycerol metabolic process	29	13	7.83	0.02888
GO:0051100	negative regulation of binding	29	13	7.83	0.02888
GO:0009409	response to cold	50	20	13.5	0.03030
GO:0044238	primary metabolic process	2408	671	650.12	0.03031
GO:0000726	non-recombinational repair	35	15	9.45	0.03038
GO:0009658	chloroplast organization	35	15	9.45	0.03038
GO:0022616	DNA strand elongation	35	15	9.45	0.03038
GO:0018991	oviposition	18	9	4.86	0.03115
GO:0000723	telomere maintenance	85	31	22.95	0.03342
GO:0002274	myeloid leukocyte activation	66	25	17.82	0.03361
GO:0006914	autophagy	184	61	49.68	0.03391
GO:0010675	regulation of cellular carbohydrate meta...	21	10	5.67	0.03416
GO:0031060	regulation of histone methylation	21	10	5.67	0.03416
GO:0009657	plastid organization	60	23	16.2	0.03532
GO:0043687	post-translational protein modification	60	23	16.2	0.03532
GO:2000241	regulation of reproductive process	108	38	29.16	0.03535
GO:0046483	heterocycle metabolic process	1518	433	409.84	0.03570
GO:0009853	photorespiration	13	7	3.51	0.03619
GO:0032988	ribonucleoprotein complex disassembly	13	7	3.51	0.03619
GO:0009845	seed germination	24	11	6.48	0.03630
GO:0070198	protein localization to chromosome, telo...	24	11	6.48	0.03630
GO:0043085	positive regulation of catalytic activit...	246	79	66.42	0.03703
GO:0006265	DNA topological change	8	5	2.16	0.03748
GO:0006269	DNA replication, synthesis of RNA primer	8	5	2.16	0.03748
GO:0007220	Notch receptor processing	8	5	2.16	0.03748
GO:0009650	UV protection	8	5	2.16	0.03748
GO:0010374	stomatal complex development	8	5	2.16	0.03748
GO:0021953	central nervous system neuron differenti...	8	5	2.16	0.03748
GO:0042307	positive regulation of protein import in...	8	5	2.16	0.03748
GO:0048764	trichoblast maturation	8	5	2.16	0.03748
GO:0048765	root hair cell differentiation	8	5	2.16	0.03748
GO:0070202	regulation of establishment of protein l...	8	5	2.16	0.03748
GO:2000234	positive regulation of rRNA processing	8	5	2.16	0.03748
GO:0006283	transcription-coupled nucleotide-excisio...	45	18	12.15	0.03878
GO:0009746	response to hexose	42	17	11.34	0.03919
GO:0097164	ammonium ion metabolic process	42	17	11.34	0.03919
GO:0032200	telomere organization	86	31	23.22	0.03921
GO:0009581	detection of external stimulus	33	14	8.91	0.03927
GO:0009072	aromatic amino acid family metabolic pro...	39	16	10.53	0.03944
GO:0009749	response to glucose	39	16	10.53	0.03944
GO:0043410	positive regulation of MAPK cascade	39	16	10.53	0.03944
GO:0048580	regulation of post-embryonic development	67	25	18.09	0.04034
GO:0007272	ensheathment of neurons	16	8	4.32	0.04162
GO:0008366	axon ensheathment	16	8	4.32	0.04162
GO:0009629	response to gravity	16	8	4.32	0.04162
GO:0032259	methylation	139	47	37.53	0.04200
GO:0015711	organic anion transport	106	37	28.62	0.04222
GO:0071704	organic substance metabolic process	2537	703	684.95	0.04291
GO:0006139	nucleobase-containing compound metabolic...	1401	400	378.25	0.04444
GO:0015893	drug transport	52	20	14.04	0.04614
GO:0050730	regulation of peptidyl-tyrosine phosphor...	22	10	5.94	0.04790
GO:0006720	isoprenoid metabolic process	46	18	12.42	0.04818
GO:0018022	peptidyl-lysine methylation	46	18	12.42	0.04818
GO:0009926	auxin polar transport	11	6	2.97	0.04865
GO:0021782	glial cell development	11	6	2.97	0.04865
GO:0034698	response to gonadotropin	11	6	2.97	0.04865
GO:0035493	SNARE complex assembly	11	6	2.97	0.04865
GO:0045176	apical protein localization	11	6	2.97	0.04865
GO:0061097	regulation of protein tyrosine kinase ac...	11	6	2.97	0.04865
GO:0090070	positive regulation of ribosome biogenes...	11	6	2.97	0.04865
GO:1903998	regulation of eating behavior	11	6	2.97	0.04865
GO:0002286	T cell activation involved in immune res...	6	4	1.62	0.04898
GO:0002761	regulation of myeloid leukocyte differen...	6	4	1.62	0.04898
GO:0006089	lactate metabolic process	6	4	1.62	0.04898
GO:0006658	phosphatidylserine metabolic process	6	4	1.62	0.04898
GO:0019747	regulation of isoprenoid metabolic proce...	6	4	1.62	0.04898
GO:0031998	regulation of fatty acid beta-oxidation	6	4	1.62	0.04898
GO:0045875	negative regulation of sister chromatid ...	6	4	1.62	0.04898
GO:0048747	muscle fiber development	6	4	1.62	0.04898
GO:1901070	guanosine-containing compound biosynthet...	6	4	1.62	0.04898
GO:2000678	negative regulation of transcription reg...	6	4	1.62	0.04898
GO:0006006	glucose metabolic process	43	17	11.61	0.04907
GO:0034404	nucleobase-containing small molecule bio...	94	33	25.38	0.04915
GO:0016074	snoRNA metabolic process	25	11	6.75	0.04949
GO:0032210	regulation of telomere maintenance via t...	25	11	6.75	0.04949
GO:0009908	flower development	40	16	10.8	0.04981
GO:0009582	detection of abiotic stimulus	34	14	9.18	0.05072
GO:0061351	neural precursor cell proliferation	34	14	9.18	0.05072
GO:0043414	macromolecule methylation	124	42	33.48	0.05123
GO:0006725	cellular aromatic compound metabolic pro...	1530	434	413.08	0.05216
GO:1901360	organic cyclic compound metabolic proces...	1590	450	429.28	0.05403
GO:0031330	negative regulation of cellular cataboli...	56	21	15.12	0.05438
GO:2000177	regulation of neural precursor cell prol...	14	7	3.78	0.05592
GO:0061919	process utilizing autophagic mechanism	189	61	51.03	0.05660
GO:0044237	cellular metabolic process	2619	723	707.09	0.05669
GO:0002263	cell activation involved in immune respo...	82	29	22.14	0.05718
GO:0051338	regulation of transferase activity	162	53	43.74	0.05769
GO:0006644	phospholipid metabolic process	92	32	24.84	0.05877
GO:0009408	response to heat	102	35	27.54	0.05971
GO:0006273	lagging strand elongation	17	8	4.59	0.06054
GO:0040013	negative regulation of locomotion	17	8	4.59	0.06054
GO:0062013	positive regulation of small molecule me...	44	17	11.88	0.06057
GO:0090567	reproductive shoot system development	41	16	11.07	0.06196
GO:0000390	spliceosomal complex disassembly	4	3	1.08	0.06266
GO:0002323	natural killer cell activation involved ...	4	3	1.08	0.06266
GO:0002888	positive regulation of myeloid leukocyte...	4	3	1.08	0.06266
GO:0006108	malate metabolic process	4	3	1.08	0.06266
GO:0006848	pyruvate transport	4	3	1.08	0.06266
GO:0008090	retrograde axonal transport	4	3	1.08	0.06266
GO:0008363	larval chitin-based cuticle development	4	3	1.08	0.06266
GO:0009229	thiamine diphosphate biosynthetic proces...	4	3	1.08	0.06266
GO:0009373	regulation of transcription by pheromone...	4	3	1.08	0.06266
GO:0010514	induction of conjugation with cellular f...	4	3	1.08	0.06266
GO:0010515	negative regulation of induction of conj...	4	3	1.08	0.06266
GO:0010717	regulation of epithelial to mesenchymal ...	4	3	1.08	0.06266
GO:0018026	peptidyl-lysine monomethylation	4	3	1.08	0.06266
GO:0030101	natural killer cell activation	4	3	1.08	0.06266
GO:0030316	osteoclast differentiation	4	3	1.08	0.06266
GO:0032516	positive regulation of phosphoprotein ph...	4	3	1.08	0.06266
GO:0035329	hippo signaling	4	3	1.08	0.06266
GO:0035330	regulation of hippo signaling	4	3	1.08	0.06266
GO:0035331	negative regulation of hippo signaling	4	3	1.08	0.06266
GO:0035336	long-chain fatty-acyl-CoA metabolic proc...	4	3	1.08	0.06266
GO:0042337	cuticle development involved in chitin-b...	4	3	1.08	0.06266
GO:0042357	thiamine diphosphate metabolic process	4	3	1.08	0.06266
GO:0043320	natural killer cell degranulation	4	3	1.08	0.06266
GO:0044395	protein targeting to vacuolar membrane	4	3	1.08	0.06266
GO:0045476	nurse cell apoptotic process	4	3	1.08	0.06266
GO:0045477	regulation of nurse cell apoptotic proce...	4	3	1.08	0.06266
GO:0046019	regulation of transcription from RNA pol...	4	3	1.08	0.06266
GO:0046037	GMP metabolic process	4	3	1.08	0.06266
GO:0048072	compound eye pigmentation	4	3	1.08	0.06266
GO:0060795	cell fate commitment involved in formati...	4	3	1.08	0.06266
GO:0071894	histone H2B conserved C-terminal lysine ...	4	3	1.08	0.06266
GO:0072710	response to hydroxyurea	4	3	1.08	0.06266
GO:0072711	cellular response to hydroxyurea	4	3	1.08	0.06266
GO:0090074	negative regulation of protein homodimer...	4	3	1.08	0.06266
GO:0097720	calcineurin-mediated signaling	4	3	1.08	0.06266
GO:1901475	pyruvate transmembrane transport	4	3	1.08	0.06266
GO:1904294	positive regulation of ERAD pathway	4	3	1.08	0.06266
GO:1904874	positive regulation of telomerase RNA lo...	4	3	1.08	0.06266
GO:1990497	regulation of cytoplasmic translation in...	4	3	1.08	0.06266
GO:0032147	activation of protein kinase activity	38	15	10.26	0.06321
GO:0006807	nitrogen compound metabolic process	2316	643	625.28	0.06325
GO:0009648	photoperiodism	20	9	5.4	0.06335
GO:0043144	snoRNA processing	20	9	5.4	0.06335
GO:0000154	rRNA modification	35	14	9.45	0.06428
GO:0051606	detection of stimulus	57	21	15.39	0.06502
GO:0045005	DNA-dependent DNA replication maintenanc...	26	11	7.02	0.06556
GO:1900180	regulation of protein localization to nu...	26	11	7.02	0.06556
GO:0009308	amine metabolic process	29	12	7.83	0.06556
GO:0043488	regulation of mRNA stability	29	12	7.83	0.06556
GO:0044106	cellular amine metabolic process	29	12	7.83	0.06556
GO:0001936	regulation of endothelial cell prolifera...	9	5	2.43	0.06592
GO:0006047	UDP-N-acetylglucosamine metabolic proces...	9	5	2.43	0.06592
GO:0006551	leucine metabolic process	9	5	2.43	0.06592
GO:0006726	eye pigment biosynthetic process	9	5	2.43	0.06592
GO:0009640	photomorphogenesis	9	5	2.43	0.06592
GO:0010054	trichoblast differentiation	9	5	2.43	0.06592
GO:0015074	DNA integration	9	5	2.43	0.06592
GO:0016101	diterpenoid metabolic process	9	5	2.43	0.06592
GO:0019627	urea metabolic process	9	5	2.43	0.06592
GO:0042441	eye pigment metabolic process	9	5	2.43	0.06592
GO:0043324	pigment metabolic process involved in de...	9	5	2.43	0.06592
GO:0043474	pigment metabolic process involved in pi...	9	5	2.43	0.06592
GO:0046835	carbohydrate phosphorylation	9	5	2.43	0.06592
GO:0050732	negative regulation of peptidyl-tyrosine...	9	5	2.43	0.06592
GO:0010562	positive regulation of phosphorus metabo...	133	44	35.91	0.06697
GO:0045937	positive regulation of phosphate metabol...	133	44	35.91	0.06697
GO:0016571	histone methylation	54	20	14.58	0.06720
GO:0007219	Notch signaling pathway	51	19	13.77	0.06940
GO:0051222	positive regulation of protein transport	51	19	13.77	0.06940
GO:0000734	gene conversion at mating-type locus, DN...	2	2	0.54	0.07283
GO:0001773	myeloid dendritic cell activation	2	2	0.54	0.07283
GO:0001821	histamine secretion	2	2	0.54	0.07283
GO:0001921	positive regulation of receptor recyclin...	2	2	0.54	0.07283
GO:0001945	lymph vessel development	2	2	0.54	0.07283
GO:0001946	lymphangiogenesis	2	2	0.54	0.07283
GO:0002038	positive regulation of L-glutamate impor...	2	2	0.54	0.07283
GO:0002265	astrocyte activation involved in immune ...	2	2	0.54	0.07283
GO:0002278	eosinophil activation involved in immune...	2	2	0.54	0.07283
GO:0002295	T-helper cell lineage commitment	2	2	0.54	0.07283
GO:0002349	histamine production involved in inflamm...	2	2	0.54	0.07283
GO:0002360	T cell lineage commitment	2	2	0.54	0.07283
GO:0002363	alpha-beta T cell lineage commitment	2	2	0.54	0.07283
GO:0002441	histamine secretion involved in inflamma...	2	2	0.54	0.07283
GO:0002447	eosinophil mediated immunity	2	2	0.54	0.07283
GO:0002553	histamine secretion by mast cell	2	2	0.54	0.07283
GO:0006116	NADH oxidation	2	2	0.54	0.07283
GO:0006185	dGDP biosynthetic process	2	2	0.54	0.07283
GO:0006597	spermine biosynthetic process	2	2	0.54	0.07283
GO:0006728	pteridine biosynthetic process	2	2	0.54	0.07283
GO:0006776	vitamin A metabolic process	2	2	0.54	0.07283
GO:0006808	regulation of nitrogen utilization	2	2	0.54	0.07283
GO:0007212	dopamine receptor signaling pathway	2	2	0.54	0.07283
GO:0008215	spermine metabolic process	2	2	0.54	0.07283
GO:0008295	spermidine biosynthetic process	2	2	0.54	0.07283
GO:0008612	peptidyl-lysine modification to peptidyl...	2	2	0.54	0.07283
GO:0009170	purine deoxyribonucleoside monophosphate...	2	2	0.54	0.07283
GO:0009182	purine deoxyribonucleoside diphosphate m...	2	2	0.54	0.07283
GO:0009183	purine deoxyribonucleoside diphosphate b...	2	2	0.54	0.07283
GO:0009300	antisense RNA transcription	2	2	0.54	0.07283
GO:0009597	detection of virus	2	2	0.54	0.07283
GO:0009647	skotomorphogenesis	2	2	0.54	0.07283
GO:0009685	gibberellin metabolic process	2	2	0.54	0.07283
GO:0009686	gibberellin biosynthetic process	2	2	0.54	0.07283
GO:0009688	abscisic acid biosynthetic process	2	2	0.54	0.07283
GO:0010358	leaf shaping	2	2	0.54	0.07283
GO:0010719	negative regulation of epithelial to mes...	2	2	0.54	0.07283
GO:0015689	molybdate ion transport	2	2	0.54	0.07283
GO:0015825	L-serine transport	2	2	0.54	0.07283
GO:0015871	choline transport	2	2	0.54	0.07283
GO:0016102	diterpenoid biosynthetic process	2	2	0.54	0.07283
GO:0016106	sesquiterpenoid biosynthetic process	2	2	0.54	0.07283
GO:0019632	shikimate metabolic process	2	2	0.54	0.07283
GO:0021795	cerebral cortex cell migration	2	2	0.54	0.07283
GO:0021870	Cajal-Retzius cell differentiation	2	2	0.54	0.07283
GO:0021885	forebrain cell migration	2	2	0.54	0.07283
GO:0021895	cerebral cortex neuron differentiation	2	2	0.54	0.07283
GO:0022029	telencephalon cell migration	2	2	0.54	0.07283
GO:0030244	cellulose biosynthetic process	2	2	0.54	0.07283
GO:0030656	regulation of vitamin metabolic process	2	2	0.54	0.07283
GO:0030903	notochord development	2	2	0.54	0.07283
GO:0031070	intronic snoRNA processing	2	2	0.54	0.07283
GO:0031619	homologous chromosome orientation involv...	2	2	0.54	0.07283
GO:0032055	negative regulation of translation in re...	2	2	0.54	0.07283
GO:0032057	negative regulation of translational ini...	2	2	0.54	0.07283
GO:0032329	serine transport	2	2	0.54	0.07283
GO:0032620	interleukin-17 production	2	2	0.54	0.07283
GO:0032660	regulation of interleukin-17 production	2	2	0.54	0.07283
GO:0032682	negative regulation of chemokine product...	2	2	0.54	0.07283
GO:0032700	negative regulation of interleukin-17 pr...	2	2	0.54	0.07283
GO:0033160	positive regulation of protein import in...	2	2	0.54	0.07283
GO:0033173	calcineurin-NFAT signaling cascade	2	2	0.54	0.07283
GO:0033598	mammary gland epithelial cell proliferat...	2	2	0.54	0.07283
GO:0033599	regulation of mammary gland epithelial c...	2	2	0.54	0.07283
GO:0033600	negative regulation of mammary gland epi...	2	2	0.54	0.07283
GO:0033967	box C/D snoRNA metabolic process	2	2	0.54	0.07283
GO:0034092	negative regulation of maintenance of si...	2	2	0.54	0.07283
GO:0034183	negative regulation of maintenance of mi...	2	2	0.54	0.07283
GO:0034196	acylglycerol transport	2	2	0.54	0.07283
GO:0034197	triglyceride transport	2	2	0.54	0.07283
GO:0034379	very-low-density lipoprotein particle as...	2	2	0.54	0.07283
GO:0034436	glycoprotein transport	2	2	0.54	0.07283
GO:0034963	box C/D snoRNA processing	2	2	0.54	0.07283
GO:0035073	pupariation	2	2	0.54	0.07283
GO:0035127	post-embryonic limb morphogenesis	2	2	0.54	0.07283
GO:0035128	post-embryonic forelimb morphogenesis	2	2	0.54	0.07283
GO:0035136	forelimb morphogenesis	2	2	0.54	0.07283
GO:0035210	prepupal development	2	2	0.54	0.07283
GO:0035733	hepatic stellate cell activation	2	2	0.54	0.07283
GO:0035970	peptidyl-threonine dephosphorylation	2	2	0.54	0.07283
GO:0036035	osteoclast development	2	2	0.54	0.07283
GO:0036155	acylglycerol acyl-chain remodeling	2	2	0.54	0.07283
GO:0036269	swimming behavior	2	2	0.54	0.07283
GO:0036303	lymph vessel morphogenesis	2	2	0.54	0.07283
GO:0036480	neuron intrinsic apoptotic signaling pat...	2	2	0.54	0.07283
GO:0042868	antisense RNA metabolic process	2	2	0.54	0.07283
GO:0042873	aldonate transmembrane transport	2	2	0.54	0.07283
GO:0043011	myeloid dendritic cell differentiation	2	2	0.54	0.07283
GO:0043289	apocarotenoid biosynthetic process	2	2	0.54	0.07283
GO:0043307	eosinophil activation	2	2	0.54	0.07283
GO:0043308	eosinophil degranulation	2	2	0.54	0.07283
GO:0043368	positive T cell selection	2	2	0.54	0.07283
GO:0043369	CD4-positive or CD8-positive, alpha-beta...	2	2	0.54	0.07283
GO:0043373	CD4-positive, alpha-beta T cell lineage ...	2	2	0.54	0.07283
GO:0043374	CD8-positive, alpha-beta T cell differen...	2	2	0.54	0.07283
GO:0043589	skin morphogenesis	2	2	0.54	0.07283
GO:0044030	regulation of DNA methylation	2	2	0.54	0.07283
GO:0044752	response to human chorionic gonadotropin	2	2	0.54	0.07283
GO:0045671	negative regulation of osteoclast differ...	2	2	0.54	0.07283
GO:0045685	regulation of glial cell differentiation	2	2	0.54	0.07283
GO:0045687	positive regulation of glial cell differ...	2	2	0.54	0.07283
GO:0045741	positive regulation of epidermal growth ...	2	2	0.54	0.07283
GO:0046054	dGMP metabolic process	2	2	0.54	0.07283
GO:0046066	dGDP metabolic process	2	2	0.54	0.07283
GO:0046108	uridine metabolic process	2	2	0.54	0.07283
GO:0046109	uridine biosynthetic process	2	2	0.54	0.07283
GO:0046600	negative regulation of centriole replica...	2	2	0.54	0.07283
GO:0046711	GDP biosynthetic process	2	2	0.54	0.07283
GO:0048143	astrocyte activation	2	2	0.54	0.07283
GO:0048627	myoblast development	2	2	0.54	0.07283
GO:0048713	regulation of oligodendrocyte differenti...	2	2	0.54	0.07283
GO:0048714	positive regulation of oligodendrocyte d...	2	2	0.54	0.07283
GO:0050710	negative regulation of cytokine secretio...	2	2	0.54	0.07283
GO:0050892	intestinal absorption	2	2	0.54	0.07283
GO:0051563	smooth endoplasmic reticulum calcium ion...	2	2	0.54	0.07283
GO:0051582	positive regulation of neurotransmitter ...	2	2	0.54	0.07283
GO:0060101	negative regulation of phagocytosis, eng...	2	2	0.54	0.07283
GO:0060194	regulation of antisense RNA transcriptio...	2	2	0.54	0.07283
GO:0060443	mammary gland morphogenesis	2	2	0.54	0.07283
GO:0070278	extracellular matrix constituent secreti...	2	2	0.54	0.07283
GO:0070476	rRNA (guanine-N7)-methylation	2	2	0.54	0.07283
GO:0070884	regulation of calcineurin-NFAT signaling...	2	2	0.54	0.07283
GO:0070995	NADPH oxidation	2	2	0.54	0.07283
GO:0071280	cellular response to copper ion	2	2	0.54	0.07283
GO:0071586	CAAX-box protein processing	2	2	0.54	0.07283
GO:0071619	phosphorylation of RNA polymerase II C-t...	2	2	0.54	0.07283
GO:0072537	fibroblast activation	2	2	0.54	0.07283
GO:0072615	interleukin-17 secretion	2	2	0.54	0.07283
GO:0080120	CAAX-box protein maturation	2	2	0.54	0.07283
GO:0085020	protein K6-linked ubiquitination	2	2	0.54	0.07283
GO:0090414	molybdate ion export from vacuole	2	2	0.54	0.07283
GO:0090647	modulation of age-related behavioral dec...	2	2	0.54	0.07283
GO:0097028	dendritic cell differentiation	2	2	0.54	0.07283
GO:0097339	glycolate transmembrane transport	2	2	0.54	0.07283
GO:0097530	granulocyte migration	2	2	0.54	0.07283
GO:0098751	bone cell development	2	2	0.54	0.07283
GO:0098856	intestinal lipid absorption	2	2	0.54	0.07283
GO:0099403	maintenance of mitotic sister chromatid ...	2	2	0.54	0.07283
GO:0099404	mitotic sister chromatid cohesion, telom...	2	2	0.54	0.07283
GO:0101030	tRNA-guanine transglycosylation	2	2	0.54	0.07283
GO:0106056	regulation of calcineurin-mediated signa...	2	2	0.54	0.07283
GO:0110025	DNA strand resection involved in replica...	2	2	0.54	0.07283
GO:1900036	positive regulation of cellular response...	2	2	0.54	0.07283
GO:1900112	regulation of histone H3-K9 trimethylati...	2	2	0.54	0.07283
GO:1900483	regulation of protein targeting to vacuo...	2	2	0.54	0.07283
GO:1900745	positive regulation of p38MAPK cascade	2	2	0.54	0.07283
GO:1900866	glycolate transport	2	2	0.54	0.07283
GO:1901072	glucosamine-containing compound cataboli...	2	2	0.54	0.07283
GO:1901409	positive regulation of phosphorylation o...	2	2	0.54	0.07283
GO:1901569	fatty acid derivative catabolic process	2	2	0.54	0.07283
GO:1901580	regulation of telomeric RNA transcriptio...	2	2	0.54	0.07283
GO:1901581	negative regulation of telomeric RNA tra...	2	2	0.54	0.07283
GO:1901582	positive regulation of telomeric RNA tra...	2	2	0.54	0.07283
GO:1901738	regulation of vitamin A metabolic proces...	2	2	0.54	0.07283
GO:1901975	glycerate transmembrane transport	2	2	0.54	0.07283
GO:1902043	positive regulation of extrinsic apoptot...	2	2	0.54	0.07283
GO:1902177	positive regulation of oxidative stress-...	2	2	0.54	0.07283
GO:1902237	positive regulation of endoplasmic retic...	2	2	0.54	0.07283
GO:1902645	tertiary alcohol biosynthetic process	2	2	0.54	0.07283
GO:1902990	mitotic telomere maintenance via semi-co...	2	2	0.54	0.07283
GO:1903011	negative regulation of bone development	2	2	0.54	0.07283
GO:1903209	positive regulation of oxidative stress-...	2	2	0.54	0.07283
GO:1903223	positive regulation of oxidative stress-...	2	2	0.54	0.07283
GO:1903361	protein localization to basolateral plas...	2	2	0.54	0.07283
GO:1903376	regulation of oxidative stress-induced n...	2	2	0.54	0.07283
GO:1903378	positive regulation of oxidative stress-...	2	2	0.54	0.07283
GO:1903469	removal of RNA primer involved in mitoti...	2	2	0.54	0.07283
GO:1903593	regulation of histamine secretion by mas...	2	2	0.54	0.07283
GO:1903595	positive regulation of histamine secreti...	2	2	0.54	0.07283
GO:1904217	regulation of CDP-diacylglycerol-serine ...	2	2	0.54	0.07283
GO:1904219	positive regulation of CDP-diacylglycero...	2	2	0.54	0.07283
GO:1904220	regulation of serine C-palmitoyltransfer...	2	2	0.54	0.07283
GO:1904222	positive regulation of serine C-palmitoy...	2	2	0.54	0.07283
GO:1904478	regulation of intestinal absorption	2	2	0.54	0.07283
GO:1904729	regulation of intestinal lipid absorptio...	2	2	0.54	0.07283
GO:1904796	regulation of core promoter binding	2	2	0.54	0.07283
GO:1904797	negative regulation of core promoter bin...	2	2	0.54	0.07283
GO:1904907	regulation of maintenance of mitotic sis...	2	2	0.54	0.07283
GO:1904908	negative regulation of maintenance of mi...	2	2	0.54	0.07283
GO:1905076	regulation of interleukin-17 secretion	2	2	0.54	0.07283
GO:1905077	negative regulation of interleukin-17 se...	2	2	0.54	0.07283
GO:1905098	negative regulation of guanyl-nucleotide...	2	2	0.54	0.07283
GO:1905154	negative regulation of membrane invagina...	2	2	0.54	0.07283
GO:1905906	regulation of amyloid fibril formation	2	2	0.54	0.07283
GO:1905908	positive regulation of amyloid fibril fo...	2	2	0.54	0.07283
GO:1990266	neutrophil migration	2	2	0.54	0.07283
GO:1990918	double-strand break repair involved in m...	2	2	0.54	0.07283
GO:2000179	positive regulation of neural precursor ...	2	2	0.54	0.07283
GO:2000489	regulation of hepatic stellate cell acti...	2	2	0.54	0.07283
GO:2000491	positive regulation of hepatic stellate ...	2	2	0.54	0.07283
GO:2001204	regulation of osteoclast development	2	2	0.54	0.07283
GO:2001205	negative regulation of osteoclast develo...	2	2	0.54	0.07283
GO:0019752	carboxylic acid metabolic process	405	122	109.34	0.07377
GO:0044093	positive regulation of molecular functio...	289	89	78.03	0.07410
GO:0001933	negative regulation of protein phosphory...	61	22	16.47	0.07425
GO:0045017	glycerolipid biosynthetic process	61	22	16.47	0.07425
GO:0045165	cell fate commitment	74	26	19.98	0.07433
GO:0002168	instar larval development	12	6	3.24	0.07565
GO:0006040	amino sugar metabolic process	12	6	3.24	0.07565
GO:0042451	purine nucleoside biosynthetic process	12	6	3.24	0.07565
GO:0046129	purine ribonucleoside biosynthetic proce...	12	6	3.24	0.07565
GO:0060918	auxin transport	12	6	3.24	0.07565
GO:0071804	cellular potassium ion transport	12	6	3.24	0.07565
GO:0071805	potassium ion transmembrane transport	12	6	3.24	0.07565
GO:0008593	regulation of Notch signaling pathway	39	15	10.53	0.07806
GO:0034968	histone lysine methylation	39	15	10.53	0.07806
GO:0002366	leukocyte activation involved in immune ...	81	28	21.87	0.07906
GO:0010565	regulation of cellular ketone metabolic ...	36	14	9.72	0.08005
GO:0007097	nuclear migration	15	7	4.05	0.08116
GO:0009606	tropism	15	7	4.05	0.08116
GO:0030879	mammary gland development	15	7	4.05	0.08116
GO:0042552	myelination	15	7	4.05	0.08116
GO:0051647	nucleus localization	15	7	4.05	0.08116
GO:0070206	protein trimerization	15	7	4.05	0.08116
GO:0048608	reproductive structure development	238	74	64.26	0.08167
GO:0006721	terpenoid metabolic process	30	12	8.1	0.08344
GO:1901568	fatty acid derivative metabolic process	30	12	8.1	0.08344
GO:0009791	post-embryonic development	361	109	97.46	0.08346
GO:0042326	negative regulation of phosphorylation	65	23	17.55	0.08361
GO:0009250	glucan biosynthetic process	18	8	4.86	0.08405
GO:0010507	negative regulation of autophagy	18	8	4.86	0.08405
GO:2000104	negative regulation of DNA-dependent DNA...	18	8	4.86	0.08405
GO:0007405	neuroblast proliferation	27	11	7.29	0.08465
GO:1904356	regulation of telomere maintenance via t...	27	11	7.29	0.08465
GO:0032206	positive regulation of telomere maintena...	24	10	6.48	0.08533
GO:1990823	response to leukemia inhibitory factor	24	10	6.48	0.08533
GO:1990830	cellular response to leukemia inhibitory...	24	10	6.48	0.08533
GO:0043549	regulation of kinase activity	115	38	31.05	0.08562
GO:0098656	anion transmembrane transport	105	35	28.35	0.08649
GO:0060249	anatomical structure homeostasis	122	40	32.94	0.08798
GO:0061458	reproductive system development	239	74	64.53	0.08828
GO:0034284	response to monosaccharide	46	17	12.42	0.08882
GO:0000050	urea cycle	7	4	1.89	0.09025
GO:0000492	box C/D snoRNP assembly	7	4	1.89	0.09025
GO:0000733	DNA strand renaturation	7	4	1.89	0.09025
GO:0006207	'de novo' pyrimidine nucleobase biosynth...	7	4	1.89	0.09025
GO:0006290	pyrimidine dimer repair	7	4	1.89	0.09025
GO:0006884	cell volume homeostasis	7	4	1.89	0.09025
GO:0009095	aromatic amino acid family biosynthetic ...	7	4	1.89	0.09025
GO:0010114	response to red light	7	4	1.89	0.09025
GO:0014072	response to isoquinoline alkaloid	7	4	1.89	0.09025
GO:0019856	pyrimidine nucleobase biosynthetic proce...	7	4	1.89	0.09025
GO:0034486	vacuolar transmembrane transport	7	4	1.89	0.09025
GO:0040034	regulation of development, heterochronic	7	4	1.89	0.09025
GO:0043278	response to morphine	7	4	1.89	0.09025
GO:0043981	histone H4-K5 acetylation	7	4	1.89	0.09025
GO:0046426	negative regulation of JAK-STAT cascade	7	4	1.89	0.09025
GO:0048506	regulation of timing of meristematic pha...	7	4	1.89	0.09025
GO:0048510	regulation of timing of transition from ...	7	4	1.89	0.09025
GO:0048767	root hair elongation	7	4	1.89	0.09025
GO:0051274	beta-glucan biosynthetic process	7	4	1.89	0.09025
GO:0051570	regulation of histone H3-K9 methylation	7	4	1.89	0.09025
GO:0051965	positive regulation of synapse assembly	7	4	1.89	0.09025
GO:0070203	regulation of establishment of protein l...	7	4	1.89	0.09025
GO:0070207	protein homotrimerization	7	4	1.89	0.09025
GO:0071514	genetic imprinting	7	4	1.89	0.09025
GO:0080147	root hair cell development	7	4	1.89	0.09025
GO:1904851	positive regulation of establishment of ...	7	4	1.89	0.09025
GO:1904893	negative regulation of STAT cascade	7	4	1.89	0.09025
GO:2000677	regulation of transcription regulatory r...	7	4	1.89	0.09025
GO:0071897	DNA biosynthetic process	109	36	29.43	0.09303
GO:0050790	regulation of catalytic activity	374	112	100.97	0.09689
GO:0006261	DNA-dependent DNA replication	106	35	28.62	0.09700
GO:0006520	cellular amino acid metabolic process	202	63	54.54	0.09735
GO:0009651	response to salt stress	113	37	30.51	0.09962
GO:0042327	positive regulation of phosphorylation	113	37	30.51	0.09962
GO:0070201	regulation of establishment of protein l...	103	34	27.81	0.10115
GO:0001510	RNA methylation	34	13	9.18	0.10116
GO:0006865	amino acid transport	34	13	9.18	0.10116
GO:0019318	hexose metabolic process	50	18	13.5	0.10165
GO:0007586	digestion	10	5	2.7	0.10332
GO:0009453	energy taxis	10	5	2.7	0.10332
GO:0009561	megagametogenesis	10	5	2.7	0.10332
GO:0010029	regulation of seed germination	10	5	2.7	0.10332
GO:0010224	response to UV-B	10	5	2.7	0.10332
GO:0016078	tRNA catabolic process	10	5	2.7	0.10332
GO:0022600	digestive system process	10	5	2.7	0.10332
GO:0031062	positive regulation of histone methylati...	10	5	2.7	0.10332
GO:0032196	transposition	10	5	2.7	0.10332
GO:0034088	maintenance of mitotic sister chromatid ...	10	5	2.7	0.10332
GO:0034367	protein-containing complex remodeling	10	5	2.7	0.10332
GO:0042331	phototaxis	10	5	2.7	0.10332
GO:0043555	regulation of translation in response to...	10	5	2.7	0.10332
GO:0044011	single-species biofilm formation on inan...	10	5	2.7	0.10332
GO:0048255	mRNA stabilization	10	5	2.7	0.10332
GO:0070200	establishment of protein localization to...	10	5	2.7	0.10332
GO:0071941	nitrogen cycle metabolic process	10	5	2.7	0.10332
GO:1900140	regulation of seedling development	10	5	2.7	0.10332
GO:1902373	negative regulation of mRNA catabolic pr...	10	5	2.7	0.10332
GO:0080135	regulation of cellular response to stres...	151	48	40.77	0.10432
GO:0031401	positive regulation of protein modificat...	158	50	42.66	0.10547
GO:0051241	negative regulation of multicellular org...	117	38	31.59	0.10625
GO:0003333	amino acid transmembrane transport	28	11	7.56	0.10683
GO:0010332	response to gamma radiation	28	11	7.56	0.10683
GO:0090351	seedling development	28	11	7.56	0.10683
GO:0044283	small molecule biosynthetic process	365	109	98.54	0.10695
GO:0034198	cellular response to amino acid starvati...	25	10	6.75	0.10923
GO:0090316	positive regulation of intracellular pro...	25	10	6.75	0.10923
GO:2000765	regulation of cytoplasmic translation	25	10	6.75	0.10923
GO:0006206	pyrimidine nucleobase metabolic process	13	6	3.51	0.10947
GO:0019236	response to pheromone	13	6	3.51	0.10947
GO:0030336	negative regulation of cell migration	13	6	3.51	0.10947
GO:0036180	filamentous growth of a population of un...	13	6	3.51	0.10947
GO:0042026	protein refolding	13	6	3.51	0.10947
GO:0042276	error-prone translesion synthesis	13	6	3.51	0.10947
GO:0042537	benzene-containing compound metabolic pr...	13	6	3.51	0.10947
GO:0042755	eating behavior	13	6	3.51	0.10947
GO:0045739	positive regulation of DNA repair	13	6	3.51	0.10947
GO:0051271	negative regulation of cellular componen...	13	6	3.51	0.10947
GO:0071444	cellular response to pheromone	13	6	3.51	0.10947
GO:2000146	negative regulation of cell motility	13	6	3.51	0.10947
GO:0051603	proteolysis involved in cellular protein...	242	74	65.34	0.11034
GO:0015718	monocarboxylic acid transport	22	9	5.94	0.11111
GO:0043406	positive regulation of MAP kinase activi...	22	9	5.94	0.11111
GO:0052173	response to defenses of other organism i...	22	9	5.94	0.11111
GO:0052200	response to host defenses	22	9	5.94	0.11111
GO:0075136	response to host	22	9	5.94	0.11111
GO:0000187	activation of MAPK activity	16	7	4.32	0.11190
GO:0001906	cell killing	16	7	4.32	0.11190
GO:0031167	rRNA methylation	16	7	4.32	0.11190
GO:0032104	regulation of response to extracellular ...	16	7	4.32	0.11190
GO:0032107	regulation of response to nutrient level...	16	7	4.32	0.11190
GO:0070199	establishment of protein localization to...	16	7	4.32	0.11190
GO:0070481	nuclear-transcribed mRNA catabolic proce...	16	7	4.32	0.11190
GO:1904589	regulation of protein import	16	7	4.32	0.11190
GO:0070848	response to growth factor	77	26	20.79	0.11193
GO:0071363	cellular response to growth factor stimu...	77	26	20.79	0.11193
GO:0010001	glial cell differentiation	19	8	5.13	0.11217
GO:0010883	regulation of lipid storage	19	8	5.13	0.11217
GO:0052509	positive regulation by symbiont of host ...	19	8	5.13	0.11217
GO:0052510	positive regulation by organism of defen...	19	8	5.13	0.11217
GO:0044281	small molecule metabolic process	736	212	198.71	0.11357
GO:0031399	regulation of protein modification proce...	267	81	72.09	0.11364
GO:0009116	nucleoside metabolic process	54	19	14.58	0.11437
GO:0051276	chromosome organization	477	140	128.78	0.11598
GO:0071478	cellular response to radiation	74	25	19.98	0.11685
GO:0001667	ameboidal-type cell migration	38	14	10.26	0.11847
GO:0009743	response to carbohydrate	61	21	16.47	0.12153
GO:0009895	negative regulation of catabolic process	61	21	16.47	0.12153
GO:0042770	signal transduction in response to DNA d...	35	13	9.45	0.12295
GO:0000742	karyogamy involved in conjugation with c...	5	3	1.35	0.12554
GO:0001300	chronological cell aging	5	3	1.35	0.12554
GO:0001837	epithelial to mesenchymal transition	5	3	1.35	0.12554
GO:0002228	natural killer cell mediated immunity	5	3	1.35	0.12554
GO:0002762	negative regulation of myeloid leukocyte...	5	3	1.35	0.12554
GO:0006183	GTP biosynthetic process	5	3	1.35	0.12554
GO:0006582	melanin metabolic process	5	3	1.35	0.12554
GO:0006662	glycerol ether metabolic process	5	3	1.35	0.12554
GO:0006727	ommochrome biosynthetic process	5	3	1.35	0.12554
GO:0006978	DNA damage response, signal transduction...	5	3	1.35	0.12554
GO:0007039	protein catabolic process in the vacuole	5	3	1.35	0.12554
GO:0007175	negative regulation of epidermal growth ...	5	3	1.35	0.12554
GO:0007494	midgut development	5	3	1.35	0.12554
GO:0008055	ocellus pigment biosynthetic process	5	3	1.35	0.12554
GO:0008611	ether lipid biosynthetic process	5	3	1.35	0.12554
GO:0008655	pyrimidine-containing compound salvage	5	3	1.35	0.12554
GO:0009713	catechol-containing compound biosyntheti...	5	3	1.35	0.12554
GO:0010676	positive regulation of cellular carbohyd...	5	3	1.35	0.12554
GO:0014015	positive regulation of gliogenesis	5	3	1.35	0.12554
GO:0019405	alditol catabolic process	5	3	1.35	0.12554
GO:0019563	glycerol catabolic process	5	3	1.35	0.12554
GO:0030318	melanocyte differentiation	5	3	1.35	0.12554
GO:0030511	positive regulation of transforming grow...	5	3	1.35	0.12554
GO:0031120	snRNA pseudouridine synthesis	5	3	1.35	0.12554
GO:0031135	negative regulation of conjugation	5	3	1.35	0.12554
GO:0031138	negative regulation of conjugation with ...	5	3	1.35	0.12554
GO:0031150	sorocarp stalk development	5	3	1.35	0.12554
GO:0031529	ruffle organization	5	3	1.35	0.12554
GO:0031641	regulation of myelination	5	3	1.35	0.12554
GO:0032094	response to food	5	3	1.35	0.12554
GO:0032197	transposition, RNA-mediated	5	3	1.35	0.12554
GO:0033060	ocellus pigmentation	5	3	1.35	0.12554
GO:0035076	ecdysone receptor-mediated signaling pat...	5	3	1.35	0.12554
GO:0035694	mitochondrial protein catabolic process	5	3	1.35	0.12554
GO:0035710	CD4-positive, alpha-beta T cell activati...	5	3	1.35	0.12554
GO:0035753	maintenance of DNA trinucleotide repeats	5	3	1.35	0.12554
GO:0042267	natural killer cell mediated cytotoxicit...	5	3	1.35	0.12554
GO:0042416	dopamine biosynthetic process	5	3	1.35	0.12554
GO:0042423	catecholamine biosynthetic process	5	3	1.35	0.12554
GO:0042438	melanin biosynthetic process	5	3	1.35	0.12554
GO:0042772	DNA damage response, signal transduction...	5	3	1.35	0.12554
GO:0043052	thermotaxis	5	3	1.35	0.12554
GO:0043174	nucleoside salvage	5	3	1.35	0.12554
GO:0045947	negative regulation of translational ini...	5	3	1.35	0.12554
GO:0046152	ommochrome metabolic process	5	3	1.35	0.12554
GO:0046158	ocellus pigment metabolic process	5	3	1.35	0.12554
GO:0046485	ether lipid metabolic process	5	3	1.35	0.12554
GO:0046504	glycerol ether biosynthetic process	5	3	1.35	0.12554
GO:0048286	lung alveolus development	5	3	1.35	0.12554
GO:0050818	regulation of coagulation	5	3	1.35	0.12554
GO:0051195	negative regulation of cofactor metaboli...	5	3	1.35	0.12554
GO:0051238	sequestering of metal ion	5	3	1.35	0.12554
GO:0051340	regulation of ligase activity	5	3	1.35	0.12554
GO:0051571	positive regulation of histone H3-K4 met...	5	3	1.35	0.12554
GO:0061099	negative regulation of protein tyrosine ...	5	3	1.35	0.12554
GO:0071371	cellular response to gonadotropin stimul...	5	3	1.35	0.12554
GO:0071372	cellular response to follicle-stimulatin...	5	3	1.35	0.12554
GO:0071474	cellular hyperosmotic response	5	3	1.35	0.12554
GO:0071475	cellular hyperosmotic salinity response	5	3	1.35	0.12554
GO:0071825	protein-lipid complex subunit organizati...	5	3	1.35	0.12554
GO:0090208	positive regulation of triglyceride meta...	5	3	1.35	0.12554
GO:0090239	regulation of histone H4 acetylation	5	3	1.35	0.12554
GO:0090666	scaRNA localization to Cajal body	5	3	1.35	0.12554
GO:1901004	ubiquinone-6 metabolic process	5	3	1.35	0.12554
GO:1901006	ubiquinone-6 biosynthetic process	5	3	1.35	0.12554
GO:1901407	regulation of phosphorylation of RNA pol...	5	3	1.35	0.12554
GO:1901503	ether biosynthetic process	5	3	1.35	0.12554
GO:1901977	negative regulation of cell cycle checkp...	5	3	1.35	0.12554
GO:1902106	negative regulation of leukocyte differe...	5	3	1.35	0.12554
GO:1903846	positive regulation of cellular response...	5	3	1.35	0.12554
GO:1903961	positive regulation of anion transmembra...	5	3	1.35	0.12554
GO:1904748	regulation of apoptotic process involved...	5	3	1.35	0.12554
GO:1904872	regulation of telomerase RNA localizatio...	5	3	1.35	0.12554
GO:2000001	regulation of DNA damage checkpoint	5	3	1.35	0.12554
GO:0043408	regulation of MAPK cascade	58	20	15.66	0.12691
GO:0043393	regulation of protein binding	32	12	8.64	0.12749
GO:0043487	regulation of RNA stability	32	12	8.64	0.12749
GO:0001934	positive regulation of protein phosphory...	95	31	25.65	0.12838
GO:0071902	positive regulation of protein serine/th...	45	16	12.15	0.12968
GO:0006259	DNA metabolic process	440	129	118.79	0.13126
GO:0018108	peptidyl-tyrosine phosphorylation	29	11	7.83	0.13205
GO:0018212	peptidyl-tyrosine modification	29	11	7.83	0.13205
GO:0006974	cellular response to DNA damage stimulus	358	106	96.65	0.13234
GO:1901800	positive regulation of proteasomal prote...	75	25	20.25	0.13240
GO:1903052	positive regulation of proteolysis invol...	75	25	20.25	0.13240
GO:1903364	positive regulation of cellular protein ...	75	25	20.25	0.13240
GO:0030334	regulation of cell migration	65	22	17.55	0.13320
GO:0090304	nucleic acid metabolic process	1156	326	312.1	0.13377
GO:1902533	positive regulation of intracellular sig...	92	30	24.84	0.13403
GO:0006301	postreplication repair	42	15	11.34	0.13526
GO:1903322	positive regulation of protein modificat...	42	15	11.34	0.13526
GO:0008152	metabolic process	2736	749	738.68	0.13628
GO:0007064	mitotic sister chromatid cohesion	26	10	7.02	0.13653
GO:0019217	regulation of fatty acid metabolic proce...	26	10	7.02	0.13653
GO:0031398	positive regulation of protein ubiquitin...	26	10	7.02	0.13653
GO:0043928	exonucleolytic nuclear-transcribed mRNA ...	26	10	7.02	0.13653
GO:0045596	negative regulation of cell differentiat...	72	24	19.44	0.13838
GO:1901657	glycosyl compound metabolic process	72	24	19.44	0.13838
GO:0071482	cellular response to light stimulus	52	18	14.04	0.13854
GO:0044257	cellular protein catabolic process	256	77	69.12	0.13959
GO:0034660	ncRNA metabolic process	359	106	96.92	0.13995
GO:0008652	cellular amino acid biosynthetic process	89	29	24.03	0.13997
GO:0009793	embryo development ending in seed dorman...	89	29	24.03	0.13997
GO:0015807	L-amino acid transport	23	9	6.21	0.14082
GO:0090092	regulation of transmembrane receptor pro...	23	9	6.21	0.14082
GO:0090329	regulation of DNA-dependent DNA replicat...	39	14	10.53	0.14110
GO:0045859	regulation of protein kinase activity	113	36	30.51	0.14119
GO:0000349	generation of catalytic spliceosome for ...	8	4	2.16	0.14303
GO:0000350	generation of catalytic spliceosome for ...	8	4	2.16	0.14303
GO:0000491	small nucleolar ribonucleoprotein comple...	8	4	2.16	0.14303
GO:0001764	neuron migration	8	4	2.16	0.14303
GO:0001938	positive regulation of endothelial cell ...	8	4	2.16	0.14303
GO:0002832	negative regulation of response to bioti...	8	4	2.16	0.14303
GO:0005978	glycogen biosynthetic process	8	4	2.16	0.14303
GO:0006465	signal peptide processing	8	4	2.16	0.14303
GO:0006591	ornithine metabolic process	8	4	2.16	0.14303
GO:0010087	phloem or xylem histogenesis	8	4	2.16	0.14303
GO:0010962	regulation of glucan biosynthetic proces...	8	4	2.16	0.14303
GO:0035270	endocrine system development	8	4	2.16	0.14303
GO:0035307	positive regulation of protein dephospho...	8	4	2.16	0.14303
GO:0035337	fatty-acyl-CoA metabolic process	8	4	2.16	0.14303
GO:0035542	regulation of SNARE complex assembly	8	4	2.16	0.14303
GO:0042771	intrinsic apoptotic signaling pathway in...	8	4	2.16	0.14303
GO:0044416	induction by symbiont of host defense re...	8	4	2.16	0.14303
GO:0046174	polyol catabolic process	8	4	2.16	0.14303
GO:0046662	regulation of oviposition	8	4	2.16	0.14303
GO:0051590	positive regulation of neurotransmitter ...	8	4	2.16	0.14303
GO:0051666	actin cortical patch localization	8	4	2.16	0.14303
GO:0052251	induction by organism of defense respons...	8	4	2.16	0.14303
GO:0055081	anion homeostasis	8	4	2.16	0.14303
GO:0055092	sterol homeostasis	8	4	2.16	0.14303
GO:0070050	neuron cellular homeostasis	8	4	2.16	0.14303
GO:0070371	ERK1 and ERK2 cascade	8	4	2.16	0.14303
GO:0070372	regulation of ERK1 and ERK2 cascade	8	4	2.16	0.14303
GO:1904816	positive regulation of protein localizat...	8	4	2.16	0.14303
GO:0031349	positive regulation of defense response	69	23	18.63	0.14468
GO:0000413	protein peptidyl-prolyl isomerization	20	8	5.4	0.14471
GO:0009639	response to red or far red light	20	8	5.4	0.14471
GO:0010469	regulation of signaling receptor activit...	20	8	5.4	0.14471
GO:0010632	regulation of epithelial cell migration	20	8	5.4	0.14471
GO:0051568	histone H3-K4 methylation	20	8	5.4	0.14471
GO:0051972	regulation of telomerase activity	20	8	5.4	0.14471
GO:0072384	organelle transport along microtubule	20	8	5.4	0.14471
GO:0005996	monosaccharide metabolic process	59	20	15.93	0.14562
GO:0007602	phototransduction	17	7	4.59	0.14786
GO:0009583	detection of light stimulus	17	7	4.59	0.14786
GO:0016036	cellular response to phosphate starvatio...	17	7	4.59	0.14786
GO:0043255	regulation of carbohydrate biosynthetic ...	17	7	4.59	0.14786
GO:0051443	positive regulation of ubiquitin-protein...	17	7	4.59	0.14786
GO:0001909	leukocyte mediated cytotoxicity	11	5	2.97	0.14888
GO:0001935	endothelial cell proliferation	11	5	2.97	0.14888
GO:0006526	arginine biosynthetic process	11	5	2.97	0.14888
GO:0009630	gravitropism	11	5	2.97	0.14888
GO:0010042	response to manganese ion	11	5	2.97	0.14888
GO:0033363	secretory granule organization	11	5	2.97	0.14888
GO:0034086	maintenance of sister chromatid cohesion	11	5	2.97	0.14888
GO:0035822	gene conversion	11	5	2.97	0.14888
GO:0042059	negative regulation of epidermal growth ...	11	5	2.97	0.14888
GO:0042769	DNA damage response, detection of DNA da...	11	5	2.97	0.14888
GO:0043392	negative regulation of DNA binding	11	5	2.97	0.14888
GO:0043489	RNA stabilization	11	5	2.97	0.14888
GO:0046339	diacylglycerol metabolic process	11	5	2.97	0.14888
GO:0046940	nucleoside monophosphate phosphorylation	11	5	2.97	0.14888
GO:1901185	negative regulation of ERBB signaling pa...	11	5	2.97	0.14888
GO:1901216	positive regulation of neuron death	11	5	2.97	0.14888
GO:1902369	negative regulation of RNA catabolic pro...	11	5	2.97	0.14888
GO:1903533	regulation of protein targeting	11	5	2.97	0.14888
GO:2001244	positive regulation of intrinsic apoptot...	11	5	2.97	0.14888
GO:0006289	nucleotide-excision repair	76	25	20.52	0.14913
GO:0009909	regulation of flower development	14	6	3.78	0.14964
GO:0010165	response to X-ray	14	6	3.78	0.14964
GO:0031136	positive regulation of conjugation	14	6	3.78	0.14964
GO:0031139	positive regulation of conjugation with ...	14	6	3.78	0.14964
GO:0031338	regulation of vesicle fusion	14	6	3.78	0.14964
GO:0046320	regulation of fatty acid oxidation	14	6	3.78	0.14964
GO:0050851	antigen receptor-mediated signaling path...	14	6	3.78	0.14964
GO:0050852	T cell receptor signaling pathway	14	6	3.78	0.14964
GO:0070816	phosphorylation of RNA polymerase II C-t...	14	6	3.78	0.14964
GO:1902975	mitotic DNA replication initiation	14	6	3.78	0.14964
GO:0090130	tissue migration	33	12	8.91	0.15356
GO:2000145	regulation of cell motility	73	24	19.71	0.15596
GO:1901576	organic substance biosynthetic process	1507	420	406.87	0.15728
GO:0006643	membrane lipid metabolic process	63	21	17.01	0.15836
GO:0002757	immune response-activating signal transd...	30	11	8.1	0.16019
GO:0002764	immune response-regulating signaling pat...	30	11	8.1	0.16019
GO:0006109	regulation of carbohydrate metabolic pro...	30	11	8.1	0.16019
GO:0006909	phagocytosis	40	14	10.8	0.16592
GO:0050795	regulation of behavior	27	10	7.29	0.16705
GO:1990928	response to amino acid starvation	27	10	7.29	0.16705
GO:2000573	positive regulation of DNA biosynthetic ...	27	10	7.29	0.16705
GO:0002443	leukocyte mediated immunity	84	27	22.68	0.17011
GO:0043632	modification-dependent macromolecule cat...	231	69	62.37	0.17239
GO:0000212	meiotic spindle organization	24	9	6.48	0.17411
GO:0018208	peptidyl-proline modification	24	9	6.48	0.17411
GO:0019098	reproductive behavior	24	9	6.48	0.17411
GO:0009119	ribonucleoside metabolic process	47	16	12.69	0.17511
GO:0010563	negative regulation of phosphorus metabo...	81	26	21.87	0.17786
GO:0045936	negative regulation of phosphate metabol...	81	26	21.87	0.17786
GO:0001932	regulation of protein phosphorylation	168	51	45.36	0.17878
GO:0000186	activation of MAPKK activity	3	2	0.81	0.17923
GO:0000451	rRNA 2'-O-methylation	3	2	0.81	0.17923
GO:0001523	retinoid metabolic process	3	2	0.81	0.17923
GO:0001711	endodermal cell fate commitment	3	2	0.81	0.17923
GO:0001919	regulation of receptor recycling	3	2	0.81	0.17923
GO:0001952	regulation of cell-matrix adhesion	3	2	0.81	0.17923
GO:0002287	alpha-beta T cell activation involved in...	3	2	0.81	0.17923
GO:0002292	T cell differentiation involved in immun...	3	2	0.81	0.17923
GO:0002293	alpha-beta T cell differentiation involv...	3	2	0.81	0.17923
GO:0002294	CD4-positive, alpha-beta T cell differen...	3	2	0.81	0.17923
GO:0006000	fructose metabolic process	3	2	0.81	0.17923
GO:0006166	purine ribonucleoside salvage	3	2	0.81	0.17923
GO:0006266	DNA ligation	3	2	0.81	0.17923
GO:0006311	meiotic gene conversion	3	2	0.81	0.17923
GO:0006425	glutaminyl-tRNA aminoacylation	3	2	0.81	0.17923
GO:0006428	isoleucyl-tRNA aminoacylation	3	2	0.81	0.17923
GO:0006509	membrane protein ectodomain proteolysis	3	2	0.81	0.17923
GO:0006522	alanine metabolic process	3	2	0.81	0.17923
GO:0006533	aspartate catabolic process	3	2	0.81	0.17923
GO:0006585	dopamine biosynthetic process from tyros...	3	2	0.81	0.17923
GO:0006684	sphingomyelin metabolic process	3	2	0.81	0.17923
GO:0006880	intracellular sequestering of iron ion	3	2	0.81	0.17923
GO:0007329	positive regulation of transcription fro...	3	2	0.81	0.17923
GO:0007398	ectoderm development	3	2	0.81	0.17923
GO:0009078	pyruvate family amino acid metabolic pro...	3	2	0.81	0.17923
GO:0009097	isoleucine biosynthetic process	3	2	0.81	0.17923
GO:0009098	leucine biosynthetic process	3	2	0.81	0.17923
GO:0009136	purine nucleoside diphosphate biosynthet...	3	2	0.81	0.17923
GO:0009153	purine deoxyribonucleotide biosynthetic ...	3	2	0.81	0.17923
GO:0009180	purine ribonucleoside diphosphate biosyn...	3	2	0.81	0.17923
GO:0009188	ribonucleoside diphosphate biosynthetic ...	3	2	0.81	0.17923
GO:0009371	positive regulation of transcription by ...	3	2	0.81	0.17923
GO:0009395	phospholipid catabolic process	3	2	0.81	0.17923
GO:0009407	toxin catabolic process	3	2	0.81	0.17923
GO:0009443	pyridoxal 5'-phosphate salvage	3	2	0.81	0.17923
GO:0009955	adaxial/abaxial pattern specification	3	2	0.81	0.17923
GO:0010030	positive regulation of seed germination	3	2	0.81	0.17923
GO:0010235	guard mother cell cytokinesis	3	2	0.81	0.17923
GO:0010571	positive regulation of nuclear cell cycl...	3	2	0.81	0.17923
GO:0010573	vascular endothelial growth factor produ...	3	2	0.81	0.17923
GO:0010574	regulation of vascular endothelial growt...	3	2	0.81	0.17923
GO:0010633	negative regulation of epithelial cell m...	3	2	0.81	0.17923
GO:0010812	negative regulation of cell-substrate ad...	3	2	0.81	0.17923
GO:0015677	copper ion import	3	2	0.81	0.17923
GO:0015828	tyrosine transport	3	2	0.81	0.17923
GO:0015977	carbon fixation	3	2	0.81	0.17923
GO:0016080	synaptic vesicle targeting	3	2	0.81	0.17923
GO:0016558	protein import into peroxisome matrix	3	2	0.81	0.17923
GO:0019253	reductive pentose-phosphate cycle	3	2	0.81	0.17923
GO:0019685	photosynthesis, dark reaction	3	2	0.81	0.17923
GO:0019889	pteridine metabolic process	3	2	0.81	0.17923
GO:0021680	cerebellar Purkinje cell layer developme...	3	2	0.81	0.17923
GO:0030026	cellular manganese ion homeostasis	3	2	0.81	0.17923
GO:0030243	cellulose metabolic process	3	2	0.81	0.17923
GO:0030325	adrenal gland development	3	2	0.81	0.17923
GO:0031001	response to brefeldin A	3	2	0.81	0.17923
GO:0031293	membrane protein intracellular domain pr...	3	2	0.81	0.17923
GO:0032000	positive regulation of fatty acid beta-o...	3	2	0.81	0.17923
GO:0032074	negative regulation of nuclease activity	3	2	0.81	0.17923
GO:0032469	endoplasmic reticulum calcium ion homeos...	3	2	0.81	0.17923
GO:0032889	regulation of vacuole fusion, non-autoph...	3	2	0.81	0.17923
GO:0033005	positive regulation of mast cell activat...	3	2	0.81	0.17923
GO:0033008	positive regulation of mast cell activat...	3	2	0.81	0.17923
GO:0033619	membrane protein proteolysis	3	2	0.81	0.17923
GO:0034201	response to oleic acid	3	2	0.81	0.17923
GO:0034377	plasma lipoprotein particle assembly	3	2	0.81	0.17923
GO:0034402	recruitment of 3'-end processing factors...	3	2	0.81	0.17923
GO:0034775	glutathione transmembrane transport	3	2	0.81	0.17923
GO:0035017	cuticle pattern formation	3	2	0.81	0.17923
GO:0035149	lumen formation, open tracheal system	3	2	0.81	0.17923
GO:0035293	chitin-based larval cuticle pattern form...	3	2	0.81	0.17923
GO:0035333	Notch receptor processing, ligand-depend...	3	2	0.81	0.17923
GO:0035443	tripeptide transmembrane transport	3	2	0.81	0.17923
GO:0036172	thiamine salvage	3	2	0.81	0.17923
GO:0036265	RNA (guanine-N7)-methylation	3	2	0.81	0.17923
GO:0036292	DNA rewinding	3	2	0.81	0.17923
GO:0036499	PERK-mediated unfolded protein response	3	2	0.81	0.17923
GO:0042093	T-helper cell differentiation	3	2	0.81	0.17923
GO:0042182	ketone catabolic process	3	2	0.81	0.17923
GO:0042427	serotonin biosynthetic process	3	2	0.81	0.17923
GO:0042632	cholesterol homeostasis	3	2	0.81	0.17923
GO:0042659	regulation of cell fate specification	3	2	0.81	0.17923
GO:0043060	meiotic metaphase I plate congression	3	2	0.81	0.17923
GO:0043302	positive regulation of leukocyte degranu...	3	2	0.81	0.17923
GO:0043306	positive regulation of mast cell degranu...	3	2	0.81	0.17923
GO:0044849	estrous cycle	3	2	0.81	0.17923
GO:0045058	T cell selection	3	2	0.81	0.17923
GO:0045103	intermediate filament-based process	3	2	0.81	0.17923
GO:0045104	intermediate filament cytoskeleton organ...	3	2	0.81	0.17923
GO:0045828	positive regulation of isoprenoid metabo...	3	2	0.81	0.17923
GO:0045879	negative regulation of smoothened signal...	3	2	0.81	0.17923
GO:0046838	phosphorylated carbohydrate dephosphoryl...	3	2	0.81	0.17923
GO:0046950	cellular ketone body metabolic process	3	2	0.81	0.17923
GO:0046958	nonassociative learning	3	2	0.81	0.17923
GO:0046959	habituation	3	2	0.81	0.17923
GO:0048016	inositol phosphate-mediated signaling	3	2	0.81	0.17923
GO:0048070	regulation of developmental pigmentation	3	2	0.81	0.17923
GO:0048079	regulation of cuticle pigmentation	3	2	0.81	0.17923
GO:0048219	inter-Golgi cisterna vesicle-mediated tr...	3	2	0.81	0.17923
GO:0048768	root hair cell tip growth	3	2	0.81	0.17923
GO:0050849	negative regulation of calcium-mediated ...	3	2	0.81	0.17923
GO:0051256	mitotic spindle midzone assembly	3	2	0.81	0.17923
GO:0051311	meiotic metaphase plate congression	3	2	0.81	0.17923
GO:0051598	meiotic recombination checkpoint	3	2	0.81	0.17923
GO:0051608	histamine transport	3	2	0.81	0.17923
GO:0051715	cytolysis in other organism	3	2	0.81	0.17923
GO:0055071	manganese ion homeostasis	3	2	0.81	0.17923
GO:0060065	uterus development	3	2	0.81	0.17923
GO:0060749	mammary gland alveolus development	3	2	0.81	0.17923
GO:0061083	regulation of protein refolding	3	2	0.81	0.17923
GO:0061343	cell adhesion involved in heart morphoge...	3	2	0.81	0.17923
GO:0061377	mammary gland lobule development	3	2	0.81	0.17923
GO:0061900	glial cell activation	3	2	0.81	0.17923
GO:0070509	calcium ion import	3	2	0.81	0.17923
GO:0070893	transposon integration	3	2	0.81	0.17923
GO:0071432	peptide mating pheromone maturation invo...	3	2	0.81	0.17923
GO:0071816	tail-anchored membrane protein insertion...	3	2	0.81	0.17923
GO:0071827	plasma lipoprotein particle organization	3	2	0.81	0.17923
GO:0071960	maintenance of mitotic sister chromatid ...	3	2	0.81	0.17923
GO:0090332	stomatal closure	3	2	0.81	0.17923
GO:0090333	regulation of stomatal closure	3	2	0.81	0.17923
GO:0090335	regulation of brown fat cell differentia...	3	2	0.81	0.17923
GO:0097393	telomeric repeat-containing RNA transcri...	3	2	0.81	0.17923
GO:0097394	telomeric repeat-containing RNA transcri...	3	2	0.81	0.17923
GO:0097577	sequestering of iron ion	3	2	0.81	0.17923
GO:0150076	neuroinflammatory response	3	2	0.81	0.17923
GO:1900425	negative regulation of defense response ...	3	2	0.81	0.17923
GO:1900744	regulation of p38MAPK cascade	3	2	0.81	0.17923
GO:1901162	primary amino compound biosynthetic proc...	3	2	0.81	0.17923
GO:1901522	positive regulation of transcription fro...	3	2	0.81	0.17923
GO:1901563	response to camptothecin	3	2	0.81	0.17923
GO:1902570	protein localization to nucleolus	3	2	0.81	0.17923
GO:1903307	positive regulation of regulated secreto...	3	2	0.81	0.17923
GO:1903335	regulation of vacuolar transport	3	2	0.81	0.17923
GO:1903341	regulation of meiotic DNA double-strand ...	3	2	0.81	0.17923
GO:1903342	negative regulation of meiotic DNA doubl...	3	2	0.81	0.17923
GO:1903461	Okazaki fragment processing involved in ...	3	2	0.81	0.17923
GO:1990000	amyloid fibril formation	3	2	0.81	0.17923
GO:1990834	response to odorant	3	2	0.81	0.17923
GO:2000106	regulation of leukocyte apoptotic proces...	3	2	0.81	0.17923
GO:2000434	regulation of protein neddylation	3	2	0.81	0.17923
GO:2000435	negative regulation of protein neddylati...	3	2	0.81	0.17923
GO:2000767	positive regulation of cytoplasmic trans...	3	2	0.81	0.17923
GO:2001238	positive regulation of extrinsic apoptot...	3	2	0.81	0.17923
GO:0051223	regulation of protein transport	88	28	23.76	0.18032
GO:0006281	DNA repair	278	82	75.06	0.18077
GO:0048509	regulation of meristem development	21	8	5.67	0.18130
GO:0052031	modulation by symbiont of host defense r...	21	8	5.67	0.18130
GO:0052255	modulation by organism of defense respon...	21	8	5.67	0.18130
GO:1900182	positive regulation of protein localizat...	21	8	5.67	0.18130
GO:0010212	response to ionizing radiation	54	18	14.58	0.18207
GO:0090502	RNA phosphodiester bond hydrolysis, endo...	54	18	14.58	0.18207
GO:0044042	glucan metabolic process	34	12	9.18	0.18215
GO:0060322	head development	95	30	25.65	0.18225
GO:0042325	regulation of phosphorylation	193	58	52.11	0.18298
