GO.ID	Term	Annotated	Significant	Expected	classic
GO:0031328	positive regulation of cellular biosynth...	348	21	9.63	0.00036
GO:0009891	positive regulation of biosynthetic proc...	356	21	9.86	0.00050
GO:0043433	negative regulation of DNA-binding trans...	15	4	0.42	0.00059
GO:0002367	cytokine production involved in immune r...	7	3	0.19	0.00066
GO:0002718	regulation of cytokine production involv...	7	3	0.19	0.00066
GO:0002720	positive regulation of cytokine producti...	2	2	0.06	0.00076
GO:0051152	positive regulation of smooth muscle cel...	2	2	0.06	0.00076
GO:0061082	myeloid leukocyte cytokine production	2	2	0.06	0.00076
GO:1905065	positive regulation of vascular smooth m...	2	2	0.06	0.00076
GO:0002685	regulation of leukocyte migration	9	3	0.25	0.00153
GO:0006797	polyphosphate metabolic process	9	3	0.25	0.00153
GO:0051090	regulation of DNA-binding transcription ...	32	5	0.89	0.00162
GO:0007584	response to nutrient	64	7	1.77	0.00169
GO:0001976	neurological system process involved in ...	3	2	0.08	0.00223
GO:0010020	chloroplast fission	3	2	0.08	0.00223
GO:0032722	positive regulation of chemokine product...	3	2	0.08	0.00223
GO:0043268	positive regulation of potassium ion tra...	3	2	0.08	0.00223
GO:0043572	plastid fission	3	2	0.08	0.00223
GO:0051150	regulation of smooth muscle cell differe...	3	2	0.08	0.00223
GO:1905063	regulation of vascular smooth muscle cel...	3	2	0.08	0.00223
GO:0009086	methionine biosynthetic process	11	3	0.3	0.00288
GO:0042144	vacuole fusion, non-autophagic	12	3	0.33	0.00376
GO:0097576	vacuole fusion	12	3	0.33	0.00376
GO:0043901	negative regulation of multi-organism pr...	39	5	1.08	0.00398
GO:0019221	cytokine-mediated signaling pathway	56	6	1.55	0.00406
GO:0000282	cellular bud site selection	4	2	0.11	0.00439
GO:0009092	homoserine metabolic process	4	2	0.11	0.00439
GO:0010758	regulation of macrophage chemotaxis	4	2	0.11	0.00439
GO:1904706	negative regulation of vascular smooth m...	4	2	0.11	0.00439
GO:1905521	regulation of macrophage migration	4	2	0.11	0.00439
GO:0051147	regulation of muscle cell differentiatio...	13	3	0.36	0.00480
GO:0006082	organic acid metabolic process	431	21	11.93	0.00568
GO:0043436	oxoacid metabolic process	431	21	11.93	0.00568
GO:1901796	regulation of signal transduction by p53...	27	4	0.75	0.00592
GO:2000217	regulation of invasive growth in respons...	14	3	0.39	0.00598
GO:0010557	positive regulation of macromolecule bio...	297	16	8.22	0.00645
GO:0043900	regulation of multi-organism process	125	9	3.46	0.00697
GO:0001196	regulation of mating-type specific trans...	5	2	0.14	0.00718
GO:0001198	negative regulation of mating-type speci...	5	2	0.14	0.00718
GO:0002686	negative regulation of leukocyte migrati...	5	2	0.14	0.00718
GO:0003044	regulation of systemic arterial blood pr...	5	2	0.14	0.00718
GO:0006799	polyphosphate biosynthetic process	5	2	0.14	0.00718
GO:0007532	regulation of mating-type specific trans...	5	2	0.14	0.00718
GO:0032602	chemokine production	5	2	0.14	0.00718
GO:0032642	regulation of chemokine production	5	2	0.14	0.00718
GO:0043266	regulation of potassium ion transport	5	2	0.14	0.00718
GO:0045894	negative regulation of mating-type speci...	5	2	0.14	0.00718
GO:0048246	macrophage chemotaxis	5	2	0.14	0.00718
GO:0072364	regulation of cellular ketone metabolic ...	5	2	0.14	0.00718
GO:0100070	regulation of fatty acid biosynthetic pr...	5	2	0.14	0.00718
GO:1904705	regulation of vascular smooth muscle cel...	5	2	0.14	0.00718
GO:1905517	macrophage migration	5	2	0.14	0.00718
GO:1990874	vascular smooth muscle cell proliferatio...	5	2	0.14	0.00718
GO:2000531	regulation of fatty acid biosynthetic pr...	5	2	0.14	0.00718
GO:0006555	methionine metabolic process	15	3	0.42	0.00733
GO:0008217	regulation of blood pressure	15	3	0.42	0.00733
GO:1904018	positive regulation of vasculature devel...	15	3	0.42	0.00733
GO:0009605	response to external stimulus	560	25	15.5	0.00764
GO:0097421	liver regeneration	16	3	0.44	0.00885
GO:0000097	sulfur amino acid biosynthetic process	17	3	0.47	0.01053
GO:0002700	regulation of production of molecular me...	17	3	0.47	0.01053
GO:0070784	regulation of growth of unicellular orga...	17	3	0.47	0.01053
GO:0001514	selenocysteine incorporation	6	2	0.17	0.01057
GO:0002688	regulation of leukocyte chemotaxis	6	2	0.17	0.01057
GO:0006451	translational readthrough	6	2	0.17	0.01057
GO:0035886	vascular smooth muscle cell differentiat...	6	2	0.17	0.01057
GO:0048525	negative regulation of viral process	6	2	0.17	0.01057
GO:0051145	smooth muscle cell differentiation	6	2	0.17	0.01057
GO:1902253	regulation of intrinsic apoptotic signal...	6	2	0.17	0.01057
GO:1903901	negative regulation of viral life cycle	6	2	0.17	0.01057
GO:0000096	sulfur amino acid metabolic process	32	4	0.89	0.01091
GO:0045893	positive regulation of transcription, DN...	208	12	5.76	0.01103
GO:0051260	protein homooligomerization	70	6	1.94	0.01203
GO:0001819	positive regulation of cytokine producti...	33	4	0.91	0.01216
GO:0001403	invasive growth in response to glucose l...	18	3	0.5	0.01238
GO:0009067	aspartate family amino acid biosynthetic...	18	3	0.5	0.01238
GO:0032092	positive regulation of protein binding	18	3	0.5	0.01238
GO:0098542	defense response to other organism	161	10	4.46	0.01240
GO:0042981	regulation of apoptotic process	238	13	6.59	0.01269
GO:0040017	positive regulation of locomotion	52	5	1.44	0.01355
GO:0045944	positive regulation of transcription by ...	139	9	3.85	0.01360
GO:0010628	positive regulation of gene expression	323	16	8.94	0.01410
GO:1903508	positive regulation of nucleic acid-temp...	215	12	5.95	0.01413
GO:0042554	superoxide anion generation	19	3	0.53	0.01442
GO:0051240	positive regulation of multicellular org...	190	11	5.26	0.01450
GO:0003073	regulation of systemic arterial blood pr...	7	2	0.19	0.01454
GO:0014009	glial cell proliferation	7	2	0.19	0.01454
GO:0035066	positive regulation of histone acetylati...	7	2	0.19	0.01454
GO:0035722	interleukin-12-mediated signaling pathwa...	7	2	0.19	0.01454
GO:0070671	response to interleukin-12	7	2	0.19	0.01454
GO:0071349	cellular response to interleukin-12	7	2	0.19	0.01454
GO:1902680	positive regulation of RNA biosynthetic ...	216	12	5.98	0.01462
GO:0050792	regulation of viral process	35	4	0.97	0.01492
GO:2001234	negative regulation of apoptotic signali...	35	4	0.97	0.01492
GO:0044272	sulfur compound biosynthetic process	74	6	2.05	0.01556
GO:1901607	alpha-amino acid biosynthetic process	74	6	2.05	0.01556
GO:0031326	regulation of cellular biosynthetic proc...	656	27	18.16	0.01595
GO:0031099	regeneration	36	4	1	0.01644
GO:1901342	regulation of vasculature development	20	3	0.55	0.01663
GO:2001233	regulation of apoptotic signaling pathwa...	55	5	1.52	0.01700
GO:0002697	regulation of immune effector process	37	4	1.02	0.01805
GO:0042127	regulation of cell proliferation	171	10	4.73	0.01836
GO:0036267	invasive filamentous growth	21	3	0.58	0.01902
GO:0050900	leukocyte migration	21	3	0.58	0.01902
GO:0000098	sulfur amino acid catabolic process	8	2	0.22	0.01904
GO:0000430	regulation of transcription from RNA pol...	8	2	0.22	0.01904
GO:0000433	carbon catabolite repression of transcri...	8	2	0.22	0.01904
GO:0006768	biotin metabolic process	8	2	0.22	0.01904
GO:0014013	regulation of gliogenesis	8	2	0.22	0.01904
GO:0019083	viral transcription	8	2	0.22	0.01904
GO:0035950	regulation of oligopeptide transport by ...	8	2	0.22	0.01904
GO:0035952	negative regulation of oligopeptide tran...	8	2	0.22	0.01904
GO:0035953	regulation of dipeptide transport by reg...	8	2	0.22	0.01904
GO:0035955	negative regulation of dipeptide transpo...	8	2	0.22	0.01904
GO:0042938	dipeptide transport	8	2	0.22	0.01904
GO:0045013	carbon catabolite repression of transcri...	8	2	0.22	0.01904
GO:0045014	carbon catabolite repression of transcri...	8	2	0.22	0.01904
GO:0046782	regulation of viral transcription	8	2	0.22	0.01904
GO:0048662	negative regulation of smooth muscle cel...	8	2	0.22	0.01904
GO:0050918	positive chemotaxis	8	2	0.22	0.01904
GO:0051149	positive regulation of muscle cell diffe...	8	2	0.22	0.01904
GO:0061984	catabolite repression	8	2	0.22	0.01904
GO:0061985	carbon catabolite repression	8	2	0.22	0.01904
GO:0061986	negative regulation of transcription by ...	8	2	0.22	0.01904
GO:0061987	negative regulation of transcription fro...	8	2	0.22	0.01904
GO:0071265	L-methionine biosynthetic process	8	2	0.22	0.01904
GO:0090088	regulation of oligopeptide transport	8	2	0.22	0.01904
GO:0090089	regulation of dipeptide transport	8	2	0.22	0.01904
GO:0097755	positive regulation of blood vessel diam...	8	2	0.22	0.01904
GO:1901985	positive regulation of protein acetylati...	8	2	0.22	0.01904
GO:2000758	positive regulation of peptidyl-lysine a...	8	2	0.22	0.01904
GO:2000877	negative regulation of oligopeptide tran...	8	2	0.22	0.01904
GO:2000879	negative regulation of dipeptide transpo...	8	2	0.22	0.01904
GO:0030447	filamentous growth	57	5	1.58	0.01960
GO:0051606	detection of stimulus	57	5	1.58	0.01960
GO:0051259	protein complex oligomerization	102	7	2.82	0.02153
GO:0002683	negative regulation of immune system pro...	39	4	1.08	0.02156
GO:0043903	regulation of symbiosis, encompassing mu...	39	4	1.08	0.02156
GO:0043406	positive regulation of MAP kinase activi...	22	3	0.61	0.02159
GO:0009889	regulation of biosynthetic process	675	27	18.69	0.02282
GO:0043067	regulation of programmed cell death	257	13	7.11	0.02287
GO:0042743	hydrogen peroxide metabolic process	40	4	1.11	0.02346
GO:0006915	apoptotic process	286	14	7.92	0.02371
GO:0000429	carbon catabolite regulation of transcri...	9	2	0.25	0.02404
GO:0009867	jasmonic acid mediated signaling pathway	9	2	0.25	0.02404
GO:0045990	carbon catabolite regulation of transcri...	9	2	0.25	0.02404
GO:0071281	cellular response to iron ion	9	2	0.25	0.02404
GO:0097529	myeloid leukocyte migration	9	2	0.25	0.02404
GO:0008630	intrinsic apoptotic signaling pathway in...	23	3	0.64	0.02434
GO:0051254	positive regulation of RNA metabolic pro...	233	12	6.45	0.02519
GO:0010821	regulation of mitochondrion organization	24	3	0.66	0.02727
GO:0031058	positive regulation of histone modificat...	24	3	0.66	0.02727
GO:0070783	growth of unicellular organism as a thre...	24	3	0.66	0.02727
GO:1900428	regulation of filamentous growth of a po...	24	3	0.66	0.02727
GO:0001782	B cell homeostasis	1	1	0.03	0.02768
GO:0001783	B cell apoptotic process	1	1	0.03	0.02768
GO:0002016	regulation of blood volume by renin-angi...	1	1	0.03	0.02768
GO:0002024	diet induced thermogenesis	1	1	0.03	0.02768
GO:0002035	brain renin-angiotensin system	1	1	0.03	0.02768
GO:0002043	blood vessel endothelial cell proliferat...	1	1	0.03	0.02768
GO:0002246	wound healing involved in inflammatory r...	1	1	0.03	0.02768
GO:0002675	positive regulation of acute inflammator...	1	1	0.03	0.02768
GO:0002726	positive regulation of T cell cytokine p...	1	1	0.03	0.02768
GO:0002830	positive regulation of type 2 immune res...	1	1	0.03	0.02768
GO:0002887	negative regulation of myeloid leukocyte...	1	1	0.03	0.02768
GO:0002901	mature B cell apoptotic process	1	1	0.03	0.02768
GO:0002902	regulation of B cell apoptotic process	1	1	0.03	0.02768
GO:0002903	negative regulation of B cell apoptotic ...	1	1	0.03	0.02768
GO:0002905	regulation of mature B cell apoptotic pr...	1	1	0.03	0.02768
GO:0002906	negative regulation of mature B cell apo...	1	1	0.03	0.02768
GO:0003032	detection of oxygen	1	1	0.03	0.02768
GO:0003068	regulation of systemic arterial blood pr...	1	1	0.03	0.02768
GO:0003069	acetylcholine-mediated vasodilation invo...	1	1	0.03	0.02768
GO:0003070	regulation of systemic arterial blood pr...	1	1	0.03	0.02768
GO:0003085	negative regulation of systemic arterial...	1	1	0.03	0.02768
GO:0003299	muscle hypertrophy in response to stress	1	1	0.03	0.02768
GO:0006077	(1->6)-beta-D-glucan metabolic process	1	1	0.03	0.02768
GO:0006078	(1->6)-beta-D-glucan biosynthetic proces...	1	1	0.03	0.02768
GO:0006437	tyrosyl-tRNA aminoacylation	1	1	0.03	0.02768
GO:0006788	heme oxidation	1	1	0.03	0.02768
GO:0007256	activation of JNKK activity	1	1	0.03	0.02768
GO:0007439	ectodermal digestive tract development	1	1	0.03	0.02768
GO:0009090	homoserine biosynthetic process	1	1	0.03	0.02768
GO:0009660	amyloplast organization	1	1	0.03	0.02768
GO:0010227	floral organ abscission	1	1	0.03	0.02768
GO:0010637	negative regulation of mitochondrial fus...	1	1	0.03	0.02768
GO:0010739	positive regulation of protein kinase A ...	1	1	0.03	0.02768
GO:0014010	Schwann cell proliferation	1	1	0.03	0.02768
GO:0014834	skeletal muscle satellite cell maintenan...	1	1	0.03	0.02768
GO:0014887	cardiac muscle adaptation	1	1	0.03	0.02768
GO:0014898	cardiac muscle hypertrophy in response t...	1	1	0.03	0.02768
GO:0015847	putrescine transport	1	1	0.03	0.02768
GO:0015848	spermidine transport	1	1	0.03	0.02768
GO:0018272	protein-pyridoxal-5-phosphate linkage vi...	1	1	0.03	0.02768
GO:0030153	bacteriocin immunity	1	1	0.03	0.02768
GO:0030857	negative regulation of epithelial cell d...	1	1	0.03	0.02768
GO:0031666	positive regulation of lipopolysaccharid...	1	1	0.03	0.02768
GO:0032232	negative regulation of actin filament bu...	1	1	0.03	0.02768
GO:0032303	regulation of icosanoid secretion	1	1	0.03	0.02768
GO:0032305	positive regulation of icosanoid secreti...	1	1	0.03	0.02768
GO:0032306	regulation of prostaglandin secretion	1	1	0.03	0.02768
GO:0032308	positive regulation of prostaglandin sec...	1	1	0.03	0.02768
GO:0032572	response to menaquinone	1	1	0.03	0.02768
GO:0032760	positive regulation of tumor necrosis fa...	1	1	0.03	0.02768
GO:0032762	mast cell cytokine production	1	1	0.03	0.02768
GO:0032763	regulation of mast cell cytokine product...	1	1	0.03	0.02768
GO:0032764	negative regulation of mast cell cytokin...	1	1	0.03	0.02768
GO:0033004	negative regulation of mast cell activat...	1	1	0.03	0.02768
GO:0033007	negative regulation of mast cell activat...	1	1	0.03	0.02768
GO:0033033	negative regulation of myeloid cell apop...	1	1	0.03	0.02768
GO:0034021	response to silicon dioxide	1	1	0.03	0.02768
GO:0034154	toll-like receptor 7 signaling pathway	1	1	0.03	0.02768
GO:0034155	regulation of toll-like receptor 7 signa...	1	1	0.03	0.02768
GO:0034157	positive regulation of toll-like recepto...	1	1	0.03	0.02768
GO:0034162	toll-like receptor 9 signaling pathway	1	1	0.03	0.02768
GO:0034163	regulation of toll-like receptor 9 signa...	1	1	0.03	0.02768
GO:0034165	positive regulation of toll-like recepto...	1	1	0.03	0.02768
GO:0035523	protein K29-linked deubiquitination	1	1	0.03	0.02768
GO:0036333	hepatocyte homeostasis	1	1	0.03	0.02768
GO:0038001	paracrine signaling	1	1	0.03	0.02768
GO:0039536	negative regulation of RIG-I signaling p...	1	1	0.03	0.02768
GO:0042033	chemokine biosynthetic process	1	1	0.03	0.02768
GO:0042035	regulation of cytokine biosynthetic proc...	1	1	0.03	0.02768
GO:0042089	cytokine biosynthetic process	1	1	0.03	0.02768
GO:0042107	cytokine metabolic process	1	1	0.03	0.02768
GO:0042108	positive regulation of cytokine biosynth...	1	1	0.03	0.02768
GO:0042167	heme catabolic process	1	1	0.03	0.02768
GO:0042756	drinking behavior	1	1	0.03	0.02768
GO:0043301	negative regulation of leukocyte degranu...	1	1	0.03	0.02768
GO:0043305	negative regulation of mast cell degranu...	1	1	0.03	0.02768
GO:0043619	regulation of transcription from RNA pol...	1	1	0.03	0.02768
GO:0043922	negative regulation by host of viral tra...	1	1	0.03	0.02768
GO:0044154	histone H3-K14 acetylation	1	1	0.03	0.02768
GO:0044524	protein sulfhydration	1	1	0.03	0.02768
GO:0045073	regulation of chemokine biosynthetic pro...	1	1	0.03	0.02768
GO:0045080	positive regulation of chemokine biosynt...	1	1	0.03	0.02768
GO:0045605	negative regulation of epidermal cell di...	1	1	0.03	0.02768
GO:0045683	negative regulation of epidermis develop...	1	1	0.03	0.02768
GO:0046167	glycerol-3-phosphate biosynthetic proces...	1	1	0.03	0.02768
GO:0046900	tetrahydrofolylpolyglutamate metabolic p...	1	1	0.03	0.02768
GO:0046901	tetrahydrofolylpolyglutamate biosyntheti...	1	1	0.03	0.02768
GO:0048611	embryonic ectodermal digestive tract dev...	1	1	0.03	0.02768
GO:0048759	xylem vessel member cell differentiation	1	1	0.03	0.02768
GO:0048773	erythrophore differentiation	1	1	0.03	0.02768
GO:0050482	arachidonic acid secretion	1	1	0.03	0.02768
GO:0050755	chemokine metabolic process	1	1	0.03	0.02768
GO:0060215	primitive hemopoiesis	1	1	0.03	0.02768
GO:0061078	positive regulation of prostaglandin sec...	1	1	0.03	0.02768
GO:0061081	positive regulation of myeloid leukocyte...	1	1	0.03	0.02768
GO:0070314	G1 to G0 transition	1	1	0.03	0.02768
GO:0071266	'de novo' L-methionine biosynthetic proc...	1	1	0.03	0.02768
GO:0071440	regulation of histone H3-K14 acetylation	1	1	0.03	0.02768
GO:0071442	positive regulation of histone H3-K14 ac...	1	1	0.03	0.02768
GO:0071569	protein ufmylation	1	1	0.03	0.02768
GO:0072567	chemokine (C-X-C motif) ligand 2 product...	1	1	0.03	0.02768
GO:0090237	regulation of arachidonic acid secretion	1	1	0.03	0.02768
GO:0090238	positive regulation of arachidonic acid ...	1	1	0.03	0.02768
GO:0090323	prostaglandin secretion involved in immu...	1	1	0.03	0.02768
GO:0090410	malonate catabolic process	1	1	0.03	0.02768
GO:0090677	reversible differentiation	1	1	0.03	0.02768
GO:0090679	cell differentiation involved in phenoty...	1	1	0.03	0.02768
GO:1900241	positive regulation of phenotypic switch...	1	1	0.03	0.02768
GO:1902166	negative regulation of intrinsic apoptot...	1	1	0.03	0.02768
GO:1902230	negative regulation of intrinsic apoptot...	1	1	0.03	0.02768
GO:1902616	acyl carnitine transmembrane transport	1	1	0.03	0.02768
GO:1903557	positive regulation of tumor necrosis fa...	1	1	0.03	0.02768
GO:1903587	regulation of blood vessel endothelial c...	1	1	0.03	0.02768
GO:1903589	positive regulation of blood vessel endo...	1	1	0.03	0.02768
GO:1903711	spermidine transmembrane transport	1	1	0.03	0.02768
GO:1903963	arachidonate transport	1	1	0.03	0.02768
GO:1904772	response to tetrachloromethane	1	1	0.03	0.02768
GO:1904829	regulation of aortic smooth muscle cell ...	1	1	0.03	0.02768
GO:1904831	positive regulation of aortic smooth mus...	1	1	0.03	0.02768
GO:1905420	vascular smooth muscle cell differentiat...	1	1	0.03	0.02768
GO:1905499	trichome papilla formation	1	1	0.03	0.02768
GO:1905915	regulation of cell differentiation invol...	1	1	0.03	0.02768
GO:1905917	positive regulation of cell differentiat...	1	1	0.03	0.02768
GO:1905930	regulation of vascular smooth muscle cel...	1	1	0.03	0.02768
GO:1905932	positive regulation of vascular smooth m...	1	1	0.03	0.02768
GO:1990167	protein K27-linked deubiquitination	1	1	0.03	0.02768
GO:1990168	protein K33-linked deubiquitination	1	1	0.03	0.02768
GO:1990564	protein polyufmylation	1	1	0.03	0.02768
GO:1990575	mitochondrial L-ornithine transmembrane ...	1	1	0.03	0.02768
GO:1990592	protein K69-linked ufmylation	1	1	0.03	0.02768
GO:1990845	adaptive thermogenesis	1	1	0.03	0.02768
GO:2000341	regulation of chemokine (C-X-C motif) li...	1	1	0.03	0.02768
GO:2000343	positive regulation of chemokine (C-X-C ...	1	1	0.03	0.02768
GO:2000553	positive regulation of T-helper 2 cell c...	1	1	0.03	0.02768
GO:0006575	cellular modified amino acid metabolic p...	85	6	2.35	0.02887
GO:0002698	negative regulation of immune effector p...	10	2	0.28	0.02951
GO:0046015	regulation of transcription by glucose	10	2	0.28	0.02951
GO:0071073	positive regulation of phospholipid bios...	10	2	0.28	0.02951
GO:0071395	cellular response to jasmonic acid stimu...	10	2	0.28	0.02951
GO:0090626	plant epidermis morphogenesis	10	2	0.28	0.02951
GO:1903727	positive regulation of phospholipid meta...	10	2	0.28	0.02951
GO:0000302	response to reactive oxygen species	86	6	2.38	0.03036
GO:0002699	positive regulation of immune effector p...	25	3	0.69	0.03038
GO:0010570	regulation of filamentous growth	25	3	0.69	0.03038
GO:0031670	cellular response to nutrient	25	3	0.69	0.03038
GO:0009058	biosynthetic process	1547	52	42.83	0.03093
GO:0016053	organic acid biosynthetic process	214	11	5.92	0.03213
GO:0046394	carboxylic acid biosynthetic process	214	11	5.92	0.03213
GO:0044419	interspecies interaction between organis...	161	9	4.46	0.03220
GO:0051098	regulation of binding	65	5	1.8	0.03257
GO:0006355	regulation of transcription, DNA-templat...	417	18	11.54	0.03375
GO:0031325	positive regulation of cellular metaboli...	571	23	15.81	0.03411
GO:0008652	cellular amino acid biosynthetic process	89	6	2.46	0.03515
GO:0097237	cellular response to toxic substance	113	7	3.13	0.03528
GO:0044249	cellular biosynthetic process	1521	51	42.11	0.03539
GO:0009933	meristem structural organization	11	2	0.3	0.03543
GO:0032387	negative regulation of intracellular tra...	11	2	0.3	0.03543
GO:0043392	negative regulation of DNA binding	11	2	0.3	0.03543
GO:0043500	muscle adaptation	11	2	0.3	0.03543
GO:0046339	diacylglycerol metabolic process	11	2	0.3	0.03543
GO:0071071	regulation of phospholipid biosynthetic ...	11	2	0.3	0.03543
GO:0097746	regulation of blood vessel diameter	11	2	0.3	0.03543
GO:0006790	sulfur compound metabolic process	164	9	4.54	0.03569
GO:0001889	liver development	46	4	1.27	0.03698
GO:0061008	hepaticobiliary system development	46	4	1.27	0.03698
GO:0006801	superoxide metabolic process	27	3	0.75	0.03714
GO:0022404	molting cycle process	27	3	0.75	0.03714
GO:0031100	animal organ regeneration	27	3	0.75	0.03714
GO:0042063	gliogenesis	27	3	0.75	0.03714
GO:0044281	small molecule metabolic process	736	28	20.37	0.03745
GO:1903506	regulation of nucleic acid-templated tra...	423	18	11.71	0.03823
GO:0071345	cellular response to cytokine stimulus	115	7	3.18	0.03830
GO:0051051	negative regulation of transport	68	5	1.88	0.03855
GO:2001141	regulation of RNA biosynthetic process	424	18	11.74	0.03902
GO:0045935	positive regulation of nucleobase-contai...	306	14	8.47	0.03946
GO:0016485	protein processing	47	4	1.3	0.03960
GO:1902533	positive regulation of intracellular sig...	92	6	2.55	0.04040
GO:0031349	positive regulation of defense response	69	5	1.91	0.04069
GO:1903900	regulation of viral life cycle	28	3	0.78	0.04078
GO:2000112	regulation of cellular macromolecule bio...	582	23	16.11	0.04149
GO:0002702	positive regulation of production of mol...	12	2	0.33	0.04177
GO:0002821	positive regulation of adaptive immune r...	12	2	0.33	0.04177
GO:0009070	serine family amino acid biosynthetic pr...	12	2	0.33	0.04177
GO:0016584	nucleosome positioning	12	2	0.33	0.04177
GO:0030595	leukocyte chemotaxis	12	2	0.33	0.04177
GO:0035296	regulation of tube diameter	12	2	0.33	0.04177
GO:0050880	regulation of blood vessel size	12	2	0.33	0.04177
GO:0051702	interaction with symbiont	12	2	0.33	0.04177
GO:0051851	modification by host of symbiont morphol...	12	2	0.33	0.04177
GO:0072488	ammonium transmembrane transport	12	2	0.33	0.04177
GO:1903725	regulation of phospholipid metabolic pro...	12	2	0.33	0.04177
GO:0044248	cellular catabolic process	744	28	20.6	0.04252
GO:0002440	production of molecular mediator of immu...	29	3	0.8	0.04461
GO:0002831	regulation of response to biotic stimulu...	29	3	0.8	0.04461
GO:0006638	neutral lipid metabolic process	29	3	0.8	0.04461
GO:0006639	acylglycerol metabolic process	29	3	0.8	0.04461
GO:0050665	hydrogen peroxide biosynthetic process	29	3	0.8	0.04461
GO:2001242	regulation of intrinsic apoptotic signal...	29	3	0.8	0.04461
GO:0006357	regulation of transcription by RNA polym...	256	12	7.09	0.04735
GO:1902531	regulation of intracellular signal trans...	173	9	4.79	0.04770
GO:0072331	signal transduction by p53 class mediato...	50	4	1.38	0.04805
GO:0010039	response to iron ion	13	2	0.36	0.04849
GO:0019080	viral gene expression	13	2	0.36	0.04849
GO:0030336	negative regulation of cell migration	13	2	0.36	0.04849
GO:0042304	regulation of fatty acid biosynthetic pr...	13	2	0.36	0.04849
GO:0048144	fibroblast proliferation	13	2	0.36	0.04849
GO:0048145	regulation of fibroblast proliferation	13	2	0.36	0.04849
GO:0048678	response to axon injury	13	2	0.36	0.04849
GO:0051271	negative regulation of cellular componen...	13	2	0.36	0.04849
GO:1901570	fatty acid derivative biosynthetic proce...	13	2	0.36	0.04849
GO:2000146	negative regulation of cell motility	13	2	0.36	0.04849
GO:1901568	fatty acid derivative metabolic process	30	3	0.83	0.04860
GO:0019752	carboxylic acid metabolic process	405	17	11.21	0.04898
GO:0051173	positive regulation of nitrogen compound...	529	21	14.64	0.04938
GO:0009607	response to biotic stimulus	287	13	7.94	0.04997
GO:0006520	cellular amino acid metabolic process	202	10	5.59	0.05017
GO:0008284	positive regulation of cell proliferatio...	97	6	2.69	0.05021
GO:0042542	response to hydrogen peroxide	51	4	1.41	0.05107
GO:0046777	protein autophosphorylation	51	4	1.41	0.05107
GO:0051094	positive regulation of developmental pro...	176	9	4.87	0.05225
GO:0009066	aspartate family amino acid metabolic pr...	31	3	0.86	0.05276
GO:0090558	plant epidermis development	31	3	0.86	0.05276
GO:1905269	positive regulation of chromatin organiz...	31	3	0.86	0.05276
GO:0034614	cellular response to reactive oxygen spe...	52	4	1.44	0.05420
GO:0010556	regulation of macromolecule biosynthetic...	598	23	16.55	0.05431
GO:0001315	age-dependent response to reactive oxyge...	2	1	0.06	0.05461
GO:0002021	response to dietary excess	2	1	0.06	0.05461
GO:0002673	regulation of acute inflammatory respons...	2	1	0.06	0.05461
GO:0002828	regulation of type 2 immune response	2	1	0.06	0.05461
GO:0003081	regulation of systemic arterial blood pr...	2	1	0.06	0.05461
GO:0006072	glycerol-3-phosphate metabolic process	2	1	0.06	0.05461
GO:0006651	diacylglycerol biosynthetic process	2	1	0.06	0.05461
GO:0006844	acyl carnitine transport	2	1	0.06	0.05461
GO:0009590	detection of gravity	2	1	0.06	0.05461
GO:0009911	positive regulation of flower developmen...	2	1	0.06	0.05461
GO:0009959	negative gravitropism	2	1	0.06	0.05461
GO:0009969	xyloglucan biosynthetic process	2	1	0.06	0.05461
GO:0010072	primary shoot apical meristem specificat...	2	1	0.06	0.05461
GO:0010089	xylem development	2	1	0.06	0.05461
GO:0010376	stomatal complex formation	2	1	0.06	0.05461
GO:0010410	hemicellulose metabolic process	2	1	0.06	0.05461
GO:0010411	xyloglucan metabolic process	2	1	0.06	0.05461
GO:0010635	regulation of mitochondrial fusion	2	1	0.06	0.05461
GO:0010668	ectodermal cell differentiation	2	1	0.06	0.05461
GO:0010718	positive regulation of epithelial to mes...	2	1	0.06	0.05461
GO:0010737	protein kinase A signaling	2	1	0.06	0.05461
GO:0010738	regulation of protein kinase A signaling	2	1	0.06	0.05461
GO:0019343	cysteine biosynthetic process via cystat...	2	1	0.06	0.05461
GO:0019346	transsulfuration	2	1	0.06	0.05461
GO:0031664	regulation of lipopolysaccharide-mediate...	2	1	0.06	0.05461
GO:0032897	negative regulation of viral transcripti...	2	1	0.06	0.05461
GO:0033028	myeloid cell apoptotic process	2	1	0.06	0.05461
GO:0033032	regulation of myeloid cell apoptotic pro...	2	1	0.06	0.05461
GO:0034123	positive regulation of toll-like recepto...	2	1	0.06	0.05461
GO:0034395	regulation of transcription from RNA pol...	2	1	0.06	0.05461
GO:0035092	sperm chromatin condensation	2	1	0.06	0.05461
GO:0035338	long-chain fatty-acyl-CoA biosynthetic p...	2	1	0.06	0.05461
GO:0035621	ER to Golgi ceramide transport	2	1	0.06	0.05461
GO:0035627	ceramide transport	2	1	0.06	0.05461
GO:0035743	CD4-positive, alpha-beta T cell cytokine...	2	1	0.06	0.05461
GO:0035745	T-helper 2 cell cytokine production	2	1	0.06	0.05461
GO:0035871	protein K11-linked deubiquitination	2	1	0.06	0.05461
GO:0035983	response to trichostatin A	2	1	0.06	0.05461
GO:0035984	cellular response to trichostatin A	2	1	0.06	0.05461
GO:0039532	negative regulation of viral-induced cyt...	2	1	0.06	0.05461
GO:0039535	regulation of RIG-I signaling pathway	2	1	0.06	0.05461
GO:0042092	type 2 immune response	2	1	0.06	0.05461
GO:0042116	macrophage activation	2	1	0.06	0.05461
GO:0043030	regulation of macrophage activation	2	1	0.06	0.05461
GO:0043157	response to cation stress	2	1	0.06	0.05461
GO:0043403	skeletal muscle tissue regeneration	2	1	0.06	0.05461
GO:0043419	urea catabolic process	2	1	0.06	0.05461
GO:0043507	positive regulation of JUN kinase activi...	2	1	0.06	0.05461
GO:0044414	suppression of host defenses	2	1	0.06	0.05461
GO:0045071	negative regulation of viral genome repl...	2	1	0.06	0.05461
GO:0045599	negative regulation of fat cell differen...	2	1	0.06	0.05461
GO:0046506	sulfolipid biosynthetic process	2	1	0.06	0.05461
GO:0048387	negative regulation of retinoic acid rec...	2	1	0.06	0.05461
GO:0048679	regulation of axon regeneration	2	1	0.06	0.05461
GO:0048680	positive regulation of axon regeneration	2	1	0.06	0.05461
GO:0051833	suppression of defenses of other organis...	2	1	0.06	0.05461
GO:0052037	negative regulation by symbiont of host ...	2	1	0.06	0.05461
GO:0052170	negative regulation by symbiont of host ...	2	1	0.06	0.05461
GO:0052261	suppression of defense response of other...	2	1	0.06	0.05461
GO:0052309	negative regulation by organism of innat...	2	1	0.06	0.05461
GO:0052561	negative regulation by organism of immun...	2	1	0.06	0.05461
GO:0052562	negative regulation by symbiont of host ...	2	1	0.06	0.05461
GO:0052646	alditol phosphate metabolic process	2	1	0.06	0.05461
GO:0070228	regulation of lymphocyte apoptotic proce...	2	1	0.06	0.05461
GO:0070229	negative regulation of lymphocyte apopto...	2	1	0.06	0.05461
GO:0070570	regulation of neuron projection regenera...	2	1	0.06	0.05461
GO:0070572	positive regulation of neuron projection...	2	1	0.06	0.05461
GO:0072719	cellular response to cisplatin	2	1	0.06	0.05461
GO:0090050	positive regulation of cell migration in...	2	1	0.06	0.05461
GO:0090594	inflammatory response to wounding	2	1	0.06	0.05461
GO:0098532	histone H3-K27 trimethylation	2	1	0.06	0.05461
GO:0120009	intermembrane lipid transfer	2	1	0.06	0.05461
GO:0120010	intermembrane phospholipid transfer	2	1	0.06	0.05461
GO:1901351	regulation of phosphatidylglycerol biosy...	2	1	0.06	0.05461
GO:1901352	negative regulation of phosphatidylglyce...	2	1	0.06	0.05461
GO:1901999	homogentisate metabolic process	2	1	0.06	0.05461
GO:1902000	homogentisate catabolic process	2	1	0.06	0.05461
GO:1902022	L-lysine transport	2	1	0.06	0.05461
GO:1902176	negative regulation of oxidative stress-...	2	1	0.06	0.05461
GO:1902254	negative regulation of intrinsic apoptot...	2	1	0.06	0.05461
GO:1903306	negative regulation of regulated secreto...	2	1	0.06	0.05461
GO:1903401	L-lysine transmembrane transport	2	1	0.06	0.05461
GO:1903650	negative regulation of cytoplasmic trans...	2	1	0.06	0.05461
GO:1904569	regulation of selenocysteine incorporati...	2	1	0.06	0.05461
GO:1904571	positive regulation of selenocysteine in...	2	1	0.06	0.05461
GO:1904810	negative regulation of dense core granul...	2	1	0.06	0.05461
GO:1905177	tracheary element differentiation	2	1	0.06	0.05461
GO:2000037	regulation of stomatal complex patternin...	2	1	0.06	0.05461
GO:2000107	negative regulation of leukocyte apoptot...	2	1	0.06	0.05461
GO:2000193	positive regulation of fatty acid transp...	2	1	0.06	0.05461
GO:2000551	regulation of T-helper 2 cell cytokine p...	2	1	0.06	0.05461
GO:2000617	positive regulation of histone H3-K9 ace...	2	1	0.06	0.05461
GO:2001245	regulation of phosphatidylcholine biosyn...	2	1	0.06	0.05461
GO:2001247	positive regulation of phosphatidylcholi...	2	1	0.06	0.05461
GO:0003018	vascular process in circulatory system	14	2	0.39	0.05557
GO:0010660	regulation of muscle cell apoptotic proc...	14	2	0.39	0.05557
GO:0048532	anatomical structure arrangement	14	2	0.39	0.05557
GO:0060326	cell chemotaxis	14	2	0.39	0.05557
GO:2000769	regulation of establishment or maintenan...	14	2	0.39	0.05557
GO:0035556	intracellular signal transduction	322	14	8.91	0.05669
GO:0009893	positive regulation of metabolic process	633	24	17.52	0.05690
GO:0030335	positive regulation of cell migration	32	3	0.89	0.05709
GO:0043393	regulation of protein binding	32	3	0.89	0.05709
GO:0035821	modification of morphology or physiology...	53	4	1.47	0.05743
GO:0043207	response to external biotic stimulus	264	12	7.31	0.05754
GO:0051707	response to other organism	264	12	7.31	0.05754
GO:0043066	negative regulation of apoptotic process	126	7	3.49	0.05789
GO:0051188	cofactor biosynthetic process	180	9	4.98	0.05874
GO:0008283	cell proliferation	265	12	7.34	0.05892
GO:0042742	defense response to bacterium	101	6	2.8	0.05904
GO:0098869	cellular oxidant detoxification	54	4	1.49	0.06076
GO:0009581	detection of external stimulus	33	3	0.91	0.06158
GO:0043405	regulation of MAP kinase activity	33	3	0.91	0.06158
GO:0006351	transcription, DNA-templated	479	19	13.26	0.06161
GO:0012501	programmed cell death	326	14	9.02	0.06170
GO:0006952	defense response	297	13	8.22	0.06265
GO:0006857	oligopeptide transport	15	2	0.42	0.06299
GO:0009593	detection of chemical stimulus	15	2	0.42	0.06299
GO:0010657	muscle cell apoptotic process	15	2	0.42	0.06299
GO:0030448	hyphal growth	15	2	0.42	0.06299
GO:0035065	regulation of histone acetylation	15	2	0.42	0.06299
GO:0035150	regulation of tube size	15	2	0.42	0.06299
GO:2001243	negative regulation of intrinsic apoptot...	15	2	0.42	0.06299
GO:0043065	positive regulation of apoptotic process	103	6	2.85	0.06379
GO:0051186	cofactor metabolic process	298	13	8.25	0.06403
GO:0006515	protein quality control for misfolded or...	34	3	0.94	0.06623
GO:0009582	detection of abiotic stimulus	34	3	0.94	0.06623
GO:2000147	positive regulation of cell motility	34	3	0.94	0.06623
GO:0040012	regulation of locomotion	104	6	2.88	0.06624
GO:0097659	nucleic acid-templated transcription	484	19	13.4	0.06714
GO:0006633	fatty acid biosynthetic process	56	4	1.55	0.06772
GO:0019058	viral life cycle	56	4	1.55	0.06772
GO:0097193	intrinsic apoptotic signaling pathway	56	4	1.55	0.06772
GO:0001818	negative regulation of cytokine producti...	16	2	0.44	0.07073
GO:0002819	regulation of adaptive immune response	16	2	0.44	0.07073
GO:0051289	protein homotetramerization	16	2	0.44	0.07073
GO:0061647	histone H3-K9 modification	16	2	0.44	0.07073
GO:0090627	plant epidermal cell differentiation	16	2	0.44	0.07073
GO:1901576	organic substance biosynthetic process	1507	49	41.72	0.07214
GO:0010941	regulation of cell death	304	13	8.42	0.07273
GO:0010562	positive regulation of phosphorus metabo...	133	7	3.68	0.07313
GO:0045937	positive regulation of phosphate metabol...	133	7	3.68	0.07313
GO:0002682	regulation of immune system process	161	8	4.46	0.07498
GO:0032774	RNA biosynthetic process	491	19	13.59	0.07547
GO:0051252	regulation of RNA metabolic process	491	19	13.59	0.07547
GO:0018958	phenol-containing compound metabolic pro...	36	3	1	0.07601
GO:0042335	cuticle development	36	3	1	0.07601
GO:0043069	negative regulation of programmed cell d...	135	7	3.74	0.07788
GO:0009056	catabolic process	786	28	21.76	0.07809
GO:0006590	thyroid hormone generation	17	2	0.47	0.07876
GO:0007602	phototransduction	17	2	0.47	0.07876
GO:0008365	adult chitin-based cuticle development	17	2	0.47	0.07876
GO:0009583	detection of light stimulus	17	2	0.47	0.07876
GO:0010016	shoot system morphogenesis	17	2	0.47	0.07876
GO:0018149	peptide cross-linking	17	2	0.47	0.07876
GO:0040013	negative regulation of locomotion	17	2	0.47	0.07876
GO:0042403	thyroid hormone metabolic process	17	2	0.47	0.07876
GO:0048659	smooth muscle cell proliferation	17	2	0.47	0.07876
GO:0048660	regulation of smooth muscle cell prolife...	17	2	0.47	0.07876
GO:0071963	establishment or maintenance of cell pol...	17	2	0.47	0.07876
GO:0072332	intrinsic apoptotic signaling pathway by...	17	2	0.47	0.07876
GO:1901616	organic hydroxy compound catabolic proce...	17	2	0.47	0.07876
GO:1901983	regulation of protein acetylation	17	2	0.47	0.07876
GO:2000756	regulation of peptidyl-lysine acetylatio...	17	2	0.47	0.07876
GO:0001817	regulation of cytokine production	59	4	1.63	0.07892
GO:0045597	positive regulation of cell differentiat...	109	6	3.02	0.07934
GO:0000186	activation of MAPKK activity	3	1	0.08	0.08079
GO:0001100	negative regulation of exit from mitosis	3	1	0.08	0.08079
GO:0001306	age-dependent response to oxidative stre...	3	1	0.08	0.08079
GO:0002689	negative regulation of leukocyte chemota...	3	1	0.08	0.08079
GO:0002711	positive regulation of T cell mediated i...	3	1	0.08	0.08079
GO:0006553	lysine metabolic process	3	1	0.08	0.08079
GO:0006723	cuticle hydrocarbon biosynthetic process	3	1	0.08	0.08079
GO:0006787	porphyrin-containing compound catabolic ...	3	1	0.08	0.08079
GO:0006798	polyphosphate catabolic process	3	1	0.08	0.08079
GO:0007300	ovarian nurse cell to oocyte transport	3	1	0.08	0.08079
GO:0007303	cytoplasmic transport, nurse cell to ooc...	3	1	0.08	0.08079
GO:0007398	ectoderm development	3	1	0.08	0.08079
GO:0007571	age-dependent general metabolic decline	3	1	0.08	0.08079
GO:0008053	mitochondrial fusion	3	1	0.08	0.08079
GO:0009085	lysine biosynthetic process	3	1	0.08	0.08079
GO:0009088	threonine biosynthetic process	3	1	0.08	0.08079
GO:0009089	lysine biosynthetic process via diaminop...	3	1	0.08	0.08079
GO:0009585	red, far-red light phototransduction	3	1	0.08	0.08079
GO:0010014	meristem initiation	3	1	0.08	0.08079
GO:0010103	stomatal complex morphogenesis	3	1	0.08	0.08079
GO:0010375	stomatal complex patterning	3	1	0.08	0.08079
GO:0010444	guard mother cell differentiation	3	1	0.08	0.08079
GO:0010760	negative regulation of macrophage chemot...	3	1	0.08	0.08079
GO:0014805	smooth muscle adaptation	3	1	0.08	0.08079
GO:0014806	smooth muscle hyperplasia	3	1	0.08	0.08079
GO:0014900	muscle hyperplasia	3	1	0.08	0.08079
GO:0015697	quaternary ammonium group transport	3	1	0.08	0.08079
GO:0015732	prostaglandin transport	3	1	0.08	0.08079
GO:0015822	ornithine transport	3	1	0.08	0.08079
GO:0017126	nucleologenesis	3	1	0.08	0.08079
GO:0018345	protein palmitoylation	3	1	0.08	0.08079
GO:0019336	phenol-containing compound catabolic pro...	3	1	0.08	0.08079
GO:0019344	cysteine biosynthetic process	3	1	0.08	0.08079
GO:0030813	positive regulation of nucleotide catabo...	3	1	0.08	0.08079
GO:0032253	dense core granule localization	3	1	0.08	0.08079
GO:0032309	icosanoid secretion	3	1	0.08	0.08079
GO:0032310	prostaglandin secretion	3	1	0.08	0.08079
GO:0032364	oxygen homeostasis	3	1	0.08	0.08079
GO:0032785	negative regulation of DNA-templated tra...	3	1	0.08	0.08079
GO:0033015	tetrapyrrole catabolic process	3	1	0.08	0.08079
GO:0033483	gas homeostasis	3	1	0.08	0.08079
GO:0033591	response to L-ascorbic acid	3	1	0.08	0.08079
GO:0034244	negative regulation of transcription elo...	3	1	0.08	0.08079
GO:0034390	smooth muscle cell apoptotic process	3	1	0.08	0.08079
GO:0034391	regulation of smooth muscle cell apoptot...	3	1	0.08	0.08079
GO:0034393	positive regulation of smooth muscle cel...	3	1	0.08	0.08079
GO:0035186	syncytial blastoderm mitotic cell cycle	3	1	0.08	0.08079
GO:0035206	regulation of hemocyte proliferation	3	1	0.08	0.08079
GO:0035900	response to isolation stress	3	1	0.08	0.08079
GO:0036065	fucosylation	3	1	0.08	0.08079
GO:0039529	RIG-I signaling pathway	3	1	0.08	0.08079
GO:0039531	regulation of viral-induced cytoplasmic ...	3	1	0.08	0.08079
GO:0042174	negative regulation of sporulation resul...	3	1	0.08	0.08079
GO:0043605	cellular amide catabolic process	3	1	0.08	0.08079
GO:0043936	asexual sporulation resulting in formati...	3	1	0.08	0.08079
GO:0043939	negative regulation of sporulation	3	1	0.08	0.08079
GO:0043942	negative regulation of sexual sporulatio...	3	1	0.08	0.08079
GO:0044413	avoidance of host defenses	3	1	0.08	0.08079
GO:0045821	positive regulation of glycolytic proces...	3	1	0.08	0.08079
GO:0046149	pigment catabolic process	3	1	0.08	0.08079
GO:0046451	diaminopimelate metabolic process	3	1	0.08	0.08079
GO:0046505	sulfolipid metabolic process	3	1	0.08	0.08079
GO:0046836	glycolipid transport	3	1	0.08	0.08079
GO:0048385	regulation of retinoic acid receptor sig...	3	1	0.08	0.08079
GO:0048508	embryonic meristem development	3	1	0.08	0.08079
GO:0051832	avoidance of defenses of other organism ...	3	1	0.08	0.08079
GO:0060252	positive regulation of glial cell prolif...	3	1	0.08	0.08079
GO:0070227	lymphocyte apoptotic process	3	1	0.08	0.08079
GO:0070813	hydrogen sulfide metabolic process	3	1	0.08	0.08079
GO:0070814	hydrogen sulfide biosynthetic process	3	1	0.08	0.08079
GO:0071072	negative regulation of phospholipid bios...	3	1	0.08	0.08079
GO:0071157	negative regulation of cell cycle arrest	3	1	0.08	0.08079
GO:0071243	cellular response to arsenic-containing ...	3	1	0.08	0.08079
GO:0071715	icosanoid transport	3	1	0.08	0.08079
GO:0071918	urea transmembrane transport	3	1	0.08	0.08079
GO:0080022	primary root development	3	1	0.08	0.08079
GO:0089709	L-histidine transmembrane transport	3	1	0.08	0.08079
GO:0090326	positive regulation of locomotion involv...	3	1	0.08	0.08079
GO:0090421	embryonic meristem initiation	3	1	0.08	0.08079
GO:1900239	regulation of phenotypic switching	3	1	0.08	0.08079
GO:1901571	fatty acid derivative transport	3	1	0.08	0.08079
GO:1901950	dense core granule transport	3	1	0.08	0.08079
GO:1902065	response to L-glutamate	3	1	0.08	0.08079
GO:1902165	regulation of intrinsic apoptotic signal...	3	1	0.08	0.08079
GO:1903036	positive regulation of response to wound...	3	1	0.08	0.08079
GO:1903352	L-ornithine transmembrane transport	3	1	0.08	0.08079
GO:1903400	L-arginine transmembrane transport	3	1	0.08	0.08079
GO:1903726	negative regulation of phospholipid meta...	3	1	0.08	0.08079
GO:1903826	arginine transmembrane transport	3	1	0.08	0.08079
GO:1904809	regulation of dense core granule transpo...	3	1	0.08	0.08079
GO:1904811	positive regulation of dense core granul...	3	1	0.08	0.08079
GO:1905288	vascular associated smooth muscle cell a...	3	1	0.08	0.08079
GO:1905459	regulation of vascular associated smooth...	3	1	0.08	0.08079
GO:1905461	positive regulation of vascular associat...	3	1	0.08	0.08079
GO:1905522	negative regulation of macrophage migrat...	3	1	0.08	0.08079
GO:2000106	regulation of leukocyte apoptotic proces...	3	1	0.08	0.08079
GO:2000191	regulation of fatty acid transport	3	1	0.08	0.08079
GO:2000269	regulation of fibroblast apoptotic proce...	3	1	0.08	0.08079
GO:2000434	regulation of protein neddylation	3	1	0.08	0.08079
GO:2000435	negative regulation of protein neddylati...	3	1	0.08	0.08079
GO:0017000	antibiotic biosynthetic process	37	3	1.02	0.08112
GO:0051187	cofactor catabolic process	37	3	1.02	0.08112
GO:0048732	gland development	84	5	2.33	0.08127
GO:0019219	regulation of nucleobase-containing comp...	592	22	16.39	0.08153
GO:0050776	regulation of immune response	110	6	3.05	0.08213
GO:0046890	regulation of lipid biosynthetic process	60	4	1.66	0.08284
GO:0050769	positive regulation of neurogenesis	60	4	1.66	0.08284
GO:0051604	protein maturation	85	5	2.35	0.08455
GO:0044255	cellular lipid metabolic process	282	12	7.81	0.08568
GO:0042692	muscle cell differentiation	38	3	1.05	0.08638
GO:0051099	positive regulation of binding	38	3	1.05	0.08638
GO:0006690	icosanoid metabolic process	18	2	0.5	0.08705
GO:0009250	glucan biosynthetic process	18	2	0.5	0.08705
GO:0016237	lysosomal microautophagy	18	2	0.5	0.08705
GO:0033002	muscle cell proliferation	18	2	0.5	0.08705
GO:0040032	post-embryonic body morphogenesis	18	2	0.5	0.08705
GO:0042338	cuticle development involved in collagen...	18	2	0.5	0.08705
GO:0043068	positive regulation of programmed cell d...	112	6	3.1	0.08786
GO:0051704	multi-organism process	730	26	20.21	0.08975
GO:0035690	cellular response to drug	113	6	3.13	0.09081
GO:0034645	cellular macromolecule biosynthetic proc...	967	33	26.77	0.09121
GO:0009755	hormone-mediated signaling pathway	87	5	2.41	0.09131
GO:0003013	circulatory system process	39	3	1.08	0.09178
GO:0008015	blood circulation	39	3	1.08	0.09178
GO:0042303	molting cycle	39	3	1.08	0.09178
GO:0043410	positive regulation of MAPK cascade	39	3	1.08	0.09178
GO:0051272	positive regulation of cellular componen...	39	3	1.08	0.09178
GO:0071310	cellular response to organic substance	440	17	12.18	0.09213
GO:0010468	regulation of gene expression	734	26	20.32	0.09460
GO:0097190	apoptotic signaling pathway	88	5	2.44	0.09479
GO:0044270	cellular nitrogen compound catabolic pro...	257	11	7.11	0.09483
GO:0048284	organelle fusion	63	4	1.74	0.09518
GO:0007593	chitin-based cuticle sclerotization	19	2	0.53	0.09560
GO:0048085	adult chitin-containing cuticle pigmenta...	19	2	0.53	0.09560
GO:1903580	positive regulation of ATP metabolic pro...	19	2	0.53	0.09560
GO:2001171	positive regulation of ATP biosynthetic ...	19	2	0.53	0.09560
GO:0044182	filamentous growth of a population of un...	40	3	1.11	0.09732
GO:0048066	developmental pigmentation	40	3	1.11	0.09732
GO:0034097	response to cytokine	143	7	3.96	0.09868
GO:0044282	small molecule catabolic process	143	7	3.96	0.09868
GO:0019439	aromatic compound catabolic process	259	11	7.17	0.09887
GO:0001666	response to hypoxia	64	4	1.77	0.09948
GO:0008219	cell death	382	15	10.57	0.09980
GO:1901605	alpha-amino acid metabolic process	144	7	3.99	0.10148
GO:0048872	homeostasis of number of cells	41	3	1.13	0.10300
GO:0001816	cytokine production	65	4	1.8	0.10386
GO:0030334	regulation of cell migration	65	4	1.8	0.10386
GO:0051962	positive regulation of nervous system de...	65	4	1.8	0.10386
GO:0002221	pattern recognition receptor signaling p...	20	2	0.55	0.10437
GO:0002250	adaptive immune response	20	2	0.55	0.10437
GO:0002251	organ or tissue specific immune response	20	2	0.55	0.10437
GO:0002385	mucosal immune response	20	2	0.55	0.10437
GO:0002758	innate immune response-activating signal...	20	2	0.55	0.10437
GO:0006749	glutathione metabolic process	20	2	0.55	0.10437
GO:0006813	potassium ion transport	20	2	0.55	0.10437
GO:0009084	glutamine family amino acid biosynthetic...	20	2	0.55	0.10437
GO:0009753	response to jasmonic acid	20	2	0.55	0.10437
GO:0010469	regulation of signaling receptor activit...	20	2	0.55	0.10437
GO:0018996	molting cycle, collagen and cuticulin-ba...	20	2	0.55	0.10437
GO:0032878	regulation of establishment or maintenan...	20	2	0.55	0.10437
GO:0042136	neurotransmitter biosynthetic process	20	2	0.55	0.10437
GO:0044273	sulfur compound catabolic process	20	2	0.55	0.10437
GO:0050777	negative regulation of immune response	20	2	0.55	0.10437
GO:0051881	regulation of mitochondrial membrane pot...	20	2	0.55	0.10437
GO:0031667	response to nutrient levels	232	10	6.42	0.10492
GO:0016032	viral process	91	5	2.52	0.10564
GO:0001516	prostaglandin biosynthetic process	4	1	0.11	0.10626
GO:0001990	regulation of systemic arterial blood pr...	4	1	0.11	0.10626
GO:0002042	cell migration involved in sprouting ang...	4	1	0.11	0.10626
GO:0002369	T cell cytokine production	4	1	0.11	0.10626
GO:0002701	negative regulation of production of mol...	4	1	0.11	0.10626
GO:0002719	negative regulation of cytokine producti...	4	1	0.11	0.10626
GO:0002724	regulation of T cell cytokine production	4	1	0.11	0.10626
GO:0002949	tRNA threonylcarbamoyladenosine modifica...	4	1	0.11	0.10626
GO:0003300	cardiac muscle hypertrophy	4	1	0.11	0.10626
GO:0006561	proline biosynthetic process	4	1	0.11	0.10626
GO:0008049	male courtship behavior	4	1	0.11	0.10626
GO:0009838	abscission	4	1	0.11	0.10626
GO:0010661	positive regulation of muscle cell apopt...	4	1	0.11	0.10626
GO:0010717	regulation of epithelial to mesenchymal ...	4	1	0.11	0.10626
GO:0014888	striated muscle adaptation	4	1	0.11	0.10626
GO:0014897	striated muscle hypertrophy	4	1	0.11	0.10626
GO:0015840	urea transport	4	1	0.11	0.10626
GO:0018352	protein-pyridoxal-5-phosphate linkage	4	1	0.11	0.10626
GO:0019072	viral genome packaging	4	1	0.11	0.10626
GO:0019074	viral RNA genome packaging	4	1	0.11	0.10626
GO:0031663	lipopolysaccharide-mediated signaling pa...	4	1	0.11	0.10626
GO:0032231	regulation of actin filament bundle asse...	4	1	0.11	0.10626
GO:0032252	secretory granule localization	4	1	0.11	0.10626
GO:0034306	regulation of sexual sporulation	4	1	0.11	0.10626
GO:0035039	male pronucleus assembly	4	1	0.11	0.10626
GO:0035041	sperm chromatin decondensation	4	1	0.11	0.10626
GO:0035336	long-chain fatty-acyl-CoA metabolic proc...	4	1	0.11	0.10626
GO:0035513	oxidative RNA demethylation	4	1	0.11	0.10626
GO:0035553	oxidative single-stranded RNA demethylat...	4	1	0.11	0.10626
GO:0035887	aortic smooth muscle cell differentiatio...	4	1	0.11	0.10626
GO:0039528	cytoplasmic pattern recognition receptor...	4	1	0.11	0.10626
GO:0042173	regulation of sporulation resulting in f...	4	1	0.11	0.10626
GO:0043367	CD4-positive, alpha-beta T cell differen...	4	1	0.11	0.10626
GO:0043506	regulation of JUN kinase activity	4	1	0.11	0.10626
GO:0043518	negative regulation of DNA damage respon...	4	1	0.11	0.10626
GO:0043940	regulation of sexual sporulation resulti...	4	1	0.11	0.10626
GO:0044346	fibroblast apoptotic process	4	1	0.11	0.10626
GO:0044789	modulation by host of viral release from...	4	1	0.11	0.10626
GO:0044791	positive regulation by host of viral rel...	4	1	0.11	0.10626
GO:0045776	negative regulation of blood pressure	4	1	0.11	0.10626
GO:0046457	prostanoid biosynthetic process	4	1	0.11	0.10626
GO:0048147	negative regulation of fibroblast prolif...	4	1	0.11	0.10626
GO:0050687	negative regulation of defense response ...	4	1	0.11	0.10626
GO:0051154	negative regulation of striated muscle c...	4	1	0.11	0.10626
GO:0051197	positive regulation of coenzyme metaboli...	4	1	0.11	0.10626
GO:0061844	antimicrobial humoral immune response me...	4	1	0.11	0.10626
GO:0071887	leukocyte apoptotic process	4	1	0.11	0.10626
GO:0090049	regulation of cell migration involved in...	4	1	0.11	0.10626
GO:0090156	cellular sphingolipid homeostasis	4	1	0.11	0.10626
GO:0090325	regulation of locomotion involved in loc...	4	1	0.11	0.10626
GO:0097009	energy homeostasis	4	1	0.11	0.10626
GO:1902023	L-arginine transport	4	1	0.11	0.10626
GO:1902047	polyamine transmembrane transport	4	1	0.11	0.10626
GO:1902255	positive regulation of intrinsic apoptot...	4	1	0.11	0.10626
GO:1903026	negative regulation of RNA polymerase II...	4	1	0.11	0.10626
GO:1903672	positive regulation of sprouting angioge...	4	1	0.11	0.10626
GO:1990116	ribosome-associated ubiquitin-dependent ...	4	1	0.11	0.10626
GO:1990822	basic amino acid transmembrane transport	4	1	0.11	0.10626
GO:2000615	regulation of histone H3-K9 acetylation	4	1	0.11	0.10626
GO:0007165	signal transduction	710	25	19.65	0.10659
GO:0007154	cell communication	845	29	23.39	0.10767
GO:0042060	wound healing	42	3	1.16	0.10880
GO:0009059	macromolecule biosynthetic process	983	33	27.21	0.10981
GO:0048522	positive regulation of cellular process	847	29	23.45	0.11026
GO:0010942	positive regulation of cell death	120	6	3.32	0.11294
GO:0031347	regulation of defense response	120	6	3.32	0.11294
GO:0002703	regulation of leukocyte mediated immunit...	21	2	0.58	0.11336
GO:0009404	toxin metabolic process	21	2	0.58	0.11336
GO:0016239	positive regulation of macroautophagy	21	2	0.58	0.11336
GO:0030810	positive regulation of nucleotide biosyn...	21	2	0.58	0.11336
GO:0032102	negative regulation of response to exter...	21	2	0.58	0.11336
GO:0048067	cuticle pigmentation	21	2	0.58	0.11336
GO:0071712	ER-associated misfolded protein cataboli...	21	2	0.58	0.11336
GO:1900373	positive regulation of purine nucleotide...	21	2	0.58	0.11336
GO:0030522	intracellular receptor signaling pathway	43	3	1.19	0.11473
GO:1903409	reactive oxygen species biosynthetic pro...	43	3	1.19	0.11473
GO:0009966	regulation of signal transduction	359	14	9.94	0.11482
GO:0006629	lipid metabolic process	329	13	9.11	0.11717
GO:0016999	antibiotic metabolic process	68	4	1.88	0.11755
GO:0050832	defense response to fungus	68	4	1.88	0.11755
GO:0009617	response to bacterium	150	7	4.15	0.11919
GO:1901575	organic substance catabolic process	653	23	18.08	0.12019
GO:0009615	response to virus	69	4	1.91	0.12228
GO:0036293	response to decreased oxygen levels	69	4	1.91	0.12228
GO:0030308	negative regulation of cell growth	22	2	0.61	0.12254
GO:0040002	collagen and cuticulin-based cuticle dev...	22	2	0.61	0.12254
GO:0043524	negative regulation of neuron apoptotic ...	22	2	0.61	0.12254
GO:0045981	positive regulation of nucleotide metabo...	22	2	0.61	0.12254
GO:0048565	digestive tract development	22	2	0.61	0.12254
GO:1900544	positive regulation of purine nucleotide...	22	2	0.61	0.12254
GO:0009991	response to extracellular stimulus	240	10	6.64	0.12386
GO:0006366	transcription by RNA polymerase II	302	12	8.36	0.12576
GO:0051247	positive regulation of protein metabolic...	302	12	8.36	0.12576
GO:0034599	cellular response to oxidative stress	124	6	3.43	0.12672
GO:0044283	small molecule biosynthetic process	365	14	10.1	0.12679
GO:0006869	lipid transport	45	3	1.25	0.12694
GO:0071902	positive regulation of protein serine/th...	45	3	1.25	0.12694
GO:1901361	organic cyclic compound catabolic proces...	272	11	7.53	0.12764
GO:0010604	positive regulation of macromolecule met...	559	20	15.47	0.12814
GO:0001837	epithelial to mesenchymal transition	5	1	0.14	0.13104
GO:0002260	lymphocyte homeostasis	5	1	0.14	0.13104
GO:0002704	negative regulation of leukocyte mediate...	5	1	0.14	0.13104
GO:0002833	positive regulation of response to bioti...	5	1	0.14	0.13104
GO:0006110	regulation of glycolytic process	5	1	0.14	0.13104
GO:0006392	transcription elongation from mitochondr...	5	1	0.14	0.13104
GO:0006572	tyrosine catabolic process	5	1	0.14	0.13104
GO:0006692	prostanoid metabolic process	5	1	0.14	0.13104
GO:0006693	prostaglandin metabolic process	5	1	0.14	0.13104
GO:0007117	budding cell bud growth	5	1	0.14	0.13104
GO:0007216	G protein-coupled glutamate receptor sig...	5	1	0.14	0.13104
GO:0007619	courtship behavior	5	1	0.14	0.13104
GO:0009102	biotin biosynthetic process	5	1	0.14	0.13104
GO:0009934	regulation of meristem structural organi...	5	1	0.14	0.13104
GO:0010440	stomatal lineage progression	5	1	0.14	0.13104
GO:0014015	positive regulation of gliogenesis	5	1	0.14	0.13104
GO:0014896	muscle hypertrophy	5	1	0.14	0.13104
GO:0015809	arginine transport	5	1	0.14	0.13104
GO:0015846	polyamine transport	5	1	0.14	0.13104
GO:0016242	negative regulation of macroautophagy	5	1	0.14	0.13104
GO:0018065	protein-cofactor linkage	5	1	0.14	0.13104
GO:0019405	alditol catabolic process	5	1	0.14	0.13104
GO:0019509	L-methionine salvage from methylthioaden...	5	1	0.14	0.13104
GO:0019563	glycerol catabolic process	5	1	0.14	0.13104
GO:0019730	antimicrobial humoral response	5	1	0.14	0.13104
GO:0021695	cerebellar cortex development	5	1	0.14	0.13104
GO:0030811	regulation of nucleotide catabolic proce...	5	1	0.14	0.13104
GO:0031101	fin regeneration	5	1	0.14	0.13104
GO:0031112	positive regulation of microtubule polym...	5	1	0.14	0.13104
GO:0031116	positive regulation of microtubule polym...	5	1	0.14	0.13104
GO:0031987	locomotion involved in locomotory behavi...	5	1	0.14	0.13104
GO:0032088	negative regulation of NF-kappaB transcr...	5	1	0.14	0.13104
GO:0033301	cell cycle comprising mitosis without cy...	5	1	0.14	0.13104
GO:0034121	regulation of toll-like receptor signali...	5	1	0.14	0.13104
GO:0034381	plasma lipoprotein particle clearance	5	1	0.14	0.13104
GO:0034383	low-density lipoprotein particle clearan...	5	1	0.14	0.13104
GO:0035162	embryonic hemopoiesis	5	1	0.14	0.13104
GO:0035710	CD4-positive, alpha-beta T cell activati...	5	1	0.14	0.13104
GO:0038171	cannabinoid signaling pathway	5	1	0.14	0.13104
GO:0043970	histone H3-K9 acetylation	5	1	0.14	0.13104
GO:0044788	modulation by host of viral process	5	1	0.14	0.13104
GO:0044794	positive regulation by host of viral pro...	5	1	0.14	0.13104
GO:0045429	positive regulation of nitric oxide bios...	5	1	0.14	0.13104
GO:0046340	diacylglycerol catabolic process	5	1	0.14	0.13104
GO:0046456	icosanoid biosynthetic process	5	1	0.14	0.13104
GO:0046949	fatty-acyl-CoA biosynthetic process	5	1	0.14	0.13104
GO:0048025	negative regulation of mRNA splicing, vi...	5	1	0.14	0.13104
GO:0048384	retinoic acid receptor signaling pathway	5	1	0.14	0.13104
GO:0048566	embryonic digestive tract development	5	1	0.14	0.13104
GO:0048825	cotyledon development	5	1	0.14	0.13104
GO:0050729	positive regulation of inflammatory resp...	5	1	0.14	0.13104
GO:0050922	negative regulation of chemotaxis	5	1	0.14	0.13104
GO:0051148	negative regulation of muscle cell diffe...	5	1	0.14	0.13104
GO:0051194	positive regulation of cofactor metaboli...	5	1	0.14	0.13104
GO:0055090	acylglycerol homeostasis	5	1	0.14	0.13104
GO:0060251	regulation of glial cell proliferation	5	1	0.14	0.13104
GO:0070328	triglyceride homeostasis	5	1	0.14	0.13104
GO:0070989	oxidative demethylation	5	1	0.14	0.13104
GO:0071000	response to magnetism	5	1	0.14	0.13104
GO:0071361	cellular response to ethanol	5	1	0.14	0.13104
GO:0071629	cytoplasm protein quality control by the...	5	1	0.14	0.13104
GO:0071926	endocannabinoid signaling pathway	5	1	0.14	0.13104
GO:0072718	response to cisplatin	5	1	0.14	0.13104
GO:0090140	regulation of mitochondrial fission	5	1	0.14	0.13104
GO:0090615	mitochondrial mRNA processing	5	1	0.14	0.13104
GO:0098920	retrograde trans-synaptic signaling by l...	5	1	0.14	0.13104
GO:0098921	retrograde trans-synaptic signaling by e...	5	1	0.14	0.13104
GO:0099541	trans-synaptic signaling by lipid	5	1	0.14	0.13104
GO:0099542	trans-synaptic signaling by endocannabin...	5	1	0.14	0.13104
GO:1901797	negative regulation of signal transducti...	5	1	0.14	0.13104
GO:1902229	regulation of intrinsic apoptotic signal...	5	1	0.14	0.13104
GO:1903025	regulation of RNA polymerase II regulato...	5	1	0.14	0.13104
GO:1904036	negative regulation of epithelial cell a...	5	1	0.14	0.13104
GO:1904407	positive regulation of nitric oxide meta...	5	1	0.14	0.13104
GO:0007531	mating type determination	23	2	0.64	0.13189
GO:0033559	unsaturated fatty acid metabolic process	23	2	0.64	0.13189
GO:0043486	histone exchange	23	2	0.64	0.13189
GO:0050920	regulation of chemotaxis	23	2	0.64	0.13189
GO:0051262	protein tetramerization	23	2	0.64	0.13189
GO:2001169	regulation of ATP biosynthetic process	23	2	0.64	0.13189
GO:0008285	negative regulation of cell proliferatio...	71	4	1.97	0.13198
GO:0009620	response to fungus	71	4	1.97	0.13198
GO:0018105	peptidyl-serine phosphorylation	71	4	1.97	0.13198
GO:0051817	modification of morphology or physiology...	46	3	1.27	0.13322
GO:0044403	symbiont process	126	6	3.49	0.13391
GO:0008610	lipid biosynthetic process	214	9	5.92	0.13471
GO:0010720	positive regulation of cell development	72	4	1.99	0.13695
GO:0002684	positive regulation of immune system pro...	99	5	2.74	0.13740
GO:0022603	regulation of anatomical structure morph...	156	7	4.32	0.13842
GO:0070887	cellular response to chemical stimulus	632	22	17.5	0.14002
GO:0030970	retrograde protein transport, ER to cyto...	24	2	0.66	0.14140
GO:0040003	chitin-based cuticle development	24	2	0.66	0.14140
GO:0050830	defense response to Gram-positive bacter...	24	2	0.66	0.14140
GO:1903513	endoplasmic reticulum to cytosol transpo...	24	2	0.66	0.14140
GO:2000145	regulation of cell motility	73	4	2.02	0.14199
GO:0031401	positive regulation of protein modificat...	158	7	4.37	0.14515
GO:0007476	imaginal disc-derived wing morphogenesis	48	3	1.33	0.14608
GO:0031056	regulation of histone modification	48	3	1.33	0.14608
GO:0035114	imaginal disc-derived appendage morphoge...	48	3	1.33	0.14608
GO:0018130	heterocycle biosynthetic process	838	28	23.2	0.14637
GO:0010171	body morphogenesis	25	2	0.69	0.15105
GO:0015695	organic cation transport	25	2	0.69	0.15105
GO:0042398	cellular modified amino acid biosyntheti...	25	2	0.69	0.15105
GO:0055123	digestive system development	25	2	0.69	0.15105
GO:0045088	regulation of innate immune response	75	4	2.08	0.15230
GO:0070482	response to oxygen levels	75	4	2.08	0.15230
GO:0007472	wing disc morphogenesis	49	3	1.36	0.15267
GO:0043473	pigmentation	49	3	1.36	0.15267
GO:0048737	imaginal disc-derived appendage developm...	49	3	1.36	0.15267
GO:0000128	flocculation	6	1	0.17	0.15513
GO:0000372	Group I intron splicing	6	1	0.17	0.15513
GO:0000376	RNA splicing, via transesterification re...	6	1	0.17	0.15513
GO:0001776	leukocyte homeostasis	6	1	0.17	0.15513
GO:0001942	hair follicle development	6	1	0.17	0.15513
GO:0002279	mast cell activation involved in immune ...	6	1	0.17	0.15513
GO:0002448	mast cell mediated immunity	6	1	0.17	0.15513
GO:0002695	negative regulation of leukocyte activat...	6	1	0.17	0.15513
GO:0002709	regulation of T cell mediated immunity	6	1	0.17	0.15513
GO:0006071	glycerol metabolic process	6	1	0.17	0.15513
GO:0006566	threonine metabolic process	6	1	0.17	0.15513
GO:0006658	phosphatidylserine metabolic process	6	1	0.17	0.15513
GO:0006750	glutathione biosynthetic process	6	1	0.17	0.15513
GO:0010017	red or far-red light signaling pathway	6	1	0.17	0.15513
GO:0010091	trichome branching	6	1	0.17	0.15513
GO:0010218	response to far red light	6	1	0.17	0.15513
GO:0010269	response to selenium ion	6	1	0.17	0.15513
GO:0014911	positive regulation of smooth muscle cel...	6	1	0.17	0.15513
GO:0015801	aromatic amino acid transport	6	1	0.17	0.15513
GO:0015802	basic amino acid transport	6	1	0.17	0.15513
GO:0015909	long-chain fatty acid transport	6	1	0.17	0.15513
GO:0022405	hair cycle process	6	1	0.17	0.15513
GO:0030890	positive regulation of B cell proliferat...	6	1	0.17	0.15513
GO:0031102	neuron projection regeneration	6	1	0.17	0.15513
GO:0031103	axon regeneration	6	1	0.17	0.15513
GO:0033003	regulation of mast cell activation	6	1	0.17	0.15513
GO:0033006	regulation of mast cell activation invol...	6	1	0.17	0.15513
GO:0033119	negative regulation of RNA splicing	6	1	0.17	0.15513
GO:0033146	regulation of intracellular estrogen rec...	6	1	0.17	0.15513
GO:0034337	RNA folding	6	1	0.17	0.15513
GO:0035103	sterol regulatory element binding protei...	6	1	0.17	0.15513
GO:0035172	hemocyte proliferation	6	1	0.17	0.15513
GO:0042311	vasodilation	6	1	0.17	0.15513
GO:0042407	cristae formation	6	1	0.17	0.15513
GO:0043300	regulation of leukocyte degranulation	6	1	0.17	0.15513
GO:0043303	mast cell degranulation	6	1	0.17	0.15513
GO:0043304	regulation of mast cell degranulation	6	1	0.17	0.15513
GO:0043470	regulation of carbohydrate catabolic pro...	6	1	0.17	0.15513
GO:0043516	regulation of DNA damage response, signa...	6	1	0.17	0.15513
GO:0043536	positive regulation of blood vessel endo...	6	1	0.17	0.15513
GO:0043921	modulation by host of viral transcriptio...	6	1	0.17	0.15513
GO:0045116	protein neddylation	6	1	0.17	0.15513
GO:0045576	mast cell activation	6	1	0.17	0.15513
GO:0045913	positive regulation of carbohydrate meta...	6	1	0.17	0.15513
GO:0046330	positive regulation of JNK cascade	6	1	0.17	0.15513
GO:0050434	positive regulation of viral transcripti...	6	1	0.17	0.15513
GO:0050686	negative regulation of mRNA processing	6	1	0.17	0.15513
GO:0052472	modulation by host of symbiont transcrip...	6	1	0.17	0.15513
GO:0055093	response to hyperoxia	6	1	0.17	0.15513
GO:0060179	male mating behavior	6	1	0.17	0.15513
GO:0060256	regulation of flocculation	6	1	0.17	0.15513
GO:0060257	negative regulation of flocculation	6	1	0.17	0.15513
GO:0071489	cellular response to red or far red ligh...	6	1	0.17	0.15513
GO:0098773	skin epidermis development	6	1	0.17	0.15513
GO:1900460	negative regulation of invasive growth i...	6	1	0.17	0.15513
GO:1900462	negative regulation of pseudohyphal grow...	6	1	0.17	0.15513
GO:1901798	positive regulation of signal transducti...	6	1	0.17	0.15513
GO:1902175	regulation of oxidative stress-induced i...	6	1	0.17	0.15513
GO:1903146	regulation of autophagy of mitochondrion	6	1	0.17	0.15513
GO:1903428	positive regulation of reactive oxygen s...	6	1	0.17	0.15513
GO:1903576	response to L-arginine	6	1	0.17	0.15513
GO:1903651	positive regulation of cytoplasmic trans...	6	1	0.17	0.15513
GO:2000218	negative regulation of invasive growth i...	6	1	0.17	0.15513
GO:2000678	negative regulation of transcription reg...	6	1	0.17	0.15513
GO:0040011	locomotion	252	10	6.98	0.15561
GO:0072593	reactive oxygen species metabolic proces...	76	4	2.1	0.15756
GO:0042493	response to drug	284	11	7.86	0.15797
GO:0016477	cell migration	104	5	2.88	0.15919
GO:0035120	post-embryonic appendage morphogenesis	50	3	1.38	0.15935
GO:0045666	positive regulation of neuron differenti...	50	3	1.38	0.15935
GO:0019217	regulation of fatty acid metabolic proce...	26	2	0.72	0.16083
GO:0009967	positive regulation of signal transducti...	193	8	5.34	0.16251
GO:0007041	lysosomal transport	51	3	1.41	0.16611
GO:0045727	positive regulation of translation	51	3	1.41	0.16611
GO:0006793	phosphorus metabolic process	748	25	20.71	0.16674
GO:0016482	cytosolic transport	78	4	2.16	0.16828
GO:1990748	cellular detoxification	78	4	2.16	0.16828
GO:0007034	vacuolar transport	106	5	2.93	0.16829
GO:0051093	negative regulation of developmental pro...	106	5	2.93	0.16829
GO:0042886	amide transport	482	17	13.34	0.16977
GO:0002218	activation of innate immune response	27	2	0.75	0.17073
