GO.ID	Term	Annotated	Significant	Expected	classic
GO:0045840	positive regulation of mitotic nuclear d...	46	23	9.33	5.7e-06
GO:0062033	positive regulation of mitotic sister ch...	40	20	8.11	2.4e-05
GO:0051785	positive regulation of nuclear division	50	23	10.14	3.3e-05
GO:0071705	nitrogen compound transport	568	151	115.19	3.7e-05
GO:0045842	positive regulation of mitotic metaphase...	35	18	7.1	3.7e-05
GO:1901970	positive regulation of mitotic sister ch...	35	18	7.1	3.7e-05
GO:0051306	mitotic sister chromatid separation	67	28	13.59	4.1e-05
GO:0051984	positive regulation of chromosome segreg...	48	22	9.73	5.2e-05
GO:0006810	transport	945	232	191.65	7.5e-05
GO:0045184	establishment of protein localization	484	130	98.15	9.0e-05
GO:1902101	positive regulation of metaphase/anaphas...	37	18	7.5	9.6e-05
GO:1905820	positive regulation of chromosome separa...	37	18	7.5	9.6e-05
GO:0051234	establishment of localization	981	239	198.95	9.7e-05
GO:0007091	metaphase/anaphase transition of mitotic...	60	25	12.17	0.00011
GO:0030071	regulation of mitotic metaphase/anaphase...	60	25	12.17	0.00011
GO:0009057	macromolecule catabolic process	443	120	89.84	0.00012
GO:0051179	localization	1156	275	234.44	0.00014
GO:0044403	symbiont process	126	43	25.55	0.00015
GO:0071702	organic substance transport	596	154	120.87	0.00016
GO:0010965	regulation of mitotic sister chromatid s...	61	25	12.37	0.00016
GO:0033047	regulation of mitotic sister chromatid s...	75	29	15.21	0.00016
GO:0015031	protein transport	455	122	92.27	0.00017
GO:0044265	cellular macromolecule catabolic process	404	110	81.93	0.00020
GO:0044784	metaphase/anaphase transition of cell cy...	62	25	12.57	0.00021
GO:1902099	regulation of metaphase/anaphase transit...	62	25	12.57	0.00021
GO:0016032	viral process	91	33	18.45	0.00025
GO:0015833	peptide transport	472	125	95.72	0.00025
GO:0042886	amide transport	482	127	97.75	0.00028
GO:0016071	mRNA metabolic process	317	89	64.29	0.00028
GO:1905818	regulation of chromosome separation	63	25	12.78	0.00029
GO:0051983	regulation of chromosome segregation	88	32	17.85	0.00029
GO:0044770	cell cycle phase transition	214	64	43.4	0.00034
GO:0034035	purine ribonucleoside bisphosphate metab...	7	6	1.42	0.00040
GO:0034036	purine ribonucleoside bisphosphate biosy...	7	6	1.42	0.00040
GO:0050427	3'-phosphoadenosine 5'-phosphosulfate me...	7	6	1.42	0.00040
GO:0050428	3'-phosphoadenosine 5'-phosphosulfate bi...	7	6	1.42	0.00040
GO:0072594	establishment of protein localization to...	245	71	49.69	0.00046
GO:0051304	chromosome separation	90	32	18.25	0.00046
GO:0051781	positive regulation of cell division	51	21	10.34	0.00048
GO:0045931	positive regulation of mitotic cell cycl...	94	33	19.06	0.00049
GO:0033045	regulation of sister chromatid segregati...	83	30	16.83	0.00050
GO:0022618	ribonucleoprotein complex assembly	156	49	31.64	0.00051
GO:0008104	protein localization	646	162	131.01	0.00052
GO:0006886	intracellular protein transport	383	103	77.67	0.00054
GO:0043933	protein-containing complex subunit organ...	624	157	126.55	0.00055
GO:0044419	interspecies interaction between organis...	161	50	32.65	0.00060
GO:0019538	protein metabolic process	1299	300	263.44	0.00066
GO:1901987	regulation of cell cycle phase transitio...	174	53	35.29	0.00069
GO:0006401	RNA catabolic process	158	49	32.04	0.00070
GO:0009894	regulation of catabolic process	270	76	54.76	0.00075
GO:0000956	nuclear-transcribed mRNA catabolic proce...	119	39	24.13	0.00076
GO:0006402	mRNA catabolic process	139	44	28.19	0.00082
GO:0016246	RNA interference	15	9	3.04	0.00085
GO:0044772	mitotic cell cycle phase transition	201	59	40.76	0.00099
GO:0007088	regulation of mitotic nuclear division	109	36	22.11	0.00103
GO:1901566	organonitrogen compound biosynthetic pro...	770	187	156.16	0.00104
GO:0051130	positive regulation of cellular componen...	244	69	49.48	0.00116
GO:0046907	intracellular transport	512	130	103.83	0.00128
GO:0090068	positive regulation of cell cycle proces...	122	39	24.74	0.00130
GO:0000290	deadenylation-dependent decapping of nuc...	8	6	1.62	0.00131
GO:0006839	mitochondrial transport	80	28	16.22	0.00137
GO:0031329	regulation of cellular catabolic process	254	71	51.51	0.00139
GO:1901992	positive regulation of mitotic cell cycl...	69	25	13.99	0.00140
GO:0034613	cellular protein localization	545	137	110.53	0.00144
GO:0051649	establishment of localization in cell	568	142	115.19	0.00148
GO:0015931	nucleobase-containing compound transport	123	39	24.94	0.00155
GO:0051783	regulation of nuclear division	123	39	24.94	0.00155
GO:0044267	cellular protein metabolic process	1217	280	246.81	0.00163
GO:0007008	outer mitochondrial membrane organizatio...	4	4	0.81	0.00168
GO:0045040	protein import into mitochondrial outer ...	4	4	0.81	0.00168
GO:0051301	cell division	205	59	41.57	0.00168
GO:0043243	positive regulation of protein complex d...	6	5	1.22	0.00169
GO:0046963	3'-phosphoadenosine 5'-phosphosulfate tr...	6	5	1.22	0.00169
GO:0050690	regulation of defense response to virus ...	6	5	1.22	0.00169
GO:1902559	3'-phospho-5'-adenylyl sulfate transmemb...	6	5	1.22	0.00169
GO:1901990	regulation of mitotic cell cycle phase t...	164	49	33.26	0.00175
GO:0034220	ion transmembrane transport	218	62	44.21	0.00178
GO:0071826	ribonucleoprotein complex subunit organi...	165	49	33.46	0.00202
GO:0006412	translation	309	83	62.67	0.00203
GO:0033866	nucleoside bisphosphate biosynthetic pro...	32	14	6.49	0.00213
GO:0034030	ribonucleoside bisphosphate biosynthetic...	32	14	6.49	0.00213
GO:0034033	purine nucleoside bisphosphate biosynthe...	32	14	6.49	0.00213
GO:0070727	cellular macromolecule localization	564	140	114.38	0.00220
GO:0010629	negative regulation of gene expression	398	103	80.71	0.00228
GO:0043604	amide biosynthetic process	385	100	78.08	0.00234
GO:0010638	positive regulation of organelle organiz...	154	46	31.23	0.00242
GO:0007346	regulation of mitotic cell cycle	225	63	45.63	0.00248
GO:0017038	protein import	83	28	16.83	0.00257
GO:0032434	regulation of proteasomal ubiquitin-depe...	83	28	16.83	0.00257
GO:0017148	negative regulation of translation	36	15	7.3	0.00268
GO:0072657	protein localization to membrane	151	45	30.62	0.00283
GO:0043043	peptide biosynthetic process	326	86	66.11	0.00300
GO:0010605	negative regulation of macromolecule met...	519	129	105.25	0.00323
GO:0006605	protein targeting	198	56	40.15	0.00337
GO:1901989	positive regulation of cell cycle phase ...	73	25	14.8	0.00341
GO:0098662	inorganic cation transmembrane transport	108	34	21.9	0.00347
GO:1901564	organonitrogen compound metabolic proces...	1721	380	349.02	0.00362
GO:0033044	regulation of chromosome organization	178	51	36.1	0.00380
GO:0051641	cellular localization	706	169	143.18	0.00402
GO:0009056	catabolic process	786	186	159.4	0.00421
GO:0065003	protein-containing complex assembly	550	135	111.54	0.00424
GO:0032940	secretion by cell	196	55	39.75	0.00440
GO:0046903	secretion	209	58	42.39	0.00455
GO:0009896	positive regulation of catabolic process	130	39	26.36	0.00468
GO:0051302	regulation of cell division	94	30	19.06	0.00472
GO:0006811	ion transport	287	76	58.2	0.00473
GO:0000910	cytokinesis	98	31	19.87	0.00476
GO:1901575	organic substance catabolic process	653	157	132.43	0.00480
GO:0045927	positive regulation of growth	45	17	9.13	0.00486
GO:0070647	protein modification by small protein co...	244	66	49.48	0.00493
GO:0034249	negative regulation of cellular amide me...	38	15	7.71	0.00497
GO:0008340	determination of adult lifespan	79	26	16.02	0.00526
GO:0006518	peptide metabolic process	368	94	74.63	0.00544
GO:1903311	regulation of mRNA metabolic process	64	22	12.98	0.00558
GO:0061136	regulation of proteasomal protein catabo...	99	31	20.08	0.00563
GO:0044248	cellular catabolic process	744	176	150.88	0.00567
GO:0033036	macromolecule localization	721	171	146.22	0.00579
GO:0032436	positive regulation of proteasomal ubiqu...	68	23	13.79	0.00582
GO:0007568	aging	165	47	33.46	0.00608
GO:0051726	regulation of cell cycle	334	86	67.73	0.00623
GO:0000041	transition metal ion transport	46	17	9.33	0.00630
GO:0009892	negative regulation of metabolic process	565	137	114.58	0.00639
GO:0031331	positive regulation of cellular cataboli...	120	36	24.34	0.00646
GO:0034655	nucleobase-containing compound catabolic...	238	64	48.27	0.00648
GO:0090150	establishment of protein localization to...	116	35	23.52	0.00652
GO:0055085	transmembrane transport	308	80	62.46	0.00653
GO:2000058	regulation of ubiquitin-dependent protei...	92	29	18.66	0.00659
GO:0009100	glycoprotein metabolic process	96	30	19.47	0.00662
GO:0000278	mitotic cell cycle	384	97	77.87	0.00674
GO:0010466	negative regulation of peptidase activit...	10	6	2.03	0.00676
GO:0010951	negative regulation of endopeptidase act...	10	6	2.03	0.00676
GO:1903047	mitotic cell cycle process	353	90	71.59	0.00691
GO:1901994	negative regulation of meiotic cell cycl...	5	4	1.01	0.00704
GO:1902103	negative regulation of metaphase/anaphas...	5	4	1.01	0.00704
GO:1902407	assembly of actomyosin apparatus involve...	5	4	1.01	0.00704
GO:1903475	mitotic actomyosin contractile ring asse...	5	4	1.01	0.00704
GO:1905133	negative regulation of meiotic chromosom...	5	4	1.01	0.00704
GO:0015865	purine nucleotide transport	19	9	3.85	0.00716
GO:0071028	nuclear mRNA surveillance	13	7	2.64	0.00747
GO:0031032	actomyosin structure organization	29	12	5.88	0.00752
GO:0010259	multicellular organism aging	81	26	16.43	0.00760
GO:0043632	modification-dependent macromolecule cat...	231	62	46.85	0.00766
GO:0051168	nuclear export	85	27	17.24	0.00769
GO:1901988	negative regulation of cell cycle phase ...	85	27	17.24	0.00769
GO:0010564	regulation of cell cycle process	253	67	51.31	0.00788
GO:0008380	RNA splicing	163	46	33.06	0.00796
GO:0098655	cation transmembrane transport	138	40	27.99	0.00803
GO:0006812	cation transport	176	49	35.69	0.00828
GO:0002188	translation reinitiation	3	3	0.61	0.00831
GO:0008615	pyridoxine biosynthetic process	3	3	0.61	0.00831
GO:0035268	protein mannosylation	3	3	0.61	0.00831
GO:0035269	protein O-linked mannosylation	3	3	0.61	0.00831
GO:0060339	negative regulation of type I interferon...	3	3	0.61	0.00831
GO:0071033	nuclear retention of pre-mRNA at the sit...	3	3	0.61	0.00831
GO:0097307	response to farnesol	3	3	0.61	0.00831
GO:0097308	cellular response to farnesol	3	3	0.61	0.00831
GO:1901562	response to paraquat	3	3	0.61	0.00831
GO:1990151	protein localization to cell tip	3	3	0.61	0.00831
GO:1902652	secondary alcohol metabolic process	26	11	5.27	0.00855
GO:0042176	regulation of protein catabolic process	122	36	24.74	0.00860
GO:0000281	mitotic cytokinesis	70	23	14.2	0.00862
GO:2000060	positive regulation of ubiquitin-depende...	70	23	14.2	0.00862
GO:0030866	cortical actin cytoskeleton organization	40	15	8.11	0.00863
GO:0009152	purine ribonucleotide biosynthetic proce...	118	35	23.93	0.00873
GO:0044272	sulfur compound biosynthetic process	74	24	15.01	0.00881
GO:0006898	receptor-mediated endocytosis	33	13	6.69	0.00889
GO:1903050	regulation of proteolysis involved in ce...	106	32	21.5	0.00902
GO:1903362	regulation of cellular protein catabolic...	106	32	21.5	0.00902
GO:1901576	organic substance biosynthetic process	1507	333	305.62	0.00911
GO:0045732	positive regulation of protein catabolic...	86	27	17.44	0.00911
GO:0010498	proteasomal protein catabolic process	194	53	39.34	0.00921
GO:0032268	regulation of cellular protein metabolic...	493	120	99.98	0.00961
GO:0048639	positive regulation of developmental gro...	23	10	4.66	0.00963
GO:1902653	secondary alcohol biosynthetic process	23	10	4.66	0.00963
GO:0043603	cellular amide metabolic process	466	114	94.5	0.00989
GO:0006397	mRNA processing	182	50	36.91	0.01009
GO:0043161	proteasome-mediated ubiquitin-dependent ...	182	50	36.91	0.01009
GO:0033865	nucleoside bisphosphate metabolic proces...	48	17	9.73	0.01018
GO:0033875	ribonucleoside bisphosphate metabolic pr...	48	17	9.73	0.01018
GO:0034032	purine nucleoside bisphosphate metabolic...	48	17	9.73	0.01018
GO:0006413	translational initiation	115	34	23.32	0.01019
GO:0000291	nuclear-transcribed mRNA catabolic proce...	30	12	6.08	0.01028
GO:1901800	positive regulation of proteasomal prote...	75	24	15.21	0.01055
GO:1903052	positive regulation of proteolysis invol...	75	24	15.21	0.01055
GO:1903364	positive regulation of cellular protein ...	75	24	15.21	0.01055
GO:2001252	positive regulation of chromosome organi...	95	29	19.27	0.01071
GO:0030260	entry into host cell	8	5	1.62	0.01097
GO:0031204	posttranslational protein targeting to m...	8	5	1.62	0.01097
GO:0043154	negative regulation of cysteine-type end...	8	5	1.62	0.01097
GO:0044409	entry into host	8	5	1.62	0.01097
GO:0046902	regulation of mitochondrial membrane per...	8	5	1.62	0.01097
GO:0051806	entry into cell of other organism involv...	8	5	1.62	0.01097
GO:0051828	entry into other organism involved in sy...	8	5	1.62	0.01097
GO:2000117	negative regulation of cysteine-type end...	8	5	1.62	0.01097
GO:0042255	ribosome assembly	56	19	11.36	0.01129
GO:0031145	anaphase-promoting complex-dependent cat...	17	8	3.45	0.01169
GO:1901679	nucleotide transmembrane transport	17	8	3.45	0.01169
GO:0006511	ubiquitin-dependent protein catabolic pr...	218	58	44.21	0.01184
GO:0051246	regulation of protein metabolic process	510	123	103.43	0.01195
GO:0043902	positive regulation of multi-organism pr...	64	21	12.98	0.01201
GO:0022402	cell cycle process	478	116	96.94	0.01205
GO:0000398	mRNA splicing, via spliceosome	137	39	27.78	0.01207
GO:0098660	inorganic ion transmembrane transport	137	39	27.78	0.01207
GO:0033043	regulation of organelle organization	360	90	73.01	0.01212
GO:0006366	transcription by RNA polymerase II	302	77	61.25	0.01229
GO:0006620	posttranslational protein targeting to e...	11	6	2.23	0.01235
GO:0006636	unsaturated fatty acid biosynthetic proc...	11	6	2.23	0.01235
GO:0045835	negative regulation of meiotic nuclear d...	11	6	2.23	0.01235
GO:0072530	purine-containing compound transmembrane...	11	6	2.23	0.01235
GO:0090559	regulation of membrane permeability	11	6	2.23	0.01235
GO:0046825	regulation of protein export from nucleu...	14	7	2.84	0.01236
GO:0071025	RNA surveillance	14	7	2.84	0.01236
GO:0071027	nuclear RNA surveillance	14	7	2.84	0.01236
GO:0072599	establishment of protein localization to...	76	24	15.41	0.01255
GO:0006611	protein export from nucleus	84	26	17.04	0.01264
GO:0061640	cytoskeleton-dependent cytokinesis	84	26	17.04	0.01264
GO:0080090	regulation of primary metabolic process	933	213	189.21	0.01269
GO:0000375	RNA splicing, via transesterification re...	146	41	29.61	0.01299
GO:0045787	positive regulation of cell cycle	146	41	29.61	0.01299
GO:0006164	purine nucleotide biosynthetic process	121	35	24.54	0.01316
GO:0006887	exocytosis	117	34	23.73	0.01341
GO:0009165	nucleotide biosynthetic process	159	44	32.25	0.01345
GO:0002183	cytoplasmic translational initiation	31	12	6.29	0.01376
GO:0006903	vesicle targeting	31	12	6.29	0.01376
GO:0051050	positive regulation of transport	134	38	27.18	0.01400
GO:0019941	modification-dependent protein catabolic...	220	58	44.62	0.01438
GO:0062012	regulation of small molecule metabolic p...	97	29	19.67	0.01448
GO:0000184	nuclear-transcribed mRNA catabolic proce...	77	24	15.62	0.01486
GO:1901293	nucleoside phosphate biosynthetic proces...	160	44	32.45	0.01505
GO:0035194	posttranscriptional gene silencing by RN...	46	16	9.33	0.01505
GO:0009108	coenzyme biosynthetic process	118	34	23.93	0.01531
GO:0010467	gene expression	1148	257	232.81	0.01540
GO:0030163	protein catabolic process	287	73	58.2	0.01551
GO:0006357	regulation of transcription by RNA polym...	256	66	51.92	0.01557
GO:0006417	regulation of translation	135	38	27.38	0.01582
GO:0016192	vesicle-mediated transport	341	85	69.15	0.01584
GO:0006415	translational termination	28	11	5.68	0.01604
GO:0090407	organophosphate biosynthetic process	252	65	51.11	0.01615
GO:0010558	negative regulation of macromolecule bio...	261	67	52.93	0.01637
GO:0098657	import into cell	148	41	30.01	0.01642
GO:0033365	protein localization to organelle	346	86	70.17	0.01644
GO:0043624	cellular protein complex disassembly	58	19	11.76	0.01677
GO:0000377	RNA splicing, via transesterification re...	144	40	29.2	0.01688
GO:0044270	cellular nitrogen compound catabolic pro...	257	66	52.12	0.01698
GO:0006913	nucleocytoplasmic transport	123	35	24.94	0.01703
GO:0051169	nuclear transport	123	35	24.94	0.01703
GO:0006897	endocytosis	140	39	28.39	0.01736
GO:0006695	cholesterol biosynthetic process	18	8	3.65	0.01739
GO:0015868	purine ribonucleotide transport	18	8	3.65	0.01739
GO:0051503	adenine nucleotide transport	18	8	3.65	0.01739
GO:0106118	regulation of sterol biosynthetic proces...	18	8	3.65	0.01739
GO:1901991	negative regulation of mitotic cell cycl...	78	24	15.82	0.01748
GO:0035966	response to topologically incorrect prot...	74	23	15.01	0.01749
GO:0045047	protein targeting to ER	74	23	15.01	0.01749
GO:0034622	cellular protein-containing complex asse...	415	101	84.16	0.01759
GO:0006516	glycoprotein catabolic process	6	4	1.22	0.01774
GO:0009313	oligosaccharide catabolic process	6	4	1.22	0.01774
GO:0031291	Ran protein signal transduction	6	4	1.22	0.01774
GO:0032466	negative regulation of cytokinesis	6	4	1.22	0.01774
GO:0033077	T cell differentiation in thymus	6	4	1.22	0.01774
GO:0046329	negative regulation of JNK cascade	6	4	1.22	0.01774
GO:0061014	positive regulation of mRNA catabolic pr...	6	4	1.22	0.01774
GO:0090231	regulation of spindle checkpoint	6	4	1.22	0.01774
GO:0090266	regulation of mitotic cell cycle spindle...	6	4	1.22	0.01774
GO:1903504	regulation of mitotic spindle checkpoint	6	4	1.22	0.01774
GO:0030865	cortical cytoskeleton organization	43	15	8.72	0.01780
GO:0000096	sulfur amino acid metabolic process	32	12	6.49	0.01808
GO:0030001	metal ion transport	111	32	22.51	0.01819
GO:0006732	coenzyme metabolic process	179	48	36.3	0.01829
GO:0048199	vesicle targeting, to, from or within Go...	25	10	5.07	0.01864
GO:0000288	nuclear-transcribed mRNA catabolic proce...	47	16	9.53	0.01866
GO:0034763	negative regulation of transmembrane tra...	15	7	3.04	0.01920
GO:0097384	cellular lipid biosynthetic process	15	7	3.04	0.01920
GO:0009260	ribonucleotide biosynthetic process	124	35	25.15	0.01928
GO:0046390	ribose phosphate biosynthetic process	124	35	25.15	0.01928
GO:0032269	negative regulation of cellular protein ...	171	46	34.68	0.01953
GO:0010942	positive regulation of cell death	120	34	24.34	0.01976
GO:0031047	gene silencing by RNA	55	18	11.15	0.01984
GO:0019439	aromatic compound catabolic process	259	66	52.53	0.02012
GO:0051648	vesicle localization	79	24	16.02	0.02046
GO:0051650	establishment of vesicle localization	79	24	16.02	0.02046
GO:0009756	carbohydrate mediated signaling	12	6	2.43	0.02053
GO:0010182	sugar mediated signaling pathway	12	6	2.43	0.02053
GO:0016128	phytosteroid metabolic process	12	6	2.43	0.02053
GO:0016129	phytosteroid biosynthetic process	12	6	2.43	0.02053
GO:0033962	cytoplasmic mRNA processing body assembl...	12	6	2.43	0.02053
GO:0040018	positive regulation of multicellular org...	12	6	2.43	0.02053
GO:0006029	proteoglycan metabolic process	9	5	1.83	0.02060
GO:0009863	salicylic acid mediated signaling pathwa...	9	5	1.83	0.02060
GO:0015012	heparan sulfate proteoglycan biosyntheti...	9	5	1.83	0.02060
GO:0030166	proteoglycan biosynthetic process	9	5	1.83	0.02060
GO:0030201	heparan sulfate proteoglycan metabolic p...	9	5	1.83	0.02060
GO:0032873	negative regulation of stress-activated ...	9	5	1.83	0.02060
GO:0045940	positive regulation of steroid metabolic...	9	5	1.83	0.02060
GO:0070303	negative regulation of stress-activated ...	9	5	1.83	0.02060
GO:0097734	extracellular exosome biogenesis	9	5	1.83	0.02060
GO:0140112	extracellular vesicle biogenesis	9	5	1.83	0.02060
GO:1990182	exosomal secretion	9	5	1.83	0.02060
GO:0032506	cytokinetic process	40	14	8.11	0.02107
GO:0007049	cell cycle	533	126	108.09	0.02117
GO:0051603	proteolysis involved in cellular protein...	242	62	49.08	0.02143
GO:0044837	actomyosin contractile ring organization	22	9	4.46	0.02157
GO:0048207	vesicle targeting, rough ER to cis-Golgi	22	9	4.46	0.02157
GO:0048208	COPII vesicle coating	22	9	4.46	0.02157
GO:0090503	RNA phosphodiester bond hydrolysis, exon...	22	9	4.46	0.02157
GO:0051248	negative regulation of protein metabolic...	172	46	34.88	0.02163
GO:0051049	regulation of transport	260	66	52.73	0.02186
GO:1901137	carbohydrate derivative biosynthetic pro...	260	66	52.73	0.02186
GO:1902600	proton transmembrane transport	44	15	8.92	0.02211
GO:0044257	cellular protein catabolic process	256	65	51.92	0.02269
GO:0009058	biosynthetic process	1547	337	313.73	0.02284
GO:0032446	protein modification by small protein co...	186	49	37.72	0.02380
GO:0006633	fatty acid biosynthetic process	56	18	11.36	0.02389
GO:0019058	viral life cycle	56	18	11.36	0.02389
GO:0006352	DNA-templated transcription, initiation	64	20	12.98	0.02426
GO:1901362	organic cyclic compound biosynthetic pro...	889	201	180.29	0.02441
GO:0048193	Golgi vesicle transport	126	35	25.55	0.02449
GO:0034427	nuclear-transcribed mRNA catabolic proce...	19	8	3.85	0.02483
GO:0034661	ncRNA catabolic process	19	8	3.85	0.02483
GO:0043588	skin development	19	8	3.85	0.02483
GO:1902930	regulation of alcohol biosynthetic proce...	19	8	3.85	0.02483
GO:2001235	positive regulation of apoptotic signali...	19	8	3.85	0.02483
GO:0016126	sterol biosynthetic process	26	10	5.27	0.02494
GO:0031333	negative regulation of protein complex a...	26	10	5.27	0.02494
GO:0048194	Golgi vesicle budding	26	10	5.27	0.02494
GO:1901264	carbohydrate derivative transport	37	13	7.5	0.02496
GO:0044271	cellular nitrogen compound biosynthetic ...	1091	243	221.25	0.02498
GO:0000070	mitotic sister chromatid segregation	139	38	28.19	0.02512
GO:0043254	regulation of protein complex assembly	97	28	19.67	0.02571
GO:0007265	Ras protein signal transduction	41	14	8.31	0.02622
GO:0044249	cellular biosynthetic process	1521	331	308.46	0.02646
GO:0031327	negative regulation of cellular biosynth...	276	69	55.97	0.02687
GO:0045930	negative regulation of mitotic cell cycl...	110	31	22.31	0.02725
GO:0006109	regulation of carbohydrate metabolic pro...	30	11	6.08	0.02758
GO:0051788	response to misfolded protein	30	11	6.08	0.02758
GO:0070972	protein localization to endoplasmic reti...	81	24	16.43	0.02758
GO:2000113	negative regulation of cellular macromol...	254	64	51.51	0.02769
GO:0006367	transcription initiation from RNA polyme...	49	16	9.94	0.02783
GO:0051171	regulation of nitrogen compound metaboli...	892	201	180.9	0.02809
GO:0001960	negative regulation of cytokine-mediated...	4	3	0.81	0.02820
GO:0006449	regulation of translational termination	4	3	0.81	0.02820
GO:0006829	zinc ion transport	4	3	0.81	0.02820
GO:0007391	dorsal closure	4	3	0.81	0.02820
GO:0008614	pyridoxine metabolic process	4	3	0.81	0.02820
GO:0010216	maintenance of DNA methylation	4	3	0.81	0.02820
GO:0015985	energy coupled proton transport, down el...	4	3	0.81	0.02820
GO:0015986	ATP synthesis coupled proton transport	4	3	0.81	0.02820
GO:0030212	hyaluronan metabolic process	4	3	0.81	0.02820
GO:0030727	germarium-derived female germ-line cyst ...	4	3	0.81	0.02820
GO:0031086	nuclear-transcribed mRNA catabolic proce...	4	3	0.81	0.02820
GO:0031087	deadenylation-independent decapping of n...	4	3	0.81	0.02820
GO:0031638	zymogen activation	4	3	0.81	0.02820
GO:0033316	meiotic spindle assembly checkpoint	4	3	0.81	0.02820
GO:0042262	DNA protection	4	3	0.81	0.02820
GO:0044346	fibroblast apoptotic process	4	3	0.81	0.02820
GO:0044396	actin cortical patch organization	4	3	0.81	0.02820
GO:0044779	meiotic spindle checkpoint	4	3	0.81	0.02820
GO:0046635	positive regulation of alpha-beta T cell...	4	3	0.81	0.02820
GO:0048134	germ-line cyst formation	4	3	0.81	0.02820
GO:0048135	female germ-line cyst formation	4	3	0.81	0.02820
GO:0051693	actin filament capping	4	3	0.81	0.02820
GO:0060761	negative regulation of response to cytok...	4	3	0.81	0.02820
GO:1902255	positive regulation of intrinsic apoptot...	4	3	0.81	0.02820
GO:1990641	response to iron ion starvation	4	3	0.81	0.02820
GO:0045540	regulation of cholesterol biosynthetic p...	16	7	3.24	0.02830
GO:0060260	regulation of transcription initiation f...	16	7	3.24	0.02830
GO:0046700	heterocycle catabolic process	259	65	52.53	0.02888
GO:0006862	nucleotide transport	23	9	4.66	0.02925
GO:1903902	positive regulation of viral life cycle	23	9	4.66	0.02925
GO:0006900	vesicle budding from membrane	34	12	6.9	0.02961
GO:0072522	purine-containing compound biosynthetic ...	132	36	26.77	0.02981
GO:0051172	negative regulation of nitrogen compound...	382	92	77.47	0.03022
GO:0050657	nucleic acid transport	90	26	18.25	0.03060
GO:0050658	RNA transport	90	26	18.25	0.03060
GO:0007283	spermatogenesis	128	35	25.96	0.03074
GO:0006517	protein deglycosylation	13	6	2.64	0.03173
GO:0008637	apoptotic mitochondrial changes	13	6	2.64	0.03173
GO:0042026	protein refolding	13	6	2.64	0.03173
GO:0042304	regulation of fatty acid biosynthetic pr...	13	6	2.64	0.03173
GO:0044107	cellular alcohol metabolic process	13	6	2.64	0.03173
GO:0052167	modulation by symbiont of host innate im...	13	6	2.64	0.03173
GO:0052306	modulation by organism of innate immune ...	13	6	2.64	0.03173
GO:0052552	modulation by organism of immune respons...	13	6	2.64	0.03173
GO:0052553	modulation by symbiont of host immune re...	13	6	2.64	0.03173
GO:0060261	positive regulation of transcription ini...	13	6	2.64	0.03173
GO:2000144	positive regulation of DNA-templated tra...	13	6	2.64	0.03173
GO:0016567	protein ubiquitination	163	43	33.06	0.03225
GO:0006892	post-Golgi vesicle-mediated transport	42	14	8.52	0.03225
GO:0043281	regulation of cysteine-type endopeptidas...	42	14	8.52	0.03225
GO:0019218	regulation of steroid metabolic process	27	10	5.48	0.03264
GO:1902410	mitotic cytokinetic process	27	10	5.48	0.03264
GO:0006396	RNA processing	448	106	90.85	0.03327
GO:0050896	response to stimulus	1764	379	357.74	0.03345
GO:0010256	endomembrane system organization	116	32	23.52	0.03362
GO:0009890	negative regulation of biosynthetic proc...	279	69	56.58	0.03369
GO:0007264	small GTPase mediated signal transductio...	54	17	10.95	0.03377
GO:0016441	posttranscriptional gene silencing	54	17	10.95	0.03377
GO:0045292	mRNA cis splicing, via spliceosome	54	17	10.95	0.03377
GO:0099003	vesicle-mediated transport in synapse	54	17	10.95	0.03377
GO:0051701	interaction with host	58	18	11.76	0.03383
GO:0044843	cell cycle G1/S phase transition	95	27	19.27	0.03410
GO:0008203	cholesterol metabolic process	20	8	4.06	0.03424
GO:0000912	assembly of actomyosin apparatus involve...	10	5	2.03	0.03445
GO:0000915	actomyosin contractile ring assembly	10	5	2.03	0.03445
GO:0006696	ergosterol biosynthetic process	10	5	2.03	0.03445
GO:0007588	excretion	10	5	2.03	0.03445
GO:0008204	ergosterol metabolic process	10	5	2.03	0.03445
GO:0009240	isopentenyl diphosphate biosynthetic pro...	10	5	2.03	0.03445
GO:0030437	ascospore formation	10	5	2.03	0.03445
GO:0044108	cellular alcohol biosynthetic process	10	5	2.03	0.03445
GO:0045912	negative regulation of carbohydrate meta...	10	5	2.03	0.03445
GO:0046490	isopentenyl diphosphate metabolic proces...	10	5	2.03	0.03445
GO:0043068	positive regulation of programmed cell d...	112	31	22.71	0.03461
GO:0051704	multi-organism process	730	166	148.04	0.03473
GO:0009059	macromolecule biosynthetic process	983	219	199.35	0.03476
GO:0001113	transcriptional open complex formation a...	7	4	1.42	0.03481
GO:0001836	release of cytochrome c from mitochondri...	7	4	1.42	0.03481
GO:0006083	acetate metabolic process	7	4	1.42	0.03481
GO:0010603	regulation of cytoplasmic mRNA processin...	7	4	1.42	0.03481
GO:0015693	magnesium ion transport	7	4	1.42	0.03481
GO:0016081	synaptic vesicle docking	7	4	1.42	0.03481
GO:0016322	neuron remodeling	7	4	1.42	0.03481
GO:0033120	positive regulation of RNA splicing	7	4	1.42	0.03481
GO:0033313	meiotic cell cycle checkpoint	7	4	1.42	0.03481
GO:0044785	metaphase/anaphase transition of meiotic...	7	4	1.42	0.03481
GO:0045580	regulation of T cell differentiation	7	4	1.42	0.03481
GO:0045619	regulation of lymphocyte differentiation	7	4	1.42	0.03481
GO:0046634	regulation of alpha-beta T cell activati...	7	4	1.42	0.03481
GO:0046718	viral entry into host cell	7	4	1.42	0.03481
GO:0050667	homocysteine metabolic process	7	4	1.42	0.03481
GO:0051085	chaperone cofactor-dependent protein ref...	7	4	1.42	0.03481
GO:0090175	regulation of establishment of planar po...	7	4	1.42	0.03481
GO:1901993	regulation of meiotic cell cycle phase t...	7	4	1.42	0.03481
GO:1902102	regulation of metaphase/anaphase transit...	7	4	1.42	0.03481
GO:1903749	positive regulation of establishment of ...	7	4	1.42	0.03481
GO:1905132	regulation of meiotic chromosome separat...	7	4	1.42	0.03481
GO:1905710	positive regulation of membrane permeabi...	7	4	1.42	0.03481
GO:2001257	regulation of cation channel activity	7	4	1.42	0.03481
GO:0051236	establishment of RNA localization	91	26	18.45	0.03491
GO:0140014	mitotic nuclear division	177	46	35.9	0.03503
GO:0008299	isoprenoid biosynthetic process	31	11	6.29	0.03518
GO:0032465	regulation of cytokinesis	31	11	6.29	0.03518
GO:0050684	regulation of mRNA processing	31	11	6.29	0.03518
GO:1901135	carbohydrate derivative metabolic proces...	389	93	78.89	0.03522
GO:0043900	regulation of multi-organism process	125	34	25.35	0.03540
GO:0065007	biological regulation	1870	400	379.23	0.03549
GO:0072330	monocarboxylic acid biosynthetic process	108	30	21.9	0.03561
GO:0044092	negative regulation of molecular functio...	151	40	30.62	0.03575
GO:0019693	ribose phosphate metabolic process	204	52	41.37	0.03666
GO:0034248	regulation of cellular amide metabolic p...	147	39	29.81	0.03699
GO:0006508	proteolysis	399	95	80.92	0.03700
GO:0019222	regulation of metabolic process	1178	259	238.9	0.03757
GO:0006606	protein import into nucleus	39	13	7.91	0.03836
GO:0043903	regulation of symbiosis, encompassing mu...	39	13	7.91	0.03836
GO:0006405	RNA export from nucleus	71	21	14.4	0.03850
GO:0072524	pyridine-containing compound metabolic p...	71	21	14.4	0.03850
GO:0051128	regulation of cellular component organiz...	525	122	106.47	0.03856
GO:0006901	vesicle coating	24	9	4.87	0.03865
GO:0007029	endoplasmic reticulum organization	24	9	4.87	0.03865
GO:0032968	positive regulation of transcription elo...	24	9	4.87	0.03865
GO:0050810	regulation of steroid biosynthetic proce...	24	9	4.87	0.03865
GO:0072413	signal transduction involved in mitotic ...	24	9	4.87	0.03865
GO:0090114	COPII-coated vesicle budding	24	9	4.87	0.03865
GO:0072655	establishment of protein localization to...	43	14	8.72	0.03923
GO:2000116	regulation of cysteine-type endopeptidas...	43	14	8.72	0.03923
GO:0048522	positive regulation of cellular process	847	190	171.77	0.03954
GO:0099504	synaptic vesicle cycle	59	18	11.97	0.03982
GO:0034645	cellular macromolecule biosynthetic proc...	967	215	196.11	0.03990
GO:0016075	rRNA catabolic process	17	7	3.45	0.03993
GO:0046824	positive regulation of nucleocytoplasmic...	17	7	3.45	0.03993
GO:0071963	establishment or maintenance of cell pol...	17	7	3.45	0.03993
GO:0090181	regulation of cholesterol metabolic proc...	17	7	3.45	0.03993
GO:2000142	regulation of DNA-templated transcriptio...	17	7	3.45	0.03993
GO:2001233	regulation of apoptotic signaling pathwa...	55	17	11.15	0.04000
GO:0009101	glycoprotein biosynthetic process	88	25	17.85	0.04066
GO:0001569	branching involved in blood vessel morph...	2	2	0.41	0.04108
GO:0006565	L-serine catabolic process	2	2	0.41	0.04108
GO:0006679	glucosylceramide biosynthetic process	2	2	0.41	0.04108
GO:0010207	photosystem II assembly	2	2	0.41	0.04108
GO:0010360	negative regulation of anion channel act...	2	2	0.41	0.04108
GO:0010361	regulation of anion channel activity by ...	2	2	0.41	0.04108
GO:0010362	negative regulation of anion channel act...	2	2	0.41	0.04108
GO:0010960	magnesium ion homeostasis	2	2	0.41	0.04108
GO:0015838	amino-acid betaine transport	2	2	0.41	0.04108
GO:0019348	dolichol metabolic process	2	2	0.41	0.04108
GO:0023058	adaptation of signaling pathway	2	2	0.41	0.04108
GO:0031639	plasminogen activation	2	2	0.41	0.04108
GO:0031919	vitamin B6 transport	2	2	0.41	0.04108
GO:0031921	pyridoxal phosphate transport	2	2	0.41	0.04108
GO:0031939	negative regulation of chromatin silenci...	2	2	0.41	0.04108
GO:0033081	regulation of T cell differentiation in ...	2	2	0.41	0.04108
GO:0033489	cholesterol biosynthetic process via des...	2	2	0.41	0.04108
GO:0033490	cholesterol biosynthetic process via lat...	2	2	0.41	0.04108
GO:0035646	endosome to melanosome transport	2	2	0.41	0.04108
GO:0042069	regulation of catecholamine metabolic pr...	2	2	0.41	0.04108
GO:0042776	mitochondrial ATP synthesis coupled prot...	2	2	0.41	0.04108
GO:0043418	homocysteine catabolic process	2	2	0.41	0.04108
GO:0046476	glycosylceramide biosynthetic process	2	2	0.41	0.04108
GO:0048668	collateral sprouting	2	2	0.41	0.04108
GO:0048670	regulation of collateral sprouting	2	2	0.41	0.04108
GO:0048671	negative regulation of collateral sprout...	2	2	0.41	0.04108
GO:0048829	root cap development	2	2	0.41	0.04108
GO:0050926	regulation of positive chemotaxis	2	2	0.41	0.04108
GO:0060351	cartilage development involved in endoch...	2	2	0.41	0.04108
GO:0061484	hematopoietic stem cell homeostasis	2	2	0.41	0.04108
GO:0071030	nuclear mRNA surveillance of spliceosoma...	2	2	0.41	0.04108
GO:0071049	nuclear retention of pre-mRNA with aberr...	2	2	0.41	0.04108
GO:0071493	cellular response to UV-B	2	2	0.41	0.04108
GO:0072416	signal transduction involved in spindle ...	2	2	0.41	0.04108
GO:0072477	signal transduction involved in mitotic ...	2	2	0.41	0.04108
GO:0072480	signal transduction involved in mitotic ...	2	2	0.41	0.04108
GO:0072486	signal transduction involved in spindle ...	2	2	0.41	0.04108
GO:0072676	lymphocyte migration	2	2	0.41	0.04108
GO:0072678	T cell migration	2	2	0.41	0.04108
GO:0090042	tubulin deacetylation	2	2	0.41	0.04108
GO:0090043	regulation of tubulin deacetylation	2	2	0.41	0.04108
GO:0090200	positive regulation of release of cytoch...	2	2	0.41	0.04108
GO:0090233	negative regulation of spindle checkpoin...	2	2	0.41	0.04108
GO:0090436	leaf pavement cell development	2	2	0.41	0.04108
GO:1900436	positive regulation of filamentous growt...	2	2	0.41	0.04108
GO:1900490	positive regulation of hydroxymethylglut...	2	2	0.41	0.04108
GO:1901096	regulation of autophagosome maturation	2	2	0.41	0.04108
GO:1901098	positive regulation of autophagosome mat...	2	2	0.41	0.04108
GO:1901535	regulation of DNA demethylation	2	2	0.41	0.04108
GO:1901537	positive regulation of DNA demethylation	2	2	0.41	0.04108
GO:1902167	positive regulation of intrinsic apoptot...	2	2	0.41	0.04108
GO:1902413	negative regulation of mitotic cytokines...	2	2	0.41	0.04108
GO:1902426	deactivation of mitotic spindle assembly...	2	2	0.41	0.04108
GO:1903066	regulation of protein localization to ce...	2	2	0.41	0.04108
GO:1903437	negative regulation of mitotic cytokinet...	2	2	0.41	0.04108
GO:1903499	regulation of mitotic actomyosin contrac...	2	2	0.41	0.04108
GO:1990540	mitochondrial manganese ion transmembran...	2	2	0.41	0.04108
GO:2000431	regulation of cytokinesis, actomyosin co...	2	2	0.41	0.04108
GO:2001215	regulation of hydroxymethylglutaryl-CoA ...	2	2	0.41	0.04108
GO:0048367	shoot system development	84	24	17.04	0.04165
GO:0006081	cellular aldehyde metabolic process	28	10	5.68	0.04186
GO:0046822	regulation of nucleocytoplasmic transpor...	28	10	5.68	0.04186
GO:1903900	regulation of viral life cycle	28	10	5.68	0.04186
GO:1904062	regulation of cation transmembrane trans...	28	10	5.68	0.04186
GO:0010468	regulation of gene expression	734	166	148.85	0.04192
GO:0044260	cellular macromolecule metabolic process	1666	358	337.86	0.04230
GO:0045087	innate immune response	153	40	31.03	0.04338
GO:0006733	oxidoreduction coenzyme metabolic proces...	76	22	15.41	0.04352
GO:0010959	regulation of metal ion transport	32	11	6.49	0.04414
GO:0000819	sister chromatid segregation	162	42	32.85	0.04431
GO:0006403	RNA localization	123	33	24.94	0.04528
GO:0061013	regulation of mRNA catabolic process	36	12	7.3	0.04569
GO:1902750	negative regulation of cell cycle G2/M p...	36	12	7.3	0.04569
GO:0022898	regulation of transmembrane transporter ...	21	8	4.26	0.04579
GO:0032409	regulation of transporter activity	21	8	4.26	0.04579
GO:0032412	regulation of ion transmembrane transpor...	21	8	4.26	0.04579
GO:0006368	transcription elongation from RNA polyme...	64	19	12.98	0.04593
GO:0006612	protein targeting to membrane	89	25	18.05	0.04611
GO:0051252	regulation of RNA metabolic process	491	114	99.57	0.04615
GO:0010150	leaf senescence	14	6	2.84	0.04625
GO:0043583	ear development	14	6	2.84	0.04625
GO:0048260	positive regulation of receptor-mediated...	14	6	2.84	0.04625
GO:0052564	response to immune response of other org...	14	6	2.84	0.04625
GO:0052572	response to host immune response	14	6	2.84	0.04625
GO:0060236	regulation of mitotic spindle organizati...	14	6	2.84	0.04625
GO:0090224	regulation of spindle organization	14	6	2.84	0.04625
GO:0090693	plant organ senescence	14	6	2.84	0.04625
GO:1903313	positive regulation of mRNA metabolic pr...	14	6	2.84	0.04625
GO:0002181	cytoplasmic translation	145	38	29.41	0.04656
GO:0071310	cellular response to organic substance	440	103	89.23	0.04672
GO:0010033	response to organic substance	708	160	143.58	0.04699
GO:0048827	phyllome development	56	17	11.36	0.04702
GO:0007623	circadian rhythm	44	14	8.92	0.04722
GO:0048489	synaptic vesicle transport	44	14	8.92	0.04722
GO:0070585	protein localization to mitochondrion	44	14	8.92	0.04722
GO:0097479	synaptic vesicle localization	44	14	8.92	0.04722
GO:0097480	establishment of synaptic vesicle locali...	44	14	8.92	0.04722
GO:0031324	negative regulation of cellular metaboli...	417	98	84.57	0.04725
GO:0019438	aromatic compound biosynthetic process	823	184	166.9	0.04847
GO:0031323	regulation of cellular metabolic process	1030	227	208.88	0.04942
GO:0034654	nucleobase-containing compound biosynthe...	733	165	148.65	0.04971
GO:0032103	positive regulation of response to exter...	25	9	5.07	0.04990
GO:0032786	positive regulation of DNA-templated tra...	25	9	5.07	0.04990
GO:0043244	regulation of protein complex disassembl...	25	9	5.07	0.04990
GO:0045841	negative regulation of mitotic metaphase...	25	9	5.07	0.04990
GO:1902100	negative regulation of metaphase/anaphas...	25	9	5.07	0.04990
GO:1905819	negative regulation of chromosome separa...	25	9	5.07	0.04990
GO:2000816	negative regulation of mitotic sister ch...	25	9	5.07	0.04990
GO:0070925	organelle assembly	271	66	54.96	0.05013
GO:0032101	regulation of response to external stimu...	94	26	19.06	0.05058
GO:0032984	protein-containing complex disassembly	107	29	21.7	0.05162
GO:0060255	regulation of macromolecule metabolic pr...	1012	223	205.23	0.05204
GO:0034243	regulation of transcription elongation f...	29	10	5.88	0.05271
GO:0043488	regulation of mRNA stability	29	10	5.88	0.05271
GO:0071218	cellular response to misfolded protein	29	10	5.88	0.05271
GO:0006407	rRNA export from nucleus	11	5	2.23	0.05286
GO:0042044	fluid transport	11	5	2.23	0.05286
GO:0051029	rRNA transport	11	5	2.23	0.05286
GO:0051205	protein insertion into membrane	11	5	2.23	0.05286
GO:0052166	positive regulation by symbiont of host ...	11	5	2.23	0.05286
GO:0052305	positive regulation by organism of innat...	11	5	2.23	0.05286
GO:0052555	positive regulation by organism of immun...	11	5	2.23	0.05286
GO:0052556	positive regulation by symbiont of host ...	11	5	2.23	0.05286
GO:0061387	regulation of extent of cell growth	11	5	2.23	0.05286
GO:1905330	regulation of morphogenesis of an epithe...	11	5	2.23	0.05286
GO:0006790	sulfur compound metabolic process	164	42	33.26	0.05298
GO:0043065	positive regulation of apoptotic process	103	28	20.89	0.05331
GO:0071824	protein-DNA complex subunit organization	103	28	20.89	0.05331
GO:1901361	organic cyclic compound catabolic proces...	272	66	55.16	0.05368
GO:0050863	regulation of T cell activation	18	7	3.65	0.05427
GO:0097064	ncRNA export from nucleus	18	7	3.65	0.05427
GO:0052548	regulation of endopeptidase activity	57	17	11.56	0.05487
GO:0006464	cellular protein modification process	831	185	168.53	0.05554
GO:0036211	protein modification process	831	185	168.53	0.05554
GO:0010556	regulation of macromolecule biosynthetic...	598	136	121.27	0.05554
GO:0006754	ATP biosynthetic process	53	16	10.75	0.05556
GO:0034765	regulation of ion transmembrane transpor...	37	12	7.5	0.05564
GO:0048518	positive regulation of biological proces...	956	211	193.88	0.05596
GO:0034762	regulation of transmembrane transport	49	15	9.94	0.05605
GO:0051170	import into nucleus	49	15	9.94	0.05605
GO:0006955	immune response	259	63	52.53	0.05608
GO:0072525	pyridine-containing compound biosyntheti...	41	13	8.31	0.05618
GO:0009150	purine ribonucleotide metabolic process	187	47	37.92	0.05655
GO:0002790	peptide secretion	78	22	15.82	0.05660
GO:0044281	small molecule metabolic process	736	165	149.26	0.05671
GO:0010608	posttranscriptional regulation of gene e...	205	51	41.57	0.05695
GO:0040008	regulation of growth	143	37	29	0.05820
GO:0000394	RNA splicing, via endonucleolytic cleava...	8	4	1.62	0.05865
GO:0001731	formation of translation preinitiation c...	8	4	1.62	0.05865
GO:0001732	formation of cytoplasmic translation ini...	8	4	1.62	0.05865
GO:0010893	positive regulation of steroid biosynthe...	8	4	1.62	0.05865
GO:0016109	tetraterpenoid biosynthetic process	8	4	1.62	0.05865
GO:0016117	carotenoid biosynthetic process	8	4	1.62	0.05865
GO:0019048	modulation by virus of host morphology o...	8	4	1.62	0.05865
GO:0030516	regulation of axon extension	8	4	1.62	0.05865
GO:0030835	negative regulation of actin filament de...	8	4	1.62	0.05865
GO:0032410	negative regulation of transporter activ...	8	4	1.62	0.05865
GO:0032801	receptor catabolic process	8	4	1.62	0.05865
GO:0034063	stress granule assembly	8	4	1.62	0.05865
GO:0034475	U4 snRNA 3'-end processing	8	4	1.62	0.05865
GO:0034756	regulation of iron ion transport	8	4	1.62	0.05865
GO:0035088	establishment or maintenance of apical/b...	8	4	1.62	0.05865
GO:0042551	neuron maturation	8	4	1.62	0.05865
GO:0042759	long-chain fatty acid biosynthetic proce...	8	4	1.62	0.05865
GO:0044110	growth involved in symbiotic interaction	8	4	1.62	0.05865
GO:0044116	growth of symbiont involved in interacti...	8	4	1.62	0.05865
GO:0044117	growth of symbiont in host	8	4	1.62	0.05865
GO:0044771	meiotic cell cycle phase transition	8	4	1.62	0.05865
GO:0050918	positive chemotaxis	8	4	1.62	0.05865
GO:0051084	'de novo' posttranslational protein fold...	8	4	1.62	0.05865
GO:0070979	protein K11-linked ubiquitination	8	4	1.62	0.05865
GO:1903541	regulation of exosomal secretion	8	4	1.62	0.05865
GO:1903543	positive regulation of exosomal secretio...	8	4	1.62	0.05865
GO:0009889	regulation of biosynthetic process	675	152	136.89	0.05880
GO:0048232	male gamete generation	152	39	30.83	0.05918
GO:0050794	regulation of cellular process	1547	332	313.73	0.05942
GO:0071426	ribonucleoprotein complex export from nu...	70	20	14.2	0.05956
GO:0043112	receptor metabolic process	22	8	4.46	0.05963
GO:0006110	regulation of glycolytic process	5	3	1.01	0.05995
GO:0007266	Rho protein signal transduction	5	3	1.01	0.05995
GO:0009102	biotin biosynthetic process	5	3	1.01	0.05995
GO:0019081	viral translation	5	3	1.01	0.05995
GO:0030811	regulation of nucleotide catabolic proce...	5	3	1.01	0.05995
GO:0032088	negative regulation of NF-kappaB transcr...	5	3	1.01	0.05995
GO:0032239	regulation of nucleobase-containing comp...	5	3	1.01	0.05995
GO:0032438	melanosome organization	5	3	1.01	0.05995
GO:0034381	plasma lipoprotein particle clearance	5	3	1.01	0.05995
GO:0034383	low-density lipoprotein particle clearan...	5	3	1.01	0.05995
GO:0034498	early endosome to Golgi transport	5	3	1.01	0.05995
GO:0035794	positive regulation of mitochondrial mem...	5	3	1.01	0.05995
GO:0035977	protein deglycosylation involved in glyc...	5	3	1.01	0.05995
GO:0042045	epithelial fluid transport	5	3	1.01	0.05995
GO:0042471	ear morphogenesis	5	3	1.01	0.05995
GO:0045570	regulation of imaginal disc growth	5	3	1.01	0.05995
GO:0045582	positive regulation of T cell differenti...	5	3	1.01	0.05995
GO:0045621	positive regulation of lymphocyte differ...	5	3	1.01	0.05995
GO:0046352	disaccharide catabolic process	5	3	1.01	0.05995
GO:0046596	regulation of viral entry into host cell	5	3	1.01	0.05995
GO:0046598	positive regulation of viral entry into ...	5	3	1.01	0.05995
GO:0046831	regulation of RNA export from nucleus	5	3	1.01	0.05995
GO:0051204	protein insertion into mitochondrial mem...	5	3	1.01	0.05995
GO:0070306	lens fiber cell differentiation	5	3	1.01	0.05995
GO:0070633	transepithelial transport	5	3	1.01	0.05995
GO:0071629	cytoplasm protein quality control by the...	5	3	1.01	0.05995
GO:0072520	seminiferous tubule development	5	3	1.01	0.05995
GO:0090199	regulation of release of cytochrome c fr...	5	3	1.01	0.05995
GO:0097466	ubiquitin-dependent glycoprotein ERAD pa...	5	3	1.01	0.05995
GO:0106120	positive regulation of sterol biosynthet...	5	3	1.01	0.05995
GO:1902107	positive regulation of leukocyte differe...	5	3	1.01	0.05995
GO:1902626	assembly of large subunit precursor of p...	5	3	1.01	0.05995
GO:1902686	mitochondrial outer membrane permeabiliz...	5	3	1.01	0.05995
GO:1903510	mucopolysaccharide metabolic process	5	3	1.01	0.05995
GO:1903772	regulation of viral budding via host ESC...	5	3	1.01	0.05995
GO:0022411	cellular component disassembly	139	36	28.19	0.06037
GO:1901565	organonitrogen compound catabolic proces...	389	91	78.89	0.06077
GO:0018130	heterocycle biosynthetic process	838	186	169.95	0.06083
GO:0048638	regulation of developmental growth	66	19	13.38	0.06098
GO:0032787	monocarboxylic acid metabolic process	197	49	39.95	0.06140
GO:0009145	purine nucleoside triphosphate biosynthe...	62	18	12.57	0.06233
GO:0042981	regulation of apoptotic process	238	58	48.27	0.06309
GO:0000027	ribosomal large subunit assembly	26	9	5.27	0.06312
GO:0043928	exonucleolytic nuclear-transcribed mRNA ...	26	9	5.27	0.06312
GO:0007165	signal transduction	710	159	143.99	0.06336
GO:0031334	positive regulation of protein complex a...	58	17	11.76	0.06360
GO:0006904	vesicle docking involved in exocytosis	15	6	3.04	0.06428
GO:0019682	glyceraldehyde-3-phosphate metabolic pro...	15	6	3.04	0.06428
GO:0034293	sexual sporulation	15	6	3.04	0.06428
GO:0042710	biofilm formation	15	6	3.04	0.06428
GO:0043433	negative regulation of DNA-binding trans...	15	6	3.04	0.06428
GO:0044010	single-species biofilm formation	15	6	3.04	0.06428
GO:0009117	nucleotide metabolic process	252	61	51.11	0.06468
GO:0071704	organic substance metabolic process	2537	529	514.5	0.06508
GO:0009814	defense response, incompatible interacti...	30	10	6.08	0.06528
GO:0048524	positive regulation of viral process	30	10	6.08	0.06528
GO:0045088	regulation of innate immune response	75	21	15.21	0.06595
GO:0051188	cofactor biosynthetic process	180	45	36.5	0.06603
GO:0009259	ribonucleotide metabolic process	198	49	40.15	0.06626
GO:0097659	nucleic acid-templated transcription	484	111	98.15	0.06628
GO:0006515	protein quality control for misfolded or...	34	11	6.9	0.06647
GO:0007006	mitochondrial membrane organization	34	11	6.9	0.06647
GO:0043067	regulation of programmed cell death	257	62	52.12	0.06662
GO:0008360	regulation of cell shape	42	13	8.52	0.06690
GO:0016125	sterol metabolic process	38	12	7.71	0.06695
GO:0032535	regulation of cellular component size	71	20	14.4	0.06781
GO:0071166	ribonucleoprotein complex localization	71	20	14.4	0.06781
GO:0072521	purine-containing compound metabolic pro...	221	54	44.82	0.06833
GO:2001141	regulation of RNA biosynthetic process	424	98	85.99	0.06920
GO:0030162	regulation of proteolysis	172	43	34.88	0.07121
GO:0007059	chromosome segregation	208	51	42.18	0.07122
GO:0006613	cotranslational protein targeting to mem...	63	18	12.78	0.07147
GO:0010941	regulation of cell death	304	72	61.65	0.07166
GO:0050789	regulation of biological process	1716	365	348	0.07336
GO:0006163	purine nucleotide metabolic process	195	48	39.55	0.07414
GO:0032774	RNA biosynthetic process	491	112	99.57	0.07416
GO:0006487	protein N-linked glycosylation	55	16	11.15	0.07488
GO:0031577	spindle checkpoint	23	8	4.66	0.07583
GO:0033559	unsaturated fatty acid metabolic process	23	8	4.66	0.07583
GO:0043248	proteasome assembly	23	8	4.66	0.07583
GO:0071174	mitotic spindle checkpoint	23	8	4.66	0.07583
GO:0006534	cysteine metabolic process	12	5	2.43	0.07596
GO:0010822	positive regulation of mitochondrion org...	12	5	2.43	0.07596
GO:0032922	circadian regulation of gene expression	12	5	2.43	0.07596
GO:0034766	negative regulation of ion transmembrane...	12	5	2.43	0.07596
GO:0046328	regulation of JNK cascade	12	5	2.43	0.07596
GO:0050870	positive regulation of T cell activation	12	5	2.43	0.07596
GO:0061245	establishment or maintenance of bipolar ...	12	5	2.43	0.07596
GO:0071446	cellular response to salicylic acid stim...	12	5	2.43	0.07596
GO:0090151	establishment of protein localization to...	12	5	2.43	0.07596
GO:1903039	positive regulation of leukocyte cell-ce...	12	5	2.43	0.07596
GO:1903747	regulation of establishment of protein l...	12	5	2.43	0.07596
GO:1904591	positive regulation of protein import	12	5	2.43	0.07596
GO:0051222	positive regulation of protein transport	51	15	10.34	0.07642
GO:0007093	mitotic cell cycle checkpoint	72	20	14.6	0.07682
GO:0009306	protein secretion	72	20	14.6	0.07682
GO:0043170	macromolecule metabolic process	1961	414	397.69	0.07723
GO:1903532	positive regulation of secretion by cell	47	14	9.53	0.07778
GO:0016050	vesicle organization	111	29	22.51	0.07798
GO:0007032	endosome organization	27	9	5.48	0.07836
GO:0046661	male sex differentiation	27	9	5.48	0.07836
GO:2000112	regulation of cellular macromolecule bio...	582	131	118.03	0.07871
GO:0006753	nucleoside phosphate metabolic process	255	61	51.71	0.07874
GO:0015672	monovalent inorganic cation transport	68	19	13.79	0.07914
GO:0061024	membrane organization	205	50	41.57	0.07944
GO:0006497	protein lipidation	31	10	6.29	0.07961
GO:0006826	iron ion transport	31	10	6.29	0.07961
GO:0042158	lipoprotein biosynthetic process	31	10	6.29	0.07961
GO:0072395	signal transduction involved in cell cyc...	31	10	6.29	0.07961
GO:0006626	protein targeting to mitochondrion	39	12	7.91	0.07966
GO:0015748	organophosphate ester transport	39	12	7.91	0.07966
GO:0019827	stem cell population maintenance	39	12	7.91	0.07966
GO:0051784	negative regulation of nuclear division	39	12	7.91	0.07966
GO:0016458	gene silencing	160	40	32.45	0.07980
GO:0042157	lipoprotein metabolic process	35	11	7.1	0.07996
GO:0044743	protein transmembrane import into intrac...	35	11	7.1	0.07996
GO:0050792	regulation of viral process	35	11	7.1	0.07996
GO:0010948	negative regulation of cell cycle proces...	129	33	26.16	0.08088
GO:0019362	pyridine nucleotide metabolic process	64	18	12.98	0.08146
GO:0043269	regulation of ion transport	64	18	12.98	0.08146
GO:0046496	nicotinamide nucleotide metabolic proces...	64	18	12.98	0.08146
GO:0006351	transcription, DNA-templated	479	109	97.14	0.08201
GO:0016070	RNA metabolic process	971	212	196.92	0.08231
GO:0048583	regulation of response to stimulus	550	124	111.54	0.08280
GO:0045786	negative regulation of cell cycle	183	45	37.11	0.08308
GO:1903506	regulation of nucleic acid-templated tra...	423	97	85.78	0.08343
GO:0070838	divalent metal ion transport	60	17	12.17	0.08377
GO:0072511	divalent inorganic cation transport	60	17	12.17	0.08377
GO:0006493	protein O-linked glycosylation	16	6	3.24	0.08587
GO:0016079	synaptic vesicle exocytosis	16	6	3.24	0.08587
GO:0030217	T cell differentiation	16	6	3.24	0.08587
GO:0048259	regulation of receptor-mediated endocyto...	16	6	3.24	0.08587
GO:0050770	regulation of axonogenesis	16	6	3.24	0.08587
GO:0051123	RNA polymerase II preinitiation complex ...	16	6	3.24	0.08587
GO:0070651	nonfunctional rRNA decay	16	6	3.24	0.08587
GO:0071236	cellular response to antibiotic	56	16	11.36	0.08603
GO:0044839	cell cycle G2/M phase transition	73	20	14.8	0.08660
GO:0000280	nuclear division	252	60	51.11	0.08703
GO:0012501	programmed cell death	326	76	66.11	0.08769
GO:0051239	regulation of multicellular organismal p...	396	91	80.31	0.08811
GO:0060968	regulation of gene silencing	52	15	10.55	0.08822
GO:0008219	cell death	382	88	77.47	0.08823
GO:0000338	protein deneddylation	9	4	1.83	0.08910
GO:0000749	response to pheromone triggering conjuga...	9	4	1.83	0.08910
GO:0001112	DNA-templated transcriptional open compl...	9	4	1.83	0.08910
GO:0001120	protein-DNA complex remodeling	9	4	1.83	0.08910
GO:0001672	regulation of chromatin assembly or disa...	9	4	1.83	0.08910
GO:0005984	disaccharide metabolic process	9	4	1.83	0.08910
GO:0007114	cell budding	9	4	1.83	0.08910
GO:0009867	jasmonic acid mediated signaling pathway	9	4	1.83	0.08910
GO:0015780	nucleotide-sugar transmembrane transport	9	4	1.83	0.08910
GO:0016180	snRNA processing	9	4	1.83	0.08910
GO:0030834	regulation of actin filament depolymeriz...	9	4	1.83	0.08910
GO:0031623	receptor internalization	9	4	1.83	0.08910
GO:0034472	snRNA 3'-end processing	9	4	1.83	0.08910
GO:0048640	negative regulation of developmental gro...	9	4	1.83	0.08910
GO:0051196	regulation of coenzyme metabolic process	9	4	1.83	0.08910
GO:0051278	fungal-type cell wall polysaccharide bio...	9	4	1.83	0.08910
GO:0070592	cell wall polysaccharide biosynthetic pr...	9	4	1.83	0.08910
GO:0070670	response to interleukin-4	9	4	1.83	0.08910
GO:0071051	polyadenylation-dependent snoRNA 3'-end ...	9	4	1.83	0.08910
GO:0071353	cellular response to interleukin-4	9	4	1.83	0.08910
GO:0110020	regulation of actomyosin structure organ...	9	4	1.83	0.08910
GO:1901880	negative regulation of protein depolymer...	9	4	1.83	0.08910
GO:0070646	protein modification by small protein re...	82	22	16.63	0.09059
GO:0022607	cellular component assembly	810	178	164.27	0.09122
GO:0000028	ribosomal small subunit assembly	20	7	4.06	0.09148
GO:0007040	lysosome organization	20	7	4.06	0.09148
GO:0007159	leukocyte cell-cell adhesion	20	7	4.06	0.09148
GO:0009751	response to salicylic acid	20	7	4.06	0.09148
GO:0017156	calcium ion regulated exocytosis	20	7	4.06	0.09148
GO:0032878	regulation of establishment or maintenan...	20	7	4.06	0.09148
GO:0033572	transferrin transport	20	7	4.06	0.09148
GO:0050777	negative regulation of immune response	20	7	4.06	0.09148
GO:0080171	lytic vacuole organization	20	7	4.06	0.09148
GO:0048366	leaf development	44	13	8.92	0.09217
GO:0065002	intracellular protein transmembrane tran...	44	13	8.92	0.09217
GO:0016197	endosomal transport	104	27	21.09	0.09249
GO:0044089	positive regulation of cellular componen...	104	27	21.09	0.09249
GO:0000082	G1/S transition of mitotic cell cycle	91	24	18.45	0.09368
GO:0098727	maintenance of cell number	40	12	8.11	0.09379
GO:0044764	multi-organism cellular process	78	21	15.82	0.09382
GO:0045785	positive regulation of cell adhesion	24	8	4.87	0.09443
GO:0048519	negative regulation of biological proces...	917	200	185.97	0.09479
GO:0010565	regulation of cellular ketone metabolic ...	36	11	7.3	0.09504
GO:0006614	SRP-dependent cotranslational protein ta...	61	17	12.37	0.09526
GO:0045862	positive regulation of proteolysis	122	31	24.74	0.09533
GO:0010972	negative regulation of G2/M transition o...	28	9	5.68	0.09566
GO:0032784	regulation of DNA-templated transcriptio...	32	10	6.49	0.09574
GO:0033048	negative regulation of mitotic sister ch...	32	10	6.49	0.09574
GO:0043487	regulation of RNA stability	32	10	6.49	0.09574
GO:0051090	regulation of DNA-binding transcription ...	32	10	6.49	0.09574
GO:0051346	negative regulation of hydrolase activit...	32	10	6.49	0.09574
GO:0006915	apoptotic process	286	67	58	0.09655
GO:0019637	organophosphate metabolic process	361	83	73.21	0.09955
GO:0009142	nucleoside triphosphate biosynthetic pro...	70	19	14.2	0.10058
GO:0019216	regulation of lipid metabolic process	83	22	16.83	0.10082
GO:0008202	steroid metabolic process	53	15	10.75	0.10111
GO:0044703	multi-organism reproductive process	338	78	68.55	0.10134
GO:0002088	lens development in camera-type eye	6	3	1.22	0.10216
GO:0006098	pentose-phosphate shunt	6	3	1.22	0.10216
GO:0006388	tRNA splicing, via endonucleolytic cleav...	6	3	1.22	0.10216
GO:0006828	manganese ion transport	6	3	1.22	0.10216
GO:0007446	imaginal disc growth	6	3	1.22	0.10216
GO:0010091	trichome branching	6	3	1.22	0.10216
GO:0016119	carotene metabolic process	6	3	1.22	0.10216
GO:0016120	carotene biosynthetic process	6	3	1.22	0.10216
GO:0019288	isopentenyl diphosphate biosynthetic pro...	6	3	1.22	0.10216
GO:0031938	regulation of chromatin silencing at tel...	6	3	1.22	0.10216
GO:0035167	larval lymph gland hemopoiesis	6	3	1.22	0.10216
GO:0036099	female germ-line stem cell population ma...	6	3	1.22	0.10216
GO:0042819	vitamin B6 biosynthetic process	6	3	1.22	0.10216
GO:0043470	regulation of carbohydrate catabolic pro...	6	3	1.22	0.10216
GO:0043708	cell adhesion involved in biofilm format...	6	3	1.22	0.10216
GO:0043709	cell adhesion involved in single-species...	6	3	1.22	0.10216
GO:0045903	positive regulation of translational fid...	6	3	1.22	0.10216
GO:0046246	terpene biosynthetic process	6	3	1.22	0.10216
GO:0048753	pigment granule organization	6	3	1.22	0.10216
GO:0048821	erythrocyte development	6	3	1.22	0.10216
GO:0050728	negative regulation of inflammatory resp...	6	3	1.22	0.10216
GO:0050891	multicellular organismal water homeostas...	6	3	1.22	0.10216
GO:0051156	glucose 6-phosphate metabolic process	6	3	1.22	0.10216
GO:0060303	regulation of nucleosome density	6	3	1.22	0.10216
GO:0070932	histone H3 deacetylation	6	3	1.22	0.10216
GO:0071044	histone mRNA catabolic process	6	3	1.22	0.10216
GO:0071421	manganese ion transmembrane transport	6	3	1.22	0.10216
GO:1900187	regulation of cell adhesion involved in ...	6	3	1.22	0.10216
GO:1900189	positive regulation of cell adhesion inv...	6	3	1.22	0.10216
GO:1901798	positive regulation of signal transducti...	6	3	1.22	0.10216
GO:1902253	regulation of intrinsic apoptotic signal...	6	3	1.22	0.10216
GO:1902932	positive regulation of alcohol biosynthe...	6	3	1.22	0.10216
GO:1904587	response to glycoprotein	6	3	1.22	0.10216
GO:0001736	establishment of planar polarity	13	5	2.64	0.10360
GO:0006971	hypotonic response	13	5	2.64	0.10360
GO:0007164	establishment of tissue polarity	13	5	2.64	0.10360
GO:0009221	pyrimidine deoxyribonucleotide biosynthe...	13	5	2.64	0.10360
GO:0009311	oligosaccharide metabolic process	13	5	2.64	0.10360
GO:0030104	water homeostasis	13	5	2.64	0.10360
GO:0030837	negative regulation of actin filament po...	13	5	2.64	0.10360
GO:0032435	negative regulation of proteasomal ubiqu...	13	5	2.64	0.10360
GO:0043935	sexual sporulation resulting in formatio...	13	5	2.64	0.10360
GO:0045921	positive regulation of exocytosis	13	5	2.64	0.10360
GO:0048839	inner ear development	13	5	2.64	0.10360
GO:0070126	mitochondrial translational termination	13	5	2.64	0.10360
GO:0006090	pyruvate metabolic process	49	14	9.94	0.10398
GO:0051047	positive regulation of secretion	49	14	9.94	0.10398
GO:0031647	regulation of protein stability	66	18	13.38	0.10410
GO:0000147	actin cortical patch assembly	3	2	0.61	0.10661
GO:0001844	protein insertion into mitochondrial mem...	3	2	0.61	0.10661
GO:0002437	inflammatory response to antigenic stimu...	3	2	0.61	0.10661
GO:0003014	renal system process	3	2	0.61	0.10661
GO:0005991	trehalose metabolic process	3	2	0.61	0.10661
GO:0006058	mannoprotein catabolic process	3	2	0.61	0.10661
GO:0006677	glycosylceramide metabolic process	3	2	0.61	0.10661
GO:0006678	glucosylceramide metabolic process	3	2	0.61	0.10661
GO:0006723	cuticle hydrocarbon biosynthetic process	3	2	0.61	0.10661
GO:0006882	cellular zinc ion homeostasis	3	2	0.61	0.10661
GO:0007105	cytokinesis, site selection	3	2	0.61	0.10661
GO:0007342	fusion of sperm to egg plasma membrane i...	3	2	0.61	0.10661
GO:0007343	egg activation	3	2	0.61	0.10661
GO:0008258	head involution	3	2	0.61	0.10661
GO:0009638	phototropism	3	2	0.61	0.10661
GO:0009692	ethylene metabolic process	3	2	0.61	0.10661
GO:0009693	ethylene biosynthetic process	3	2	0.61	0.10661
GO:0009694	jasmonic acid metabolic process	3	2	0.61	0.10661
GO:0009785	blue light signaling pathway	3	2	0.61	0.10661
GO:0009904	chloroplast accumulation movement	3	2	0.61	0.10661
GO:0010014	meristem initiation	3	2	0.61	0.10661
GO:0010045	response to nickel cation	3	2	0.61	0.10661
GO:0010148	transpiration	3	2	0.61	0.10661
GO:0010359	regulation of anion channel activity	3	2	0.61	0.10661
GO:0010421	hydrogen peroxide-mediated programmed ce...	3	2	0.61	0.10661
GO:0010793	regulation of mRNA export from nucleus	3	2	0.61	0.10661
GO:0010829	negative regulation of glucose transmemb...	3	2	0.61	0.10661
GO:0014047	glutamate secretion	3	2	0.61	0.10661
GO:0014819	regulation of skeletal muscle contractio...	3	2	0.61	0.10661
GO:0015697	quaternary ammonium group transport	3	2	0.61	0.10661
GO:0015961	diadenosine polyphosphate catabolic proc...	3	2	0.61	0.10661
GO:0016093	polyprenol metabolic process	3	2	0.61	0.10661
GO:0019054	modulation by virus of host process	3	2	0.61	0.10661
GO:0019626	short-chain fatty acid catabolic process	3	2	0.61	0.10661
GO:0021517	ventral spinal cord development	3	2	0.61	0.10661
GO:0021522	spinal cord motor neuron differentiation	3	2	0.61	0.10661
GO:0021538	epithalamus development	3	2	0.61	0.10661
GO:0021986	habenula development	3	2	0.61	0.10661
GO:0030213	hyaluronan biosynthetic process	3	2	0.61	0.10661
GO:0030836	positive regulation of actin filament de...	3	2	0.61	0.10661
GO:0031335	regulation of sulfur amino acid metaboli...	3	2	0.61	0.10661
GO:0031536	positive regulation of exit from mitosis	3	2	0.61	0.10661
GO:0031990	mRNA export from nucleus in response to ...	3	2	0.61	0.10661
GO:0032482	Rab protein signal transduction	3	2	0.61	0.10661
GO:0032720	negative regulation of tumor necrosis fa...	3	2	0.61	0.10661
GO:0032802	low-density lipoprotein particle recepto...	3	2	0.61	0.10661
GO:0033353	S-adenosylmethionine cycle	3	2	0.61	0.10661
GO:0034428	nuclear-transcribed mRNA catabolic proce...	3	2	0.61	0.10661
GO:0034758	positive regulation of iron ion transpor...	3	2	0.61	0.10661
GO:0034759	regulation of iron ion transmembrane tra...	3	2	0.61	0.10661
GO:0034761	positive regulation of iron ion transmem...	3	2	0.61	0.10661
GO:0035002	liquid clearance, open tracheal system	3	2	0.61	0.10661
GO:0035616	histone H2B conserved C-terminal lysine ...	3	2	0.61	0.10661
GO:0035767	endothelial cell chemotaxis	3	2	0.61	0.10661
GO:0036353	histone H2A-K119 monoubiquitination	3	2	0.61	0.10661
GO:0039019	pronephric nephron development	3	2	0.61	0.10661
GO:0040016	embryonic cleavage	3	2	0.61	0.10661
GO:0042476	odontogenesis	3	2	0.61	0.10661
GO:0042780	tRNA 3'-end processing	3	2	0.61	0.10661
GO:0042789	mRNA transcription by RNA polymerase II	3	2	0.61	0.10661
GO:0043029	T cell homeostasis	3	2	0.61	0.10661
GO:0043149	stress fiber assembly	3	2	0.61	0.10661
GO:0043449	cellular alkene metabolic process	3	2	0.61	0.10661
GO:0043450	alkene biosynthetic process	3	2	0.61	0.10661
GO:0043461	proton-transporting ATP synthase complex...	3	2	0.61	0.10661
GO:0043485	endosome to pigment granule transport	3	2	0.61	0.10661
GO:0043617	cellular response to sucrose starvation	3	2	0.61	0.10661
GO:0044068	modulation by symbiont of host cellular ...	3	2	0.61	0.10661
GO:0045572	positive regulation of imaginal disc gro...	3	2	0.61	0.10661
GO:0045773	positive regulation of axon extension	3	2	0.61	0.10661
GO:0046325	negative regulation of glucose import	3	2	0.61	0.10661
GO:0046637	regulation of alpha-beta T cell differen...	3	2	0.61	0.10661
GO:0046638	positive regulation of alpha-beta T cell...	3	2	0.61	0.10661
GO:0047484	regulation of response to osmotic stress	3	2	0.61	0.10661
GO:0048142	germarium-derived cystoblast division	3	2	0.61	0.10661
GO:0048168	regulation of neuronal synaptic plastici...	3	2	0.61	0.10661
GO:0048268	clathrin coat assembly	3	2	0.61	0.10661
GO:0048490	anterograde synaptic vesicle transport	3	2	0.61	0.10661
GO:0048508	embryonic meristem development	3	2	0.61	0.10661
GO:0048757	pigment granule maturation	3	2	0.61	0.10661
GO:0048820	hair follicle maturation	3	2	0.61	0.10661
GO:0050779	RNA destabilization	3	2	0.61	0.10661
GO:0051016	barbed-end actin filament capping	3	2	0.61	0.10661
GO:0051127	positive regulation of actin nucleation	3	2	0.61	0.10661
GO:0051643	endoplasmic reticulum localization	3	2	0.61	0.10661
GO:0051686	establishment of ER localization	3	2	0.61	0.10661
GO:0055069	zinc ion homeostasis	3	2	0.61	0.10661
GO:0060071	Wnt signaling pathway, planar cell polar...	3	2	0.61	0.10661
GO:0060349	bone morphogenesis	3	2	0.61	0.10661
GO:0060350	endochondral bone morphogenesis	3	2	0.61	0.10661
GO:0061157	mRNA destabilization	3	2	0.61	0.10661
GO:0061635	regulation of protein complex stability	3	2	0.61	0.10661
GO:0070071	proton-transporting two-sector ATPase co...	3	2	0.61	0.10661
GO:0070791	cleistothecium development	3	2	0.61	0.10661
GO:0070813	hydrogen sulfide metabolic process	3	2	0.61	0.10661
GO:0070814	hydrogen sulfide biosynthetic process	3	2	0.61	0.10661
GO:0070843	misfolded protein transport	3	2	0.61	0.10661
GO:0070922	small RNA loading onto RISC	3	2	0.61	0.10661
GO:0071243	cellular response to arsenic-containing ...	3	2	0.61	0.10661
GO:0071483	cellular response to blue light	3	2	0.61	0.10661
